################################################################################

            Output File for HFS, the Hartree-Fock Stability Program            
                              Author: Evan Curtin                              
             Institution: University of Illinois @ Urbana-Champaign             
                          email: ecurtin2@illinois.edu                          
                       Built on Dec 15 2016, at 15:01:37                       

################################################################################

                Computation Started : Thu Dec 15 15:03:09 2016
                
                Computation Finished: Thu Dec 15 15:03:09 2016
                
                     Total Elapsed Time = 0.781816 seconds.                     

--------------------------------------------------------------------------------

                                     Input                                     

--------------------------------------------------------------------------------

Nk = 10
ndim = 2
rs = 0.200000002980232
mycase = cUHF2cUHF

                             End of Section: Input                             

--------------------------------------------------------------------------------

                                     Output                                     

--------------------------------------------------------------------------------

deltaK = 3.142698329792093
kf = 7.071067706498356
kmax = 14.142142484064420
Nocc = 16
Nvir = 65
Nexc = 80
ground_state_degeneracy = 8
dav_its = 9
num_guess_evecs = 1
Dav_blocksize = 1
Dav_Num_evals = 1
Mv_time = 0.001510265000000
cond_number = 5.024140596198733
Dav_nconv = 1
Davidson Tolerance = 1.00e-06
Dav_maxits = 50
Dav_maxsubsize = 1000
Dav_final_val = 17.649585807681682
Dav_time = 0.281749861000000
full_diag_min = 17.649585807679376
full_diag_time = 0.259771699000000

                             End of Section: Output                             

--------------------------------------------------------------------------------

                                    Vectors                                    

--------------------------------------------------------------------------------

Occ Energies: 16
18.719773995019594
8.192936743631060
8.192936743631060
18.719773995019594
8.192936743631060
-2.488203368970841
-2.488203368970841
8.192936743631062
8.192936743631060
-2.488203368970841
-2.488203368970843
8.192936743631060
18.719773995019594
8.192936743631062
8.192936743631060
18.719773995019594
Vir Energies: 65
198.384387242725722
158.813288927014185
129.002668731473761
109.044169753841658
99.045248862287266
99.045248862287266
109.044169753841658
129.002668731473761
158.813288927014185
158.813288927014185
119.225010185186946
89.361002831708930
69.331376747665900
59.288038418188506
59.288038418188506
69.331376747665900
89.361002831708930
119.225010185186946
129.002668731473761
89.361002831708930
59.298712340683778
38.928892407843939
28.712363248784627
28.712363248784630
38.928892407843939
59.298712340683778
89.361002831708930
109.044169753841658
69.331376747665900
38.928892407843939
38.928892407843939
69.331376747665900
99.045248862287266
59.288038418188506
28.712363248784627
28.712363248784627
59.288038418188506
99.045248862287266
59.288038418188506
28.712363248784627
28.712363248784627
59.288038418188506
109.044169753841658
69.331376747665900
38.928892407843939
38.928892407843939
69.331376747665900
129.002668731473761
89.361002831708930
59.298712340683778
38.928892407843939
28.712363248784627
28.712363248784627
38.928892407843939
59.298712340683778
89.361002831708930
158.813288927014185
119.225010185186946
89.361002831708930
69.331376747665900
59.288038418188506
59.288038418188506
69.331376747665900
89.361002831708930
119.225010185186946
Excitation Energies: 80
20.209118412824346
20.209118412824346
20.209118412824346
20.209118412824346
20.209118412824346
20.209118412824346
20.209118412824346
20.209118412824346
20.519426505153564
20.519426505153564
20.519426505153568
20.519426505153568
20.519426505153568
20.519426505153568
20.519426505153568
20.519426505153568
30.735955664212877
30.735955664212877
30.735955664212881
30.735955664212881
30.735955664212881
30.735955664212881
30.735955664212881
30.735955664212881
31.200566617755467
31.200566617755467
31.200566617755467
31.200566617755467
31.200566617755467
31.200566617755470
31.200566617755470
31.200566617755474
50.611602752646306
50.611602752646306
50.611602752646306
50.611602752646306
50.611602752646306
50.611602752646306
50.611602752646306
50.611602752646306
51.095101674557441
51.095101674557441
51.095101674557448
51.095101674557448
51.095101674557448
51.095101674557448
51.095101674557448
51.095101674557448
61.138440004034834
61.138440004034834
61.138440004034841
61.138440004034841
61.138440004034841
61.138440004034841
61.138440004034841
61.138440004034841
61.776241787159350
61.776241787159350
61.776241787159350
61.776241787159350
61.776241787159350
61.776241787159350
61.776241787159350
61.776241787159350
90.324395758822064
90.324395758822064
90.324395758822064
90.324395758822064
90.852312118656201
90.852312118656201
90.852312118656201
90.852312118656201
100.851233010210592
100.851233010210592
100.851233010210592
100.851233010210592
101.533452231258110
101.533452231258110
101.533452231258110
101.533452231258110
Kgrid: 10
-14.142142484064420
-10.999444154272327
-7.856745824480234
-4.714047494688140
-1.571349164896047
1.571349164896047
4.714047494688140
7.856745824480234
10.999444154272327
14.142142484064420
DavVals: 1
17.649585807681682

                            End of Section: Vectors                            

--------------------------------------------------------------------------------

                                    Matrices                                    

--------------------------------------------------------------------------------

Occupied States: 16 x 2
        3        3
        3        4
        3        5
        3        6
        4        3
        4        4
        4        5
        4        6
        5        3
        5        4
        5        5
        5        6
        6        3
        6        4
        6        5
        6        6
Virtual States: 65 x 2
        0        0
        0        1
        0        2
        0        3
        0        4
        0        5
        0        6
        0        7
        0        8
        1        0
        1        1
        1        2
        1        3
        1        4
        1        5
        1        6
        1        7
        1        8
        2        0
        2        1
        2        2
        2        3
        2        4
        2        5
        2        6
        2        7
        2        8
        3        0
        3        1
        3        2
        3        7
        3        8
        4        0
        4        1
        4        2
        4        7
        4        8
        5        0
        5        1
        5        2
        5        7
        5        8
        6        0
        6        1
        6        2
        6        7
        6        8
        7        0
        7        1
        7        2
        7        3
        7        4
        7        5
        7        6
        7        7
        7        8
        8        0
        8        1
        8        2
        8        3
        8        4
        8        5
        8        6
        8        7
        8        8
Excitations: 80 x 2
        15        24
         3        24
         0        50
         3        53
        12        50
        12        21
        15        53
         0        21
        13        22
        13        51
         2        23
        14        23
        14        52
         1        51
         2        52
         1        22
         7        24
         7        53
        11        24
        11        53
         8        21
         8        50
         4        21
         4        50
         5        51
         9        22
         5        22
         6        52
         9        51
        10        52
         6        23
        10        23
         0        59
         3        62
        12        59
        12        12
         3        15
        15        15
        15        62
         0        12
        13        13
        13        60
         2        14
         1        13
         1        60
         2        61
        14        61
        14        14
         7        15
         7        62
         8        12
         8        59
         4        12
         4        59
        11        15
        11        62
        10        61
        10        14
         6        61
         5        13
         6        14
         9        60
         5        60
         9        13
        12         3
         3         6
        15         6
         0         3
        13         4
         1         4
         2         5
        14         5
        11         6
         4         3
         7         6
         8         3
         6         5
         5         4
         9         4
        10         5

                            End of Section: Matrices                            

################################################################################

                              End of Output File.                              

################################################################################
