################################################################################

            Output File for HFS, the Hartree-Fock Stability Program            
                              Author: Evan Curtin                              
             Institution: University of Illinois @ Urbana-Champaign             
                          email: ecurtin2@illinois.edu                          
                       Built on Nov  2 2016, at 17:06:03                       

################################################################################

                Computation Started : Wed Nov 30 10:50:54 2016
                
                Computation Finished: Wed Nov 30 10:50:55 2016
                
                      Total Elapsed Time = 1.8345 seconds.                      

--------------------------------------------------------------------------------

                                     Input                                     

--------------------------------------------------------------------------------

Nk = 15
ndim = 2
rs = 0.200000002980232
mycase = cRHF2cUHF

                             End of Section: Input                             

--------------------------------------------------------------------------------

                                     Output                                     

--------------------------------------------------------------------------------

deltaK = 2.020306069152060
kf = 7.071067706498356
kmax = 14.142142484064420
Nocc = 37
Nvir = 159
Nexc = 303
ground_state_degeneracy = 8
dav_its = 10
num_guess_evecs = 1
Dav_blocksize = 1
Dav_Num_evals = 1
Mv_time = 0.002793588000000
cond_number = 16.463298907923605
Dav_nconv = 1
Davidson Tolerance = 1.00e-06
Dav_maxits = 50
Dav_maxsubsize = 1000
Dav_final_val = 5.772149064248063
Dav_time = 0.608753204000000
full_diag_min = 5.772149064248038
full_diag_time = 1.219217598000000

                             End of Section: Output                             

--------------------------------------------------------------------------------

                                    Vectors                                    

--------------------------------------------------------------------------------

Occ Energies: 37
16.316615426493275
14.020237591752919
16.316615426493279
11.944888452102106
5.135877289115340
2.886458956469954
5.135877289115347
11.944888452102109
16.316615426493275
5.135877289115340
-1.512456034376704
-3.719154832725962
-1.512456034376698
5.135877289115348
16.316615426493286
14.020237591752919
2.886458956469956
-3.719154832725960
-5.914110716429047
-3.719154832725953
2.886458956469963
14.020237591752927
16.316615426493282
5.135877289115349
-1.512456034376697
-3.719154832725952
-1.512456034376689
5.135877289115357
16.316615426493293
11.944888452102111
5.135877289115351
2.886458956469964
5.135877289115356
11.944888452102116
16.316615426493286
14.020237591752927
16.316615426493293
Vir Energies: 159
198.439422063446699
171.877826021368378
149.337296420263215
130.840302811123195
116.411008870521130
106.081592810333362
99.871797742732227
97.799436465045957
99.871797742732241
106.081592810333376
116.411008870521144
130.840302811123223
149.337296420263272
171.877826021368435
171.877826021368378
145.313728551341256
122.765522044170325
104.255384995509473
89.807676575950950
79.457698200066716
73.230536354382323
71.151277051878665
73.230536354382338
79.457698200066730
89.807676575950964
104.255384995509473
122.765522044170382
145.313728551341313
149.337296420263215
122.765522044170325
100.193542139263343
81.641788363585903
67.133332795061378
56.709759313142278
50.414851341302047
48.308284517705118
50.414851341302054
56.709759313142285
67.133332795061378
81.641788363585917
100.193542139263400
122.765522044170382
130.840302811123195
104.255384995509473
81.641788363585903
63.013689817362000
48.386963549590881
37.790240649889348
31.279092893435386
29.096654912208464
31.279092893435394
37.790240649889355
48.386963549590888
63.013689817362014
81.641788363585960
104.255384995509502
116.411008870521130
89.807676575950950
67.133332795061378
48.386963549590881
33.555594368410382
22.616297389478166
22.616297389478174
33.555594368410397
48.386963549590895
67.133332795061435
89.807676575950993
106.081592810333362
79.457698200066716
56.709759313142278
37.790240649889348
22.616297389478166
22.616297389478174
37.790240649889363
56.709759313142335
79.457698200066758
99.871797742732227
73.230536354382323
50.414851341302047
31.279092893435386
31.279092893435401
50.414851341302104
73.230536354382366
97.799436465045957
71.151277051878665
48.308284517705118
29.096654912208464
29.096654912208475
48.308284517705175
71.151277051878708
99.871797742732241
73.230536354382338
50.414851341302054
31.279092893435394
31.279092893435408
50.414851341302111
73.230536354382380
106.081592810333376
79.457698200066730
56.709759313142285
37.790240649889355
22.616297389478170
22.616297389478177
37.790240649889370
56.709759313142342
79.457698200066773
116.411008870521144
89.807676575950964
67.133332795061378
48.386963549590888
33.555594368410397
22.616297389478174
22.616297389478177
33.555594368410397
48.386963549590902
67.133332795061435
89.807676575951007
130.840302811123223
104.255384995509473
81.641788363585917
63.013689817362014
48.386963549590895
37.790240649889363
31.279092893435401
29.096654912208475
31.279092893435408
37.790240649889370
48.386963549590902
63.013689817362028
81.641788363585974
104.255384995509530
149.337296420263272
122.765522044170382
100.193542139263400
81.641788363585960
67.133332795061435
56.709759313142335
50.414851341302111
48.308284517705175
50.414851341302111
56.709759313142342
67.133332795061435
81.641788363585974
100.193542139263457
122.765522044170439
171.877826021368435
145.313728551341313
122.765522044170382
104.255384995509502
89.807676575950993
79.457698200066758
73.230536354382366
71.151277051878708
73.230536354382380
79.457698200066773
89.807676575951007
104.255384995509530
122.765522044170439
145.313728551341342
Excitation Energies: 303
6.299681962984881
6.299681962984884
6.299681962984884
6.299681962984888
6.299681962984888
6.299681962984891
6.299681962984891
6.299681962984895
8.596059797725246
8.596059797725248
8.596059797725250
8.596059797725252
10.671408937376055
10.671408937376057
10.671408937376061
10.671408937376061
10.671408937376063
10.671408937376064
10.671408937376068
10.671408937376068
14.962477466942101
14.962477466942101
14.962477466942111
14.962477466942115
14.962477466942115
14.962477466942115
14.962477466942126
14.962477466942129
15.076417320455537
15.076417320455546
15.076417320455548
15.076417320455556
17.238978941917100
17.238978941917104
17.238978941917104
17.238978941917107
17.238978941917111
17.238978941917111
17.238978941917114
17.238978941917122
17.480420100362817
17.480420100362817
17.480420100362821
17.480420100362824
17.480420100362824
17.480420100362828
17.480420100362828
17.480420100362835
19.535356776657466
19.535356776657469
19.535356776657469
19.535356776657480
19.729838433008211
19.729838433008211
19.729838433008215
19.729838433008219
25.845352197787236
25.845352197787239
25.845352197787243
25.845352197787246
25.845352197787250
25.845352197787253
25.845352197787257
25.845352197787260
26.143215604320034
26.143215604320037
26.143215604320048
26.143215604320048
26.143215604320048
26.143215604320051
26.143215604320062
26.143215604320062
26.210195955738499
26.210195955738509
26.210195955738513
26.210195955738520
32.070348123097595
32.070348123097602
32.070348123097602
32.070348123097602
32.070348123097610
32.070348123097617
32.070348123097617
32.070348123097617
32.654363360773999
32.654363360773999
32.654363360774006
32.654363360774006
32.654363360774013
32.654363360774013
32.654363360774020
32.654363360774020
32.791548927812080
32.791548927812087
32.791548927812087
32.791548927812094
32.791548927812094
32.791548927812102
32.791548927812102
32.791548927812109
32.815809744934420
32.815809744934427
32.815809744934427
32.815809744934434
34.098235914808761
34.098235914808761
34.098235914808768
34.098235914808775
34.098235914808818
34.098235914808825
34.098235914808832
34.098235914808839
34.288046925952187
34.288046925952202
34.288046925952244
34.288046925952258
34.366725957837957
34.366725957837964
34.366725957837971
34.366725957837978
34.903781693419390
34.903781693419390
34.903781693419404
34.903781693419404
34.998247726161345
34.998247726161345
34.998247726161360
34.998247726161360
35.010765628637515
35.010765628637522
44.764870861040166
44.764870861040166
44.764870861040173
44.764870861040180
44.764870861040222
44.764870861040222
44.764870861040229
44.764870861040237
45.278974052186697
45.278974052186697
45.278974052186705
45.278974052186705
45.278974052186754
45.278974052186761
45.278974052186761
45.278974052186769
45.421825561235153
45.421825561235167
45.421825561235210
45.421825561235224
50.816717368568085
50.816717368568092
50.816717368568092
50.816717368568106
50.816717368568142
50.816717368568149
50.816717368568149
50.816717368568163
51.573882024026929
51.573882024026929
51.573882024026936
51.573882024026936
51.573882024026986
51.573882024026986
51.573882024026993
51.573882024026993
51.927307375678744
51.927307375678744
51.927307375678751
51.927307375678751
51.927307375678801
51.927307375678808
51.927307375678808
51.927307375678815
52.027439350431074
52.027439350431081
52.027439350431131
52.027439350431138
53.113095203308447
53.113095203308461
53.113095203308504
53.113095203308518
53.823300356672320
53.823300356672320
53.823300356672377
53.823300356672377
54.134006174028009
54.134006174028009
54.134006174028066
54.134006174028073
54.222395234134169
54.222395234134225
56.913920927889038
56.913920927889045
56.913920927889052
56.913920927889059
56.913920927889080
56.913920927889087
56.913920927889095
56.913920927889102
57.131039460125734
57.131039460125749
57.131039460125777
57.131039460125791
67.512809747964610
67.512809747964610
67.512809747964610
67.512809747964624
67.512809747964653
67.512809747964653
67.512809747964653
67.512809747964667
68.094659065266967
68.094659065266981
68.094659065266981
68.094659065266995
68.094659065267010
68.094659065267024
68.094659065267024
68.094659065267038
68.264818095408700
68.264818095408714
68.264818095408742
68.264818095408756
73.491061149457664
73.491061149457664
73.491061149457678
73.491061149457678
73.491061149457707
73.491061149457721
73.491061149457721
73.491061149457721
74.321820910951374
74.321820910951374
74.321820910951374
74.321820910951388
74.321820910951402
74.321820910951416
74.321820910951416
74.321820910951431
74.742992388759021
74.742992388759021
74.742992388759035
74.742992388759035
74.742992388759063
74.742992388759063
74.742992388759063
74.742992388759077
74.870431884604614
74.870431884604628
74.870431884604656
74.870431884604670
75.787438984198033
75.787438984198033
75.787438984198076
75.787438984198076
76.571239243596764
76.571239243596764
76.571239243596807
76.571239243596807
76.949691187108286
76.949691187108286
76.949691187108328
76.949691187108328
77.065387768307716
77.065387768307758
83.555182316238941
83.555182316238955
83.555182316238955
83.555182316238955
83.779198873293026
83.779198873293041
94.136704358231256
94.136704358231256
94.136704358231256
94.136704358231270
94.735920453616870
94.735920453616885
94.735920453616885
94.735920453616899
94.912977508575992
94.912977508576006
100.094393444027844
100.094393444027844
100.094393444027858
100.094393444027858
100.945715521218006
100.945715521218020
100.945715521218020
100.945715521218034
101.384253777108924
101.384253777108924
101.384253777108938
101.384253777108938
101.518591297771906
101.518591297771920
102.390771278768213
102.390771278768213
103.195133853863410
103.195133853863410
103.590952575458189
103.590952575458189
103.713547181475008
Kgrid: 15
-14.142142484064420
-12.121836414912361
-10.101530345760299
-8.081224276608239
-6.060918207456179
-4.040612138304120
-2.020306069152058
0.000000000000002
2.020306069152062
4.040612138304121
6.060918207456181
8.081224276608241
10.101530345760304
12.121836414912364
14.142142484064420
DavVals: 1
5.772149064248063

                            End of Section: Vectors                            

--------------------------------------------------------------------------------

                                    Matrices                                    

--------------------------------------------------------------------------------

Occupied States: 37 x 2
         4         6
         4         7
         4         8
         5         5
         5         6
         5         7
         5         8
         5         9
         6         4
         6         5
         6         6
         6         7
         6         8
         6         9
         6        10
         7         4
         7         5
         7         6
         7         7
         7         8
         7         9
         7        10
         8         4
         8         5
         8         6
         8         7
         8         8
         8         9
         8        10
         9         5
         9         6
         9         7
         9         8
         9         9
        10         6
        10         7
        10         8
Virtual States: 159 x 2
         0         0
         0         1
         0         2
         0         3
         0         4
         0         5
         0         6
         0         7
         0         8
         0         9
         0        10
         0        11
         0        12
         0        13
         1         0
         1         1
         1         2
         1         3
         1         4
         1         5
         1         6
         1         7
         1         8
         1         9
         1        10
         1        11
         1        12
         1        13
         2         0
         2         1
         2         2
         2         3
         2         4
         2         5
         2         6
         2         7
         2         8
         2         9
         2        10
         2        11
         2        12
         2        13
         3         0
         3         1
         3         2
         3         3
         3         4
         3         5
         3         6
         3         7
         3         8
         3         9
         3        10
         3        11
         3        12
         3        13
         4         0
         4         1
         4         2
         4         3
         4         4
         4         5
         4         9
         4        10
         4        11
         4        12
         4        13
         5         0
         5         1
         5         2
         5         3
         5         4
         5        10
         5        11
         5        12
         5        13
         6         0
         6         1
         6         2
         6         3
         6        11
         6        12
         6        13
         7         0
         7         1
         7         2
         7         3
         7        11
         7        12
         7        13
         8         0
         8         1
         8         2
         8         3
         8        11
         8        12
         8        13
         9         0
         9         1
         9         2
         9         3
         9         4
         9        10
         9        11
         9        12
         9        13
        10         0
        10         1
        10         2
        10         3
        10         4
        10         5
        10         9
        10        10
        10        11
        10        12
        10        13
        11         0
        11         1
        11         2
        11         3
        11         4
        11         5
        11         6
        11         7
        11         8
        11         9
        11        10
        11        11
        11        12
        11        13
        12         0
        12         1
        12         2
        12         3
        12         4
        12         5
        12         6
        12         7
        12         8
        12         9
        12        10
        12        11
        12        12
        12        13
        13         0
        13         1
        13         2
        13         3
        13         4
        13         5
        13         6
        13         7
        13         8
        13         9
        13        10
        13        11
        13        12
        13        13
Excitations: 303 x 2
           28           72
           22           71
           28          102
           22          101
           14           72
            8           71
           14          102
            8          101
           21           72
           15           71
           21          102
           15          101
           29           61
           33           62
            3           61
           33          112
           29          111
            7           62
            7          112
            3          111
           36           50
           34           48
            0           48
           36          125
           34          123
            2           50
            0          123
            2          125
           35           49
            1           49
           35          124
            1          124
           22           60
           28          113
           28           63
            8           60
           14           63
           14          113
           22          110
            8          110
           23           61
           27           62
           27          112
           13           62
           23          111
           13          112
            9           61
            9          111
           15           60
           21          113
           21           63
           15          110
           20           62
           16           61
           20          112
           16          111
           29           47
           33           51
            3           47
            7           51
           29          122
           33          126
            3          122
            7          126
           30           48
           32           50
            4           48
            6           50
           30          123
           32          125
            6          125
            4          123
           31           49
            5           49
           31          124
            5          124
           28           52
            8           46
           14           52
           22           46
           28          127
            8          121
           22          121
           14          127
           27           51
           23           47
            9           47
           13           51
           27          126
           23          122
            9          122
           13          126
           26           50
           10           48
           24           48
           12           50
           26          125
           10          123
           24          123
           12          125
           25           49
           11           49
           25          124
           11          124
           34           34
           36           36
            0           34
            2           36
           36          139
           34          137
            2          139
            0          137
           35           35
            1           35
           35          138
            1          138
           21           52
           15           46
           21          127
           15          121
           20           51
           16           47
           16          122
           20          126
           19           50
           17           48
           19          125
           17          123
           18           49
           18          124
           29           33
           33           37
            3           33
            7           37
           33          140
           29          136
            3          136
            7          140
           32           36
           30           34
            6           36
            4           34
           32          139
            6          139
           30          137
            4          137
           31           35
            5           35
           31          138
            5          138
           28           38
           14           38
           22           32
            8           32
           28          141
           22          135
           14          141
            8          135
           23           33
           27           37
           13           37
            9           33
           23          136
           27          140
            9          136
           13          140
           26           36
           24           34
           12           36
           10           34
           26          139
           24          137
           12          139
           10          137
           25           35
           11           35
           25          138
           11          138
           21           38
           15           32
           21          141
           15          135
           16           33
           20           37
           20          140
           16          136
           19           36
           17           34
           19          139
           17          137
           18           35
           18          138
           34           20
           36           22
            0           20
            2           22
           34          151
           36          153
            0          151
            2          153
           35           21
            1           21
           35          152
            1          152
           29           19
            3           19
           33           23
            7           23
           29          150
            3          150
           33          154
            7          154
           30           20
           32           22
            4           20
            6           22
           30          151
            4          151
           32          153
            6          153
           31           21
            5           21
           31          152
            5          152
           22           18
           28           24
            8           18
           14           24
           22          149
           28          155
           14          155
            8          149
           27           23
           23           19
            9           19
           13           23
           23          150
           27          154
            9          150
           13          154
           24           20
           26           22
           10           20
           12           22
           24          151
           10          151
           26          153
           12          153
           25           21
           11           21
           25          152
           11          152
           15           18
           21           24
           21          155
           15          149
           20           23
           16           19
           16          150
           20          154
           19           22
           17           20
           19          153
           17          151
           18           21
           18          152
           34            6
            0            6
           36            8
            2            8
           35            7
            1            7
           33            9
            3            5
           29            5
            7            9
           30            6
           32            8
            4            6
            6            8
           31            7
            5            7
           22            4
           28           10
           14           10
            8            4
           23            5
           27            9
            9            5
           13            9
           24            6
           26            8
           12            8
           10            6
           25            7
           11            7
           21           10
           15            4
           20            9
           16            5
           19            8
           17            6
           18            7

                            End of Section: Matrices                            

################################################################################

                              End of Output File.                              

################################################################################
