################################################################################

            Output File for HFS, the Hartree-Fock Stability Program            
                              Author: Evan Curtin                              
             Institution: University of Illinois @ Urbana-Champaign             
                          email: ecurtin2@illinois.edu                          
                       Built on Nov  2 2016, at 17:06:03                       

################################################################################

                Computation Started : Thu Nov  3 11:34:36 2016
                
                Computation Finished: Thu Nov  3 11:35:50 2016
                
                     Total Elapsed Time = 74.0167 seconds.                     

--------------------------------------------------------------------------------

                                     Input                                     

--------------------------------------------------------------------------------

Nk = 23
ndim = 2
rs = 1.200000047683716
mycase = cRHF2cUHF

                             End of Section: Input                             

--------------------------------------------------------------------------------

                                     Output                                     

--------------------------------------------------------------------------------

deltaK = 0.214274880800614
kf = 1.178511255147749
kmax = 2.357023688806754
Nocc = 97
Nvir = 387
Nexc = 1219
ground_state_degeneracy = 8
dav_its = 9
num_guess_evecs = 1
Dav_blocksize = 1
Dav_Num_evals = 1
Mv_time = 0.027888062000000
cond_number = 23.383358322229821
Dav_nconv = 1
Davidson Tolerance = 1.00e-06
Dav_maxits = 50
Dav_maxsubsize = 1000
Dav_final_val = -0.060294651605367
Dav_time = 4.287522311000000
full_diag_min = -0.060294651605371
full_diag_time = 69.693500842000006

                             End of Section: Output                             

--------------------------------------------------------------------------------

                                    Vectors                                    

--------------------------------------------------------------------------------

Occ Energies: 97
-0.022958797921699
-0.137601594299664
-0.172636762117399
-0.137601594299664
-0.022958797921699
-0.158126937950604
-0.356268712048672
-0.466610304197609
-0.501859123114441
-0.466610304197609
-0.356268712048672
-0.158126937950604
-0.158126937950604
-0.422981757767501
-0.602463611972888
-0.706571763324242
-0.740709449678732
-0.706571763324242
-0.602463611972888
-0.422981757767501
-0.158126937950604
-0.022958797921699
-0.356268712048672
-0.602463611972888
-0.772804311432664
-0.873174444058491
-0.906340868304955
-0.873174444058491
-0.772804311432664
-0.602463611972888
-0.356268712048671
-0.022958797921699
-0.137601594299665
-0.466610304197609
-0.706571763324242
-0.873174444058491
-0.971663579531244
-1.004275243807335
-0.971663579531244
-0.873174444058491
-0.706571763324242
-0.466610304197609
-0.137601594299665
-0.172636762117399
-0.501859123114441
-0.740709449678732
-0.906340868304955
-1.004275243807335
-1.036713371182359
-1.004275243807335
-0.906340868304955
-0.740709449678732
-0.501859123114441
-0.172636762117399
-0.137601594299664
-0.466610304197609
-0.706571763324241
-0.873174444058490
-0.971663579531244
-1.004275243807335
-0.971663579531244
-0.873174444058490
-0.706571763324241
-0.466610304197609
-0.137601594299665
-0.022958797921699
-0.356268712048672
-0.602463611972888
-0.772804311432664
-0.873174444058491
-0.906340868304955
-0.873174444058490
-0.772804311432663
-0.602463611972888
-0.356268712048671
-0.022958797921699
-0.158126937950604
-0.422981757767501
-0.602463611972888
-0.706571763324241
-0.740709449678732
-0.706571763324241
-0.602463611972888
-0.422981757767501
-0.158126937950604
-0.158126937950604
-0.356268712048672
-0.466610304197609
-0.501859123114441
-0.466610304197609
-0.356268712048671
-0.158126937950604
-0.022958797921699
-0.137601594299664
-0.172636762117399
-0.137601594299664
-0.022958797921699
Vir Energies: 387
5.291461700943235
4.807344936281778
4.365136489202517
3.964961584154876
3.607795515412820
3.294663048451152
3.026670015471129
2.805659162373185
2.632451631582954
2.507915650745149
2.432830483821506
2.407737569977576
2.432830483821506
2.507915650745149
2.632451631582954
2.805659162373185
3.026670015471129
3.294663048451152
3.607795515412821
3.964961584154876
4.365136489202518
4.807344936281777
4.807344936281778
4.323159350905921
3.880742411837244
3.480213979132581
3.122544106537333
2.808758234931298
2.539976721514810
2.318114737778431
2.144066833543600
2.018809126010114
1.943235453726644
1.917970031718120
1.943235453726644
2.018809126010114
2.144066833543600
2.318114737778431
2.539976721514810
2.808758234931298
3.122544106537334
3.480213979132581
3.880742411837245
4.323159350905920
4.365136489202517
3.880742411837244
3.437692673138197
3.036087195891687
2.676872630186244
2.361064802117397
2.089812014997359
1.865232713075271
1.688448587941634
1.560807517668971
1.483614233571628
1.457777907235446
1.483614233571628
1.560807517668971
1.688448587941634
1.865232713075271
2.089812014997359
2.361064802117397
2.676872630186244
3.036087195891687
3.437692673138198
3.880742411837242
3.964961584154877
3.480213979132581
3.036087195891687
2.632634638603948
2.270737445062164
1.951353703491334
1.675615697544472
1.445904516055735
1.263706983308542
1.131193118966031
1.050687158287340
1.023699894505975
1.050687158287340
1.131193118966031
1.263706983308542
1.445904516055735
1.675615697544472
1.951353703491334
2.270737445062164
2.632634638603948
3.036087195891688
3.480213979132579
3.607795515412820
3.122544106537333
2.676872630186244
2.270737445062164
1.904866021248595
1.580036794716927
1.297248254106805
1.058911187158494
0.866697922588281
0.724473728816664
0.637598738091861
0.608544635910615
0.637598738091861
0.724473728816664
0.866697922588281
1.058911187158494
1.297248254106804
1.580036794716927
1.904866021248595
2.270737445062164
2.676872630186244
3.122544106537332
3.294663048451152
2.808758234931299
2.361064802117397
1.951353703491334
1.580036794716927
1.247526293864724
0.954304330826970
0.702025023070960
0.490377844830499
0.323794415466762
0.224540734177851
0.192323586235389
0.224540734177852
0.323794415466761
0.490377844830499
0.702025023070960
0.954304330826970
1.247526293864724
1.580036794716928
1.951353703491334
2.361064802117398
2.808758234931297
3.026670015471129
2.539976721514810
2.089812014997359
1.675615697544472
1.297248254106805
0.954304330826970
0.646039897453739
0.371530206136937
0.124344719977414
0.124344719977414
0.371530206136937
0.646039897453739
0.954304330826970
1.297248254106805
1.675615697544472
2.089812014997360
2.539976721514809
2.805659162373185
2.318114737778431
1.865232713075271
1.445904516055735
1.058911187158494
0.702025023070960
0.371530206136937
0.061793217350900
0.061793217350900
0.371530206136937
0.702025023070960
1.058911187158494
1.445904516055735
1.865232713075272
2.318114737778430
2.632451631582954
2.144066833543600
1.688448587941634
1.263706983308542
0.866697922588281
0.490377844830499
0.124344719977414
0.124344719977413
0.490377844830499
0.866697922588281
1.263706983308542
1.688448587941635
2.144066833543598
2.507915650745149
2.018809126010115
1.560807517668971
1.131193118966031
0.724473728816664
0.323794415466762
0.323794415466761
0.724473728816664
1.131193118966031
1.560807517668972
2.018809126010114
2.432830483821506
1.943235453726644
1.483614233571628
1.050687158287340
0.637598738091861
0.224540734177852
0.224540734177851
0.637598738091861
1.050687158287340
1.483614233571629
1.943235453726643
2.407737569977576
1.917970031718120
1.457777907235446
1.023699894505975
0.608544635910615
0.192323586235388
0.192323586235389
0.608544635910615
1.023699894505975
1.457777907235447
1.917970031718119
2.432830483821506
1.943235453726644
1.483614233571628
1.050687158287340
0.637598738091861
0.224540734177851
0.224540734177851
0.637598738091861
1.050687158287340
1.483614233571629
1.943235453726643
2.507915650745149
2.018809126010114
1.560807517668971
1.131193118966031
0.724473728816664
0.323794415466761
0.323794415466761
0.724473728816664
1.131193118966031
1.560807517668972
2.018809126010113
2.632451631582954
2.144066833543600
1.688448587941634
1.263706983308542
0.866697922588281
0.490377844830499
0.124344719977413
0.124344719977413
0.490377844830499
0.866697922588281
1.263706983308542
1.688448587941635
2.144066833543598
2.805659162373185
2.318114737778431
1.865232713075271
1.445904516055735
1.058911187158494
0.702025023070960
0.371530206136937
0.061793217350900
0.061793217350900
0.371530206136937
0.702025023070960
1.058911187158494
1.445904516055735
1.865232713075272
2.318114737778430
3.026670015471129
2.539976721514810
2.089812014997359
1.675615697544472
1.297248254106804
0.954304330826970
0.646039897453739
0.371530206136937
0.124344719977413
0.124344719977413
0.371530206136937
0.646039897453739
0.954304330826970
1.297248254106805
1.675615697544472
2.089812014997360
2.539976721514809
3.294663048451152
2.808758234931298
2.361064802117397
1.951353703491334
1.580036794716927
1.247526293864724
0.954304330826970
0.702025023070960
0.490377844830499
0.323794415466761
0.224540734177852
0.192323586235389
0.224540734177852
0.323794415466761
0.490377844830499
0.702025023070960
0.954304330826970
1.247526293864724
1.580036794716927
1.951353703491334
2.361064802117398
2.808758234931297
3.607795515412821
3.122544106537334
2.676872630186244
2.270737445062164
1.904866021248595
1.580036794716927
1.297248254106805
1.058911187158494
0.866697922588281
0.724473728816664
0.637598738091861
0.608544635910615
0.637598738091861
0.724473728816665
0.866697922588281
1.058911187158494
1.297248254106805
1.580036794716927
1.904866021248595
2.270737445062164
2.676872630186244
3.122544106537332
3.964961584154876
3.480213979132581
3.036087195891687
2.632634638603948
2.270737445062164
1.951353703491334
1.675615697544472
1.445904516055735
1.263706983308542
1.131193118966031
1.050687158287340
1.023699894505975
1.050687158287340
1.131193118966031
1.263706983308542
1.445904516055735
1.675615697544472
1.951353703491334
2.270737445062164
2.632634638603948
3.036087195891688
3.480213979132579
4.365136489202518
3.880742411837245
3.437692673138198
3.036087195891688
2.676872630186244
2.361064802117398
2.089812014997360
1.865232713075272
1.688448587941635
1.560807517668972
1.483614233571629
1.457777907235447
1.483614233571629
1.560807517668972
1.688448587941635
1.865232713075272
2.089812014997360
2.361064802117398
2.676872630186244
3.036087195891688
3.437692673138199
3.880742411837243
4.807344936281777
4.323159350905920
3.880742411837242
3.480213979132579
3.122544106537332
2.808758234931297
2.539976721514809
2.318114737778430
2.144066833543598
2.018809126010113
1.943235453726643
1.917970031718119
1.943235453726643
2.018809126010113
2.144066833543598
2.318114737778430
2.539976721514809
2.808758234931297
3.122544106537332
3.480213979132579
3.880742411837243
4.323159350905918
Excitation Energies: 1219
0.147303517899112
0.147303517899112
0.147303517899112
0.147303517899112
0.147303517899112
0.147303517899112
0.147303517899112
0.147303517899112
0.219920155301504
0.219920155301504
0.219920155301504
0.219920155301504
0.219920155301504
0.219920155301504
0.219920155301504
0.219920155301504
0.261946314277078
0.261946314277078
0.261946314277078
0.261946314277078
0.261946314277078
0.261946314277078
0.261946314277078
0.261946314277078
0.282471657928017
0.282471657928017
0.282471657928018
0.282471657928018
0.282471657928018
0.282471657928018
0.282471657928018
0.282471657928018
0.296981482094812
0.296981482094813
0.296981482094813
0.296981482094813
0.346753213388460
0.346753213388460
0.346753213388460
0.346753213388460
0.346753213388460
0.346753213388460
0.346753213388460
0.346753213388460
0.362142328477516
0.362142328477516
0.362142328477516
0.362142328477516
0.362142328477516
0.362142328477516
0.362142328477516
0.362142328477516
0.364960348352788
0.364960348352788
0.364960348352788
0.364960348352788
0.394489004058636
0.394489004058636
0.394489004058636
0.394489004058636
0.394489004058636
0.394489004058636
0.394489004058636
0.394489004058636
0.418061929399571
0.418061929399571
0.418061929399572
0.418061929399572
0.418061929399572
0.418061929399572
0.418061929399572
0.418061929399572
0.509131800436601
0.509131800436601
0.509131800436602
0.509131800436602
0.509131800436602
0.509131800436602
0.509131800436602
0.509131800436602
0.528403521548509
0.528403521548509
0.528403521548509
0.528403521548509
0.528403521548509
0.528403521548509
0.528403521548510
0.528403521548510
0.529657144087541
0.529657144087541
0.529657144087541
0.529657144087541
0.529657144087541
0.529657144087541
0.529657144087541
0.529657144087541
0.544166968254336
0.544166968254336
0.544166968254336
0.544166968254337
0.547326477744914
0.547326477744914
0.547326477744914
0.547326477744915
0.547326477744915
0.547326477744915
0.547326477744915
0.547326477744915
0.563652340465341
0.563652340465341
0.563652340465341
0.563652340465341
0.648504782781103
0.648504782781103
0.648504782781103
0.648504782781103
0.648504782781103
0.648504782781103
0.648504782781104
0.648504782781104
0.668998695375437
0.668998695375437
0.668998695375437
0.668998695375437
0.668998695375437
0.668998695375437
0.668998695375438
0.668998695375438
0.680063127515433
0.680063127515433
0.680063127515433
0.680063127515433
0.680063127515433
0.680063127515433
0.680063127515433
0.680063127515433
0.691151038375460
0.691151038375461
0.691151038375461
0.691151038375461
0.691151038375461
0.691151038375461
0.691151038375461
0.691151038375461
0.694182709349829
0.694182709349829
0.694182709349830
0.694182709349830
0.726808331950301
0.726808331950301
0.726808331950302
0.726808331950302
0.726808331950302
0.726808331950302
0.726808331950302
0.726808331950302
0.727798918185608
0.727798918185608
0.727798918185609
0.727798918185609
0.727798918185609
0.727798918185609
0.727798918185609
0.727798918185609
0.747432526738362
0.747432526738362
0.747432526738363
0.747432526738363
0.747432526738363
0.747432526738363
0.747432526738363
0.747432526738363
0.775200332391525
0.775200332391525
0.775200332391525
0.775200332391525
0.775200332391525
0.775200332391526
0.775200332391526
0.775200332391526
0.781181398028014
0.781181398028014
0.781181398028014
0.781181398028014
0.783641491753403
0.783641491753403
0.783641491753403
0.783641491753403
0.783641491753403
0.783641491753403
0.783641491753403
0.783641491753403
0.818676659571138
0.818676659571138
0.818676659571138
0.818676659571138
0.830916483301655
0.830916483301655
0.830916483301655
0.830916483301655
0.830916483301655
0.830916483301655
0.830916483301655
0.830916483301655
0.838140510334546
0.838140510334546
0.838140510334546
0.838140510334546
0.838140510334546
0.838140510334546
0.838140510334546
0.838140510334547
0.860151961021564
0.860151961021564
0.860151961021564
0.860151961021564
0.860151961021564
0.860151961021564
0.860151961021564
0.860151961021564
0.865054169656146
0.865054169656146
0.865054169656146
0.865054169656146
0.873389329251378
0.873389329251378
0.873389329251378
0.873389329251378
0.913359602598000
0.913359602598000
0.913359602598000
0.913359602598000
0.913359602598000
0.913359602598000
0.913359602598000
0.913359602598001
0.926258027439649
0.926258027439649
0.926258027439649
0.926258027439649
0.926258027439649
0.926258027439650
0.926258027439650
0.926258027439650
0.931112497502093
0.931112497502093
0.931112497502093
0.931112497502093
0.931112497502093
0.931112497502093
0.931112497502093
0.931112497502093
0.933033035914121
0.933033035914121
0.933033035914121
0.933033035914121
0.977263128748668
0.977263128748668
0.977263128748668
0.977263128748668
0.977263128748668
0.977263128748668
0.977263128748668
0.977263128748669
1.024824860538885
1.024824860538885
1.024824860538885
1.024824860538885
1.024824860538885
1.024824860538885
1.024824860538886
1.024824860538886
1.058293735119632
1.058293735119632
1.058293735119632
1.058293735119632
1.058293735119632
1.058293735119632
1.058293735119632
1.058293735119632
1.080742440865335
1.080742440865335
1.080742440865335
1.080742440865336
1.080742440865336
1.080742440865336
1.080742440865336
1.080742440865337
1.091905925126634
1.091905925126634
1.091905925126634
1.091905925126634
1.091905925126634
1.091905925126634
1.091905925126634
1.091905925126635
1.092841456803387
1.092841456803387
1.092841456803387
1.092841456803387
1.092841456803388
1.092841456803388
1.092841456803388
1.092841456803388
1.096598726899425
1.096598726899425
1.096598726899425
1.096598726899425
1.096598726899425
1.096598726899425
1.096598726899425
1.096598726899425
1.097715178236342
1.097715178236342
1.097715178236342
1.097715178236342
1.097715178236342
1.097715178236342
1.097715178236342
1.097715178236342
1.098664454540343
1.098664454540343
1.098664454540344
1.098664454540344
1.104209042289470
1.104209042289470
1.104209042289470
1.104209042289470
1.104209042289470
1.104209042289470
1.104209042289471
1.104209042289471
1.110403759025055
1.110403759025056
1.110403759025056
1.110403759025056
1.126941092944369
1.126941092944369
1.126941092944369
1.126941092944369
1.154151916887730
1.154151916887730
1.154151916887730
1.154151916887730
1.154151916887730
1.154151916887730
1.154151916887730
1.154151916887730
1.168635327268569
1.168635327268569
1.168635327268569
1.168635327268569
1.168635327268569
1.168635327268569
1.168635327268570
1.168635327268570
1.188288752587004
1.188288752587004
1.188288752587004
1.188288752587004
1.188288752587004
1.188288752587004
1.188288752587004
1.188288752587004
1.196204313709095
1.196204313709095
1.196204313709095
1.196204313709095
1.196204313709095
1.196204313709095
1.196204313709095
1.196204313709095
1.196336656623374
1.196336656623374
1.196336656623374
1.196336656623374
1.196598830042724
1.196598830042724
1.196598830042724
1.196598830042724
1.196949608154740
1.196949608154741
1.196949608154741
1.196949608154741
1.196949608154741
1.196949608154741
1.196949608154741
1.196949608154741
1.196968859525252
1.196968859525252
1.196968859525252
1.196968859525252
1.196968859525252
1.196968859525252
1.196968859525252
1.196968859525252
1.203884146185401
1.203884146185401
1.203884146185401
1.203884146185401
1.217038125109098
1.217038125109098
1.217038125109098
1.217038125109098
1.217038125109098
1.217038125109098
1.217038125109098
1.217038125109098
1.228815977985187
1.228815977985187
1.228815977985187
1.228815977985187
1.229036957417748
1.229036957417748
1.230135283771716
1.230135283771716
1.230135283771716
1.230135283771717
1.231087294509231
1.231087294509231
1.231087294509232
1.231087294509232
1.289679680355782
1.289679680355782
1.289679680355782
1.289679680355782
1.289679680355782
1.289679680355782
1.289679680355782
1.289679680355783
1.320207052028503
1.320207052028503
1.320207052028503
1.320207052028503
1.320207052028504
1.320207052028504
1.320207052028504
1.320207052028504
1.326937340789552
1.326937340789552
1.326937340789552
1.326937340789552
1.326937340789552
1.326937340789552
1.326937340789553
1.326937340789553
1.344170501416102
1.344170501416102
1.344170501416102
1.344170501416102
1.344170501416103
1.344170501416103
1.344170501416103
1.344170501416103
1.349254085589347
1.349254085589347
1.349254085589347
1.349254085589348
1.415179899207165
1.415179899207165
1.415179899207166
1.415179899207166
1.415179899207166
1.415179899207166
1.415179899207166
1.415179899207166
1.421833921259146
1.421833921259146
1.421833921259146
1.421833921259146
1.421833921259146
1.421833921259146
1.421833921259147
1.421833921259147
1.434849848406469
1.434849848406469
1.434849848406469
1.434849848406469
1.434849848406469
1.434849848406469
1.434849848406470
1.434849848406470
1.469161534561169
1.469161534561169
1.469161534561169
1.469161534561169
1.469161534561169
1.469161534561169
1.469161534561169
1.469161534561170
1.469885016224204
1.469885016224204
1.469885016224204
1.469885016224204
1.487461831014703
1.487461831014703
1.487461831014703
1.487461831014703
1.487461831014703
1.487461831014703
1.487461831014703
1.487461831014703
1.497278040249327
1.497278040249327
1.497278040249327
1.497278040249328
1.497278040249328
1.497278040249328
1.497278040249328
1.497278040249328
1.510773182150351
1.510773182150351
1.510773182150351
1.510773182150351
1.510773182150352
1.510773182150352
1.510773182150352
1.510773182150352
1.514885504215569
1.514885504215570
1.514885504215570
1.514885504215570
1.517297462484949
1.517297462484949
1.517297462484949
1.517297462484949
1.517297462484949
1.517297462484949
1.517297462484949
1.517297462484949
1.525521491356103
1.525521491356103
1.525521491356103
1.525521491356103
1.525521491356103
1.525521491356103
1.525521491356104
1.525521491356104
1.525559017620415
1.525559017620415
1.525559017620415
1.525559017620416
1.560770310272934
1.560770310272935
1.560770310272935
1.560770310272935
1.573269685912522
1.573269685912522
1.573269685912522
1.573269685912523
1.573269685912523
1.573269685912523
1.573269685912523
1.573269685912523
1.583766315590669
1.583766315590669
1.583766315590669
1.583766315590669
1.583766315590670
1.583766315590670
1.583766315590670
1.583766315590670
1.597648172875154
1.597648172875154
1.597648172875154
1.597648172875155
1.597648172875155
1.597648172875155
1.597648172875155
1.597648172875155
1.604031454006339
1.604031454006339
1.604031454006339
1.604031454006339
1.604031454006339
1.604031454006339
1.604031454006339
1.604031454006339
1.607407372267013
1.607407372267013
1.607407372267013
1.607407372267013
1.609262317623104
1.609262317623104
1.609262317623104
1.609262317623104
1.609262317623105
1.609262317623105
1.609262317623105
1.609262317623105
1.612819879717950
1.612819879717950
1.612819879717950
1.612819879717951
1.621215827871292
1.621215827871292
1.621215827871293
1.621215827871293
1.621215827871293
1.621215827871293
1.621215827871294
1.621215827871294
1.630414669352845
1.630414669352845
1.630414669352846
1.630414669352846
1.630814597121618
1.630814597121619
1.630814597121619
1.630814597121619
1.641873981899196
1.641873981899196
1.641873981899197
1.641873981899197
1.645258007092973
1.645258007092974
1.686688741076043
1.686688741076043
1.686688741076043
1.686688741076043
1.686688741076043
1.686688741076043
1.686688741076043
1.686688741076044
1.698574495466170
1.698574495466170
1.698574495466171
1.698574495466171
1.698574495466171
1.698574495466171
1.698574495466171
1.698574495466171
1.733656730938919
1.733656730938919
1.733656730938919
1.733656730938919
1.733656730938919
1.733656730938919
1.733656730938919
1.733656730938919
1.757258921611581
1.757258921611581
1.757258921611581
1.757258921611581
1.757258921611581
1.757258921611581
1.757258921611581
1.757258921611581
1.764409344184707
1.764409344184707
1.764409344184707
1.764409344184707
1.802173228104406
1.802173228104407
1.802173228104407
1.802173228104407
1.802173228104407
1.802173228104407
1.802173228104407
1.802173228104407
1.813217291844136
1.813217291844136
1.813217291844136
1.813217291844136
1.813217291844136
1.813217291844136
1.813217291844136
1.813217291844137
1.846575525892238
1.846575525892238
1.846575525892238
1.846575525892238
1.846575525892239
1.846575525892239
1.846575525892239
1.846575525892239
1.848252459661871
1.848252459661871
1.848252459661871
1.848252459661871
1.866170595281430
1.866170595281430
1.866170595281430
1.866170595281430
1.866170595281430
1.866170595281430
1.866170595281430
1.866170595281431
1.903997430398694
1.903997430398694
1.903997430398695
1.903997430398695
1.903997430398695
1.903997430398695
1.903997430398695
1.903997430398695
1.912514820253344
1.912514820253344
1.912514820253344
1.912514820253344
1.912514820253344
1.912514820253345
1.912514820253345
1.912514820253345
1.917076229717642
1.917076229717642
1.917076229717642
1.917076229717643
1.917076229717643
1.917076229717643
1.917076229717643
1.917076229717644
1.923861602345830
1.923861602345830
1.923861602345830
1.923861602345830
1.923861602345830
1.923861602345830
1.923861602345830
1.923861602345831
1.930040762810929
1.930040762810930
1.930040762810930
1.930040762810930
1.947763639170176
1.947763639170176
1.947763639170176
1.947763639170176
1.950224537769237
1.950224537769237
1.950224537769238
1.950224537769238
1.950224537769238
1.950224537769238
1.950224537769238
1.950224537769239
1.959637030349887
1.959637030349887
1.959637030349888
1.959637030349888
1.970278746632784
1.970278746632784
1.970278746632784
1.970278746632784
1.970278746632784
1.970278746632784
1.970278746632784
1.970278746632784
2.004367563024521
2.004367563024521
2.004367563024521
2.004367563024521
2.004367563024521
2.004367563024521
2.004367563024521
2.004367563024521
2.004416432987274
2.004416432987274
2.004416432987274
2.004416432987274
2.022350737818583
2.022350737818583
2.022350737818583
2.022350737818583
2.022350737818583
2.022350737818583
2.022350737818583
2.022350737818583
2.023359651025875
2.023359651025875
2.023359651025875
2.023359651025875
2.023359651025876
2.023359651025876
2.023359651025876
2.023359651025876
2.027975138313310
2.027975138313310
2.027975138313310
2.027975138313310
2.037533987270986
2.037533987270986
2.037533987270986
2.037533987270986
2.041767923931812
2.041767923931812
2.041767923931812
2.041767923931812
2.041767923931813
2.041767923931813
2.041767923931813
2.041767923931813
2.054962402094675
2.054962402094675
2.054962402094675
2.054962402094675
2.060413265688333
2.060413265688334
2.080837048026307
2.080837048026307
2.080837048026307
2.080837048026307
2.080837048026309
2.080837048026309
2.080837048026309
2.080837048026309
2.090606793835518
2.090606793835518
2.090606793835519
2.090606793835519
2.111430345709135
2.111430345709135
2.111430345709135
2.111430345709135
2.111430345709136
2.111430345709136
2.111430345709136
2.111430345709136
2.112770812919058
2.112770812919058
2.112770812919058
2.112770812919058
2.112770812919059
2.112770812919059
2.112770812919059
2.112770812919059
2.163271129641859
2.163271129641859
2.163271129641859
2.163271129641859
2.163271129641859
2.163271129641859
2.163271129641860
2.163271129641860
2.190185996895869
2.190185996895869
2.190185996895870
2.190185996895870
2.190185996895870
2.190185996895870
2.190185996895871
2.190185996895871
2.198487356914178
2.198487356914179
2.198487356914179
2.198487356914180
2.221501425123942
2.221501425123942
2.221501425123943
2.221501425123943
2.221501425123943
2.221501425123943
2.221501425123944
2.221501425123944
2.227413609297023
2.227413609297024
2.227413609297024
2.227413609297024
2.227413609297024
2.227413609297024
2.227413609297024
2.227413609297024
2.262448777114758
2.262448777114758
2.262448777114758
2.262448777114759
2.290912199914522
2.290912199914522
2.290912199914522
2.290912199914522
2.290912199914523
2.290912199914523
2.290912199914523
2.290912199914523
2.302193771494202
2.302193771494202
2.302193771494202
2.302193771494202
2.302193771494204
2.302193771494204
2.302193771494204
2.302193771494204
2.331843017272880
2.331843017272880
2.331843017272880
2.331843017272881
2.331843017272881
2.331843017272881
2.331843017272881
2.331843017272881
2.333611829101634
2.333611829101634
2.333611829101634
2.333611829101634
2.333611829101635
2.333611829101635
2.333611829101635
2.333611829101635
2.356788677630119
2.356788677630119
2.356788677630119
2.356788677630119
2.356788677630119
2.356788677630120
2.356788677630120
2.356788677630120
2.364118775540401
2.364118775540402
2.364118775540402
2.364118775540403
2.367091836189712
2.367091836189712
2.367091836189712
2.367091836189712
2.375077838058784
2.375077838058785
2.375077838058785
2.375077838058785
2.375077838058786
2.375077838058786
2.375077838058786
2.375077838058786
2.395020351265875
2.395020351265876
2.395020351265876
2.395020351265876
2.395020351265876
2.395020351265877
2.395020351265877
2.395020351265877
2.409845757924252
2.409845757924252
2.409845757924252
2.409845757924252
2.409845757924253
2.409845757924253
2.409845757924254
2.409845757924254
2.419829154832559
2.419829154832560
2.419829154832561
2.419829154832561
2.429158037620366
2.429158037620366
2.429158037620367
2.429158037620367
2.433981961727461
2.433981961727461
2.433981961727461
2.433981961727461
2.433981961727462
2.433981961727462
2.433981961727462
2.433981961727462
2.455277813102872
2.455277813102872
2.455277813102872
2.455277813102872
2.455277813102873
2.455277813102873
2.455277813102873
2.455277813102873
2.462053151042782
2.462053151042782
2.462053151042783
2.462053151042783
2.467148385973926
2.467148385973926
2.467148385973926
2.467148385973926
2.476241675729034
2.476241675729034
2.476241675729034
2.476241675729034
2.476241675729035
2.476241675729035
2.476241675729035
2.476241675729035
2.487889477378963
2.487889477378963
2.487889477378964
2.487889477378964
2.494491278417805
2.494491278417806
2.530874448666847
2.530874448666847
2.530874448666848
2.530874448666848
2.562935519436508
2.562935519436508
2.562935519436508
2.562935519436508
2.562935519436509
2.562935519436509
2.562935519436509
2.562935519436509
2.567048591311099
2.567048591311099
2.567048591311099
2.567048591311099
2.567048591311100
2.567048591311100
2.567048591311101
2.567048591311101
2.570432078121170
2.570432078121170
2.570432078121170
2.570432078121170
2.580374332094975
2.580374332094975
2.621272737983001
2.621272737983001
2.621272737983001
2.621272737983001
2.621272737983002
2.621272737983003
2.621272737983003
2.621272737983003
2.649807217050884
2.649807217050884
2.649807217050884
2.649807217050884
2.649807217050886
2.649807217050886
2.649807217050886
2.649807217050886
2.658679481396851
2.658679481396851
2.658679481396852
2.658679481396853
2.674383449827102
2.674383449827102
2.674383449827102
2.674383449827102
2.674383449827103
2.674383449827103
2.674383449827103
2.674383449827103
2.677578315814473
2.677578315814474
2.677578315814474
2.677578315814474
2.677578315814475
2.677578315814475
2.677578315814475
2.677578315814475
2.712613483632208
2.712613483632208
2.712613483632209
2.712613483632210
2.746530445516486
2.746530445516486
2.746530445516486
2.746530445516486
2.746530445516488
2.746530445516488
2.746530445516488
2.746530445516488
2.784725041976039
2.784725041976039
2.784725041976039
2.784725041976040
2.784725041976040
2.784725041976040
2.784725041976041
2.784725041976041
2.790578569533557
2.790578569533558
2.790578569533558
2.790578569533558
2.791613437442777
2.791613437442777
2.791613437442777
2.791613437442777
2.791613437442778
2.791613437442778
2.791613437442778
2.791613437442778
2.816409897785133
2.816409897785133
2.816409897785133
2.816409897785133
2.816409897785134
2.816409897785135
2.816409897785135
2.816409897785135
2.819973860892871
2.819973860892871
2.819973860892872
2.819973860892872
2.824310900023074
2.824310900023074
2.824310900023075
2.824310900023075
2.850638596867840
2.850638596867840
2.850638596867840
2.850638596867840
2.850638596867841
2.850638596867841
2.850638596867841
2.850638596867841
2.864184362793820
2.864184362793820
2.864184362793821
2.864184362793821
2.884776283222330
2.884776283222330
2.884776283222332
2.884776283222332
2.891983570068604
2.891983570068604
2.891983570068604
2.891983570068604
2.891983570068605
2.891983570068605
2.891983570068605
2.891983570068605
2.899440788019115
2.899440788019115
2.899440788019115
2.899440788019115
2.909596693092017
2.909596693092017
2.914899033257886
2.914899033257886
2.914899033257886
2.914899033257886
2.914899033257888
2.914899033257888
2.914899033257888
2.914899033257888
2.922245275525454
2.922245275525454
2.922245275525456
2.922245275525456
2.925149994315068
2.925149994315068
2.925149994315069
2.925149994315069
2.947510697533978
2.947510697533978
2.947510697533979
2.947510697533979
2.954683402900478
2.954683402900479
2.963786100323789
2.963786100323789
2.963786100323789
2.963786100323789
3.049628813392828
3.049628813392828
3.049628813392828
3.049628813392828
3.055433389350454
3.055433389350454
3.055433389350455
3.055433389350455
3.110379262718036
3.110379262718037
3.110379262718037
3.110379262718037
3.139402247145747
3.139402247145747
3.139402247145747
3.139402247145747
3.148447019656308
3.148447019656309
3.161927874421856
3.161927874421857
3.161927874421857
3.161927874421857
3.164271609770794
3.164271609770794
3.164271609770794
3.164271609770794
3.199306777588529
3.199306777588529
3.234915243555841
3.234915243555841
3.234915243555842
3.234915243555842
3.272269466570794
3.272269466570794
3.272269466570794
3.272269466570795
3.280719962177812
3.280719962177812
3.280719962177812
3.280719962177812
3.306004927879996
3.306004927879996
3.306004927879996
3.306004927879996
3.307518285487625
3.307518285487625
3.314078438282531
3.314078438282531
3.339023394907195
3.339023394907195
3.339023394907195
3.339023394907195
3.373161081261686
3.373161081261686
3.381090094803639
3.381090094803639
3.381090094803639
3.381090094803639
3.404494063352749
3.404494063352749
3.404494063352749
3.404494063352749
3.412012813784911
3.412012813784912
3.414256519050103
3.414256519050103
3.437105727628841
3.437105727628841
3.444450941159935
Kgrid: 23
-2.357023688806754
-2.142748808006140
-1.928473927205526
-1.714199046404912
-1.499924165604298
-1.285649284803684
-1.071374404003070
-0.857099523202456
-0.642824642401842
-0.428549761601228
-0.214274880800614
0.000000000000000
0.214274880800614
0.428549761601228
0.642824642401842
0.857099523202456
1.071374404003070
1.285649284803684
1.499924165604298
1.714199046404912
1.928473927205526
2.142748808006140
2.357023688806754
DavVals: 1
-0.060294651605367

                            End of Section: Vectors                            

--------------------------------------------------------------------------------

                                    Matrices                                    

--------------------------------------------------------------------------------

Occupied States: 97 x 2
         6         9
         6        10
         6        11
         6        12
         6        13
         7         8
         7         9
         7        10
         7        11
         7        12
         7        13
         7        14
         8         7
         8         8
         8         9
         8        10
         8        11
         8        12
         8        13
         8        14
         8        15
         9         6
         9         7
         9         8
         9         9
         9        10
         9        11
         9        12
         9        13
         9        14
         9        15
         9        16
        10         6
        10         7
        10         8
        10         9
        10        10
        10        11
        10        12
        10        13
        10        14
        10        15
        10        16
        11         6
        11         7
        11         8
        11         9
        11        10
        11        11
        11        12
        11        13
        11        14
        11        15
        11        16
        12         6
        12         7
        12         8
        12         9
        12        10
        12        11
        12        12
        12        13
        12        14
        12        15
        12        16
        13         6
        13         7
        13         8
        13         9
        13        10
        13        11
        13        12
        13        13
        13        14
        13        15
        13        16
        14         7
        14         8
        14         9
        14        10
        14        11
        14        12
        14        13
        14        14
        14        15
        15         8
        15         9
        15        10
        15        11
        15        12
        15        13
        15        14
        16         9
        16        10
        16        11
        16        12
        16        13
Virtual States: 387 x 2
         0         0
         0         1
         0         2
         0         3
         0         4
         0         5
         0         6
         0         7
         0         8
         0         9
         0        10
         0        11
         0        12
         0        13
         0        14
         0        15
         0        16
         0        17
         0        18
         0        19
         0        20
         0        21
         1         0
         1         1
         1         2
         1         3
         1         4
         1         5
         1         6
         1         7
         1         8
         1         9
         1        10
         1        11
         1        12
         1        13
         1        14
         1        15
         1        16
         1        17
         1        18
         1        19
         1        20
         1        21
         2         0
         2         1
         2         2
         2         3
         2         4
         2         5
         2         6
         2         7
         2         8
         2         9
         2        10
         2        11
         2        12
         2        13
         2        14
         2        15
         2        16
         2        17
         2        18
         2        19
         2        20
         2        21
         3         0
         3         1
         3         2
         3         3
         3         4
         3         5
         3         6
         3         7
         3         8
         3         9
         3        10
         3        11
         3        12
         3        13
         3        14
         3        15
         3        16
         3        17
         3        18
         3        19
         3        20
         3        21
         4         0
         4         1
         4         2
         4         3
         4         4
         4         5
         4         6
         4         7
         4         8
         4         9
         4        10
         4        11
         4        12
         4        13
         4        14
         4        15
         4        16
         4        17
         4        18
         4        19
         4        20
         4        21
         5         0
         5         1
         5         2
         5         3
         5         4
         5         5
         5         6
         5         7
         5         8
         5         9
         5        10
         5        11
         5        12
         5        13
         5        14
         5        15
         5        16
         5        17
         5        18
         5        19
         5        20
         5        21
         6         0
         6         1
         6         2
         6         3
         6         4
         6         5
         6         6
         6         7
         6         8
         6        14
         6        15
         6        16
         6        17
         6        18
         6        19
         6        20
         6        21
         7         0
         7         1
         7         2
         7         3
         7         4
         7         5
         7         6
         7         7
         7        15
         7        16
         7        17
         7        18
         7        19
         7        20
         7        21
         8         0
         8         1
         8         2
         8         3
         8         4
         8         5
         8         6
         8        16
         8        17
         8        18
         8        19
         8        20
         8        21
         9         0
         9         1
         9         2
         9         3
         9         4
         9         5
         9        17
         9        18
         9        19
         9        20
         9        21
        10         0
        10         1
        10         2
        10         3
        10         4
        10         5
        10        17
        10        18
        10        19
        10        20
        10        21
        11         0
        11         1
        11         2
        11         3
        11         4
        11         5
        11        17
        11        18
        11        19
        11        20
        11        21
        12         0
        12         1
        12         2
        12         3
        12         4
        12         5
        12        17
        12        18
        12        19
        12        20
        12        21
        13         0
        13         1
        13         2
        13         3
        13         4
        13         5
        13        17
        13        18
        13        19
        13        20
        13        21
        14         0
        14         1
        14         2
        14         3
        14         4
        14         5
        14         6
        14        16
        14        17
        14        18
        14        19
        14        20
        14        21
        15         0
        15         1
        15         2
        15         3
        15         4
        15         5
        15         6
        15         7
        15        15
        15        16
        15        17
        15        18
        15        19
        15        20
        15        21
        16         0
        16         1
        16         2
        16         3
        16         4
        16         5
        16         6
        16         7
        16         8
        16        14
        16        15
        16        16
        16        17
        16        18
        16        19
        16        20
        16        21
        17         0
        17         1
        17         2
        17         3
        17         4
        17         5
        17         6
        17         7
        17         8
        17         9
        17        10
        17        11
        17        12
        17        13
        17        14
        17        15
        17        16
        17        17
        17        18
        17        19
        17        20
        17        21
        18         0
        18         1
        18         2
        18         3
        18         4
        18         5
        18         6
        18         7
        18         8
        18         9
        18        10
        18        11
        18        12
        18        13
        18        14
        18        15
        18        16
        18        17
        18        18
        18        19
        18        20
        18        21
        19         0
        19         1
        19         2
        19         3
        19         4
        19         5
        19         6
        19         7
        19         8
        19         9
        19        10
        19        11
        19        12
        19        13
        19        14
        19        15
        19        16
        19        17
        19        18
        19        19
        19        20
        19        21
        20         0
        20         1
        20         2
        20         3
        20         4
        20         5
        20         6
        20         7
        20         8
        20         9
        20        10
        20        11
        20        12
        20        13
        20        14
        20        15
        20        16
        20        17
        20        18
        20        19
        20        20
        20        21
        21         0
        21         1
        21         2
        21         3
        21         4
        21         5
        21         6
        21         7
        21         8
        21         9
        21        10
        21        11
        21        12
        21        13
        21        14
        21        15
        21        16
        21        17
        21        18
        21        19
        21        20
        21        21
Excitations: 1219 x 2
           21          238
           65          238
           75          239
           21          170
           65          170
           75          171
           31          239
           31          171
           12          156
           76          156
           20          157
           84          157
           76          252
           12          252
           84          253
           20          253
           54          238
           54          170
           64          239
           64          171
           42          171
           42          239
           32          238
           32          170
           91          269
           85          268
           91          141
           85          140
           11          269
            5          268
           11          141
            5          140
           43          238
           43          170
           53          171
           53          239
            4          123
           96          290
            4          290
           96          123
            0          286
           92          286
            0          119
           92          119
           95          289
           95          122
            1          120
           93          120
            3          289
            1          287
            3          122
           93          287
           94          288
            2          288
           94          121
            2          121
           65          155
           65          251
           21          251
           21          155
           75          158
           75          254
           31          158
           31          254
           74          157
           30          157
           66          156
           66          252
           22          156
           74          253
           30          253
           22          252
           54          155
           54          251
           64          158
           42          158
           64          254
           42          254
           32          251
           32          155
           55          156
           33          156
           63          157
           55          252
           33          252
           41          157
           63          253
           41          253
           12          139
           84          142
           76          139
           20          142
           84          270
           76          267
           12          267
           20          270
           43          155
           43          251
           53          158
           53          254
           83          269
           19          269
           77          268
           77          140
           19          141
           83          141
           13          268
           13          140
           52          157
           44          156
           44          252
           52          253
           91          291
           91          124
           85          285
           11          291
           85          118
            5          285
            5          118
           11          124
           65          138
           21          138
           65          266
           21          266
           75          143
           75          271
           31          271
           31          143
           90          123
           90          290
           86          286
           86          119
           10          290
            6          286
           10          123
            6          119
           87          120
           89          289
           87          287
           89          122
            9          289
            7          120
            9          122
            7          287
           88          288
           88          121
            8          288
            8          121
           67          268
           73          269
           67          140
           73          141
           23          268
           29          269
           23          140
           29          141
           74          142
           30          142
           74          270
           30          270
           66          139
           66          267
           22          139
           22          267
            0           97
           92           97
            4          101
           96          101
            0          308
           92          308
           96          312
            4          312
           95          100
            3          100
            1           98
           93           98
           95          311
           93          309
            3          311
            1          309
            2           99
           94           99
            2          310
           94          310
           54          266
           54          138
           64          143
           64          271
           42          143
           42          271
           32          138
           32          266
           43          266
           43          138
           53          143
           53          271
           62          269
           56          268
           62          141
           34          268
           56          140
           34          140
           40          269
           40          141
           55          139
           55          267
           33          139
           63          142
           33          267
           63          270
           41          142
           41          270
           76          284
           76          117
           20          292
           12          117
           12          284
           20          125
           84          125
           84          292
           51          269
           45          268
           45          140
           51          141
           52          142
           44          139
           52          270
           44          267
           77          285
           19          291
           83          291
           77          118
           19          124
           83          124
           13          285
           13          118
           82          123
           82          290
           78          286
           18          290
           18          123
           78          119
           14          286
           14          119
           81          289
           79          120
           79          287
           81          122
           17          289
           15          120
           15          287
           17          122
           80          288
           80          121
           16          288
           16          121
           21          283
           65          283
           65          116
           21          116
           75          293
           75          126
           31          293
           31          126
           91          102
           11          102
            5           96
           85           96
           91          313
           85          307
           11          313
            5          307
           74          292
           74          125
           66          284
           66          117
           30          292
           30          125
           22          284
           22          117
           86           97
           90          101
            6           97
           10          101
           90          312
           86          308
            6          308
           10          312
           54          283
           64          126
           42          293
           64          293
           54          116
           32          283
           42          126
           32          116
           73          291
           67          285
           73          124
           67          118
           29          291
           23          285
           29          124
           23          118
           72          123
           72          290
           28          290
           28          123
           24          286
           68          119
           68          286
           24          119
           71          289
           69          120
           69          287
           71          122
           27          289
           27          122
           25          287
           25          120
           70          288
           70          121
           26          121
           26          288
           89          100
           87           98
            9          100
           87          309
           89          311
            7           98
            9          311
            7          309
           88           99
            8           99
           88          310
            8          310
           43          116
           43          283
           53          293
           53          126
            0          330
            0           75
           96           79
           92          330
            4           79
           96          334
            4          334
           92           75
           55          117
           55          284
           33          284
           33          117
           63          292
           63          125
           41          292
           41          125
            3          333
           93           76
            1           76
           95          333
           95           78
            3           78
            1          331
           93          331
           38          289
           60          289
           58          287
           58          120
           38          122
           60          122
           36          287
           36          120
            2          332
           94          332
           94           77
            2           77
           59          288
           37          121
           37          288
           59          121
           62          291
           62          124
           40          291
           56          285
           56          118
           34          285
           34          118
           40          124
           57          119
           35          286
           39          123
           57          286
           39          290
           61          123
           61          290
           35          119
           52          292
           52          125
           44          117
           44          284
           76           95
           12           95
           84          103
           20          103
           20          314
           12          306
           84          314
           76          306
           47          120
           47          287
           49          289
           49          122
           48          288
           48          121
           50          290
           50          123
           46          286
           46          119
           51          291
           45          285
           45          118
           51          124
           77           96
           19          102
           83          102
           13           96
           77          307
           19          313
           83          313
           13          307
           75          104
           21           94
           31          104
           65           94
           21          305
           75          315
           65          305
           31          315
           82          101
           78           97
           14           97
           18          101
           78          308
           82          312
           18          312
           14          308
           81          100
           79           98
           17          100
           15           98
           81          311
           79          309
           15          309
           17          311
           80           99
           16           99
           80          310
           16          310
           74          103
           30          103
           66           95
           30          314
           22           95
           66          306
           74          314
           22          306
           91          335
           91           80
            5          329
           11          335
           85           74
           85          329
           11           80
            5           74
           64          104
           54           94
           42          104
           64          315
           54          305
           32           94
           42          315
           32          305
           67           96
           73          102
           23           96
           29          102
           73          313
           67          307
           23          307
           29          313
           43           94
           43          305
           53          104
           53          315
           86          330
           90          334
           86           75
           90           79
            6           75
            6          330
           10          334
           10           79
           68           97
           72          101
           24           97
           28          101
           72          312
           24          308
           68          308
           28          312
           71          100
           27          100
           69           98
           25           98
           71          311
           69          309
           27          311
           25          309
           70           99
           26           99
           70          310
           26          310
           89           78
           87          331
           87           76
           89          333
            9           78
            9          333
            7           76
            7          331
           63          103
           55           95
           33           95
           55          306
           33          306
           41          103
           41          314
           63          314
           88           77
           88          332
            8          332
            8           77
           52          103
           44           95
           44          306
           52          314
           62          102
           56           96
           34           96
           62          313
           40          102
           56          307
           34          307
           40          313
            0           53
           96           57
           92           53
            4           57
           96          356
           92          352
            0          352
            4          356
           61          101
           35           97
           57           97
           39          101
           57          308
           61          312
           35          308
           39          312
           76          328
           76           73
           20           81
           20          336
           12           73
           84           81
           84          336
           12          328
           51          102
           45           96
           45          307
           51          313
           38          100
           60          100
           58           98
           36           98
           38          311
           60          311
           36          309
           58          309
           59           99
           37           99
           59          310
           37          310
           95           56
            3           56
            1           54
           93           54
           95          355
            3          355
           93          353
            1          353
           94           55
            2           55
            2          354
           94          354
           46           97
           50          101
           50          312
           46          308
           49          100
           47           98
           47          309
           49          311
           48           99
           48          310
           19          335
           83          335
           77          329
           77           74
           13          329
           19           80
           83           80
           13           74
           21          327
           65          327
           31          337
           21           72
           75          337
           65           72
           75           82
           31           82
           78          330
           14          330
           18          334
           82           79
           18           79
           14           75
           78           75
           82          334
           81           78
           81          333
           17           78
           17          333
           79          331
           79           76
           15           76
           15          331
           80          332
           80           77
           16           77
           16          332
           74          336
           30           81
           74           81
           66          328
           30          336
           22          328
           66           73
           22           73
           54          327
           64          337
           42          337
           64           82
           32          327
           54           72
           42           82
           32           72
           91           58
           85           52
           11           58
            5           52
           91          357
           85          351
            5          351
           11          357
           43          327
           43           72
           53          337
           53           82
           67          329
           73          335
           73           80
           29          335
           67           74
           23          329
           23           74
           29           80
           72           79
           72          334
           24           75
           24          330
           68           75
           68          330
           28           79
           28          334
           33          328
           63          336
           55          328
           55           73
           33           73
           41           81
           63           81
           41          336
           86           53
           90           57
            6           53
           10           57
           86          352
           90          356
            6          352
           10          356
           71          333
           71           78
           69           76
           25           76
           27           78
           27          333
           69          331
           25          331
           70          332
           26          332
           70           77
           26           77
           52          336
           44          328
           52           81
           44           73
           87           54
           89           56
            9           56
            7           54
           89          355
           87          353
            9          355
            7          353
           88           55
            8           55
           88          354
            8          354
           62           80
           34          329
           56          329
           62          335
           56           74
           40           80
           34           74
           40          335
           39          334
           61           79
           39           79
           35          330
           61          334
           57          330
           35           75
           57           75
           51           80
           45           74
           51          335
           45          329
           58           76
           60           78
           36           76
           38          333
           38           78
           36          331
           58          331
           60          333
           20           59
           84           59
           12           51
           76           51
           20          358
           84          358
           12          350
           76          350
           59          332
           59           77
           37          332
           37           77
           50          334
           46          330
           46           75
           50           79
            4          378
           96          378
            0          374
           92          374
            0           31
            4           35
           96           35
           92           31
           49          333
           49           78
           47           76
           47          331
           48          332
           48           77
            3          377
           95          377
           93          375
            1          375
           93           32
           95           34
            1           32
            3           34
           94          376
            2          376
            2           33
           94           33
           83           58
           77           52
           19           58
           13           52
           19          357
           83          357
           13          351
           77          351
           65           50
           21           50
           75           60
           31           60
           75          359
           31          359
           65          349
           21          349
           78           53
           82           57
           14           53
           18           57
           78          352
           82          356
           14          352
           18          356
           81           56
           79           54
           15           54
           17           56
           81          355
           79          353
           15          353
           17          355
           80           55
           16           55
           80          354
           16          354
           30           59
           74           59
           74          358
           22           51
           66           51
           30          358
           66          350
           22          350
           54           50
           64           60
           42           60
           32           50
           54          349
           42          359
           32          349
           64          359
           53           60
           43          349
           43           50
           53          359
           67           52
           73           58
           23           52
           29           58
           67          351
           23          351
           73          357
           29          357
           91          379
           85          373
            5          373
           11          379
           91           36
           11           36
            5           30
           85           30
           63           59
           41           59
           55           51
           33           51
           41          358
           33          350
           63          358
           55          350
           68           53
           72           57
           28           57
           24           53
           68          352
           72          356
           24          352
           28          356
           71           56
           27           56
           25           54
           69           54
           71          355
           25          353
           27          355
           69          353
           70           55
           26           55
           70          354
           26          354
           52           59
           44           51
           44          350
           52          358
           90          378
           86          374
            6          374
           10          378
           90           35
           10           35
            6           31
           86           31
           62           58
           40           58
           34           52
           56           52
           62          357
           34          351
           56          351
           40          357
           89          377
           87          375
            9          377
            7          375
           89           34
           87           32
            9           34
            7           32
           88          376
            8          376
            8           33
           88           33
           51           58
           45           52
           51          357
           45          351
           57           53
           39           57
           61           57
           35           53
           57          352
           61          356
           35          352
           39          356
           36           54
           38           56
           60           56
           58           54
           38          355
           36          353
           60          355
           58          353
           37           55
           59           55
           37          354
           59          354
           50           57
           46           53
           46          352
           50          356
           12          372
           76          372
           20          380
           84          380
           12           29
           84           37
           76           29
           20           37
           49           56
           47           54
           49          355
           47          353
           48           55
           48          354
           96           13
            4           13
            0            9
           92            9
           65          371
           21          371
           75          381
           31          381
           31           38
           75           38
           21           28
           65           28
           77          373
           83          379
           19          379
           13          373
           77           30
           83           36
           19           36
           13           30
            3           12
            1           10
           95           12
           93           10
           94           11
            2           11
           82          378
           14          374
           78          374
           18          378
           82           35
           18           35
           14           31
           78           31
           79          375
           17          377
           15          375
           81          377
           79           32
           17           34
           81           34
           15           32
           80          376
           16          376
           80           33
           16           33
           66          372
           74          380
           22          372
           30          380
           30           37
           74           37
           22           29
           66           29
           54          371
           64          381
           32          371
           42          381
           54           28
           42           38
           32           28
           64           38
           43          371
           53          381
           43           28
           53           38
           67          373
           73          379
           23          373
           29          379
           67           30
           29           36
           23           30
           73           36
           55          372
           63          380
           33          372
           41          380
           55           29
           63           37
           41           37
           33           29
           91           14
            5            8
           85            8
           11           14
           28          378
           72          378
           24          374
           68          374
           28           35
           24           31
           68           31
           72           35
           71          377
           25          375
           69          375
           27          377
           71           34
           25           32
           69           32
           27           34
           52          380
           44          372
           52           37
           44           29
           70          376
           26          376
           70           33
           26           33
           56          373
           34          373
           62          379
           40          379
           56           30
           34           30
           62           36
           40           36
           90           13
           86            9
            6            9
           10           13
           51          379
           45          373
           51           36
           45           30
           39          378
           61          378
           57          374
           35          374
           61           35
           35           31
           57           31
           39           35
           89           12
           87           10
            7           10
            9           12
           88           11
            8           11
           60          377
           58          375
           36          375
           38          377
           36           32
           60           34
           38           34
           58           32
           37          376
           59          376
           59           33
           37           33
           50          378
           46          374
           46           31
           50           35
           49          377
           47          375
           49           34
           47           32
           48          376
           48           33
           12            7
           76            7
           20           15
           84           15
           21            6
           65            6
           75           16
           31           16
           77            8
           83           14
           13            8
           19           14
           82           13
           18           13
           14            9
           78            9
           15           10
           17           12
           79           10
           81           12
           80           11
           16           11
           66            7
           30           15
           74           15
           22            7
           54            6
           64           16
           42           16
           32            6
           43            6
           53           16
           73           14
           67            8
           23            8
           29           14
           55            7
           33            7
           63           15
           41           15
           72           13
           28           13
           24            9
           68            9
           71           12
           25           10
           69           10
           27           12
           44            7
           52           15
           70           11
           26           11
           62           14
           56            8
           34            8
           40           14
           51           14
           45            8
           57            9
           35            9
           39           13
           61           13
           36           10
           38           12
           60           12
           58           10
           59           11
           37           11
           46            9
           50           13
           49           12
           47           10
           48           11

                            End of Section: Matrices                            

################################################################################

                              End of Output File.                              

################################################################################
