################################################################################

            Output File for HFS, the Hartree-Fock Stability Program            
                              Author: Evan Curtin                              
             Institution: University of Illinois @ Urbana-Champaign             
                          email: ecurtin2@illinois.edu                          
                       Built on Nov  2 2016, at 17:06:03                       

################################################################################

                Computation Started : Wed Nov  2 17:22:39 2016
                
                Computation Finished: Wed Nov  2 17:24:16 2016
                
                     Total Elapsed Time = 96.6412 seconds.                     

--------------------------------------------------------------------------------

                                     Input                                     

--------------------------------------------------------------------------------

Nk = 22
ndim = 2
rs = 1.200000047683716
mycase = cRHF2cUHF

                             End of Section: Input                             

--------------------------------------------------------------------------------

                                     Output                                     

--------------------------------------------------------------------------------

deltaK = 0.224478446553024
kf = 1.178511255147749
kmax = 2.357023688806754
Nocc = 88
Nvir = 353
Nexc = 1048
ground_state_degeneracy = 8
dav_its = 20
num_guess_evecs = 50
Dav_blocksize = 20
Dav_Num_evals = 8
Mv_time = 0.022367217000000
cond_number = 17.955909718581626
Dav_nconv = 8
Davidson Tolerance = 1.00e-08
Dav_maxits = 50
Dav_maxsubsize = 1000
Dav_final_val = -0.040680726603840
Dav_time = 52.115328984999998
full_diag_min = -0.040680726603837
full_diag_time = 44.495443090000002

                             End of Section: Output                             

--------------------------------------------------------------------------------

                                    Vectors                                    

--------------------------------------------------------------------------------

Occ Energies: 88
-0.018161883232089
-0.173920494349579
-0.245654636565391
-0.245654636565391
-0.173920494349579
-0.018161883232089
-0.098239480470723
-0.345155582204656
-0.498045033387538
-0.571080524016018
-0.571080524016018
-0.498045033387538
-0.345155582204656
-0.098239480470723
-0.018161883232089
-0.345155582204656
-0.576485379101294
-0.724747989390734
-0.797234834365770
-0.797234834365770
-0.724747989390734
-0.576485379101294
-0.345155582204656
-0.018161883232089
-0.173920494349579
-0.498045033387538
-0.724747989390734
-0.871041085736695
-0.942969056187959
-0.942969056187960
-0.871041085736695
-0.724747989390734
-0.498045033387538
-0.173920494349579
-0.245654636565391
-0.571080524016018
-0.797234834365770
-0.942969056187959
-1.014659802375385
-1.014659802375385
-0.942969056187959
-0.797234834365770
-0.571080524016018
-0.245654636565391
-0.245654636565391
-0.571080524016018
-0.797234834365770
-0.942969056187960
-1.014659802375385
-1.014659802375385
-0.942969056187959
-0.797234834365770
-0.571080524016018
-0.245654636565391
-0.173920494349579
-0.498045033387538
-0.724747989390734
-0.871041085736695
-0.942969056187959
-0.942969056187959
-0.871041085736695
-0.724747989390734
-0.498045033387538
-0.173920494349579
-0.018161883232089
-0.345155582204656
-0.576485379101294
-0.724747989390734
-0.797234834365770
-0.797234834365770
-0.724747989390734
-0.576485379101293
-0.345155582204656
-0.018161883232089
-0.098239480470723
-0.345155582204656
-0.498045033387539
-0.571080524016019
-0.571080524016019
-0.498045033387539
-0.345155582204656
-0.098239480470724
-0.018161883232089
-0.173920494349580
-0.245654636565391
-0.245654636565391
-0.173920494349579
-0.018161883232089
Vir Energies: 353
5.289314169300519
4.783278996745326
4.323431734664373
3.909948625755872
3.543563599091381
3.225548204527920
2.957788950179420
2.741971781438227
2.579023885725817
2.469820482363614
2.415036730549213
2.415036730549213
2.469820482363614
2.579023885725817
2.741971781438227
2.957788950179420
3.225548204527920
3.543563599091381
3.909948625755871
4.323431734664373
4.783278996745326
4.783278996745326
4.277157448052754
3.817048253412909
3.403120984862891
3.036105526911833
2.717283359557869
2.448600099163805
2.231839329497724
2.068040092589260
1.958196657169683
1.903072120555783
1.903072120555783
1.958196657169683
2.068040092589260
2.231839329497724
2.448600099163805
2.717283359557869
3.036105526911832
3.403120984862891
3.817048253412908
4.277157448052754
4.323431734664373
3.817048253412909
3.356142297793782
2.940855509568255
2.571891492652063
2.250542392143878
1.978915019341082
1.759093658193366
1.592504499554104
1.480566776536274
1.424335976680001
1.424335976680001
1.480566776536274
1.592504499554104
1.759093658193366
1.978915019341082
2.250542392143878
2.571891492652063
2.940855509568254
3.356142297793782
3.817048253412909
3.909948625755872
3.403120984862890
2.940855509568254
2.523219450857657
2.150820715230722
1.824891967078817
1.547722938279276
1.321888739627918
1.149681556567442
1.033574739084154
0.975205391112522
0.975205391112522
1.033574739084154
1.149681556567442
1.321888739627918
1.547722938279275
1.824891967078817
2.150820715230722
2.523219450857656
2.940855509568254
3.403120984862890
3.543563599091381
3.036105526911832
2.571891492652063
2.150820715230722
1.773241130342269
1.440109009489282
1.153651876826951
0.916789422118997
0.733632817679329
0.609827174296973
0.547863039445370
0.547863039445370
0.609827174296973
0.733632817679329
0.916789422118997
1.153651876826951
1.440109009489282
1.773241130342269
2.150820715230722
2.571891492652062
3.036105526911832
3.225548204527920
2.717283359557869
2.250542392143878
1.824891967078817
1.440109009489282
1.096361279420351
0.794918444647727
0.536844529652491
0.327016921674807
0.188902304608332
0.121806766525016
0.121806766525015
0.188902304608332
0.327016921674808
0.536844529652491
0.794918444647727
1.096361279420351
1.440109009489282
1.824891967078816
2.250542392143877
2.717283359557869
2.957788950179420
2.448600099163805
1.978915019341082
1.547722938279276
1.153651876826951
0.794918444647727
0.469593423362578
0.172844675983087
0.172844675983087
0.469593423362578
0.794918444647727
1.153651876826951
1.547722938279275
1.978915019341082
2.448600099163805
2.741971781438227
2.231839329497724
1.759093658193366
1.321888739627918
0.916789422118997
0.536844529652491
0.172844675983087
0.172844675983087
0.536844529652491
0.916789422118997
1.321888739627917
1.759093658193366
2.231839329497724
2.579023885725816
2.068040092589260
1.592504499554104
1.149681556567442
0.733632817679329
0.327016921674808
0.327016921674808
0.733632817679329
1.149681556567442
1.592504499554103
2.068040092589260
2.469820482363614
1.958196657169682
1.480566776536274
1.033574739084154
0.609827174296974
0.188902304608332
0.188902304608332
0.609827174296974
1.033574739084153
1.480566776536273
1.958196657169682
2.415036730549213
1.903072120555783
1.424335976680001
0.975205391112522
0.547863039445370
0.121806766525016
0.121806766525016
0.547863039445370
0.975205391112521
1.424335976680001
1.903072120555783
2.415036730549213
1.903072120555783
1.424335976680001
0.975205391112522
0.547863039445370
0.121806766525016
0.121806766525016
0.547863039445370
0.975205391112521
1.424335976680001
1.903072120555783
2.469820482363614
1.958196657169682
1.480566776536274
1.033574739084154
0.609827174296973
0.188902304608333
0.188902304608333
0.609827174296973
1.033574739084153
1.480566776536273
1.958196657169682
2.579023885725817
2.068040092589260
1.592504499554104
1.149681556567443
0.733632817679329
0.327016921674808
0.327016921674808
0.733632817679329
1.149681556567442
1.592504499554103
2.068040092589260
2.741971781438227
2.231839329497724
1.759093658193366
1.321888739627918
0.916789422118997
0.536844529652491
0.172844675983086
0.172844675983086
0.536844529652491
0.916789422118997
1.321888739627917
1.759093658193366
2.231839329497724
2.957788950179420
2.448600099163805
1.978915019341082
1.547722938279276
1.153651876826951
0.794918444647727
0.469593423362578
0.172844675983087
0.172844675983086
0.469593423362578
0.794918444647727
1.153651876826951
1.547722938279275
1.978915019341082
2.448600099163805
3.225548204527920
2.717283359557869
2.250542392143878
1.824891967078817
1.440109009489282
1.096361279420351
0.794918444647727
0.536844529652491
0.327016921674807
0.188902304608332
0.121806766525016
0.121806766525016
0.188902304608332
0.327016921674808
0.536844529652491
0.794918444647727
1.096361279420351
1.440109009489282
1.824891967078816
2.250542392143877
2.717283359557869
3.543563599091381
3.036105526911832
2.571891492652063
2.150820715230722
1.773241130342269
1.440109009489282
1.153651876826951
0.916789422118997
0.733632817679329
0.609827174296973
0.547863039445370
0.547863039445370
0.609827174296973
0.733632817679329
0.916789422118997
1.153651876826951
1.440109009489282
1.773241130342269
2.150820715230722
2.571891492652062
3.036105526911832
3.909948625755871
3.403120984862891
2.940855509568254
2.523219450857656
2.150820715230722
1.824891967078816
1.547722938279275
1.321888739627917
1.149681556567442
1.033574739084153
0.975205391112521
0.975205391112521
1.033574739084153
1.149681556567442
1.321888739627917
1.547722938279275
1.824891967078816
2.150820715230722
2.523219450857656
2.940855509568253
3.403120984862891
4.323431734664373
3.817048253412908
3.356142297793782
2.940855509568254
2.571891492652062
2.250542392143877
1.978915019341081
1.759093658193366
1.592504499554103
1.480566776536273
1.424335976680001
1.424335976680001
1.480566776536273
1.592504499554103
1.759093658193366
1.978915019341082
2.250542392143877
2.571891492652062
2.940855509568254
3.356142297793781
3.817048253412908
4.783278996745326
4.277157448052754
3.817048253412909
3.403120984862891
3.036105526911832
2.717283359557869
2.448600099163805
2.231839329497724
2.068040092589260
1.958196657169683
1.903072120555783
1.903072120555783
1.958196657169683
2.068040092589260
2.231839329497724
2.448600099163805
2.717283359557869
3.036105526911832
3.403120984862891
3.817048253412908
4.277157448052754
Excitation Energies: 1048
0.191006559215175
0.191006559215175
0.191006559215176
0.191006559215176
0.191006559215176
0.191006559215176
0.191006559215176
0.191006559215177
0.271084156453810
0.271084156453810
0.271084156453810
0.271084156453810
0.271084156453810
0.271084156453810
0.271084156453810
0.271084156453810
0.345178804906896
0.345178804906896
0.345178804906896
0.345178804906896
0.345178804906896
0.345178804906897
0.345178804906897
0.345178804906897
0.346765170332666
0.346765170332666
0.346765170332666
0.346765170332666
0.346765170332667
0.346765170332667
0.346765170332667
0.346765170332667
0.362822798957912
0.362822798957912
0.362822798957912
0.362822798957912
0.362822798957912
0.362822798957912
0.362822798957912
0.362822798957912
0.367461403090406
0.367461403090406
0.367461403090406
0.367461403090406
0.367461403090406
0.367461403090406
0.367461403090406
0.367461403090406
0.418499312548477
0.418499312548477
0.418499312548477
0.418499312548477
0.418499312548478
0.418499312548478
0.418499312548478
0.418499312548478
0.487755306594667
0.487755306594667
0.487755306594667
0.487755306594667
0.487755306594667
0.487755306594667
0.487755306594667
0.487755306594668
0.518000258187743
0.518000258187743
0.518000258187743
0.518000258187743
0.518000258187743
0.518000258187743
0.518000258187743
0.518000258187743
0.635084010123214
0.635084010123214
0.635084010123214
0.635084010123214
0.635084010123215
0.635084010123215
0.635084010123215
0.635084010123215
0.643513917712157
0.643513917712157
0.643513917712157
0.643513917712158
0.643513917712158
0.643513917712158
0.643513917712158
0.643513917712158
0.670889709370625
0.670889709370625
0.670889709370625
0.670889709370625
0.670889709370625
0.670889709370625
0.670889709370625
0.670889709370625
0.672172503879463
0.672172503879463
0.672172503879463
0.672172503879463
0.672172503879464
0.672172503879464
0.672172503879464
0.672172503879464
0.686947337995870
0.686947337995870
0.686947337995870
0.686947337995870
0.686947337995871
0.686947337995871
0.686947337995871
0.686947337995871
0.692887290541034
0.692887290541034
0.692887290541034
0.692887290541034
0.692887290541034
0.692887290541034
0.692887290541034
0.692887290541034
0.715248059927969
0.715248059927969
0.715248059927969
0.715248059927969
0.715248059927969
0.715248059927969
0.715248059927969
0.715248059927969
0.743925199999105
0.743925199999105
0.743925199999105
0.743925199999105
0.743925199999105
0.743925199999105
0.743925199999105
0.743925199999105
0.751794700911418
0.751794700911418
0.751794700911418
0.751794700911418
0.751794700911418
0.751794700911418
0.751794700911418
0.751794700911418
0.783747668646553
0.783747668646553
0.783747668646553
0.783747668646553
0.783747668646553
0.783747668646553
0.783747668646553
0.783747668646553
0.793517676010760
0.793517676010760
0.793517676010760
0.793517676010760
0.793517676010760
0.793517676010760
0.793517676010760
0.793517676010760
0.813080327879816
0.813080327879816
0.813080327879816
0.813080327879816
0.813080327879816
0.813080327879816
0.813080327879816
0.813080327879816
0.882000111857147
0.882000111857147
0.882000111857147
0.882000111857147
0.882000111857147
0.882000111857147
0.882000111857147
0.882000111857148
0.903502300776101
0.903502300776101
0.903502300776101
0.903502300776101
0.903502300776101
0.903502300776101
0.903502300776101
0.903502300776101
0.913650293999066
0.913650293999066
0.913650293999066
0.913650293999066
0.913650293999067
0.913650293999067
0.913650293999067
0.913650293999067
0.919041600890786
0.919041600890786
0.919041600890786
0.919041600890786
0.919041600890786
0.919041600890786
0.919041600890786
0.919041600890786
0.968838938997306
0.968838938997306
0.968838938997306
0.968838938997306
0.968838938997306
0.968838938997306
0.968838938997306
0.968838938997307
1.015028902589720
1.015028902589720
1.015028902589720
1.015028902589720
1.015028902589721
1.015028902589721
1.015028902589721
1.015028902589721
1.034889563040029
1.034889563040029
1.034889563040029
1.034889563040029
1.034889563040029
1.034889563040029
1.034889563040029
1.034889563040029
1.040573081213118
1.040573081213118
1.040573081213118
1.040573081213118
1.040573081213118
1.040573081213118
1.040573081213118
1.040573081213118
1.051764911065542
1.051764911065542
1.051764911065542
1.051764911065542
1.051764911065542
1.051764911065542
1.051764911065542
1.051764911065542
1.059943390345027
1.059943390345027
1.059943390345027
1.059943390345027
1.059943390345027
1.059943390345027
1.059943390345027
1.059943390345027
1.064775822712975
1.064775822712975
1.064775822712975
1.064775822712975
1.064775822712975
1.064775822712975
1.064775822712975
1.064775822712975
1.078788399883985
1.078788399883985
1.078788399883985
1.078788399883985
1.078788399883985
1.078788399883985
1.078788399883985
1.078788399883985
1.107872207684512
1.107872207684512
1.107872207684512
1.107872207684512
1.107872207684512
1.107872207684512
1.107872207684512
1.107872207684512
1.107925053668509
1.107925053668509
1.107925053668509
1.107925053668509
1.107925053668509
1.107925053668509
1.107925053668509
1.107925053668509
1.118943563461388
1.118943563461388
1.118943563461388
1.118943563461388
1.118943563461388
1.118943563461388
1.118943563461388
1.118943563461388
1.124251756040577
1.124251756040578
1.124251756040578
1.124251756040578
1.124251756040578
1.124251756040578
1.124251756040578
1.124251756040578
1.131871360796292
1.131871360796292
1.131871360796292
1.131871360796292
1.131871360796292
1.131871360796292
1.131871360796292
1.131871360796292
1.136466568900401
1.136466568900401
1.136466568900401
1.136466568900401
1.136466568900401
1.136466568900401
1.136466568900401
1.136466568900401
1.167843439799531
1.167843439799531
1.167843439799531
1.167843439799531
1.167843439799531
1.167843439799531
1.167843439799531
1.167843439799531
1.171813760059039
1.171813760059039
1.171813760059039
1.171813760059039
1.171813760059040
1.171813760059040
1.171813760059040
1.171813760059040
1.207495233433733
1.207495233433733
1.207495233433733
1.207495233433733
1.207495233433733
1.207495233433733
1.207495233433733
1.207495233433733
1.220860027677912
1.220860027677912
1.220860027677912
1.220860027677912
1.220860027677912
1.220860027677912
1.220860027677912
1.220860027677912
1.261945004323653
1.261945004323653
1.261945004323653
1.261945004323653
1.261945004323653
1.261945004323653
1.261945004323653
1.261945004323653
1.310118196780623
1.310118196780623
1.310118196780623
1.310118196780623
1.310118196780623
1.310118196780623
1.310118196780623
1.310118196780623
1.327572371176530
1.327572371176530
1.327572371176530
1.327572371176530
1.327572371176530
1.327572371176530
1.327572371176530
1.327572371176530
1.334575163687708
1.334575163687708
1.334575163687708
1.334575163687708
1.334575163687708
1.334575163687708
1.334575163687708
1.334575163687708
1.345097873811140
1.345097873811140
1.345097873811140
1.345097873811140
1.345097873811140
1.345097873811140
1.345097873811140
1.345097873811140
1.399306513392341
1.399306513392341
1.399306513392341
1.399306513392341
1.399306513392341
1.399306513392341
1.399306513392341
1.399306513392341
1.414834455506535
1.414834455506535
1.414834455506535
1.414834455506535
1.414834455506535
1.414834455506535
1.414834455506535
1.414834455506535
1.420128220098640
1.420128220098640
1.420128220098641
1.420128220098641
1.420128220098641
1.420128220098641
1.420128220098641
1.420128220098641
1.458380807070063
1.458380807070063
1.458380807070063
1.458380807070063
1.458380807070063
1.458380807070063
1.458380807070063
1.458380807070063
1.480868260033668
1.480868260033668
1.480868260033668
1.480868260033668
1.480868260033668
1.480868260033668
1.480868260033668
1.480868260033668
1.487869946135015
1.487869946135015
1.487869946135015
1.487869946135015
1.487869946135015
1.487869946135016
1.487869946135016
1.487869946135016
1.490832095633329
1.490832095633329
1.490832095633329
1.490832095633329
1.490832095633329
1.490832095633329
1.490832095633329
1.490832095633329
1.494837138772098
1.494837138772098
1.494837138772098
1.494837138772098
1.494837138772098
1.494837138772098
1.494837138772099
1.494837138772099
1.530867652045099
1.530867652045099
1.530867652045099
1.530867652045099
1.530867652045099
1.530867652045099
1.530867652045099
1.530867652045099
1.531619772471692
1.531619772471692
1.531619772471692
1.531619772471692
1.531619772471692
1.531619772471692
1.531619772471692
1.531619772471693
1.546285915128539
1.546285915128539
1.546285915128540
1.546285915128540
1.546285915128540
1.546285915128540
1.546285915128540
1.546285915128540
1.552796230484933
1.552796230484933
1.552796230484933
1.552796230484933
1.552796230484933
1.552796230484933
1.552796230484933
1.552796230484933
1.562522841820754
1.562522841820755
1.562522841820755
1.562522841820755
1.562522841820755
1.562522841820755
1.562522841820755
1.562522841820755
1.565884821511364
1.565884821511364
1.565884821511364
1.565884821511364
1.565884821511365
1.565884821511365
1.565884821511365
1.565884821511365
1.610666382786192
1.610666382786192
1.610666382786192
1.610666382786193
1.610666382786193
1.610666382786193
1.610666382786193
1.610666382786193
1.654487270885852
1.654487270885852
1.654487270885852
1.654487270885853
1.654487270885853
1.654487270885853
1.654487270885853
1.654487270885853
1.667044321832573
1.667044321832573
1.667044321832573
1.667044321832574
1.667044321832574
1.667044321832574
1.667044321832574
1.667044321832574
1.669990613245392
1.669990613245392
1.669990613245392
1.669990613245392
1.669990613245392
1.669990613245392
1.669990613245392
1.669990613245392
1.721643432628855
1.721643432628855
1.721643432628855
1.721643432628855
1.721643432628855
1.721643432628855
1.721643432628855
1.721643432628855
1.726166935668735
1.726166935668735
1.726166935668735
1.726166935668735
1.726166935668736
1.726166935668736
1.726166935668736
1.726166935668736
1.758322728474888
1.758322728474888
1.758322728474888
1.758322728474888
1.758322728474888
1.758322728474888
1.758322728474889
1.758322728474889
1.772440225478291
1.772440225478291
1.772440225478291
1.772440225478291
1.772440225478292
1.772440225478292
1.772440225478292
1.772440225478292
1.793377574844666
1.793377574844666
1.793377574844666
1.793377574844666
1.793377574844666
1.793377574844666
1.793377574844666
1.793377574844667
1.819933773015455
1.819933773015455
1.819933773015455
1.819933773015455
1.819933773015456
1.819933773015456
1.819933773015456
1.819933773015456
1.857333138664089
1.857333138664089
1.857333138664089
1.857333138664089
1.857333138664090
1.857333138664090
1.857333138664090
1.857333138664090
1.874429545958176
1.874429545958176
1.874429545958176
1.874429545958176
1.874429545958177
1.874429545958177
1.874429545958177
1.874429545958177
1.892969263643935
1.892969263643935
1.892969263643935
1.892969263643936
1.892969263643936
1.892969263643936
1.892969263643936
1.892969263643936
1.904615824820848
1.904615824820848
1.904615824820848
1.904615824820848
1.904615824820849
1.904615824820849
1.904615824820849
1.904615824820849
1.918174447300480
1.918174447300480
1.918174447300480
1.918174447300481
1.918174447300481
1.918174447300481
1.918174447300481
1.918174447300481
1.937660081758759
1.937660081758759
1.937660081758760
1.937660081758760
1.937660081758760
1.937660081758760
1.937660081758760
1.937660081758760
1.946916390933212
1.946916390933212
1.946916390933212
1.946916390933212
1.946916390933212
1.946916390933212
1.946916390933213
1.946916390933213
1.976543795272113
1.976543795272113
1.976543795272113
1.976543795272113
1.976543795272113
1.976543795272113
1.976543795272113
1.976543795272113
1.978611809923811
1.978611809923811
1.978611809923812
1.978611809923812
1.978611809923812
1.978611809923812
1.978611809923812
1.978611809923812
1.989865193487906
1.989865193487906
1.989865193487907
1.989865193487907
1.989865193487907
1.989865193487907
1.989865193487907
1.989865193487907
1.995416500696019
1.995416500696019
1.995416500696020
1.995416500696020
1.995416500696020
1.995416500696020
1.995416500696020
1.995416500696020
1.997076902573170
1.997076902573170
1.997076902573171
1.997076902573171
1.997076902573171
1.997076902573171
1.997076902573171
1.997076902573171
2.086201975821349
2.086201975821349
2.086201975821349
2.086201975821349
2.086201975821349
2.086201975821349
2.086201975821349
2.086201975821349
2.104249240398022
2.104249240398022
2.104249240398022
2.104249240398022
2.104249240398022
2.104249240398022
2.104249240398023
2.104249240398023
2.132117151519262
2.132117151519262
2.132117151519262
2.132117151519262
2.132117151519262
2.132117151519262
2.132117151519262
2.132117151519262
2.148726757121174
2.148726757121174
2.148726757121174
2.148726757121174
2.148726757121174
2.148726757121174
2.148726757121174
2.148726757121174
2.152835513690661
2.152835513690661
2.152835513690661
2.152835513690661
2.152835513690661
2.152835513690661
2.152835513690661
2.152835513690662
2.168989878655397
2.168989878655397
2.168989878655397
2.168989878655397
2.168989878655397
2.168989878655397
2.168989878655397
2.168989878655398
2.205314765927008
2.205314765927008
2.205314765927008
2.205314765927008
2.205314765927008
2.205314765927008
2.205314765927008
2.205314765927008
2.221570811045771
2.221570811045771
2.221570811045771
2.221570811045771
2.221570811045772
2.221570811045772
2.221570811045772
2.221570811045772
2.224569655906472
2.224569655906472
2.224569655906472
2.224569655906472
2.224569655906472
2.224569655906472
2.224569655906472
2.224569655906473
2.257138691580904
2.257138691580904
2.257138691580904
2.257138691580904
2.257138691580904
2.257138691580904
2.257138691580904
2.257138691580905
2.317252488944837
2.317252488944838
2.317252488944838
2.317252488944838
2.317252488944838
2.317252488944838
2.317252488944838
2.317252488944838
2.330078809968447
2.330078809968447
2.330078809968447
2.330078809968447
2.330078809968447
2.330078809968447
2.330078809968448
2.330078809968448
2.330174182209384
2.330174182209384
2.330174182209384
2.330174182209384
2.330174182209384
2.330174182209385
2.330174182209385
2.330174182209385
2.351607862272968
2.351607862272968
2.351607862272968
2.351607862272968
2.351607862272968
2.351607862272968
2.351607862272968
2.351607862272968
2.367305032867960
2.367305032867960
2.367305032867960
2.367305032867961
2.367305032867961
2.367305032867961
2.367305032867961
2.367305032867961
2.389739333919874
2.389739333919874
2.389739333919874
2.389739333919874
2.389739333919874
2.389739333919874
2.389739333919874
2.389739333919874
2.413195674793916
2.413195674793916
2.413195674793916
2.413195674793916
2.413195674793916
2.413195674793917
2.413195674793917
2.413195674793917
2.423535832724232
2.423535832724232
2.423535832724232
2.423535832724233
2.423535832724233
2.423535832724233
2.423535832724233
2.423535832724233
2.438995779055386
2.438995779055386
2.438995779055387
2.438995779055387
2.438995779055387
2.438995779055387
2.438995779055387
2.438995779055387
2.456241690557221
2.456241690557221
2.456241690557221
2.456241690557221
2.456241690557222
2.456241690557222
2.456241690557222
2.456241690557222
2.466761982395894
2.466761982395894
2.466761982395894
2.466761982395894
2.466761982395894
2.466761982395894
2.466761982395894
2.466761982395894
2.474152644571801
2.474152644571801
2.474152644571801
2.474152644571802
2.474152644571802
2.474152644571802
2.474152644571802
2.474152644571802
2.576994911702380
2.576994911702380
2.576994911702380
2.576994911702380
2.576994911702380
2.576994911702380
2.576994911702381
2.576994911702381
2.597185768957905
2.597185768957905
2.597185768957905
2.597185768957906
2.622520593513384
2.622520593513384
2.622520593513384
2.622520593513384
2.622520593513384
2.622520593513384
2.622520593513384
2.622520593513384
2.643740976713194
2.643740976713194
2.643740976713194
2.643740976713194
2.644525471690553
2.644525471690553
2.644525471690554
2.644525471690554
2.644525471690554
2.644525471690554
2.644525471690554
2.644525471690554
2.660691367114604
2.660691367114604
2.660691367114604
2.660691367114604
2.682944646560417
2.682944646560417
2.682944646560417
2.682944646560417
2.682944646560417
2.682944646560417
2.682944646560417
2.682944646560417
2.694254735729196
2.694254735729196
2.694254735729196
2.694254735729196
2.694254735729196
2.694254735729196
2.694254735729196
2.694254735729196
2.700306954921554
2.700306954921554
2.700306954921554
2.700306954921554
2.700306954921554
2.700306954921554
2.700306954921554
2.700306954921554
2.729884362885262
2.729884362885262
2.729884362885262
2.729884362885262
2.729884362885262
2.729884362885262
2.729884362885262
2.729884362885262
2.792788081979994
2.792788081979994
2.792788081979994
2.792788081979994
2.792788081979995
2.792788081979995
2.792788081979995
2.792788081979995
2.802919853513743
2.802919853513743
2.802919853513743
2.802919853513743
2.802919853513743
2.802919853513743
2.802919853513743
2.802919853513743
2.829237742906377
2.829237742906377
2.829237742906377
2.829237742906377
2.829237742906377
2.829237742906377
2.829237742906377
2.829237742906377
2.840211261908950
2.840211261908950
2.840211261908951
2.840211261908951
2.846041176743743
2.846041176743743
2.846041176743743
2.846041176743743
2.846041176743743
2.846041176743743
2.846041176743743
2.846041176743743
2.865274926955030
2.865274926955030
2.865274926955030
2.865274926955030
2.865274926955030
2.865274926955030
2.865274926955030
2.865274926955030
2.901165713357642
2.901165713357642
2.901165713357642
2.901165713357642
2.901165713357642
2.901165713357642
2.901165713357642
2.901165713357642
2.917731922931168
2.917731922931169
2.917731922931169
2.917731922931169
2.917731922931169
2.917731922931169
2.917731922931169
2.917731922931169
2.924179467930473
2.924179467930473
2.924179467930473
2.924179467930473
2.967865515751152
2.967865515751153
2.967865515751153
2.967865515751153
2.975950833411509
2.975950833411509
2.975950833411509
2.975950833411509
2.986117254565231
2.986117254565232
2.986117254565232
2.986117254565232
3.087127363642883
3.087127363642883
3.087127363642883
3.087127363642883
3.131709444528999
3.131709444528999
3.131709444528999
3.131709444528999
3.155509264827110
3.155509264827110
3.155509264827110
3.155509264827110
3.194568471754349
3.194568471754349
3.194568471754349
3.194568471754349
3.203443586744811
3.203443586744811
3.203443586744811
3.203443586744811
3.212271564914984
3.212271564914984
3.212271564914984
3.212271564914984
3.240016814825765
3.240016814825765
3.240016814825765
3.240016814825765
3.303771875116551
3.303771875116551
3.303771875116551
3.303771875116551
3.313052305454245
3.313052305454245
3.313052305454245
3.313052305454245
3.340861568100309
3.340861568100309
3.340861568100309
3.340861568100309
3.358005786737173
3.358005786737173
3.358005786737173
3.358005786737173
3.376258720091586
3.376258720091586
3.376258720091587
3.376258720091587
3.412789538551574
3.412789538551574
3.412789538551574
3.412789538551574
3.429696532924599
3.429696532924599
3.429696532924599
3.429696532924599
Kgrid: 22
-2.357023688806754
-2.132545242253730
-1.908066795700706
-1.683588349147682
-1.459109902594657
-1.234631456041633
-1.010153009488609
-0.785674562935585
-0.561196116382561
-0.336717669829536
-0.112239223276512
0.112239223276512
0.336717669829536
0.561196116382561
0.785674562935585
1.010153009488609
1.234631456041633
1.459109902594657
1.683588349147681
1.908066795700706
2.132545242253730
2.357023688806754
DavVals: 8
-0.040680726603840
-0.040680726603837
0.094636875314540
0.094636875314540
0.129331897269644
0.129331897269644
0.139077333155931
0.139077333155932

                            End of Section: Vectors                            

--------------------------------------------------------------------------------

                                    Matrices                                    

--------------------------------------------------------------------------------

Occupied States: 88 x 2
         6         8
         6         9
         6        10
         6        11
         6        12
         6        13
         7         7
         7         8
         7         9
         7        10
         7        11
         7        12
         7        13
         7        14
         8         6
         8         7
         8         8
         8         9
         8        10
         8        11
         8        12
         8        13
         8        14
         8        15
         9         6
         9         7
         9         8
         9         9
         9        10
         9        11
         9        12
         9        13
         9        14
         9        15
        10         6
        10         7
        10         8
        10         9
        10        10
        10        11
        10        12
        10        13
        10        14
        10        15
        11         6
        11         7
        11         8
        11         9
        11        10
        11        11
        11        12
        11        13
        11        14
        11        15
        12         6
        12         7
        12         8
        12         9
        12        10
        12        11
        12        12
        12        13
        12        14
        12        15
        13         6
        13         7
        13         8
        13         9
        13        10
        13        11
        13        12
        13        13
        13        14
        13        15
        14         7
        14         8
        14         9
        14        10
        14        11
        14        12
        14        13
        14        14
        15         8
        15         9
        15        10
        15        11
        15        12
        15        13
Virtual States: 353 x 2
         0         0
         0         1
         0         2
         0         3
         0         4
         0         5
         0         6
         0         7
         0         8
         0         9
         0        10
         0        11
         0        12
         0        13
         0        14
         0        15
         0        16
         0        17
         0        18
         0        19
         0        20
         1         0
         1         1
         1         2
         1         3
         1         4
         1         5
         1         6
         1         7
         1         8
         1         9
         1        10
         1        11
         1        12
         1        13
         1        14
         1        15
         1        16
         1        17
         1        18
         1        19
         1        20
         2         0
         2         1
         2         2
         2         3
         2         4
         2         5
         2         6
         2         7
         2         8
         2         9
         2        10
         2        11
         2        12
         2        13
         2        14
         2        15
         2        16
         2        17
         2        18
         2        19
         2        20
         3         0
         3         1
         3         2
         3         3
         3         4
         3         5
         3         6
         3         7
         3         8
         3         9
         3        10
         3        11
         3        12
         3        13
         3        14
         3        15
         3        16
         3        17
         3        18
         3        19
         3        20
         4         0
         4         1
         4         2
         4         3
         4         4
         4         5
         4         6
         4         7
         4         8
         4         9
         4        10
         4        11
         4        12
         4        13
         4        14
         4        15
         4        16
         4        17
         4        18
         4        19
         4        20
         5         0
         5         1
         5         2
         5         3
         5         4
         5         5
         5         6
         5         7
         5         8
         5         9
         5        10
         5        11
         5        12
         5        13
         5        14
         5        15
         5        16
         5        17
         5        18
         5        19
         5        20
         6         0
         6         1
         6         2
         6         3
         6         4
         6         5
         6         6
         6         7
         6        14
         6        15
         6        16
         6        17
         6        18
         6        19
         6        20
         7         0
         7         1
         7         2
         7         3
         7         4
         7         5
         7         6
         7        15
         7        16
         7        17
         7        18
         7        19
         7        20
         8         0
         8         1
         8         2
         8         3
         8         4
         8         5
         8        16
         8        17
         8        18
         8        19
         8        20
         9         0
         9         1
         9         2
         9         3
         9         4
         9         5
         9        16
         9        17
         9        18
         9        19
         9        20
        10         0
        10         1
        10         2
        10         3
        10         4
        10         5
        10        16
        10        17
        10        18
        10        19
        10        20
        11         0
        11         1
        11         2
        11         3
        11         4
        11         5
        11        16
        11        17
        11        18
        11        19
        11        20
        12         0
        12         1
        12         2
        12         3
        12         4
        12         5
        12        16
        12        17
        12        18
        12        19
        12        20
        13         0
        13         1
        13         2
        13         3
        13         4
        13         5
        13        16
        13        17
        13        18
        13        19
        13        20
        14         0
        14         1
        14         2
        14         3
        14         4
        14         5
        14         6
        14        15
        14        16
        14        17
        14        18
        14        19
        14        20
        15         0
        15         1
        15         2
        15         3
        15         4
        15         5
        15         6
        15         7
        15        14
        15        15
        15        16
        15        17
        15        18
        15        19
        15        20
        16         0
        16         1
        16         2
        16         3
        16         4
        16         5
        16         6
        16         7
        16         8
        16         9
        16        10
        16        11
        16        12
        16        13
        16        14
        16        15
        16        16
        16        17
        16        18
        16        19
        16        20
        17         0
        17         1
        17         2
        17         3
        17         4
        17         5
        17         6
        17         7
        17         8
        17         9
        17        10
        17        11
        17        12
        17        13
        17        14
        17        15
        17        16
        17        17
        17        18
        17        19
        17        20
        18         0
        18         1
        18         2
        18         3
        18         4
        18         5
        18         6
        18         7
        18         8
        18         9
        18        10
        18        11
        18        12
        18        13
        18        14
        18        15
        18        16
        18        17
        18        18
        18        19
        18        20
        19         0
        19         1
        19         2
        19         3
        19         4
        19         5
        19         6
        19         7
        19         8
        19         9
        19        10
        19        11
        19        12
        19        13
        19        14
        19        15
        19        16
        19        17
        19        18
        19        19
        19        20
        20         0
        20         1
        20         2
        20         3
        20         4
        20         5
        20         6
        20         7
        20         8
        20         9
        20        10
        20        11
        20        12
        20        13
        20        14
        20        15
        20        16
        20        17
        20        18
        20        19
        20        20
Excitations: 1048 x 2
           73          227
           64          226
           23          227
           14          226
           73          148
           64          147
           23          148
           14          147
            6          240
           13          241
           13          134
            6          133
           74          240
           81          241
           74          133
           81          134
            0          256
            0          113
            5          118
            5          261
           82          256
           82          113
           87          261
           87          118
           24          226
           63          227
           54          226
           33          227
           24          147
           63          148
           54          147
           33          148
            1          257
            1          114
            4          117
           86          117
           86          260
            4          260
           83          257
           83          114
            3          116
           85          116
            2          258
           84          258
            3          259
           84          115
            2          115
           85          259
           53          227
           44          226
           43          227
           34          226
           53          148
           43          148
           44          147
           34          147
           73          242
           64          239
           73          135
           64          132
           23          242
           14          239
           23          135
           14          132
           15          240
           65          240
           72          241
           22          241
           72          134
           65          133
           15          133
           22          134
            6          255
            6          112
           13          262
           13          119
           74          112
           74          255
           81          262
           81          119
           54          239
           24          239
           63          242
           33          242
           63          135
           24          132
           33          135
           54          132
           62          241
           62          134
           32          241
           55          240
           25          240
           25          133
           32          134
           55          133
            7          256
            7          113
           12          261
           12          118
           75          256
           75          113
           80          118
           80          261
            8          114
           11          260
            8          257
           11          117
           76          257
           76          114
           79          260
           79          117
            9          115
            9          258
           10          116
           10          259
           78          116
           77          115
           77          258
           78          259
           53          242
           44          239
           43          242
           53          135
           34          239
           43          135
           44          132
           34          132
           52          241
           42          241
           35          240
           42          134
           52          134
           45          240
           35          133
           45          133
            5          282
            5           97
            0          277
            0           92
           87          282
           87           97
           82           92
           82          277
            1          278
            1           93
            4          281
           86           96
           86          281
            4           96
           83          278
           83           93
            3          280
            3           95
            2          279
           85          280
           84          279
           84           94
           85           95
            2           94
           73          263
           64          254
           73          120
           64          111
           14          254
           23          263
           23          120
           14          111
           65          112
           65          255
           15          255
           15          112
           72          262
           72          119
           22          262
           22          119
           16          256
           66          256
           66          113
           16          113
           71          261
           71          118
           21          261
           21          118
           17          257
           67          257
           17          114
           67          114
           70          260
           70          117
           20          260
           20          117
           19          116
           69          116
           18          258
           68          258
           68          115
           18          115
           69          259
           19          259
           24          254
           54          254
           63          263
           24          111
           54          111
           63          120
           33          263
           33          120
            6           91
            6          276
           13           98
           13          283
           74           91
           81           98
           81          283
           74          276
           25          112
           25          255
           62          119
           62          262
           55          255
           55          112
           32          262
           32          119
           44          254
           53          263
           34          111
           43          120
           43          263
           53          120
           44          111
           34          254
           56          256
           26          256
           61          261
           26          113
           61          118
           56          113
           31          261
           31          118
           30          117
           30          260
           27          114
           57          257
           27          257
           57          114
           60          260
           60          117
           59          116
           28          258
           28          115
           58          115
           58          258
           29          259
           29          116
           59          259
           12           97
           12          282
            7           92
            7          277
           80          282
           80           97
           75           92
           75          277
           11          281
            8           93
           11           96
            8          278
           76           93
           76          278
           79           96
           79          281
           42          119
           42          262
           35          255
           45          112
           35          112
           45          255
           52          119
           52          262
            9          279
            9           94
           10          280
           78          280
           77          279
           10           95
           77           94
           78           95
           46          256
           41          118
           46          113
           51          261
           41          261
           51          118
           36          113
           36          256
           40          260
           50          117
           40          117
           50          260
           37          114
           37          257
           47          114
           47          257
           48          115
           48          258
           49          116
           38          115
           39          259
           39          116
           49          259
           38          258
            5          303
            0          298
            5           76
           87          303
           82          298
           82           71
           87           76
            0           71
           73          284
           73           99
           64          275
           64           90
           23          284
           14           90
           14          275
           23           99
            1          299
           86          302
            4          302
           83          299
            1           72
           86           75
           83           72
            4           75
            3          301
           84          300
           85          301
            2          300
            3           74
           85           74
           84           73
            2           73
           65           91
           15           91
           22          283
           72           98
           15          276
           65          276
           22           98
           72          283
           21           97
           71          282
           16          277
           66          277
           71           97
           21          282
           66           92
           16           92
           33          284
           33           99
           24          275
           54           90
           54          275
           63          284
           63           99
           24           90
           17           93
           67          278
           17          278
           67           93
           70           96
           70          281
           20           96
           20          281
           69           95
           18           94
           18          279
           69          280
           19          280
           68           94
           19           95
           68          279
           34          275
           34           90
           44          275
           44           90
           53           99
           43          284
           53          284
           43           99
           25           91
           62           98
           62          283
           55           91
           55          276
           25          276
           32          283
           32           98
            6          297
           13          304
           13           77
            6           70
           74          297
           81          304
           74           70
           81           77
           61           97
           31          282
           61          282
           31           97
           26           92
           26          277
           56          277
           56           92
           60           96
           57          278
           30          281
           57           93
           60          281
           30           96
           27          278
           27           93
           42          283
           35           91
           42           98
           52          283
           52           98
           45          276
           35          276
           45           91
           28          279
           29          280
           58          279
           58           94
           59          280
           28           94
           59           95
           29           95
           12          303
            7          298
            7           71
           80          303
           12           76
           75          298
           75           71
           80           76
           51          282
           51           97
           41          282
           41           97
           46           92
           46          277
           36          277
           36           92
           11          302
            8          299
           76          299
            8           72
           79          302
           11           75
           76           72
           79           75
            9          300
           10          301
            9           73
           77          300
           78          301
           10           74
           78           74
           77           73
           40           96
           40          281
           50          281
           37          278
           50           96
           37           93
           47          278
           47           93
           48          279
           48           94
           39          280
           49           95
           38          279
           49          280
           38           94
           39           95
           73          305
           73           78
           64          296
           23          305
           64           69
           14          296
           23           78
           14           69
           87          324
            5          324
            0          319
           82          319
           87           55
            5           55
            0           50
           82           50
           86          323
            4          323
            1          320
           83          320
            1           51
            4           54
           86           54
           83           51
           65          297
           15          297
           72          304
           15           70
           72           77
           65           70
           22          304
           22           77
           85          322
            2          321
            3          322
           84          321
            2           52
           84           52
            3           53
           85           53
           24          296
           54          296
           63          305
           63           78
           33          305
           33           78
           54           69
           24           69
           71          303
           66          298
           16          298
           21          303
           71           76
           66           71
           21           76
           16           71
           70          302
           17          299
           67          299
           20          302
           67           72
           17           72
           20           75
           70           75
           19          301
           68          300
           69          301
           18          300
           18           73
           19           74
           68           73
           69           74
           53          305
           44          296
           43          305
           53           78
           34          296
           43           78
           44           69
           34           69
           25          297
           62          304
           55          297
           32          304
           62           77
           25           70
           55           70
           32           77
            6          318
            6           49
           13          325
           74          318
           81          325
           74           49
           13           56
           81           56
           31          303
           61          303
           56          298
           26          298
           31           76
           61           76
           56           71
           26           71
           52          304
           42          304
           35          297
           45          297
           35           70
           52           77
           42           77
           45           70
           30          302
           27          299
           60          302
           57          299
           57           72
           27           72
           30           75
           60           75
           58          300
           28          300
           59          301
           29          301
           28           73
           59           74
           58           73
           29           74
           12          324
            7          319
           12           55
           75          319
            7           50
           80          324
           75           50
           80           55
           41          303
           51          303
           46          298
           41           76
           51           76
           36          298
           46           71
           36           71
           50          302
           37          299
           40          302
           47          299
           37           72
           40           75
           50           75
           47           72
            8          320
           11          323
           76          320
           11           54
            8           51
           79          323
           76           51
           79           54
           48          300
           49          301
           38          300
           48           73
           39          301
           49           74
           38           73
           39           74
            9          321
           10          322
           78          322
           77          321
            9           52
           10           53
           78           53
           77           52
           73          326
           64          317
           23          326
           73           57
           14          317
           64           48
           23           57
           14           48
            0           29
            5           34
           87           34
            0          340
            5          345
           87          345
           82           29
           82          340
           65          318
           15          318
           72          325
           65           49
           15           49
           22          325
           72           56
           22           56
            4           33
           86           33
            1          341
           83          341
           86          344
            1           30
            4          344
           83           30
            3          343
           85          343
            2          342
           84           31
            3           32
           84          342
            2           31
           85           32
           24          317
           54          317
           33          326
           24           48
           63           57
           54           48
           63          326
           33           57
           71          324
           66          319
           71           55
           66           50
           16          319
           16           50
           21          324
           21           55
           67          320
           20          323
           17          320
           67           51
           17           51
           70          323
           20           54
           70           54
           19          322
           68          321
           18          321
           69          322
           18           52
           69           53
           19           53
           68           52
           43          326
           34          317
           53          326
           44          317
           34           48
           53           57
           44           48
           43           57
           55          318
           25          318
           62          325
           25           49
           55           49
           32          325
           62           56
           32           56
           61          324
           56          319
           31          324
           26          319
           61           55
           31           55
           26           50
           56           50
           13           35
           74           28
           74          339
            6          339
           13          346
            6           28
           81          346
           81           35
           45          318
           52          325
           35          318
           42          325
           35           49
           45           49
           52           56
           42           56
           60          323
           57          320
           30          323
           57           51
           60           54
           27          320
           27           51
           30           54
           58          321
           59          322
           28          321
           29           53
           58           52
           28           52
           59           53
           29          322
           51           55
           51          324
           46          319
           41           55
           41          324
           36          319
           46           50
           36           50
           12           34
           12          345
            7           29
            7          340
           75           29
           80          345
           75          340
           80           34
           50          323
           37          320
           40          323
           37           51
           50           54
           47          320
           47           51
           40           54
           48          321
           49          322
           49           53
           39           53
           48           52
           38          321
           38           52
           39          322
            8          341
            8           30
           11           33
           11          344
           79          344
           76           30
           79           33
           76          341
           73          347
           73           36
           64           27
           64          338
           23          347
           14           27
           23           36
           14          338
           10          343
            9           31
            9          342
           78          343
           77          342
           10           32
           78           32
           77           31
           72          346
           72           35
           65           28
           65          339
           15           28
           15          339
           22           35
           22          346
            0            8
            5           13
           87           13
           82            8
           54          338
           24          338
           63           36
           54           27
           33          347
           24           27
           33           36
           63          347
            4           12
           86           12
            1            9
           83            9
           66           29
           16           29
           71          345
           71           34
           66          340
           16          340
           21           34
           21          345
            3           11
            2           10
           85           11
           84           10
           67           30
           67          341
           17          341
           17           30
           70          344
           20           33
           70           33
           20          344
           44          338
           34           27
           43           36
           53          347
           44           27
           34          338
           43          347
           53           36
           19           32
           69          343
           68          342
           19          343
           69           32
           18           31
           18          342
           68           31
           55           28
           55          339
           25           28
           25          339
           62           35
           32           35
           62          346
           32          346
           56           29
           61          345
           61           34
           26           29
           31           34
           26          340
           31          345
           56          340
           35          339
           35           28
           52           35
           52          346
           42           35
           42          346
           45          339
           45           28
           30          344
           60           33
           30           33
           60          344
           57           30
           57          341
           27           30
           27          341
            6            7
           13           14
           81           14
           74            7
           28           31
           28          342
           29          343
           29           32
           59          343
           58          342
           58           31
           59           32
           46           29
           51          345
           51           34
           41           34
           36          340
           46          340
           41          345
           36           29
           47           30
           40          344
           50          344
           40           33
           37           30
           50           33
           47          341
           37          341
           48          342
           49           32
           39           32
           39          343
           38           31
           38          342
           49          343
           48           31
            7            8
           12           13
           80           13
           75            8
            8            9
           11           12
           76            9
           79           12
           73           15
           64            6
           14            6
           23           15
            9           10
           10           11
           78           11
           77           10
           15            7
           72           14
           65            7
           22           14
           33           15
           24            6
           54            6
           63           15
           71           13
           16            8
           66            8
           21           13
           67            9
           20           12
           70           12
           17            9
           43           15
           53           15
           34            6
           44            6
           68           10
           18           10
           69           11
           19           11
           62           14
           32           14
           55            7
           25            7
           26            8
           31           13
           56            8
           61           13
           52           14
           35            7
           42           14
           45            7
           60           12
           57            9
           30           12
           27            9
           59           11
           28           10
           58           10
           29           11
           41           13
           51           13
           46            8
           36            8
           37            9
           40           12
           50           12
           47            9
           48           10
           49           11
           38           10
           39           11

                            End of Section: Matrices                            

################################################################################

                              End of Output File.                              

################################################################################
