################################################################################

            Output File for HFS, the Hartree-Fock Stability Program            
                              Author: Evan Curtin                              
             Institution: University of Illinois @ Urbana-Champaign             
                          email: ecurtin2@illinois.edu                          
                       Built on Nov  2 2016, at 17:06:03                       

################################################################################

                Computation Started : Wed Nov  2 17:18:53 2016
                
                Computation Finished: Wed Nov  2 17:19:05 2016
                
                     Total Elapsed Time = 12.2136 seconds.                     

--------------------------------------------------------------------------------

                                     Input                                     

--------------------------------------------------------------------------------

Nk = 16
ndim = 2
rs = 1.200000047683716
mycase = cRHF2cUHF

                             End of Section: Input                             

--------------------------------------------------------------------------------

                                     Output                                     

--------------------------------------------------------------------------------

deltaK = 0.314269825174234
kf = 1.178511255147749
kmax = 2.357023688806754
Nocc = 44
Nvir = 181
Nexc = 380
ground_state_degeneracy = 8
dav_its = 18
num_guess_evecs = 50
Dav_blocksize = 20
Dav_Num_evals = 8
Mv_time = 0.004011000000000
cond_number = 34.167363239513257
Dav_nconv = 8
Davidson Tolerance = 1.00e-08
Dav_maxits = 50
Dav_maxsubsize = 1000
Dav_final_val = -0.027833690483411
Dav_time = 9.967997449000000
full_diag_min = -0.027833690483409
full_diag_time = 2.237314826000000

                             End of Section: Output                             

--------------------------------------------------------------------------------

                                    Vectors                                    

--------------------------------------------------------------------------------

Occ Energies: 44
-0.052401054187673
-0.052401054187673
-0.043383644288842
-0.350494712893065
-0.511946989636546
-0.511946989636546
-0.350494712893065
-0.043383644288841
-0.350494712893065
-0.659255245479966
-0.805799457410466
-0.805799457410466
-0.659255245479967
-0.350494712893065
-0.052401054187673
-0.511946989636546
-0.805799457410466
-0.948645765167296
-0.948645765167296
-0.805799457410466
-0.511946989636545
-0.052401054187673
-0.052401054187673
-0.511946989636546
-0.805799457410466
-0.948645765167296
-0.948645765167296
-0.805799457410466
-0.511946989636545
-0.052401054187673
-0.350494712893065
-0.659255245479967
-0.805799457410466
-0.805799457410466
-0.659255245479967
-0.350494712893065
-0.043383644288842
-0.350494712893065
-0.511946989636546
-0.511946989636545
-0.350494712893065
-0.043383644288841
-0.052401054187673
-0.052401054187673
Vir Energies: 181
5.291629850179061
4.595520058058906
3.990077096618870
3.477150163337555
3.059843309355873
2.742653467690009
2.528801939273540
2.420955281129399
2.420955281129399
2.528801939273540
2.742653467690010
3.059843309355873
3.477150163337554
3.990077096618872
4.595520058058908
4.595520058058906
3.899088990360929
3.292664905009473
2.778066873407689
2.358445214485859
2.038559663536659
1.822100784847138
1.712512850146966
1.712512850146966
1.822100784847138
2.038559663536660
2.358445214485859
2.778066873407689
3.292664905009473
3.899088990360930
3.990077096618870
3.292664905009473
2.683202868362217
2.163298179042489
1.736151269463818
1.407233461812117
1.181350312928691
1.064658899429105
1.064658899429105
1.181350312928691
1.407233461812117
1.736151269463819
2.163298179042489
2.683202868362218
3.292664905009473
3.477150163337555
2.778066873407689
2.163298179042489
1.633619243499127
1.191550532140170
0.843741217247455
0.595418667888810
0.452848314996005
0.452848314996005
0.595418667888810
0.843741217247455
1.191550532140170
1.633619243499127
2.163298179042490
2.778066873407690
3.059843309355873
2.358445214485859
1.736151269463818
1.191550532140170
0.721773960568709
0.331815230947544
0.046219404835629
0.046219404835629
0.331815230947544
0.721773960568709
1.191550532140170
1.736151269463819
2.358445214485859
2.742653467690009
2.038559663536659
1.407233461812117
0.843741217247455
0.331815230947544
0.331815230947544
0.843741217247455
1.407233461812118
2.038559663536660
2.528801939273540
1.822100784847138
1.181350312928691
0.595418667888810
0.046219404835629
0.046219404835629
0.595418667888810
1.181350312928692
1.822100784847139
2.420955281129399
1.712512850146966
1.064658899429105
0.452848314996005
0.452848314996005
1.064658899429106
1.712512850146967
2.420955281129399
1.712512850146966
1.064658899429105
0.452848314996005
0.452848314996005
1.064658899429106
1.712512850146967
2.528801939273539
1.822100784847138
1.181350312928691
0.595418667888810
0.046219404835629
0.046219404835629
0.595418667888810
1.181350312928692
1.822100784847139
2.742653467690010
2.038559663536659
1.407233461812117
0.843741217247455
0.331815230947544
0.331815230947544
0.843741217247455
1.407233461812118
2.038559663536660
3.059843309355873
2.358445214485859
1.736151269463819
1.191550532140170
0.721773960568709
0.331815230947544
0.046219404835629
0.046219404835629
0.331815230947544
0.721773960568709
1.191550532140170
1.736151269463820
2.358445214485860
3.477150163337555
2.778066873407689
2.163298179042489
1.633619243499127
1.191550532140170
0.843741217247455
0.595418667888810
0.452848314996005
0.452848314996005
0.595418667888810
0.843741217247455
1.191550532140170
1.633619243499127
2.163298179042490
2.778066873407690
3.990077096618872
3.292664905009474
2.683202868362218
2.163298179042490
1.736151269463819
1.407233461812118
1.181350312928692
1.064658899429106
1.064658899429106
1.181350312928692
1.407233461812118
1.736151269463820
2.163298179042490
2.683202868362219
3.292664905009474
4.595520058058908
3.899088990360930
3.292664905009473
2.778066873407690
2.358445214485859
2.038559663536660
1.822100784847139
1.712512850146967
1.712512850146967
1.822100784847139
2.038559663536661
2.358445214485860
2.778066873407690
3.292664905009474
3.899088990360930
Excitation Energies: 380
0.098620459023302
0.098620459023302
0.098620459023302
0.098620459023302
0.098620459023302
0.098620459023302
0.098620459023302
0.098620459023302
0.375198875236385
0.375198875236385
0.375198875236385
0.375198875236386
0.375198875236386
0.375198875236386
0.375198875236386
0.375198875236386
0.384216285135217
0.384216285135217
0.384216285135217
0.384216285135217
0.384216285135218
0.384216285135218
0.384216285135218
0.384216285135218
0.396714117728694
0.396714117728694
0.396714117728694
0.396714117728694
0.396714117728694
0.396714117728694
0.396714117728694
0.396714117728694
0.505249369183678
0.505249369183678
0.505249369183678
0.505249369183678
0.505249369183678
0.505249369183678
0.505249369183678
0.505249369183679
0.682309943840609
0.682309943840609
0.682309943840609
0.682309943840609
0.682309943840609
0.682309943840609
0.682309943840610
0.682309943840610
0.705474650315595
0.705474650315595
0.705474650315595
0.705474650315595
0.705474650315595
0.705474650315596
0.705474650315596
0.705474650315596
0.774175014756382
0.774175014756382
0.774175014756383
0.774175014756383
0.774175014756383
0.774175014756383
0.774175014756383
0.774175014756383
0.843762220584090
0.843762220584090
0.843762220584090
0.843762220584090
0.843762220584090
0.843762220584090
0.843762220584090
0.843762220584090
0.852018862246095
0.852018862246095
0.852018862246095
0.852018862246095
0.852018862246095
0.852018862246095
0.852018862246095
0.852018862246095
0.887124861536296
0.887124861536296
0.887124861536296
0.887124861536296
0.887124861536296
0.887124861536296
0.887124861536297
0.887124861536297
0.945913380781875
0.945913380781875
0.945913380781875
0.945913380781875
0.945913380781875
0.945913380781875
0.945913380781875
0.945913380781875
0.964795304632550
0.964795304632550
0.964795304632551
0.964795304632551
0.964795304632551
0.964795304632551
0.964795304632551
0.964795304632551
1.117059953616778
1.117059953616778
1.117059953616778
1.117059953616778
1.117059953616779
1.117059953616779
1.117059953616779
1.117059953616779
1.194235930140520
1.194235930140520
1.194235930140520
1.194235930140520
1.194235930140520
1.194235930140520
1.194235930140520
1.194235930140520
1.243951586327843
1.243951586327843
1.243951586327843
1.243951586327843
1.243951586327844
1.243951586327844
1.243951586327844
1.243951586327844
1.254673913368776
1.254673913368776
1.254673913368776
1.254673913368776
1.254673913368776
1.254673913368777
1.254673913368777
1.254673913368777
1.258647772406471
1.258647772406471
1.258647772406471
1.258647772406471
1.258647772406471
1.258647772406472
1.258647772406472
1.258647772406472
1.355688206884000
1.355688206884000
1.355688206884000
1.355688206884000
1.355688206884001
1.355688206884001
1.355688206884001
1.355688206884001
1.401218125299276
1.401218125299276
1.401218125299276
1.401218125299276
1.401218125299276
1.401218125299276
1.401218125299276
1.401218125299276
1.401494080163301
1.401494080163301
1.401494080163301
1.401494080163301
1.401494080163301
1.401494080163301
1.401494080163301
1.401494080163301
1.450617106100958
1.450617106100958
1.450617106100959
1.450617106100959
1.450617106100959
1.450617106100959
1.450617106100959
1.450617106100959
1.531845025821756
1.531845025821756
1.531845025821757
1.531845025821757
1.531845025821757
1.531845025821757
1.531845025821757
1.531845025821758
1.576605889065650
1.576605889065650
1.576605889065651
1.576605889065651
1.576605889065651
1.576605889065651
1.576605889065652
1.576605889065652
1.757728174705182
1.757728174705182
1.757728174705182
1.757728174705182
1.757728174705183
1.757728174705183
1.757728174705183
1.757728174705183
1.764913904334639
1.764913904334639
1.764913904334639
1.764913904334640
1.764913904334640
1.764913904334640
1.764913904334640
1.764913904334640
1.788552323651492
1.788552323651492
1.788552323651492
1.788552323651492
1.788552323651492
1.788552323651492
1.788552323651493
1.788552323651493
1.840605558408658
1.840605558408658
1.840605558408658
1.840605558408658
1.840605558408658
1.840605558408658
1.840605558408658
1.840605558408659
1.870458356839571
1.870458356839571
1.870458356839571
1.870458356839571
1.870458356839572
1.870458356839572
1.870458356839572
1.870458356839572
1.919180451448663
1.919180451448663
1.919180451448663
1.919180451448663
1.919180451448663
1.919180451448663
1.919180451448663
1.919180451448664
1.987149770339157
1.987149770339157
1.987149770339157
1.987149770339158
1.987149770339158
1.987149770339158
1.987149770339158
1.987149770339158
2.013304664596401
2.013304664596401
2.013304664596401
2.013304664596401
2.013304664596402
2.013304664596402
2.013304664596402
2.013304664596402
2.081943307825501
2.081943307825501
2.081943307825501
2.081943307825501
2.081943307825501
2.081943307825501
2.081943307825501
2.081943307825502
2.172595497740203
2.172595497740203
2.172595497740203
2.172595497740204
2.172595497740204
2.172595497740204
2.172595497740204
2.172595497740204
2.224459839783512
2.224459839783512
2.224459839783512
2.224459839783512
2.224459839783512
2.224459839783512
2.224459839783512
2.224459839783512
2.389054376429725
2.389054376429725
2.389054376429725
2.389054376429725
2.389054376429725
2.389054376429725
2.389054376429725
2.389054376429725
2.410846268673532
2.410846268673532
2.410846268673532
2.410846268673532
2.410846268673533
2.410846268673533
2.410846268673533
2.410846268673533
2.473356335317072
2.473356335317072
2.473356335317072
2.473356335317073
2.481356030327104
2.481356030327104
2.481356030327105
2.481356030327105
2.481356030327105
2.481356030327105
2.481356030327106
2.481356030327106
2.518312307557432
2.518312307557432
2.518312307557432
2.518312307557432
2.518312307557433
2.518312307557433
2.518312307557433
2.518312307557433
2.550506653173205
2.550506653173205
2.550506653173205
2.550506653173205
2.550506653173206
2.550506653173206
2.550506653173206
2.550506653173206
2.627900242257604
2.627900242257604
2.627900242257604
2.627900242257605
2.627900242257605
2.627900242257605
2.627900242257605
2.627900242257605
2.661158615314262
2.661158615314262
2.661158615314262
2.661158615314262
2.661158615314263
2.661158615314263
2.661158615314263
2.661158615314263
2.786037111978851
2.786037111978851
2.786037111978851
2.786037111978851
2.879296652166605
2.879296652166605
2.879296652166605
2.879296652166605
2.932902270765944
2.932902270765945
2.932902270765945
2.932902270765945
3.093148180583075
3.093148180583075
3.093148180583075
3.093148180583075
3.112244363543546
3.112244363543546
3.112244363543546
3.112244363543546
3.188057184753506
3.188057184753506
3.188057184753506
3.188057184753506
3.226754738539865
3.226754738539865
3.226754738539865
3.226754738539865
3.254600457326555
3.254600457326555
3.254600457326555
3.254600457326555
3.334601396684006
3.334601396684006
3.334601396684006
3.334601396684006
3.369601046296695
3.369601046296695
3.369601046296695
3.369601046296695
Kgrid: 16
-2.357023688806754
-2.042753863632520
-1.728484038458286
-1.414214213284053
-1.099944388109819
-0.785674562935585
-0.471404737761351
-0.157134912587117
0.157134912587117
0.471404737761351
0.785674562935585
1.099944388109819
1.414214213284053
1.728484038458287
2.042753863632521
2.357023688806754
DavVals: 8
-0.027833690483411
-0.027833690483409
0.030793964990818
0.030793964990818
0.048827090626750
0.048827090626750
0.054622808364192
0.054622808364192

                            End of Section: Vectors                            

--------------------------------------------------------------------------------

                                    Matrices                                    

--------------------------------------------------------------------------------

Occupied States: 44 x 2
         4         7
         4         8
         5         5
         5         6
         5         7
         5         8
         5         9
         5        10
         6         5
         6         6
         6         7
         6         8
         6         9
         6        10
         7         4
         7         5
         7         6
         7         7
         7         8
         7         9
         7        10
         7        11
         8         4
         8         5
         8         6
         8         7
         8         8
         8         9
         8        10
         8        11
         9         5
         9         6
         9         7
         9         8
         9         9
         9        10
        10         5
        10         6
        10         7
        10         8
        10         9
        10        10
        11         7
        11         8
Virtual States: 181 x 2
         0         0
         0         1
         0         2
         0         3
         0         4
         0         5
         0         6
         0         7
         0         8
         0         9
         0        10
         0        11
         0        12
         0        13
         0        14
         1         0
         1         1
         1         2
         1         3
         1         4
         1         5
         1         6
         1         7
         1         8
         1         9
         1        10
         1        11
         1        12
         1        13
         1        14
         2         0
         2         1
         2         2
         2         3
         2         4
         2         5
         2         6
         2         7
         2         8
         2         9
         2        10
         2        11
         2        12
         2        13
         2        14
         3         0
         3         1
         3         2
         3         3
         3         4
         3         5
         3         6
         3         7
         3         8
         3         9
         3        10
         3        11
         3        12
         3        13
         3        14
         4         0
         4         1
         4         2
         4         3
         4         4
         4         5
         4         6
         4         9
         4        10
         4        11
         4        12
         4        13
         4        14
         5         0
         5         1
         5         2
         5         3
         5         4
         5        11
         5        12
         5        13
         5        14
         6         0
         6         1
         6         2
         6         3
         6         4
         6        11
         6        12
         6        13
         6        14
         7         0
         7         1
         7         2
         7         3
         7        12
         7        13
         7        14
         8         0
         8         1
         8         2
         8         3
         8        12
         8        13
         8        14
         9         0
         9         1
         9         2
         9         3
         9         4
         9        11
         9        12
         9        13
         9        14
        10         0
        10         1
        10         2
        10         3
        10         4
        10        11
        10        12
        10        13
        10        14
        11         0
        11         1
        11         2
        11         3
        11         4
        11         5
        11         6
        11         9
        11        10
        11        11
        11        12
        11        13
        11        14
        12         0
        12         1
        12         2
        12         3
        12         4
        12         5
        12         6
        12         7
        12         8
        12         9
        12        10
        12        11
        12        12
        12        13
        12        14
        13         0
        13         1
        13         2
        13         3
        13         4
        13         5
        13         6
        13         7
        13         8
        13         9
        13        10
        13        11
        13        12
        13        13
        13        14
        14         0
        14         1
        14         2
        14         3
        14         4
        14         5
        14         6
        14         7
        14         8
        14         9
        14        10
        14        11
        14        12
        14        13
        14        14
Excitations: 380 x 2
           22           86
           14           86
           22          109
           29          110
           14          109
           21          110
           21           87
           29           87
           36           65
           41          131
           41           68
           36          128
            2           65
            7           68
            7          131
            2          128
           22           77
           14           77
           21           78
           29           78
           21          119
           14          118
           22          118
           29          119
           40           67
           37           66
           37          129
           40          130
            6           67
            3           66
            6          130
            3          129
            1          144
           42          143
           43          144
            0          143
           43           53
            1           53
           42           52
            0           52
           30           65
           13           68
           35           68
           35          131
            8           65
           13          131
           30          128
            8          128
           12           67
            9           66
           34           67
            9          129
           12          130
           31           66
           34          130
           31          129
           22           64
           14           64
           29           69
           21           69
           14          127
           22          127
           21          132
           29          132
           15           65
           20           68
           20          131
           28           68
           28          131
           23           65
           15          128
           23          128
           27           67
           24           66
           27          130
           16           66
           19           67
           16          129
           24          129
           19          130
           41          146
           36          141
           41           55
           36           50
            7          146
            2          141
            2           50
            7           55
           40          145
           37          142
           37           51
           40           54
            6          145
            6           54
            3          142
            3           51
           39          144
           38          143
           39           53
           38           52
            4          143
            5          144
            5           53
            4           52
           43           38
            1           38
           42           37
            0           37
           43          159
            1          159
           42          158
            0          158
           30          141
           35          146
           13          146
           13           55
           30           50
            8           50
           35           55
            8          141
           22           49
           22          140
           14           49
           14          140
           21          147
           29           56
           21           56
           29          147
            9          142
           12          145
           34          145
            9           51
           12           54
           31          142
           31           51
           34           54
           11          144
           32          143
           10          143
           11           53
           10           52
           32           52
           33          144
           33           53
           28          146
           15          141
           20          146
           15           50
           28           55
           23          141
           20           55
           23           50
           27           54
           24          142
           16          142
           16           51
           24           51
           27          145
           19          145
           19           54
           25          143
           26           53
           18           53
           18          144
           25           52
           17          143
           26          144
           17           52
           41           40
           36           35
            7           40
            2           35
           41          161
           36          156
            2          156
            7          161
           37           36
           40           39
            6           39
            3           36
           40          160
           37          157
            6          160
            3          157
           38           37
           39           38
            5           38
            4           37
           38          158
           39          159
            5          159
            4          158
           30           35
           35           40
           13           40
            8           35
           35          161
           30          156
           13          161
            8          156
           42           22
           43           23
            1           23
            0           22
            1          174
           43          174
           42          173
            0          173
           22           34
           14           34
           21           41
           29           41
           22          155
           14          155
           29          162
           21          162
            9           36
           12           39
           31           36
           34           39
           34          160
           12          160
            9          157
           31          157
           32           37
           10           37
           11           38
           33           38
           32          158
           10          158
           11          159
           33          159
           28           40
           20           40
           15           35
           23           35
           20          161
           28          161
           15          156
           23          156
           27           39
           24           36
           16           36
           19           39
           27          160
           16          157
           19          160
           24          157
           17           37
           26           38
           18           38
           25           37
           25          158
           17          158
           26          159
           18          159
           41           25
            7           25
           36          171
            2           20
           36           20
           41          176
            2          171
            7          176
           40           24
           37           21
            3           21
            6           24
           37          172
           40          175
            3          172
            6          175
           38           22
            4           22
           39           23
            5           23
            5          174
           39          174
            4          173
           38          173
            8           20
           30           20
           13           25
           35           25
           30          171
            8          171
           35          176
           13          176
           14           19
           22           19
           21           26
           29           26
           14          170
           22          170
           29          177
           21          177
           42            7
            1            8
           43            8
            0            7
            9           21
           12           24
           34           24
           31           21
           12          175
            9          172
           31          172
           34          175
           10           22
           11           23
           32           22
           33           23
           10          173
           11          174
           33          174
           32          173
           15           20
           28           25
           20           25
           23           20
           23          171
           15          171
           28          176
           20          176
           27           24
           24           21
           16           21
           19           24
           24          172
           27          175
           16          172
           19          175
           18           23
           25           22
           26           23
           17           22
           26          174
           25          173
           18          174
           17          173
           41           10
           36            5
            7           10
            2            5
           37            6
           40            9
            3            6
            6            9
           39            8
           38            7
            5            8
            4            7
            8            5
           13           10
           30            5
           35           10
           14            4
           22            4
           21           11
           29           11
           34            9
            9            6
           12            9
           31            6
           11            8
           10            7
           32            7
           33            8
           20           10
           28           10
           23            5
           15            5
           19            9
           27            9
           16            6
           24            6
           18            8
           17            7
           26            8
           25            7

                            End of Section: Matrices                            

################################################################################

                              End of Output File.                              

################################################################################
