################################################################################

            Output File for HFS, the Hartree-Fock Stability Program            
                              Author: Evan Curtin                              
             Institution: University of Illinois @ Urbana-Champaign             
                          email: ecurtin2@illinois.edu                          
                       Built on Nov  2 2016, at 17:06:03                       

################################################################################

                Computation Started : Wed Nov  2 17:18:22 2016
                
                Computation Finished: Wed Nov  2 17:18:25 2016
                
                     Total Elapsed Time = 3.20116 seconds.                     

--------------------------------------------------------------------------------

                                     Input                                     

--------------------------------------------------------------------------------

Nk = 12
ndim = 2
rs = 1.200000047683716
mycase = cRHF2cUHF

                             End of Section: Input                             

--------------------------------------------------------------------------------

                                     Output                                     

--------------------------------------------------------------------------------

deltaK = 0.428549761601228
kf = 1.178511255147749
kmax = 2.357023688806754
Nocc = 24
Nvir = 97
Nexc = 152
ground_state_degeneracy = 8
dav_its = 15
num_guess_evecs = 50
Dav_blocksize = 20
Dav_Num_evals = 8
Mv_time = 0.000902960000000
cond_number = 16.861666972369925
Dav_nconv = 8
Davidson Tolerance = 1.00e-08
Dav_maxits = 50
Dav_maxsubsize = 1000
Dav_final_val = 0.000679860668887
Dav_time = 3.029564201000000
full_diag_min = 0.000679860668887
full_diag_time = 0.167204091000000

                             End of Section: Output                             

--------------------------------------------------------------------------------

                                    Vectors                                    

--------------------------------------------------------------------------------

Occ Energies: 24
-0.034510291051352
-0.034510291051352
-0.281244050201132
-0.577047495036686
-0.577047495036686
-0.281244050201132
-0.034510291051351
-0.577047495036686
-0.842930234905847
-0.842930234905847
-0.577047495036686
-0.034510291051351
-0.034510291051352
-0.577047495036686
-0.842930234905847
-0.842930234905847
-0.577047495036686
-0.034510291051351
-0.281244050201132
-0.577047495036686
-0.577047495036686
-0.281244050201132
-0.034510291051351
-0.034510291051351
Vir Energies: 97
5.292630761194947
4.365454387600359
3.607665153357348
3.026682851160060
2.631225316025919
2.430280134300384
2.430280134300384
2.631225316025919
3.026682851160060
3.607665153357349
4.365454387600360
4.365454387600359
3.437231331392796
2.676191090162344
2.089535562861383
1.686399234433262
1.478820078663188
1.478820078663188
1.686399234433262
2.089535562861383
2.676191090162344
3.437231331392797
3.607665153357348
2.676191090162344
1.904820480288417
1.299430633242541
0.866843146190569
0.623383279028389
0.623383279028389
0.866843146190569
1.299430633242541
1.904820480288418
2.676191090162345
3.026682851160060
2.089535562861383
1.299430633242541
0.657112036700922
0.159611107181091
0.159611107181090
0.657112036700922
1.299430633242542
2.089535562861384
2.631225316025919
1.686399234433262
0.866843146190569
0.159611107181090
0.159611107181090
0.866843146190570
1.686399234433263
2.430280134300384
1.478820078663188
0.623383279028389
0.623383279028390
1.478820078663189
2.430280134300384
1.478820078663188
0.623383279028389
0.623383279028390
1.478820078663189
2.631225316025919
1.686399234433262
0.866843146190569
0.159611107181091
0.159611107181091
0.866843146190570
1.686399234433263
3.026682851160060
2.089535562861383
1.299430633242541
0.657112036700922
0.159611107181090
0.159611107181091
0.657112036700922
1.299430633242542
2.089535562861384
3.607665153357349
2.676191090162344
1.904820480288418
1.299430633242542
0.866843146190570
0.623383279028390
0.623383279028390
0.866843146190570
1.299430633242542
1.904820480288419
2.676191090162345
4.365454387600360
3.437231331392797
2.676191090162345
2.089535562861384
1.686399234433263
1.478820078663189
1.478820078663189
1.686399234433263
2.089535562861384
2.676191090162345
3.437231331392798
Excitation Energies: 152
0.194121398232442
0.194121398232442
0.194121398232442
0.194121398232442
0.194121398232442
0.194121398232442
0.194121398232442
0.194121398232442
0.440855157382222
0.440855157382222
0.440855157382222
0.440855157382222
0.440855157382222
0.440855157382222
0.440855157382223
0.440855157382223
0.657893570079740
0.657893570079740
0.657893570079740
0.657893570079741
0.657893570079741
0.657893570079741
0.657893570079741
0.657893570079741
0.691622327752273
0.691622327752273
0.691622327752274
0.691622327752274
0.691622327752274
0.691622327752274
0.691622327752274
0.691622327752274
0.736658602217776
0.736658602217776
0.736658602217776
0.736658602217776
0.736658602217776
0.736658602217777
0.736658602217777
0.736658602217777
1.148087196391701
1.148087196391701
1.148087196391701
1.148087196391701
1.148087196391702
1.148087196391702
1.148087196391702
1.148087196391702
1.200430774065075
1.200430774065075
1.200430774065075
1.200430774065075
1.200430774065075
1.200430774065075
1.200430774065075
1.200430774065076
1.333940924293892
1.333940924293892
1.333940924293893
1.333940924293893
1.333940924293893
1.333940924293893
1.333940924293893
1.333940924293893
1.443890641227255
1.443890641227255
1.443890641227255
1.443890641227255
1.443890641227256
1.443890641227256
1.443890641227256
1.443890641227256
1.466313513934236
1.466313513934236
1.466313513934236
1.466313513934236
1.466313513934236
1.466313513934236
1.466313513934236
1.466313513934237
1.513330369714539
1.513330369714539
1.513330369714540
1.513330369714540
1.513330369714540
1.513330369714540
1.513330369714541
1.513330369714541
1.967643284634394
1.967643284634394
1.967643284634394
1.967643284634394
1.967643284634395
1.967643284634395
1.967643284634395
1.967643284634395
2.055867573699874
2.055867573699874
2.055867573699874
2.055867573699874
2.055867573699875
2.055867573699875
2.055867573699875
2.055867573699875
2.124045853912734
2.124045853912734
2.124045853912734
2.124045853912734
2.124045853912735
2.124045853912735
2.124045853912735
2.124045853912735
2.263446729469948
2.263446729469948
2.263446729469948
2.263446729469948
2.263446729469949
2.263446729469949
2.263446729469949
2.263446729469949
2.321750313569035
2.321750313569035
2.321750313569035
2.321750313569035
2.321750313569036
2.321750313569036
2.321750313569036
2.321750313569036
2.464790425351736
2.464790425351736
2.464790425351736
2.464790425351736
2.912469366227051
2.912469366227051
2.912469366227051
2.912469366227051
3.007327629337071
3.007327629337071
3.007327629337071
3.007327629337071
3.061193142211412
3.061193142211412
3.061193142211412
3.061193142211412
3.208272811062605
3.208272811062605
3.208272811062605
3.208272811062605
3.273210369206231
3.273210369206231
3.273210369206232
3.273210369206232
Kgrid: 12
-2.357023688806754
-1.928473927205526
-1.499924165604298
-1.071374404003070
-0.642824642401842
-0.214274880800614
0.214274880800614
0.642824642401842
1.071374404003070
1.499924165604298
1.928473927205526
2.357023688806754
DavVals: 8
0.000679860668887
0.000679860668887
0.078482590916357
0.078482590916357
0.137061555329919
0.137061555329919
0.180737437769942
0.180737437769943

                            End of Section: Vectors                            

--------------------------------------------------------------------------------

                                    Matrices                                    

--------------------------------------------------------------------------------

Occupied States: 24 x 2
        3        5
        3        6
        4        4
        4        5
        4        6
        4        7
        5        3
        5        4
        5        5
        5        6
        5        7
        5        8
        6        3
        6        4
        6        5
        6        6
        6        7
        6        8
        7        4
        7        5
        7        6
        7        7
        8        5
        8        6
Virtual States: 97 x 2
         0         0
         0         1
         0         2
         0         3
         0         4
         0         5
         0         6
         0         7
         0         8
         0         9
         0        10
         1         0
         1         1
         1         2
         1         3
         1         4
         1         5
         1         6
         1         7
         1         8
         1         9
         1        10
         2         0
         2         1
         2         2
         2         3
         2         4
         2         5
         2         6
         2         7
         2         8
         2         9
         2        10
         3         0
         3         1
         3         2
         3         3
         3         4
         3         7
         3         8
         3         9
         3        10
         4         0
         4         1
         4         2
         4         3
         4         8
         4         9
         4        10
         5         0
         5         1
         5         2
         5         9
         5        10
         6         0
         6         1
         6         2
         6         9
         6        10
         7         0
         7         1
         7         2
         7         3
         7         8
         7         9
         7        10
         8         0
         8         1
         8         2
         8         3
         8         4
         8         7
         8         8
         8         9
         8        10
         9         0
         9         1
         9         2
         9         3
         9         4
         9         5
         9         6
         9         7
         9         8
         9         9
         9        10
        10         0
        10         1
        10         2
        10         3
        10         4
        10         5
        10         6
        10         7
        10         8
        10         9
        10        10
Excitations: 152 x 2
         6        45
        11        46
        11        63
        17        46
         6        62
        17        63
        12        45
        12        62
         5        38
        18        70
         5        71
         2        70
        18        37
        21        38
        21        71
         2        37
        22        27
        23        28
         0        27
         1        28
        22        80
        23        81
         0        80
         1        81
        11        39
         6        36
        17        39
        11        72
         6        69
        17        72
        12        36
        12        69
        13        70
        13        37
        10        38
        16        38
         7        70
        10        71
        16        71
         7        37
         2        26
         5        29
        18        26
        21        29
        18        79
         2        79
         5        82
        21        82
         3        27
         4        28
        20        28
        19        27
         4        81
         3        80
        19        80
        20        81
        11        30
         6        25
        12        25
        17        30
         6        78
        17        83
        11        83
        12        78
        13        26
        16        29
        10        29
         7        26
        13        79
         7        79
        10        82
        16        82
         9        28
         8        27
        15        28
        14        27
         8        80
         9        81
        14        80
        15        81
        22        16
        23        17
         0        16
         1        17
        22        91
        23        92
         0        91
         1        92
        21        18
        18        15
         2        15
         5        18
        21        93
         5        93
         2        90
        18        90
         3        16
         4        17
        19        16
        20        17
        19        91
         3        91
         4        92
        20        92
         6        14
        11        19
        12        14
        17        19
        11        94
         6        89
        12        89
        17        94
        13        15
        16        18
         7        15
        10        18
        13        90
        16        93
         7        90
        10        93
         8        16
         9        17
        14        16
        15        17
         8        91
         9        92
        15        92
        14        91
         0         5
        23         6
         1         6
        22         5
        18         4
         5         7
         2         4
        21         7
         3         5
        20         6
        19         5
         4         6
        17         8
        11         8
        12         3
         6         3
        13         4
         7         4
        10         7
        16         7
         8         5
         9         6
        15         6
        14         5

                            End of Section: Matrices                            

################################################################################

                              End of Output File.                              

################################################################################
