################################################################################

            Output File for HFS, the Hartree-Fock Stability Program            
                              Author: Evan Curtin                              
             Institution: University of Illinois @ Urbana-Champaign             
                          email: ecurtin2@illinois.edu                          
                       Built on Jan 10 2017, at 12:49:17                       

################################################################################

                Computation Started : Tue Jan 10 12:50:56 2017
                
                Computation Finished: Tue Jan 10 12:51:01 2017
                
                     Total Elapsed Time = 4.74084 seconds.                     

--------------------------------------------------------------------------------

                                     Input                                     

--------------------------------------------------------------------------------

Nk = 12
NDIM = 3
rs = 1.200000047683716
mycase = cRHF2cUHF

                             End of Section: Input                             

--------------------------------------------------------------------------------

                                     Output                                     

--------------------------------------------------------------------------------

deltaK = 0.581563386665493
kf = 1.599298513680848
kmax = 3.198598626660209
Nocc = 88
Nvir = 1243
Nexc = 600
ground_state_degeneracy = 32
dav_its = 10
num_guess_evecs = 1
Dav_blocksize = 1
Dav_Num_evals = 1
Mv_time = 0.032510437000000
cond_number = 14.176736052106131
Dav_nconv = 1
Davidson Tolerance = 1.00e-06
Dav_maxits = 30
Dav_maxsubsize = 1500
Dav_final_val = 0.285019225350517
Dav_time = 4.630904770000000
full_diag_min = 0.000000000000000
full_diag_time = 0.000000000000000

                             End of Section: Output                             

--------------------------------------------------------------------------------

                                    Vectors                                    

--------------------------------------------------------------------------------

Occ Energies: 88
0.728295632669872
0.728295632669872
0.728295632669872
0.728295632669872
0.740267870224565
0.304892258897890
0.304892258897890
0.740267870224565
0.304892258897890
-0.154920031656720
-0.154920031656720
0.304892258897890
0.304892258897890
-0.154920031656720
-0.154920031656720
0.304892258897890
0.740267870224565
0.304892258897890
0.304892258897890
0.740267870224565
0.728295632669872
0.728295632669872
0.304892258897890
-0.154920031656720
-0.154920031656720
0.304892258897890
0.728295632669872
-0.154920031656720
-0.590576101298983
-0.590576101298983
-0.154920031656720
0.728295632669872
0.728295632669872
-0.154920031656720
-0.590576101298983
-0.590576101298983
-0.154920031656720
0.728295632669872
0.304892258897890
-0.154920031656720
-0.154920031656720
0.304892258897890
0.728295632669872
0.728295632669872
0.728295632669872
0.728295632669872
0.304892258897890
-0.154920031656720
-0.154920031656720
0.304892258897890
0.728295632669872
-0.154920031656720
-0.590576101298983
-0.590576101298983
-0.154920031656720
0.728295632669872
0.728295632669872
-0.154920031656720
-0.590576101298983
-0.590576101298983
-0.154920031656720
0.728295632669872
0.304892258897890
-0.154920031656720
-0.154920031656720
0.304892258897890
0.728295632669872
0.728295632669872
0.740267870224565
0.304892258897890
0.304892258897890
0.740267870224565
0.304892258897890
-0.154920031656720
-0.154920031656720
0.304892258897890
0.304892258897890
-0.154920031656720
-0.154920031656720
0.304892258897890
0.740267870224565
0.304892258897890
0.304892258897890
0.740267870224565
0.728295632669872
0.728295632669872
0.728295632669872
0.728295632669872
Vir Energies: 1243
15.303827955638354
13.610865132541823
12.253166173093152
11.232758234784436
10.551541363262361
10.210631565263878
10.210631565263878
10.551541363262361
11.232758234784436
12.253166173093152
13.610865132541823
13.610865132541823
11.917692761321254
10.559433465611614
9.538281249858375
8.856360083901398
8.515019762804735
8.515019762804735
8.856360083901398
9.538281249858375
10.559433465611614
11.917692761321254
12.253166173093152
10.559433465611614
9.199639189667042
8.176411204758930
7.492498114866978
7.149918580053178
7.149918580053178
7.492498114866978
8.176411204758930
9.199639189667042
10.559433465611614
11.232758234784436
9.538281249858375
8.176411204758930
7.150288338809442
6.463474514778857
6.119013381011394
6.119013381011394
6.463474514778857
7.150288338809442
8.176411204758930
9.538281249858375
10.551541363262361
8.856360083901398
7.492498114866978
6.463474514778857
5.773545047381895
5.426927005392815
5.426927005392815
5.773545047381895
6.463474514778857
7.492498114866978
8.856360083901398
10.210631565263878
8.515019762804737
7.149918580053177
6.119013381011394
5.426927005392815
5.078719924523551
5.078719924523551
5.426927005392815
6.119013381011394
7.149918580053177
8.515019762804737
10.210631565263878
8.515019762804737
7.149918580053177
6.119013381011394
5.426927005392815
5.078719924523551
5.078719924523551
5.426927005392815
6.119013381011394
7.149918580053177
8.515019762804737
10.551541363262361
8.856360083901398
7.492498114866978
6.463474514778857
5.773545047381895
5.426927005392815
5.426927005392815
5.773545047381895
6.463474514778857
7.492498114866978
8.856360083901398
11.232758234784436
9.538281249858375
8.176411204758930
7.150288338809442
6.463474514778857
6.119013381011394
6.119013381011394
6.463474514778857
7.150288338809442
8.176411204758930
9.538281249858375
12.253166173093152
10.559433465611614
9.199639189667042
8.176411204758930
7.492498114866978
7.149918580053178
7.149918580053178
7.492498114866978
8.176411204758930
9.199639189667042
10.559433465611614
13.610865132541823
11.917692761321254
10.559433465611614
9.538281249858375
8.856360083901398
8.515019762804735
8.515019762804735
8.856360083901398
9.538281249858375
10.559433465611614
11.917692761321254
13.610865132541823
11.917692761321254
10.559433465611614
9.538281249858375
8.856360083901398
8.515019762804735
8.515019762804735
8.856360083901398
9.538281249858375
10.559433465611614
11.917692761321254
11.917692761321256
10.224271477019961
8.865332672827453
7.843248616646513
7.160419183696246
6.818512993089133
6.818512993089133
7.160419183696246
7.843248616646513
8.865332672827453
10.224271477019961
10.559433465611614
8.865332672827453
7.504490151789814
6.479732117335701
5.794236904240224
5.450631335044778
5.450631335044778
5.794236904240224
6.479732117335701
7.504490151789814
8.865332672827453
9.538281249858377
7.843248616646513
6.479732117335701
5.451041384526112
4.761355919912130
4.414902197453867
4.414902197453867
4.761355919912130
5.451041384526112
6.479732117335701
7.843248616646513
8.856360083901398
7.160419183696246
5.794236904240224
4.761355919912130
4.066623333969822
3.716237916698342
3.716237916698342
4.066623333969822
4.761355919912130
5.794236904240224
7.160419183696246
8.515019762804737
6.818512993089133
5.450631335044777
4.414902197453866
3.716237916698342
3.362269977065742
3.362269977065742
3.716237916698342
4.414902197453866
5.450631335044777
6.818512993089133
8.515019762804737
6.818512993089133
5.450631335044777
4.414902197453866
3.716237916698342
3.362269977065742
3.362269977065742
3.716237916698342
4.414902197453866
5.450631335044777
6.818512993089133
8.856360083901398
7.160419183696246
5.794236904240224
4.761355919912130
4.066623333969822
3.716237916698342
3.716237916698342
4.066623333969822
4.761355919912130
5.794236904240224
7.160419183696246
9.538281249858377
7.843248616646513
6.479732117335701
5.451041384526112
4.761355919912130
4.414902197453867
4.414902197453867
4.761355919912130
5.451041384526112
6.479732117335701
7.843248616646513
10.559433465611614
8.865332672827453
7.504490151789814
6.479732117335701
5.794236904240224
5.450631335044778
5.450631335044778
5.794236904240224
6.479732117335701
7.504490151789814
8.865332672827453
11.917692761321256
10.224271477019961
8.865332672827453
7.843248616646513
7.160419183696246
6.818512993089133
6.818512993089133
7.160419183696246
7.843248616646513
8.865332672827453
10.224271477019961
12.253166173093152
10.559433465611614
9.199639189667042
8.176411204758930
7.492498114866978
7.149918580053178
7.149918580053178
7.492498114866978
8.176411204758930
9.199639189667042
10.559433465611614
10.559433465611614
8.865332672827453
7.504490151789814
6.479732117335701
5.794236904240224
5.450631335044778
5.450631335044778
5.794236904240224
6.479732117335701
7.504490151789814
8.865332672827453
9.199639189667041
7.504490151789814
6.140568704432582
5.111138143028533
4.420631014391277
4.073703155156338
4.073703155156338
4.420631014391277
5.111138143028533
6.140568704432582
7.504490151789814
8.176411204758930
6.479732117335701
5.111138143028533
4.074012675083427
3.374358458509227
3.020899636196036
3.020899636196036
3.374358458509227
4.074012675083427
5.111138143028533
6.479732117335701
7.492498114866978
5.794236904240224
4.420631014391277
3.374358458509227
2.661111489605041
2.294221498116908
2.294221498116908
2.661111489605041
3.374358458509227
4.420631014391277
5.794236904240224
7.149918580053177
5.450631335044777
4.073703155156338
3.020899636196035
2.294221498116908
1.903936000099414
1.903936000099414
2.294221498116907
3.020899636196035
4.073703155156338
5.450631335044777
7.149918580053177
5.450631335044777
4.073703155156338
3.020899636196035
2.294221498116907
1.903936000099414
1.903936000099414
2.294221498116908
3.020899636196035
4.073703155156338
5.450631335044777
7.492498114866978
5.794236904240224
4.420631014391277
3.374358458509227
2.661111489605041
2.294221498116908
2.294221498116908
2.661111489605041
3.374358458509227
4.420631014391277
5.794236904240224
8.176411204758930
6.479732117335701
5.111138143028533
4.074012675083427
3.374358458509227
3.020899636196036
3.020899636196036
3.374358458509227
4.074012675083427
5.111138143028533
6.479732117335701
9.199639189667041
7.504490151789814
6.140568704432582
5.111138143028533
4.420631014391277
4.073703155156338
4.073703155156338
4.420631014391277
5.111138143028533
6.140568704432582
7.504490151789814
10.559433465611614
8.865332672827453
7.504490151789814
6.479732117335701
5.794236904240224
5.450631335044778
5.450631335044778
5.794236904240224
6.479732117335701
7.504490151789814
8.865332672827453
11.232758234784436
9.538281249858375
8.176411204758930
7.150288338809442
6.463474514778857
6.119013381011394
6.119013381011394
6.463474514778857
7.150288338809442
8.176411204758930
9.538281249858375
9.538281249858377
7.843248616646513
6.479732117335701
5.451041384526112
4.761355919912130
4.414902197453867
4.414902197453867
4.761355919912130
5.451041384526112
6.479732117335701
7.843248616646513
8.176411204758930
6.479732117335701
5.111138143028533
4.074012675083427
3.374358458509227
3.020899636196035
3.020899636196036
3.374358458509227
4.074012675083427
5.111138143028533
6.479732117335701
7.150288338809442
5.451041384526112
4.074012675083427
3.020502873211949
2.298119868377137
1.929768646940030
1.929768646940030
2.298119868377137
3.020502873211949
4.074012675083427
5.451041384526112
6.463474514778857
4.761355919912129
3.374358458509227
2.298119868377137
1.532654387532559
1.128196992544615
1.128196992544615
1.532654387532559
2.298119868377137
3.374358458509227
4.761355919912129
6.119013381011394
4.414902197453867
3.020899636196035
1.929768646940030
1.128196992544615
1.128196992544615
1.929768646940030
3.020899636196035
4.414902197453867
6.119013381011394
4.414902197453867
3.020899636196036
1.929768646940030
1.128196992544615
1.128196992544615
1.929768646940030
3.020899636196036
4.414902197453867
6.463474514778857
4.761355919912129
3.374358458509227
2.298119868377137
1.532654387532559
1.128196992544615
1.128196992544615
1.532654387532559
2.298119868377137
3.374358458509227
4.761355919912129
7.150288338809442
5.451041384526112
4.074012675083427
3.020502873211949
2.298119868377137
1.929768646940030
1.929768646940030
2.298119868377137
3.020502873211949
4.074012675083427
5.451041384526112
8.176411204758930
6.479732117335701
5.111138143028533
4.074012675083427
3.374358458509227
3.020899636196035
3.020899636196036
3.374358458509227
4.074012675083427
5.111138143028533
6.479732117335701
9.538281249858377
7.843248616646513
6.479732117335701
5.451041384526112
4.761355919912130
4.414902197453867
4.414902197453867
4.761355919912130
5.451041384526112
6.479732117335701
7.843248616646513
10.551541363262361
8.856360083901398
7.492498114866978
6.463474514778857
5.773545047381895
5.426927005392815
5.426927005392815
5.773545047381895
6.463474514778857
7.492498114866978
8.856360083901398
8.856360083901398
7.160419183696246
5.794236904240224
4.761355919912130
4.066623333969822
3.716237916698342
3.716237916698342
4.066623333969822
4.761355919912130
5.794236904240224
7.160419183696246
7.492498114866978
5.794236904240224
4.420631014391277
3.374358458509227
2.661111489605041
2.294221498116907
2.294221498116907
2.661111489605041
3.374358458509227
4.420631014391277
5.794236904240224
6.463474514778857
4.761355919912129
3.374358458509227
2.298119868377137
1.532654387532559
1.128196992544615
1.128196992544615
1.532654387532559
2.298119868377137
3.374358458509227
4.761355919912129
5.773545047381895
4.066623333969822
2.661111489605040
1.532654387532559
1.532654387532559
2.661111489605040
4.066623333969822
5.426927005392814
3.716237916698342
2.294221498116907
1.128196992544615
1.128196992544615
2.294221498116907
3.716237916698342
5.426927005392814
3.716237916698342
2.294221498116907
1.128196992544615
1.128196992544615
2.294221498116907
3.716237916698342
5.773545047381895
4.066623333969822
2.661111489605040
1.532654387532559
1.532654387532559
2.661111489605040
4.066623333969822
6.463474514778857
4.761355919912129
3.374358458509227
2.298119868377137
1.532654387532559
1.128196992544615
1.128196992544615
1.532654387532559
2.298119868377137
3.374358458509227
4.761355919912129
7.492498114866978
5.794236904240224
4.420631014391277
3.374358458509227
2.661111489605041
2.294221498116907
2.294221498116907
2.661111489605041
3.374358458509227
4.420631014391277
5.794236904240224
8.856360083901398
7.160419183696246
5.794236904240224
4.761355919912130
4.066623333969822
3.716237916698342
3.716237916698342
4.066623333969822
4.761355919912130
5.794236904240224
7.160419183696246
10.210631565263878
8.515019762804737
7.149918580053177
6.119013381011394
5.426927005392815
5.078719924523551
5.078719924523551
5.426927005392815
6.119013381011394
7.149918580053177
8.515019762804737
8.515019762804737
6.818512993089133
5.450631335044777
4.414902197453866
3.716237916698342
3.362269977065742
3.362269977065742
3.716237916698342
4.414902197453866
5.450631335044777
6.818512993089133
7.149918580053177
5.450631335044777
4.073703155156338
3.020899636196035
2.294221498116907
1.903936000099414
1.903936000099414
2.294221498116907
3.020899636196035
4.073703155156338
5.450631335044777
6.119013381011394
4.414902197453867
3.020899636196036
1.929768646940030
1.128196992544615
1.128196992544615
1.929768646940030
3.020899636196036
4.414902197453867
5.426927005392814
3.716237916698342
2.294221498116907
1.128196992544615
1.128196992544615
2.294221498116907
3.716237916698342
5.078719924523550
3.362269977065742
1.903936000099415
1.903936000099415
3.362269977065742
5.078719924523550
3.362269977065742
1.903936000099415
1.903936000099415
3.362269977065742
5.426927005392814
3.716237916698342
2.294221498116907
1.128196992544615
1.128196992544615
2.294221498116907
3.716237916698342
6.119013381011394
4.414902197453867
3.020899636196036
1.929768646940030
1.128196992544615
1.128196992544615
1.929768646940030
3.020899636196036
4.414902197453867
7.149918580053177
5.450631335044777
4.073703155156338
3.020899636196035
2.294221498116907
1.903936000099414
1.903936000099414
2.294221498116907
3.020899636196035
4.073703155156338
5.450631335044777
8.515019762804737
6.818512993089133
5.450631335044777
4.414902197453866
3.716237916698342
3.362269977065742
3.362269977065742
3.716237916698342
4.414902197453866
5.450631335044777
6.818512993089133
10.210631565263878
8.515019762804737
7.149918580053177
6.119013381011394
5.426927005392815
5.078719924523551
5.078719924523551
5.426927005392815
6.119013381011394
7.149918580053177
8.515019762804737
8.515019762804737
6.818512993089133
5.450631335044777
4.414902197453866
3.716237916698342
3.362269977065742
3.362269977065742
3.716237916698342
4.414902197453866
5.450631335044777
6.818512993089133
7.149918580053177
5.450631335044777
4.073703155156338
3.020899636196035
2.294221498116907
1.903936000099414
1.903936000099414
2.294221498116907
3.020899636196035
4.073703155156338
5.450631335044777
6.119013381011394
4.414902197453867
3.020899636196036
1.929768646940030
1.128196992544615
1.128196992544615
1.929768646940030
3.020899636196036
4.414902197453867
5.426927005392814
3.716237916698342
2.294221498116907
1.128196992544615
1.128196992544615
2.294221498116907
3.716237916698342
5.078719924523550
3.362269977065742
1.903936000099415
1.903936000099415
3.362269977065742
5.078719924523550
3.362269977065742
1.903936000099415
1.903936000099415
3.362269977065742
5.426927005392814
3.716237916698342
2.294221498116907
1.128196992544615
1.128196992544615
2.294221498116907
3.716237916698342
6.119013381011394
4.414902197453867
3.020899636196036
1.929768646940030
1.128196992544615
1.128196992544615
1.929768646940030
3.020899636196036
4.414902197453867
7.149918580053177
5.450631335044777
4.073703155156338
3.020899636196035
2.294221498116907
1.903936000099414
1.903936000099414
2.294221498116907
3.020899636196035
4.073703155156338
5.450631335044777
8.515019762804737
6.818512993089133
5.450631335044777
4.414902197453866
3.716237916698342
3.362269977065742
3.362269977065742
3.716237916698342
4.414902197453866
5.450631335044777
6.818512993089133
10.551541363262361
8.856360083901398
7.492498114866978
6.463474514778857
5.773545047381895
5.426927005392815
5.426927005392815
5.773545047381895
6.463474514778857
7.492498114866978
8.856360083901398
8.856360083901398
7.160419183696246
5.794236904240224
4.761355919912130
4.066623333969822
3.716237916698342
3.716237916698342
4.066623333969822
4.761355919912130
5.794236904240224
7.160419183696246
7.492498114866978
5.794236904240224
4.420631014391277
3.374358458509227
2.661111489605041
2.294221498116907
2.294221498116908
2.661111489605041
3.374358458509227
4.420631014391277
5.794236904240224
6.463474514778857
4.761355919912129
3.374358458509227
2.298119868377137
1.532654387532559
1.128196992544615
1.128196992544615
1.532654387532559
2.298119868377137
3.374358458509227
4.761355919912129
5.773545047381895
4.066623333969822
2.661111489605040
1.532654387532559
1.532654387532559
2.661111489605040
4.066623333969822
5.426927005392814
3.716237916698342
2.294221498116907
1.128196992544615
1.128196992544615
2.294221498116907
3.716237916698342
5.426927005392814
3.716237916698342
2.294221498116907
1.128196992544615
1.128196992544615
2.294221498116907
3.716237916698342
5.773545047381895
4.066623333969822
2.661111489605040
1.532654387532559
1.532654387532559
2.661111489605040
4.066623333969822
6.463474514778857
4.761355919912129
3.374358458509227
2.298119868377137
1.532654387532559
1.128196992544615
1.128196992544615
1.532654387532559
2.298119868377137
3.374358458509227
4.761355919912129
7.492498114866978
5.794236904240224
4.420631014391277
3.374358458509227
2.661111489605041
2.294221498116907
2.294221498116907
2.661111489605041
3.374358458509227
4.420631014391277
5.794236904240224
8.856360083901398
7.160419183696246
5.794236904240224
4.761355919912130
4.066623333969822
3.716237916698342
3.716237916698342
4.066623333969822
4.761355919912130
5.794236904240224
7.160419183696246
11.232758234784436
9.538281249858375
8.176411204758930
7.150288338809442
6.463474514778857
6.119013381011394
6.119013381011394
6.463474514778857
7.150288338809442
8.176411204758930
9.538281249858375
9.538281249858377
7.843248616646513
6.479732117335701
5.451041384526112
4.761355919912130
4.414902197453867
4.414902197453867
4.761355919912130
5.451041384526112
6.479732117335701
7.843248616646513
8.176411204758930
6.479732117335701
5.111138143028533
4.074012675083427
3.374358458509227
3.020899636196036
3.020899636196036
3.374358458509227
4.074012675083427
5.111138143028533
6.479732117335701
7.150288338809442
5.451041384526112
4.074012675083427
3.020502873211949
2.298119868377137
1.929768646940030
1.929768646940030
2.298119868377137
3.020502873211949
4.074012675083427
5.451041384526112
6.463474514778857
4.761355919912129
3.374358458509227
2.298119868377137
1.532654387532559
1.128196992544615
1.128196992544615
1.532654387532559
2.298119868377137
3.374358458509227
4.761355919912129
6.119013381011394
4.414902197453867
3.020899636196036
1.929768646940030
1.128196992544615
1.128196992544615
1.929768646940030
3.020899636196036
4.414902197453867
6.119013381011394
4.414902197453867
3.020899636196036
1.929768646940030
1.128196992544615
1.128196992544615
1.929768646940030
3.020899636196036
4.414902197453867
6.463474514778857
4.761355919912129
3.374358458509227
2.298119868377137
1.532654387532559
1.128196992544615
1.128196992544615
1.532654387532559
2.298119868377137
3.374358458509227
4.761355919912129
7.150288338809442
5.451041384526112
4.074012675083427
3.020502873211949
2.298119868377137
1.929768646940030
1.929768646940030
2.298119868377137
3.020502873211949
4.074012675083427
5.451041384526112
8.176411204758930
6.479732117335701
5.111138143028533
4.074012675083427
3.374358458509227
3.020899636196036
3.020899636196036
3.374358458509227
4.074012675083427
5.111138143028533
6.479732117335701
9.538281249858377
7.843248616646513
6.479732117335701
5.451041384526112
4.761355919912130
4.414902197453867
4.414902197453867
4.761355919912130
5.451041384526112
6.479732117335701
7.843248616646513
12.253166173093152
10.559433465611614
9.199639189667042
8.176411204758930
7.492498114866978
7.149918580053178
7.149918580053178
7.492498114866978
8.176411204758930
9.199639189667042
10.559433465611614
10.559433465611614
8.865332672827453
7.504490151789813
6.479732117335701
5.794236904240224
5.450631335044778
5.450631335044778
5.794236904240224
6.479732117335701
7.504490151789814
8.865332672827453
9.199639189667041
7.504490151789813
6.140568704432582
5.111138143028533
4.420631014391277
4.073703155156338
4.073703155156338
4.420631014391277
5.111138143028533
6.140568704432582
7.504490151789813
8.176411204758930
6.479732117335701
5.111138143028533
4.074012675083427
3.374358458509227
3.020899636196035
3.020899636196036
3.374358458509227
4.074012675083427
5.111138143028533
6.479732117335701
7.492498114866978
5.794236904240224
4.420631014391277
3.374358458509227
2.661111489605041
2.294221498116907
2.294221498116907
2.661111489605041
3.374358458509227
4.420631014391277
5.794236904240224
7.149918580053177
5.450631335044777
4.073703155156338
3.020899636196035
2.294221498116907
1.903936000099414
1.903936000099414
2.294221498116907
3.020899636196035
4.073703155156338
5.450631335044777
7.149918580053177
5.450631335044777
4.073703155156338
3.020899636196035
2.294221498116907
1.903936000099414
1.903936000099414
2.294221498116907
3.020899636196035
4.073703155156338
5.450631335044777
7.492498114866978
5.794236904240224
4.420631014391277
3.374358458509227
2.661111489605041
2.294221498116907
2.294221498116907
2.661111489605041
3.374358458509227
4.420631014391277
5.794236904240224
8.176411204758930
6.479732117335701
5.111138143028533
4.074012675083427
3.374358458509227
3.020899636196035
3.020899636196035
3.374358458509227
4.074012675083427
5.111138143028533
6.479732117335701
9.199639189667041
7.504490151789814
6.140568704432582
5.111138143028533
4.420631014391277
4.073703155156338
4.073703155156338
4.420631014391277
5.111138143028533
6.140568704432582
7.504490151789814
10.559433465611614
8.865332672827453
7.504490151789813
6.479732117335701
5.794236904240224
5.450631335044778
5.450631335044778
5.794236904240224
6.479732117335701
7.504490151789814
8.865332672827453
13.610865132541823
11.917692761321254
10.559433465611614
9.538281249858375
8.856360083901398
8.515019762804735
8.515019762804735
8.856360083901398
9.538281249858375
10.559433465611614
11.917692761321254
11.917692761321256
10.224271477019961
8.865332672827453
7.843248616646513
7.160419183696246
6.818512993089133
6.818512993089133
7.160419183696246
7.843248616646513
8.865332672827453
10.224271477019961
10.559433465611614
8.865332672827453
7.504490151789813
6.479732117335701
5.794236904240224
5.450631335044778
5.450631335044778
5.794236904240224
6.479732117335701
7.504490151789813
8.865332672827453
9.538281249858377
7.843248616646513
6.479732117335701
5.451041384526112
4.761355919912130
4.414902197453867
4.414902197453867
4.761355919912130
5.451041384526112
6.479732117335701
7.843248616646513
8.856360083901398
7.160419183696246
5.794236904240224
4.761355919912130
4.066623333969822
3.716237916698342
3.716237916698342
4.066623333969822
4.761355919912130
5.794236904240224
7.160419183696246
8.515019762804737
6.818512993089133
5.450631335044777
4.414902197453866
3.716237916698342
3.362269977065742
3.362269977065742
3.716237916698342
4.414902197453866
5.450631335044777
6.818512993089133
8.515019762804737
6.818512993089133
5.450631335044777
4.414902197453866
3.716237916698342
3.362269977065742
3.362269977065742
3.716237916698342
4.414902197453866
5.450631335044777
6.818512993089133
8.856360083901398
7.160419183696246
5.794236904240224
4.761355919912130
4.066623333969822
3.716237916698342
3.716237916698342
4.066623333969822
4.761355919912130
5.794236904240224
7.160419183696246
9.538281249858377
7.843248616646513
6.479732117335701
5.451041384526112
4.761355919912130
4.414902197453867
4.414902197453867
4.761355919912130
5.451041384526112
6.479732117335701
7.843248616646513
10.559433465611614
8.865332672827453
7.504490151789814
6.479732117335701
5.794236904240224
5.450631335044778
5.450631335044778
5.794236904240224
6.479732117335701
7.504490151789813
8.865332672827453
11.917692761321256
10.224271477019961
8.865332672827453
7.843248616646513
7.160419183696246
6.818512993089133
6.818512993089133
7.160419183696246
7.843248616646513
8.865332672827453
10.224271477019961
Excitation Energies: 600
0.399901359874743
0.399901359874743
0.399901359874743
0.399901359874743
0.399901359874743
0.399901359874743
0.399901359874743
0.399901359874743
0.399901359874743
0.399901359874743
0.399901359874743
0.399901359874743
0.399901359874743
0.399901359874743
0.399901359874743
0.399901359874743
0.399901359874743
0.399901359874743
0.399901359874743
0.399901359874743
0.399901359874743
0.399901359874743
0.399901359874743
0.399901359874743
0.399901359874743
0.399901359874743
0.399901359874743
0.399901359874743
0.399901359874743
0.399901359874743
0.399901359874743
0.399901359874743
0.792386517307994
0.792386517307994
0.792386517307994
0.792386517307994
0.792386517307994
0.792386517307994
0.792386517307994
0.792386517307994
0.792386517307994
0.792386517307994
0.792386517307994
0.792386517307994
0.792386517307994
0.792386517307994
0.792386517307994
0.792386517307994
0.823304733646725
0.823304733646725
0.823304733646725
0.823304733646725
0.823304733646725
0.823304733646725
0.823304733646725
0.823304733646725
0.823304733646725
0.823304733646725
0.823304733646725
0.823304733646725
0.823304733646725
0.823304733646725
0.823304733646725
0.823304733646725
0.823304733646725
0.823304733646725
0.823304733646725
0.823304733646725
0.823304733646725
0.823304733646725
0.823304733646725
0.823304733646725
0.823304733646725
0.823304733646725
0.823304733646725
0.823304733646725
0.823304733646725
0.823304733646725
0.823304733646725
0.823304733646725
1.175640367429541
1.175640367429541
1.175640367429542
1.175640367429542
1.175640367429542
1.175640367429542
1.175640367429542
1.175640367429542
1.175640367429542
1.175640367429542
1.175640367429542
1.175640367429542
1.175640367429542
1.175640367429542
1.175640367429542
1.175640367429542
1.201473014270158
1.201473014270158
1.201473014270158
1.201473014270158
1.201473014270158
1.201473014270158
1.201473014270158
1.201473014270158
1.201473014270158
1.201473014270158
1.201473014270158
1.201473014270158
1.201473014270158
1.201473014270158
1.201473014270158
1.201473014270158
1.201473014270158
1.201473014270158
1.201473014270158
1.201473014270158
1.201473014270158
1.201473014270158
1.201473014270158
1.201473014270158
1.201473014270158
1.201473014270158
1.201473014270158
1.201473014270158
1.201473014270158
1.201473014270158
1.201473014270158
1.201473014270158
1.227762128634668
1.227762128634668
1.227762128634668
1.227762128634668
1.227762128634668
1.227762128634668
1.227762128634668
1.227762128634668
1.227762128634668
1.227762128634668
1.227762128634669
1.227762128634669
1.227762128634669
1.227762128634669
1.227762128634669
1.227762128634669
1.283117024201335
1.283117024201335
1.283117024201335
1.283117024201335
1.283117024201335
1.283117024201335
1.283117024201335
1.283117024201335
1.283117024201335
1.283117024201335
1.283117024201335
1.283117024201335
1.283117024201335
1.283117024201335
1.283117024201335
1.283117024201335
1.283117024201335
1.283117024201335
1.283117024201335
1.283117024201335
1.283117024201335
1.283117024201335
1.283117024201335
1.283117024201335
1.283117024201335
1.283117024201335
1.283117024201335
1.283117024201335
1.283117024201335
1.283117024201335
1.283117024201335
1.283117024201336
1.920843619380476
1.920843619380476
1.920843619380476
1.920843619380476
1.920843619380476
1.920843619380476
1.920843619380476
1.920843619380476
1.920843619380476
1.920843619380476
1.920843619380476
1.920843619380476
1.920843619380476
1.920843619380476
1.920843619380476
1.920843619380476
1.989329239219017
1.989329239219017
1.989329239219017
1.989329239219017
1.989329239219017
1.989329239219017
1.989329239219017
1.989329239219017
1.989329239219017
1.989329239219017
1.989329239219017
1.989329239219017
1.989329239219017
1.989329239219017
1.989329239219017
1.989329239219017
1.989329239219017
1.989329239219017
1.989329239219017
1.989329239219017
1.989329239219017
1.989329239219017
1.989329239219017
1.989329239219017
1.989329239219017
1.989329239219017
1.989329239219017
1.989329239219017
1.989329239219017
1.989329239219017
1.989329239219017
1.989329239219017
2.058856031756134
2.058856031756134
2.058856031756134
2.058856031756134
2.058856031756134
2.058856031756134
2.058856031756134
2.058856031756134
2.058856031756134
2.058856031756134
2.058856031756135
2.058856031756135
2.058856031756135
2.058856031756135
2.058856031756135
2.058856031756135
2.292604003526163
2.292604003526163
2.292604003526163
2.292604003526163
2.292604003526163
2.292604003526163
2.292604003526163
2.292604003526163
2.292604003526163
2.292604003526163
2.292604003526163
2.292604003526163
2.292604003526163
2.292604003526163
2.292604003526163
2.292604003526163
2.292604003526163
2.292604003526163
2.292604003526163
2.292604003526163
2.292604003526163
2.292604003526163
2.292604003526163
2.292604003526163
2.292604003526164
2.292604003526164
2.292604003526164
2.292604003526164
2.292604003526164
2.292604003526164
2.292604003526164
2.292604003526164
2.356219230707150
2.356219230707150
2.356219230707150
2.356219230707150
2.356219230707150
2.356219230707150
2.356219230707150
2.356219230707150
2.356219230707150
2.356219230707150
2.356219230707150
2.356219230707150
2.356219230707150
2.356219230707150
2.356219230707151
2.356219230707151
2.449141529773627
2.449141529773627
2.449141529773627
2.449141529773627
2.449141529773627
2.449141529773627
2.449141529773627
2.449141529773627
2.449141529773627
2.449141529773627
2.449141529773628
2.449141529773628
2.449141529773628
2.449141529773628
2.449141529773628
2.449141529773628
2.449141529773628
2.449141529773628
2.449141529773628
2.449141529773628
2.449141529773628
2.449141529773628
2.449141529773628
2.449141529773628
2.449141529773628
2.449141529773628
2.449141529773628
2.449141529773628
2.449141529773628
2.449141529773628
2.449141529773628
2.449141529773628
2.494512101398397
2.494512101398397
2.494512101398397
2.494512101398397
2.494512101398397
2.494512101398397
2.494512101398397
2.494512101398397
2.494512101398397
2.494512101398397
2.494512101398397
2.494512101398397
2.494512101398397
2.494512101398397
2.494512101398397
2.494512101398397
2.633974344395869
2.633974344395869
2.633974344395869
2.633974344395869
2.633974344395869
2.633974344395869
2.633974344395869
2.633974344395869
2.633974344395869
2.633974344395869
2.633974344395869
2.633974344395869
2.633974344395869
2.633974344395869
2.633974344395869
2.633974344395869
3.326355463745258
3.326355463745258
3.326355463745258
3.326355463745258
3.326355463745258
3.326355463745258
3.326355463745258
3.326355463745258
3.326355463745258
3.326355463745258
3.326355463745258
3.326355463745258
3.326355463745258
3.326355463745258
3.326355463745258
3.326355463745258
3.411345657800452
3.411345657800452
3.411345657800452
3.411345657800452
3.411345657800452
3.411345657800452
3.411345657800452
3.411345657800452
3.411345657800452
3.411345657800452
3.411345657800452
3.411345657800452
3.411345657800452
3.411345657800452
3.411345657800452
3.411345657800452
3.411345657800452
3.411345657800452
3.411345657800452
3.411345657800452
3.411345657800452
3.411345657800452
3.411345657800452
3.411345657800452
3.411345657800452
3.411345657800452
3.411345657800452
3.411345657800452
3.411345657800452
3.411345657800452
3.411345657800452
3.411345657800452
3.517190008722462
3.517190008722462
3.517190008722462
3.517190008722462
3.517190008722462
3.517190008722462
3.517190008722462
3.517190008722462
3.517190008722462
3.517190008722462
3.517190008722462
3.517190008722462
3.517190008722462
3.517190008722462
3.517190008722462
3.517190008722462
3.686606564783994
3.686606564783994
3.686606564783994
3.686606564783994
3.686606564783994
3.686606564783994
3.686606564783994
3.686606564783994
3.686606564783994
3.686606564783994
3.686606564783994
3.686606564783994
3.686606564783994
3.686606564783994
3.686606564783994
3.686606564783994
3.686606564783995
3.686606564783995
3.686606564783995
3.686606564783995
3.686606564783995
3.686606564783995
3.686606564783995
3.686606564783995
3.686606564783995
3.686606564783995
3.686606564783995
3.686606564783995
3.686606564783995
3.686606564783995
3.686606564783995
3.686606564783995
3.761731075071932
3.761731075071932
3.761731075071932
3.761731075071932
3.761731075071932
3.761731075071932
3.761731075071932
3.761731075071932
3.761731075071932
3.761731075071932
3.761731075071932
3.761731075071932
3.761731075071932
3.761731075071932
3.761731075071932
3.761731075071932
3.871157948355062
3.871157948355062
3.871157948355062
3.871157948355062
3.871157948355062
3.871157948355062
3.871157948355062
3.871157948355062
3.871157948355062
3.871157948355062
3.871157948355062
3.871157948355062
3.871157948355062
3.871157948355062
3.871157948355062
3.871157948355062
3.871157948355062
3.871157948355062
3.871157948355062
3.871157948355062
3.871157948355062
3.871157948355062
3.871157948355062
3.871157948355062
3.871157948355063
3.871157948355063
3.871157948355063
3.871157948355063
3.871157948355063
3.871157948355063
3.871157948355063
3.871157948355063
3.952846078364724
3.952846078364724
3.952846078364724
3.952846078364724
3.952846078364724
3.952846078364724
3.952846078364724
3.952846078364724
3.952846078364724
3.952846078364724
3.952846078364724
3.952846078364724
3.952846078364725
3.952846078364725
3.952846078364725
3.952846078364725
4.350424291853678
4.350424291853678
4.350424291853678
4.350424291853678
4.350424291853678
4.350424291853678
4.350424291853678
4.350424291853678
5.033277177157331
5.033277177157331
5.033277177157331
5.033277177157331
5.033277177157331
5.033277177157331
5.033277177157331
5.033277177157331
5.122034746494925
5.122034746494925
5.122034746494925
5.122034746494925
5.122034746494925
5.122034746494925
5.122034746494925
5.122034746494925
5.122034746494925
5.122034746494925
5.122034746494925
5.122034746494925
5.122034746494925
5.122034746494925
5.122034746494925
5.122034746494925
5.233639956180271
5.233639956180271
5.233639956180271
5.233639956180271
5.233639956180271
5.233639956180271
5.233639956180271
5.233639956180271
5.390717748341522
5.390717748341522
5.390717748341522
5.390717748341522
5.390717748341522
5.390717748341522
5.390717748341522
5.390717748341522
5.390717748341522
5.390717748341522
5.390717748341522
5.390717748341522
5.390717748341522
5.390717748341522
5.390717748341522
5.390717748341522
5.468652788484005
5.468652788484005
5.468652788484005
5.468652788484005
5.468652788484005
5.468652788484005
5.468652788484005
5.468652788484005
5.581847037049536
5.581847037049536
5.581847037049536
5.581847037049536
5.581847037049536
5.581847037049536
5.581847037049536
5.581847037049536
5.581847037049536
5.581847037049536
5.581847037049536
5.581847037049536
5.581847037049536
5.581847037049536
5.581847037049536
5.581847037049536
5.669296025822533
5.669296025822533
5.669296025822533
5.669296025822533
5.669296025822533
5.669296025822533
5.669296025822534
5.669296025822534
Kgrid: 12
-3.198598626660209
-2.617035239994717
-2.035471853329224
-1.453908466663731
-0.872345079998239
-0.290781693332746
0.290781693332746
0.872345079998239
1.453908466663731
2.035471853329224
2.617035239994717
3.198598626660209

                            End of Section: Vectors                            

--------------------------------------------------------------------------------

                                    Matrices                                    

--------------------------------------------------------------------------------

Occupied States: 88 x 3
        3        5        5
        3        5        6
        3        6        5
        3        6        6
        4        4        4
        4        4        5
        4        4        6
        4        4        7
        4        5        4
        4        5        5
        4        5        6
        4        5        7
        4        6        4
        4        6        5
        4        6        6
        4        6        7
        4        7        4
        4        7        5
        4        7        6
        4        7        7
        5        3        5
        5        3        6
        5        4        4
        5        4        5
        5        4        6
        5        4        7
        5        5        3
        5        5        4
        5        5        5
        5        5        6
        5        5        7
        5        5        8
        5        6        3
        5        6        4
        5        6        5
        5        6        6
        5        6        7
        5        6        8
        5        7        4
        5        7        5
        5        7        6
        5        7        7
        5        8        5
        5        8        6
        6        3        5
        6        3        6
        6        4        4
        6        4        5
        6        4        6
        6        4        7
        6        5        3
        6        5        4
        6        5        5
        6        5        6
        6        5        7
        6        5        8
        6        6        3
        6        6        4
        6        6        5
        6        6        6
        6        6        7
        6        6        8
        6        7        4
        6        7        5
        6        7        6
        6        7        7
        6        8        5
        6        8        6
        7        4        4
        7        4        5
        7        4        6
        7        4        7
        7        5        4
        7        5        5
        7        5        6
        7        5        7
        7        6        4
        7        6        5
        7        6        6
        7        6        7
        7        7        4
        7        7        5
        7        7        6
        7        7        7
        8        5        5
        8        5        6
        8        6        5
        8        6        6
Virtual States: 1243 x 3
         0         0         0
         0         0         1
         0         0         2
         0         0         3
         0         0         4
         0         0         5
         0         0         6
         0         0         7
         0         0         8
         0         0         9
         0         0        10
         0         1         0
         0         1         1
         0         1         2
         0         1         3
         0         1         4
         0         1         5
         0         1         6
         0         1         7
         0         1         8
         0         1         9
         0         1        10
         0         2         0
         0         2         1
         0         2         2
         0         2         3
         0         2         4
         0         2         5
         0         2         6
         0         2         7
         0         2         8
         0         2         9
         0         2        10
         0         3         0
         0         3         1
         0         3         2
         0         3         3
         0         3         4
         0         3         5
         0         3         6
         0         3         7
         0         3         8
         0         3         9
         0         3        10
         0         4         0
         0         4         1
         0         4         2
         0         4         3
         0         4         4
         0         4         5
         0         4         6
         0         4         7
         0         4         8
         0         4         9
         0         4        10
         0         5         0
         0         5         1
         0         5         2
         0         5         3
         0         5         4
         0         5         5
         0         5         6
         0         5         7
         0         5         8
         0         5         9
         0         5        10
         0         6         0
         0         6         1
         0         6         2
         0         6         3
         0         6         4
         0         6         5
         0         6         6
         0         6         7
         0         6         8
         0         6         9
         0         6        10
         0         7         0
         0         7         1
         0         7         2
         0         7         3
         0         7         4
         0         7         5
         0         7         6
         0         7         7
         0         7         8
         0         7         9
         0         7        10
         0         8         0
         0         8         1
         0         8         2
         0         8         3
         0         8         4
         0         8         5
         0         8         6
         0         8         7
         0         8         8
         0         8         9
         0         8        10
         0         9         0
         0         9         1
         0         9         2
         0         9         3
         0         9         4
         0         9         5
         0         9         6
         0         9         7
         0         9         8
         0         9         9
         0         9        10
         0        10         0
         0        10         1
         0        10         2
         0        10         3
         0        10         4
         0        10         5
         0        10         6
         0        10         7
         0        10         8
         0        10         9
         0        10        10
         1         0         0
         1         0         1
         1         0         2
         1         0         3
         1         0         4
         1         0         5
         1         0         6
         1         0         7
         1         0         8
         1         0         9
         1         0        10
         1         1         0
         1         1         1
         1         1         2
         1         1         3
         1         1         4
         1         1         5
         1         1         6
         1         1         7
         1         1         8
         1         1         9
         1         1        10
         1         2         0
         1         2         1
         1         2         2
         1         2         3
         1         2         4
         1         2         5
         1         2         6
         1         2         7
         1         2         8
         1         2         9
         1         2        10
         1         3         0
         1         3         1
         1         3         2
         1         3         3
         1         3         4
         1         3         5
         1         3         6
         1         3         7
         1         3         8
         1         3         9
         1         3        10
         1         4         0
         1         4         1
         1         4         2
         1         4         3
         1         4         4
         1         4         5
         1         4         6
         1         4         7
         1         4         8
         1         4         9
         1         4        10
         1         5         0
         1         5         1
         1         5         2
         1         5         3
         1         5         4
         1         5         5
         1         5         6
         1         5         7
         1         5         8
         1         5         9
         1         5        10
         1         6         0
         1         6         1
         1         6         2
         1         6         3
         1         6         4
         1         6         5
         1         6         6
         1         6         7
         1         6         8
         1         6         9
         1         6        10
         1         7         0
         1         7         1
         1         7         2
         1         7         3
         1         7         4
         1         7         5
         1         7         6
         1         7         7
         1         7         8
         1         7         9
         1         7        10
         1         8         0
         1         8         1
         1         8         2
         1         8         3
         1         8         4
         1         8         5
         1         8         6
         1         8         7
         1         8         8
         1         8         9
         1         8        10
         1         9         0
         1         9         1
         1         9         2
         1         9         3
         1         9         4
         1         9         5
         1         9         6
         1         9         7
         1         9         8
         1         9         9
         1         9        10
         1        10         0
         1        10         1
         1        10         2
         1        10         3
         1        10         4
         1        10         5
         1        10         6
         1        10         7
         1        10         8
         1        10         9
         1        10        10
         2         0         0
         2         0         1
         2         0         2
         2         0         3
         2         0         4
         2         0         5
         2         0         6
         2         0         7
         2         0         8
         2         0         9
         2         0        10
         2         1         0
         2         1         1
         2         1         2
         2         1         3
         2         1         4
         2         1         5
         2         1         6
         2         1         7
         2         1         8
         2         1         9
         2         1        10
         2         2         0
         2         2         1
         2         2         2
         2         2         3
         2         2         4
         2         2         5
         2         2         6
         2         2         7
         2         2         8
         2         2         9
         2         2        10
         2         3         0
         2         3         1
         2         3         2
         2         3         3
         2         3         4
         2         3         5
         2         3         6
         2         3         7
         2         3         8
         2         3         9
         2         3        10
         2         4         0
         2         4         1
         2         4         2
         2         4         3
         2         4         4
         2         4         5
         2         4         6
         2         4         7
         2         4         8
         2         4         9
         2         4        10
         2         5         0
         2         5         1
         2         5         2
         2         5         3
         2         5         4
         2         5         5
         2         5         6
         2         5         7
         2         5         8
         2         5         9
         2         5        10
         2         6         0
         2         6         1
         2         6         2
         2         6         3
         2         6         4
         2         6         5
         2         6         6
         2         6         7
         2         6         8
         2         6         9
         2         6        10
         2         7         0
         2         7         1
         2         7         2
         2         7         3
         2         7         4
         2         7         5
         2         7         6
         2         7         7
         2         7         8
         2         7         9
         2         7        10
         2         8         0
         2         8         1
         2         8         2
         2         8         3
         2         8         4
         2         8         5
         2         8         6
         2         8         7
         2         8         8
         2         8         9
         2         8        10
         2         9         0
         2         9         1
         2         9         2
         2         9         3
         2         9         4
         2         9         5
         2         9         6
         2         9         7
         2         9         8
         2         9         9
         2         9        10
         2        10         0
         2        10         1
         2        10         2
         2        10         3
         2        10         4
         2        10         5
         2        10         6
         2        10         7
         2        10         8
         2        10         9
         2        10        10
         3         0         0
         3         0         1
         3         0         2
         3         0         3
         3         0         4
         3         0         5
         3         0         6
         3         0         7
         3         0         8
         3         0         9
         3         0        10
         3         1         0
         3         1         1
         3         1         2
         3         1         3
         3         1         4
         3         1         5
         3         1         6
         3         1         7
         3         1         8
         3         1         9
         3         1        10
         3         2         0
         3         2         1
         3         2         2
         3         2         3
         3         2         4
         3         2         5
         3         2         6
         3         2         7
         3         2         8
         3         2         9
         3         2        10
         3         3         0
         3         3         1
         3         3         2
         3         3         3
         3         3         4
         3         3         5
         3         3         6
         3         3         7
         3         3         8
         3         3         9
         3         3        10
         3         4         0
         3         4         1
         3         4         2
         3         4         3
         3         4         4
         3         4         5
         3         4         6
         3         4         7
         3         4         8
         3         4         9
         3         4        10
         3         5         0
         3         5         1
         3         5         2
         3         5         3
         3         5         4
         3         5         7
         3         5         8
         3         5         9
         3         5        10
         3         6         0
         3         6         1
         3         6         2
         3         6         3
         3         6         4
         3         6         7
         3         6         8
         3         6         9
         3         6        10
         3         7         0
         3         7         1
         3         7         2
         3         7         3
         3         7         4
         3         7         5
         3         7         6
         3         7         7
         3         7         8
         3         7         9
         3         7        10
         3         8         0
         3         8         1
         3         8         2
         3         8         3
         3         8         4
         3         8         5
         3         8         6
         3         8         7
         3         8         8
         3         8         9
         3         8        10
         3         9         0
         3         9         1
         3         9         2
         3         9         3
         3         9         4
         3         9         5
         3         9         6
         3         9         7
         3         9         8
         3         9         9
         3         9        10
         3        10         0
         3        10         1
         3        10         2
         3        10         3
         3        10         4
         3        10         5
         3        10         6
         3        10         7
         3        10         8
         3        10         9
         3        10        10
         4         0         0
         4         0         1
         4         0         2
         4         0         3
         4         0         4
         4         0         5
         4         0         6
         4         0         7
         4         0         8
         4         0         9
         4         0        10
         4         1         0
         4         1         1
         4         1         2
         4         1         3
         4         1         4
         4         1         5
         4         1         6
         4         1         7
         4         1         8
         4         1         9
         4         1        10
         4         2         0
         4         2         1
         4         2         2
         4         2         3
         4         2         4
         4         2         5
         4         2         6
         4         2         7
         4         2         8
         4         2         9
         4         2        10
         4         3         0
         4         3         1
         4         3         2
         4         3         3
         4         3         4
         4         3         5
         4         3         6
         4         3         7
         4         3         8
         4         3         9
         4         3        10
         4         4         0
         4         4         1
         4         4         2
         4         4         3
         4         4         8
         4         4         9
         4         4        10
         4         5         0
         4         5         1
         4         5         2
         4         5         3
         4         5         8
         4         5         9
         4         5        10
         4         6         0
         4         6         1
         4         6         2
         4         6         3
         4         6         8
         4         6         9
         4         6        10
         4         7         0
         4         7         1
         4         7         2
         4         7         3
         4         7         8
         4         7         9
         4         7        10
         4         8         0
         4         8         1
         4         8         2
         4         8         3
         4         8         4
         4         8         5
         4         8         6
         4         8         7
         4         8         8
         4         8         9
         4         8        10
         4         9         0
         4         9         1
         4         9         2
         4         9         3
         4         9         4
         4         9         5
         4         9         6
         4         9         7
         4         9         8
         4         9         9
         4         9        10
         4        10         0
         4        10         1
         4        10         2
         4        10         3
         4        10         4
         4        10         5
         4        10         6
         4        10         7
         4        10         8
         4        10         9
         4        10        10
         5         0         0
         5         0         1
         5         0         2
         5         0         3
         5         0         4
         5         0         5
         5         0         6
         5         0         7
         5         0         8
         5         0         9
         5         0        10
         5         1         0
         5         1         1
         5         1         2
         5         1         3
         5         1         4
         5         1         5
         5         1         6
         5         1         7
         5         1         8
         5         1         9
         5         1        10
         5         2         0
         5         2         1
         5         2         2
         5         2         3
         5         2         4
         5         2         5
         5         2         6
         5         2         7
         5         2         8
         5         2         9
         5         2        10
         5         3         0
         5         3         1
         5         3         2
         5         3         3
         5         3         4
         5         3         7
         5         3         8
         5         3         9
         5         3        10
         5         4         0
         5         4         1
         5         4         2
         5         4         3
         5         4         8
         5         4         9
         5         4        10
         5         5         0
         5         5         1
         5         5         2
         5         5         9
         5         5        10
         5         6         0
         5         6         1
         5         6         2
         5         6         9
         5         6        10
         5         7         0
         5         7         1
         5         7         2
         5         7         3
         5         7         8
         5         7         9
         5         7        10
         5         8         0
         5         8         1
         5         8         2
         5         8         3
         5         8         4
         5         8         7
         5         8         8
         5         8         9
         5         8        10
         5         9         0
         5         9         1
         5         9         2
         5         9         3
         5         9         4
         5         9         5
         5         9         6
         5         9         7
         5         9         8
         5         9         9
         5         9        10
         5        10         0
         5        10         1
         5        10         2
         5        10         3
         5        10         4
         5        10         5
         5        10         6
         5        10         7
         5        10         8
         5        10         9
         5        10        10
         6         0         0
         6         0         1
         6         0         2
         6         0         3
         6         0         4
         6         0         5
         6         0         6
         6         0         7
         6         0         8
         6         0         9
         6         0        10
         6         1         0
         6         1         1
         6         1         2
         6         1         3
         6         1         4
         6         1         5
         6         1         6
         6         1         7
         6         1         8
         6         1         9
         6         1        10
         6         2         0
         6         2         1
         6         2         2
         6         2         3
         6         2         4
         6         2         5
         6         2         6
         6         2         7
         6         2         8
         6         2         9
         6         2        10
         6         3         0
         6         3         1
         6         3         2
         6         3         3
         6         3         4
         6         3         7
         6         3         8
         6         3         9
         6         3        10
         6         4         0
         6         4         1
         6         4         2
         6         4         3
         6         4         8
         6         4         9
         6         4        10
         6         5         0
         6         5         1
         6         5         2
         6         5         9
         6         5        10
         6         6         0
         6         6         1
         6         6         2
         6         6         9
         6         6        10
         6         7         0
         6         7         1
         6         7         2
         6         7         3
         6         7         8
         6         7         9
         6         7        10
         6         8         0
         6         8         1
         6         8         2
         6         8         3
         6         8         4
         6         8         7
         6         8         8
         6         8         9
         6         8        10
         6         9         0
         6         9         1
         6         9         2
         6         9         3
         6         9         4
         6         9         5
         6         9         6
         6         9         7
         6         9         8
         6         9         9
         6         9        10
         6        10         0
         6        10         1
         6        10         2
         6        10         3
         6        10         4
         6        10         5
         6        10         6
         6        10         7
         6        10         8
         6        10         9
         6        10        10
         7         0         0
         7         0         1
         7         0         2
         7         0         3
         7         0         4
         7         0         5
         7         0         6
         7         0         7
         7         0         8
         7         0         9
         7         0        10
         7         1         0
         7         1         1
         7         1         2
         7         1         3
         7         1         4
         7         1         5
         7         1         6
         7         1         7
         7         1         8
         7         1         9
         7         1        10
         7         2         0
         7         2         1
         7         2         2
         7         2         3
         7         2         4
         7         2         5
         7         2         6
         7         2         7
         7         2         8
         7         2         9
         7         2        10
         7         3         0
         7         3         1
         7         3         2
         7         3         3
         7         3         4
         7         3         5
         7         3         6
         7         3         7
         7         3         8
         7         3         9
         7         3        10
         7         4         0
         7         4         1
         7         4         2
         7         4         3
         7         4         8
         7         4         9
         7         4        10
         7         5         0
         7         5         1
         7         5         2
         7         5         3
         7         5         8
         7         5         9
         7         5        10
         7         6         0
         7         6         1
         7         6         2
         7         6         3
         7         6         8
         7         6         9
         7         6        10
         7         7         0
         7         7         1
         7         7         2
         7         7         3
         7         7         8
         7         7         9
         7         7        10
         7         8         0
         7         8         1
         7         8         2
         7         8         3
         7         8         4
         7         8         5
         7         8         6
         7         8         7
         7         8         8
         7         8         9
         7         8        10
         7         9         0
         7         9         1
         7         9         2
         7         9         3
         7         9         4
         7         9         5
         7         9         6
         7         9         7
         7         9         8
         7         9         9
         7         9        10
         7        10         0
         7        10         1
         7        10         2
         7        10         3
         7        10         4
         7        10         5
         7        10         6
         7        10         7
         7        10         8
         7        10         9
         7        10        10
         8         0         0
         8         0         1
         8         0         2
         8         0         3
         8         0         4
         8         0         5
         8         0         6
         8         0         7
         8         0         8
         8         0         9
         8         0        10
         8         1         0
         8         1         1
         8         1         2
         8         1         3
         8         1         4
         8         1         5
         8         1         6
         8         1         7
         8         1         8
         8         1         9
         8         1        10
         8         2         0
         8         2         1
         8         2         2
         8         2         3
         8         2         4
         8         2         5
         8         2         6
         8         2         7
         8         2         8
         8         2         9
         8         2        10
         8         3         0
         8         3         1
         8         3         2
         8         3         3
         8         3         4
         8         3         5
         8         3         6
         8         3         7
         8         3         8
         8         3         9
         8         3        10
         8         4         0
         8         4         1
         8         4         2
         8         4         3
         8         4         4
         8         4         5
         8         4         6
         8         4         7
         8         4         8
         8         4         9
         8         4        10
         8         5         0
         8         5         1
         8         5         2
         8         5         3
         8         5         4
         8         5         7
         8         5         8
         8         5         9
         8         5        10
         8         6         0
         8         6         1
         8         6         2
         8         6         3
         8         6         4
         8         6         7
         8         6         8
         8         6         9
         8         6        10
         8         7         0
         8         7         1
         8         7         2
         8         7         3
         8         7         4
         8         7         5
         8         7         6
         8         7         7
         8         7         8
         8         7         9
         8         7        10
         8         8         0
         8         8         1
         8         8         2
         8         8         3
         8         8         4
         8         8         5
         8         8         6
         8         8         7
         8         8         8
         8         8         9
         8         8        10
         8         9         0
         8         9         1
         8         9         2
         8         9         3
         8         9         4
         8         9         5
         8         9         6
         8         9         7
         8         9         8
         8         9         9
         8         9        10
         8        10         0
         8        10         1
         8        10         2
         8        10         3
         8        10         4
         8        10         5
         8        10         6
         8        10         7
         8        10         8
         8        10         9
         8        10        10
         9         0         0
         9         0         1
         9         0         2
         9         0         3
         9         0         4
         9         0         5
         9         0         6
         9         0         7
         9         0         8
         9         0         9
         9         0        10
         9         1         0
         9         1         1
         9         1         2
         9         1         3
         9         1         4
         9         1         5
         9         1         6
         9         1         7
         9         1         8
         9         1         9
         9         1        10
         9         2         0
         9         2         1
         9         2         2
         9         2         3
         9         2         4
         9         2         5
         9         2         6
         9         2         7
         9         2         8
         9         2         9
         9         2        10
         9         3         0
         9         3         1
         9         3         2
         9         3         3
         9         3         4
         9         3         5
         9         3         6
         9         3         7
         9         3         8
         9         3         9
         9         3        10
         9         4         0
         9         4         1
         9         4         2
         9         4         3
         9         4         4
         9         4         5
         9         4         6
         9         4         7
         9         4         8
         9         4         9
         9         4        10
         9         5         0
         9         5         1
         9         5         2
         9         5         3
         9         5         4
         9         5         5
         9         5         6
         9         5         7
         9         5         8
         9         5         9
         9         5        10
         9         6         0
         9         6         1
         9         6         2
         9         6         3
         9         6         4
         9         6         5
         9         6         6
         9         6         7
         9         6         8
         9         6         9
         9         6        10
         9         7         0
         9         7         1
         9         7         2
         9         7         3
         9         7         4
         9         7         5
         9         7         6
         9         7         7
         9         7         8
         9         7         9
         9         7        10
         9         8         0
         9         8         1
         9         8         2
         9         8         3
         9         8         4
         9         8         5
         9         8         6
         9         8         7
         9         8         8
         9         8         9
         9         8        10
         9         9         0
         9         9         1
         9         9         2
         9         9         3
         9         9         4
         9         9         5
         9         9         6
         9         9         7
         9         9         8
         9         9         9
         9         9        10
         9        10         0
         9        10         1
         9        10         2
         9        10         3
         9        10         4
         9        10         5
         9        10         6
         9        10         7
         9        10         8
         9        10         9
         9        10        10
        10         0         0
        10         0         1
        10         0         2
        10         0         3
        10         0         4
        10         0         5
        10         0         6
        10         0         7
        10         0         8
        10         0         9
        10         0        10
        10         1         0
        10         1         1
        10         1         2
        10         1         3
        10         1         4
        10         1         5
        10         1         6
        10         1         7
        10         1         8
        10         1         9
        10         1        10
        10         2         0
        10         2         1
        10         2         2
        10         2         3
        10         2         4
        10         2         5
        10         2         6
        10         2         7
        10         2         8
        10         2         9
        10         2        10
        10         3         0
        10         3         1
        10         3         2
        10         3         3
        10         3         4
        10         3         5
        10         3         6
        10         3         7
        10         3         8
        10         3         9
        10         3        10
        10         4         0
        10         4         1
        10         4         2
        10         4         3
        10         4         4
        10         4         5
        10         4         6
        10         4         7
        10         4         8
        10         4         9
        10         4        10
        10         5         0
        10         5         1
        10         5         2
        10         5         3
        10         5         4
        10         5         5
        10         5         6
        10         5         7
        10         5         8
        10         5         9
        10         5        10
        10         6         0
        10         6         1
        10         6         2
        10         6         3
        10         6         4
        10         6         5
        10         6         6
        10         6         7
        10         6         8
        10         6         9
        10         6        10
        10         7         0
        10         7         1
        10         7         2
        10         7         3
        10         7         4
        10         7         5
        10         7         6
        10         7         7
        10         7         8
        10         7         9
        10         7        10
        10         8         0
        10         8         1
        10         8         2
        10         8         3
        10         8         4
        10         8         5
        10         8         6
        10         8         7
        10         8         8
        10         8         9
        10         8        10
        10         9         0
        10         9         1
        10         9         2
        10         9         3
        10         9         4
        10         9         5
        10         9         6
        10         9         7
        10         9         8
        10         9         9
        10         9        10
        10        10         0
        10        10         1
        10        10         2
        10        10         3
        10        10         4
        10        10         5
        10        10         6
        10        10         7
        10        10         8
        10        10         9
        10        10        10
Excitations: 600 x 2
           42          856
           42          557
           43          857
           43          558
           45          818
           45          519
           67          558
           67          857
           20          518
           20          817
           21          818
           32          840
           66          856
           21          519
           66          557
           44          518
           44          817
           56          840
           31          535
           31          834
           26          833
           26          534
           37          841
           61          542
           50          833
           61          841
           56          541
           55          535
           55          834
           50          534
           37          542
           32          541
           80          961
           16          961
           16          440
           19          964
           19          443
           83          443
            7          414
           83          964
           80          440
           71          414
            7          935
            4          932
            4          411
           71          935
           68          932
           68          411
           79          432
           81          441
           82          442
           17          441
           11          423
           18          442
           15          432
            6          413
           76          431
           75          423
           72          943
           72          422
            8          943
           17          962
           12          431
           82          963
           81          962
           79          953
           70          413
            5          412
            8          422
           69          412
           11          944
           75          944
           76          952
           15          953
            6          934
           18          963
            5          933
           69          933
           70          934
           12          952
           85         1062
           87         1073
           85          303
            1         1062
            3         1073
           84         1061
           84          302
           86         1072
           86          313
            0         1061
           87          314
            2          313
            3          314
            2         1072
            1          303
            0          302
           43          453
           20          922
           45          923
           43          974
           67          453
           42          973
           67          974
           66          973
           21          923
           44          922
           42          452
           32          430
           20          401
           37          954
           32          951
           55          945
           21          402
           45          402
           61          954
           56          951
           44          401
           26          942
           50          942
           66          452
           56          430
           26          421
           31          424
           31          945
           55          424
           61          433
           50          421
           37          433
           65          443
           49          414
           41          443
           49          935
           62          961
           41          964
           46          932
           65          964
           62          440
           46          411
           38          961
           25          414
           38          440
           22          932
           25          935
           22          411
           33          431
           23          412
           27          943
           30          423
           27          422
           60          432
           57          431
           40          442
           54          423
           24          413
           48          413
           64          442
           51          422
           51          943
           47          412
           23          933
           63          441
           30          944
           57          952
           48          934
           33          952
           60          953
           40          963
           39          441
           63          962
           47          933
           24          934
           36          432
           36          953
           54          944
           64          963
           39          962
           19          326
           68          290
           83          326
            4          290
           80          323
           80         1082
           68         1049
           71         1052
           71          293
            7         1052
            4         1049
           19         1085
           16         1082
            7          293
           83         1085
           16          323
           11         1063
           15         1074
           81         1083
           11          304
           17         1083
           76          312
           82         1084
           18         1084
           79         1074
           75         1063
           72         1060
           75          304
           76         1071
            6         1051
            8         1060
           12         1071
           70         1051
            5         1050
           12          312
           69         1050
           15          315
            6          292
           17          324
           72          301
           81          324
           79          315
           18          325
           82          325
           69          291
            8          301
            5          291
           70          292
           74          303
           74         1062
           73          302
           73         1061
           14         1073
           10         1062
           78          314
           78         1073
           77         1072
           77          313
            9         1061
           13         1072
           14          314
            9          302
           13          313
           10          303
           61          316
           61         1075
           55          305
           56         1070
           43          336
           55         1064
           56          311
           50         1059
           42         1094
           42          335
           44         1039
           43         1095
           50          300
           37          316
           67         1095
           32          311
           37         1075
           66         1094
           31         1064
           26          300
           20         1039
           32         1070
           31          305
           26         1059
           44          280
           67          336
           66          335
           45         1040
           45          281
           21          281
           21         1040
           20          280
           46         1049
           38         1082
           62          323
           62         1082
           25         1052
           38          323
           41          326
           25          293
           49          293
           49         1052
           41         1085
           46          290
           65          326
           65         1085
           22         1049
           22          290
           24         1051
           23         1050
           63         1083
           47         1050
           48         1051
           27         1060
           30         1063
           30          304
           33          312
           33         1071
           60         1074
           36         1074
           54          304
           64         1084
           54         1063
           40         1084
           47          291
           39         1083
           60          315
           23          291
           57          312
           57         1071
           63          324
           48          292
           27          301
           24          292
           51          301
           51         1060
           39          324
           40          325
           36          315
           64          325
           53          303
           52         1061
           52          302
           53         1062
           35          314
           59          314
           29         1062
           28          302
           29          303
           28         1061
           58         1072
           58          313
           59         1073
           34         1072
           34          313
           35         1073
            0         1182
           86          192
            0          181
           86         1193
            1         1183
           87         1194
           87          193
            2          192
           85          182
           85         1183
            1          182
           84          181
           84         1182
            3          193
            2         1193
            3         1194
           80         1203
           68          169
           68         1170
           16          202
            7         1173
            7          172
           71         1173
           16         1203
           71          172
           19          205
           19         1206
           83         1206
            4          169
           83          205
            4         1170
           80          202
           11         1184
           82          204
           82         1205
           18          204
           18         1205
           11          183
           17          203
           15         1195
            8         1181
            6          171
           81          203
            6         1172
            5          170
           81         1204
            5         1171
           72         1181
           72          180
           12         1192
           75         1184
           75          183
           76         1192
           76          191
           79         1195
           79          194
           12          191
            8          180
           17         1204
           15          194
           69         1171
           69          170
           70          171
           70         1172
           73          181
           78          193
           78         1194
           77          192
           77         1193
           74          182
           73         1182
           74         1183
           14         1194
           13          192
            9         1182
            9          181
           13         1193
           10          182
           14          193
           10         1183
           55         1185
           56          190
           37          195
           37         1196
           26          179
           55          184
           26         1180
           31         1185
           32          190
           32         1191
           31          184
           50          179
           56         1191
           50         1180
           61         1196
           61          195
           44         1160
           45          160
           66         1215
           44          159
           66          214
           42         1215
           21          160
           20         1160
           21         1161
           20          159
           67         1216
           67          215
           43          215
           42          214
           45         1161
           43         1216
           46         1170
           25          172
           49         1173
           41          205
           25         1173
           46          169
           22         1170
           22          169
           65          205
           38         1203
           65         1206
           62          202
           38          202
           41         1206
           62         1203
           49          172
           51         1181
           30         1184
           63         1204
           54          183
           30          183
           23         1171
           54         1184
           48          171
           47         1171
           60          194
           63          203
           47          170
           57         1192
           51          180
           27         1181
           27          180
           24          171
           60         1195
           33         1192
           48         1172
           57          191
           24         1172
           33          191
           23          170
           39         1204
           39          203
           40         1205
           64         1205
           64          204
           36          194
           36         1195
           40          204
           53          182
           52          181
           34          192
           28         1182
           53         1183
           34         1193
           59          193
           59         1194
           28          181
           58          192
           52         1182
           58         1193
           29          182
           35          193
           35         1194
           29         1183
           87           72
            3           72
           85           61
            1           61
            0           60
           84           60
           86           71
            2           71
           83           84
            7           51
           68           48
            4           48
           19           84
           16           81
           71           51
           80           81
           15           73
            8           59
           18           83
           79           73
           82           83
           11           62
           17           82
           69           49
           72           59
            5           49
           12           70
           70           50
           75           62
           81           82
            6           50
           76           70
           78           72
           14           72
           13           71
           73           60
           77           71
           74           61
           10           61
            9           60
           31           63
           21           39
           20           38
           55           63
           42           93
           43           94
           61           74
           37           74
           44           38
           56           69
           45           39
           66           93
           32           69
           50           58
           67           94
           26           58
           46           48
           41           84
           65           84
           25           51
           49           51
           62           81
           38           81
           22           48
           57           70
           51           59
           48           50
           47           49
           39           82
           54           62
           33           70
           23           49
           24           50
           27           59
           30           62
           60           73
           64           83
           36           73
           63           82
           40           83
           34           71
           53           61
           28           60
           52           60
           58           71
           59           72
           35           72
           29           61

                            End of Section: Matrices                            

################################################################################

                              End of Output File.                              

################################################################################
