################################################################################

            Output File for HFS, the Hartree-Fock Stability Program            
                              Author: Evan Curtin                              
             Institution: University of Illinois @ Urbana-Champaign             
                          email: ecurtin2@illinois.edu                          
                       Built on Oct 21 2016, at 17:11:28                       

################################################################################

                Computation Started : Fri Oct 21 17:57:02 2016
                
                Computation Finished: Fri Oct 21 17:57:19 2016
                
                     Total Elapsed Time = 16.9945 seconds.                     

--------------------------------------------------------------------------------

                                     Input                                     

--------------------------------------------------------------------------------

Nk = 21
ndim = 2
rs = 1.200000000000000

                             End of Section: Input                             

--------------------------------------------------------------------------------

                                     Output                                     

--------------------------------------------------------------------------------

deltaK = 0.235702260395516
kf = 1.178511301977579
kmax = 2.357022603955159
Nocc = 81
Nvir = 319
Nexc = 913
ground_state_degeneracy = 4
dav_its = 5
num_guess_evecs = 80
Dav_blocksize = 20
Dav_Num_evals = 4
Dav_time = 8.709901884000001
Mv_time = 0.020752516000000
Davidson Tolerance = 1.00e-08
Dav_minits = 5
Dav_maxits = 30
Dav_maxsubsize = 3000
Davidson_Stopping_Criteria = All Requested Eigenvalue Norms Converged
full_diag_min = -0.055780815654406
full_diag_time = 8.280434409000000

                             End of Section: Output                             

--------------------------------------------------------------------------------

                                    Vectors                                    

--------------------------------------------------------------------------------

Occ Energies: 81
0.046794585650467
0.022234777171763
-0.185876259724881
-0.308678391279499
-0.356303631874573
-0.308678391279500
-0.185876259724881
0.022234777171763
0.022234777171763
-0.288627953746986
-0.495628660791475
-0.615738438295860
-0.655791187990272
-0.615738438295860
-0.495628660791476
-0.288627953746986
0.022234777171763
-0.185876259724881
-0.495628660791476
-0.700835093674404
-0.820137089960576
-0.859443836150698
-0.820137089960576
-0.700835093674404
-0.495628660791476
-0.185876259724882
-0.308678391279499
-0.615738438295860
-0.820137089960575
-0.939166860760545
-0.978359576906659
-0.939166860760546
-0.820137089960576
-0.615738438295860
-0.308678391279500
0.046794585650468
-0.356303631874573
-0.655791187990272
-0.859443836150698
-0.978359576906659
-1.017530081679512
-0.978359576906659
-0.859443836150698
-0.655791187990272
-0.356303631874574
0.046794585650468
-0.308678391279500
-0.615738438295860
-0.820137089960576
-0.939166860760546
-0.978359576906659
-0.939166860760546
-0.820137089960576
-0.615738438295861
-0.308678391279500
-0.185876259724881
-0.495628660791476
-0.700835093674404
-0.820137089960576
-0.859443836150699
-0.820137089960576
-0.700835093674405
-0.495628660791476
-0.185876259724882
0.022234777171763
-0.288627953746986
-0.495628660791476
-0.615738438295860
-0.655791187990272
-0.615738438295861
-0.495628660791476
-0.288627953746986
0.022234777171763
0.022234777171763
-0.185876259724882
-0.308678391279500
-0.356303631874573
-0.308678391279500
-0.185876259724882
0.022234777171763
0.046794585650468
Vir Energies: 319
5.289785623275367
4.759299088572695
4.280056404946848
3.852274541577966
3.476352419142000
3.153815261491503
2.887578179046002
2.678891768155179
2.528807535053118
2.438286620436337
2.408026442124292
2.438286620436337
2.528807535053118
2.678891768155179
2.887578179046001
3.153815261491503
3.476352419141999
3.852274541577966
4.280056404946848
4.759299088572695
4.759299088572695
4.228706973096158
3.749143778206430
3.320819278955720
2.944131409017913
2.620629440214042
2.353304592159290
2.143548396822928
1.992535087043657
1.901360805984082
1.870860427163853
1.901360805984082
1.992535087043657
2.143548396822928
2.353304592159289
2.620629440214042
2.944131409017912
3.320819278955720
3.749143778206429
4.228706973096158
4.280056404946848
3.749143778206430
3.268600733063027
2.838598271952810
2.459504774885591
2.132915070707202
1.862123354802717
1.648904825050823
1.494835493109417
1.401432232052656
1.370075385429414
1.401432232052656
1.494835493109417
1.648904825050823
1.862123354802717
2.132915070707202
2.459504774885591
2.838598271952809
3.268600733063026
3.749143778206430
3.852274541577966
3.320819278955720
2.838598271952810
2.405666743088093
2.022251885394074
1.689909738820935
1.412429033053544
1.192385982675434
1.032198018722178
0.933854118136139
0.900230375845774
0.933854118136139
1.032198018722178
1.192385982675433
1.412429033053543
1.689909738820935
2.022251885394074
2.405666743088092
2.838598271952809
3.320819278955720
3.476352419142000
2.944131409017913
2.459504774885590
2.022251885394074
1.632156688856593
1.290307939722884
1.000815143446308
0.768019476226709
0.596927728528310
0.487667073959739
0.443801514627421
0.487667073959738
0.596927728528310
0.768019476226709
1.000815143446307
1.290307939722884
1.632156688856593
2.022251885394073
2.459504774885590
2.944131409017913
3.153815261491503
2.620629440214042
2.132915070707202
1.689909738820935
1.290307939722884
0.933466686420743
0.621275365150220
0.359172795308050
0.170447121075150
0.045571245249977
0.045571245249977
0.170447121075149
0.359172795308050
0.621275365150219
0.933466686420743
1.290307939722884
1.689909738820935
2.132915070707201
2.620629440214042
2.887578179046002
2.353304592159289
1.862123354802717
1.412429033053544
1.000815143446308
0.621275365150220
0.267521755385467
0.267521755385466
0.621275365150220
1.000815143446308
1.412429033053543
1.862123354802717
2.353304592159289
2.678891768155179
2.143548396822928
1.648904825050823
1.192385982675434
0.768019476226709
0.359172795308050
0.359172795308051
0.768019476226709
1.192385982675433
1.648904825050822
2.143548396822928
2.528807535053118
1.992535087043657
1.494835493109417
1.032198018722178
0.596927728528310
0.170447121075150
0.170447121075150
0.596927728528310
1.032198018722177
1.494835493109416
1.992535087043657
2.438286620436337
1.901360805984082
1.401432232052656
0.933854118136139
0.487667073959739
0.045571245249977
0.045571245249977
0.487667073959738
0.933854118136138
1.401432232052655
1.901360805984082
2.408026442124292
1.870860427163853
1.370075385429414
0.900230375845774
0.443801514627421
0.443801514627420
0.900230375845773
1.370075385429413
1.870860427163853
2.438286620436337
1.901360805984082
1.401432232052656
0.933854118136139
0.487667073959738
0.045571245249977
0.045571245249977
0.487667073959738
0.933854118136138
1.401432232052655
1.901360805984082
2.528807535053118
1.992535087043657
1.494835493109417
1.032198018722178
0.596927728528310
0.170447121075149
0.170447121075150
0.596927728528310
1.032198018722177
1.494835493109416
1.992535087043657
2.678891768155179
2.143548396822928
1.648904825050823
1.192385982675433
0.768019476226709
0.359172795308050
0.359172795308051
0.768019476226709
1.192385982675433
1.648904825050822
2.143548396822928
2.887578179046001
2.353304592159289
1.862123354802717
1.412429033053543
1.000815143446307
0.621275365150219
0.267521755385466
0.267521755385466
0.621275365150219
1.000815143446307
1.412429033053543
1.862123354802717
2.353304592159289
3.153815261491503
2.620629440214042
2.132915070707202
1.689909738820935
1.290307939722884
0.933466686420743
0.621275365150220
0.359172795308051
0.170447121075150
0.045571245249977
0.045571245249977
0.170447121075150
0.359172795308051
0.621275365150219
0.933466686420743
1.290307939722884
1.689909738820935
2.132915070707202
2.620629440214042
3.476352419141999
2.944131409017912
2.459504774885590
2.022251885394074
1.632156688856593
1.290307939722884
1.000815143446307
0.768019476226709
0.596927728528310
0.487667073959738
0.443801514627420
0.487667073959738
0.596927728528309
0.768019476226709
1.000815143446307
1.290307939722884
1.632156688856592
2.022251885394073
2.459504774885589
2.944131409017912
3.852274541577966
3.320819278955720
2.838598271952809
2.405666743088092
2.022251885394073
1.689909738820935
1.412429033053543
1.192385982675432
1.032198018722177
0.933854118136138
0.900230375845773
0.933854118136138
1.032198018722177
1.192385982675433
1.412429033053543
1.689909738820935
2.022251885394073
2.405666743088092
2.838598271952808
3.320819278955720
4.280056404946848
3.749143778206429
3.268600733063026
2.838598271952809
2.459504774885590
2.132915070707202
1.862123354802717
1.648904825050822
1.494835493109416
1.401432232052655
1.370075385429413
1.401432232052655
1.494835493109416
1.648904825050822
1.862123354802717
2.132915070707202
2.459504774885590
2.838598271952808
3.268600733063026
3.749143778206429
4.759299088572695
4.228706973096158
3.749143778206430
3.320819278955720
2.944131409017913
2.620629440214042
2.353304592159290
2.143548396822928
1.992535087043657
1.901360805984082
1.870860427163853
1.901360805984082
1.992535087043657
2.143548396822928
2.353304592159289
2.620629440214042
2.944131409017912
3.320819278955720
3.749143778206429
4.228706973096158
Excitation Energies: 913
-0.001223340400491
-0.001223340400491
-0.001223340400491
-0.001223340400491
0.123652535424681
0.123652535424682
0.123652535424682
0.123652535424682
0.245286978213703
0.245286978213703
0.245286978213703
0.245286978213703
0.245286978213703
0.245286978213703
0.245286978213703
0.245286978213704
0.312378209657582
0.312378209657582
0.312378209657583
0.312378209657583
0.336938018136287
0.336938018136287
0.336938018136287
0.336938018136288
0.336938018136288
0.336938018136288
0.336938018136288
0.336938018136288
0.354249636529476
0.354249636529476
0.354249636529477
0.354249636529477
0.354249636529477
0.354249636529477
0.354249636529477
0.354249636529477
0.356323380800031
0.356323380800031
0.356323380800031
0.356323380800031
0.356323380800031
0.356323380800031
0.356323380800031
0.356323380800032
0.397006928976952
0.397006928976953
0.397006928976953
0.397006928976953
0.453398015110347
0.453398015110347
0.453398015110348
0.453398015110348
0.453398015110348
0.453398015110348
0.453398015110348
0.453398015110348
0.574480779499751
0.574480779499751
0.574480779499752
0.574480779499752
0.576200146664966
0.576200146664966
0.576200146664966
0.576200146664966
0.576200146664966
0.576200146664966
0.576200146664966
0.576200146664966
0.599040587978456
0.599040587978456
0.599040587978456
0.599040587978456
0.599040587978456
0.599040587978456
0.599040587978456
0.599040587978456
0.623825387260039
0.623825387260040
0.623825387260040
0.623825387260040
0.647800749055036
0.647800749055036
0.647800749055036
0.647800749055036
0.647800749055036
0.647800749055036
0.647800749055036
0.647800749055037
0.661309683545837
0.661309683545837
0.661309683545837
0.661309683545837
0.661309683545838
0.661309683545838
0.661309683545838
0.661309683545838
0.666075781866625
0.666075781866625
0.666075781866625
0.666075781866625
0.666075781866625
0.666075781866626
0.666075781866626
0.666075781866626
0.745784699054945
0.745784699054946
0.745784699054946
0.745784699054946
0.745784699054946
0.745784699054946
0.745784699054946
0.745784699054947
0.782803988253191
0.782803988253191
0.782803988253191
0.782803988253191
0.782803988253191
0.782803988253192
0.782803988253192
0.782803988253192
0.796345465239237
0.796345465239237
0.796345465239238
0.796345465239238
0.796345465239238
0.796345465239238
0.796345465239238
0.796345465239238
0.800105146501993
0.800105146501994
0.800105146501994
0.800105146501994
0.807151624875101
0.807151624875101
0.807151624875101
0.807151624875101
0.807151624875101
0.807151624875101
0.807151624875101
0.807151624875101
0.853435790195305
0.853435790195306
0.853435790195306
0.853435790195307
0.854801456099526
0.854801456099526
0.854801456099526
0.854801456099526
0.854801456099526
0.854801456099526
0.854801456099527
0.854801456099527
0.865708335210552
0.865708335210552
0.865708335210553
0.865708335210553
0.865708335210553
0.865708335210553
0.865708335210553
0.865708335210553
0.871282214749554
0.871282214749554
0.871282214749554
0.871282214749554
0.871282214749554
0.871282214749554
0.871282214749554
0.871282214749554
0.886672100770275
0.886672100770275
0.886672100770275
0.886672100770275
0.929953756429719
0.929953756429719
0.929953756429719
0.929953756429719
0.929953756429719
0.929953756429719
0.929953756429719
0.929953756429719
0.974911233603911
0.974911233603911
0.974911233603911
0.974911233603911
0.974911233603911
0.974911233603911
0.974911233603911
0.974911233603911
0.977578997024793
0.977578997024793
0.977578997024793
0.977578997024793
0.978580366274544
0.978580366274544
0.978580366274544
0.978580366274544
0.978580366274544
0.978580366274544
0.978580366274544
0.978580366274545
0.984738106010522
0.984738106010522
0.984738106010522
0.984738106010523
0.984738106010523
0.984738106010523
0.984738106010523
0.984738106010523
0.990584211035725
0.990584211035725
0.990584211035725
0.990584211035725
0.990584211035725
0.990584211035725
0.990584211035726
0.990584211035726
1.014963983298322
1.014963983298323
1.014963983298323
1.014963983298323
1.023930822156636
1.023930822156636
1.023930822156636
1.023930822156637
1.029890957225848
1.029890957225848
1.029890957225848
1.029890957225848
1.056647429973694
1.056647429973695
1.056647429973695
1.056647429973695
1.056647429973695
1.056647429973695
1.056647429973695
1.056647429973695
1.092556389319785
1.092556389319785
1.092556389319785
1.092556389319785
1.092556389319786
1.092556389319786
1.092556389319786
1.092556389319786
1.099592702617692
1.099592702617693
1.099592702617693
1.099592702617693
1.103405512255598
1.103405512255598
1.103405512255598
1.103405512255598
1.103405512255599
1.103405512255599
1.103405512255599
1.103405512255599
1.170151205503669
1.170151205503670
1.170151205503670
1.170151205503670
1.170151205503670
1.170151205503670
1.170151205503670
1.170151205503671
1.186691403171188
1.186691403171188
1.186691403171188
1.186691403171188
1.186691403171189
1.186691403171189
1.186691403171189
1.186691403171189
1.218074278447058
1.218074278447058
1.218074278447058
1.218074278447058
1.218074278447059
1.218074278447059
1.218074278447059
1.218074278447059
1.242532509415637
1.242532509415638
1.242532509415638
1.242532509415638
1.242532509415638
1.242532509415638
1.242532509415639
1.242532509415639
1.243513354072416
1.243513354072416
1.243513354072416
1.243513354072417
1.256534007720346
1.256534007720347
1.256534007720347
1.256534007720348
1.263648137018184
1.263648137018184
1.263648137018184
1.263648137018184
1.263648137018185
1.263648137018185
1.263648137018185
1.263648137018185
1.297762822202714
1.297762822202714
1.297762822202714
1.297762822202714
1.297762822202714
1.297762822202715
1.297762822202715
1.297762822202715
1.303245350778119
1.303245350778119
1.303245350778119
1.303245350778119
1.307804163920313
1.307804163920314
1.307804163920314
1.307804163920314
1.307804163920314
1.307804163920314
1.307804163920315
1.307804163920315
1.309493534725807
1.309493534725807
1.309493534725807
1.309493534725807
1.309493534725807
1.309493534725807
1.309493534725807
1.309493534725807
1.323280799778945
1.323280799778945
1.323280799778946
1.323280799778946
1.357118775320880
1.357118775320880
1.357118775320881
1.357118775320881
1.383757914522569
1.383757914522569
1.383757914522569
1.383757914522569
1.383757914522569
1.383757914522570
1.383757914522570
1.383757914522570
1.390194255881779
1.390194255881780
1.390194255881780
1.390194255881780
1.390194255881780
1.390194255881780
1.390194255881781
1.390194255881781
1.417064818488885
1.417064818488885
1.417064818488885
1.417064818488885
1.417064818488886
1.417064818488886
1.417064818488886
1.417064818488886
1.422161091534079
1.422161091534079
1.422161091534080
1.422161091534080
1.423810664216981
1.423810664216981
1.423810664216981
1.423810664216981
1.426833934720283
1.426833934720284
1.426833934720284
1.426833934720284
1.426833934720284
1.426833934720284
1.426833934720284
1.426833934720284
1.456371564679008
1.456371564679008
1.456371564679009
1.456371564679009
1.461331596306932
1.461331596306933
1.466026650866397
1.466026650866397
1.466026650866397
1.466026650866398
1.481013936422418
1.481013936422418
1.481013936422418
1.481013936422419
1.481013936422419
1.481013936422419
1.481013936422420
1.481013936422420
1.527826679513652
1.527826679513653
1.527826679513653
1.527826679513653
1.527826679513653
1.527826679513653
1.527826679513653
1.527826679513653
1.549592556431998
1.549592556431998
1.549592556431998
1.549592556431999
1.549592556431999
1.549592556431999
1.549592556431999
1.549592556431999
1.556021563836045
1.556021563836046
1.556021563836046
1.556021563836046
1.598305292778424
1.598305292778424
1.598305292778424
1.598305292778424
1.598305292778425
1.598305292778425
1.598305292778425
1.598305292778425
1.626670047879059
1.626670047879059
1.626670047879059
1.626670047879060
1.626670047879060
1.626670047879060
1.626670047879060
1.626670047879060
1.643115153170467
1.643115153170467
1.643115153170467
1.643115153170467
1.680711752834297
1.680711752834297
1.680711752834297
1.680711752834298
1.680711752834298
1.680711752834298
1.680711752834298
1.680711752834298
1.688014643466908
1.688014643466908
1.688014643466908
1.688014643466909
1.688014643466909
1.688014643466909
1.688014643466909
1.688014643466909
1.710110623332154
1.710110623332154
1.710110623332155
1.710110623332155
1.710110623332155
1.710110623332155
1.710110623332155
1.710110623332155
1.721107424333042
1.721107424333042
1.721107424333042
1.721107424333043
1.721107424333043
1.721107424333043
1.721107424333043
1.721107424333044
1.726379017303986
1.726379017303986
1.726379017303987
1.726379017303987
1.733033112396581
1.733033112396581
1.733033112396581
1.733033112396581
1.733033112396582
1.733033112396582
1.733033112396582
1.733033112396582
1.753991208096713
1.753991208096714
1.753991208096714
1.753991208096714
1.753991208096714
1.753991208096715
1.753991208096715
1.753991208096715
1.759674211996471
1.759674211996472
1.759674211996472
1.759674211996473
1.768732664928116
1.768732664928116
1.768732664928117
1.768732664928117
1.808124420971293
1.808124420971293
1.808124420971293
1.808124420971293
1.808124420971294
1.808124420971294
1.808124420971294
1.808124420971294
1.824065841513385
1.824065841513385
1.824065841513385
1.824065841513385
1.839888577630953
1.839888577630953
1.839888577630953
1.839888577630954
1.839888577630954
1.839888577630954
1.839888577630954
1.839888577630954
1.848177170665704
1.848177170665705
1.848177170665706
1.848177170665706
1.852335108682752
1.852335108682752
1.852335108682753
1.852335108682753
1.852335108682753
1.852335108682753
1.852335108682754
1.852335108682754
1.873020978896684
1.873020978896684
1.873020978896684
1.873020978896684
1.873020978896684
1.873020978896685
1.873020978896685
1.873020978896685
1.878589952752432
1.878589952752432
1.878589952752433
1.878589952752433
1.891641854872875
1.891641854872875
1.891641854872876
1.891641854872876
1.912213695042797
1.912213695042797
1.912213695042798
1.912213695042798
1.917760457525285
1.917760457525286
1.937532778797808
1.937532778797808
1.937532778797808
1.937532778797808
1.937532778797809
1.937532778797809
1.937532778797809
1.937532778797809
1.990464153900891
1.990464153900891
1.990464153900892
1.990464153900892
1.990464153900892
1.990464153900892
1.990464153900892
1.990464153900892
2.017170670348515
2.017170670348515
2.017170670348515
2.017170670348515
2.017170670348515
2.017170670348516
2.017170670348516
2.017170670348516
2.025866573419685
2.025866573419685
2.025866573419686
2.025866573419686
2.047999614527598
2.047999614527598
2.047999614527598
2.047999614527598
2.047999614527598
2.047999614527598
2.047999614527598
2.047999614527598
2.086120485056734
2.086120485056734
2.086120485056735
2.086120485056735
2.121313619651165
2.121313619651165
2.121313619651165
2.121313619651165
2.121313619651166
2.121313619651166
2.121313619651166
2.121313619651166
2.144533485842298
2.144533485842298
2.144533485842298
2.144533485842298
2.144533485842299
2.144533485842299
2.144533485842299
2.144533485842299
2.170801746082216
2.170801746082216
2.170801746082216
2.170801746082216
2.170801746082217
2.170801746082217
2.170801746082217
2.170801746082217
2.178411346768538
2.178411346768538
2.178411346768538
2.178411346768538
2.178411346768538
2.178411346768538
2.178411346768539
2.178411346768539
2.195670586783820
2.195670586783820
2.195670586783820
2.195670586783820
2.195670586783821
2.195670586783821
2.195670586783821
2.195670586783821
2.210039197263582
2.210039197263582
2.210039197263582
2.210039197263582
2.210039197263582
2.210039197263582
2.210039197263582
2.210039197263582
2.218426986677290
2.218426986677290
2.218426986677291
2.218426986677291
2.221569322013230
2.221569322013230
2.221569322013231
2.221569322013231
2.221569322013231
2.221569322013231
2.221569322013232
2.221569322013232
2.227164059038426
2.227164059038426
2.227164059038426
2.227164059038426
2.229519221580111
2.229519221580111
2.229519221580112
2.229519221580112
2.264643263346682
2.264643263346683
2.264643263346683
2.264643263346683
2.264643263346684
2.264643263346684
2.264643263346684
2.264643263346684
2.304696013041094
2.304696013041094
2.304696013041095
2.304696013041095
2.314972583069991
2.314972583069991
2.314972583069991
2.314972583069991
2.314972583069992
2.314972583069992
2.314972583069992
2.314972583069992
2.331069814987526
2.331069814987526
2.331069814987526
2.331069814987526
2.331069814987527
2.331069814987527
2.331069814987527
2.331069814987527
2.340599092813200
2.340599092813200
2.340599092813200
2.340599092813201
2.340599092813201
2.340599092813201
2.340599092813201
2.340599092813202
2.348434962336072
2.348434962336072
2.348434962336073
2.348434962336073
2.354279329260114
2.354279329260114
2.354279329260115
2.354279329260115
2.361231856473824
2.361231856473825
2.379791808959314
2.379791808959314
2.379791808959315
2.379791808959315
2.387605467108925
2.387605467108926
2.432176350569914
2.432176350569914
2.432176350569914
2.432176350569914
2.432176350569914
2.432176350569914
2.432176350569914
2.432176350569914
2.488163747835132
2.488163747835133
2.488163747835133
2.488163747835133
2.488163747835133
2.488163747835133
2.488163747835133
2.488163747835133
2.517099244279942
2.517099244279942
2.517099244279942
2.517099244279942
2.517099244279942
2.517099244279942
2.517099244279943
2.517099244279943
2.526651615154125
2.526651615154125
2.526651615154125
2.526651615154125
2.539180851884171
2.539180851884171
2.539180851884171
2.539180851884171
2.539180851884171
2.539180851884171
2.539180851884171
2.539180851884171
2.573834854563574
2.573834854563574
2.573834854563574
2.573834854563574
2.639177057614404
2.639177057614404
2.639177057614404
2.639177057614404
2.639177057614404
2.639177057614404
2.639177057614404
2.639177057614404
2.656656990983415
2.656656990983416
2.656656990983416
2.656656990983416
2.661982983438789
2.661982983438789
2.661982983438789
2.661982983438789
2.661982983438789
2.661982983438789
2.661982983438789
2.661982983438789
2.693370180718061
2.693370180718061
2.693370180718061
2.693370180718062
2.693370180718062
2.693370180718062
2.693370180718062
2.693370180718062
2.709608224033863
2.709608224033863
2.709608224033863
2.709608224033863
2.714683794777999
2.714683794777999
2.714683794778000
2.714683794778000
2.721497895944657
2.721497895944657
2.721497895944657
2.721497895944657
2.721497895944658
2.721497895944658
2.721497895944658
2.721497895944658
2.730304263314551
2.730304263314551
2.730304263314551
2.730304263314551
2.746965011715836
2.746965011715836
2.746965011715837
2.746965011715837
2.759286835118789
2.759286835118789
2.759286835118789
2.759286835118789
2.759286835118789
2.759286835118789
2.759286835118789
2.759286835118789
2.764330073998865
2.764330073998866
2.799339584813200
2.799339584813200
2.799339584813200
2.799339584813200
2.812672177004232
2.812672177004233
2.812672177004233
2.812672177004233
2.812672177004233
2.812672177004233
2.812672177004233
2.812672177004233
2.840527666744627
2.840527666744627
2.840527666744628
2.840527666744628
2.840527666744628
2.840527666744628
2.840527666744628
2.840527666744628
2.849220004070512
2.849220004070512
2.849220004070512
2.849220004070512
2.851978923194355
2.851978923194356
2.851978923194356
2.851978923194356
2.865343401874238
2.865343401874238
2.865343401874238
2.865343401874239
2.879720382890741
2.879720382890741
2.879720382890742
2.879720382890742
2.888390508843365
2.888390508843365
2.967519721902164
2.967519721902165
2.967519721902165
2.967519721902165
3.024436195844594
3.024436195844594
3.024436195844594
3.024436195844594
3.054025058732197
3.054025058732197
3.054025058732197
3.054025058732198
3.063817630114564
3.063817630114564
3.073454438770883
3.073454438770883
3.073454438770883
3.073454438770883
3.107020675841035
3.107020675841035
3.174520428946654
3.174520428946654
3.174520428946654
3.174520428946654
3.196256570325501
3.196256570325501
3.196256570325501
3.196256570325501
3.229642628727523
3.229642628727523
3.229642628727523
3.229642628727523
3.243881810920575
3.243881810920575
3.258423710396912
3.258423710396912
3.258423710396912
3.258423710396913
3.267470278274990
3.267470278274991
3.294630206451039
3.294630206451039
3.294630206451039
3.294630206451039
3.334682956145451
3.334682956145451
3.348944625013694
3.348944625013694
3.348944625013694
3.348944625013694
3.377453481196882
3.377453481196882
3.377453481196882
3.377453481196882
3.386386019030951
3.386386019030951
3.388251371203816
3.388251371203816
3.416646197342996
3.416646197342996
3.425556523803804
Kgrid: 21
-2.357022603955159
-2.121320343559643
-1.885618083164127
-1.649915822768611
-1.414213562373095
-1.178511301977579
-0.942809041582064
-0.707106781186548
-0.471404520791032
-0.235702260395516
0.000000000000000
0.235702260395516
0.471404520791031
0.707106781186547
0.942809041582063
1.178511301977579
1.414213562373095
1.649915822768611
1.885618083164126
2.121320343559643
2.357022603955159
Davidson lowest eigenvalues at each iteration: 5
-0.008212591182914
-0.055728998470733
-0.055780815654405
-0.055780815654405
-0.055780815654405
DavVals: 20
-0.008212591182914
-0.008212591182914
0.002067775209307
0.002067775209307
-0.055728998470733
-0.055728998470733
-0.031067995352310
-0.031067995352310
-0.055780815654405
-0.055780815654405
-0.031212391815140
-0.031212391815140
-0.055780815654405
-0.055780815654405
-0.031212393531972
-0.031212393531972
-0.055780815654405
-0.055780815654405
-0.031212393531972
-0.031212393531972
Davidson Times Per Iteration: 5
2.499967847000000
1.296022624000000
1.313473727000000
1.215580285000000
1.183822348000000

                            End of Section: Vectors                            

--------------------------------------------------------------------------------

                                    Matrices                                    

--------------------------------------------------------------------------------

Occupied States: 81 x 2
         5        10
         6         7
         6         8
         6         9
         6        10
         6        11
         6        12
         6        13
         7         6
         7         7
         7         8
         7         9
         7        10
         7        11
         7        12
         7        13
         7        14
         8         6
         8         7
         8         8
         8         9
         8        10
         8        11
         8        12
         8        13
         8        14
         9         6
         9         7
         9         8
         9         9
         9        10
         9        11
         9        12
         9        13
         9        14
        10         5
        10         6
        10         7
        10         8
        10         9
        10        10
        10        11
        10        12
        10        13
        10        14
        10        15
        11         6
        11         7
        11         8
        11         9
        11        10
        11        11
        11        12
        11        13
        11        14
        12         6
        12         7
        12         8
        12         9
        12        10
        12        11
        12        12
        12        13
        12        14
        13         6
        13         7
        13         8
        13         9
        13        10
        13        11
        13        12
        13        13
        13        14
        14         7
        14         8
        14         9
        14        10
        14        11
        14        12
        14        13
        15        10
Virtual States: 319 x 2
         0         0
         0         1
         0         2
         0         3
         0         4
         0         5
         0         6
         0         7
         0         8
         0         9
         0        10
         0        11
         0        12
         0        13
         0        14
         0        15
         0        16
         0        17
         0        18
         0        19
         1         0
         1         1
         1         2
         1         3
         1         4
         1         5
         1         6
         1         7
         1         8
         1         9
         1        10
         1        11
         1        12
         1        13
         1        14
         1        15
         1        16
         1        17
         1        18
         1        19
         2         0
         2         1
         2         2
         2         3
         2         4
         2         5
         2         6
         2         7
         2         8
         2         9
         2        10
         2        11
         2        12
         2        13
         2        14
         2        15
         2        16
         2        17
         2        18
         2        19
         3         0
         3         1
         3         2
         3         3
         3         4
         3         5
         3         6
         3         7
         3         8
         3         9
         3        10
         3        11
         3        12
         3        13
         3        14
         3        15
         3        16
         3        17
         3        18
         3        19
         4         0
         4         1
         4         2
         4         3
         4         4
         4         5
         4         6
         4         7
         4         8
         4         9
         4        10
         4        11
         4        12
         4        13
         4        14
         4        15
         4        16
         4        17
         4        18
         4        19
         5         0
         5         1
         5         2
         5         3
         5         4
         5         5
         5         6
         5         7
         5         8
         5         9
         5        11
         5        12
         5        13
         5        14
         5        15
         5        16
         5        17
         5        18
         5        19
         6         0
         6         1
         6         2
         6         3
         6         4
         6         5
         6         6
         6        14
         6        15
         6        16
         6        17
         6        18
         6        19
         7         0
         7         1
         7         2
         7         3
         7         4
         7         5
         7        15
         7        16
         7        17
         7        18
         7        19
         8         0
         8         1
         8         2
         8         3
         8         4
         8         5
         8        15
         8        16
         8        17
         8        18
         8        19
         9         0
         9         1
         9         2
         9         3
         9         4
         9         5
         9        15
         9        16
         9        17
         9        18
         9        19
        10         0
        10         1
        10         2
        10         3
        10         4
        10        16
        10        17
        10        18
        10        19
        11         0
        11         1
        11         2
        11         3
        11         4
        11         5
        11        15
        11        16
        11        17
        11        18
        11        19
        12         0
        12         1
        12         2
        12         3
        12         4
        12         5
        12        15
        12        16
        12        17
        12        18
        12        19
        13         0
        13         1
        13         2
        13         3
        13         4
        13         5
        13        15
        13        16
        13        17
        13        18
        13        19
        14         0
        14         1
        14         2
        14         3
        14         4
        14         5
        14         6
        14        14
        14        15
        14        16
        14        17
        14        18
        14        19
        15         0
        15         1
        15         2
        15         3
        15         4
        15         5
        15         6
        15         7
        15         8
        15         9
        15        11
        15        12
        15        13
        15        14
        15        15
        15        16
        15        17
        15        18
        15        19
        16         0
        16         1
        16         2
        16         3
        16         4
        16         5
        16         6
        16         7
        16         8
        16         9
        16        10
        16        11
        16        12
        16        13
        16        14
        16        15
        16        16
        16        17
        16        18
        16        19
        17         0
        17         1
        17         2
        17         3
        17         4
        17         5
        17         6
        17         7
        17         8
        17         9
        17        10
        17        11
        17        12
        17        13
        17        14
        17        15
        17        16
        17        17
        17        18
        17        19
        18         0
        18         1
        18         2
        18         3
        18         4
        18         5
        18         6
        18         7
        18         8
        18         9
        18        10
        18        11
        18        12
        18        13
        18        14
        18        15
        18        16
        18        17
        18        18
        18        19
        19         0
        19         1
        19         2
        19         3
        19         4
        19         5
        19         6
        19         7
        19         8
        19         9
        19        10
        19        11
        19        12
        19        13
        19        14
        19        15
        19        16
        19        17
        19        18
        19        19
Excitations: 913 x 2
           35          179
           45          160
           35          159
           45          180
           35          190
           35          148
           45          191
           45          149
           64          213
            8          213
           16          214
           16          126
           72          214
           64          125
           72          126
            8          125
           35          201
           35          137
           45          202
           45          138
            1          107
            1          227
            7          112
           73          107
           79          112
            7          232
           73          227
           79          232
            3          109
            5          110
           75          109
            3          229
           77          110
            5          230
           75          229
           77          230
            6          111
            2          108
            6          231
            2          228
           78          111
           78          231
           74          108
           74          228
           80          249
           80           90
            0          249
            0           90
           17          213
           55          213
           63          214
           25          214
           63          126
           25          126
           17          125
           55          125
           45          215
           35          212
           45          127
           35          124
           26          213
           46          213
           34          214
           34          126
           54          214
           26          125
           54          126
           46          125
           64          106
           64          226
           16          233
           16          113
            8          106
           72          233
           72          113
            8          226
           36          213
           44          214
           44          126
           36          125
           71          112
            9          107
           65          107
           71          232
           15          112
           65          227
            9          227
           15          232
           11          109
           13          110
           67          109
           11          229
           69          110
           13          230
           67          229
           69          230
           10          108
           14          111
           66          108
           70          111
           10          228
           14          231
           66          228
           70          231
            1          246
            7          252
           79          252
           73          246
            1           87
            7           93
           79           93
           73           87
            6          251
            2          247
           78          251
           74          247
            6           92
            2           88
           78           92
           74           88
            5          250
            3          248
           77          250
           75          248
            5           91
            3           89
           75           89
           77           91
            4          249
           76          249
            4           90
           76           90
           17          106
           17          226
           25          233
           25          113
           55          106
           63          113
           63          233
           55          226
           80          269
            0          269
           80           70
            0           70
           18          107
           62          112
           56          107
           56          227
           24          112
           18          227
           62          232
           24          232
           22          110
           20          109
           22          230
           58          109
           20          229
           60          110
           58          229
           60          230
           23          111
           23          231
           19          108
           57          108
           61          111
           61          231
           19          228
           57          228
           35          105
           45          234
           45          114
           35          225
           26          106
           26          226
           34          113
           34          233
           46          226
           46          106
           54          233
           54          113
           27          107
           27          227
           33          112
           47          107
           53          112
           47          227
           33          232
           53          232
           44          233
           44          113
           36          106
           36          226
           64          245
           16          253
            8          245
           72          253
           64           86
           16           94
            8           86
           72           94
           29          109
           31          110
           49          109
           51          110
           29          229
           31          230
           49          229
           51          230
           28          108
           32          111
           28          228
           52          111
           48          108
           32          231
           52          231
           48          228
           37          107
           37          227
           43          112
           43          232
           39          109
           41          110
           39          229
           41          230
           42          111
           38          108
           42          231
           38          228
           71          252
           15          252
            9          246
           65          246
           71           93
           65           87
           15           93
            9           87
           10          247
           66          247
           14          251
           70          251
           10           88
           70           92
           66           88
           14           92
           12          249
           68          249
           12           90
           68           90
           11          248
           13          250
           69          250
           67          248
           11           89
           13           91
           67           89
           69           91
            1          266
            7          272
           73          266
           79          272
            7           73
           79           73
            1           67
           73           67
           17          245
           25          253
           55          245
           63          253
           17           86
           63           94
           55           86
           25           94
            2          267
            6          271
           74          267
           78          271
            6           72
            2           68
           78           72
           74           68
            3          268
            5          270
           75          268
           77          270
            5           71
            3           69
           75           69
           77           71
           45          254
           35          244
           45           95
           35           85
            4          269
           76          269
            4           70
           76           70
           62          252
           18          246
           56          246
           24          252
           62           93
           18           87
           56           87
           24           93
           23          251
           19          247
           57          247
           61          251
           23           92
           57           88
           61           92
           19           88
           21          249
           21           90
           59          249
           59           90
           22          250
           20          248
           60          250
           22           91
           58          248
           20           89
           58           89
           60           91
           26          245
           34          253
           46          245
           34           94
           54          253
           26           86
           46           86
           54           94
           80          289
            0          289
           80           50
            0           50
           36          245
           44          253
           36           86
           44           94
           27          246
           33          252
           53          252
           47          246
           33           93
           27           87
           47           87
           53           93
           64          265
            8          265
           72          273
           16          273
           16           74
           64           66
            8           66
           72           74
           28          247
           32          251
           48          247
           52          251
           32           92
           28           88
           48           88
           52           92
           30          249
           50          249
           50           90
           30           90
           37          246
           43          252
           37           87
           43           93
           31          250
           49          248
           51          250
           29          248
           49           89
           31           91
           29           89
           51           91
           38          247
           42          251
           38           88
           42           92
           40          249
           40           90
           39          248
           41          250
           39           89
           41           91
            9          266
           71          272
           65          266
           15          272
           71           73
           15           73
           65           67
            9           67
           10          267
           14          271
           70          271
           66          267
           10           68
           14           72
           66           68
           70           72
           11          268
           67          268
           13          270
           11           69
           69          270
           13           71
           67           69
           69           71
           12          269
           68          269
           12           70
           68           70
           55          265
           17          265
           25          273
           63          273
           25           74
           17           66
           55           66
           63           74
            7          292
            1          286
           79          292
           73          286
            1           47
            7           53
           79           53
           73           47
           35          264
           45          274
           35           65
           45           75
            6          291
            2          287
           78          291
            6           52
            2           48
           74          287
           78           52
           74           48
           18          266
           56          266
           62          272
           24          272
           62           73
           24           73
           56           67
           18           67
            5          290
            3          288
           77          290
           75          288
            3           49
            5           51
           77           51
           75           49
           26          265
           46          265
           34          273
           54          273
           26           66
           46           66
           34           74
           54           74
            4          289
           76          289
            4           50
           76           50
           23          271
           61          271
           19          267
           57          267
           23           72
           57           68
           61           72
           19           68
           22          270
           20          268
           58          268
           60          270
           22           71
           20           69
           60           71
           58           69
           21          269
           59          269
           21           70
           59           70
           36          265
           44          273
           36           66
           44           74
           27          266
           33          272
           47          266
           53          272
           53           73
           33           73
           27           67
           47           67
           80           30
           80          309
            0           30
            0          309
           64          285
            8          285
           16          293
           64           46
           16           54
           72          293
            8           46
           72           54
           37          266
           43          272
           43           73
           37           67
           28          267
           32          271
           48          267
           52          271
           28           68
           32           72
           48           68
           52           72
           29          268
           31          270
           49          268
           51          270
           31           71
           51           71
           29           69
           49           69
           30          269
           50          269
           30           70
           50           70
           42          271
           38          267
           42           72
           38           68
           39          268
           41          270
           41           71
           39           69
           40          269
           40           70
           71          292
           15          292
            9          286
           65          286
           71           53
           65           47
            9           47
           15           53
           14          291
           10          287
           66          287
           70          291
           10           48
           66           48
           14           52
           70           52
           11          288
           67          288
           13          290
           11           49
           69          290
           67           49
           13           51
           69           51
           12          289
           68          289
           68           50
           12           50
           17          285
           55          285
           25          293
           63          293
           25           54
           17           46
           63           54
           55           46
           35          284
           45          294
           35           45
           45           55
            1           27
            1          306
            7           33
            7          312
           73          306
           73           27
           79          312
           79           33
           62          292
           24          292
           56          286
           18          286
           56           47
           62           53
           24           53
           18           47
           46          285
           26          285
           34          293
           54          293
           46           46
           34           54
           26           46
           54           54
            2           28
            6          311
            2          307
           74          307
            6           32
           78          311
           74           28
           78           32
           23          291
           19          287
           61          291
           57          287
           23           52
           19           48
           57           48
           61           52
            3          308
           75          308
           75           29
            5          310
            3           29
            5           31
           77           31
           77          310
           36          285
           44          293
           36           46
           44           54
           22          290
           20          288
           60          290
           58          288
           22           51
           20           49
           58           49
           60           51
            4           30
            4          309
           76           30
           76          309
           21          289
           59          289
           21           50
           59           50
           33          292
           47          286
           53          292
           27          286
           33           53
           53           53
           47           47
           27           47
           37          286
           43          292
           37           47
           43           53
           48          287
           52          291
           32          291
           28          287
           28           48
           52           52
           48           48
           32           52
           64          305
           64           26
           16           34
           16          313
            8           26
            8          305
           72           34
           72          313
           49          288
           29          288
           31          290
           51          290
           29           49
           31           51
           49           49
           51           51
           30          289
           50          289
           30           50
           50           50
           42          291
           38          287
           38           48
           42           52
           80           10
            0           10
           39          288
           41          290
           39           49
           41           51
           40          289
           40           50
           71          312
           71           33
           15          312
           15           33
            9          306
            9           27
           65          306
           65           27
           10          307
           10           28
           70          311
           66          307
           14          311
           66           28
           70           32
           14           32
           11           29
           11          308
           13          310
           67          308
           67           29
           13           31
           69           31
           69          310
           12          309
           12           30
           68           30
           68          309
           25          313
           63          313
           55           26
           63           34
           55          305
           25           34
           17           26
           17          305
           35          304
           45           35
           45          314
           35           25
           18           27
           18          306
           56           27
           56          306
           62           33
           62          312
           24          312
           24           33
            1            7
            7           13
           79           13
           73            7
           54          313
           54           34
           46          305
           34          313
           26          305
           26           26
           46           26
           34           34
           23          311
           19          307
           57          307
           23           32
           57           28
           19           28
           61           32
           61          311
           44          313
           36          305
           36           26
           44           34
            6           12
            2            8
           78           12
           74            8
           20          308
           22          310
           20           29
           22           31
           58           29
           60          310
           60           31
           58          308
           21          309
           21           30
           59           30
           59          309
            5           11
            3            9
           75            9
           77           11
           47           27
           27           27
           33           33
           33          312
           27          306
           53          312
           47          306
           53           33
            4           10
           76           10
           43           33
           37          306
           37           27
           43          312
           28          307
           28           28
           32          311
           52          311
           32           32
           48          307
           48           28
           52           32
           29          308
           29           29
           49          308
           31          310
           49           29
           31           31
           51          310
           51           31
           30          309
           50          309
           50           30
           30           30
           38          307
           42          311
           42           32
           38           28
           64            6
           16           14
            8            6
           72           14
           39           29
           39          308
           41          310
           41           31
           40           30
           40          309
           71           13
           15           13
           65            7
            9            7
           10            8
           70           12
           66            8
           14           12
           11            9
           13           11
           67            9
           69           11
           12           10
           68           10
           17            6
           25           14
           55            6
           63           14
           45           15
           35            5
           18            7
           62           13
           56            7
           24           13
           34           14
           26            6
           46            6
           54           14
           23           12
           57            8
           19            8
           61           12
           44           14
           36            6
           20            9
           58            9
           22           11
           60           11
           21           10
           59           10
           27            7
           33           13
           47            7
           53           13
           37            7
           43           13
           28            8
           48            8
           32           12
           52           12
           51           11
           29            9
           49            9
           31           11
           30           10
           50           10
           42           12
           38            8
           39            9
           41           11
           40           10

                            End of Section: Matrices                            

################################################################################

                              End of Output File.                              

################################################################################
