################################################################################

            Output File for HFS, the Hartree-Fock Stability Program            
                              Author: Evan Curtin                              
             Institution: University of Illinois @ Urbana-Champaign             
                          email: ecurtin2@illinois.edu                          
                       Built on Oct 21 2016, at 17:11:28                       

################################################################################

                Computation Started : Fri Oct 21 17:56:57 2016
                
                Computation Finished: Fri Oct 21 17:57:00 2016
                
                     Total Elapsed Time = 2.96921 seconds.                     

--------------------------------------------------------------------------------

                                     Input                                     

--------------------------------------------------------------------------------

Nk = 12
ndim = 2
rs = 1.200000000000000

                             End of Section: Input                             

--------------------------------------------------------------------------------

                                     Output                                     

--------------------------------------------------------------------------------

deltaK = 0.428549564355483
kf = 1.178511301977579
kmax = 2.357022603955159
Nocc = 24
Nvir = 97
Nexc = 152
ground_state_degeneracy = 8
dav_its = 29
num_guess_evecs = 80
Dav_blocksize = 20
Dav_Num_evals = 8
Dav_time = 2.921881165000000
Mv_time = 0.001057224000000
Davidson Tolerance = 1.00e-08
Dav_minits = 5
Dav_maxits = 30
Dav_maxsubsize = 3000
Davidson_Stopping_Criteria = Maximum Iterations Reached
full_diag_min = 0.000679464868371
full_diag_time = 0.046829089000000

                             End of Section: Output                             

--------------------------------------------------------------------------------

                                    Vectors                                    

--------------------------------------------------------------------------------

Occ Energies: 24
-0.034511181277236
-0.034511181277236
-0.281244805413782
-0.577048141720799
-0.577048141720799
-0.281244805413782
-0.034511181277236
-0.577048141720799
-0.842930756912128
-0.842930756912129
-0.577048141720800
-0.034511181277235
-0.034511181277236
-0.577048141720799
-0.842930756912128
-0.842930756912129
-0.577048141720799
-0.034511181277236
-0.281244805413782
-0.577048141720800
-0.577048141720800
-0.281244805413782
-0.034511181277236
-0.034511181277236
Vir Energies: 97
5.292625505241449
4.365449972138165
3.607661401626434
3.026679590405132
2.631222378197020
2.430277356198483
2.430277356198483
2.631222378197020
3.026679590405132
3.607661401626434
4.365449972138164
4.365449972138165
3.437227755856973
2.676188176603113
2.089533137216093
1.686397127569476
1.478818127945803
1.478818127945803
1.686397127569476
2.089533137216093
2.676188176603113
3.437227755856973
3.607661401626434
2.676188176603113
1.904818223130102
1.299428853886571
0.866841669720239
0.623381939338333
0.623381939338333
0.866841669720239
1.299428853886571
1.904818223130102
2.676188176603112
3.026679590405132
2.089533137216093
1.299428853886571
0.657110715215505
0.159610053545163
0.159610053545163
0.657110715215505
1.299428853886571
2.089533137216092
2.631222378197020
1.686397127569476
0.866841669720239
0.159610053545163
0.159610053545163
0.866841669720239
1.686397127569475
2.430277356198483
1.478818127945803
0.623381939338333
0.623381939338333
1.478818127945803
2.430277356198483
1.478818127945803
0.623381939338333
0.623381939338333
1.478818127945803
2.631222378197020
1.686397127569476
0.866841669720239
0.159610053545163
0.159610053545163
0.866841669720239
1.686397127569475
3.026679590405132
2.089533137216093
1.299428853886571
0.657110715215505
0.159610053545163
0.159610053545163
0.657110715215505
1.299428853886571
2.089533137216092
3.607661401626434
2.676188176603113
1.904818223130102
1.299428853886571
0.866841669720240
0.623381939338333
0.623381939338333
0.866841669720239
1.299428853886571
1.904818223130102
2.676188176603112
4.365449972138164
3.437227755856973
2.676188176603112
2.089533137216092
1.686397127569475
1.478818127945803
1.478818127945803
1.686397127569475
2.089533137216092
2.676188176603112
3.437227755856972
Excitation Energies: 152
0.194121234822398
0.194121234822398
0.194121234822398
0.194121234822398
0.194121234822399
0.194121234822399
0.194121234822399
0.194121234822399
0.440854858958945
0.440854858958945
0.440854858958945
0.440854858958945
0.440854858958945
0.440854858958945
0.440854858958945
0.440854858958945
0.657893120615568
0.657893120615568
0.657893120615568
0.657893120615568
0.657893120615568
0.657893120615568
0.657893120615568
0.657893120615568
0.691621896492740
0.691621896492740
0.691621896492740
0.691621896492740
0.691621896492740
0.691621896492740
0.691621896492741
0.691621896492741
0.736658195265962
0.736658195265962
0.736658195265962
0.736658195265962
0.736658195265962
0.736658195265962
0.736658195265962
0.736658195265962
1.148086475134021
1.148086475134021
1.148086475134021
1.148086475134021
1.148086475134021
1.148086475134022
1.148086475134022
1.148086475134022
1.200430081059132
1.200430081059132
1.200430081059132
1.200430081059132
1.200430081059132
1.200430081059132
1.200430081059132
1.200430081059133
1.333940035163806
1.333940035163806
1.333940035163806
1.333940035163806
1.333940035163806
1.333940035163806
1.333940035163806
1.333940035163806
1.443889811441039
1.443889811441039
1.443889811441039
1.443889811441039
1.443889811441039
1.443889811441039
1.443889811441039
1.443889811441039
1.466312696250461
1.466312696250461
1.466312696250462
1.466312696250462
1.466312696250462
1.466312696250462
1.466312696250462
1.466312696250462
1.513329309223038
1.513329309223038
1.513329309223038
1.513329309223038
1.513329309223039
1.513329309223039
1.513329309223039
1.513329309223039
1.967641932983257
1.967641932983257
1.967641932983257
1.967641932983257
1.967641932983258
1.967641932983258
1.967641932983258
1.967641932983258
2.055866269666602
2.055866269666602
2.055866269666602
2.055866269666602
2.055866269666603
2.055866269666603
2.055866269666603
2.055866269666603
2.124044318493327
2.124044318493328
2.124044318493328
2.124044318493328
2.124044318493328
2.124044318493328
2.124044318493328
2.124044318493328
2.263445269290274
2.263445269290274
2.263445269290275
2.263445269290275
2.263445269290275
2.263445269290275
2.263445269290275
2.263445269290275
2.321748884857931
2.321748884857931
2.321748884857931
2.321748884857931
2.321748884857932
2.321748884857932
2.321748884857932
2.321748884857932
2.464788537475719
2.464788537475719
2.464788537475719
2.464788537475719
2.912467183610801
2.912467183610802
2.912467183610802
2.912467183610802
3.007325497919282
3.007325497919283
3.007325497919283
3.007325497919283
3.061190771682367
3.061190771682367
3.061190771682367
3.061190771682367
3.208270519917819
3.208270519917819
3.208270519917819
3.208270519917819
3.273208113110612
3.273208113110612
3.273208113110612
3.273208113110612
Kgrid: 12
-2.357022603955159
-1.928473039599675
-1.499923475244192
-1.071373910888708
-0.642824346533225
-0.214274782177742
0.214274782177742
0.642824346533225
1.071373910888708
1.499923475244192
1.928473039599675
2.357022603955159
Davidson lowest eigenvalues at each iteration: 29
0.147312769199594
0.042271702667673
0.001199713810243
-0.469789509012489
0.000679465230818
-0.470148388717428
-0.470212137650103
-0.220853800961349
-0.470249269731958
-0.220853800978645
-0.220853800978645
-0.470257424439907
-0.220853800978648
-0.470259003533747
-0.220853800978646
-0.470262846702839
-0.220853800978644
-0.470265653674133
-0.220853800978646
-0.470267020258284
-0.220853800978646
-0.470267793556625
-0.220853800978645
-0.470272655600282
-0.220853800978645
-0.470275182826988
-0.220853800978646
-0.470277113867999
-0.220853800978647
DavVals: 232
0.147312769199594
0.147312769199594
0.155733416799628
0.155733416799628
0.198817246811404
0.198817246811405
0.203733901419846
0.203733901419846
0.042271702667673
0.042271702667673
0.083215981524127
0.083215981524127
0.145705576760532
0.145705576760532
0.180878156899640
0.180878156899641
0.001199713810243
0.001306867339143
0.078482306355142
0.078482306355143
0.137076321962305
0.137078377237673
0.180737261715590
0.180737261715590
-0.469789509012489
0.000679936149439
0.000679981862173
0.078482306355143
0.078482306355143
0.137061346973439
0.137061353393266
0.180737261715590
0.000679465230818
0.000679467177797
0.078482306355143
0.078482306355143
0.137061344112316
0.137061344184697
0.180737261715590
0.180737261715590
-0.470148388717428
0.000679464869232
0.000679464896315
0.078482306355142
0.078482306355143
0.137061344110419
0.137061344111830
0.180737261715589
-0.470212137650103
-0.220853793165028
0.000679464868371
0.000679464868403
0.078482306355143
0.078482306355143
0.137061344110415
0.180737261715589
-0.220853800961349
0.000679464868370
0.000679464868370
0.078482306355143
0.078482306355143
0.137061344110415
0.180737261715590
0.180737261715590
-0.470249269731958
-0.220853800978478
0.000679464868371
0.000679464868372
0.078482306355142
0.078482306355143
0.137061344110415
0.180737261715590
-0.220853800978645
0.000679464868369
0.000679464868371
0.078482306355142
0.078482306355143
0.137061344110416
0.180737261715590
0.180737261715590
-0.220853800978645
0.000679464868371
0.000679464868371
0.078482306355142
0.078482306355143
0.137061344110416
0.180737261715590
0.180737261715590
-0.470257424439907
-0.220853800978643
0.000679464868370
0.000679464868371
0.078482306355142
0.078482306355144
0.137061344110416
0.180737261715591
-0.220853800978648
0.000679464868371
0.000679464868371
0.078482306355142
0.078482306355142
0.137061344110415
0.180737261715590
0.180737261715591
-0.470259003533747
-0.220853800978644
0.000679464868370
0.000679464868370
0.078482306355143
0.078482306355143
0.137061344110415
0.180737261715590
-0.220853800978646
0.000679464868370
0.000679464868371
0.078482306355143
0.078482306355143
0.137061344110415
0.180737261715590
0.180737261715590
-0.470262846702839
-0.220853800978645
0.000679464868371
0.000679464868371
0.078482306355142
0.078482306355143
0.137061344110416
0.180737261715589
-0.220853800978644
0.000679464868371
0.000679464868372
0.078482306355143
0.078482306355143
0.137061344110414
0.180737261715590
0.180737261715591
-0.470265653674133
-0.220853800978645
0.000679464868370
0.000679464868371
0.078482306355143
0.078482306355143
0.137061344110415
0.180737261715590
-0.220853800978646
0.000679464868371
0.000679464868371
0.078482306355143
0.078482306355144
0.137061344110415
0.180737261715590
0.180737261715590
-0.470267020258284
-0.220853800978646
0.000679464868369
0.000679464868371
0.078482306355143
0.078482306355143
0.137061344110415
0.180737261715590
-0.220853800978646
0.000679464868370
0.000679464868371
0.078482306355142
0.078482306355144
0.137061344110415
0.180737261715590
0.180737261715590
-0.470267793556625
-0.220853800978646
0.000679464868369
0.000679464868371
0.078482306355143
0.078482306355144
0.137061344110415
0.180737261715590
-0.220853800978645
0.000679464868370
0.000679464868372
0.078482306355142
0.078482306355143
0.137061344110414
0.180737261715589
0.180737261715590
-0.470272655600282
-0.220853800978645
0.000679464868371
0.000679464868371
0.078482306355143
0.078482306355143
0.137061344110415
0.180737261715590
-0.220853800978645
0.000679464868370
0.000679464868371
0.078482306355142
0.078482306355143
0.137061344110415
0.180737261715591
0.180737261715591
-0.470275182826988
-0.220853800978646
0.000679464868371
0.000679464868371
0.078482306355142
0.078482306355143
0.137061344110415
0.180737261715590
-0.220853800978646
0.000679464868371
0.000679464868371
0.078482306355142
0.078482306355143
0.137061344110415
0.180737261715590
0.180737261715591
-0.470277113867999
-0.220853800978644
0.000679464868371
0.000679464868372
0.078482306355143
0.078482306355143
0.137061344110415
0.180737261715590
-0.220853800978647
0.000679464868370
0.000679464868371
0.078482306355143
0.078482306355143
0.137061344110414
0.180737261715589
0.180737261715590
Davidson Times Per Iteration: 29
0.139384534000000
0.071656592000000
0.077549558000000
0.072876621000000
0.076345250000000
0.082583964000000
0.087652103000000
0.090504639000000
0.087633690000000
0.087397796000000
0.088936473000000
0.090500984000000
0.092004879000000
0.093313707000000
0.094617227000000
0.094829023000000
0.097569230000000
0.097618379000000
0.100395572000000
0.100776620000000
0.103155194000000
0.103591162000000
0.108789234000000
0.106620717000000
0.109386627000000
0.109597348000000
0.112307287000000
0.112476910000000
0.115874331000000

                            End of Section: Vectors                            

--------------------------------------------------------------------------------

                                    Matrices                                    

--------------------------------------------------------------------------------

Occupied States: 24 x 2
        3        5
        3        6
        4        4
        4        5
        4        6
        4        7
        5        3
        5        4
        5        5
        5        6
        5        7
        5        8
        6        3
        6        4
        6        5
        6        6
        6        7
        6        8
        7        4
        7        5
        7        6
        7        7
        8        5
        8        6
Virtual States: 97 x 2
         0         0
         0         1
         0         2
         0         3
         0         4
         0         5
         0         6
         0         7
         0         8
         0         9
         0        10
         1         0
         1         1
         1         2
         1         3
         1         4
         1         5
         1         6
         1         7
         1         8
         1         9
         1        10
         2         0
         2         1
         2         2
         2         3
         2         4
         2         5
         2         6
         2         7
         2         8
         2         9
         2        10
         3         0
         3         1
         3         2
         3         3
         3         4
         3         7
         3         8
         3         9
         3        10
         4         0
         4         1
         4         2
         4         3
         4         8
         4         9
         4        10
         5         0
         5         1
         5         2
         5         9
         5        10
         6         0
         6         1
         6         2
         6         9
         6        10
         7         0
         7         1
         7         2
         7         3
         7         8
         7         9
         7        10
         8         0
         8         1
         8         2
         8         3
         8         4
         8         7
         8         8
         8         9
         8        10
         9         0
         9         1
         9         2
         9         3
         9         4
         9         5
         9         6
         9         7
         9         8
         9         9
         9        10
        10         0
        10         1
        10         2
        10         3
        10         4
        10         5
        10         6
        10         7
        10         8
        10         9
        10        10
Excitations: 152 x 2
        11        63
        17        63
         6        62
        12        62
        11        46
         6        45
        17        46
        12        45
         5        71
         5        38
         2        70
         2        37
        21        71
        21        38
        18        70
        18        37
        23        28
        22        80
        23        81
         0        80
         1        28
         1        81
        22        27
         0        27
        11        72
        11        39
        17        39
        12        36
        17        72
         6        36
        12        69
         6        69
        16        38
        16        71
        13        37
        13        70
        10        38
         7        37
         7        70
        10        71
         2        79
         5        82
         2        26
         5        29
        18        26
        18        79
        21        29
        21        82
         4        81
         3        27
         3        80
         4        28
        20        28
        20        81
        19        80
        19        27
        12        25
        11        83
        11        30
        12        78
         6        78
         6        25
        17        30
        17        83
        13        79
        13        26
        16        82
        16        29
         7        79
         7        26
        10        29
        10        82
         8        80
        14        80
        15        28
        15        81
        14        27
         8        27
         9        28
         9        81
         0        91
        23        92
        22        91
         1        92
         1        17
        23        17
         0        16
        22        16
         2        90
         5        93
         2        15
        18        90
        21        93
         5        18
        18        15
        21        18
         3        91
        19        91
         4        92
        20        92
         3        16
        19        16
        20        17
         4        17
        11        94
        12        89
         6        89
        17        94
         6        14
        11        19
        17        19
        12        14
        13        90
         7        90
        16        93
        13        15
        10        93
        16        18
        10        18
         7        15
         9        92
        14        91
         8        91
        15        92
        14        16
         8        16
         9        17
        15        17
         1         6
        23         6
         0         5
        22         5
         2         4
        21         7
         5         7
        18         4
         3         5
        20         6
         4         6
        19         5
        11         8
        12         3
        17         8
         6         3
         7         4
        13         4
        16         7
        10         7
        15         6
         8         5
        14         5
         9         6

                            End of Section: Matrices                            

################################################################################

                              End of Output File.                              

################################################################################
