################################################################################

            Output File for HFS, the Hartree-Fock Stability Program            
                              Author: Evan Curtin                              
             Institution: University of Illinois @ Urbana-Champaign             
                          email: ecurtin2@illinois.edu                          
                       Built on Nov  2 2016, at 17:06:03                       

################################################################################

                Computation Started : Thu Nov  3 11:37:49 2016
                
                Computation Finished: Thu Nov  3 11:40:05 2016
                
                     Total Elapsed Time = 136.173 seconds.                     

--------------------------------------------------------------------------------

                                     Input                                     

--------------------------------------------------------------------------------

Nk = 25
ndim = 2
rs = 1.200000047683716
mycase = cRHF2cUHF

                             End of Section: Input                             

--------------------------------------------------------------------------------

                                     Output                                     

--------------------------------------------------------------------------------

deltaK = 0.196418640733896
kf = 1.178511255147749
kmax = 2.357023688806754
Nocc = 109
Nvir = 467
Nexc = 1509
ground_state_degeneracy = 8
dav_its = 9
num_guess_evecs = 1
Dav_blocksize = 1
Dav_Num_evals = 1
Mv_time = 0.039099045000000
cond_number = 19.787628649178409
Dav_nconv = 1
Davidson Tolerance = 1.00e-06
Dav_maxits = 50
Dav_maxsubsize = 1000
Dav_final_val = -0.090385483693028
Dav_time = 4.789422119000000
full_diag_min = -0.090385483693028
full_diag_time = 131.335046454000008

                             End of Section: Output                             

--------------------------------------------------------------------------------

                                    Vectors                                    

--------------------------------------------------------------------------------

Occ Energies: 109
-0.048751465273473
-0.200896095419510
-0.284454975997549
-0.311593148144169
-0.284454975997549
-0.200896095419510
-0.048751465273474
-0.114776811747957
-0.342977143644929
-0.493011115548938
-0.578390357992237
-0.606241927111640
-0.578390357992237
-0.493011115548939
-0.342977143644929
-0.114776811747957
-0.048751465273474
-0.342977143644929
-0.557249180814335
-0.703434389227791
-0.788676670990466
-0.816702362376531
-0.788676670990466
-0.703434389227791
-0.557249180814335
-0.342977143644929
-0.048751465273474
-0.200896095419510
-0.493011115548938
-0.703434389227790
-0.848121181206965
-0.933056264507379
-0.961077653281810
-0.933056264507380
-0.848121181206965
-0.703434389227791
-0.493011115548939
-0.200896095419510
-0.284454975997549
-0.578390357992237
-0.788676670990467
-0.933056264507380
-1.017877892751969
-1.045884577156627
-1.017877892751969
-0.933056264507380
-0.788676670990467
-0.578390357992237
-0.284454975997549
-0.311593148144169
-0.606241927111640
-0.816702362376532
-0.961077653281810
-1.045884577156627
-1.073888371911893
-1.045884577156627
-0.961077653281810
-0.816702362376532
-0.606241927111641
-0.311593148144169
-0.284454975997549
-0.578390357992237
-0.788676670990467
-0.933056264507380
-1.017877892751968
-1.045884577156627
-1.017877892751969
-0.933056264507380
-0.788676670990467
-0.578390357992237
-0.284454975997549
-0.200896095419510
-0.493011115548939
-0.703434389227791
-0.848121181206965
-0.933056264507379
-0.961077653281810
-0.933056264507380
-0.848121181206965
-0.703434389227791
-0.493011115548939
-0.200896095419510
-0.048751465273474
-0.342977143644929
-0.557249180814336
-0.703434389227791
-0.788676670990467
-0.816702362376532
-0.788676670990467
-0.703434389227791
-0.557249180814336
-0.342977143644929
-0.048751465273474
-0.114776811747957
-0.342977143644929
-0.493011115548939
-0.578390357992237
-0.606241927111641
-0.578390357992238
-0.493011115548939
-0.342977143644929
-0.114776811747957
-0.048751465273474
-0.200896095419510
-0.284454975997549
-0.311593148144169
-0.284454975997549
-0.200896095419510
-0.048751465273474
Vir Energies: 467
5.291403166938170
4.846107495364659
4.436180424223327
4.061724909904774
3.722923070917416
3.420630036543938
3.155745529831874
2.930147157406307
2.744406032250025
2.599127572491977
2.494882506683922
2.432134715183554
2.411184305759267
2.432134715183554
2.494882506683922
2.599127572491976
2.744406032250025
2.930147157406307
3.155745529831874
3.420630036543937
3.722923070917415
4.061724909904773
4.436180424223327
4.846107495364659
4.846107495364659
4.400760576125847
3.990678514052088
3.615961174246749
3.276787777873189
2.974015568538612
2.708556330931519
2.482341400375379
2.295984684954181
2.150147914750568
2.045459361986648
1.982428085470670
1.961380444373216
1.982428085470670
2.045459361986648
2.150147914750568
2.295984684954181
2.482341400375379
2.708556330931519
2.974015568538612
3.276787777873188
3.615961174246749
3.990678514052088
4.400760576125846
4.436180424223327
3.990678514052088
3.580126816093505
3.204613096797577
2.864303088590363
2.560053566745577
2.292805788486130
2.064649599122906
1.876335226231034
1.728713338728907
1.622607473948834
1.558674034183031
1.537318103108994
1.558674034183031
1.622607473948834
1.728713338728907
1.876335226231034
2.064649599122906
2.292805788486130
2.560053566745576
2.864303088590362
3.204613096797576
3.580126816093505
3.990678514052088
4.061724909904774
3.615961174246749
3.204613096797577
2.827738487970453
2.485463371465300
2.178617984021618
1.908164069248668
1.676437746950709
1.484439887188404
1.333419344863140
1.224626102663556
1.159005541818821
1.137079478158472
1.159005541818821
1.224626102663556
1.333419344863140
1.484439887188404
1.676437746950709
1.908164069248668
2.178617984021618
2.485463371465299
2.827738487970452
3.204613096797577
3.615961174246749
3.722923070917416
3.276787777873189
2.864303088590363
2.485463371465300
2.140299034192297
1.829538551693291
1.554087762614922
1.316544624920519
1.118273319954181
0.961331867777719
0.847937380502632
0.779539910428171
0.756701736389875
0.779539910428171
0.847937380502632
0.961331867777719
1.118273319954181
1.316544624920518
1.554087762614922
1.829538551693290
2.140299034192296
2.485463371465300
2.864303088590363
3.276787777873188
3.420630036543938
2.974015568538612
2.560053566745577
2.178617984021618
1.829538551693291
1.513276088332325
1.230494854996033
0.983787444261586
0.774707995622253
0.606981495867398
0.485713536696092
0.413050815899269
0.388897492824553
0.413050815899268
0.485713536696092
0.606981495867398
0.774707995622252
0.983787444261586
1.230494854996033
1.513276088332324
1.829538551693290
2.178617984021618
2.560053566745577
2.974015568538611
3.155745529831874
2.708556330931519
2.292805788486130
1.908164069248668
1.554087762614922
1.230494854996033
0.937300411863274
0.676244131416388
0.447027828990721
0.254060421905932
0.118834297857615
0.040425345434768
0.014672781618391
0.040425345434768
0.118834297857614
0.254060421905932
0.447027828990721
0.676244131416388
0.937300411863274
1.230494854996032
1.554087762614921
1.908164069248668
2.292805788486130
2.708556330931518
2.930147157406307
2.482341400375379
2.064649599122906
1.676437746950709
1.316544624920519
0.983787444261586
0.676244131416388
0.392731869637667
0.127372351251448
0.127372351251447
0.392731869637667
0.676244131416388
0.983787444261586
1.316544624920517
1.676437746950709
2.064649599122906
2.482341400375378
2.744406032250026
2.295984684954181
1.876335226231033
1.484439887188404
1.118273319954181
0.774707995622253
0.447027828990721
0.127372351251448
0.127372351251447
0.447027828990721
0.774707995622252
1.118273319954180
1.484439887188403
1.876335226231033
2.295984684954180
2.599127572491977
2.150147914750568
1.728713338728907
1.333419344863140
0.961331867777719
0.606981495867398
0.254060421905932
0.254060421905932
0.606981495867397
0.961331867777718
1.333419344863139
1.728713338728907
2.150147914750567
2.494882506683922
2.045459361986648
1.622607473948834
1.224626102663556
0.847937380502632
0.485713536696093
0.118834297857615
0.118834297857614
0.485713536696092
0.847937380502631
1.224626102663555
1.622607473948834
2.045459361986647
2.432134715183554
1.982428085470670
1.558674034183031
1.159005541818821
0.779539910428171
0.413050815899269
0.040425345434768
0.040425345434768
0.413050815899268
0.779539910428170
1.159005541818821
1.558674034183031
1.982428085470669
2.411184305759267
1.961380444373216
1.537318103108994
1.137079478158472
0.756701736389875
0.388897492824553
0.014672781618391
0.014672781618390
0.388897492824553
0.756701736389874
1.137079478158471
1.537318103108994
1.961380444373215
2.432134715183554
1.982428085470670
1.558674034183031
1.159005541818821
0.779539910428171
0.413050815899269
0.040425345434768
0.040425345434768
0.413050815899268
0.779539910428170
1.159005541818821
1.558674034183031
1.982428085470669
2.494882506683922
2.045459361986648
1.622607473948834
1.224626102663556
0.847937380502632
0.485713536696093
0.118834297857614
0.118834297857614
0.485713536696092
0.847937380502631
1.224626102663555
1.622607473948834
2.045459361986647
2.599127572491976
2.150147914750568
1.728713338728907
1.333419344863140
0.961331867777719
0.606981495867398
0.254060421905932
0.254060421905932
0.606981495867397
0.961331867777718
1.333419344863139
1.728713338728907
2.150147914750567
2.744406032250025
2.295984684954181
1.876335226231034
1.484439887188403
1.118273319954181
0.774707995622252
0.447027828990721
0.127372351251447
0.127372351251447
0.447027828990720
0.774707995622252
1.118273319954180
1.484439887188403
1.876335226231034
2.295984684954180
2.930147157406308
2.482341400375379
2.064649599122906
1.676437746950709
1.316544624920518
0.983787444261586
0.676244131416387
0.392731869637667
0.127372351251447
0.127372351251447
0.392731869637666
0.676244131416387
0.983787444261585
1.316544624920517
1.676437746950708
2.064649599122906
2.482341400375379
3.155745529831874
2.708556330931519
2.292805788486129
1.908164069248668
1.554087762614922
1.230494854996033
0.937300411863274
0.676244131416387
0.447027828990721
0.254060421905932
0.118834297857614
0.040425345434768
0.014672781618390
0.040425345434768
0.118834297857614
0.254060421905932
0.447027828990720
0.676244131416387
0.937300411863274
1.230494854996032
1.554087762614921
1.908164069248667
2.292805788486129
2.708556330931518
3.420630036543937
2.974015568538612
2.560053566745576
2.178617984021617
1.829538551693290
1.513276088332324
1.230494854996032
0.983787444261586
0.774707995622252
0.606981495867397
0.485713536696092
0.413050815899268
0.388897492824553
0.413050815899268
0.485713536696092
0.606981495867397
0.774707995622252
0.983787444261585
1.230494854996032
1.513276088332324
1.829538551693290
2.178617984021617
2.560053566745576
2.974015568538611
3.722923070917415
3.276787777873187
2.864303088590362
2.485463371465299
2.140299034192296
1.829538551693290
1.554087762614921
1.316544624920517
1.118273319954179
0.961331867777718
0.847937380502631
0.779539910428170
0.756701736389874
0.779539910428170
0.847937380502631
0.961331867777718
1.118273319954179
1.316544624920517
1.554087762614921
1.829538551693289
2.140299034192295
2.485463371465298
2.864303088590362
3.276787777873186
4.061724909904773
3.615961174246749
3.204613096797576
2.827738487970452
2.485463371465299
2.178617984021617
1.908164069248668
1.676437746950709
1.484439887188403
1.333419344863139
1.224626102663555
1.159005541818821
1.137079478158471
1.159005541818821
1.224626102663555
1.333419344863139
1.484439887188403
1.676437746950708
1.908164069248667
2.178617984021617
2.485463371465298
2.827738487970452
3.204613096797576
3.615961174246748
4.436180424223327
3.990678514052088
3.580126816093505
3.204613096797577
2.864303088590363
2.560053566745577
2.292805788486130
2.064649599122906
1.876335226231033
1.728713338728907
1.622607473948834
1.558674034183031
1.537318103108994
1.558674034183031
1.622607473948834
1.728713338728906
1.876335226231033
2.064649599122905
2.292805788486129
2.560053566745576
2.864303088590362
3.204613096797576
3.580126816093505
3.990678514052088
4.846107495364659
4.400760576125846
3.990678514052088
3.615961174246749
3.276787777873187
2.974015568538611
2.708556330931518
2.482341400375378
2.295984684954180
2.150147914750567
2.045459361986647
1.982428085470668
1.961380444373215
1.982428085470669
2.045459361986647
2.150147914750567
2.295984684954180
2.482341400375378
2.708556330931518
2.974015568538611
3.276787777873186
3.615961174246748
3.990678514052088
4.400760576125845
Excitation Energies: 1509
0.176123816524921
0.176123816524921
0.176123816524921
0.176123816524921
0.176123816524921
0.176123816524921
0.176123816524922
0.176123816524922
0.242149162999403
0.242149162999404
0.242149162999404
0.242149162999404
0.242149162999404
0.242149162999404
0.242149162999404
0.242149162999405
0.302811887179405
0.302811887179405
0.302811887179406
0.302811887179406
0.302811887179406
0.302811887179406
0.302811887179406
0.302811887179406
0.319730393277124
0.319730393277124
0.319730393277124
0.319730393277124
0.319730393277124
0.319730393277124
0.319730393277125
0.319730393277125
0.324880321432316
0.324880321432316
0.324880321432317
0.324880321432317
0.324880321432317
0.324880321432317
0.324880321432317
0.324880321432317
0.326265929762559
0.326265929762559
0.326265929762560
0.326265929762560
0.328268446670956
0.328268446670957
0.328268446670957
0.328268446670957
0.328268446670957
0.328268446670957
0.328268446670957
0.328268446670957
0.411827327248996
0.411827327248996
0.411827327248996
0.411827327248996
0.411827327248996
0.411827327248996
0.411827327248996
0.411827327248997
0.438965499395616
0.438965499395616
0.438965499395616
0.438965499395617
0.441483334911140
0.441483334911140
0.441483334911141
0.441483334911141
0.441483334911141
0.441483334911141
0.441483334911141
0.441483334911141
0.470349494896375
0.470349494896376
0.470349494896376
0.470349494896376
0.470349494896376
0.470349494896376
0.470349494896377
0.470349494896377
0.561804640738677
0.561804640738678
0.561804640738678
0.561804640738678
0.561804640738678
0.561804640738678
0.561804640738678
0.561804640738678
0.593627965057176
0.593627965057176
0.593627965057176
0.593627965057177
0.593627965057177
0.593627965057177
0.593627965057177
0.593627965057177
0.597037565550860
0.597037565550860
0.597037565550861
0.597037565550861
0.597037565550861
0.597037565550861
0.597037565550861
0.597037565550861
0.611845413406553
0.611845413406553
0.611845413406553
0.611845413406553
0.611845413406553
0.611845413406554
0.611845413406554
0.611845413406554
0.618815703427004
0.618815703427005
0.618815703427005
0.618815703427005
0.618815703427005
0.618815703427005
0.618815703427005
0.618815703427006
0.620383466800385
0.620383466800385
0.620383466800386
0.620383466800386
0.620383466800386
0.620383466800386
0.620383466800386
0.620383466800386
0.620914708730031
0.620914708730031
0.620914708730031
0.620914708730032
0.655732961140871
0.655732961140871
0.655732961140871
0.655732961140871
0.655732961140871
0.655732961140871
0.655732961140872
0.655732961140872
0.677186845635215
0.677186845635215
0.677186845635216
0.677186845635216
0.677186845635216
0.677186845635216
0.677186845635216
0.677186845635216
0.686609632115601
0.686609632115601
0.686609632115602
0.686609632115602
0.686609632115602
0.686609632115602
0.686609632115602
0.686609632115602
0.697505791896816
0.697505791896816
0.697505791896817
0.697505791896817
0.697505791896817
0.697505791896817
0.697505791896817
0.697505791896817
0.700490640968722
0.700490640968722
0.700490640968722
0.700490640968723
0.704325017781836
0.704325017781836
0.704325017781836
0.704325017781836
0.705762709243684
0.705762709243684
0.705762709243684
0.705762709243684
0.705762709243684
0.705762709243684
0.705762709243685
0.705762709243685
0.724995596689861
0.724995596689861
0.724995596689861
0.724995596689861
0.724995596689861
0.724995596689861
0.724995596689862
0.724995596689862
0.733614278363087
0.733614278363087
0.733614278363088
0.733614278363088
0.790004972635649
0.790004972635650
0.790004972635650
0.790004972635650
0.790004972635650
0.790004972635650
0.790004972635650
0.790004972635650
0.811309602720267
0.811309602720267
0.811309602720267
0.811309602720267
0.811309602720268
0.811309602720268
0.811309602720268
0.811309602720268
0.822268687085405
0.822268687085405
0.822268687085405
0.822268687085405
0.822268687085405
0.822268687085406
0.822268687085406
0.822268687085406
0.829102016425234
0.829102016425234
0.829102016425235
0.829102016425235
0.829102016425235
0.829102016425235
0.829102016425235
0.829102016425235
0.831375143994922
0.831375143994922
0.831375143994922
0.831375143994923
0.877140226835897
0.877140226835897
0.877140226835897
0.877140226835897
0.877140226835897
0.877140226835897
0.877140226835897
0.877140226835898
0.889484807370208
0.889484807370209
0.889484807370209
0.889484807370209
0.889484807370209
0.889484807370210
0.889484807370210
0.889484807370210
0.940038944539659
0.940038944539659
0.940038944539659
0.940038944539659
0.940038944539660
0.940038944539660
0.940038944539660
0.940038944539660
0.949958639512326
0.949958639512326
0.949958639512326
0.949958639512327
0.949958639512327
0.949958639512327
0.949958639512327
0.949958639512327
0.957494811133722
0.957494811133722
0.957494811133722
0.957494811133722
0.957494811133723
0.957494811133723
0.957494811133723
0.957494811133723
0.960699107413936
0.960699107413936
0.960699107413936
0.960699107413936
0.960699107413936
0.960699107413936
0.960699107413937
0.960699107413937
0.966955479064579
0.966955479064579
0.966955479064579
0.966955479064579
0.966955479064579
0.966955479064579
0.966955479064580
0.966955479064580
0.973481609942147
0.973481609942147
0.973481609942147
0.973481609942148
0.973481609942148
0.973481609942148
0.973481609942148
0.973481609942148
0.975750434900200
0.975750434900200
0.975750434900200
0.975750434900201
0.978724652245030
0.978724652245030
0.978724652245031
0.978724652245031
0.978724652245031
0.978724652245031
0.978724652245031
0.978724652245032
0.987837279560556
0.987837279560556
0.987837279560557
0.987837279560557
0.991441173891504
0.991441173891505
0.991441173891505
0.991441173891505
0.991441173891505
0.991441173891505
0.991441173891506
0.991441173891506
0.995139419936193
0.995139419936194
0.995139419936194
0.995139419936194
1.010083333051191
1.010083333051192
1.010083333051192
1.010083333051192
1.010083333051193
1.010083333051193
1.010083333051193
1.010083333051194
1.025418186982958
1.025418186982958
1.025418186982958
1.025418186982958
1.025418186982958
1.025418186982958
1.025418186982958
1.025418186982958
1.032538909535059
1.032538909535059
1.032538909535060
1.032538909535060
1.032538909535060
1.032538909535060
1.032538909535060
1.032538909535060
1.042737092896398
1.042737092896398
1.042737092896398
1.042737092896399
1.042737092896399
1.042737092896399
1.042737092896399
1.042737092896399
1.048833475922141
1.048833475922141
1.048833475922141
1.048833475922141
1.048833475922142
1.048833475922142
1.048833475922142
1.048833475922142
1.051890562364994
1.051890562364994
1.051890562364994
1.051890562364994
1.051890562364994
1.051890562364994
1.051890562364995
1.051890562364995
1.053269756102361
1.053269756102361
1.053269756102361
1.053269756102362
1.058303238186736
1.058303238186737
1.058303238186737
1.058303238186737
1.058303238186737
1.058303238186737
1.058303238186737
1.058303238186737
1.060557358775017
1.060557358775017
1.060557358775018
1.060557358775018
1.063994886425719
1.063994886425719
1.063994886425719
1.063994886425720
1.063994886425720
1.063994886425720
1.063994886425720
1.063994886425720
1.068294884534043
1.068294884534043
1.068294884534044
1.068294884534045
1.070762784282463
1.070762784282464
1.070762784282464
1.070762784282464
1.079911951139424
1.079911951139424
1.079911951139424
1.079911951139425
1.086309922591395
1.086309922591395
1.086309922591395
1.086309922591395
1.088561153530283
1.088561153530284
1.117685139267180
1.117685139267180
1.117685139267181
1.117685139267181
1.117685139267181
1.117685139267181
1.117685139267182
1.117685139267182
1.164230676681732
1.164230676681732
1.164230676681733
1.164230676681733
1.164230676681733
1.164230676681733
1.164230676681734
1.164230676681734
1.184683539681095
1.184683539681095
1.184683539681095
1.184683539681096
1.184683539681096
1.184683539681096
1.184683539681096
1.184683539681096
1.189147925923882
1.189147925923882
1.189147925923883
1.189147925923883
1.189147925923883
1.189147925923883
1.189147925923883
1.189147925923884
1.201727486889734
1.201727486889734
1.201727486889735
1.201727486889735
1.201727486889735
1.201727486889735
1.201727486889735
1.201727486889735
1.205599855201084
1.205599855201085
1.205599855201085
1.205599855201085
1.233050131702136
1.233050131702136
1.233050131702137
1.233050131702137
1.233050131702137
1.233050131702138
1.233050131702138
1.233050131702138
1.267719111171190
1.267719111171190
1.267719111171191
1.267719111171191
1.267719111171191
1.267719111171191
1.267719111171192
1.267719111171192
1.268242420259134
1.268242420259134
1.268242420259134
1.268242420259135
1.268242420259135
1.268242420259135
1.268242420259135
1.268242420259135
1.295380592405754
1.295380592405755
1.295380592405755
1.295380592405755
1.304309011422647
1.304309011422647
1.304309011422647
1.304309011422647
1.304309011422648
1.304309011422648
1.304309011422648
1.304309011422649
1.310415885095188
1.310415885095188
1.310415885095188
1.310415885095188
1.310415885095188
1.310415885095188
1.310415885095189
1.310415885095189
1.333834717903056
1.333834717903057
1.333834717903057
1.333834717903057
1.333834717903057
1.333834717903057
1.333834717903057
1.333834717903057
1.340948496051570
1.340948496051570
1.340948496051570
1.340948496051571
1.340948496051571
1.340948496051571
1.340948496051571
1.340948496051572
1.346107080406647
1.346107080406647
1.346107080406647
1.346107080406648
1.346107080406648
1.346107080406648
1.346107080406648
1.346107080406648
1.349975146106362
1.349975146106363
1.349975146106363
1.349975146106364
1.353098353614489
1.353098353614489
1.353098353614489
1.353098353614489
1.353098353614490
1.353098353614490
1.353098353614490
1.353098353614490
1.357930268420407
1.357930268420407
1.357930268420407
1.357930268420408
1.357930268420408
1.357930268420408
1.357930268420408
1.357930268420409
1.362943663501515
1.362943663501515
1.362943663501516
1.362943663501516
1.365296090193991
1.365296090193991
1.365296090193992
1.365296090193992
1.365296090193992
1.365296090193992
1.365296090193993
1.365296090193993
1.380949922733892
1.380949922733892
1.380949922733893
1.380949922733893
1.382170810136612
1.382170810136613
1.382170810136613
1.382170810136613
1.382170810136613
1.382170810136614
1.382170810136614
1.382170810136614
1.395658166857864
1.395658166857864
1.395658166857864
1.395658166857864
1.395658166857864
1.395658166857864
1.395658166857864
1.395658166857865
1.418769801203471
1.418769801203472
1.418769801203472
1.418769801203472
1.418769801203472
1.418769801203472
1.418769801203472
1.418769801203472
1.423683858243929
1.423683858243929
1.423683858243929
1.423683858243930
1.425522198083064
1.425522198083064
1.425522198083065
1.425522198083065
1.425522198083065
1.425522198083066
1.425522198083066
1.425522198083066
1.430928708651236
1.430928708651236
1.430928708651237
1.430928708651237
1.430928708651237
1.430928708651237
1.430928708651237
1.430928708651238
1.434782069981180
1.434782069981180
1.434782069981180
1.434782069981181
1.443460517816369
1.443460517816369
1.443460517816370
1.443460517816370
1.443460517816370
1.443460517816370
1.443460517816370
1.443460517816371
1.446791189977902
1.446791189977902
1.446791189977902
1.446791189977902
1.448672626302640
1.448672626302641
1.448672626302641
1.448672626302641
1.458935393055895
1.458935393055895
1.458935393055895
1.458935393055895
1.461250463599108
1.461250463599108
1.461250463599108
1.461250463599109
1.461250463599109
1.461250463599109
1.461250463599110
1.461250463599110
1.462785864736446
1.462785864736447
1.517440720340027
1.517440720340027
1.517440720340027
1.517440720340028
1.517440720340028
1.517440720340028
1.517440720340028
1.517440720340029
1.518581048592053
1.518581048592053
1.518581048592054
1.518581048592054
1.518581048592054
1.518581048592054
1.518581048592055
1.518581048592055
1.551371769730422
1.551371769730422
1.551371769730422
1.551371769730423
1.551371769730423
1.551371769730423
1.551371769730423
1.551371769730423
1.568216581418637
1.568216581418637
1.568216581418637
1.568216581418637
1.568216581418638
1.568216581418638
1.568216581418638
1.568216581418638
1.573404098766406
1.573404098766406
1.573404098766407
1.573404098766408
1.599216698936359
1.599216698936360
1.599216698936360
1.599216698936360
1.599216698936361
1.599216698936361
1.599216698936361
1.599216698936361
1.600999600918066
1.600999600918066
1.600999600918066
1.600999600918067
1.600999600918067
1.600999600918068
1.600999600918068
1.600999600918068
1.611284435503118
1.611284435503118
1.611284435503118
1.611284435503119
1.611284435503119
1.611284435503119
1.611284435503120
1.611284435503120
1.628137773064686
1.628137773064687
1.628137773064688
1.628137773064688
1.664766257005508
1.664766257005509
1.664766257005509
1.664766257005509
1.664766257005510
1.664766257005510
1.664766257005510
1.664766257005510
1.676396488508068
1.676396488508068
1.676396488508068
1.676396488508068
1.676396488508069
1.676396488508069
1.676396488508069
1.676396488508069
1.696058561709596
1.696058561709596
1.696058561709596
1.696058561709596
1.696058561709597
1.696058561709597
1.696058561709597
1.696058561709597
1.696663677946416
1.696663677946416
1.696663677946417
1.696663677946417
1.696663677946418
1.696663677946418
1.696663677946418
1.696663677946418
1.712596174935550
1.712596174935550
1.712596174935550
1.712596174935550
1.712596174935550
1.712596174935550
1.712596174935551
1.712596174935551
1.717637218212493
1.717637218212493
1.717637218212494
1.717637218212494
1.717637218212494
1.717637218212495
1.717637218212495
1.717637218212495
1.717779389671684
1.717779389671684
1.717779389671685
1.717779389671686
1.724515247065820
1.724515247065820
1.724515247065821
1.724515247065821
1.725189212224182
1.725189212224182
1.725189212224183
1.725189212224183
1.725189212224183
1.725189212224183
1.725189212224183
1.725189212224183
1.737395899811057
1.737395899811057
1.737395899811058
1.737395899811058
1.737395899811058
1.737395899811058
1.737395899811059
1.737395899811059
1.743321405270112
1.743321405270112
1.743321405270113
1.743321405270113
1.750008538768185
1.750008538768185
1.750008538768185
1.750008538768185
1.750008538768186
1.750008538768186
1.750008538768186
1.750008538768186
1.777464804002380
1.777464804002380
1.777464804002380
1.777464804002381
1.777464804002381
1.777464804002381
1.777464804002381
1.777464804002381
1.778034230154250
1.778034230154250
1.778034230154251
1.778034230154251
1.780993645010011
1.780993645010011
1.780993645010011
1.780993645010011
1.780993645010012
1.780993645010012
1.780993645010012
1.780993645010012
1.797417803180139
1.797417803180139
1.797417803180139
1.797417803180140
1.797417803180140
1.797417803180140
1.797417803180140
1.797417803180140
1.802586313546501
1.802586313546502
1.802586313546502
1.802586313546503
1.809015033784441
1.809015033784441
1.809015033784442
1.809015033784442
1.823503569368343
1.823503569368343
1.823503569368344
1.823503569368344
1.823503569368344
1.823503569368344
1.823503569368344
1.823503569368344
1.825424487584797
1.825424487584797
1.825424487584798
1.825424487584798
1.827417030833331
1.827417030833332
1.827417030833332
1.827417030833332
1.827417030833332
1.827417030833333
1.827417030833333
1.827417030833333
1.830590108301767
1.830590108301769
1.843129010180580
1.843129010180580
1.843129010180580
1.843129010180580
1.843129010180580
1.843129010180580
1.843129010180580
1.843129010180581
1.848911251253163
1.848911251253163
1.848911251253163
1.848911251253163
1.877333842370218
1.877333842370218
1.877333842370218
1.877333842370218
1.877333842370219
1.877333842370219
1.877333842370219
1.877333842370219
1.890668525677474
1.890668525677474
1.890668525677475
1.890668525677475
1.890668525677475
1.890668525677475
1.890668525677476
1.890668525677476
1.928060491891345
1.928060491891345
1.928060491891346
1.928060491891346
1.928060491891346
1.928060491891347
1.928060491891347
1.928060491891347
1.947682212809287
1.947682212809287
1.947682212809287
1.947682212809288
1.947682212809288
1.947682212809288
1.947682212809288
1.947682212809289
1.953781840535003
1.953781840535003
1.953781840535004
1.953781840535004
1.960892722948257
1.960892722948257
1.960892722948258
1.960892722948258
1.960892722948258
1.960892722948258
1.960892722948258
1.960892722948258
1.977451002737341
1.977451002737341
1.977451002737342
1.977451002737342
1.977451002737342
1.977451002737342
1.977451002737343
1.977451002737343
1.988030895094877
1.988030895094878
1.988030895094878
1.988030895094878
1.991112037978990
1.991112037978990
1.991112037978990
1.991112037978990
1.991112037978990
1.991112037978991
1.991112037978991
1.991112037978991
2.036853734090929
2.036853734090929
2.036853734090930
2.036853734090930
2.036853734090930
2.036853734090931
2.036853734090931
2.036853734090931
2.062830245180640
2.062830245180640
2.062830245180640
2.062830245180640
2.062830245180641
2.062830245180641
2.062830245180641
2.062830245180641
2.071690482373835
2.071690482373835
2.071690482373835
2.071690482373836
2.071690482373836
2.071690482373836
2.071690482373836
2.071690482373836
2.072747283870519
2.072747283870520
2.072747283870520
2.072747283870520
2.072747283870520
2.072747283870521
2.072747283870521
2.072747283870521
2.090681814300043
2.090681814300043
2.090681814300044
2.090681814300044
2.092061806326200
2.092061806326200
2.092061806326200
2.092061806326201
2.092061806326201
2.092061806326201
2.092061806326201
2.092061806326202
2.098157131440281
2.098157131440281
2.098157131440282
2.098157131440282
2.113401064396379
2.113401064396379
2.113401064396379
2.113401064396379
2.113401064396379
2.113401064396380
2.113401064396380
2.113401064396380
2.115618589497772
2.115618589497772
2.115618589497772
2.115618589497772
2.115618589497773
2.115618589497773
2.115618589497773
2.115618589497773
2.122096015853606
2.122096015853606
2.122096015853606
2.122096015853606
2.122096015853606
2.122096015853607
2.122096015853607
2.122096015853607
2.137064392175268
2.137064392175268
2.137064392175268
2.137064392175268
2.137064392175268
2.137064392175268
2.137064392175268
2.137064392175269
2.143560030220634
2.143560030220634
2.143560030220635
2.143560030220635
2.150121707239670
2.150121707239671
2.150121707239672
2.150121707239672
2.157682367170934
2.157682367170934
2.157682367170935
2.157682367170935
2.157682367170935
2.157682367170936
2.157682367170936
2.157682367170936
2.176883434570789
2.176883434570789
2.176883434570790
2.176883434570790
2.176883434570790
2.176883434570790
2.176883434570791
2.176883434570791
2.182964055315098
2.182964055315099
2.182964055315099
2.182964055315100
2.185703755945364
2.185703755945365
2.185703755945366
2.185703755945366
2.198899380024041
2.198899380024041
2.198899380024042
2.198899380024042
2.198899380024042
2.198899380024042
2.198899380024042
2.198899380024042
2.204890118975448
2.204890118975448
2.204890118975448
2.204890118975448
2.210967850070364
2.210967850070365
2.219312369875962
2.219312369875962
2.219312369875962
2.219312369875962
2.219312369875962
2.219312369875963
2.219312369875963
2.219312369875963
2.246355457406157
2.246355457406157
2.246355457406157
2.246355457406157
2.246355457406158
2.246355457406158
2.246355457406158
2.246355457406158
2.265545694542415
2.265545694542415
2.265545694542415
2.265545694542416
2.265545694542416
2.265545694542416
2.265545694542416
2.265545694542416
2.266883061468217
2.266883061468217
2.266883061468217
2.266883061468218
2.266883061468218
2.266883061468218
2.266883061468219
2.266883061468219
2.272973592517384
2.272973592517384
2.272973592517385
2.272973592517385
2.285962519543242
2.285962519543242
2.285962519543242
2.285962519543242
2.285962519543243
2.285962519543243
2.285962519543243
2.285962519543243
2.326041863176624
2.326041863176624
2.326041863176624
2.326041863176624
2.326041863176624
2.326041863176625
2.326041863176625
2.326041863176625
2.347350705173497
2.347350705173497
2.347350705173498
2.347350705173498
2.347350705173498
2.347350705173498
2.347350705173498
2.347350705173498
2.349104575120454
2.349104575120454
2.349104575120454
2.349104575120455
2.349104575120455
2.349104575120455
2.349104575120455
2.349104575120455
2.354020465485525
2.354020465485525
2.354020465485526
2.354020465485526
2.369346341779972
2.369346341779972
2.369346341779972
2.369346341779972
2.369346341779972
2.369346341779972
2.369346341779972
2.369346341779973
2.376242747267074
2.376242747267074
2.376242747267075
2.376242747267075
2.410761496702137
2.410761496702137
2.410761496702137
2.410761496702137
2.410761496702138
2.410761496702138
2.410761496702138
2.410761496702138
2.432147727956697
2.432147727956697
2.432147727956697
2.432147727956697
2.432147727956698
2.432147727956698
2.432147727956698
2.432147727956698
2.454725584223270
2.454725584223270
2.454725584223270
2.454725584223270
2.454725584223270
2.454725584223270
2.454725584223271
2.454725584223271
2.470728655155798
2.470728655155798
2.470728655155798
2.470728655155799
2.470728655155799
2.470728655155799
2.470728655155799
2.470728655155799
2.482577153342674
2.482577153342674
2.482577153342674
2.482577153342675
2.491730298690411
2.491730298690411
2.491730298690411
2.491730298690411
2.491730298690411
2.491730298690411
2.491730298690411
2.491730298690411
2.493125058395496
2.493125058395496
2.493125058395496
2.493125058395496
2.493125058395496
2.493125058395497
2.493125058395497
2.493125058395497
2.498395756390804
2.498395756390804
2.498395756390804
2.498395756390804
2.517390009719374
2.517390009719374
2.517390009719374
2.517390009719374
2.517390009719374
2.517390009719374
2.517390009719374
2.517390009719374
2.531092865648851
2.531092865648852
2.531092865648852
2.531092865648852
2.531092865648853
2.531092865648853
2.531092865648854
2.531092865648854
2.538470477535586
2.538470477535586
2.538470477535586
2.538470477535586
2.538470477535586
2.538470477535586
2.538470477535587
2.538470477535587
2.545415701105438
2.545415701105438
2.545415701105438
2.545415701105439
2.555663738456214
2.555663738456214
2.555663738456214
2.555663738456214
2.555663738456214
2.555663738456214
2.555663738456214
2.555663738456214
2.560818443462905
2.560818443462906
2.560818443462906
2.560818443462906
2.560818443462907
2.560818443462907
2.560818443462907
2.560818443462908
2.567622371484855
2.567622371484855
2.567622371484856
2.567622371484857
2.576551926934999
2.576551926934999
2.576551926935000
2.576551926935000
2.576551926935000
2.576551926935000
2.576551926935000
2.576551926935001
2.583202680265621
2.583202680265621
2.583202680265621
2.583202680265622
2.583685127230643
2.583685127230644
2.583685127230644
2.583685127230644
2.604558611339658
2.604558611339658
2.604558611339658
2.604558611339658
2.611206475020887
2.611206475020887
2.638961828599109
2.638961828599109
2.638961828599109
2.638961828599109
2.638961828599110
2.638961828599110
2.638961828599110
2.638961828599110
2.647879037765450
2.647879037765450
2.647879037765451
2.647879037765451
2.683237495794888
2.683237495794888
2.683237495794888
2.683237495794888
2.683237495794889
2.683237495794889
2.683237495794889
2.683237495794890
2.695778602103432
2.695778602103432
2.695778602103432
2.695778602103432
2.707397095564902
2.707397095564902
2.707397095564903
2.707397095564903
2.707397095564903
2.707397095564903
2.707397095564904
2.707397095564904
2.716589691181102
2.716589691181102
2.716589691181103
2.716589691181103
2.722777453903436
2.722777453903436
2.748893751214438
2.748893751214438
2.748893751214438
2.748893751214438
2.748893751214438
2.748893751214438
2.748893751214439
2.748893751214439
2.766796376372927
2.766796376372927
2.766796376372927
2.766796376372927
2.766796376372928
2.766796376372929
2.766796376372929
2.766796376372929
2.771104756461135
2.771104756461135
2.771104756461135
2.771104756461136
2.771104756461136
2.771104756461136
2.771104756461137
2.771104756461137
2.778082806749747
2.778082806749747
2.778082806749747
2.778082806749748
2.788995800503118
2.788995800503119
2.788995800503119
2.788995800503119
2.788995800503120
2.788995800503120
2.788995800503120
2.788995800503121
2.793934548519547
2.793934548519547
2.793934548519548
2.793934548519549
2.853582303978357
2.853582303978357
2.853582303978358
2.853582303978358
2.853582303978358
2.853582303978358
2.853582303978359
2.853582303978359
2.859182843997982
2.859182843997982
2.859182843997982
2.859182843997982
2.874375042946417
2.874375042946417
2.874375042946417
2.874375042946417
2.874375042946418
2.874375042946418
2.874375042946419
2.874375042946419
2.893580543193611
2.893580543193612
2.893580543193612
2.893580543193612
2.893580543193612
2.893580543193613
2.893580543193613
2.893580543193613
2.902226612065821
2.902226612065821
2.902226612065822
2.902226612065822
2.915484349978048
2.915484349978048
2.915484349978049
2.915484349978049
2.915484349978049
2.915484349978049
2.915484349978049
2.915484349978049
2.922458097655024
2.922458097655025
2.922458097655026
2.922458097655026
2.938824585741034
2.938824585741034
2.938824585741034
2.938824585741034
2.938824585741035
2.938824585741035
2.938824585741035
2.938824585741035
2.942104716136905
2.942104716136905
2.942104716136905
2.942104716136906
2.966850277127099
2.966850277127099
2.966850277127100
2.966850277127100
2.978515626494027
2.978515626494027
2.978515626494027
2.978515626494027
2.978515626494028
2.978515626494028
2.978515626494028
2.978515626494028
2.978898622679781
2.978898622679782
2.978898622679782
2.978898622679782
2.987893622232860
2.987893622232860
2.987893622232861
2.987893622232861
3.000305978222637
3.000305978222637
3.000305978222638
3.000305978222638
3.000305978222638
3.000305978222638
3.000305978222639
3.000305978222639
3.006537015268457
3.006537015268457
3.006537015268457
3.006537015268458
3.007265021529841
3.007265021529842
3.007265021529843
3.007265021529843
3.010525073175791
3.010525073175791
3.010525073175791
3.010525073175792
3.017426232870908
3.017426232870908
3.028312662627295
3.028312662627296
3.028312662627297
3.028312662627297
3.035268816285108
3.035268816285109
3.087383175894954
3.087383175894954
3.087383175894954
3.087383175894955
3.131043252825817
3.131043252825817
3.131043252825817
3.131043252825818
3.156376753306311
3.156376753306312
3.156376753306312
3.156376753306312
3.198316895911713
3.198316895911713
3.198316895911713
3.198316895911713
3.214602133403856
3.214602133403856
3.214602133403856
3.214602133403857
3.220811386174020
3.220811386174021
3.220811386174021
3.220811386174021
3.227886668135799
3.227886668135799
3.237417147798964
3.237417147798964
3.237417147798964
3.237417147798964
3.241740305550476
3.241740305550477
3.302561961719767
3.302561961719767
3.302561961719768
3.302561961719768
3.322796390242262
3.322796390242262
3.322796390242262
3.322796390242262
3.343003687890886
3.343003687890887
3.343003687890887
3.343003687890887
3.350647959361666
3.350647959361666
3.365190979690933
3.365190979690933
3.365190979690934
3.365190979690934
3.372261959041077
3.372261959041077
3.387804243482443
3.387804243482443
3.387804243482443
3.387804243482443
3.415829934868508
3.415829934868508
3.427938771191302
3.427938771191302
3.427938771191302
3.427938771191302
3.450012607935522
3.450012607935523
3.450012607935523
3.450012607935523
3.455960159965731
3.455960159965732
3.457068882915894
3.457068882915895
3.478019292340181
3.478019292340181
3.485072677671161
Kgrid: 25
-2.357023688806754
-2.160605048072858
-1.964186407338962
-1.767767766605066
-1.571349125871170
-1.374930485137273
-1.178511844403377
-0.982093203669481
-0.785674562935585
-0.589255922201689
-0.392837281467793
-0.196418640733896
0.000000000000000
0.196418640733896
0.392837281467792
0.589255922201688
0.785674562935585
0.982093203669481
1.178511844403377
1.374930485137273
1.571349125871169
1.767767766605065
1.964186407338962
2.160605048072858
2.357023688806754
DavVals: 1
-0.090385483693028

                            End of Section: Vectors                            

--------------------------------------------------------------------------------

                                    Matrices                                    

--------------------------------------------------------------------------------

Occupied States: 109 x 2
         7         9
         7        10
         7        11
         7        12
         7        13
         7        14
         7        15
         8         8
         8         9
         8        10
         8        11
         8        12
         8        13
         8        14
         8        15
         8        16
         9         7
         9         8
         9         9
         9        10
         9        11
         9        12
         9        13
         9        14
         9        15
         9        16
         9        17
        10         7
        10         8
        10         9
        10        10
        10        11
        10        12
        10        13
        10        14
        10        15
        10        16
        10        17
        11         7
        11         8
        11         9
        11        10
        11        11
        11        12
        11        13
        11        14
        11        15
        11        16
        11        17
        12         7
        12         8
        12         9
        12        10
        12        11
        12        12
        12        13
        12        14
        12        15
        12        16
        12        17
        13         7
        13         8
        13         9
        13        10
        13        11
        13        12
        13        13
        13        14
        13        15
        13        16
        13        17
        14         7
        14         8
        14         9
        14        10
        14        11
        14        12
        14        13
        14        14
        14        15
        14        16
        14        17
        15         7
        15         8
        15         9
        15        10
        15        11
        15        12
        15        13
        15        14
        15        15
        15        16
        15        17
        16         8
        16         9
        16        10
        16        11
        16        12
        16        13
        16        14
        16        15
        16        16
        17         9
        17        10
        17        11
        17        12
        17        13
        17        14
        17        15
Virtual States: 467 x 2
         0         0
         0         1
         0         2
         0         3
         0         4
         0         5
         0         6
         0         7
         0         8
         0         9
         0        10
         0        11
         0        12
         0        13
         0        14
         0        15
         0        16
         0        17
         0        18
         0        19
         0        20
         0        21
         0        22
         0        23
         1         0
         1         1
         1         2
         1         3
         1         4
         1         5
         1         6
         1         7
         1         8
         1         9
         1        10
         1        11
         1        12
         1        13
         1        14
         1        15
         1        16
         1        17
         1        18
         1        19
         1        20
         1        21
         1        22
         1        23
         2         0
         2         1
         2         2
         2         3
         2         4
         2         5
         2         6
         2         7
         2         8
         2         9
         2        10
         2        11
         2        12
         2        13
         2        14
         2        15
         2        16
         2        17
         2        18
         2        19
         2        20
         2        21
         2        22
         2        23
         3         0
         3         1
         3         2
         3         3
         3         4
         3         5
         3         6
         3         7
         3         8
         3         9
         3        10
         3        11
         3        12
         3        13
         3        14
         3        15
         3        16
         3        17
         3        18
         3        19
         3        20
         3        21
         3        22
         3        23
         4         0
         4         1
         4         2
         4         3
         4         4
         4         5
         4         6
         4         7
         4         8
         4         9
         4        10
         4        11
         4        12
         4        13
         4        14
         4        15
         4        16
         4        17
         4        18
         4        19
         4        20
         4        21
         4        22
         4        23
         5         0
         5         1
         5         2
         5         3
         5         4
         5         5
         5         6
         5         7
         5         8
         5         9
         5        10
         5        11
         5        12
         5        13
         5        14
         5        15
         5        16
         5        17
         5        18
         5        19
         5        20
         5        21
         5        22
         5        23
         6         0
         6         1
         6         2
         6         3
         6         4
         6         5
         6         6
         6         7
         6         8
         6         9
         6        10
         6        11
         6        12
         6        13
         6        14
         6        15
         6        16
         6        17
         6        18
         6        19
         6        20
         6        21
         6        22
         6        23
         7         0
         7         1
         7         2
         7         3
         7         4
         7         5
         7         6
         7         7
         7         8
         7        16
         7        17
         7        18
         7        19
         7        20
         7        21
         7        22
         7        23
         8         0
         8         1
         8         2
         8         3
         8         4
         8         5
         8         6
         8         7
         8        17
         8        18
         8        19
         8        20
         8        21
         8        22
         8        23
         9         0
         9         1
         9         2
         9         3
         9         4
         9         5
         9         6
         9        18
         9        19
         9        20
         9        21
         9        22
         9        23
        10         0
        10         1
        10         2
        10         3
        10         4
        10         5
        10         6
        10        18
        10        19
        10        20
        10        21
        10        22
        10        23
        11         0
        11         1
        11         2
        11         3
        11         4
        11         5
        11         6
        11        18
        11        19
        11        20
        11        21
        11        22
        11        23
        12         0
        12         1
        12         2
        12         3
        12         4
        12         5
        12         6
        12        18
        12        19
        12        20
        12        21
        12        22
        12        23
        13         0
        13         1
        13         2
        13         3
        13         4
        13         5
        13         6
        13        18
        13        19
        13        20
        13        21
        13        22
        13        23
        14         0
        14         1
        14         2
        14         3
        14         4
        14         5
        14         6
        14        18
        14        19
        14        20
        14        21
        14        22
        14        23
        15         0
        15         1
        15         2
        15         3
        15         4
        15         5
        15         6
        15        18
        15        19
        15        20
        15        21
        15        22
        15        23
        16         0
        16         1
        16         2
        16         3
        16         4
        16         5
        16         6
        16         7
        16        17
        16        18
        16        19
        16        20
        16        21
        16        22
        16        23
        17         0
        17         1
        17         2
        17         3
        17         4
        17         5
        17         6
        17         7
        17         8
        17        16
        17        17
        17        18
        17        19
        17        20
        17        21
        17        22
        17        23
        18         0
        18         1
        18         2
        18         3
        18         4
        18         5
        18         6
        18         7
        18         8
        18         9
        18        10
        18        11
        18        12
        18        13
        18        14
        18        15
        18        16
        18        17
        18        18
        18        19
        18        20
        18        21
        18        22
        18        23
        19         0
        19         1
        19         2
        19         3
        19         4
        19         5
        19         6
        19         7
        19         8
        19         9
        19        10
        19        11
        19        12
        19        13
        19        14
        19        15
        19        16
        19        17
        19        18
        19        19
        19        20
        19        21
        19        22
        19        23
        20         0
        20         1
        20         2
        20         3
        20         4
        20         5
        20         6
        20         7
        20         8
        20         9
        20        10
        20        11
        20        12
        20        13
        20        14
        20        15
        20        16
        20        17
        20        18
        20        19
        20        20
        20        21
        20        22
        20        23
        21         0
        21         1
        21         2
        21         3
        21         4
        21         5
        21         6
        21         7
        21         8
        21         9
        21        10
        21        11
        21        12
        21        13
        21        14
        21        15
        21        16
        21        17
        21        18
        21        19
        21        20
        21        21
        21        22
        21        23
        22         0
        22         1
        22         2
        22         3
        22         4
        22         5
        22         6
        22         7
        22         8
        22         9
        22        10
        22        11
        22        12
        22        13
        22        14
        22        15
        22        16
        22        17
        22        18
        22        19
        22        20
        22        21
        22        22
        22        23
        23         0
        23         1
        23         2
        23         3
        23         4
        23         5
        23         6
        23         7
        23         8
        23         9
        23        10
        23        11
        23        12
        23        13
        23        14
        23        15
        23        16
        23        17
        23        18
        23        19
        23        20
        23        21
        23        22
        23        23
Excitations: 1509 x 2
           16          298
           26          299
           92          299
           16          192
           82          298
           26          193
           92          193
           82          192
            7          314
           15          315
           93          314
          101          315
            7          176
           15          177
           93          176
          101          177
            0          332
            6          338
            0          153
            6          159
          102          332
          108          338
          102          153
          108          159
            5          337
            1          333
            5          158
          103          333
          107          337
            1          154
          107          158
          103          154
            2          334
            4          336
          104          334
            2          155
            4          157
          106          336
          104          155
          106          157
            3          335
          105          335
            3          156
          105          156
           37          299
           71          298
           27          298
           81          299
           37          193
           71          192
           27          192
           81          193
           48          299
           38          298
           70          299
           60          298
           48          193
           70          193
           38          192
           60          192
           59          299
           49          298
           59          193
           49          192
           16          313
           26          316
           16          175
           92          316
           82          313
           26          178
           92          178
           82          175
           25          315
           17          314
           83          314
           91          315
           25          177
           17          176
           83          176
           91          177
            7          331
           15          339
            7          152
           93          331
           15          160
          101          339
           93          152
          101          160
           37          316
           71          313
           27          313
           37          178
           27          175
           71          175
           81          316
           81          178
            8          332
           14          338
            8          153
          100          338
           94          332
           14          159
           94          153
          100          159
            9          333
           13          337
           95          333
            9          154
           13          158
           95          154
           99          337
           99          158
           10          334
           12          336
           96          334
           10          155
           12          157
           98          336
           96          155
           98          157
           28          314
           36          315
           72          314
           36          177
           28          176
           80          315
           80          177
           72          176
           11          335
           11          156
           97          335
           97          156
            0          356
            6          362
            0          129
          102          356
          108          362
            6          135
          102          129
          108          135
           48          316
           38          313
           70          316
           60          313
           48          178
           38          175
           70          178
           60          175
            5          361
            1          357
          107          361
            1          130
            5          134
          103          357
          103          130
          107          134
            2          358
            4          360
          104          358
          106          360
            4          133
            2          131
          104          131
          106          133
            3          359
          105          359
            3          132
          105          132
           49          313
           59          316
           59          178
           49          175
           39          314
           61          314
           47          315
           69          315
           39          176
           47          177
           61          176
           69          177
           16          330
           26          340
           16          151
           92          340
           26          161
           82          330
           92          161
           82          151
           50          314
           58          315
           50          176
           58          177
           25          339
           25          160
           17          331
           83          331
           91          339
           17          152
           83          152
           91          160
           24          338
           18          332
           24          159
           18          153
           84          332
           90          338
           90          159
           84          153
           23          337
           19          333
           23          158
           85          333
           19          154
           89          337
           85          154
           89          158
           20          334
           22          336
           86          334
           22          157
           20          155
           88          336
           86          155
           88          157
           21          335
           21          156
           87          335
           87          156
           37          340
           71          330
           27          330
           37          161
           27          151
           71          151
           81          340
           81          161
            7          355
           15          363
           93          355
          101          363
            7          128
           15          136
           93          128
          101          136
           28          331
           36          339
           36          160
           28          152
           80          339
           72          331
           72          152
           80          160
            8          356
           14          362
          100          362
           14          135
            8          129
           94          356
          100          135
           94          129
           29          332
           35          338
           29          153
           35          159
           73          332
           79          338
           73          153
           79          159
           48          340
           38          330
           70          340
           60          330
           48          161
           38          151
           70          161
           60          151
           34          337
           34          158
           30          333
           74          333
           78          337
           30          154
           74          154
           78          158
           75          334
           31          334
           33          336
           77          336
           75          155
           31          155
           33          157
           77          157
           76          335
           76          156
           32          335
           32          156
            9          357
           13          361
            9          130
           95          357
           13          134
           99          361
           95          130
           99          134
           59          340
           49          330
           49          151
           59          161
           10          358
           12          360
           96          358
           12          133
           98          360
           10          131
           96          131
           98          133
           11          359
           97          359
           11          132
           97          132
            0          380
            6          386
          102          380
          108          386
            0          105
            6          111
          102          105
          108          111
           47          339
           39          331
           69          339
           61          331
           39          152
           47          160
           69          160
           61          152
           16          354
           26          364
           92          364
           82          354
           16          127
           26          137
           92          137
           82          127
           46          338
           62          332
           40          332
           62          153
           40          153
           68          338
           46          159
           68          159
            5          385
            1          381
          103          381
          107          385
            5          110
            1          106
          103          106
          107          110
           67          337
           63          333
           67          158
           45          337
           63          154
           41          333
           45          158
           41          154
           50          331
           50          152
           58          339
           58          160
           64          334
           64          155
           66          336
           42          334
           44          336
           66          157
           44          157
           42          155
           65          335
           65          156
           43          335
           43          156
            2          382
            4          384
          104          382
            2          107
          106          384
            4          109
          104          107
          106          109
            3          383
          105          383
            3          108
          105          108
           51          332
           51          153
           57          338
           57          159
           52          333
           52          154
           56          337
           56          158
           53          334
           55          336
           53          155
           55          157
           54          335
           54          156
           25          363
           17          355
           83          355
           91          363
           25          136
           17          128
           83          128
           91          136
           18          356
           24          362
           24          135
           18          129
           84          356
           90          362
           84          129
           90          135
           37          364
           27          354
           71          354
           81          364
           37          137
           71          127
           27          127
           81          137
           23          361
           19          357
           85          357
           23          134
           19          130
           89          361
           85          130
           89          134
           22          360
           20          358
           86          358
           22          133
           88          360
           20          131
           88          133
           86          131
           21          359
           87          359
           21          132
           87          132
            7          379
           93          379
           15          387
          101          387
            7          104
           15          112
           93          104
          101          112
           36          363
           28          355
           72          355
           36          136
           28          128
           80          363
           72          128
           80          136
           38          354
           70          364
           48          364
           60          354
           38          127
           48          137
           60          127
           70          137
           59          364
           49          354
           49          127
           59          137
            8          380
           14          386
           94          380
          100          386
            8          105
           14          111
           94          105
          100          111
           29          356
           35          362
           29          129
           73          356
           35          135
           79          362
           73          129
           79          135
           34          361
           74          357
           30          357
           78          361
           74          130
           34          134
           30          130
           78          134
            9          381
           13          385
           95          381
           99          385
            9          106
           13          110
           95          106
           99          110
           31          358
           75          358
           33          360
           77          360
           31          131
           33          133
           77          133
           75          131
           76          359
           32          359
           76          132
           32          132
           39          355
           61          355
           47          363
           69          363
           39          128
           69          136
           47          136
           61          128
           10          382
           12          384
           96          382
           10          107
           98          384
           12          109
           96          107
           98          109
           11          383
           97          383
           11          108
           97          108
           16          378
           26          388
           82          378
           92          388
           16          103
           26          113
           92          113
           82          103
           50          355
           58          363
           50          128
           58          136
            0          404
            6          410
          102          404
          108          410
            6           87
            0           81
          108           87
          102           81
           62          356
           68          362
           40          356
           46          362
           62          129
           40          129
           46          135
           68          135
           67          361
           63          357
           41          357
           45          361
           67          134
           63          130
           41          130
           45          134
           51          356
           57          362
           51          129
           57          135
            1          405
            5          409
          103          405
          107          409
            5           86
            1           82
          107           86
          103           82
           64          358
           66          360
           42          358
           66          133
           44          360
           64          131
           44          133
           42          131
           65          359
           43          359
           65          132
           43          132
            2          406
            4          408
          104          406
          106          408
            2           83
            4           85
          104           83
          106           85
           52          357
           56          361
           52          130
           56          134
            3          407
          105          407
            3           84
          105           84
           53          358
           55          360
           55          133
           53          131
           17          379
           25          387
           83          379
           91          387
           25          112
           17          104
           83          104
           91          112
           54          359
           54          132
           71          378
           27          378
           37          388
           81          388
           37          113
           27          103
           71          103
           81          113
           24          386
           18          380
           84          380
           90          386
           18          105
           24          111
           84          105
           90          111
           19          381
           23          385
           85          381
           89          385
           23          110
           19          106
           85          106
           89          110
           20          382
           22          384
           86          382
           88          384
           20          107
           22          109
           86          107
           88          109
           21          383
           87          383
           21          108
           87          108
            7          403
           15          411
           93          403
          101          411
            7           80
           15           88
           93           80
          101           88
           38          378
           48          388
           60          378
           70          388
           48          113
           70          113
           38          103
           60          103
           28          379
           36          387
           72          379
           80          387
           36          112
           28          104
           72          104
           80          112
           49          378
           59          388
           59          113
           49          103
           29          380
           35          386
           73          380
           79          386
           29          105
           35          111
           73          105
           79          111
            8          404
           14          410
           94          404
          100          410
           14           87
            8           81
          100           87
           94           81
           34          385
           30          381
           74          381
           78          385
           34          110
           74          106
           30          106
           78          110
           61          379
           39          379
           69          387
           47          387
           39          104
           61          104
           47          112
           69          112
           31          382
           75          382
           33          384
           77          384
           31          107
           75          107
           33          109
           77          109
            9          405
           13          409
           95          405
           99          409
           13           86
            9           82
           99           86
           95           82
           76          383
           32          383
           76          108
           32          108
           50          379
           58          387
           50          104
           58          112
           26          412
           16          402
           92          412
           16           79
           82          402
           26           89
           92           89
           82           79
           12          408
           10          406
           96          406
           98          408
           12           85
           10           83
           96           83
           98           85
           11          407
           97          407
           11           84
           97           84
           62          380
           40          380
           46          386
           68          386
           40          105
           62          105
           46          111
           68          111
            0          428
            6          434
            0           57
            6           63
          102          428
          108          434
          102           57
          108           63
           51          380
           57          386
           51          105
           57          111
           63          381
           67          385
           41          381
           45          385
           63          106
           67          110
           41          106
           45          110
           64          382
           66          384
           42          382
           64          107
           44          384
           66          109
           42          107
           44          109
           65          383
           43          383
           65          108
           43          108
           52          381
           56          385
           52          106
           56          110
            5          433
            1          429
          103          429
          107          433
            5           62
            1           58
          107           62
          103           58
           55          384
           53          382
           53          107
           55          109
           25          411
           17          403
           83          403
           91          411
           25           88
           17           80
           83           80
           91           88
           54          383
           54          108
            4          432
            2          430
            2           59
            4           61
          104          430
          104           59
          106          432
          106           61
            3          431
            3           60
          105          431
          105           60
           37          412
           81          412
           71          402
           27          402
           71           79
           27           79
           37           89
           81           89
           18          404
           24          410
           84          404
           90          410
           24           87
           18           81
           90           87
           84           81
           23          409
           19          405
           85          405
           89          409
           23           86
           19           82
           85           82
           89           86
           22          408
           20          406
           86          406
           88          408
           20           83
           22           85
           86           83
           88           85
           21          407
           87          407
           21           84
           87           84
           48          412
           70          412
           38          402
           60          402
           38           79
           48           89
           60           79
           70           89
           28          403
           36          411
           72          403
           80          411
           28           80
           36           88
           72           80
           80           88
           59          412
           49          402
           49           79
           59           89
            7          427
            7           56
           15          435
           93           56
           93          427
           15           64
          101          435
          101           64
           35          410
           29          404
           79          410
           73          404
           35           87
           29           81
           73           81
           79           87
           47          411
           39          403
           61          403
           69          411
           69           88
           47           88
           61           80
           39           80
            8           57
           14          434
            8          428
           14           63
           94          428
          100          434
           94           57
          100           63
           34          409
           78          409
           30          405
           74          405
           34           86
           78           86
           30           82
           74           82
           50          403
           58          411
           50           80
           58           88
           31          406
           75          406
           33          408
           77          408
           75           83
           31           83
           33           85
           77           85
           76          407
           32          407
           32           84
           76           84
           26           65
           92          436
           16           55
           16          426
           26          436
           82          426
           92           65
           82           55
            9          429
           13          433
           95          429
            9           58
           99          433
           13           62
           95           58
           99           62
           46          410
           40          404
           62          404
           68          410
           46           87
           40           81
           62           81
           68           87
           10          430
           10           59
           12          432
           12           61
           96          430
           98          432
           96           59
           98           61
           11          431
           11           60
           97          431
           97           60
           51          404
           57          410
           51           81
           57           87
           67          409
           63          405
           45          409
           41          405
           67           86
           45           86
           63           82
           41           82
           64          406
           66          408
           42          406
           44          408
           66           85
           64           83
           42           83
           44           85
           65          407
           43          407
           65           84
           43           84
           52          405
           56          409
           52           82
           56           86
            0          452
            6          458
            6           39
          108          458
            0           33
          102          452
          102           33
          108           39
           53          406
           55          408
           53           83
           55           85
           54          407
           54           84
           17          427
           25          435
           25           64
           17           56
           83          427
           91          435
           91           64
           83           56
            5          457
          103          453
            1          453
          107          457
            1           34
          103           34
            5           38
          107           38
           27          426
           37          436
           71          426
           81          436
           37           65
           71           55
           81           65
           27           55
            4          456
          104          454
            2          454
          106          456
            2           35
            4           37
          106           37
          104           35
            3          455
          105          455
            3           36
          105           36
           24           63
           24          434
           18          428
           18           57
           84          428
           84           57
           90           63
           90          434
           23          433
           23           62
           85          429
           19          429
           19           58
           89          433
           85           58
           89           62
           22          432
           20          430
           86          430
           86           59
           88          432
           22           61
           20           59
           88           61
           48          436
           38          426
           70          436
           48           65
           38           55
           60          426
           70           65
           60           55
           21          431
           21           60
           87           60
           87          431
           28          427
           36           64
           28           56
           36          435
           72          427
           72           56
           80          435
           80           64
           49          426
           59          436
           49           55
           59           65
            7          451
           93          451
           15          459
          101          459
           93           32
            7           32
           15           40
          101           40
           29           57
           35           63
           35          434
           29          428
           79          434
           73          428
           79           63
           73           57
           69          435
           47          435
           39           56
           61           56
           39          427
           61          427
           47           64
           69           64
           74          429
           30          429
           34          433
           34           62
           78          433
           30           58
           74           58
           78           62
           50           56
           50          427
           58          435
           58           64
           75          430
           33           61
           75           59
           77          432
           33          432
           31          430
           31           59
           77           61
           14          458
          100          458
            8          452
           94          452
           14           39
          100           39
            8           33
           94           33
           76          431
           32          431
           76           60
           32           60
           62          428
           68          434
           40           57
           46           63
           46          434
           40          428
           62           57
           68           63
           16          450
           92          460
           26          460
           82          450
           26           41
           16           31
           82           31
           92           41
           13          457
            9          453
           95          453
            9           34
           99          457
           13           38
           95           34
           99           38
           57          434
           51          428
           51           57
           57           63
           63          429
           41          429
           45          433
           67           62
           63           58
           67          433
           41           58
           45           62
           10          454
           96          454
           12          456
           98          456
           12           37
           10           35
           96           35
           98           37
           11          455
           97          455
           11           36
           97           36
           64          430
           66          432
           64           59
           44          432
           42          430
           42           59
           66           61
           44           61
           65          431
           65           60
           43          431
           43           60
           52          429
           56          433
           52           58
           56           62
           53          430
           55           61
           53           59
           55          432
           54          431
           54           60
           25          459
           91          459
           17          451
           83          451
           17           32
           25           40
           83           32
           91           40
            0            9
            6           15
          102            9
          108           15
           71          450
           37          460
           27          450
           81          460
           71           31
           27           31
           37           41
           81           41
            1           10
          103           10
            5           14
          107           14
           24          458
           18          452
           84          452
           24           39
           90          458
           18           33
           84           33
           90           39
            2           11
          104           11
            4           13
          106           13
            3           12
          105           12
           19          453
           23          457
           85          453
           23           38
           89          457
           19           34
           85           34
           89           38
           48          460
           38          450
           60          450
           70          460
           38           31
           70           41
           48           41
           60           31
           22          456
           20          454
           86          454
           88          456
           22           37
           20           35
           88           37
           86           35
           21          455
           87          455
           21           36
           87           36
           36          459
           28          451
           72          451
           80          459
           36           40
           28           32
           72           32
           80           40
           49          450
           59          460
           49           31
           59           41
           29          452
           35          458
           35           39
           79          458
           29           33
           73          452
           79           39
           73           33
           15           16
            7            8
          101           16
           93            8
           47          459
           69          459
           39          451
           61          451
           61           32
           39           32
           47           40
           69           40
           34          457
           30          453
           78          457
           74          453
           34           38
           74           34
           30           34
           78           38
           58          459
           50          451
           50           32
           58           40
           31          454
           75          454
           33          456
           77          456
           31           35
           75           35
           33           37
           77           37
           76          455
           32          455
           76           36
           32           36
           40          452
           46          458
           62          452
           68          458
           46           39
           68           39
           62           33
           40           33
           14           15
            8            9
          100           15
           94            9
           57          458
           51          452
           51           33
           57           39
           67          457
           63          453
           45          457
           41          453
           67           38
           63           34
           45           38
           41           34
           16            7
           92           17
           82            7
           26           17
            9           10
           13           14
           95           10
           99           14
           66          456
           64          454
           42          454
           44          456
           64           35
           66           37
           44           37
           42           35
           52          453
           56          457
           52           34
           56           38
           65          455
           43          455
           65           36
           43           36
           10           11
           12           13
           96           11
           98           13
           97           12
           11           12
           53          454
           55          456
           55           37
           53           35
           54          455
           54           36
           25           16
           17            8
           91           16
           83            8
           71            7
           37           17
           27            7
           81           17
           24           15
           18            9
           90           15
           84            9
           23           14
           19           10
           85           10
           89           14
           60            7
           38            7
           48           17
           70           17
           20           11
           22           13
           86           11
           88           13
           21           12
           87           12
           36           16
           28            8
           72            8
           80           16
           49            7
           59           17
           29            9
           35           15
           79           15
           73            9
           39            8
           61            8
           47           16
           69           16
           34           14
           30           10
           78           14
           74           10
           50            8
           58           16
           31           11
           75           11
           33           13
           77           13
           76           12
           32           12
           62            9
           46           15
           68           15
           40            9
           51            9
           57           15
           67           14
           63           10
           45           14
           41           10
           64           11
           42           11
           66           13
           44           13
           52           10
           56           14
           65           12
           43           12
           53           11
           55           13
           54           12

                            End of Section: Matrices                            

################################################################################

                              End of Output File.                              

################################################################################
