################################################################################

            Output File for HFS, the Hartree-Fock Stability Program            
                              Author: Evan Curtin                              
             Institution: University of Illinois @ Urbana-Champaign             
                          email: ecurtin2@illinois.edu                          
                       Built on Oct 21 2016, at 17:11:28                       

################################################################################

                Computation Started : Fri Oct 21 17:56:57 2016
                
                Computation Finished: Fri Oct 21 17:56:58 2016
                
                     Total Elapsed Time = 0.835838 seconds.                     

--------------------------------------------------------------------------------

                                     Input                                     

--------------------------------------------------------------------------------

Nk = 13
ndim = 2
rs = 1.200000000000000

                             End of Section: Input                             

--------------------------------------------------------------------------------

                                     Output                                     

--------------------------------------------------------------------------------

deltaK = 0.392837100659193
kf = 1.178511301977579
kmax = 2.357022603955159
Nocc = 29
Nvir = 115
Nexc = 197
ground_state_degeneracy = 4
dav_its = 5
num_guess_evecs = 80
Dav_blocksize = 20
Dav_Num_evals = 4
Dav_time = 0.740082052000000
Mv_time = 0.001607551000000
Davidson Tolerance = 1.00e-08
Dav_minits = 5
Dav_maxits = 30
Dav_maxsubsize = 3000
Davidson_Stopping_Criteria = All Requested Eigenvalue Norms Converged
full_diag_min = -0.074564028558310
full_diag_time = 0.095023428000000

                             End of Section: Output                             

--------------------------------------------------------------------------------

                                    Vectors                                    

--------------------------------------------------------------------------------

Occ Energies: 29
0.102264291235999
-0.011766253343941
-0.355088247301509
-0.475737485456649
-0.355088247301509
-0.011766253343941
-0.355088247301509
-0.703491798643331
-0.814145169982215
-0.703491798643331
-0.355088247301509
0.102264291235999
-0.475737485456649
-0.814145169982215
-0.923730332485867
-0.814145169982215
-0.475737485456649
0.102264291235999
-0.355088247301509
-0.703491798643331
-0.814145169982215
-0.703491798643331
-0.355088247301509
-0.011766253343941
-0.355088247301509
-0.475737485456649
-0.355088247301509
-0.011766253343941
0.102264291235999
Vir Energies: 115
5.293245398854321
4.436494919923163
3.723388903220133
3.155595994172391
2.743298154926958
2.492356915315821
2.407868455343293
2.492356915315821
2.743298154926958
3.155595994172391
3.723388903220133
4.436494919923163
4.436494919923163
3.578956276297511
2.863414916999524
2.291521060811719
1.873974449250192
1.617834690025433
1.530672922034987
1.617834690025433
1.873974449250192
2.291521060811719
2.863414916999524
3.578956276297511
3.723388903220133
2.863414916999524
2.140016194731283
1.553947463264458
1.118014110319579
0.841226109373391
0.735958672286249
0.841226109373391
1.118014110319579
1.553947463264458
2.140016194731283
2.863414916999524
3.155595994172391
2.291521060811719
1.553947463264458
0.937059545290600
0.452904659648959
0.135715992040581
0.135715992040581
0.452904659648959
0.937059545290600
1.553947463264458
2.291521060811719
2.743298154926958
1.873974449250192
1.118014110319579
0.452904659648959
0.452904659648959
1.118014110319579
1.873974449250192
2.492356915315821
1.617834690025433
0.841226109373391
0.135715992040581
0.135715992040581
0.841226109373391
1.617834690025433
2.407868455343293
1.530672922034987
0.735958672286249
0.735958672286249
1.530672922034987
2.492356915315821
1.617834690025433
0.841226109373391
0.135715992040581
0.135715992040581
0.841226109373391
1.617834690025433
2.743298154926958
1.873974449250192
1.118014110319579
0.452904659648959
0.452904659648959
1.118014110319579
1.873974449250192
3.155595994172391
2.291521060811719
1.553947463264458
0.937059545290600
0.452904659648959
0.135715992040581
0.135715992040581
0.452904659648959
0.937059545290600
1.553947463264458
2.291521060811719
3.723388903220133
2.863414916999524
2.140016194731283
1.553947463264458
1.118014110319579
0.841226109373391
0.735958672286249
0.841226109373391
1.118014110319579
1.553947463264458
2.140016194731283
2.863414916999524
4.436494919923163
3.578956276297511
2.863414916999524
2.291521060811719
1.873974449250192
1.617834690025433
1.530672922034987
1.617834690025433
1.873974449250192
2.291521060811719
2.863414916999524
3.578956276297511
Excitation Energies: 197
0.033451700804582
0.033451700804582
0.033451700804582
0.033451700804582
0.350640368412960
0.350640368412960
0.350640368412960
0.350640368412960
0.464670912992900
0.464670912992900
0.464670912992900
0.464670912992900
0.464670912992900
0.464670912992900
0.464670912992901
0.464670912992901
0.490804239342090
0.490804239342090
0.490804239342090
0.490804239342090
0.490804239342090
0.490804239342090
0.490804239342090
0.490804239342090
0.633694381050249
0.633694381050250
0.633694381050250
0.633694381050250
0.807992906950468
0.807992906950468
0.807992906950468
0.807992906950468
0.807992906950469
0.807992906950469
0.807992906950469
0.807992906950469
0.834795254054601
0.834795254054601
0.834795254054601
0.834795254054601
0.839207790683912
0.839207790683912
0.839207790683912
0.839207790683912
0.839207790683912
0.839207790683912
0.839207790683912
0.839207790683912
0.928642145105608
0.928642145105608
0.928642145105608
0.928642145105608
0.949861162022795
0.949861162022795
0.949861162022796
0.949861162022796
1.129780363663520
1.129780363663520
1.129780363663520
1.129780363663520
1.129780363663520
1.129780363663520
1.129780363663520
1.129780363663521
1.196314356674901
1.196314356674901
1.196314356674901
1.196314356674901
1.196314356674901
1.196314356674901
1.196314356674901
1.196314356674901
1.211696157742897
1.211696157742898
1.211696157742898
1.211696157742898
1.428408630798988
1.428408630798988
1.428408630798988
1.428408630798988
1.451683172028459
1.451683172028459
1.451683172028459
1.451683172028459
1.473102357621088
1.473102357621088
1.473102357621088
1.473102357621088
1.473102357621089
1.473102357621089
1.473102357621089
1.473102357621089
1.544717908016723
1.544717908016723
1.544717908016723
1.544717908016723
1.544717908016723
1.544717908016723
1.544717908016723
1.544717908016723
1.550103842268463
1.550103842268463
1.550103842268463
1.550103842268463
1.593751595776228
1.593751595776228
1.593751595776228
1.593751595776228
1.655371279355606
1.655371279355606
1.655371279355606
1.655371279355606
1.659689004772115
1.659689004772115
1.885740702594133
1.885740702594133
1.885740702594133
1.885740702594133
1.885740702594133
1.885740702594133
1.885740702594133
1.885740702594133
1.972922937326942
1.972922937326942
1.972922937326942
1.972922937326942
1.972922937326942
1.972922937326942
1.972922937326942
1.972922937326942
2.006410407491636
2.006410407491636
2.006410407491636
2.006410407491636
2.189256769575719
2.189256769575719
2.189256769575719
2.189256769575719
2.229062696551701
2.229062696551701
2.229062696551701
2.229062696551701
2.229062696551701
2.229062696551701
2.229062696551701
2.229062696551701
2.305604164107294
2.305604164107295
2.321326488668764
2.321326488668764
2.321326488668764
2.321326488668764
2.321326488668764
2.321326488668764
2.321326488668764
2.321326488668764
2.344818092017202
2.344818092017202
2.344818092017202
2.344818092017202
2.349711934706840
2.349711934706840
2.349711934706841
2.349711934706841
2.431979860007647
2.431979860007647
2.431979860007647
2.431979860007647
2.454403254520854
2.454403254520854
2.755064408270899
2.755064408270899
2.755064408270899
2.755064408270899
2.847445162617331
2.847445162617331
2.847445162617331
2.847445162617331
2.883605940799942
2.883605940799942
3.053331702936392
3.053331702936392
3.098386402228467
3.098386402228467
3.098386402228467
3.098386402228467
3.195848713959152
3.195848713959152
3.195848713959153
3.195848713959153
3.219035640383606
3.219035640383606
3.222013625325508
3.222013625325508
3.306502085298036
3.306502085298036
3.331598787829160
Kgrid: 13
-2.357022603955159
-1.964185503295965
-1.571348402636772
-1.178511301977579
-0.785674201318386
-0.392837100659193
0.000000000000000
0.392837100659193
0.785674201318386
1.178511301977579
1.571348402636772
1.964185503295965
2.357022603955159
Davidson lowest eigenvalues at each iteration: 5
0.014173012885395
-0.074206288926457
-0.074564028558310
-0.074564028558310
-0.074564028558311
DavVals: 20
0.014173012885395
0.014173012885395
0.042843543089741
0.042843543089742
-0.074206288926457
-0.074206288926455
-0.008877202926201
-0.008877202926201
-0.074564028558310
-0.074564028558310
-0.009001676988030
-0.009001676988029
-0.074564028558310
-0.074564028558310
-0.009001676988030
-0.009001676988030
-0.074564028558311
-0.074564028558310
-0.009001676988030
-0.009001676988030
Davidson Times Per Iteration: 5
0.201589558000000
0.108292058000000
0.114665215000000
0.101794308000000
0.105062925000000

                            End of Section: Vectors                            

--------------------------------------------------------------------------------

                                    Matrices                                    

--------------------------------------------------------------------------------

Occupied States: 29 x 2
        3        6
        4        4
        4        5
        4        6
        4        7
        4        8
        5        4
        5        5
        5        6
        5        7
        5        8
        6        3
        6        4
        6        5
        6        6
        6        7
        6        8
        6        9
        7        4
        7        5
        7        6
        7        7
        7        8
        8        4
        8        5
        8        6
        8        7
        8        8
        9        6
Virtual States: 115 x 2
         0         0
         0         1
         0         2
         0         3
         0         4
         0         5
         0         6
         0         7
         0         8
         0         9
         0        10
         0        11
         1         0
         1         1
         1         2
         1         3
         1         4
         1         5
         1         6
         1         7
         1         8
         1         9
         1        10
         1        11
         2         0
         2         1
         2         2
         2         3
         2         4
         2         5
         2         6
         2         7
         2         8
         2         9
         2        10
         2        11
         3         0
         3         1
         3         2
         3         3
         3         4
         3         5
         3         7
         3         8
         3         9
         3        10
         3        11
         4         0
         4         1
         4         2
         4         3
         4         9
         4        10
         4        11
         5         0
         5         1
         5         2
         5         3
         5         9
         5        10
         5        11
         6         0
         6         1
         6         2
         6        10
         6        11
         7         0
         7         1
         7         2
         7         3
         7         9
         7        10
         7        11
         8         0
         8         1
         8         2
         8         3
         8         9
         8        10
         8        11
         9         0
         9         1
         9         2
         9         3
         9         4
         9         5
         9         7
         9         8
         9         9
         9        10
         9        11
        10         0
        10         1
        10         2
        10         3
        10         4
        10         5
        10         6
        10         7
        10         8
        10         9
        10        10
        10        11
        11         0
        11         1
        11         2
        11         3
        11         4
        11         5
        11         6
        11         7
        11         8
        11         9
        11        10
        11        11
Excitations: 197 x 2
           17           58
           17           70
           11           69
           11           57
           11           76
           17           77
           11           50
           17           51
            1           84
            1           40
           27           43
           23           40
           27           87
           23           84
            5           43
            5           87
            4           86
           26           86
            2           85
           24           85
            2           41
           26           42
            4           42
           24           41
            0           97
            0           30
           28           97
           28           30
            6           40
           10           87
           10           43
            6           84
           18           84
           18           40
           22           43
           22           87
           11           39
           17           88
           11           83
           17           44
            9           86
            7           85
           19           85
           21           86
            9           42
            7           41
           21           42
           19           41
           12           84
           12           40
           16           87
           16           43
           15           86
           13           85
           13           41
           15           42
            1           95
            1           28
           27           32
            5           99
           27           99
           23           28
           23           95
            5           32
           26           98
            2           96
            4           98
           26           31
            2           29
           24           29
            4           31
           24           96
            3           97
            3           30
           25           97
           25           30
            0          109
            0           18
           28           18
           28          109
           11           27
           17          100
           17           33
           11           94
           10           99
            6           95
           22           99
           18           95
            6           28
           22           32
           18           28
           10           32
           19           29
           19           96
            7           29
            7           96
           21           31
            9           98
            9           31
           21           98
           20           97
           20           30
            8           97
            8           30
           12           95
           12           28
           16           99
           16           32
           15           98
           15           31
           13           29
           13           96
           14           30
           14           97
           27           20
           23           16
            1           16
           23          107
           27          111
            1          107
            5          111
            5           20
           26           19
            2          108
           24          108
           24           17
           26          110
            4           19
            4          110
            2           17
           25          109
            3          109
           25           18
            3           18
           17           21
           17          112
           11           15
           11          106
            6           16
           22          111
           10           20
           22           20
           10          111
            6          107
           18           16
           18          107
            0            6
           28            6
           21          110
            9          110
            7           17
            9           19
           19          108
           19           17
            7          108
           21           19
           20          109
           20           18
            8          109
            8           18
           12           16
           12          107
           16          111
           16           20
           15           19
           15          110
           13           17
           13          108
           14          109
           14           18
            5            8
           23            4
           27            8
            1            4
           24            5
            2            5
            4            7
           26            7
           25            6
            3            6
           11            3
           17            9
           18            4
            6            4
           10            8
           22            8
            9            7
            7            5
           19            5
           21            7
           16            8
           12            4
           20            6
            8            6
           15            7
           13            5
           14            6

                            End of Section: Matrices                            

################################################################################

                              End of Output File.                              

################################################################################
