################################################################################

            Output File for HFS, the Hartree-Fock Stability Program            
                              Author: Evan Curtin                              
             Institution: University of Illinois @ Urbana-Champaign             
                          email: ecurtin2@illinois.edu                          
                       Built on Oct 21 2016, at 17:11:28                       

################################################################################

                Computation Started : Fri Oct 21 17:56:57 2016
                
                Computation Finished: Fri Oct 21 17:56:58 2016
                
                     Total Elapsed Time = 0.563462 seconds.                     

--------------------------------------------------------------------------------

                                     Input                                     

--------------------------------------------------------------------------------

Nk = 11
ndim = 2
rs = 1.200000000000000

                             End of Section: Input                             

--------------------------------------------------------------------------------

                                     Output                                     

--------------------------------------------------------------------------------

deltaK = 0.471404520791032
kf = 1.178511301977579
kmax = 2.357022603955159
Nocc = 21
Nvir = 79
Nexc = 117
ground_state_degeneracy = 8
dav_its = 8
num_guess_evecs = 80
Dav_blocksize = 20
Dav_Num_evals = 8
Dav_time = 0.539662485000000
Mv_time = 0.000717891000000
Davidson Tolerance = 1.00e-08
Dav_minits = 5
Dav_maxits = 30
Dav_maxsubsize = 3000
Davidson_Stopping_Criteria = All Norms in Block Converged
full_diag_min = 0.111856109137337
full_diag_time = 0.023429137000000

                             End of Section: Output                             

--------------------------------------------------------------------------------

                                    Vectors                                    

--------------------------------------------------------------------------------

Occ Energies: 21
-0.068632380520457
-0.233601864084699
-0.068632380520457
-0.068632380520457
-0.557668190135659
-0.715963711953258
-0.557668190135659
-0.068632380520457
-0.233601864084699
-0.715963711953258
-0.870284009449800
-0.715963711953258
-0.233601864084699
-0.068632380520457
-0.557668190135659
-0.715963711953258
-0.557668190135660
-0.068632380520457
-0.068632380520457
-0.233601864084699
-0.068632380520458
Vir Energies: 79
5.291848392433480
4.282531498113788
3.477875016119095
2.888739839759350
2.529681121433538
2.408807609617332
2.529681121433538
2.888739839759349
3.477875016119094
4.282531498113788
4.282531498113788
3.271558856848782
2.461707321758456
1.863809162880740
1.495781370802262
1.371198723606319
1.495781370802262
1.863809162880740
2.461707321758456
3.271558856848781
3.477875016119095
2.461707321758456
1.634757216650932
1.003827503092237
0.592076368487147
0.452079671038318
0.592076368487146
1.003827503092237
1.634757216650931
2.461707321758456
2.888739839759350
1.863809162880740
1.003827503092237
0.301253910952003
0.301253910952002
1.003827503092237
1.863809162880739
2.529681121433538
1.495781370802262
0.592076368487147
0.592076368487146
1.495781370802262
2.408807609617332
1.371198723606319
0.452079671038318
0.452079671038318
1.371198723606318
2.529681121433538
1.495781370802262
0.592076368487146
0.592076368487146
1.495781370802261
2.888739839759349
1.863809162880740
1.003827503092236
0.301253910952002
0.301253910952002
1.003827503092236
1.863809162880739
3.477875016119094
2.461707321758456
1.634757216650931
1.003827503092237
0.592076368487146
0.452079671038318
0.592076368487146
1.003827503092236
1.634757216650931
2.461707321758455
4.282531498113788
3.271558856848781
2.461707321758456
1.863809162880739
1.495781370802262
1.371198723606318
1.495781370802261
1.863809162880739
2.461707321758455
3.271558856848781
Excitation Energies: 117
0.369886291472459
0.369886291472459
0.369886291472459
0.369886291472459
0.369886291472459
0.369886291472460
0.369886291472460
0.369886291472460
0.534855775036701
0.534855775036701
0.534855775036701
0.534855775036701
0.660708749007603
0.660708749007603
0.660708749007603
0.660708749007603
0.660708749007604
0.660708749007604
0.660708749007604
0.660708749007604
0.685681535123016
0.685681535123017
0.685681535123017
0.685681535123017
1.072459883612693
1.072459883612693
1.072459883612694
1.072459883612694
1.072459883612694
1.072459883612694
1.072459883612694
1.072459883612694
1.149744558622805
1.149744558622805
1.149744558622805
1.149744558622806
1.149744558622806
1.149744558622806
1.149744558622806
1.149744558622806
1.168043382991575
1.168043382991576
1.168043382991576
1.168043382991576
1.237429367176935
1.237429367176935
1.237429367176936
1.237429367176936
1.308040080440404
1.308040080440404
1.308040080440404
1.308040080440404
1.322363680488118
1.322363680488119
1.564413751322719
1.564413751322719
1.564413751322719
1.564413751322719
1.564413751322719
1.564413751322719
1.564413751322719
1.564413751322720
1.604800587691017
1.604800587691017
1.604800587691017
1.604800587691018
1.932441543401196
1.932441543401196
1.932441543401196
1.932441543401197
1.932441543401197
1.932441543401197
1.932441543401197
1.932441543401197
2.053449560937921
2.053449560937921
2.053449560937921
2.053449560937922
2.053449560937922
2.053449560937922
2.053449560937922
2.053449560937922
2.087162435559576
2.087162435559576
2.087162435559576
2.087162435559577
2.097411026965438
2.097411026965438
2.097411026965439
2.097411026965439
2.211745082755519
2.211745082755519
2.211745082755520
2.211745082755520
2.241482733056118
2.241482733056119
2.598313501953995
2.598313501953996
2.598313501953996
2.598313501953996
2.642409473702030
2.642409473702031
2.957372220279807
2.957372220279807
2.957372220279807
2.957372220279807
3.087349311569198
3.087349311569198
3.087349311569198
3.087349311569199
3.122341703844048
3.122341703844048
3.124771321570589
3.124771321570590
3.245644833386796
3.245644833386796
3.279091619067132
Kgrid: 11
-2.357022603955159
-1.885618083164127
-1.414213562373095
-0.942809041582064
-0.471404520791032
0.000000000000000
0.471404520791031
0.942809041582063
1.414213562373095
1.885618083164126
2.357022603955159
Davidson lowest eigenvalues at each iteration: 8
0.321551633699246
0.170321142574188
0.112064487183648
0.111857068207918
0.111856112321183
0.111856109140274
0.111856109137344
0.111856109137335
DavVals: 64
0.321551633699246
0.321551633699246
0.326677272014282
0.328483485381973
0.382731231281878
0.382802712284067
0.385004405807179
0.385004405807179
0.170321142574188
0.217321426819037
0.219560399243311
0.256422832846594
0.256422832846595
0.330598029214662
0.330700089507630
0.375178075516313
0.112064487183648
0.174261795906868
0.174324698706426
0.256163268936626
0.256163268936627
0.325608376838640
0.325612259518141
0.365700706733417
0.111857068207918
0.173802502635345
0.173803443266814
0.256163268936627
0.256163268936627
0.325597202562134
0.325597210009789
0.365303322841737
0.111856112321183
0.173802170241950
0.173802235772646
0.256163268936627
0.256163268936627
0.325597201601082
0.325597201942204
0.365303081561291
0.111856109140274
0.173802170042287
0.173802170217514
0.256163268936626
0.256163268936627
0.325597201601065
0.325597201601939
0.365303081019045
0.111856109137344
0.173802170041526
0.173802170042379
0.256163268936626
0.256163268936626
0.325597201601064
0.325597201601069
0.365303081011109
0.111856109137335
0.173802170041523
0.173802170041524
0.256163268936624
0.256163268936626
0.325597201601065
0.325597201601065
0.365303081011061
Davidson Times Per Iteration: 8
0.088365432000000
0.049759655000000
0.048946066000000
0.051243512000000
0.055271958000000
0.058702022000000
0.061270647000000
0.064209304000000

                            End of Section: Vectors                            

--------------------------------------------------------------------------------

                                    Matrices                                    

--------------------------------------------------------------------------------

Occupied States: 21 x 2
        3        4
        3        5
        3        6
        4        3
        4        4
        4        5
        4        6
        4        7
        5        3
        5        4
        5        5
        5        6
        5        7
        6        3
        6        4
        6        5
        6        6
        6        7
        7        4
        7        5
        7        6
Virtual States: 79 x 2
        0        0
        0        1
        0        2
        0        3
        0        4
        0        5
        0        6
        0        7
        0        8
        0        9
        1        0
        1        1
        1        2
        1        3
        1        4
        1        5
        1        6
        1        7
        1        8
        1        9
        2        0
        2        1
        2        2
        2        3
        2        4
        2        5
        2        6
        2        7
        2        8
        2        9
        3        0
        3        1
        3        2
        3        3
        3        7
        3        8
        3        9
        4        0
        4        1
        4        2
        4        8
        4        9
        5        0
        5        1
        5        2
        5        8
        5        9
        6        0
        6        1
        6        2
        6        8
        6        9
        7        0
        7        1
        7        2
        7        3
        7        7
        7        8
        7        9
        8        0
        8        1
        8        2
        8        3
        8        4
        8        5
        8        6
        8        7
        8        8
        8        9
        9        0
        9        1
        9        2
        9        3
        9        4
        9        5
        9        6
        9        7
        9        8
        9        9
Excitations: 117 x 2
         7        56
         3        55
        13        55
        17        56
         7        34
        17        34
         3        33
        13        33
         8        55
        12        56
         8        33
        12        34
         0        63
         2        65
        20        65
        18        63
         2        26
         0        24
        20        26
        18        24
         1        64
        19        64
         1        25
        19        25
         7        66
        17        66
        13        62
         3        62
        13        23
         7        27
         3        23
        17        27
        14        63
         6        65
         4        63
         4        24
        16        65
         6        26
        14        24
        16        26
         5        64
         5        25
        15        64
        15        25
        12        66
         8        62
        12        27
         8        23
        11        65
         9        63
        11        26
         9        24
        10        64
        10        25
         0        73
         2        75
        20        75
        18        73
         2        16
        20        16
         0        14
        18        14
         1        74
         1        15
        19        74
        19        15
         3        72
        13        72
         7        76
        17        76
         7        17
        17        17
         3        13
        13        13
         4        73
         6        75
        14        73
        16        16
         6        16
        16        75
        14        14
         4        14
         5        74
        15        74
         5        15
        15        15
         8        72
        12        76
        12        17
         8        13
         9        73
        11        75
         9        14
        11        16
        10        74
        10        15
         0         4
        20         6
         2         6
        18         4
         1         5
        19         5
        17         7
         7         7
        13         3
         3         3
        14         4
         6         6
         4         4
        16         6
        12         7
         8         3
         5         5
        15         5
         9         4
        11         6
        10         5

                            End of Section: Matrices                            

################################################################################

                              End of Output File.                              

################################################################################
