################################################################################

            Output File for HFS, the Hartree-Fock Stability Program            
                              Author: Evan Curtin                              
             Institution: University of Illinois @ Urbana-Champaign             
                          email: ecurtin2@illinois.edu                          
                       Built on Oct 21 2016, at 17:11:28                       

################################################################################

                Computation Started : Fri Oct 21 17:57:29 2016
                
                Computation Finished: Fri Oct 21 17:59:02 2016
                
                     Total Elapsed Time = 92.9752 seconds.                     

--------------------------------------------------------------------------------

                                     Input                                     

--------------------------------------------------------------------------------

Nk = 24
ndim = 2
rs = 1.200000000000000

                             End of Section: Input                             

--------------------------------------------------------------------------------

                                     Output                                     

--------------------------------------------------------------------------------

deltaK = 0.204958487300448
kf = 1.178511301977579
kmax = 2.357022603955159
Nocc = 112
Nvir = 417
Nexc = 1440
ground_state_degeneracy = 8
dav_its = 20
num_guess_evecs = 80
Dav_blocksize = 20
Dav_Num_evals = 8
Dav_time = 59.161719495000000
Mv_time = 0.044085727000000
Davidson Tolerance = 1.00e-08
Dav_minits = 5
Dav_maxits = 30
Dav_maxsubsize = 3000
Davidson_Stopping_Criteria = All Norms in Block Converged
full_diag_min = 0.029154368778827
full_diag_time = 33.805739895999999

                             End of Section: Output                             

--------------------------------------------------------------------------------

                                    Vectors                                    

--------------------------------------------------------------------------------

Occ Energies: 112
-0.001695413099882
-0.074722991243549
-0.074722991243549
-0.001695413099882
-0.000485993033847
-0.198881776987129
-0.334894894491147
-0.401839361779931
-0.401839361779930
-0.334894894491147
-0.198881776987129
-0.000485993033847
-0.000485993033847
-0.271354474305911
-0.462180054713497
-0.586330602106622
-0.647994550071563
-0.647994550071564
-0.586330602106621
-0.462180054713497
-0.271354474305910
-0.000485993033847
-0.198881776987128
-0.462180054713497
-0.647269478656433
-0.767611283910638
-0.827166135312580
-0.827166135312580
-0.767611283910638
-0.647269478656433
-0.462180054713496
-0.198881776987128
-0.001695413099882
-0.334894894491147
-0.586330602106621
-0.767611283910638
-0.885975274172412
-0.944564998182254
-0.944564998182254
-0.885975274172412
-0.767611283910638
-0.586330602106621
-0.334894894491147
-0.001695413099883
-0.074722991243549
-0.401839361779930
-0.647994550071563
-0.827166135312580
-0.944564998182253
-1.002732615734043
-1.002732615734043
-0.944564998182253
-0.827166135312580
-0.647994550071563
-0.401839361779930
-0.074722991243549
-0.074722991243549
-0.401839361779930
-0.647994550071563
-0.827166135312579
-0.944564998182253
-1.002732615734043
-1.002732615734043
-0.944564998182252
-0.827166135312579
-0.647994550071562
-0.401839361779930
-0.074722991243549
-0.001695413099882
-0.334894894491147
-0.586330602106621
-0.767611283910637
-0.885975274172411
-0.944564998182253
-0.944564998182253
-0.885975274172411
-0.767611283910638
-0.586330602106621
-0.334894894491146
-0.001695413099882
-0.198881776987128
-0.462180054713496
-0.647269478656432
-0.767611283910637
-0.827166135312579
-0.827166135312580
-0.767611283910637
-0.647269478656432
-0.462180054713496
-0.198881776987128
-0.000485993033847
-0.271354474305911
-0.462180054713496
-0.586330602106621
-0.647994550071563
-0.647994550071563
-0.586330602106621
-0.462180054713496
-0.271354474305910
-0.000485993033847
-0.000485993033847
-0.198881776987128
-0.334894894491146
-0.401839361779930
-0.401839361779930
-0.334894894491146
-0.198881776987128
-0.000485993033847
-0.001695413099882
-0.074722991243550
-0.074722991243549
-0.001695413099882
Vir Energies: 417
5.288481468799452
4.824520387080919
4.398855513018676
4.011914639027492
3.664216740739457
3.356359312138538
3.089545025346224
2.865195570189273
2.684371661635915
2.547828099651598
2.456295457803008
2.410363301445354
2.410363301445354
2.456295457803008
2.547828099651598
2.684371661635915
2.865195570189274
3.089545025346224
3.356359312138538
3.664216740739458
4.011914639027493
4.398855513018677
4.824520387080919
4.824520387080919
4.360501261292077
3.934660620034050
3.547422235363844
3.199300973288740
2.890894915076813
2.623419556590979
2.398337971364700
2.216771031687772
2.079544454306676
1.987479022244644
1.941252873000960
1.941252873000961
1.987479022244644
2.079544454306676
2.216771031687773
2.398337971364700
2.623419556590980
2.890894915076814
3.199300973288740
3.547422235363846
3.934660620034050
4.360501261292077
4.398855513018676
3.934660620034050
3.508286681266052
3.120141782136400
2.770722416485038
2.460620518164236
2.191081821882153
1.963688079710000
1.779739996749853
1.640286521652722
1.546455649845829
1.499246142838230
1.499246142838230
1.546455649845829
1.640286521652722
1.779739996749854
1.963688079710000
2.191081821882153
2.460620518164237
2.770722416485038
3.120141782136401
3.508286681266053
3.934660620034050
4.011914639027492
3.547422235363845
3.120141782136400
2.730441889205707
2.378765334717743
2.065661866557021
1.792403410687271
1.560746078322363
1.372270062097537
1.228407840147190
1.130940235415827
1.081670836320132
1.081670836320132
1.130940235415827
1.228407840147190
1.372270062097538
1.560746078322363
1.792403410687271
2.065661866557021
2.378765334717744
2.730441889205708
3.120141782136401
3.547422235363845
3.664216740739457
3.199300973288740
2.770722416485038
2.378765334717743
2.023742595279674
1.706059398567757
1.426934901651965
1.188295258469070
0.992071960785281
0.840067915863752
0.735236020968262
0.681797274899941
0.681797274899941
0.735236020968262
0.840067915863753
0.992071960785281
1.188295258469070
1.426934901651965
1.706059398567758
2.023742595279675
2.378765334717744
2.770722416485039
3.199300973288740
3.356359312138538
2.890894915076814
2.460620518164236
2.065661866557021
1.706059398567757
1.381845438322086
1.093865701196507
0.843932585871125
0.634616956901313
0.467191722095037
0.343177763260337
0.280978779987328
0.280978779987328
0.343177763260338
0.467191722095037
0.634616956901313
0.843932585871126
1.093865701196507
1.381845438322087
1.706059398567757
2.065661866557021
2.460620518164237
2.890894915076814
3.089545025346224
2.623419556590979
2.191081821882153
1.792403410687271
1.426934901651965
1.093865701196507
0.792698553265226
0.523174418147103
0.288041224455552
0.098034616644278
0.098034616644278
0.288041224455552
0.523174418147103
0.792698553265226
1.093865701196508
1.426934901651966
1.792403410687272
2.191081821882154
2.623419556590979
2.865195570189273
2.398337971364700
1.963688079710000
1.560746078322363
1.188295258469070
0.843932585871126
0.523174418147103
0.219254443307622
0.219254443307621
0.523174418147103
0.843932585871126
1.188295258469070
1.560746078322364
1.963688079710001
2.398337971364700
2.684371661635915
2.216771031687772
1.779739996749853
1.372270062097538
0.992071960785281
0.634616956901313
0.288041224455551
0.288041224455551
0.634616956901314
0.992071960785282
1.372270062097538
1.779739996749854
2.216771031687772
2.547828099651598
2.079544454306676
1.640286521652722
1.228407840147190
0.840067915863753
0.467191722095037
0.098034616644278
0.098034616644278
0.467191722095038
0.840067915863753
1.228407840147191
1.640286521652723
2.079544454306676
2.456295457803008
1.987479022244644
1.546455649845829
1.130940235415827
0.735236020968263
0.343177763260337
0.343177763260338
0.735236020968263
1.130940235415828
1.546455649845830
1.987479022244644
2.410363301445354
1.941252873000961
1.499246142838230
1.081670836320132
0.681797274899941
0.280978779987328
0.280978779987329
0.681797274899942
1.081670836320133
1.499246142838231
1.941252873000960
2.410363301445354
1.941252873000960
1.499246142838230
1.081670836320133
0.681797274899941
0.280978779987328
0.280978779987329
0.681797274899942
1.081670836320133
1.499246142838231
1.941252873000961
2.456295457803008
1.987479022244644
1.546455649845829
1.130940235415827
0.735236020968263
0.343177763260337
0.343177763260338
0.735236020968263
1.130940235415828
1.546455649845830
1.987479022244644
2.547828099651598
2.079544454306676
1.640286521652722
1.228407840147191
0.840067915863753
0.467191722095037
0.098034616644278
0.098034616644277
0.467191722095038
0.840067915863753
1.228407840147191
1.640286521652723
2.079544454306676
2.684371661635915
2.216771031687773
1.779739996749854
1.372270062097538
0.992071960785282
0.634616956901313
0.288041224455552
0.288041224455552
0.634616956901314
0.992071960785282
1.372270062097539
1.779739996749855
2.216771031687773
2.865195570189273
2.398337971364700
1.963688079710000
1.560746078322363
1.188295258469070
0.843932585871126
0.523174418147103
0.219254443307621
0.219254443307621
0.523174418147103
0.843932585871127
1.188295258469071
1.560746078322364
1.963688079710002
2.398337971364700
3.089545025346224
2.623419556590979
2.191081821882154
1.792403410687271
1.426934901651965
1.093865701196508
0.792698553265226
0.523174418147103
0.288041224455551
0.098034616644278
0.098034616644278
0.288041224455552
0.523174418147103
0.792698553265226
1.093865701196508
1.426934901651966
1.792403410687272
2.191081821882154
2.623419556590979
3.356359312138538
2.890894915076814
2.460620518164237
2.065661866557021
1.706059398567758
1.381845438322087
1.093865701196508
0.843932585871126
0.634616956901314
0.467191722095038
0.343177763260338
0.280978779987329
0.280978779987328
0.343177763260338
0.467191722095038
0.634616956901314
0.843932585871127
1.093865701196508
1.381845438322088
1.706059398567758
2.065661866557022
2.460620518164238
2.890894915076814
3.664216740739458
3.199300973288741
2.770722416485038
2.378765334717744
2.023742595279675
1.706059398567758
1.426934901651966
1.188295258469071
0.992071960785282
0.840067915863754
0.735236020968263
0.681797274899942
0.681797274899942
0.735236020968263
0.840067915863754
0.992071960785282
1.188295258469071
1.426934901651966
1.706059398567758
2.023742595279675
2.378765334717745
2.770722416485039
3.199300973288740
4.011914639027493
3.547422235363846
3.120141782136401
2.730441889205708
2.378765334717744
2.065661866557021
1.792403410687272
1.560746078322364
1.372270062097539
1.228407840147192
1.130940235415828
1.081670836320134
1.081670836320134
1.130940235415828
1.228407840147192
1.372270062097539
1.560746078322365
1.792403410687272
2.065661866557022
2.378765334717745
2.730441889205709
3.120141782136402
3.547422235363846
4.398855513018677
3.934660620034050
3.508286681266053
3.120141782136401
2.770722416485039
2.460620518164237
2.191081821882154
1.963688079710001
1.779739996749854
1.640286521652723
1.546455649845830
1.499246142838231
1.499246142838231
1.546455649845830
1.640286521652723
1.779739996749855
1.963688079710002
2.191081821882154
2.460620518164238
2.770722416485039
3.120141782136402
3.508286681266054
3.934660620034050
4.824520387080919
4.360501261292077
3.934660620034049
3.547422235363845
3.199300973288740
2.890894915076813
2.623419556590980
2.398337971364700
2.216771031687773
2.079544454306676
1.987479022244644
1.941252873000961
1.941252873000961
1.987479022244644
2.079544454306676
2.216771031687773
2.398337971364700
2.623419556590979
2.890894915076814
3.199300973288740
3.547422235363845
3.934660620034049
4.360501261292077
Excitation Energies: 1440
0.099730029744160
0.099730029744160
0.099730029744160
0.099730029744160
0.099730029744160
0.099730029744160
0.099730029744160
0.099730029744160
0.172757607887827
0.172757607887827
0.172757607887827
0.172757607887827
0.172757607887827
0.172757607887827
0.172757607887827
0.172757607887827
0.219740436341468
0.219740436341468
0.219740436341468
0.219740436341468
0.219740436341468
0.219740436341468
0.219740436341468
0.219740436341468
0.288527217489398
0.288527217489398
0.288527217489398
0.288527217489398
0.288527217489398
0.288527217489399
0.288527217489399
0.288527217489399
0.289736637555433
0.289736637555434
0.289736637555434
0.289736637555434
0.289736637555434
0.289736637555434
0.289736637555434
0.289736637555434
0.296916393631406
0.296916393631406
0.296916393631406
0.296916393631406
0.296916393631406
0.296916393631407
0.296916393631407
0.296916393631407
0.344873176360219
0.344873176360219
0.344873176360220
0.344873176360220
0.344873176360220
0.344873176360220
0.344873176360220
0.344873176360220
0.355701771230877
0.355701771230877
0.355701771230877
0.355701771230877
0.355701771230877
0.355701771230877
0.355701771230878
0.355701771230878
0.362764215699100
0.362764215699101
0.362764215699101
0.362764215699101
0.362764215699101
0.362764215699101
0.362764215699101
0.362764215699101
0.418136220294749
0.418136220294750
0.418136220294750
0.418136220294750
0.418136220294750
0.418136220294750
0.418136220294750
0.418136220294750
0.523660411180949
0.523660411180949
0.523660411180950
0.523660411180950
0.523660411180950
0.523660411180950
0.523660411180950
0.523660411180950
0.524869831246984
0.524869831246985
0.524869831246985
0.524869831246985
0.524869831246985
0.524869831246985
0.524869831246985
0.524869831246986
0.554149337798768
0.554149337798768
0.554149337798768
0.554149337798768
0.554149337798768
0.554149337798768
0.554149337798768
0.554149337798768
0.559395698761462
0.559395698761462
0.559395698761462
0.559395698761462
0.559395698761462
0.559395698761462
0.559395698761462
0.559395698761463
0.560214671357774
0.560214671357774
0.560214671357774
0.560214671357774
0.560214671357774
0.560214671357775
0.560214671357775
0.560214671357775
0.597897409390652
0.597897409390652
0.597897409390652
0.597897409390652
0.597897409390652
0.597897409390652
0.597897409390652
0.597897409390653
0.621093805087551
0.621093805087551
0.621093805087551
0.621093805087552
0.621093805087552
0.621093805087552
0.621093805087552
0.621093805087552
0.635102949935160
0.635102949935160
0.635102949935160
0.635102949935160
0.635102949935161
0.635102949935161
0.635102949935161
0.635102949935161
0.666073499082165
0.666073499082165
0.666073499082166
0.666073499082166
0.666073499082166
0.666073499082166
0.666073499082166
0.666073499082166
0.678072657751484
0.678072657751484
0.678072657751484
0.678072657751484
0.678072657751484
0.678072657751484
0.678072657751484
0.678072657751485
0.682818141767258
0.682818141767258
0.682818141767258
0.682818141767258
0.682818141767258
0.682818141767259
0.682818141767259
0.682818141767259
0.722056195134231
0.722056195134231
0.722056195134231
0.722056195134231
0.722056195134231
0.722056195134231
0.722056195134231
0.722056195134231
0.736931434068144
0.736931434068144
0.736931434068144
0.736931434068145
0.736931434068145
0.736931434068145
0.736931434068145
0.736931434068146
0.745304095300710
0.745304095300710
0.745304095300710
0.745304095300710
0.745304095300710
0.745304095300711
0.745304095300711
0.745304095300711
0.750221279169047
0.750221279169047
0.750221279169048
0.750221279169048
0.750221279169048
0.750221279169048
0.750221279169048
0.750221279169048
0.756520266143490
0.756520266143490
0.756520266143490
0.756520266143491
0.756520266143491
0.756520266143491
0.756520266143491
0.756520266143492
0.794393966365108
0.794393966365108
0.794393966365108
0.794393966365109
0.794393966365109
0.794393966365109
0.794393966365109
0.794393966365109
0.844418578904972
0.844418578904972
0.844418578904973
0.844418578904973
0.844418578904973
0.844418578904973
0.844418578904974
0.844418578904974
0.858069312638249
0.858069312638249
0.858069312638249
0.858069312638249
0.858069312638249
0.858069312638249
0.858069312638249
0.858069312638250
0.865645900554915
0.865645900554915
0.865645900554916
0.865645900554916
0.865645900554916
0.865645900554916
0.865645900554916
0.865645900554916
0.867421544508775
0.867421544508775
0.867421544508775
0.867421544508775
0.867421544508776
0.867421544508776
0.867421544508776
0.867421544508776
0.874371826562172
0.874371826562172
0.874371826562173
0.874371826562173
0.874371826562173
0.874371826562173
0.874371826562173
0.874371826562173
0.905971431207223
0.905971431207224
0.905971431207224
0.905971431207224
0.905971431207224
0.905971431207224
0.905971431207225
0.905971431207225
0.925013779927033
0.925013779927033
0.925013779927033
0.925013779927033
0.925013779927033
0.925013779927033
0.925013779927033
0.925013779927033
0.925200751956857
0.925200751956857
0.925200751956857
0.925200751956857
0.925200751956858
0.925200751956858
0.925200751956858
0.925200751956858
0.928973330058890
0.928973330058891
0.928973330058891
0.928973330058891
0.928973330058891
0.928973330058891
0.928973330058892
0.928973330058892
0.929371776808533
0.929371776808533
0.929371776808533
0.929371776808533
0.929371776808533
0.929371776808534
0.929371776808534
0.929371776808534
0.929508365366958
0.929508365366959
0.929508365366959
0.929508365366959
0.929508365366959
0.929508365366959
0.929508365366959
0.929508365366960
0.936035774527114
0.936035774527114
0.936035774527114
0.936035774527114
0.936035774527115
0.936035774527115
0.936035774527115
0.936035774527115
0.992557953819128
0.992557953819128
0.992557953819128
0.992557953819128
0.992557953819129
0.992557953819129
0.992557953819129
0.992557953819129
1.038949692850881
1.038949692850881
1.038949692850881
1.038949692850881
1.038949692850882
1.038949692850882
1.038949692850882
1.038949692850882
1.042814362858254
1.042814362858254
1.042814362858254
1.042814362858254
1.042814362858255
1.042814362858255
1.042814362858255
1.042814362858255
1.070130915459409
1.070130915459409
1.070130915459409
1.070130915459409
1.070130915459409
1.070130915459409
1.070130915459410
1.070130915459410
1.083636636679871
1.083636636679871
1.083636636679871
1.083636636679871
1.083636636679872
1.083636636679872
1.083636636679872
1.083636636679872
1.095561114296389
1.095561114296390
1.095561114296390
1.095561114296390
1.095561114296390
1.095561114296390
1.095561114296391
1.095561114296391
1.096797011614809
1.096797011614809
1.096797011614809
1.096797011614810
1.096797011614810
1.096797011614810
1.096797011614810
1.096797011614810
1.108144915299907
1.108144915299907
1.108144915299908
1.108144915299908
1.108144915299908
1.108144915299908
1.108144915299908
1.108144915299909
1.110789047170975
1.110789047170975
1.110789047170975
1.110789047170975
1.110789047170975
1.110789047170976
1.110789047170976
1.110789047170976
1.114461200751469
1.114461200751469
1.114461200751470
1.114461200751470
1.114461200751470
1.114461200751470
1.114461200751470
1.114461200751470
1.132635648515709
1.132635648515709
1.132635648515709
1.132635648515709
1.132635648515710
1.132635648515710
1.132635648515711
1.132635648515711
1.156393827563681
1.156393827563681
1.156393827563682
1.156393827563682
1.156393827563683
1.156393827563683
1.156393827563683
1.156393827563684
1.168588692440056
1.168588692440057
1.168588692440057
1.168588692440057
1.168588692440057
1.168588692440057
1.168588692440057
1.168588692440057
1.178827480362272
1.178827480362272
1.178827480362272
1.178827480362272
1.178827480362273
1.178827480362273
1.178827480362273
1.178827480362273
1.188781251502916
1.188781251502917
1.188781251502917
1.188781251502917
1.188781251502917
1.188781251502918
1.188781251502918
1.188781251502918
1.220947559007934
1.220947559007934
1.220947559007934
1.220947559007935
1.220947559007935
1.220947559007935
1.220947559007935
1.220947559007936
1.225543778169581
1.225543778169581
1.225543778169581
1.225543778169581
1.225543778169581
1.225543778169582
1.225543778169582
1.225543778169582
1.229153037432749
1.229153037432749
1.229153037432749
1.229153037432750
1.229153037432750
1.229153037432750
1.229153037432750
1.229153037432750
1.234803006005674
1.234803006005674
1.234803006005675
1.234803006005675
1.234803006005675
1.234803006005675
1.234803006005675
1.234803006005675
1.245771947651055
1.245771947651055
1.245771947651056
1.245771947651056
1.245771947651056
1.245771947651056
1.245771947651057
1.245771947651057
1.263426435091191
1.263426435091192
1.263426435091192
1.263426435091192
1.263426435091192
1.263426435091193
1.263426435091193
1.263426435091193
1.282611506972875
1.282611506972876
1.282611506972876
1.282611506972876
1.282611506972876
1.282611506972877
1.282611506972877
1.282611506972877
1.283711395721371
1.283711395721371
1.283711395721371
1.283711395721371
1.283711395721371
1.283711395721371
1.283711395721371
1.283711395721372
1.287742761442590
1.287742761442590
1.287742761442590
1.287742761442591
1.287742761442591
1.287742761442591
1.287742761442591
1.287742761442591
1.294357857407616
1.294357857407616
1.294357857407617
1.294357857407617
1.294357857407617
1.294357857407617
1.294357857407618
1.294357857407618
1.302247970577248
1.302247970577248
1.302247970577249
1.302247970577249
1.302247970577249
1.302247970577249
1.302247970577250
1.302247970577250
1.321566623074883
1.321566623074883
1.321566623074884
1.321566623074884
1.321566623074884
1.321566623074884
1.321566623074885
1.321566623074885
1.329791824971504
1.329791824971504
1.329791824971504
1.329791824971505
1.329791824971505
1.329791824971505
1.329791824971505
1.329791824971505
1.372756055131384
1.372756055131384
1.372756055131384
1.372756055131384
1.372756055131386
1.372756055131386
1.372756055131386
1.372756055131386
1.387177035456198
1.387177035456198
1.387177035456198
1.387177035456198
1.387177035456199
1.387177035456199
1.387177035456199
1.387177035456199
1.427289617134318
1.427289617134319
1.427289617134319
1.427289617134319
1.427289617134320
1.427289617134320
1.427289617134320
1.427289617134320
1.428630314751847
1.428630314751847
1.428630314751847
1.428630314751848
1.428630314751848
1.428630314751848
1.428630314751848
1.428630314751849
1.454252015498777
1.454252015498777
1.454252015498777
1.454252015498778
1.454252015498778
1.454252015498778
1.454252015498778
1.454252015498779
1.465835129906973
1.465835129906973
1.465835129906973
1.465835129906974
1.465835129906975
1.465835129906975
1.465835129906975
1.465835129906975
1.483510198100062
1.483510198100062
1.483510198100062
1.483510198100063
1.483510198100064
1.483510198100064
1.483510198100064
1.483510198100064
1.487337394520185
1.487337394520185
1.487337394520185
1.487337394520185
1.487337394520186
1.487337394520186
1.487337394520186
1.487337394520186
1.501657892895514
1.501657892895514
1.501657892895514
1.501657892895514
1.501657892895515
1.501657892895515
1.501657892895515
1.501657892895515
1.502847304878900
1.502847304878900
1.502847304878900
1.502847304878900
1.502847304878901
1.502847304878901
1.502847304878901
1.502847304878901
1.508963410212520
1.508963410212520
1.508963410212521
1.508963410212521
1.508963410212521
1.508963410212522
1.508963410212522
1.508963410212522
1.523190152960216
1.523190152960217
1.523190152960217
1.523190152960217
1.523190152960217
1.523190152960217
1.523190152960217
1.523190152960217
1.548151062945711
1.548151062945711
1.548151062945711
1.548151062945711
1.548151062945712
1.548151062945712
1.548151062945712
1.548151062945712
1.561232071356210
1.561232071356210
1.561232071356210
1.561232071356210
1.561232071356211
1.561232071356211
1.561232071356211
1.561232071356211
1.573969134081779
1.573969134081779
1.573969134081779
1.573969134081779
1.573969134081780
1.573969134081780
1.573969134081781
1.573969134081781
1.578402562891902
1.578402562891903
1.578402562891903
1.578402562891903
1.578402562891903
1.578402562891903
1.578402562891903
1.578402562891904
1.590134620249000
1.590134620249000
1.590134620249000
1.590134620249000
1.590134620249001
1.590134620249001
1.590134620249001
1.590134620249001
1.607679199774390
1.607679199774390
1.607679199774390
1.607679199774390
1.607679199774391
1.607679199774391
1.607679199774391
1.607679199774391
1.621211295140674
1.621211295140674
1.621211295140674
1.621211295140674
1.621211295140675
1.621211295140675
1.621211295140675
1.621211295140676
1.626362273082194
1.626362273082194
1.626362273082194
1.626362273082194
1.626362273082195
1.626362273082195
1.626362273082196
1.626362273082196
1.640066510856844
1.640066510856844
1.640066510856844
1.640066510856844
1.640066510856845
1.640066510856845
1.640066510856845
1.640066510856845
1.643624536403448
1.643624536403448
1.643624536403448
1.643624536403449
1.643624536403449
1.643624536403449
1.643624536403449
1.643624536403450
1.667234051176332
1.667234051176332
1.667234051176332
1.667234051176332
1.667234051176333
1.667234051176333
1.667234051176333
1.667234051176333
1.679801019150515
1.679801019150515
1.679801019150515
1.679801019150516
1.679801019150516
1.679801019150516
1.679801019150517
1.679801019150517
1.684529890633984
1.684529890633984
1.684529890633984
1.684529890633984
1.684529890633985
1.684529890633985
1.684529890633985
1.684529890633985
1.690587894860686
1.690587894860686
1.690587894860687
1.690587894860687
1.690587894860688
1.690587894860688
1.690587894860688
1.690587894860689
1.717270837522448
1.717270837522448
1.717270837522449
1.717270837522449
1.717270837522449
1.717270837522449
1.717270837522450
1.717270837522450
1.729665386391695
1.729665386391695
1.729665386391696
1.729665386391696
1.729665386391697
1.729665386391697
1.729665386391697
1.729665386391697
1.759627855309491
1.759627855309492
1.759627855309492
1.759627855309492
1.759627855309493
1.759627855309493
1.759627855309493
1.759627855309493
1.780225989783700
1.780225989783700
1.780225989783700
1.780225989783700
1.780225989783701
1.780225989783701
1.780225989783701
1.780225989783701
1.794098823787153
1.794098823787153
1.794098823787153
1.794098823787153
1.794098823787154
1.794098823787154
1.794098823787154
1.794098823787154
1.834450116811033
1.834450116811033
1.834450116811034
1.834450116811034
1.834450116811035
1.834450116811035
1.834450116811035
1.834450116811035
1.839168298639850
1.839168298639850
1.839168298639851
1.839168298639851
1.839168298639851
1.839168298639852
1.839168298639852
1.839168298639852
1.867126401930820
1.867126401930820
1.867126401930820
1.867126401930820
1.867126401930821
1.867126401930821
1.867126401930821
1.867126401930821
1.875677318803622
1.875677318803622
1.875677318803623
1.875677318803623
1.875677318803624
1.875677318803624
1.875677318803624
1.875677318803624
1.881350544336975
1.881350544336975
1.881350544336975
1.881350544336976
1.881350544336976
1.881350544336976
1.881350544336977
1.881350544336977
1.895640972813510
1.895640972813510
1.895640972813510
1.895640972813510
1.895640972813511
1.895640972813511
1.895640972813511
1.895640972813511
1.898551519326464
1.898551519326464
1.898551519326465
1.898551519326465
1.898551519326466
1.898551519326466
1.898551519326466
1.898551519326467
1.901085504618160
1.901085504618160
1.901085504618160
1.901085504618160
1.901085504618161
1.901085504618161
1.901085504618162
1.901085504618162
1.908836971632712
1.908836971632712
1.908836971632712
1.908836971632712
1.908836971632713
1.908836971632713
1.908836971632714
1.908836971632714
1.958600664204158
1.958600664204159
1.958600664204159
1.958600664204159
1.958600664204160
1.958600664204160
1.958600664204160
1.958600664204160
1.962585440102293
1.962585440102293
1.962585440102294
1.962585440102294
1.962585440102294
1.962585440102294
1.962585440102295
1.962585440102295
1.964174072743847
1.964174072743847
1.964174072743847
1.964174072743847
1.964174072743848
1.964174072743848
1.964174072743848
1.964174072743848
1.989174435344526
1.989174435344526
1.989174435344526
1.989174435344526
1.989174435344526
1.989174435344526
1.989174435344526
1.989174435344526
1.996019124057828
1.996019124057828
1.996019124057828
1.996019124057828
1.996019124057829
1.996019124057829
1.996019124057830
1.996019124057830
2.015975864244509
2.015975864244509
2.015975864244510
2.015975864244510
2.015975864244510
2.015975864244510
2.015975864244510
2.015975864244510
2.016915509588238
2.016915509588238
2.016915509588239
2.016915509588239
2.016915509588240
2.016915509588240
2.016915509588241
2.016915509588241
2.020264612169100
2.020264612169100
2.020264612169100
2.020264612169100
2.020264612169101
2.020264612169102
2.020264612169102
2.020264612169102
2.026235834502385
2.026235834502385
2.026235834502386
2.026235834502386
2.026235834502387
2.026235834502387
2.026235834502387
2.026235834502388
2.051094471055763
2.051094471055763
2.051094471055764
2.051094471055764
2.051094471055765
2.051094471055765
2.051094471055765
2.051094471055765
2.055573975459770
2.055573975459770
2.055573975459770
2.055573975459770
2.055573975459771
2.055573975459771
2.055573975459771
2.055573975459771
2.075505233598079
2.075505233598080
2.075505233598080
2.075505233598080
2.075505233598081
2.075505233598081
2.075505233598081
2.075505233598082
2.084403452054175
2.084403452054175
2.084403452054175
2.084403452054175
2.084403452054176
2.084403452054177
2.084403452054177
2.084403452054177
2.102466576366218
2.102466576366218
2.102466576366218
2.102466576366218
2.102466576366219
2.102466576366219
2.102466576366220
2.102466576366220
2.132786251952449
2.132786251952450
2.132786251952450
2.132786251952450
2.132786251952451
2.132786251952451
2.132786251952452
2.132786251952452
2.147240692909793
2.147240692909793
2.147240692909793
2.147240692909794
2.147240692909794
2.147240692909794
2.147240692909794
2.147240692909795
2.162569856697128
2.162569856697128
2.162569856697129
2.162569856697129
2.162569856697130
2.162569856697130
2.162569856697130
2.162569856697130
2.192777234982035
2.192777234982035
2.192777234982036
2.192777234982036
2.192777234982036
2.192777234982036
2.192777234982037
2.192777234982037
2.217257024721619
2.217257024721619
2.217257024721619
2.217257024721619
2.217257024721620
2.217257024721620
2.217257024721620
2.217257024721620
2.241920051463349
2.241920051463349
2.241920051463349
2.241920051463349
2.241920051463350
2.241920051463350
2.241920051463351
2.241920051463351
2.265804813125702
2.265804813125702
2.265804813125702
2.265804813125702
2.265804813125703
2.265804813125704
2.265804813125704
2.265804813125704
2.278426231293804
2.278426231293804
2.278426231293804
2.278426231293804
2.278426231293804
2.278426231293805
2.278426231293805
2.278426231293805
2.287556000309154
2.287556000309154
2.287556000309155
2.287556000309155
2.287556000309156
2.287556000309156
2.287556000309156
2.287556000309156
2.298582974201147
2.298582974201147
2.298582974201147
2.298582974201147
2.298582974201148
2.298582974201148
2.298582974201148
2.298582974201148
2.314066933756466
2.314066933756466
2.314066933756467
2.314066933756467
2.314066933756468
2.314066933756468
2.314066933756468
2.314066933756468
2.322373916735790
2.322373916735790
2.322373916735790
2.322373916735790
2.322373916735790
2.322373916735790
2.322373916735791
2.322373916735791
2.326412278150809
2.326412278150809
2.326412278150809
2.326412278150810
2.326412278150811
2.326412278150811
2.326412278150811
2.326412278150812
2.343092234780890
2.343092234780890
2.343092234780891
2.343092234780891
2.343092234780891
2.343092234780891
2.343092234780891
2.343092234780891
2.365527441489930
2.365527441489930
2.365527441489931
2.365527441489931
2.365527441489931
2.365527441489931
2.365527441489932
2.365527441489932
2.366070598856474
2.366070598856474
2.366070598856474
2.366070598856475
2.366070598856475
2.366070598856476
2.366070598856476
2.366070598856476
2.398823964398547
2.398823964398547
2.398823964398547
2.398823964398547
2.398823964398547
2.398823964398547
2.398823964398547
2.398823964398547
2.407897805563359
2.407897805563360
2.407897805563360
2.407897805563360
2.407897805563361
2.407897805563361
2.407897805563361
2.407897805563361
2.427734546821416
2.427734546821416
2.427734546821416
2.427734546821417
2.427734546821417
2.427734546821417
2.427734546821418
2.427734546821418
2.432430924018240
2.432430924018241
2.432430924018241
2.432430924018241
2.432430924018242
2.432430924018242
2.432430924018242
2.432430924018242
2.443811141020483
2.443811141020483
2.443811141020483
2.443811141020483
2.443811141020484
2.443811141020484
2.443811141020485
2.443811141020485
2.457990870902890
2.457990870902890
2.457990870902890
2.457990870902890
2.467452656965301
2.467452656965301
2.467452656965302
2.467452656965302
2.467452656965303
2.467452656965303
2.467452656965303
2.467452656965303
2.485086292688903
2.485086292688903
2.485086292688903
2.485086292688903
2.488125505993683
2.488125505993683
2.488125505993684
2.488125505993684
2.488125505993684
2.488125505993684
2.488125505993684
2.488125505993684
2.491020648028082
2.491020648028082
2.491020648028082
2.491020648028082
2.491020648028083
2.491020648028083
2.491020648028083
2.491020648028083
2.501978758572273
2.501978758572273
2.501978758572273
2.501978758572273
2.501978758572274
2.501978758572275
2.501978758572275
2.501978758572275
2.541724509020171
2.541724509020172
2.541724509020172
2.541724509020172
2.541724509020172
2.541724509020173
2.541724509020173
2.541724509020173
2.573809624351265
2.573809624351265
2.573809624351265
2.573809624351266
2.573809624351266
2.573809624351266
2.573809624351266
2.573809624351266
2.589247423072523
2.589247423072523
2.589247423072524
2.589247423072524
2.589247423072524
2.589247423072524
2.589247423072524
2.589247423072524
2.597219748351828
2.597219748351828
2.597219748351828
2.597219748351828
2.597219748351828
2.597219748351828
2.597219748351829
2.597219748351829
2.625114969690861
2.625114969690861
2.625114969690861
2.625114969690862
2.625114969690862
2.625114969690862
2.625114969690862
2.625114969690862
2.678951086401268
2.678951086401268
2.678951086401269
2.678951086401269
2.678951086401269
2.678951086401269
2.678951086401269
2.678951086401269
2.684857654669762
2.684857654669762
2.684857654669762
2.684857654669762
2.698142547834528
2.698142547834529
2.698142547834529
2.698142547834529
2.698142547834529
2.698142547834529
2.698142547834529
2.698142547834529
2.726813932963108
2.726813932963108
2.726813932963108
2.726813932963108
2.726813932963108
2.726813932963108
2.726813932963108
2.726813932963108
2.733232865855847
2.733232865855847
2.733232865855847
2.733232865855847
2.733232865855847
2.733232865855847
2.733232865855847
2.733232865855847
2.746709876638726
2.746709876638726
2.746709876638727
2.746709876638727
2.755090306155281
2.755090306155281
2.755090306155281
2.755090306155282
2.755090306155282
2.755090306155282
2.755090306155282
2.755090306155282
2.768419008313540
2.768419008313540
2.768419008313540
2.768419008313540
2.768419008313541
2.768419008313541
2.768419008313541
2.768419008313541
2.791190352294154
2.791190352294154
2.791190352294155
2.791190352294155
2.800177333144630
2.800177333144630
2.800177333144630
2.800177333144630
2.800177333144631
2.800177333144631
2.800177333144631
2.800177333144631
2.803101633794394
2.803101633794394
2.803101633794394
2.803101633794394
2.803101633794394
2.803101633794395
2.803101633794395
2.803101633794395
2.812202663225284
2.812202663225284
2.812202663225284
2.812202663225285
2.847155738217313
2.847155738217313
2.847155738217314
2.847155738217314
2.847155738217314
2.847155738217314
2.847155738217314
2.847155738217314
2.864765581759335
2.864765581759335
2.864765581759336
2.864765581759336
2.864765581759336
2.864765581759336
2.864765581759336
2.864765581759336
2.865681563223120
2.865681563223120
2.865681563223120
2.865681563223120
2.873454296417055
2.873454296417055
2.873454296417055
2.873454296417056
2.873454296417056
2.873454296417056
2.873454296417056
2.873454296417056
2.885817871183213
2.885817871183213
2.885817871183213
2.885817871183214
2.885817871183214
2.885817871183214
2.885817871183214
2.885817871183214
2.906710589619255
2.906710589619256
2.906710589619256
2.906710589619256
2.906710589619256
2.906710589619256
2.906710589619256
2.906710589619256
2.932044020426896
2.932044020426896
2.932044020426896
2.932044020426897
2.932044020426897
2.932044020426897
2.932044020426897
2.932044020426897
2.943985488735003
2.943985488735003
2.943985488735003
2.943985488735004
2.943985488735004
2.943985488735004
2.943985488735004
2.943985488735004
2.955726135941825
2.955726135941826
2.955726135941826
2.955726135941827
3.010008154365094
3.010008154365094
3.010008154365095
3.010008154365095
3.042626059909629
3.042626059909630
3.042626059909630
3.042626059909630
3.058357851516917
3.058357851516917
3.058357851516917
3.058357851516917
3.064077347176402
3.064077347176402
3.064077347176402
3.064077347176402
3.091240438446106
3.091240438446106
3.091240438446107
3.091240438446107
3.146551716349411
3.146551716349411
3.146551716349411
3.146551716349412
3.164268016589773
3.164268016589773
3.164268016589773
3.164268016589773
3.195097578308030
3.195097578308030
3.195097578308030
3.195097578308030
3.200090464680420
3.200090464680420
3.200090464680420
3.200090464680420
3.223906741713646
3.223906741713646
3.223906741713646
3.223906741713646
3.237529436757933
3.237529436757933
3.237529436757934
3.237529436757934
3.267034931969203
3.267034931969203
3.267034931969204
3.267034931969204
3.270702263742536
3.270702263742537
3.270702263742537
3.270702263742537
3.315439383562236
3.315439383562236
3.315439383562236
3.315439383562236
3.332366211707478
3.332366211707479
3.332366211707479
3.332366211707479
3.342270731975419
3.342270731975420
3.342270731975420
3.342270731975420
3.354928299627607
3.354928299627607
3.354928299627607
3.354928299627607
3.374994234964177
3.374994234964177
3.374994234964178
3.374994234964178
3.400860455985261
3.400860455985261
3.400860455985261
3.400860455985261
3.413095917179397
3.413095917179397
3.413095917179397
3.413095917179397
Kgrid: 24
-2.357022603955159
-2.152064116654710
-1.947105629354261
-1.742147142053813
-1.537188654753364
-1.332230167452916
-1.127271680152467
-0.922313192852019
-0.717354705551570
-0.512396218251121
-0.307437730950673
-0.102479243650224
0.102479243650224
0.307437730950673
0.512396218251121
0.717354705551570
0.922313192852019
1.127271680152467
1.332230167452916
1.537188654753364
1.742147142053813
1.947105629354262
2.152064116654710
2.357022603955159
Davidson lowest eigenvalues at each iteration: 20
0.089779594723438
0.056754162773916
0.030933115706553
0.029170604564029
0.029154433822184
0.029154368908657
0.029154368778971
0.029154368778829
0.029154368778828
0.029154368778828
0.029154368778828
0.029154368778828
0.029154368778828
0.029154368778828
0.029154368778828
0.029154368778828
0.029154368778828
0.029154368778828
0.029154368778828
0.029154368778828
DavVals: 160
0.089779594723438
0.089779594723439
0.092905123525721
0.092905123525721
0.099633186582627
0.099633186582628
0.101151098540895
0.101151098540895
0.056754162773916
0.056754162773916
0.070407366536685
0.070407366536686
0.072214620325035
0.072214620325035
0.096572469660432
0.096572469660432
0.030933115706553
0.030933115706553
0.066056064541397
0.066056064541397
0.068275368910729
0.068275368910729
0.095506618932383
0.095506618932383
0.029170604564029
0.029170604564030
0.065969216051611
0.065969216051611
0.068272668905676
0.068272668905676
0.095506568501501
0.095506568501501
0.029154433822184
0.029154433822351
0.065968702951584
0.065968702951586
0.068272668905676
0.068272668905676
0.095506568488382
0.095506568488382
0.029154368908657
0.029154368908668
0.065968701386921
0.065968701386921
0.068272668905676
0.068272668905676
0.095506568488382
0.095506568488382
0.029154368778971
0.029154368778974
0.065968701384880
0.065968701384880
0.068272668905676
0.068272668905676
0.095506568488381
0.095506568488382
0.029154368778829
0.029154368778830
0.065968701384878
0.065968701384878
0.068272668905676
0.068272668905676
0.095506568488382
0.095506568488382
0.029154368778828
0.029154368778828
0.065968701384878
0.065968701384878
0.068272668905676
0.068272668905676
0.071063174094936
0.084584782840743
0.029154368778828
0.029154368778828
0.065968701384878
0.065968701384878
0.068272668905676
0.068272668905676
0.070055011928486
0.071038297173592
0.029154368778828
0.029154368778828
0.065968701384878
0.065968701384878
0.068272668905675
0.068272668905676
0.069684268490596
0.070714388265100
0.029154368778828
0.029154368778828
0.065968701384878
0.065968701384878
0.067560925788083
0.068272668905676
0.068272668905676
0.070193310280805
0.029154368778828
0.029154368778828
0.065968701384878
0.065968701384878
0.067016558479132
0.067413859875392
0.068272668905676
0.068272668905676
0.029154368778828
0.029154368778828
0.065968701384878
0.065968701384878
0.066972741198214
0.066983537704488
0.068272668905676
0.068272668905676
0.029154368778828
0.029154368778828
0.065968701384878
0.065968701384878
0.066971355562127
0.066972886107898
0.068272668905676
0.068272668905676
0.029154368778828
0.029154368778828
0.065968701384878
0.065968701384878
0.066971313548352
0.066971343138357
0.068272668905676
0.068272668905676
0.029154368778828
0.029154368778828
0.065968701384878
0.065968701384878
0.066971312702423
0.066971312996062
0.068272668905676
0.068272668905676
0.029154368778828
0.029154368778828
0.065968701384878
0.065968701384878
0.066971312680944
0.066971312684209
0.068272668905676
0.068272668905676
0.029154368778828
0.029154368778828
0.065968701384878
0.065968701384878
0.066971312678691
0.066971312678774
0.068272668905676
0.068272668905676
0.029154368778828
0.029154368778828
0.065968701384878
0.065968701384878
0.066971312678652
0.066971312678653
0.068272668905676
0.068272668905676
Davidson Times Per Iteration: 20
5.371983376000000
2.780914130000000
2.843671664000000
2.956946964000000
2.775412283000000
2.610444799000000
2.676097088000000
2.752159444000000
2.642249105000000
2.614904367000000
2.484723359000000
2.559425825000000
2.638761008000000
2.629868646000000
2.687196577000000
2.627045284000000
2.628064361000000
2.651735890000000
2.687807488000000
2.806795079000000

                            End of Section: Vectors                            

--------------------------------------------------------------------------------

                                    Matrices                                    

--------------------------------------------------------------------------------

Occupied States: 112 x 2
         6        10
         6        11
         6        12
         6        13
         7         8
         7         9
         7        10
         7        11
         7        12
         7        13
         7        14
         7        15
         8         7
         8         8
         8         9
         8        10
         8        11
         8        12
         8        13
         8        14
         8        15
         8        16
         9         7
         9         8
         9         9
         9        10
         9        11
         9        12
         9        13
         9        14
         9        15
         9        16
        10         6
        10         7
        10         8
        10         9
        10        10
        10        11
        10        12
        10        13
        10        14
        10        15
        10        16
        10        17
        11         6
        11         7
        11         8
        11         9
        11        10
        11        11
        11        12
        11        13
        11        14
        11        15
        11        16
        11        17
        12         6
        12         7
        12         8
        12         9
        12        10
        12        11
        12        12
        12        13
        12        14
        12        15
        12        16
        12        17
        13         6
        13         7
        13         8
        13         9
        13        10
        13        11
        13        12
        13        13
        13        14
        13        15
        13        16
        13        17
        14         7
        14         8
        14         9
        14        10
        14        11
        14        12
        14        13
        14        14
        14        15
        14        16
        15         7
        15         8
        15         9
        15        10
        15        11
        15        12
        15        13
        15        14
        15        15
        15        16
        16         8
        16         9
        16        10
        16        11
        16        12
        16        13
        16        14
        16        15
        17        10
        17        11
        17        12
        17        13
Virtual States: 417 x 2
         0         0
         0         1
         0         2
         0         3
         0         4
         0         5
         0         6
         0         7
         0         8
         0         9
         0        10
         0        11
         0        12
         0        13
         0        14
         0        15
         0        16
         0        17
         0        18
         0        19
         0        20
         0        21
         0        22
         1         0
         1         1
         1         2
         1         3
         1         4
         1         5
         1         6
         1         7
         1         8
         1         9
         1        10
         1        11
         1        12
         1        13
         1        14
         1        15
         1        16
         1        17
         1        18
         1        19
         1        20
         1        21
         1        22
         2         0
         2         1
         2         2
         2         3
         2         4
         2         5
         2         6
         2         7
         2         8
         2         9
         2        10
         2        11
         2        12
         2        13
         2        14
         2        15
         2        16
         2        17
         2        18
         2        19
         2        20
         2        21
         2        22
         3         0
         3         1
         3         2
         3         3
         3         4
         3         5
         3         6
         3         7
         3         8
         3         9
         3        10
         3        11
         3        12
         3        13
         3        14
         3        15
         3        16
         3        17
         3        18
         3        19
         3        20
         3        21
         3        22
         4         0
         4         1
         4         2
         4         3
         4         4
         4         5
         4         6
         4         7
         4         8
         4         9
         4        10
         4        11
         4        12
         4        13
         4        14
         4        15
         4        16
         4        17
         4        18
         4        19
         4        20
         4        21
         4        22
         5         0
         5         1
         5         2
         5         3
         5         4
         5         5
         5         6
         5         7
         5         8
         5         9
         5        10
         5        11
         5        12
         5        13
         5        14
         5        15
         5        16
         5        17
         5        18
         5        19
         5        20
         5        21
         5        22
         6         0
         6         1
         6         2
         6         3
         6         4
         6         5
         6         6
         6         7
         6         8
         6         9
         6        14
         6        15
         6        16
         6        17
         6        18
         6        19
         6        20
         6        21
         6        22
         7         0
         7         1
         7         2
         7         3
         7         4
         7         5
         7         6
         7         7
         7        16
         7        17
         7        18
         7        19
         7        20
         7        21
         7        22
         8         0
         8         1
         8         2
         8         3
         8         4
         8         5
         8         6
         8        17
         8        18
         8        19
         8        20
         8        21
         8        22
         9         0
         9         1
         9         2
         9         3
         9         4
         9         5
         9         6
         9        17
         9        18
         9        19
         9        20
         9        21
         9        22
        10         0
        10         1
        10         2
        10         3
        10         4
        10         5
        10        18
        10        19
        10        20
        10        21
        10        22
        11         0
        11         1
        11         2
        11         3
        11         4
        11         5
        11        18
        11        19
        11        20
        11        21
        11        22
        12         0
        12         1
        12         2
        12         3
        12         4
        12         5
        12        18
        12        19
        12        20
        12        21
        12        22
        13         0
        13         1
        13         2
        13         3
        13         4
        13         5
        13        18
        13        19
        13        20
        13        21
        13        22
        14         0
        14         1
        14         2
        14         3
        14         4
        14         5
        14         6
        14        17
        14        18
        14        19
        14        20
        14        21
        14        22
        15         0
        15         1
        15         2
        15         3
        15         4
        15         5
        15         6
        15        17
        15        18
        15        19
        15        20
        15        21
        15        22
        16         0
        16         1
        16         2
        16         3
        16         4
        16         5
        16         6
        16         7
        16        16
        16        17
        16        18
        16        19
        16        20
        16        21
        16        22
        17         0
        17         1
        17         2
        17         3
        17         4
        17         5
        17         6
        17         7
        17         8
        17         9
        17        14
        17        15
        17        16
        17        17
        17        18
        17        19
        17        20
        17        21
        17        22
        18         0
        18         1
        18         2
        18         3
        18         4
        18         5
        18         6
        18         7
        18         8
        18         9
        18        10
        18        11
        18        12
        18        13
        18        14
        18        15
        18        16
        18        17
        18        18
        18        19
        18        20
        18        21
        18        22
        19         0
        19         1
        19         2
        19         3
        19         4
        19         5
        19         6
        19         7
        19         8
        19         9
        19        10
        19        11
        19        12
        19        13
        19        14
        19        15
        19        16
        19        17
        19        18
        19        19
        19        20
        19        21
        19        22
        20         0
        20         1
        20         2
        20         3
        20         4
        20         5
        20         6
        20         7
        20         8
        20         9
        20        10
        20        11
        20        12
        20        13
        20        14
        20        15
        20        16
        20        17
        20        18
        20        19
        20        20
        20        21
        20        22
        21         0
        21         1
        21         2
        21         3
        21         4
        21         5
        21         6
        21         7
        21         8
        21         9
        21        10
        21        11
        21        12
        21        13
        21        14
        21        15
        21        16
        21        17
        21        18
        21        19
        21        20
        21        21
        21        22
        22         0
        22         1
        22         2
        22         3
        22         4
        22         5
        22         6
        22         7
        22         8
        22         9
        22        10
        22        11
        22        12
        22        13
        22        14
        22        15
        22        16
        22        17
        22        18
        22        19
        22        20
        22        21
        22        22
Excitations: 1440 x 2
           68          248
           68          191
           79          249
           32          248
           79          192
           43          249
           43          192
           32          191
           55          249
           56          248
           55          192
           67          249
           67          192
           44          248
           56          191
           44          191
           12          275
           99          165
           21          165
           12          164
           90          275
           99          276
           21          276
           90          164
          100          291
            4          291
          107          294
           11          294
          107          149
           11          149
          100          146
            4          146
           68          178
           68          261
           32          178
           79          179
           43          179
           32          261
           79          262
           43          262
          101          292
          106          293
          106          148
            5          292
          101          147
           10          148
           10          293
            5          147
            0          125
            3          128
          111          128
            0          312
          108          125
            3          315
          108          312
          111          315
            1          126
            2          127
          110          127
            2          314
          109          126
            1          313
          110          314
          109          313
           56          178
           55          179
           44          178
           67          179
           56          261
           55          262
           44          261
           67          262
           89          165
           89          276
           80          275
           22          275
           31          165
           80          164
           22          164
           31          276
           12          290
           12          145
           90          290
           90          145
           99          150
           21          150
           99          295
           21          295
           68          163
           68          274
           32          163
           79          166
           43          166
           32          274
           79          277
           43          277
           78          165
           78          276
           42          165
           33          275
           42          276
           69          275
           33          164
           69          164
           98          294
           91          291
           98          149
           20          294
           91          146
           20          149
           13          291
           13          146
           92          292
           97          293
           97          148
           92          147
           14          292
           19          148
           19          293
           14          147
           56          163
           44          163
           55          166
           67          166
           56          274
           55          277
           44          274
           67          277
           57          275
           45          275
           57          164
           45          164
           66          165
           66          276
           54          165
           54          276
          100          123
          107          130
            4          123
           11          130
          100          310
          107          317
            4          310
           11          317
          106          129
          101          124
            5          124
           10          129
          106          316
          101          311
            5          311
           10          316
          102          125
          105          128
            6          125
          102          312
            6          312
            9          128
          105          315
            9          315
          103          126
          104          127
            8          127
            7          126
          103          313
          104          314
            8          314
            7          313
           22          145
           22          290
           80          290
           80          145
           89          150
           89          295
           31          150
           31          295
            3          105
            0          102
          111          105
          108          102
            3          338
            0          335
          111          338
          108          335
           82          292
           87          293
           87          148
           82          147
           24          292
           29          293
           29          148
           24          147
           81          291
           88          294
           88          149
           30          294
           81          146
           30          149
           23          291
           23          146
            1          103
            2          104
          110          104
          109          103
            1          336
            2          337
          110          337
          109          336
           68          144
           68          289
           32          144
           79          151
           32          289
           43          151
           79          296
           43          296
           12          122
           90          122
           21          131
           99          131
           12          309
           90          309
           99          318
           21          318
           78          150
           78          295
           33          290
           33          145
           69          290
           69          145
           42          150
           42          295
           71          292
           35          292
           71          147
           76          293
           76          148
           40          148
           40          293
           35          147
           56          144
           44          144
           55          151
           56          289
           67          151
           44          289
           55          296
           67          296
           77          294
           77          149
           34          291
           70          291
           41          294
           70          146
           34          146
           41          149
           98          130
           91          123
           20          130
           13          123
           98          317
           91          310
           20          317
           13          310
           57          145
           57          290
           45          290
           45          145
           66          150
           54          150
           66          295
           54          295
           59          292
           64          293
           64          148
           59          147
           47          292
           52          293
           52          148
           47          147
           94          126
           95          127
           16          126
           95          314
           94          313
           17          127
           16          313
           17          314
           92          124
           97          129
           14          124
           97          316
           92          311
           19          129
           14          311
           19          316
           93          125
           93          312
           96          128
           18          128
           15          125
           96          315
           15          312
           18          315
           65          294
           58          291
           65          149
           46          291
           58          146
           53          294
           53          149
           46          146
          107          107
           11          107
          100          100
            4          100
          100          333
          107          340
            4          333
           11          340
          106          106
          101          101
            5          101
           10          106
          106          339
          101          334
            5          334
           10          339
           22          122
           80          122
           89          131
           31          131
           80          309
           22          309
           89          318
           31          318
          102          102
          105          105
            6          102
            9          105
          102          335
          105          338
            6          335
            9          338
          103          103
          104          104
            8          104
            7          103
          103          336
            8          337
          104          337
            7          336
           68          121
           79          132
           32          121
           68          308
           43          132
           32          308
           79          319
           43          319
           88          130
           81          123
           30          130
           81          310
           23          123
           88          317
           30          317
           23          310
           84          126
           85          127
           27          127
           84          313
           85          314
           26          126
           27          314
           26          313
           83          125
           86          128
           83          312
           28          128
           25          125
           86          315
           25          312
           28          315
           87          129
           82          124
           82          311
           29          129
           24          124
           87          316
           24          311
           29          316
            3           82
            0           79
          108           79
          111           82
            3          361
            0          358
          111          361
          108          358
            2           81
            1           80
          110           81
          109           80
            2          360
            1          359
          110          360
          109          359
           56          121
           44          121
           67          132
           55          132
           56          308
           44          308
           67          319
           55          319
           78          131
           33          122
           69          122
           42          131
           33          309
           69          309
           78          318
           42          318
           12           99
           99          108
           21          108
           90           99
           12          332
           99          341
           21          341
           90          332
           77          130
           70          123
           34          123
           41          130
           77          317
           70          310
           34          310
           41          317
           74          127
           73          126
           74          314
           37          126
           38          127
           73          313
           38          314
           37          313
           72          125
           72          312
           75          128
           39          128
           36          125
           75          315
           36          312
           39          315
           35          124
           71          124
           76          129
           71          311
           40          129
           40          316
           35          311
           76          316
           57          122
           45          122
           66          131
           54          131
           45          309
           57          309
           66          318
           54          318
           98          107
           20          107
           91          100
           98          340
           13          100
           91          333
           20          340
           13          333
           65          130
           58          123
           46          123
           65          317
           53          130
           58          310
           46          310
           53          317
           62          127
           61          126
           50          127
           49          126
           62          314
           61          313
           50          314
           49          313
           63          128
           60          125
           51          128
           48          125
           63          315
           60          312
           48          312
           51          315
           59          124
           64          129
           52          129
           47          124
           59          311
           64          316
           47          311
           52          316
           92          101
           97          106
           14          101
           19          106
           97          339
           92          334
           14          334
           19          339
           93          102
           96          105
           15          102
           18          105
           93          335
           96          338
           18          338
           15          335
           94          103
           95          104
           16          103
           94          336
           17          104
           95          337
           16          336
           17          337
           11           84
          107           84
          100           77
            4           77
          107          363
          100          356
           11          363
            4          356
           89          108
           80           99
           22           99
           31          108
           89          341
           80          332
           22          332
           31          341
          106           83
          101           78
            5           78
           10           83
          106          362
          101          357
            5          357
           10          362
           68           98
           79          109
           32           98
           43          109
           68          331
           79          342
           32          331
           43          342
           88          107
           30          107
           81          100
           23          100
           81          333
           88          340
           30          340
           23          333
          102           79
          105           82
            6           79
            9           82
          105          361
          102          358
            9          361
            6          358
          103           80
          104           81
            8           81
            7           80
          103          359
          104          360
            8          360
            7          359
           87          106
           82          101
           24          101
           29          106
           87          339
           82          334
           29          339
           24          334
           56           98
           55          109
           44           98
           67          109
           56          331
           55          342
           44          331
           67          342
           86          105
           83          102
           28          105
           25          102
           86          338
           83          335
           28          338
           25          335
           84          103
           85          104
           27          104
           26          103
           84          336
           85          337
           27          337
           26          336
           78          108
           42          108
           33           99
           69           99
           78          341
           42          341
           33          332
           69          332
            3           59
            0           56
          111           59
          108           56
            3          384
            0          381
          108          381
          111          384
           12           76
           99           85
           21           85
           90           76
           12          355
           90          355
           99          364
           21          364
            1           57
            2           58
          110           58
          109           57
            2          383
            1          382
          110          383
          109          382
           77          107
           70          100
           34          100
           41          107
           77          340
           70          333
           34          333
           41          340
           57           99
           45           99
           66          108
           54          108
           45          332
           57          332
           66          341
           54          341
           71          101
           35          101
           76          106
           40          106
           71          334
           76          339
           35          334
           40          339
           72          102
           75          105
           39          105
           36          102
           72          335
           75          338
           39          338
           36          335
           74          104
           73          103
           38          104
           37          103
           73          336
           74          337
           38          337
           37          336
           65          107
           58          100
           53          107
           46          100
           65          340
           58          333
           46          333
           53          340
           98           84
           20           84
           91           77
           13           77
           98          363
           20          363
           91          356
           13          356
           59          101
           64          106
           52          106
           47          101
           59          334
           64          339
           52          339
           47          334
           63          105
           51          105
           60          102
           48          102
           63          338
           60          335
           51          338
           48          335
           50          104
           61          103
           62          104
           49          103
           62          337
           61          336
           50          337
           49          336
           97           83
           92           78
           19           83
           14           78
           97          362
           92          357
           14          357
           19          362
           93           79
           96           82
           18           82
           15           79
           93          358
           96          361
           18          361
           15          358
           95           81
           94           80
           16           80
           17           81
           95          360
           94          359
           16          359
           17          360
           89           85
           80           76
           22           76
           31           85
           80          355
           22          355
           89          364
           31          364
          100           54
            4           54
          107           61
           11           61
          100          379
            4          379
           11          386
          107          386
           68           75
           79           86
           32           75
           43           86
           68          354
           32          354
           43          365
           79          365
           88           84
           81           77
           30           84
           23           77
           88          363
           81          356
           30          363
           23          356
          106           60
          101           55
            5           55
           10           60
          106          385
          101          380
           10          385
            5          380
           56           75
           55           86
           67           86
           44           75
           56          354
           44          354
           55          365
           67          365
           87           83
           82           78
           24           78
           29           83
           82          357
           87          362
           24          357
           29          362
          102           56
          105           59
            6           56
            9           59
          102          381
          105          384
            6          381
            9          384
           78           85
           42           85
           33           76
           69           76
           78          364
           33          355
           42          364
           69          355
           86           82
           83           79
           25           79
           28           82
           86          361
           83          358
           28          361
           25          358
          103           57
          104           58
            8           58
            7           57
          103          382
          104          383
            8          383
            7          382
           84           80
           85           81
           27           81
           26           80
           85          360
           84          359
           27          360
           26          359
           77           84
           41           84
           34           77
           70           77
           77          363
           70          356
           41          363
           34          356
           45           76
           57           76
           54           85
           66           85
           57          355
           45          355
           66          364
           54          364
           12           53
           90           53
           21           62
           99           62
           12          378
           90          378
           99          387
           21          387
            0           33
            0          404
            3           36
          108           33
          108          404
          111           36
            3          407
          111          407
           71           78
           76           83
           40           83
           35           78
           71          357
           35          357
           76          362
           40          362
            1          405
            1           34
          110           35
            2           35
          110          406
          109           34
            2          406
          109          405
           75           82
           72           79
           36           79
           39           82
           75          361
           72          358
           36          358
           39          361
           65           84
           46           77
           53           84
           58           77
           65          363
           58          356
           53          363
           46          356
           74           81
           73           80
           38           81
           37           80
           74          360
           73          359
           38          360
           37          359
           98           61
           91           54
           13           54
           20           61
           98          386
           20          386
           91          379
           13          379
           59           78
           64           83
           52           83
           47           78
           59          357
           64          362
           52          362
           47          357
           63           82
           60           79
           48           79
           51           82
           63          361
           51          361
           60          358
           48          358
           62           81
           61           80
           49           80
           50           81
           62          360
           50          360
           61          359
           49          359
           97           60
           92           55
           19           60
           14           55
           92          380
           97          385
           19          385
           14          380
           93           56
           15           56
           18           59
           96           59
           96          384
           93          381
           15          381
           18          384
           95           58
           94           57
           16           57
           17           58
           95          383
           94          382
           16          382
           17          383
           22           53
           80           53
           31           62
           89           62
           80          378
           89          387
           22          378
           31          387
           68           52
           32           52
           43           63
           79           63
           68          377
           32          377
           79          388
           43          388
           11           38
          107           38
          100           31
            4           31
          100          402
          107          409
            4          402
           11          409
           81           54
           88           61
           23           54
           30           61
           81          379
           88          386
           23          379
           30          386
           56           52
           44           52
           67           63
           55           63
           56          377
           55          388
           44          377
           67          388
          106           37
          106          408
           10           37
          101          403
          101           32
            5           32
           10          408
            5          403
           82           55
           87           60
           29           60
           24           55
           82          380
           87          385
           29          385
           24          380
           78           62
           33           53
           69           53
           42           62
           69          378
           33          378
           78          387
           42          387
           83           56
           86           59
           25           56
           28           59
           83          381
           86          384
           25          381
           28          384
          102           33
          102          404
            6           33
          105          407
          105           36
            6          404
            9           36
            9          407
           85           58
           27           58
           84           57
           26           57
           84          382
           85          383
           27          383
           26          382
          103           34
          103          405
          104          406
          104           35
            8          406
            7           34
            8           35
            7          405
           45           53
           57           53
           66           62
           57          378
           45          378
           54           62
           54          387
           66          387
           34           54
           70           54
           77           61
           41           61
           77          386
           34          379
           70          379
           41          386
           12          401
           12           30
           90           30
           99           39
           90          401
           99          410
           21           39
           21          410
           71           55
           40           60
           76           60
           35           55
           35          380
           71          380
           40          385
           76          385
           65           61
           58           54
           46           54
           53           61
           65          386
           58          379
           53          386
           46          379
           72           56
           75           59
           36           56
           39           59
           75          384
           72          381
           36          381
           39          384
           74           58
           73           57
           38           58
           37           57
           73          382
           74          383
           38          383
           37          382
            3           13
            0           10
          111           13
          108           10
           64           60
           59           55
           52           60
           47           55
           59          380
           64          385
           47          380
           52          385
            2           12
            1           11
          110           12
          109           11
           98           38
           91           31
           13           31
           20           38
           20          409
           91          402
           98          409
           13          402
           63           59
           60           56
           51           59
           48           56
           63          384
           60          381
           51          384
           48          381
           50           58
           49           57
           62           58
           61           57
           62          383
           61          382
           49          382
           50          383
           97           37
           92          403
           92           32
           19           37
           97          408
           14          403
           14           32
           19          408
           96           36
           93           33
           93          404
           15          404
           18          407
           18           36
           15           33
           96          407
           94          405
           94           34
           95          406
           95           35
           16          405
           16           34
           17           35
           17          406
           22          401
           80          401
           22           30
           80           30
           89          410
           89           39
           31          410
           31           39
           68           29
           68          400
           32           29
           79          411
           32          400
           43          411
           79           40
           43           40
           81           31
           88           38
           23           31
           81          402
           30           38
           88          409
           30          409
           23          402
          107           15
           11           15
          100            8
            4            8
           56           29
           44           29
           55          411
           67          411
           56          400
           44          400
           55           40
           67           40
           87           37
           82          403
           24          403
           29          408
           82           32
           29           37
           87          408
           24           32
           78          410
           69          401
           78           39
           42           39
           33           30
           42          410
           33          401
           69           30
          106           14
          101            9
           10           14
            5            9
           86           36
           83           33
           83          404
           25          404
           28           36
           25           33
           86          407
           28          407
           84           34
           84          405
           85          406
           85           35
           27           35
           27          406
           26           34
           26          405
          105           13
          102           10
            6           10
            9           13
           45          401
           57          401
           45           30
           57           30
           54           39
           66           39
           54          410
           66          410
           70           31
           77           38
           34           31
           77          409
           41           38
           70          402
           41          409
           34          402
          104           12
          103           11
            8           12
            7           11
           76           37
           40           37
           35          403
           71          403
           76          408
           71           32
           40          408
           35           32
           65           38
           58           31
           65          409
           46           31
           46          402
           53          409
           53           38
           58          402
           12            7
           90            7
           99           16
           21           16
           75           36
           72          404
           72           33
           39           36
           36          404
           75          407
           36           33
           39          407
           74           35
           74          406
           73           34
           73          405
           37           34
           38          406
           37          405
           38           35
           64           37
           59           32
           64          408
           52           37
           59          403
           47          403
           47           32
           52          408
           63           36
           60          404
           60           33
           63          407
           51           36
           48          404
           48           33
           51          407
           62           35
           62          406
           61           34
           50           35
           50          406
           61          405
           49           34
           49          405
           98           15
           91            8
           20           15
           13            8
           92            9
           97           14
           14            9
           19           14
           93           10
           18           13
           15           10
           96           13
           94           11
           95           12
           17           12
           16           11
           22            7
           89           16
           80            7
           31           16
           68            6
           32            6
           43           17
           79           17
           88           15
           81            8
           30           15
           23            8
           44            6
           56            6
           67           17
           55           17
           29           14
           82            9
           87           14
           24            9
           42           16
           78           16
           69            7
           33            7
           83           10
           86           13
           28           13
           25           10
           84           11
           85           12
           27           12
           26           11
           57            7
           45            7
           66           16
           54           16
           77           15
           41           15
           34            8
           70            8
           35            9
           76           14
           71            9
           40           14
           65           15
           46            8
           58            8
           53           15
           72           10
           75           13
           36           10
           39           13
           73           11
           74           12
           38           12
           37           11
           59            9
           64           14
           52           14
           47            9
           60           10
           63           13
           48           10
           51           13
           62           12
           50           12
           61           11
           49           11

                            End of Section: Matrices                            

################################################################################

                              End of Output File.                              

################################################################################
