################################################################################

            Output File for HFS, the Hartree-Fock Stability Program            
                              Author: Evan Curtin                              
             Institution: University of Illinois @ Urbana-Champaign             
                          email: ecurtin2@illinois.edu                          
                       Built on Oct 21 2016, at 17:11:28                       

################################################################################

                Computation Started : Fri Oct 21 17:56:58 2016
                
                Computation Finished: Fri Oct 21 17:57:02 2016
                
                      Total Elapsed Time = 3.714 seconds.                      

--------------------------------------------------------------------------------

                                     Input                                     

--------------------------------------------------------------------------------

Nk = 17
ndim = 2
rs = 1.200000000000000

                             End of Section: Input                             

--------------------------------------------------------------------------------

                                     Output                                     

--------------------------------------------------------------------------------

deltaK = 0.294627825494395
kf = 1.178511301977579
kmax = 2.357022603955159
Nocc = 49
Nvir = 207
Nexc = 455
ground_state_degeneracy = 4
dav_its = 5
num_guess_evecs = 80
Dav_blocksize = 20
Dav_Num_evals = 4
Dav_time = 2.653032735000000
Mv_time = 0.006230293000000
Davidson Tolerance = 1.00e-08
Dav_minits = 5
Dav_maxits = 30
Dav_maxsubsize = 3000
Davidson_Stopping_Criteria = All Requested Eigenvalue Norms Converged
full_diag_min = -0.073880346213070
full_diag_time = 1.059119394000000

                             End of Section: Output                             

--------------------------------------------------------------------------------

                                    Vectors                                    

--------------------------------------------------------------------------------

Occ Energies: 49
0.062642965159017
-0.133788133574087
-0.343700942419931
-0.419068955606727
-0.343700942419931
-0.133788133574087
-0.133788133574087
-0.486016211766317
-0.685880675089983
-0.751126758933101
-0.685880675089983
-0.486016211766317
-0.133788133574088
-0.343700942419931
-0.685880675089983
-0.879358229310545
-0.942660533470033
-0.879358229310545
-0.685880675089983
-0.343700942419931
0.062642965159017
-0.419068955606727
-0.751126758933101
-0.942660533470033
-1.005453204158361
-0.942660533470033
-0.751126758933101
-0.419068955606728
0.062642965159017
-0.343700942419931
-0.685880675089983
-0.879358229310545
-0.942660533470033
-0.879358229310545
-0.685880675089983
-0.343700942419931
-0.133788133574087
-0.486016211766317
-0.685880675089984
-0.751126758933102
-0.685880675089983
-0.486016211766317
-0.133788133574087
-0.133788133574087
-0.343700942419931
-0.419068955606728
-0.343700942419931
-0.133788133574087
0.062642965159017
Vir Energies: 207
5.294197683183312
4.638667095718470
4.063246025137183
3.568401513278530
3.156874740245080
2.832932183616129
2.599054780365620
2.457438293848360
2.409972703590899
2.457438293848360
2.599054780365620
2.832932183616129
3.156874740245080
3.568401513278530
4.063246025137183
4.638667095718470
4.638667095718470
3.982889709879136
3.406715383298393
2.910588675344381
2.497267596019387
2.171152238419728
1.935077064473095
1.791671594590352
1.743475093197694
1.791671594590352
1.935077064473095
2.171152238419728
2.497267596019388
2.910588675344381
3.406715383298393
3.982889709879136
4.063246025137183
3.406715383298393
2.828212152890651
2.328040113959926
1.908891086813868
1.575674348481475
1.332094911117585
1.182026606796410
1.130713286136310
1.182026606796410
1.332094911117585
1.575674348481475
1.908891086813868
2.328040113959926
2.828212152890650
3.406715383298393
3.568401513278530
2.910588675344382
2.328040113959926
1.820597272591706
1.390383211000546
1.042682252958244
0.782842049265710
0.615704064052982
0.549880480024606
0.615704064052982
0.782842049265710
1.042682252958244
1.390383211000546
1.820597272591705
2.328040113959926
2.910588675344382
3.156874740245080
2.497267596019388
1.908891086813868
1.390383211000546
0.941864244403874
0.565814690569848
0.268381010803651
0.071112488558738
0.071112488558738
0.268381010803651
0.565814690569848
0.941864244403874
1.390383211000546
1.908891086813868
2.497267596019388
2.832932183616129
2.171152238419729
1.575674348481475
1.042682252958244
0.565814690569848
0.137363233434998
0.137363233434998
0.565814690569848
1.042682252958244
1.575674348481475
2.171152238419728
2.599054780365620
1.935077064473095
1.332094911117585
0.782842049265710
0.268381010803651
0.268381010803651
0.782842049265710
1.332094911117585
1.935077064473095
2.457438293848360
1.791671594590352
1.182026606796410
0.615704064052982
0.071112488558738
0.071112488558739
0.615704064052982
1.182026606796410
1.791671594590352
2.409972703590899
1.743475093197694
1.130713286136310
0.549880480024606
0.549880480024606
1.130713286136310
1.743475093197694
2.457438293848360
1.791671594590352
1.182026606796410
0.615704064052982
0.071112488558738
0.071112488558738
0.615704064052982
1.182026606796410
1.791671594590352
2.599054780365620
1.935077064473095
1.332094911117585
0.782842049265710
0.268381010803651
0.268381010803651
0.782842049265710
1.332094911117585
1.935077064473095
2.832932183616129
2.171152238419728
1.575674348481475
1.042682252958244
0.565814690569848
0.137363233434998
0.137363233434998
0.565814690569848
1.042682252958244
1.575674348481475
2.171152238419728
3.156874740245080
2.497267596019387
1.908891086813868
1.390383211000546
0.941864244403874
0.565814690569848
0.268381010803651
0.071112488558738
0.071112488558738
0.268381010803651
0.565814690569848
0.941864244403874
1.390383211000546
1.908891086813868
2.497267596019388
3.568401513278530
2.910588675344381
2.328040113959926
1.820597272591705
1.390383211000546
1.042682252958244
0.782842049265710
0.615704064052982
0.549880480024606
0.615704064052982
0.782842049265710
1.042682252958244
1.390383211000546
1.820597272591705
2.328040113959926
2.910588675344381
4.063246025137183
3.406715383298393
2.828212152890650
2.328040113959926
1.908891086813868
1.575674348481475
1.332094911117585
1.182026606796411
1.130713286136310
1.182026606796411
1.332094911117585
1.575674348481475
1.908891086813868
2.328040113959926
2.828212152890650
3.406715383298393
4.638667095718470
3.982889709879136
3.406715383298393
2.910588675344381
2.497267596019387
2.171152238419728
1.935077064473095
1.791671594590352
1.743475093197694
1.791671594590353
1.935077064473095
2.171152238419728
2.497267596019388
2.910588675344381
3.406715383298393
3.982889709879136
Excitation Energies: 455
0.008469523399722
0.008469523399722
0.008469523399722
0.008469523399722
0.205738045644634
0.205738045644634
0.205738045644635
0.205738045644635
0.271151367009085
0.271151367009085
0.271151367009085
0.271151367009085
0.271151367009085
0.271151367009085
0.271151367009085
0.271151367009085
0.402169144377739
0.402169144377739
0.402169144377739
0.402169144377739
0.402169144377739
0.402169144377739
0.402169144377739
0.402169144377739
0.414813430978669
0.414813430978669
0.414813430978669
0.414813430978669
0.414813430978669
0.414813430978669
0.414813430978669
0.414813430978669
0.481064175854928
0.481064175854928
0.481064175854928
0.481064175854928
0.481064175854928
0.481064175854928
0.481064175854928
0.481064175854928
0.487237514865589
0.487237514865589
0.487237514865589
0.487237514865589
0.503171725410832
0.503171725410832
0.503171725410832
0.503171725410832
0.556432189041725
0.556432189041725
0.556432189041725
0.556432189041725
0.699602824143936
0.699602824143936
0.699602824143936
0.699602824143936
0.699602824143936
0.699602824143936
0.699602824143936
0.699602824143936
0.754397222569968
0.754397222569968
0.754397222569968
0.754397222569968
0.754397222569968
0.754397222569968
0.754397222569968
0.754397222569968
0.756993163648721
0.756993163648721
0.756993163648722
0.756993163648722
0.756993163648722
0.756993163648722
0.756993163648722
0.756993163648722
0.879221279244857
0.879221279244857
0.879221279244857
0.879221279244857
0.909515632989779
0.909515632989779
0.909515632989779
0.909515632989779
0.909515632989779
0.909515632989779
0.909515632989779
0.909515632989779
0.916630182839797
0.916630182839797
0.916630182839797
0.916630182839797
0.916630182839798
0.916630182839798
0.916630182839798
0.916630182839798
0.950470717869283
0.950470717869283
0.950470717869283
0.950470717869283
0.950470717869283
0.950470717869284
0.950470717869284
0.950470717869284
0.954261685893634
0.954261685893634
0.954261685893634
0.954261685893634
0.954261685893634
0.954261685893634
0.954261685893634
0.954261685893634
0.959405006472912
0.959405006472912
0.959405006472912
0.959405006472912
0.959405006472913
0.959405006472913
0.959405006472913
0.959405006472913
0.968949435631334
0.968949435631334
0.968949435631334
0.968949435631334
0.984883646176576
0.984883646176576
0.984883646176576
0.984883646176576
1.013773022028771
1.013773022028771
1.013773022028771
1.013773022028772
1.019507769736753
1.019507769736753
1.019507769736753
1.019507769736753
1.068070320977293
1.068070320977293
1.068070320977293
1.068070320977293
1.176470386532332
1.176470386532332
1.176470386532332
1.176470386532332
1.176470386532332
1.176470386532332
1.176470386532332
1.176470386532332
1.268858261032027
1.268858261032027
1.268858261032027
1.268858261032027
1.268858261032027
1.268858261032027
1.268858261032027
1.268858261032027
1.301007238957707
1.301007238957707
1.301007238957708
1.301007238957708
1.301584739142965
1.301584739142965
1.301584739142965
1.301584739142965
1.301584739142965
1.301584739142965
1.301584739142965
1.301584739142965
1.327740245841529
1.327740245841529
1.327740245841529
1.327740245841530
1.386383195378175
1.386383195378175
1.386383195378175
1.386383195378175
1.386383195378175
1.386383195378175
1.386383195378175
1.386383195378175
1.461751208564972
1.461751208564972
1.461751208564972
1.461751208564972
1.465883044691672
1.465883044691672
1.465883044691672
1.465883044691672
1.465883044691672
1.465883044691672
1.465883044691672
1.465883044691672
1.468722724355693
1.468722724355693
1.468722724355693
1.468722724355693
1.468722724355693
1.468722724355693
1.468722724355693
1.468722724355693
1.492541013494639
1.492541013494639
1.492541013494639
1.492541013494639
1.495062293363527
1.495062293363527
1.495062293363527
1.495062293363527
1.495062293363527
1.495062293363527
1.495062293363527
1.495062293363527
1.525727549216341
1.525727549216341
1.525727549216341
1.525727549216342
1.525727549216342
1.525727549216342
1.525727549216342
1.525727549216342
1.533968808198811
1.533968808198811
1.533968808198811
1.533968808198811
1.549782241743038
1.549782241743038
1.549782241743038
1.549782241743038
1.555333684182967
1.555333684182967
1.558364597523015
1.558364597523015
1.558364597523015
1.558364597523015
1.680832128038678
1.680832128038678
1.680832128038678
1.680832128038678
1.709462482055562
1.709462482055562
1.709462482055562
1.709462482055562
1.709462482055562
1.709462482055562
1.709462482055563
1.709462482055563
1.818111122883902
1.818111122883902
1.818111122883902
1.818111122883902
1.818111122883902
1.818111122883902
1.818111122883902
1.818111122883902
1.846248121654851
1.846248121654851
1.846248121654851
1.846248121654851
1.867907281886394
1.867907281886394
1.867907281886394
1.867907281886394
1.867907281886394
1.867907281886394
1.867907281886394
1.867907281886394
1.881840045069411
1.881840045069411
1.881840045069412
1.881840045069412
1.919375290901406
1.919375290901406
1.919375290901406
1.919375290901406
1.919375290901406
1.919375290901406
1.919375290901406
1.919375290901406
1.994743304088203
1.994743304088203
1.994743304088203
1.994743304088203
2.017975586207568
2.017975586207568
2.017975586207568
2.017975586207568
2.017975586207568
2.017975586207568
2.017975586207568
2.017975586207568
2.061384836106956
2.061384836106956
2.061384836106956
2.061384836106956
2.061384836106956
2.061384836106956
2.061384836106956
2.061384836106956
2.068865198047182
2.068865198047182
2.068865198047182
2.068865198047182
2.068865198047182
2.068865198047182
2.068865198047182
2.068865198047182
2.073373819606343
2.073373819606343
2.073373819606343
2.073373819606343
2.083221670050686
2.083221670050686
2.083221670050686
2.083221670050686
2.124687140266444
2.124687140266444
2.124687140266444
2.124687140266444
2.135372537010283
2.135372537010283
2.135372537010283
2.135372537010283
2.135372537010283
2.135372537010283
2.135372537010283
2.135372537010284
2.136166490294671
2.136166490294671
2.162544048804421
2.162544048804422
2.162544048804422
2.162544048804422
2.304940371993816
2.304940371993816
2.304940371993816
2.304940371993816
2.304940371993816
2.304940371993816
2.304940371993816
2.304940371993816
2.347329738431883
2.347329738431883
2.421093276239412
2.421093276239412
2.421093276239412
2.421093276239412
2.421093276239412
2.421093276239412
2.421093276239412
2.421093276239412
2.434624630860371
2.434624630860371
2.434624630860371
2.434624630860371
2.477552269680336
2.477552269680336
2.477552269680336
2.477552269680336
2.477552269680336
2.477552269680336
2.477552269680336
2.477552269680336
2.494601852130796
2.494601852130796
2.494601852130796
2.494601852130796
2.514853180839659
2.514853180839659
2.514853180839659
2.514853180839659
2.514853180839659
2.514853180839659
2.514853180839659
2.514853180839659
2.590221194026455
2.590221194026455
2.590221194026456
2.590221194026456
2.620957739563078
2.620957739563078
2.620957739563078
2.620957739563078
2.620957739563078
2.620957739563078
2.620957739563078
2.620957739563078
2.671029823900898
2.671029823900898
2.671029823900898
2.671029823900898
2.671029823900898
2.671029823900898
2.671029823900898
2.671029823900898
2.686135626667727
2.686135626667727
2.686135626667728
2.686135626667728
2.686203823406196
2.686203823406196
2.686203823406196
2.686203823406196
2.732842913939707
2.732842913939707
2.732842913939707
2.732842913939707
2.734332128060385
2.734332128060385
2.734332128060386
2.734332128060386
2.748928297356055
2.748928297356056
2.801139236268290
2.801139236268291
2.801139236268291
2.801139236268291
2.829041659197626
2.829041659197627
2.966720317190216
2.966720317190216
2.966720317190216
2.966720317190217
3.085070992131937
3.085070992131937
3.085070992131937
3.085070992131937
3.094231775086063
3.094231775086063
3.143318968938343
3.143318968938343
3.143318968938343
3.143318968938344
3.161099462524001
3.161099462524001
3.176633126036060
3.176633126036060
3.176633126036060
3.176633126036060
3.252001139222856
3.252001139222857
3.284935455455603
3.284935455455603
3.284935455455603
3.284935455455603
3.336796523158905
3.336796523158905
3.336796523158905
3.336796523158905
3.350181539298721
3.350181539298721
3.352633237060932
3.352633237060932
3.400098827318393
3.400098827318393
3.415425907749260
Kgrid: 17
-2.357022603955159
-2.062394778460764
-1.767766952966369
-1.473139127471974
-1.178511301977579
-0.883883476483184
-0.589255650988790
-0.294627825494395
0.000000000000000
0.294627825494395
0.589255650988790
0.883883476483184
1.178511301977579
1.473139127471974
1.767766952966369
2.062394778460764
2.357022603955159
Davidson lowest eigenvalues at each iteration: 5
-0.004971341419165
-0.073726031398077
-0.073880346213070
-0.073880346213070
-0.073880346213070
DavVals: 20
-0.004971341419165
-0.004971341419165
0.013460154126740
0.013460154126740
-0.073726031398077
-0.073726031398077
-0.029694820300293
-0.029694820300292
-0.073880346213070
-0.073880346213070
-0.029954687457379
-0.029954687457379
-0.073880346213070
-0.073880346213070
-0.029954687457380
-0.029954687457379
-0.073880346213070
-0.073880346213069
-0.029954687457380
-0.029954687457379
Davidson Times Per Iteration: 5
0.763713347000000
0.394551062000000
0.409795162000000
0.354522515000000
0.360552925000000

                            End of Section: Vectors                            

--------------------------------------------------------------------------------

                                    Matrices                                    

--------------------------------------------------------------------------------

Occupied States: 49 x 2
         4         8
         5         6
         5         7
         5         8
         5         9
         5        10
         6         5
         6         6
         6         7
         6         8
         6         9
         6        10
         6        11
         7         5
         7         6
         7         7
         7         8
         7         9
         7        10
         7        11
         8         4
         8         5
         8         6
         8         7
         8         8
         8         9
         8        10
         8        11
         8        12
         9         5
         9         6
         9         7
         9         8
         9         9
         9        10
         9        11
        10         5
        10         6
        10         7
        10         8
        10         9
        10        10
        10        11
        11         6
        11         7
        11         8
        11         9
        11        10
        12         8
Virtual States: 207 x 2
         0         0
         0         1
         0         2
         0         3
         0         4
         0         5
         0         6
         0         7
         0         8
         0         9
         0        10
         0        11
         0        12
         0        13
         0        14
         0        15
         1         0
         1         1
         1         2
         1         3
         1         4
         1         5
         1         6
         1         7
         1         8
         1         9
         1        10
         1        11
         1        12
         1        13
         1        14
         1        15
         2         0
         2         1
         2         2
         2         3
         2         4
         2         5
         2         6
         2         7
         2         8
         2         9
         2        10
         2        11
         2        12
         2        13
         2        14
         2        15
         3         0
         3         1
         3         2
         3         3
         3         4
         3         5
         3         6
         3         7
         3         8
         3         9
         3        10
         3        11
         3        12
         3        13
         3        14
         3        15
         4         0
         4         1
         4         2
         4         3
         4         4
         4         5
         4         6
         4         7
         4         9
         4        10
         4        11
         4        12
         4        13
         4        14
         4        15
         5         0
         5         1
         5         2
         5         3
         5         4
         5         5
         5        11
         5        12
         5        13
         5        14
         5        15
         6         0
         6         1
         6         2
         6         3
         6         4
         6        12
         6        13
         6        14
         6        15
         7         0
         7         1
         7         2
         7         3
         7         4
         7        12
         7        13
         7        14
         7        15
         8         0
         8         1
         8         2
         8         3
         8        13
         8        14
         8        15
         9         0
         9         1
         9         2
         9         3
         9         4
         9        12
         9        13
         9        14
         9        15
        10         0
        10         1
        10         2
        10         3
        10         4
        10        12
        10        13
        10        14
        10        15
        11         0
        11         1
        11         2
        11         3
        11         4
        11         5
        11        11
        11        12
        11        13
        11        14
        11        15
        12         0
        12         1
        12         2
        12         3
        12         4
        12         5
        12         6
        12         7
        12         9
        12        10
        12        11
        12        12
        12        13
        12        14
        12        15
        13         0
        13         1
        13         2
        13         3
        13         4
        13         5
        13         6
        13         7
        13         8
        13         9
        13        10
        13        11
        13        12
        13        13
        13        14
        13        15
        14         0
        14         1
        14         2
        14         3
        14         4
        14         5
        14         6
        14         7
        14         8
        14         9
        14        10
        14        11
        14        12
        14        13
        14        14
        14        15
        15         0
        15         1
        15         2
        15         3
        15         4
        15         5
        15         6
        15         7
        15         8
        15         9
        15        10
        15        11
        15        12
        15        13
        15        14
        15        15
Excitations: 455 x 2
           28          120
           28          104
           20          119
           20          103
           28           95
           28          129
           20           94
           20          128
            6           84
           36           84
           42           85
           42          139
            6          138
           12           85
           12          139
           36          138
            1           70
           47           73
           43           70
            5           73
           47          153
           43          150
            1          150
            5          153
            2          151
            4          152
            4           72
            2           71
           46          152
           44          151
           46           72
           44           71
           29           84
           35          139
           13           84
           35           85
           19           85
           19          139
           29          138
           13          138
            0          167
           48           56
           48          167
            0           56
           28          140
           28           86
           20          137
           20           83
           21           84
           27           85
           27          139
           21          138
           36          149
            6           69
           36           69
            6          149
           42           74
           12           74
           42          154
           12          154
           11           73
           11          153
            7           70
            7          150
           37          150
           41           73
           37           70
           41          153
            8          151
           10          152
           10           72
            8           71
           40          152
           38          151
           40           72
           38           71
           28          155
           28           75
           20           68
           20          148
           13          149
           13           69
           35           74
           35          154
           29          149
           29           69
           19           74
           19          154
            1           54
            1          165
           43          165
           43           54
            5           58
            5          169
           47           58
           47          169
           31          151
           33          152
           31           71
           15          151
           17          152
           17           72
           15           71
           33           72
           30           70
           30          150
           34           73
           18           73
           14           70
           14          150
           18          153
           34          153
            2           55
            4          168
            4           57
            2          166
           44           55
           44          166
           46          168
           46           57
            3           56
            3          167
           45          167
           45           56
           21           69
           21          149
           27           74
           27          154
           23          151
           23           71
           25          152
           25           72
           26           73
           26          153
           22          150
           22           70
           48          183
           48           40
            0          183
            0           40
           42          170
           36           53
            6           53
           36          164
            6          164
           42           59
           12           59
           12          170
            7          165
           11           58
            7           54
           11          169
           37          165
           37           54
           41           58
           41          169
            9           56
            9          167
           39          167
           39           56
            8          166
           10           57
            8           55
           10          168
           40           57
           38           55
           38          166
           40          168
           28          171
           28           60
           20          163
           20           52
           29           53
           29          164
           13           53
           19           59
           13          164
           35           59
           19          170
           35          170
           21          164
           27          170
           21           53
           27           59
            5          185
            5           42
            1          181
           47           42
           47          185
           43          181
           43           38
            1           38
           30           54
           30          165
           34           58
           18          169
           18           58
           34          169
           14           54
           14          165
           16           56
           32          167
           16          167
           32           56
           31          166
           15          166
           31           55
           15           55
           33          168
           17           57
           33           57
           17          168
            2           39
            4           41
           46           41
           44           39
            4          184
           46          184
            2          182
           44          182
           22          165
           26          169
           26           58
           22           54
           45           40
           45          183
            3           40
            3          183
           24          167
           24           56
           23           55
           23          166
           25          168
           25           57
            0           24
           48           24
            0          199
           48          199
            6           37
           36           37
            6          180
           42          186
           42           43
           36          180
           12          186
           12           43
            7          181
           11           42
           11          185
            7           38
           37           38
           37          181
           41           42
           41          185
           20          179
           20           36
           28           44
           28          187
           10           41
            8           39
            8          182
           38           39
           40          184
           10          184
           40           41
           38          182
            9          183
            9           40
           39           40
           39          183
           19          186
           35          186
           29           37
           19           43
           29          180
           13           37
           35           43
           13          180
           21           37
           27           43
           21          180
           27          186
           14          181
           14           38
           18           42
           18          185
           30          181
           34          185
           34           42
           30           38
           31           39
           33           41
           31          182
           17           41
           15           39
           17          184
           33          184
           15          182
           43          197
           43           22
            5           26
            5          201
            1          197
            1           22
           47           26
           47          201
           16          183
           32          183
           16           40
           32           40
           22           38
           22          181
           26          185
           26           42
           23          182
           23           39
           25          184
           25           41
            4           25
           46           25
           44           23
            4          200
            2          198
           44          198
            2           23
           46          200
           24          183
           24           40
            3           24
            3          199
           45           24
           45          199
            6           21
           36          196
           36           21
            6          196
           42           27
           42          202
           12          202
           12           27
           48            8
            0            8
           37          197
           37           22
           41          201
           41           26
           11           26
            7          197
           11          201
            7           22
           20           20
           20          195
           28           28
           28          203
            8          198
           40           25
           10           25
            8           23
           10          200
           38          198
           40          200
           38           23
            9          199
           39           24
            9           24
           39          199
           29           21
           29          196
           35           27
           35          202
           13           21
           13          196
           19          202
           19           27
           21           21
           21          196
           27          202
           27           27
           14          197
           30           22
           30          197
           18           26
           34          201
           34           26
           14           22
           18          201
           17          200
           15          198
           17           25
           15           23
           33          200
           33           25
           31           23
           31          198
           32           24
           16           24
           16          199
           32          199
           26          201
           22          197
           22           22
           26           26
            1            6
           43            6
           47           10
            5           10
           23           23
           23          198
           25           25
           25          200
           24           24
           24          199
            4            9
            2            7
           46            9
           44            7
            3            8
           45            8
           36            5
           42           11
            6            5
           12           11
           37            6
           41           10
            7            6
           11           10
           20            4
           28           12
           10            9
            8            7
           40            9
           38            7
            9            8
           39            8
           19           11
           35           11
           29            5
           13            5
           21            5
           27           11
           30            6
           34           10
           18           10
           14            6
           33            9
           17            9
           31            7
           15            7
           26           10
           22            6
           32            8
           16            8
           25            9
           23            7
           24            8

                            End of Section: Matrices                            

################################################################################

                              End of Output File.                              

################################################################################
