################################################################################

            Output File for HFS, the Hartree-Fock Stability Program            
                              Author: Evan Curtin                              
             Institution: University of Illinois @ Urbana-Champaign             
                          email: ecurtin2@illinois.edu                          
                       Built on Nov  2 2016, at 17:06:03                       

################################################################################

                Computation Started : Wed Nov  2 17:18:18 2016
                
                Computation Finished: Wed Nov  2 17:18:19 2016
                
                     Total Elapsed Time = 1.12509 seconds.                     

--------------------------------------------------------------------------------

                                     Input                                     

--------------------------------------------------------------------------------

Nk = 10
ndim = 2
rs = 1.200000047683716

                             End of Section: Input                             

--------------------------------------------------------------------------------

                                     Output                                     

--------------------------------------------------------------------------------

deltaK = 0.523783041957056
kf = 1.178511255147749
kmax = 2.357023688806754
Nocc = 16
Nvir = 65
Nexc = 80
ground_state_degeneracy = 8
dav_its = 15
num_guess_evecs = 50
Dav_blocksize = 20
Dav_Num_evals = 8
Mv_time = 0.000331033000000
cond_number = 5.130158624456906
Dav_nconv = 8
Davidson Tolerance = 1.00e-08
Dav_maxits = 50
Dav_maxsubsize = 1000
Dav_final_val = 0.077258164644595
Dav_time = 1.091847799000000
full_diag_min = 0.077258164644597
full_diag_time = 0.029417938000000

                             End of Section: Output                             

--------------------------------------------------------------------------------

                                    Vectors                                    

--------------------------------------------------------------------------------

Occ Energies: 16
0.033539568815494
-0.349189846753048
-0.349189846753048
0.033539568815495
-0.349189846753048
-0.757636405218460
-0.757636405218460
-0.349189846753048
-0.349189846753048
-0.757636405218460
-0.757636405218460
-0.349189846753048
0.033539568815495
-0.349189846753048
-0.349189846753048
0.033539568815495
Vir Energies: 65
5.286259543475355
4.178050319010207
3.324843991416151
2.741914409936730
2.447171052155388
2.447171052155388
2.741914409936730
3.324843991416151
4.178050319010207
4.178050319010207
3.066977690263554
2.204873503234215
1.610089404314048
1.307943140396059
1.307943140396059
1.610089404314049
2.204873503234215
3.066977690263554
3.324843991416151
2.204873503234215
1.309722127434423
0.658239055122923
0.327227653658154
0.327227653658154
0.658239055122923
1.309722127434423
2.204873503234215
2.741914409936730
1.610089404314048
0.658239055122923
0.658239055122923
1.610089404314048
2.447171052155388
1.307943140396059
0.327227653658154
0.327227653658154
1.307943140396059
2.447171052155388
1.307943140396059
0.327227653658154
0.327227653658154
1.307943140396059
2.741914409936730
1.610089404314049
0.658239055122923
0.658239055122923
1.610089404314049
3.324843991416151
2.204873503234215
1.309722127434423
0.658239055122923
0.327227653658154
0.327227653658154
0.658239055122923
1.309722127434423
2.204873503234215
4.178050319010207
3.066977690263554
2.204873503234215
1.610089404314048
1.307943140396059
1.307943140396059
1.610089404314049
2.204873503234215
3.066977690263554
Excitation Energies: 80
0.624699486307428
0.624699486307428
0.624699486307428
0.624699486307428
0.624699486307428
0.624699486307428
0.624699486307429
0.624699486307429
0.676417500411201
0.676417500411201
0.676417500411202
0.676417500411202
0.676417500411202
0.676417500411202
0.676417500411202
0.676417500411202
1.007428901875971
1.007428901875971
1.007428901875971
1.007428901875971
1.007428901875971
1.007428901875971
1.007428901875971
1.007428901875971
1.084864058876613
1.084864058876613
1.084864058876614
1.084864058876614
1.084864058876614
1.084864058876614
1.084864058876614
1.084864058876614
1.576549835498553
1.576549835498553
1.576549835498553
1.576549835498553
1.576549835498554
1.576549835498554
1.576549835498554
1.576549835498554
1.657132987149106
1.657132987149106
1.657132987149106
1.657132987149106
1.657132987149107
1.657132987149107
1.657132987149107
1.657132987149107
1.959279251067096
1.959279251067096
1.959279251067096
1.959279251067096
1.959279251067096
1.959279251067096
1.959279251067096
1.959279251067096
2.065579545614519
2.065579545614519
2.065579545614519
2.065579545614519
2.065579545614519
2.065579545614519
2.065579545614519
2.065579545614519
2.708374841121235
2.708374841121235
2.708374841121235
2.708374841121235
2.796360898908436
2.796360898908436
2.796360898908437
2.796360898908437
3.091104256689778
3.091104256689778
3.091104256689778
3.091104256689778
3.204807457373848
3.204807457373848
3.204807457373848
3.204807457373849
Kgrid: 10
-2.357023688806754
-1.833240646849698
-1.309457604892641
-0.785674562935585
-0.261891520978528
0.261891520978528
0.785674562935585
1.309457604892641
1.833240646849698
2.357023688806754
DavVals: 8
0.077258164644595
0.077258164644596
0.393304046099775
0.393304046099776
0.548697350083576
0.548697350083576
0.565014850889946
0.565014850889947

                            End of Section: Vectors                            

--------------------------------------------------------------------------------

                                    Matrices                                    

--------------------------------------------------------------------------------

Occupied States: 16 x 2
        3        3
        3        4
        3        5
        3        6
        4        3
        4        4
        4        5
        4        6
        5        3
        5        4
        5        5
        5        6
        6        3
        6        4
        6        5
        6        6
Virtual States: 65 x 2
        0        0
        0        1
        0        2
        0        3
        0        4
        0        5
        0        6
        0        7
        0        8
        1        0
        1        1
        1        2
        1        3
        1        4
        1        5
        1        6
        1        7
        1        8
        2        0
        2        1
        2        2
        2        3
        2        4
        2        5
        2        6
        2        7
        2        8
        3        0
        3        1
        3        2
        3        7
        3        8
        4        0
        4        1
        4        2
        4        7
        4        8
        5        0
        5        1
        5        2
        5        7
        5        8
        6        0
        6        1
        6        2
        6        7
        6        8
        7        0
        7        1
        7        2
        7        3
        7        4
        7        5
        7        6
        7        7
        7        8
        8        0
        8        1
        8        2
        8        3
        8        4
        8        5
        8        6
        8        7
        8        8
Excitations: 80 x 2
        15        24
        15        53
        12        21
        12        50
         3        24
         0        21
         3        53
         0        50
        13        22
        14        23
        13        51
        14        52
         1        22
         2        23
         1        51
         2        52
        11        24
         8        21
        11        53
         7        24
         4        21
         8        50
         7        53
         4        50
        10        23
         6        23
         5        22
         6        52
        10        52
         9        22
         9        51
         5        51
        15        15
        15        62
        12        59
        12        12
         0        59
         3        62
         3        15
         0        12
        13        13
        13        60
        14        14
        14        61
         1        60
         2        14
         2        61
         1        13
        11        15
        11        62
         4        59
         7        15
         7        62
         4        12
         8        12
         8        59
        10        61
        10        14
         6        61
         5        13
         6        14
         9        60
         5        60
         9        13
        12         3
        15         6
         3         6
         0         3
        13         4
        14         5
         1         4
         2         5
        11         6
         4         3
         7         6
         8         3
         6         5
         9         4
        10         5
         5         4

                            End of Section: Matrices                            

################################################################################

                              End of Output File.                              

################################################################################
