################################################################################

            Output File for HFS, the Hartree-Fock Stability Program            
                              Author: Evan Curtin                              
             Institution: University of Illinois @ Urbana-Champaign             
                          email: ecurtin2@illinois.edu                          
                       Built on Oct 21 2016, at 17:11:28                       

################################################################################

                Computation Started : Fri Oct 21 17:57:15 2016
                
                Computation Finished: Fri Oct 21 17:57:59 2016
                
                     Total Elapsed Time = 43.6272 seconds.                     

--------------------------------------------------------------------------------

                                     Input                                     

--------------------------------------------------------------------------------

Nk = 23
ndim = 2
rs = 1.200000000000000

                             End of Section: Input                             

--------------------------------------------------------------------------------

                                     Output                                     

--------------------------------------------------------------------------------

deltaK = 0.214274782177742
kf = 1.178511301977579
kmax = 2.357022603955159
Nocc = 97
Nvir = 387
Nexc = 1219
ground_state_degeneracy = 8
dav_its = 10
num_guess_evecs = 80
Dav_blocksize = 20
Dav_Num_evals = 8
Dav_time = 24.159523395000001
Mv_time = 0.032375011000000
Davidson Tolerance = 1.00e-08
Dav_minits = 5
Dav_maxits = 30
Dav_maxsubsize = 3000
Davidson_Stopping_Criteria = All Requested Eigenvalue Norms Converged
full_diag_min = -0.060295343879818
full_diag_time = 19.460424890999999

                             End of Section: Output                             

--------------------------------------------------------------------------------

                                    Vectors                                    

--------------------------------------------------------------------------------

Occ Energies: 97
-0.022959782481985
-0.137602540167682
-0.172637693372120
-0.137602540167682
-0.022959782481985
-0.158127861373843
-0.356269574800975
-0.466611125936128
-0.501859930354977
-0.466611125936128
-0.356269574800975
-0.158127861373843
-0.158127861373843
-0.422982589481157
-0.602464372944169
-0.706572479917323
-0.740710151174113
-0.706572479917323
-0.602464372944169
-0.422982589481158
-0.158127861373843
-0.022959782481985
-0.356269574800975
-0.602464372944170
-0.772804996727756
-0.873175082957838
-0.906341491582376
-0.873175082957838
-0.772804996727756
-0.602464372944170
-0.356269574800976
-0.022959782481985
-0.137602540167682
-0.466611125936128
-0.706572479917323
-0.873175082957838
-0.971664171019603
-1.004275819374344
-0.971664171019604
-0.873175082957838
-0.706572479917324
-0.466611125936128
-0.137602540167682
-0.172637693372120
-0.501859930354977
-0.740710151174113
-0.906341491582376
-1.004275819374344
-1.036713930734353
-1.004275819374344
-0.906341491582376
-0.740710151174114
-0.501859930354978
-0.172637693372120
-0.137602540167682
-0.466611125936128
-0.706572479917323
-0.873175082957838
-0.971664171019603
-1.004275819374344
-0.971664171019603
-0.873175082957838
-0.706572479917324
-0.466611125936128
-0.137602540167682
-0.022959782481985
-0.356269574800975
-0.602464372944170
-0.772804996727756
-0.873175082957838
-0.906341491582376
-0.873175082957838
-0.772804996727756
-0.602464372944170
-0.356269574800975
-0.022959782481985
-0.158127861373843
-0.422982589481158
-0.602464372944170
-0.706572479917324
-0.740710151174114
-0.706572479917324
-0.602464372944170
-0.422982589481158
-0.158127861373844
-0.158127861373844
-0.356269574800976
-0.466611125936129
-0.501859930354978
-0.466611125936129
-0.356269574800976
-0.158127861373844
-0.022959782481985
-0.137602540167682
-0.172637693372120
-0.137602540167682
-0.022959782481985
Vir Energies: 387
5.291456444358753
4.807340122385980
4.365132073568742
3.964957522424048
3.607791763752267
3.294659563581304
3.026666754709273
2.805656084031208
2.632448694415942
2.507912813976803
2.432827707096122
2.407734813231687
2.432827707096122
2.507912813976803
2.632448694415942
2.805656084031208
3.026666754709273
3.294659563581304
3.607791763752267
3.964957522424048
4.365132073568741
4.807340122385980
4.807340122385980
4.323154979661661
3.880738438742477
3.480210359749948
3.122540796953055
2.808755191785058
2.539973902050991
2.318112100275106
2.144064336761658
2.018806729237297
1.943233116733125
1.917967714610986
1.943233116733125
2.018806729237297
2.144064336761658
2.318112100275105
2.539973902050991
2.808755191785058
3.122540796953055
3.480210359749948
3.880738438742477
4.323154979661661
4.365132073568742
3.880738438742477
3.437689097851377
3.036083973735682
2.676869716994865
2.361062154272733
2.089809589501280
1.865230468073049
1.688446482183959
1.560805510634031
1.483612285441824
1.457775978683890
1.483612285441824
1.560805510634031
1.688446482183959
1.865230468073049
2.089809589501280
2.361062154272733
2.676869716994865
3.036083973735682
3.437689097851377
3.880738438742477
3.964957522424048
3.480210359749948
3.036083973735682
2.632631768581821
2.270734882556751
1.951351404402585
1.675613618383472
1.445902614618730
1.263705218194271
1.131191449944470
1.050685546382942
1.023698301558621
1.050685546382942
1.131191449944470
1.263705218194271
1.445902614618730
1.675613618383472
1.951351404402585
2.270734882556750
2.632631768581820
3.036083973735682
3.480210359749948
3.607791763752267
3.122540796953055
2.676869716994865
2.270734882556751
1.904863764114860
1.580034798060729
1.297246473572925
1.058909579692904
0.866696446039569
0.724472343119644
0.637597406074406
0.608543321734657
0.637597406074406
0.724472343119644
0.866696446039569
1.058909579692904
1.297246473572925
1.580034798060729
1.904863764114860
2.270734882556750
2.676869716994863
3.122540796953055
3.294659563581304
2.808755191785058
2.361062154272733
1.951351404402585
1.580034798060729
1.247524553540200
0.954302800993465
0.702023658780610
0.490376600967836
0.323793249308222
0.224539615017647
0.192322483209470
0.224539615017647
0.323793249308222
0.490376600967835
0.702023658780610
0.954302800993465
1.247524553540200
1.580034798060729
1.951351404402585
2.361062154272732
2.808755191785058
3.026666754709273
2.539973902050991
2.089809589501280
1.675613618383472
1.297246473572925
0.954302800993465
0.646038569992284
0.371529032220089
0.124343647306932
0.124343647306931
0.371529032220089
0.646038569992284
0.954302800993465
1.297246473572925
1.675613618383472
2.089809589501279
2.539973902050991
2.805656084031208
2.318112100275106
1.865230468073049
1.445902614618730
1.058909579692904
0.702023658780610
0.371529032220089
0.061792177965202
0.061792177965202
0.371529032220089
0.702023658780610
1.058909579692904
1.445902614618730
1.865230468073049
2.318112100275106
2.632448694415942
2.144064336761658
1.688446482183959
1.263705218194271
0.866696446039569
0.490376600967836
0.124343647306932
0.124343647306932
0.490376600967836
0.866696446039569
1.263705218194270
1.688446482183958
2.144064336761658
2.507912813976803
2.018806729237297
1.560805510634031
1.131191449944470
0.724472343119644
0.323793249308222
0.323793249308222
0.724472343119644
1.131191449944470
1.560805510634031
2.018806729237297
2.432827707096122
1.943233116733124
1.483612285441824
1.050685546382942
0.637597406074406
0.224539615017647
0.224539615017647
0.637597406074406
1.050685546382941
1.483612285441823
1.943233116733124
2.407734813231687
1.917967714610986
1.457775978683889
1.023698301558621
0.608543321734657
0.192322483209470
0.192322483209470
0.608543321734657
1.023698301558621
1.457775978683889
1.917967714610986
2.432827707096122
1.943233116733124
1.483612285441824
1.050685546382942
0.637597406074406
0.224539615017647
0.224539615017647
0.637597406074406
1.050685546382941
1.483612285441823
1.943233116733125
2.507912813976803
2.018806729237297
1.560805510634031
1.131191449944470
0.724472343119644
0.323793249308223
0.323793249308223
0.724472343119644
1.131191449944469
1.560805510634031
2.018806729237297
2.632448694415942
2.144064336761658
1.688446482183959
1.263705218194271
0.866696446039569
0.490376600967835
0.124343647306931
0.124343647306931
0.490376600967836
0.866696446039569
1.263705218194270
1.688446482183958
2.144064336761658
2.805656084031208
2.318112100275105
1.865230468073049
1.445902614618730
1.058909579692904
0.702023658780610
0.371529032220089
0.061792177965201
0.061792177965201
0.371529032220089
0.702023658780610
1.058909579692904
1.445902614618729
1.865230468073048
2.318112100275105
3.026666754709273
2.539973902050991
2.089809589501280
1.675613618383472
1.297246473572925
0.954302800993465
0.646038569992284
0.371529032220089
0.124343647306932
0.124343647306931
0.371529032220089
0.646038569992284
0.954302800993465
1.297246473572925
1.675613618383471
2.089809589501279
2.539973902050991
3.294659563581304
2.808755191785058
2.361062154272733
1.951351404402585
1.580034798060729
1.247524553540200
0.954302800993465
0.702023658780610
0.490376600967835
0.323793249308222
0.224539615017647
0.192322483209470
0.224539615017647
0.323793249308222
0.490376600967835
0.702023658780610
0.954302800993465
1.247524553540200
1.580034798060729
1.951351404402585
2.361062154272732
2.808755191785058
3.607791763752267
3.122540796953055
2.676869716994864
2.270734882556750
1.904863764114859
1.580034798060729
1.297246473572925
1.058909579692904
0.866696446039569
0.724472343119644
0.637597406074406
0.608543321734657
0.637597406074406
0.724472343119644
0.866696446039569
1.058909579692904
1.297246473572925
1.580034798060729
1.904863764114859
2.270734882556750
2.676869716994863
3.122540796953055
3.964957522424048
3.480210359749948
3.036083973735682
2.632631768581820
2.270734882556750
1.951351404402584
1.675613618383471
1.445902614618729
1.263705218194270
1.131191449944470
1.050685546382941
1.023698301558620
1.050685546382941
1.131191449944469
1.263705218194270
1.445902614618729
1.675613618383471
1.951351404402584
2.270734882556750
2.632631768581820
3.036083973735680
3.480210359749948
4.365132073568741
3.880738438742477
3.437689097851377
3.036083973735682
2.676869716994863
2.361062154272732
2.089809589501279
1.865230468073049
1.688446482183958
1.560805510634030
1.483612285441823
1.457775978683889
1.483612285441823
1.560805510634031
1.688446482183958
1.865230468073048
2.089809589501279
2.361062154272732
2.676869716994863
3.036083973735681
3.437689097851377
3.880738438742477
4.807340122385980
4.323154979661661
3.880738438742477
3.480210359749948
3.122540796953055
2.808755191785058
2.539973902050991
2.318112100275106
2.144064336761658
2.018806729237297
1.943233116733124
1.917967714610986
1.943233116733124
2.018806729237297
2.144064336761658
2.318112100275105
2.539973902050991
2.808755191785058
3.122540796953055
3.480210359749948
3.880738438742477
4.323154979661661
Excitation Energies: 1219
0.147303429788916
0.147303429788916
0.147303429788917
0.147303429788917
0.147303429788917
0.147303429788917
0.147303429788917
0.147303429788917
0.219920039339044
0.219920039339044
0.219920039339045
0.219920039339045
0.219920039339045
0.219920039339045
0.219920039339045
0.219920039339045
0.261946187474614
0.261946187474614
0.261946187474614
0.261946187474614
0.261946187474614
0.261946187474614
0.261946187474614
0.261946187474614
0.282471508680775
0.282471508680775
0.282471508680775
0.282471508680775
0.282471508680775
0.282471508680775
0.282471508680775
0.282471508680776
0.296981340679051
0.296981340679051
0.296981340679051
0.296981340679052
0.346753031790207
0.346753031790207
0.346753031790207
0.346753031790207
0.346753031790208
0.346753031790208
0.346753031790208
0.346753031790208
0.362142155185329
0.362142155185329
0.362142155185329
0.362142155185329
0.362142155185329
0.362142155185329
0.362142155185330
0.362142155185330
0.364960176581589
0.364960176581590
0.364960176581590
0.364960176581590
0.394488814702074
0.394488814702074
0.394488814702074
0.394488814702074
0.394488814702074
0.394488814702074
0.394488814702074
0.394488814702075
0.418061752766176
0.418061752766176
0.418061752766176
0.418061752766177
0.418061752766177
0.418061752766177
0.418061752766177
0.418061752766177
0.509131572387771
0.509131572387771
0.509131572387771
0.509131572387771
0.509131572387771
0.509131572387771
0.509131572387772
0.509131572387772
0.528403303901329
0.528403303901329
0.528403303901329
0.528403303901329
0.528403303901330
0.528403303901330
0.528403303901330
0.528403303901330
0.529656893593932
0.529656893593932
0.529656893593932
0.529656893593932
0.529656893593932
0.529656893593932
0.529656893593933
0.529656893593933
0.544166725592208
0.544166725592208
0.544166725592209
0.544166725592209
0.547326236788089
0.547326236788089
0.547326236788089
0.547326236788089
0.547326236788089
0.547326236788089
0.547326236788089
0.547326236788090
0.563652108320178
0.563652108320179
0.563652108320179
0.563652108320179
0.648504462341679
0.648504462341679
0.648504462341679
0.648504462341679
0.648504462341679
0.648504462341679
0.648504462341679
0.648504462341679
0.668998352474269
0.668998352474269
0.668998352474269
0.668998352474269
0.668998352474269
0.668998352474270
0.668998352474270
0.668998352474270
0.680062824109197
0.680062824109197
0.680062824109197
0.680062824109197
0.680062824109198
0.680062824109198
0.680062824109198
0.680062824109198
0.691150740953775
0.691150740953775
0.691150740953775
0.691150740953775
0.691150740953775
0.691150740953775
0.691150740953776
0.691150740953776
0.694182413564447
0.694182413564447
0.694182413564447
0.694182413564447
0.726808020251101
0.726808020251101
0.726808020251101
0.726808020251101
0.726808020251101
0.726808020251101
0.726808020251102
0.726808020251102
0.727798607021064
0.727798607021064
0.727798607021064
0.727798607021064
0.727798607021064
0.727798607021064
0.727798607021064
0.727798607021064
0.747432125601629
0.747432125601629
0.747432125601629
0.747432125601630
0.747432125601630
0.747432125601630
0.747432125601630
0.747432125601630
0.775199946242088
0.775199946242088
0.775199946242088
0.775199946242089
0.775199946242089
0.775199946242089
0.775199946242089
0.775199946242089
0.781181015106776
0.781181015106776
0.781181015106777
0.781181015106777
0.783641110159966
0.783641110159966
0.783641110159966
0.783641110159967
0.783641110159967
0.783641110159967
0.783641110159967
0.783641110159967
0.818676263364404
0.818676263364404
0.818676263364404
0.818676263364404
0.830916127224255
0.830916127224255
0.830916127224255
0.830916127224255
0.830916127224255
0.830916127224255
0.830916127224255
0.830916127224255
0.838140158156217
0.838140158156217
0.838140158156217
0.838140158156217
0.838140158156217
0.838140158156217
0.838140158156217
0.838140158156217
0.860151520154453
0.860151520154453
0.860151520154453
0.860151520154453
0.860151520154453
0.860151520154454
0.860151520154454
0.860151520154454
0.865053798481045
0.865053798481045
0.865053798481045
0.865053798481045
0.873388962575066
0.873388962575066
0.873388962575066
0.873388962575066
0.913359190448992
0.913359190448992
0.913359190448993
0.913359190448993
0.913359190448993
0.913359190448993
0.913359190448993
0.913359190448993
0.926257622252391
0.926257622252392
0.926257622252392
0.926257622252392
0.926257622252392
0.926257622252393
0.926257622252393
0.926257622252393
0.931112094934970
0.931112094934970
0.931112094934970
0.931112094934970
0.931112094934971
0.931112094934971
0.931112094934971
0.931112094934971
0.933032634383582
0.933032634383582
0.933032634383583
0.933032634383583
0.977262583475450
0.977262583475450
0.977262583475450
0.977262583475450
0.977262583475450
0.977262583475450
0.977262583475450
0.977262583475451
1.024824307413412
1.024824307413412
1.024824307413412
1.024824307413412
1.024824307413413
1.024824307413413
1.024824307413413
1.024824307413413
1.058293233581585
1.058293233581585
1.058293233581585
1.058293233581585
1.058293233581585
1.058293233581585
1.058293233581585
1.058293233581586
1.080741917920619
1.080741917920619
1.080741917920619
1.080741917920619
1.080741917920620
1.080741917920620
1.080741917920620
1.080741917920620
1.091905341161147
1.091905341161147
1.091905341161147
1.091905341161147
1.091905341161147
1.091905341161147
1.091905341161147
1.091905341161148
1.092840973912005
1.092840973912005
1.092840973912005
1.092840973912005
1.092840973912006
1.092840973912006
1.092840973912006
1.092840973912006
1.096598246035978
1.096598246035978
1.096598246035978
1.096598246035978
1.096598246035978
1.096598246035978
1.096598246035979
1.096598246035979
1.097714697975485
1.097714697975485
1.097714697975485
1.097714697975485
1.097714697975485
1.097714697975485
1.097714697975485
1.097714697975486
1.098663974791846
1.098663974791846
1.098663974791846
1.098663974791846
1.104208532010534
1.104208532010534
1.104208532010534
1.104208532010534
1.104208532010535
1.104208532010535
1.104208532010535
1.104208532010535
1.110403252089633
1.110403252089634
1.110403252089634
1.110403252089634
1.126940494365585
1.126940494365585
1.126940494365585
1.126940494365585
1.154151232426454
1.154151232426455
1.154151232426455
1.154151232426455
1.154151232426455
1.154151232426455
1.154151232426455
1.154151232426455
1.168634784716738
1.168634784716738
1.168634784716738
1.168634784716738
1.168634784716738
1.168634784716738
1.168634784716738
1.168634784716738
1.188288086550623
1.188288086550623
1.188288086550624
1.188288086550624
1.188288086550624
1.188288086550624
1.188288086550624
1.188288086550624
1.196203786037250
1.196203786037250
1.196203786037250
1.196203786037251
1.196203786037251
1.196203786037251
1.196203786037251
1.196203786037251
1.196335994930740
1.196335994930740
1.196335994930741
1.196335994930741
1.196598302583814
1.196598302583814
1.196598302583814
1.196598302583814
1.196949080885159
1.196949080885159
1.196949080885159
1.196949080885159
1.196949080885159
1.196949080885159
1.196949080885159
1.196949080885159
1.196968332266060
1.196968332266060
1.196968332266060
1.196968332266060
1.196968332266060
1.196968332266060
1.196968332266060
1.196968332266061
1.203883589135587
1.203883589135587
1.203883589135587
1.203883589135587
1.217037441066747
1.217037441066747
1.217037441066747
1.217037441066747
1.217037441066747
1.217037441066748
1.217037441066748
1.217037441066748
1.228815434391991
1.228815434391991
1.228815434391991
1.228815434391991
1.229036413943823
1.229036413943823
1.230134740890598
1.230134740890598
1.230134740890598
1.230134740890598
1.231086752141948
1.231086752141949
1.231086752141949
1.231086752141949
1.289679035520726
1.289679035520726
1.289679035520726
1.289679035520727
1.289679035520727
1.289679035520727
1.289679035520727
1.289679035520727
1.320206256054909
1.320206256054909
1.320206256054910
1.320206256054910
1.320206256054910
1.320206256054910
1.320206256054910
1.320206256054910
1.326936716063813
1.326936716063813
1.326936716063813
1.326936716063814
1.326936716063814
1.326936716063814
1.326936716063815
1.326936716063815
1.344169885991729
1.344169885991729
1.344169885991729
1.344169885991729
1.344169885991730
1.344169885991730
1.344169885991730
1.344169885991730
1.349253472908769
1.349253472908770
1.349253472908770
1.349253472908770
1.415179154493879
1.415179154493879
1.415179154493879
1.415179154493879
1.415179154493879
1.415179154493879
1.415179154493879
1.415179154493879
1.421833079568113
1.421833079568113
1.421833079568114
1.421833079568114
1.421833079568114
1.421833079568114
1.421833079568114
1.421833079568115
1.434849013740607
1.434849013740607
1.434849013740607
1.434849013740607
1.434849013740607
1.434849013740607
1.434849013740607
1.434849013740607
1.469160818983739
1.469160818983739
1.469160818983739
1.469160818983739
1.469160818983739
1.469160818983739
1.469160818983739
1.469160818983739
1.469884166945044
1.469884166945044
1.469884166945044
1.469884166945044
1.487461024745444
1.487461024745445
1.487461024745445
1.487461024745445
1.487461024745445
1.487461024745445
1.487461024745446
1.487461024745446
1.497277339847400
1.497277339847400
1.497277339847400
1.497277339847400
1.497277339847400
1.497277339847400
1.497277339847400
1.497277339847400
1.510772489032244
1.510772489032244
1.510772489032244
1.510772489032244
1.510772489032244
1.510772489032244
1.510772489032244
1.510772489032245
1.514884813317033
1.514884813317033
1.514884813317033
1.514884813317033
1.517296672319069
1.517296672319069
1.517296672319070
1.517296672319070
1.517296672319070
1.517296672319070
1.517296672319070
1.517296672319070
1.525520705629032
1.525520705629032
1.525520705629032
1.525520705629032
1.525520705629032
1.525520705629032
1.525520705629032
1.525520705629032
1.525558231913597
1.525558231913598
1.525558231913598
1.525558231913599
1.560769510047881
1.560769510047881
1.560769510047881
1.560769510047881
1.573268925956892
1.573268925956892
1.573268925956892
1.573268925956892
1.573268925956892
1.573268925956893
1.573268925956893
1.573268925956893
1.583765293116016
1.583765293116016
1.583765293116016
1.583765293116016
1.583765293116016
1.583765293116016
1.583765293116016
1.583765293116016
1.597647426077482
1.597647426077482
1.597647426077482
1.597647426077482
1.597647426077482
1.597647426077482
1.597647426077482
1.597647426077482
1.604030475992572
1.604030475992573
1.604030475992573
1.604030475992573
1.604030475992573
1.604030475992573
1.604030475992574
1.604030475992574
1.607406597213682
1.607406597213682
1.607406597213682
1.607406597213683
1.609261577094009
1.609261577094009
1.609261577094010
1.609261577094010
1.609261577094010
1.609261577094010
1.609261577094010
1.609261577094010
1.612819141109001
1.612819141109001
1.612819141109001
1.612819141109001
1.621214825609505
1.621214825609505
1.621214825609506
1.621214825609506
1.621214825609506
1.621214825609506
1.621214825609506
1.621214825609506
1.630413672056009
1.630413672056009
1.630413672056009
1.630413672056009
1.630813834702020
1.630813834702020
1.630813834702020
1.630813834702020
1.641873225448750
1.641873225448750
1.641873225448750
1.641873225448750
1.645257252469010
1.645257252469010
1.686687807675427
1.686687807675427
1.686687807675427
1.686687807675428
1.686687807675428
1.686687807675428
1.686687807675428
1.686687807675429
1.698573400865456
1.698573400865456
1.698573400865456
1.698573400865457
1.698573400865457
1.698573400865457
1.698573400865457
1.698573400865458
1.733655822888639
1.733655822888639
1.733655822888639
1.733655822888639
1.733655822888640
1.733655822888640
1.733655822888640
1.733655822888641
1.757258026300264
1.757258026300264
1.757258026300264
1.757258026300265
1.757258026300265
1.757258026300265
1.757258026300266
1.757258026300266
1.764408452732733
1.764408452732734
1.764408452732734
1.764408452732735
1.802172189419704
1.802172189419704
1.802172189419705
1.802172189419705
1.802172189419705
1.802172189419705
1.802172189419706
1.802172189419706
1.813216158551154
1.813216158551154
1.813216158551154
1.813216158551154
1.813216158551154
1.813216158551154
1.813216158551155
1.813216158551155
1.846574343557802
1.846574343557802
1.846574343557802
1.846574343557802
1.846574343557802
1.846574343557803
1.846574343557803
1.846574343557803
1.848251311755591
1.848251311755591
1.848251311755591
1.848251311755592
1.866169591138440
1.866169591138440
1.866169591138440
1.866169591138440
1.866169591138440
1.866169591138440
1.866169591138441
1.866169591138441
1.903996446672225
1.903996446672226
1.903996446672226
1.903996446672226
1.903996446672226
1.903996446672226
1.903996446672226
1.903996446672226
1.912513740554857
1.912513740554858
1.912513740554858
1.912513740554858
1.912513740554858
1.912513740554858
1.912513740554858
1.912513740554858
1.917075085435006
1.917075085435006
1.917075085435006
1.917075085435006
1.917075085435006
1.917075085435006
1.917075085435007
1.917075085435007
1.923860629340779
1.923860629340779
1.923860629340779
1.923860629340780
1.923860629340780
1.923860629340780
1.923860629340780
1.923860629340780
1.930039793140996
1.930039793140996
1.930039793140997
1.930039793140997
1.947762544973707
1.947762544973707
1.947762544973707
1.947762544973707
1.950223411377951
1.950223411377951
1.950223411377952
1.950223411377952
1.950223411377952
1.950223411377952
1.950223411377952
1.950223411377952
1.959635909038866
1.959635909038866
1.959635909038866
1.959635909038867
1.970277698111593
1.970277698111593
1.970277698111593
1.970277698111594
1.970277698111594
1.970277698111594
1.970277698111594
1.970277698111594
2.004366532902307
2.004366532902308
2.004366532902308
2.004366532902308
2.004366532902308
2.004366532902308
2.004366532902308
2.004366532902308
2.004415369368383
2.004415369368383
2.004415369368384
2.004415369368384
2.022349717402544
2.022349717402545
2.022349717402545
2.022349717402545
2.022349717402545
2.022349717402545
2.022349717402545
2.022349717402546
2.023358329446892
2.023358329446892
2.023358329446892
2.023358329446892
2.023358329446892
2.023358329446892
2.023358329446893
2.023358329446893
2.027974120932964
2.027974120932964
2.027974120932965
2.027974120932965
2.037532941526845
2.037532941526845
2.037532941526845
2.037532941526846
2.041766511719282
2.041766511719282
2.041766511719282
2.041766511719282
2.041766511719282
2.041766511719282
2.041766511719282
2.041766511719282
2.054961365757285
2.054961365757285
2.054961365757286
2.054961365757286
2.060412232292973
2.060412232292974
2.080835656900807
2.080835656900807
2.080835656900807
2.080835656900807
2.080835656900807
2.080835656900807
2.080835656900807
2.080835656900807
2.090605407983106
2.090605407983106
2.090605407983106
2.090605407983106
2.111429071665115
2.111429071665116
2.111429071665116
2.111429071665116
2.111429071665117
2.111429071665117
2.111429071665117
2.111429071665117
2.112769371983264
2.112769371983264
2.112769371983264
2.112769371983265
2.112769371983265
2.112769371983265
2.112769371983265
2.112769371983265
2.163269883578200
2.163269883578200
2.163269883578200
2.163269883578200
2.163269883578200
2.163269883578201
2.163269883578201
2.163269883578202
2.190184765359146
2.190184765359146
2.190184765359147
2.190184765359147
2.190184765359147
2.190184765359147
2.190184765359148
2.190184765359148
2.198486129858002
2.198486129858002
2.198486129858003
2.198486129858003
2.221500042874023
2.221500042874024
2.221500042874024
2.221500042874024
2.221500042874024
2.221500042874024
2.221500042874024
2.221500042874025
2.227412129668962
2.227412129668962
2.227412129668962
2.227412129668962
2.227412129668962
2.227412129668962
2.227412129668962
2.227412129668962
2.262447282873399
2.262447282873399
2.262447282873399
2.262447282873400
2.290910855128128
2.290910855128128
2.290910855128129
2.290910855128129
2.290910855128129
2.290910855128129
2.290910855128129
2.290910855128129
2.302192198135502
2.302192198135502
2.302192198135502
2.302192198135502
2.302192198135502
2.302192198135502
2.302192198135502
2.302192198135502
2.331841594009176
2.331841594009177
2.331841594009177
2.331841594009177
2.331841594009177
2.331841594009177
2.331841594009177
2.331841594009177
2.333610507361787
2.333610507361787
2.333610507361787
2.333610507361787
2.333610507361787
2.333610507361787
2.333610507361787
2.333610507361787
2.356787368399661
2.356787368399661
2.356787368399662
2.356787368399662
2.356787368399662
2.356787368399662
2.356787368399662
2.356787368399663
2.364117470266265
2.364117470266265
2.364117470266265
2.364117470266265
2.367090398428026
2.367090398428026
2.367090398428026
2.367090398428026
2.375076304038272
2.375076304038272
2.375076304038272
2.375076304038272
2.375076304038273
2.375076304038273
2.375076304038273
2.375076304038273
2.395018962101282
2.395018962101282
2.395018962101282
2.395018962101282
2.395018962101282
2.395018962101282
2.395018962101283
2.395018962101283
2.409844242669252
2.409844242669252
2.409844242669252
2.409844242669252
2.409844242669253
2.409844242669253
2.409844242669253
2.409844242669253
2.419827644965963
2.419827644965963
2.419827644965963
2.419827644965964
2.429156633358072
2.429156633358072
2.429156633358072
2.429156633358073
2.433980593591869
2.433980593591869
2.433980593591869
2.433980593591869
2.433980593591869
2.433980593591869
2.433980593591869
2.433980593591869
2.455276456461426
2.455276456461426
2.455276456461426
2.455276456461426
2.455276456461427
2.455276456461427
2.455276456461427
2.455276456461427
2.462051798058233
2.462051798058233
2.462051798058233
2.462051798058233
2.467147002216406
2.467147002216406
2.467147002216407
2.467147002216407
2.476239961648948
2.476239961648948
2.476239961648949
2.476239961648949
2.476239961648949
2.476239961648949
2.476239961648949
2.476239961648949
2.487888104816167
2.487888104816167
2.487888104816168
2.487888104816168
2.494489909418242
2.494489909418243
2.530872596458788
2.530872596458788
2.530872596458788
2.530872596458788
2.562933684532976
2.562933684532976
2.562933684532976
2.562933684532976
2.562933684532976
2.562933684532976
2.562933684532976
2.562933684532976
2.567046926242815
2.567046926242815
2.567046926242816
2.567046926242816
2.567046926242816
2.567046926242816
2.567046926242817
2.567046926242817
2.570430247263804
2.570430247263804
2.570430247263804
2.570430247263804
2.580372506603807
2.580372506603807
2.621271102181466
2.621271102181466
2.621271102181466
2.621271102181466
2.621271102181467
2.621271102181467
2.621271102181467
2.621271102181467
2.649805596650447
2.649805596650447
2.649805596650447
2.649805596650448
2.649805596650448
2.649805596650448
2.649805596650448
2.649805596650449
2.658677865785099
2.658677865785099
2.658677865785100
2.658677865785100
2.674381675076080
2.674381675076080
2.674381675076081
2.674381675076081
2.674381675076081
2.674381675076081
2.674381675076081
2.674381675076081
2.677576442218673
2.677576442218673
2.677576442218673
2.677576442218673
2.677576442218673
2.677576442218673
2.677576442218673
2.677576442218673
2.712611595423111
2.712611595423111
2.712611595423111
2.712611595423111
2.746528709705828
2.746528709705828
2.746528709705828
2.746528709705828
2.746528709705828
2.746528709705828
2.746528709705828
2.746528709705828
2.784723226211233
2.784723226211233
2.784723226211233
2.784723226211233
2.784723226211234
2.784723226211234
2.784723226211234
2.784723226211234
2.790576555789785
2.790576555789785
2.790576555789786
2.790576555789786
2.791611725965053
2.791611725965053
2.791611725965053
2.791611725965053
2.791611725965053
2.791611725965053
2.791611725965053
2.791611725965053
2.816408199690962
2.816408199690962
2.816408199690963
2.816408199690963
2.816408199690963
2.816408199690963
2.816408199690963
2.816408199690963
2.819972030630082
2.819972030630082
2.819972030630083
2.819972030630083
2.824309206193362
2.824309206193362
2.824309206193362
2.824309206193362
2.850636816678981
2.850636816678981
2.850636816678981
2.850636816678981
2.850636816678982
2.850636816678982
2.850636816678982
2.850636816678982
2.864182388777778
2.864182388777778
2.864182388777778
2.864182388777778
2.884774487935771
2.884774487935771
2.884774487935772
2.884774487935772
2.891981812195135
2.891981812195135
2.891981812195135
2.891981812195135
2.891981812195135
2.891981812195135
2.891981812195135
2.891981812195135
2.899438833032249
2.899438833032249
2.899438833032250
2.899438833032250
2.909594743586664
2.909594743586664
2.914897287752728
2.914897287752728
2.914897287752728
2.914897287752728
2.914897287752728
2.914897287752728
2.914897287752728
2.914897287752728
2.922243533985330
2.922243533985330
2.922243533985331
2.922243533985331
2.925148220819672
2.925148220819672
2.925148220819673
2.925148220819673
2.947508936107469
2.947508936107469
2.947508936107469
2.947508936107469
2.954681645345339
2.954681645345339
2.963783945405051
2.963783945405051
2.963783945405051
2.963783945405051
3.049626537191259
3.049626537191259
3.049626537191259
3.049626537191259
3.055431283897099
3.055431283897100
3.055431283897100
3.055431283897101
3.110377186920972
3.110377186920972
3.110377186920973
3.110377186920973
3.139400187013444
3.139400187013445
3.139400187013445
3.139400187013446
3.148444964405799
3.148444964405801
3.161925658832183
3.161925658832183
3.161925658832183
3.161925658832184
3.164269294876956
3.164269294876956
3.164269294876956
3.164269294876956
3.199304448081393
3.199304448081393
3.234913067360112
3.234913067360112
3.234913067360112
3.234913067360112
3.272267209967336
3.272267209967336
3.272267209967336
3.272267209967336
3.280717810704559
3.280717810704559
3.280717810704559
3.280717810704559
3.306002790053960
3.306002790053960
3.306002790053960
3.306002790053960
3.307516014386185
3.307516014386185
3.314076304814063
3.314076304814063
3.339021174333265
3.339021174333265
3.339021174333266
3.339021174333266
3.373158845590055
3.373158845590056
3.381087896934641
3.381087896934641
3.381087896934641
3.381087896934641
3.404491878115725
3.404491878115725
3.404491878115725
3.404491878115725
3.412010632606031
3.412010632606031
3.414254305559178
3.414254305559179
3.437103526470466
3.437103526470466
3.444448743966040
Kgrid: 23
-2.357022603955159
-2.142747821777417
-1.928473039599675
-1.714198257421933
-1.499923475244192
-1.285648693066450
-1.071373910888708
-0.857099128710967
-0.642824346533225
-0.428549564355483
-0.214274782177742
0.000000000000000
0.214274782177742
0.428549564355484
0.642824346533225
0.857099128710967
1.071373910888708
1.285648693066450
1.499923475244192
1.714198257421933
1.928473039599675
2.142747821777417
2.357022603955159
Davidson lowest eigenvalues at each iteration: 10
0.122624582490050
0.047555811121088
-0.057644257117211
-0.060286895352091
-0.060295241491667
-0.060295342864192
-0.060295343874743
-0.060295343879474
-0.060295343879809
-0.060295343879818
DavVals: 80
0.122624582490050
0.122624582490051
0.140270206842114
0.140270206842114
0.144260497370867
0.144260497370867
0.148159842638841
0.148159842638841
0.047555811121088
0.097251118141442
0.097251118141442
0.099128490938432
0.099128490938432
0.118338922236597
0.118338922236598
0.139955637767390
-0.057644257117211
0.056939735309820
0.056939735309820
0.093061384659587
0.093061384659587
0.108916307104104
0.108916307104104
0.117134227829197
-0.060286895352091
0.052491081562097
0.052491090393830
0.093056449353074
0.093056449353075
0.108751854095890
0.108751854310604
0.110325554186907
-0.060295241491667
0.052446739217518
0.052446739767136
0.093056449353074
0.093056449353074
0.108751031928323
0.108751031937758
0.110272382453066
-0.060295342864192
0.052446596319637
0.052446596427960
0.093056449353074
0.093056449353075
0.108751029832631
0.108751029835344
0.110272255797615
-0.060295343874743
0.052446596081383
0.052446596091629
0.093056449353074
0.093056449353075
0.108751029829403
0.108751029829740
0.110272255457340
-0.060295343879474
0.052446596081129
0.052446596082273
0.093056449353074
0.093056449353074
0.108751029829401
0.108751029829454
0.110272255450726
-0.060295343879809
0.052446596081114
0.052446596081170
0.093056449353074
0.093056449353074
0.108751029829401
0.108751029829404
0.110272255450660
-0.060295343879818
0.052446596081114
0.052446596081115
0.093056449353074
0.093056449353074
0.108751029829400
0.108751029829401
0.110272255450659
Davidson Times Per Iteration: 10
3.993065335000000
2.001792332000000
2.062536818000000
2.115489364000000
1.905913806000000
1.939598083000000
1.942418332000000
2.011987693000000
2.028489944000000
2.094425730000000

                            End of Section: Vectors                            

--------------------------------------------------------------------------------

                                    Matrices                                    

--------------------------------------------------------------------------------

Occupied States: 97 x 2
         6         9
         6        10
         6        11
         6        12
         6        13
         7         8
         7         9
         7        10
         7        11
         7        12
         7        13
         7        14
         8         7
         8         8
         8         9
         8        10
         8        11
         8        12
         8        13
         8        14
         8        15
         9         6
         9         7
         9         8
         9         9
         9        10
         9        11
         9        12
         9        13
         9        14
         9        15
         9        16
        10         6
        10         7
        10         8
        10         9
        10        10
        10        11
        10        12
        10        13
        10        14
        10        15
        10        16
        11         6
        11         7
        11         8
        11         9
        11        10
        11        11
        11        12
        11        13
        11        14
        11        15
        11        16
        12         6
        12         7
        12         8
        12         9
        12        10
        12        11
        12        12
        12        13
        12        14
        12        15
        12        16
        13         6
        13         7
        13         8
        13         9
        13        10
        13        11
        13        12
        13        13
        13        14
        13        15
        13        16
        14         7
        14         8
        14         9
        14        10
        14        11
        14        12
        14        13
        14        14
        14        15
        15         8
        15         9
        15        10
        15        11
        15        12
        15        13
        15        14
        16         9
        16        10
        16        11
        16        12
        16        13
Virtual States: 387 x 2
         0         0
         0         1
         0         2
         0         3
         0         4
         0         5
         0         6
         0         7
         0         8
         0         9
         0        10
         0        11
         0        12
         0        13
         0        14
         0        15
         0        16
         0        17
         0        18
         0        19
         0        20
         0        21
         1         0
         1         1
         1         2
         1         3
         1         4
         1         5
         1         6
         1         7
         1         8
         1         9
         1        10
         1        11
         1        12
         1        13
         1        14
         1        15
         1        16
         1        17
         1        18
         1        19
         1        20
         1        21
         2         0
         2         1
         2         2
         2         3
         2         4
         2         5
         2         6
         2         7
         2         8
         2         9
         2        10
         2        11
         2        12
         2        13
         2        14
         2        15
         2        16
         2        17
         2        18
         2        19
         2        20
         2        21
         3         0
         3         1
         3         2
         3         3
         3         4
         3         5
         3         6
         3         7
         3         8
         3         9
         3        10
         3        11
         3        12
         3        13
         3        14
         3        15
         3        16
         3        17
         3        18
         3        19
         3        20
         3        21
         4         0
         4         1
         4         2
         4         3
         4         4
         4         5
         4         6
         4         7
         4         8
         4         9
         4        10
         4        11
         4        12
         4        13
         4        14
         4        15
         4        16
         4        17
         4        18
         4        19
         4        20
         4        21
         5         0
         5         1
         5         2
         5         3
         5         4
         5         5
         5         6
         5         7
         5         8
         5         9
         5        10
         5        11
         5        12
         5        13
         5        14
         5        15
         5        16
         5        17
         5        18
         5        19
         5        20
         5        21
         6         0
         6         1
         6         2
         6         3
         6         4
         6         5
         6         6
         6         7
         6         8
         6        14
         6        15
         6        16
         6        17
         6        18
         6        19
         6        20
         6        21
         7         0
         7         1
         7         2
         7         3
         7         4
         7         5
         7         6
         7         7
         7        15
         7        16
         7        17
         7        18
         7        19
         7        20
         7        21
         8         0
         8         1
         8         2
         8         3
         8         4
         8         5
         8         6
         8        16
         8        17
         8        18
         8        19
         8        20
         8        21
         9         0
         9         1
         9         2
         9         3
         9         4
         9         5
         9        17
         9        18
         9        19
         9        20
         9        21
        10         0
        10         1
        10         2
        10         3
        10         4
        10         5
        10        17
        10        18
        10        19
        10        20
        10        21
        11         0
        11         1
        11         2
        11         3
        11         4
        11         5
        11        17
        11        18
        11        19
        11        20
        11        21
        12         0
        12         1
        12         2
        12         3
        12         4
        12         5
        12        17
        12        18
        12        19
        12        20
        12        21
        13         0
        13         1
        13         2
        13         3
        13         4
        13         5
        13        17
        13        18
        13        19
        13        20
        13        21
        14         0
        14         1
        14         2
        14         3
        14         4
        14         5
        14         6
        14        16
        14        17
        14        18
        14        19
        14        20
        14        21
        15         0
        15         1
        15         2
        15         3
        15         4
        15         5
        15         6
        15         7
        15        15
        15        16
        15        17
        15        18
        15        19
        15        20
        15        21
        16         0
        16         1
        16         2
        16         3
        16         4
        16         5
        16         6
        16         7
        16         8
        16        14
        16        15
        16        16
        16        17
        16        18
        16        19
        16        20
        16        21
        17         0
        17         1
        17         2
        17         3
        17         4
        17         5
        17         6
        17         7
        17         8
        17         9
        17        10
        17        11
        17        12
        17        13
        17        14
        17        15
        17        16
        17        17
        17        18
        17        19
        17        20
        17        21
        18         0
        18         1
        18         2
        18         3
        18         4
        18         5
        18         6
        18         7
        18         8
        18         9
        18        10
        18        11
        18        12
        18        13
        18        14
        18        15
        18        16
        18        17
        18        18
        18        19
        18        20
        18        21
        19         0
        19         1
        19         2
        19         3
        19         4
        19         5
        19         6
        19         7
        19         8
        19         9
        19        10
        19        11
        19        12
        19        13
        19        14
        19        15
        19        16
        19        17
        19        18
        19        19
        19        20
        19        21
        20         0
        20         1
        20         2
        20         3
        20         4
        20         5
        20         6
        20         7
        20         8
        20         9
        20        10
        20        11
        20        12
        20        13
        20        14
        20        15
        20        16
        20        17
        20        18
        20        19
        20        20
        20        21
        21         0
        21         1
        21         2
        21         3
        21         4
        21         5
        21         6
        21         7
        21         8
        21         9
        21        10
        21        11
        21        12
        21        13
        21        14
        21        15
        21        16
        21        17
        21        18
        21        19
        21        20
        21        21
Excitations: 1219 x 2
           65          238
           75          239
           21          238
           65          170
           31          239
           21          170
           75          171
           31          171
           12          252
           20          253
           76          252
           12          156
           20          157
           84          253
           76          156
           84          157
           32          238
           54          238
           64          239
           42          239
           32          170
           54          170
           64          171
           42          171
           11          269
            5          140
           11          141
            5          268
           91          269
           85          140
           85          268
           91          141
           43          238
           53          239
           43          170
           53          171
            4          123
           92          119
            0          119
           96          123
            4          290
            0          286
           92          286
           96          290
            3          122
           95          122
            3          289
           93          120
            1          120
           95          289
            1          287
           93          287
            2          121
           94          121
            2          288
           94          288
           75          254
           65          251
           21          251
           31          254
           65          155
           75          158
           21          155
           31          158
           74          253
           66          252
           22          252
           74          157
           30          253
           66          156
           22          156
           30          157
           64          254
           54          251
           32          251
           42          254
           54          155
           32          155
           64          158
           42          158
           63          253
           55          252
           33          252
           41          253
           63          157
           55          156
           33          156
           41          157
           12          139
           12          267
           20          270
           20          142
           76          139
           76          267
           84          270
           84          142
           53          254
           43          251
           43          155
           53          158
           13          268
           13          140
           19          269
           19          141
           83          269
           77          268
           77          140
           83          141
           44          252
           52          253
           44          156
           52          157
            5          285
            5          118
           11          124
           11          291
           85          285
           85          118
           91          291
           91          124
           75          271
           65          266
           21          266
           65          138
           75          143
           31          271
           21          138
           31          143
            6          119
           10          123
           10          290
            6          286
           86          119
           90          123
           86          286
           90          290
            9          122
            7          120
            9          289
            7          287
           89          122
           87          120
           89          289
           87          287
            8          121
            8          288
           88          121
           88          288
           29          269
           67          268
           67          140
           23          140
           23          268
           73          269
           29          141
           73          141
           74          142
           74          270
           66          139
           22          267
           22          139
           66          267
           30          270
           30          142
            4          101
           96          101
            4          312
           92          308
           92           97
           96          312
            0          308
            0           97
            3          100
            3          311
           95          100
            1           98
           95          311
           93           98
            1          309
           93          309
            2           99
           94           99
            2          310
           94          310
           54          266
           32          266
           64          271
           42          271
           32          138
           54          138
           64          143
           42          143
           43          266
           53          271
           43          138
           53          143
           62          269
           56          140
           56          268
           40          269
           34          140
           34          268
           62          141
           40          141
           63          270
           63          142
           33          267
           33          139
           55          267
           55          139
           41          270
           41          142
           12          284
           20          292
           12          117
           20          125
           76          284
           84          292
           76          117
           84          125
           51          269
           45          140
           45          268
           51          141
           44          267
           44          139
           52          270
           52          142
           13          285
           13          118
           19          124
           19          291
           77          285
           77          118
           83          291
           83          124
           14          119
           18          123
           14          286
           18          290
           78          119
           78          286
           82          123
           82          290
           17          122
           15          120
           17          289
           15          287
           81          122
           81          289
           79          120
           79          287
           16          121
           16          288
           80          121
           80          288
           75          293
           65          283
           21          283
           75          126
           65          116
           31          293
           21          116
           31          126
            5          307
           11          313
            5           96
           11          102
           85          307
           85           96
           91          313
           91          102
           74          292
           22          284
           66          284
           66          117
           74          125
           22          117
           30          292
           30          125
           10          312
            6           97
           10          101
            6          308
           90          101
           86           97
           86          308
           90          312
           42          293
           54          283
           64          126
           54          116
           64          293
           32          116
           32          283
           42          126
           67          118
           67          285
           23          285
           23          118
           73          291
           73          124
           29          124
           29          291
           28          123
           28          290
           72          123
           24          119
           24          286
           68          119
           72          290
           68          286
           27          122
           25          287
           71          122
           71          289
           69          120
           27          289
           25          120
           69          287
           70          121
           70          288
           26          121
           26          288
            9          100
            7           98
            9          311
            7          309
           89          311
           89          100
           87          309
           87           98
            8           99
            8          310
           88           99
           88          310
           43          116
           53          126
           53          293
           43          283
            4          334
           96          334
           92          330
            0          330
           96           79
            4           79
            0           75
           92           75
           55          284
           63          292
           33          284
           41          292
           63          125
           41          125
           55          117
           33          117
            3          333
           95          333
            1          331
           93          331
            1           76
            3           78
           93           76
           95           78
           60          122
           36          120
           60          289
           38          122
           58          287
           58          120
           36          287
           38          289
           94          332
            2          332
            2           77
           94           77
           59          121
           37          121
           59          288
           37          288
           56          118
           56          285
           34          285
           34          118
           62          124
           62          291
           40          124
           40          291
           61          123
           57          119
           35          119
           61          290
           39          123
           35          286
           57          286
           39          290
           44          284
           44          117
           52          292
           52          125
           12          306
           20          314
           20          103
           12           95
           76          306
           84          103
           84          314
           76           95
           49          122
           47          120
           47          287
           49          289
           48          121
           48          288
           50          123
           46          119
           50          290
           46          286
           45          285
           45          118
           51          291
           51          124
           13          307
           13           96
           19          313
           19          102
           77          307
           77           96
           83          313
           83          102
           65          305
           75          315
           65           94
           21          305
           75          104
           21           94
           31          315
           31          104
           18          101
           14          308
           14           97
           18          312
           78           97
           78          308
           82          101
           82          312
           15           98
           15          309
           17          100
           17          311
           81          100
           79           98
           81          311
           79          309
           16           99
           16          310
           80           99
           80          310
           74          314
           74          103
           66          306
           66           95
           22          306
           22           95
           30          103
           30          314
           11          335
            5          329
            5           74
           85          329
           11           80
           91          335
           85           74
           91           80
           32          305
           64          315
           54          305
           42          315
           42          104
           64          104
           54           94
           32           94
           23           96
           67           96
           67          307
           23          307
           29          102
           29          313
           73          313
           73          102
           43          305
           53          315
           43           94
           53          104
           10          334
            6          330
           10           79
            6           75
           86          330
           90          334
           86           75
           90           79
           24           97
           24          308
           68          308
           68           97
           72          312
           72          101
           28          101
           28          312
           27          100
           25           98
           71          100
           25          309
           27          311
           71          311
           69           98
           69          309
           26           99
           70           99
           70          310
           26          310
            9          333
            7          331
            7           76
           89          333
           87          331
            9           78
           87           76
           89           78
           63          314
           33          306
           55          306
           63          103
           55           95
           33           95
           41          103
           41          314
            8          332
           88          332
            8           77
           88           77
           44          306
           44           95
           52          103
           52          314
           56           96
           34          307
           56          307
           34           96
           62          313
           62          102
           40          313
           40          102
           92          352
            0          352
            4          356
           96          356
            4           57
           96           57
            0           53
           92           53
           61          101
           61          312
           57          308
           39          312
           39          101
           35          308
           35           97
           57           97
           12          328
           20          336
           76          328
           84          336
           20           81
           12           73
           76           73
           84           81
           45          307
           45           96
           51          313
           51          102
           36           98
           60          100
           36          309
           58          309
           60          311
           58           98
           38          100
           38          311
           37          310
           37           99
           59          310
           59           99
           95          355
            3          355
            1          353
           93          353
            3           56
           95           56
           93           54
            1           54
            2          354
           94          354
            2           55
           94           55
           50          312
           50          101
           46          308
           46           97
           49          100
           49          311
           47          309
           47           98
           48           99
           48          310
           13          329
           13           74
           19          335
           77          329
           83          335
           19           80
           77           74
           83           80
           65          327
           75          337
           21          327
           31          337
           65           72
           75           82
           21           72
           31           82
           18          334
           14          330
           18           79
           14           75
           82          334
           78          330
           78           75
           82           79
           15          331
           17          333
           15           76
           17           78
           81          333
           79          331
           79           76
           81           78
           16          332
           16           77
           80          332
           80           77
           66          328
           74          336
           22          328
           30          336
           74           81
           66           73
           22           73
           30           81
           54          327
           64          337
           42          337
           32          327
           32           72
           54           72
           42           82
           64           82
            5          351
           11          357
            5           52
           11           58
           85          351
           91          357
           85           52
           91           58
           43          327
           53          337
           43           72
           53           82
           67          329
           23          329
           29          335
           23           74
           67           74
           73          335
           73           80
           29           80
           28          334
           72          334
           24          330
           68          330
           28           79
           72           79
           24           75
           68           75
           63          336
           55          328
           33          328
           41          336
           63           81
           41           81
           55           73
           33           73
            6          352
           10          356
           86          352
           10           57
            6           53
           90          356
           86           53
           90           57
           27          333
           71          333
           25          331
           69          331
           25           76
           69           76
           27           78
           71           78
           26          332
           70          332
           26           77
           70           77
           44          328
           52          336
           44           73
           52           81
            9          355
            7          353
           89          355
            9           56
            7           54
           87          353
           89           56
           87           54
            8          354
           88          354
            8           55
           88           55
           34          329
           56          329
           62          335
           34           74
           56           74
           40          335
           40           80
           62           80
           61          334
           39          334
           35          330
           57          330
           61           79
           57           75
           35           75
           39           79
           45          329
           51          335
           45           74
           51           80
           60          333
           58          331
           36          331
           38          333
           36           76
           60           78
           58           76
           38           78
           12          350
           20          358
           12           51
           76          350
           20           59
           84          358
           76           51
           84           59
           37          332
           59          332
           37           77
           59           77
           50          334
           46          330
           50           79
           46           75
           96          378
            4          378
            0          374
            0           31
           96           35
           92           31
           92          374
            4           35
           47          331
           49          333
           47           76
           49           78
           48          332
           48           77
            3          377
           93           32
           93          375
            1          375
           95          377
            1           32
           95           34
            3           34
           94          376
            2          376
           94           33
            2           33
           13          351
           19          357
           13           52
           77          351
           77           52
           19           58
           83          357
           83           58
           75          359
           65          349
           21          349
           31          359
           75           60
           31           60
           65           50
           21           50
           14          352
           18          356
           14           53
           78          352
           18           57
           82          356
           78           53
           82           57
           17          355
           15          353
           15           54
           81          355
           17           56
           79          353
           81           56
           79           54
           16          354
           16           55
           80          354
           80           55
           74          358
           66          350
           22          350
           74           59
           22           51
           30          358
           66           51
           30           59
           64          359
           54          349
           42          359
           32          349
           64           60
           42           60
           54           50
           32           50
           43          349
           53          359
           53           60
           43           50
           23          351
           67          351
           67           52
           23           52
           29          357
           73          357
           73           58
           29           58
           11          379
           11           36
            5           30
            5          373
           85          373
           85           30
           91           36
           91          379
           63          358
           33          350
           41          358
           63           59
           55          350
           41           59
           33           51
           55           51
           28          356
           24          352
           68          352
           72          356
           24           53
           28           57
           72           57
           68           53
           27          355
           71          355
           69          353
           25          353
           25           54
           71           56
           27           56
           69           54
           26          354
           70          354
           26           55
           70           55
           52          358
           44          350
           52           59
           44           51
           10           35
            6          374
            6           31
           10          378
           86          374
           90          378
           90           35
           86           31
           34          351
           56          351
           56           52
           40          357
           34           52
           62          357
           62           58
           40           58
            9           34
            9          377
            7           32
            7          375
           89          377
           89           34
           87           32
           87          375
            8           33
            8          376
           88          376
           88           33
           45          351
           45           52
           51          357
           51           58
           57          352
           61          356
           35          352
           57           53
           39          356
           61           57
           35           53
           39           57
           36          353
           60          355
           58          353
           38          355
           36           54
           60           56
           58           54
           38           56
           37          354
           59          354
           59           55
           37           55
           50          356
           46          352
           50           57
           46           53
           20           37
           20          380
           12           29
           12          372
           84           37
           84          380
           76           29
           76          372
           49          355
           47          353
           47           54
           49           56
           48          354
           48           55
            4           13
           96           13
           92            9
            0            9
           21           28
           75           38
           75          381
           21          371
           31           38
           31          381
           65           28
           65          371
           13           30
           13          373
           77           30
           77          373
           19           36
           19          379
           83           36
           83          379
            3           12
           95           12
            1           10
           93           10
            2           11
           94           11
           18           35
           14           31
           18          378
           14          374
           78          374
           78           31
           82           35
           82          378
           17          377
           15           32
           15          375
           17           34
           81          377
           81           34
           79          375
           79           32
           16          376
           16           33
           80          376
           80           33
           74           37
           74          380
           30          380
           22           29
           30           37
           22          372
           66           29
           66          372
           64           38
           54           28
           32          371
           54          371
           42           38
           64          381
           42          381
           32           28
           43          371
           43           28
           53           38
           53          381
           23           30
           23          373
           67          373
           67           30
           29          379
           73           36
           73          379
           29           36
           63          380
           63           37
           41          380
           41           37
           55          372
           55           29
           33          372
           33           29
           11           14
            5            8
           85            8
           91           14
           68          374
           72           35
           28          378
           24          374
           28           35
           24           31
           68           31
           72          378
           25          375
           27          377
           27           34
           69          375
           71           34
           71          377
           25           32
           69           32
           52           37
           52          380
           44          372
           44           29
           26          376
           26           33
           70          376
           70           33
           56          373
           56           30
           34           30
           34          373
           40          379
           62          379
           62           36
           40           36
           10           13
            6            9
           86            9
           90           13
           45          373
           45           30
           51          379
           51           36
           39          378
           61          378
           39           35
           61           35
           35           31
           35          374
           57           31
           57          374
            7           10
            9           12
           89           12
           87           10
            8           11
           88           11
           60          377
           36          375
           38          377
           60           34
           38           34
           58          375
           58           32
           36           32
           37          376
           59          376
           59           33
           37           33
           50          378
           50           35
           46          374
           46           31
           49           34
           49          377
           47          375
           47           32
           48           33
           48          376
           20           15
           12            7
           76            7
           84           15
           21            6
           75           16
           65            6
           31           16
           13            8
           77            8
           19           14
           83           14
           18           13
           14            9
           78            9
           82           13
           15           10
           17           12
           81           12
           79           10
           16           11
           80           11
           74           15
           22            7
           66            7
           30           15
           42           16
           32            6
           54            6
           64           16
           53           16
           43            6
           23            8
           67            8
           73           14
           29           14
           63           15
           41           15
           55            7
           33            7
           24            9
           28           13
           72           13
           68            9
           27           12
           25           10
           71           12
           69           10
           52           15
           44            7
           26           11
           70           11
           56            8
           34            8
           62           14
           40           14
           45            8
           51           14
           57            9
           35            9
           61           13
           39           13
           38           12
           58           10
           36           10
           60           12
           37           11
           59           11
           50           13
           46            9
           47           10
           49           12
           48           11

                            End of Section: Matrices                            

################################################################################

                              End of Output File.                              

################################################################################
