################################################################################

            Output File for HFS, the Hartree-Fock Stability Program            
                              Author: Evan Curtin                              
             Institution: University of Illinois @ Urbana-Champaign             
                          email: ecurtin2@illinois.edu                          
                       Built on Nov  2 2016, at 17:06:03                       

################################################################################

                Computation Started : Wed Nov  2 17:20:31 2016
                
                Computation Finished: Wed Nov  2 17:21:46 2016
                
                     Total Elapsed Time = 75.2014 seconds.                     

--------------------------------------------------------------------------------

                                     Input                                     

--------------------------------------------------------------------------------

Nk = 20
ndim = 2
rs = 1.200000047683716

                             End of Section: Input                             

--------------------------------------------------------------------------------

                                     Output                                     

--------------------------------------------------------------------------------

deltaK = 0.248107756716501
kf = 1.178511255147749
kmax = 2.357023688806754
Nocc = 76
Nvir = 285
Nexc = 812
ground_state_degeneracy = 8
dav_its = 23
num_guess_evecs = 50
Dav_blocksize = 20
Dav_Num_evals = 8
Mv_time = 0.014389057000000
cond_number = 22.248615438220693
Dav_nconv = 8
Davidson Tolerance = 1.00e-08
Dav_maxits = 50
Dav_maxsubsize = 1000
Dav_final_val = 0.049142442790653
Dav_time = 54.155265825000001
full_diag_min = 0.049142442790655
full_diag_time = 21.025385943000000

                             End of Section: Output                             

--------------------------------------------------------------------------------

                                    Vectors                                    

--------------------------------------------------------------------------------

Occ Energies: 76
0.027202699144045
-0.075990662312809
-0.075990662312809
0.027202699144045
-0.144269547504256
-0.351887864882150
-0.449721525620835
-0.449721525620835
-0.351887864882150
-0.144269547504256
-0.144269547504256
-0.437059106615841
-0.623840013550455
-0.714866344843556
-0.714866344843556
-0.623840013550455
-0.437059106615841
-0.144269547504256
0.027202699144045
-0.351887864882150
-0.623840013550455
-0.800538581779961
-0.887771037992734
-0.887771037992734
-0.800538581779961
-0.623840013550455
-0.351887864882150
0.027202699144045
-0.075990662312809
-0.449721525620835
-0.714866344843556
-0.887771037992734
-0.973351381147168
-0.973351381147168
-0.887771037992734
-0.714866344843556
-0.449721525620835
-0.075990662312809
-0.075990662312809
-0.449721525620834
-0.714866344843556
-0.887771037992734
-0.973351381147168
-0.973351381147168
-0.887771037992734
-0.714866344843556
-0.449721525620835
-0.075990662312810
0.027202699144045
-0.351887864882150
-0.623840013550455
-0.800538581779960
-0.887771037992733
-0.887771037992734
-0.800538581779960
-0.623840013550455
-0.351887864882150
0.027202699144044
-0.144269547504256
-0.437059106615841
-0.623840013550455
-0.714866344843556
-0.714866344843556
-0.623840013550455
-0.437059106615841
-0.144269547504257
-0.144269547504256
-0.351887864882150
-0.449721525620835
-0.449721525620835
-0.351887864882150
-0.144269547504257
0.027202699144044
-0.075990662312810
-0.075990662312810
0.027202699144044
Vir Energies: 285
5.289555339758431
4.732766808636783
4.232060138686537
3.788215869243342
3.402704723547735
3.077123494416429
2.813567295499053
2.614000338793197
2.479854841391576
2.412404596308280
2.412404596308280
2.479854841391576
2.614000338793196
2.813567295499052
3.077123494416429
3.402704723547735
3.788215869243342
4.232060138686536
4.732766808636783
4.732766808636783
4.175857757149830
3.674784624461825
3.230315397514305
2.843909016913364
2.517166603985915
2.252258094538317
2.051308170716575
1.915992679560131
1.847867654332825
1.847867654332825
1.915992679560131
2.051308170716574
2.252258094538316
2.517166603985915
2.843909016913364
3.230315397514305
3.674784624461824
4.175857757149829
4.232060138686537
3.674784624461825
3.172594146749204
2.726207672054837
2.337026086848519
2.006622888488086
1.737330280838381
1.531720054692782
1.392334476117852
1.321843381509940
1.321843381509940
1.392334476117852
1.531720054692782
1.737330280838380
2.006622888488086
2.337026086848519
2.726207672054837
3.172594146749202
3.674784624461824
3.788215869243342
3.230315397514305
2.726207672054837
2.276488322407737
1.882381223484412
1.545287818681697
1.267523323715635
1.052000468944759
0.903190850420834
0.827285819325459
0.827285819325459
0.903190850420834
1.052000468944759
1.267523323715634
1.545287818681697
1.882381223484412
2.276488322407737
2.726207672054836
3.230315397514304
3.402704723547735
2.843909016913363
2.337026086848519
1.882381223484412
1.480794011319354
1.133131523618814
0.840867386834672
0.604906738796539
0.430470548924291
0.342740744325639
0.342740744325639
0.430470548924291
0.604906738796538
0.840867386834671
1.133131523618814
1.480794011319354
1.882381223484412
2.337026086848518
2.843909016913362
3.077123494416429
2.517166603985915
2.006622888488086
1.545287818681697
1.133131523618814
0.769726649840594
0.453696946734475
0.179380976792689
0.179380976792689
0.453696946734475
0.769726649840594
1.133131523618814
1.545287818681697
2.006622888488085
2.517166603985914
2.813567295499052
2.252258094538317
1.737330280838381
1.267523323715634
0.840867386834672
0.453696946734475
0.099419089574203
0.099419089574203
0.453696946734475
0.840867386834672
1.267523323715635
1.737330280838380
2.252258094538316
2.614000338793196
2.051308170716574
1.531720054692781
1.052000468944759
0.604906738796538
0.179380976792689
0.179380976792689
0.604906738796538
1.052000468944758
1.531720054692780
2.051308170716573
2.479854841391576
1.915992679560131
1.392334476117852
0.903190850420834
0.430470548924291
0.430470548924291
0.903190850420834
1.392334476117851
1.915992679560130
2.412404596308280
1.847867654332825
1.321843381509940
0.827285819325458
0.342740744325639
0.342740744325640
0.827285819325458
1.321843381509939
1.847867654332824
2.412404596308280
1.847867654332825
1.321843381509940
0.827285819325458
0.342740744325639
0.342740744325639
0.827285819325458
1.321843381509940
1.847867654332824
2.479854841391576
1.915992679560131
1.392334476117852
0.903190850420834
0.430470548924290
0.430470548924291
0.903190850420834
1.392334476117851
1.915992679560130
2.614000338793196
2.051308170716574
1.531720054692781
1.052000468944759
0.604906738796538
0.179380976792689
0.179380976792688
0.604906738796538
1.052000468944758
1.531720054692780
2.051308170716573
2.813567295499052
2.252258094538316
1.737330280838380
1.267523323715634
0.840867386834671
0.453696946734475
0.099419089574202
0.099419089574202
0.453696946734475
0.840867386834671
1.267523323715634
1.737330280838379
2.252258094538315
3.077123494416429
2.517166603985915
2.006622888488086
1.545287818681697
1.133131523618814
0.769726649840594
0.453696946734475
0.179380976792689
0.179380976792688
0.453696946734474
0.769726649840593
1.133131523618814
1.545287818681697
2.006622888488085
2.517166603985914
3.402704723547735
2.843909016913364
2.337026086848519
1.882381223484413
1.480794011319353
1.133131523618814
0.840867386834672
0.604906738796538
0.430470548924291
0.342740744325639
0.342740744325639
0.430470548924291
0.604906738796538
0.840867386834671
1.133131523618814
1.480794011319354
1.882381223484412
2.337026086848518
2.843909016913363
3.788215869243342
3.230315397514305
2.726207672054837
2.276488322407737
1.882381223484412
1.545287818681697
1.267523323715634
1.052000468944758
0.903190850420834
0.827285819325458
0.827285819325458
0.903190850420834
1.052000468944758
1.267523323715634
1.545287818681697
1.882381223484412
2.276488322407737
2.726207672054836
3.230315397514304
4.232060138686536
3.674784624461824
3.172594146749202
2.726207672054836
2.337026086848518
2.006622888488085
1.737330280838380
1.531720054692780
1.392334476117850
1.321843381509939
1.321843381509939
1.392334476117850
1.531720054692780
1.737330280838379
2.006622888488085
2.337026086848518
2.726207672054836
3.172594146749201
3.674784624461823
4.732766808636783
4.175857757149829
3.674784624461824
3.230315397514304
2.843909016913363
2.517166603985914
2.252258094538316
2.051308170716574
1.915992679560130
1.847867654332824
1.847867654332824
1.915992679560130
2.051308170716573
2.252258094538315
2.517166603985914
2.843909016913363
3.230315397514304
3.674784624461823
4.175857757149828
Excitation Energies: 812
0.152178277648644
0.152178277648644
0.152178277648644
0.152178277648644
0.152178277648644
0.152178277648644
0.152178277648644
0.152178277648644
0.243688637078458
0.243688637078458
0.243688637078458
0.243688637078459
0.243688637078459
0.243688637078459
0.243688637078459
0.243688637078459
0.255371639105498
0.255371639105498
0.255371639105498
0.255371639105498
0.255371639105498
0.255371639105498
0.255371639105498
0.255371639105498
0.323650524296944
0.323650524296945
0.323650524296945
0.323650524296945
0.323650524296945
0.323650524296945
0.323650524296945
0.323650524296945
0.403267849780246
0.403267849780246
0.403267849780246
0.403267849780246
0.403267849780246
0.403267849780246
0.403267849780246
0.403267849780246
0.418731406638448
0.418731406638448
0.418731406638448
0.418731406638449
0.418731406638449
0.418731406638449
0.418731406638449
0.418731406638449
0.426494247590430
0.426494247590430
0.426494247590430
0.426494247590430
0.426494247590430
0.426494247590430
0.426494247590430
0.426494247590431
0.451306954456352
0.451306954456352
0.451306954456352
0.451306954456352
0.451306954456353
0.451306954456353
0.451306954456353
0.451306954456353
0.529687609047284
0.529687609047284
0.529687609047284
0.529687609047284
0.529687609047284
0.529687609047285
0.529687609047285
0.529687609047285
0.549140615195037
0.549140615195037
0.549140615195037
0.549140615195037
0.549140615195038
0.549140615195038
0.549140615195038
0.549140615195038
0.597966494238731
0.597966494238731
0.597966494238731
0.597966494238731
0.597966494238731
0.597966494238731
0.597966494238731
0.597966494238732
0.616440083408529
0.616440083408529
0.616440083408529
0.616440083408530
0.616440083408530
0.616440083408530
0.616440083408530
0.616440083408530
0.742523950696548
0.742523950696549
0.742523950696549
0.742523950696549
0.742523950696549
0.742523950696549
0.742523950696549
0.742523950696549
0.749176286300794
0.749176286300794
0.749176286300794
0.749176286300794
0.749176286300795
0.749176286300795
0.749176286300795
0.749176286300795
0.782358413806441
0.782358413806441
0.782358413806441
0.782358413806441
0.782358413806441
0.782358413806441
0.782358413806441
0.782358413806441
0.792462269946474
0.792462269946474
0.792462269946474
0.792462269946474
0.792462269946474
0.792462269946474
0.792462269946474
0.792462269946474
0.803220990343143
0.803220990343144
0.803220990343144
0.803220990343144
0.803220990343144
0.803220990343144
0.803220990343144
0.803220990343144
0.805584811616624
0.805584811616625
0.805584811616625
0.805584811616625
0.805584811616625
0.805584811616625
0.805584811616625
0.805584811616625
0.845717312153403
0.845717312153403
0.845717312153403
0.845717312153403
0.845717312153403
0.845717312153403
0.845717312153403
0.845717312153403
0.875988151276789
0.875988151276789
0.875988151276789
0.875988151276789
0.875988151276790
0.875988151276790
0.875988151276790
0.875988151276790
0.894247321636244
0.894247321636244
0.894247321636244
0.894247321636245
0.894247321636245
0.894247321636245
0.894247321636245
0.894247321636245
0.903276481638267
0.903276481638267
0.903276481638267
0.903276481638268
0.903276481638268
0.903276481638268
0.903276481638268
0.903276481638268
0.903418472355309
0.903418472355310
0.903418472355310
0.903418472355310
0.903418472355310
0.903418472355310
0.903418472355310
0.903418472355310
0.985136934338927
0.985136934338928
0.985136934338928
0.985136934338928
0.985136934338928
0.985136934338928
0.985136934338928
0.985136934338928
1.041965845412379
1.041965845412379
1.041965845412379
1.041965845412379
1.041965845412379
1.041965845412379
1.041965845412379
1.041965845412380
1.054310562474746
1.054310562474746
1.054310562474746
1.054310562474746
1.054310562474746
1.054310562474746
1.054310562474746
1.054310562474746
1.057607089169195
1.057607089169195
1.057607089169195
1.057607089169195
1.057607089169195
1.057607089169195
1.057607089169195
1.057607089169195
1.105928824474769
1.105928824474769
1.105928824474769
1.105928824474769
1.105928824474769
1.105928824474769
1.105928824474769
1.105928824474770
1.192755251716821
1.192755251716822
1.192755251716822
1.192755251716822
1.192755251716822
1.192755251716822
1.192755251716822
1.192755251716822
1.196270016449014
1.196270016449014
1.196270016449015
1.196270016449015
1.196270016449015
1.196270016449015
1.196270016449015
1.196270016449016
1.209122185931623
1.209122185931623
1.209122185931623
1.209122185931623
1.209122185931623
1.209122185931624
1.209122185931624
1.209122185931624
1.228746752346993
1.228746752346993
1.228746752346993
1.228746752346993
1.228746752346993
1.228746752346993
1.228746752346993
1.228746752346994
1.230511782318372
1.230511782318373
1.230511782318373
1.230511782318373
1.230511782318373
1.230511782318373
1.230511782318373
1.230511782318374
1.231009130704251
1.231009130704251
1.231009130704251
1.231009130704251
1.231009130704251
1.231009130704251
1.231009130704251
1.231009130704251
1.255078715302984
1.255078715302984
1.255078715302984
1.255078715302984
1.255078715302984
1.255078715302985
1.255078715302985
1.255078715302985
1.277007344946292
1.277007344946292
1.277007344946293
1.277007344946293
1.277007344946293
1.277007344946293
1.277007344946294
1.277007344946294
1.290588912455506
1.290588912455506
1.290588912455506
1.290588912455506
1.290588912455507
1.290588912455507
1.290588912455507
1.290588912455507
1.316092125472807
1.316092125472807
1.316092125472807
1.316092125472808
1.316092125472808
1.316092125472808
1.316092125472808
1.316092125472808
1.318241586917025
1.318241586917025
1.318241586917025
1.318241586917025
1.318241586917025
1.318241586917025
1.318241586917025
1.318241586917025
1.319773083640094
1.319773083640094
1.319773083640094
1.319773083640094
1.319773083640094
1.319773083640094
1.319773083640094
1.319773083640094
1.365131776973806
1.365131776973806
1.365131776973806
1.365131776973806
1.365131776973807
1.365131776973807
1.365131776973807
1.365131776973807
1.397834043822749
1.397834043822749
1.397834043822749
1.397834043822749
1.397834043822750
1.397834043822750
1.397834043822750
1.397834043822750
1.411792871219890
1.411792871219890
1.411792871219890
1.411792871219891
1.411792871219891
1.411792871219891
1.411792871219891
1.411792871219891
1.489059575560599
1.489059575560599
1.489059575560599
1.489059575560599
1.489059575560599
1.489059575560600
1.489059575560600
1.489059575560600
1.518085119537652
1.518085119537652
1.518085119537652
1.518085119537652
1.518085119537652
1.518085119537652
1.518085119537652
1.518085119537653
1.527030863971289
1.527030863971289
1.527030863971289
1.527030863971289
1.527030863971289
1.527030863971290
1.527030863971290
1.527030863971290
1.542152164169014
1.542152164169014
1.542152164169014
1.542152164169014
1.542152164169015
1.542152164169015
1.542152164169015
1.542152164169015
1.619411188597784
1.619411188597784
1.619411188597784
1.619411188597784
1.619411188597784
1.619411188597785
1.619411188597785
1.619411188597785
1.621278480994506
1.621278480994506
1.621278480994506
1.621278480994506
1.621278480994506
1.621278480994507
1.621278480994507
1.621278480994507
1.675840482495213
1.675840482495213
1.675840482495213
1.675840482495213
1.675840482495214
1.675840482495214
1.675840482495214
1.675840482495214
1.675989602197036
1.675989602197037
1.675989602197037
1.675989602197037
1.675989602197037
1.675989602197038
1.675989602197038
1.675989602197038
1.703729432200794
1.703729432200794
1.703729432200794
1.703729432200794
1.703729432200795
1.703729432200795
1.703729432200795
1.703729432200795
1.715056857318191
1.715056857318192
1.715056857318192
1.715056857318192
1.715056857318192
1.715056857318192
1.715056857318193
1.715056857318193
1.717244849336469
1.717244849336469
1.717244849336469
1.717244849336469
1.717244849336469
1.717244849336469
1.717244849336470
1.717244849336470
1.744222341000000
1.744222341000000
1.744222341000001
1.744222341000001
1.744222341000001
1.744222341000002
1.744222341000002
1.744222341000002
1.766866813788314
1.766866813788314
1.766866813788314
1.766866813788314
1.766866813788315
1.766866813788315
1.766866813788315
1.766866813788315
1.771564907130774
1.771564907130774
1.771564907130774
1.771564907130774
1.771564907130775
1.771564907130775
1.771564907130776
1.771564907130776
1.790961888413568
1.790961888413568
1.790961888413568
1.790961888413568
1.790961888413569
1.790961888413569
1.790961888413569
1.790961888413569
1.800637200472626
1.800637200472626
1.800637200472626
1.800637200472626
1.800637200472627
1.800637200472627
1.800637200472627
1.800637200472627
1.881599828342635
1.881599828342636
1.881599828342636
1.881599828342636
1.881599828342637
1.881599828342637
1.881599828342637
1.881599828342637
1.888789980416086
1.888789980416086
1.888789980416086
1.888789980416086
1.888789980416087
1.888789980416087
1.888789980416087
1.888789980416087
1.923858316645634
1.923858316645634
1.923858316645634
1.923858316645634
1.923858316645635
1.923858316645635
1.923858316645635
1.923858316645635
1.968779161308621
1.968779161308621
1.968779161308622
1.968779161308622
1.968779161308622
1.968779161308622
1.968779161308623
1.968779161308623
1.979420189344040
1.979420189344041
1.979420189344041
1.979420189344041
1.979420189344041
1.979420189344042
1.979420189344042
1.979420189344042
2.016174489668305
2.016174489668305
2.016174489668305
2.016174489668306
2.016174489668306
2.016174489668306
2.016174489668307
2.016174489668307
2.036709726353495
2.036709726353495
2.036709726353495
2.036709726353495
2.036709726353496
2.036709726353497
2.036709726353497
2.036709726353497
2.082613550800894
2.082613550800894
2.082613550800895
2.082613550800895
2.082613550800895
2.082613550800895
2.082613550800896
2.082613550800896
2.089218145720529
2.089218145720530
2.089218145720530
2.089218145720530
2.089218145720531
2.089218145720531
2.089218145720531
2.089218145720531
2.155560068243235
2.155560068243235
2.155560068243235
2.155560068243236
2.155560068243236
2.155560068243236
2.155560068243236
2.155560068243237
2.187051806459214
2.187051806459214
2.187051806459214
2.187051806459214
2.187051806459215
2.187051806459216
2.187051806459216
2.187051806459216
2.192873057897811
2.192873057897811
2.192873057897811
2.192873057897811
2.192873057897812
2.192873057897812
2.192873057897812
2.192873057897812
2.195577718220829
2.195577718220830
2.195577718220830
2.195577718220830
2.195577718220830
2.195577718220830
2.195577718220830
2.195577718220831
2.209614419502673
2.209614419502673
2.209614419502674
2.209614419502674
2.209614419502674
2.209614419502674
2.209614419502675
2.209614419502675
2.246586399536336
2.246586399536336
2.246586399536336
2.246586399536337
2.246586399536338
2.246586399536338
2.246586399536338
2.246586399536338
2.267880544442280
2.267880544442280
2.267880544442280
2.267880544442280
2.267880544442281
2.267880544442281
2.267880544442282
2.267880544442282
2.280105514110585
2.280105514110585
2.280105514110585
2.280105514110585
2.280105514110585
2.280105514110585
2.280105514110585
2.280105514110585
2.295194762657108
2.295194762657108
2.295194762657108
2.295194762657108
2.295194762657109
2.295194762657109
2.295194762657109
2.295194762657109
2.297589179953659
2.297589179953659
2.297589179953659
2.297589179953659
2.297589179953660
2.297589179953660
2.297589179953660
2.297589179953661
2.396527642042571
2.396527642042572
2.396527642042572
2.396527642042572
2.396527642042573
2.396527642042573
2.396527642042573
2.396527642042573
2.452652142247532
2.452652142247532
2.452652142247532
2.452652142247532
2.488367277332414
2.488367277332414
2.488367277332415
2.488367277332415
2.488367277332415
2.488367277332415
2.488367277332415
2.488367277332416
2.488395258621090
2.488395258621090
2.488395258621090
2.488395258621090
2.489963904841869
2.489963904841869
2.489963904841869
2.489963904841869
2.489963904841870
2.489963904841870
2.489963904841870
2.489963904841871
2.539832693110585
2.539832693110585
2.539832693110585
2.539832693110585
2.539832693110586
2.539832693110586
2.539832693110586
2.539832693110587
2.562733999176380
2.562733999176380
2.562733999176380
2.562733999176380
2.562733999176381
2.562733999176381
2.562733999176381
2.562733999176381
2.593157266298723
2.593157266298723
2.593157266298723
2.593157266298723
2.593157266298724
2.593157266298724
2.593157266298725
2.593157266298725
2.604145959420465
2.604145959420466
2.604145959420466
2.604145959420466
2.604145959420466
2.604145959420467
2.604145959420467
2.604145959420467
2.675148184267028
2.675148184267028
2.675148184267029
2.675148184267029
2.675148184267029
2.675148184267029
2.675148184267030
2.675148184267030
2.701979620159150
2.701979620159150
2.701979620159150
2.701979620159150
2.701979620159151
2.701979620159151
2.701979620159151
2.701979620159152
2.716531261340090
2.716531261340091
2.716531261340091
2.716531261340091
2.716531261340092
2.716531261340092
2.716531261340092
2.716531261340092
2.735638692325558
2.735638692325558
2.735638692325558
2.735638692325558
2.735638692325559
2.735638692325559
2.735638692325560
2.735638692325560
2.758269886297452
2.758269886297453
2.758269886297453
2.758269886297454
2.766174515560129
2.766174515560129
2.766174515560130
2.766174515560130
2.766174515560130
2.766174515560130
2.766174515560130
2.766174515560130
2.803763717552864
2.803763717552864
2.803763717552864
2.803763717552864
2.803763717552866
2.803763717552866
2.803763717552866
2.803763717552866
2.821219035479992
2.821219035479992
2.821219035479993
2.821219035479993
2.821219035479994
2.821219035479994
2.821219035479994
2.821219035479994
2.831742706273726
2.831742706273726
2.831742706273726
2.831742706273727
2.862126121929115
2.862126121929115
2.862126121929115
2.862126121929115
2.957836843003308
2.957836843003308
2.957836843003309
2.957836843003309
3.049920795272385
3.049920795272385
3.049920795272385
3.049920795272385
3.051059445409037
3.051059445409037
3.051059445409038
3.051059445409038
3.103694854942031
3.103694854942031
3.103694854942031
3.103694854942031
3.127270941151836
3.127270941151836
3.127270941151836
3.127270941151836
3.153114156729239
3.153114156729239
3.153114156729239
3.153114156729239
3.165455160381202
3.165455160381202
3.165455160381203
3.165455160381203
3.237840352343651
3.237840352343651
3.237840352343652
3.237840352343652
3.263288821119887
3.263288821119887
3.263288821119887
3.263288821119887
3.280393423171536
3.280393423171537
3.280393423171537
3.280393423171537
3.300175634301014
3.300175634301014
3.300175634301014
3.300175634301015
3.328866683636752
3.328866683636752
3.328866683636753
3.328866683636753
3.367625879384310
3.367625879384310
3.367625879384311
3.367625879384311
3.385755977455449
3.385755977455449
3.385755977455449
3.385755977455449
Kgrid: 20
-2.357023688806754
-2.108915932090254
-1.860808175373753
-1.612700418657253
-1.364592661940752
-1.116484905224252
-0.868377148507752
-0.620269391791251
-0.372161635074751
-0.124053878358251
0.124053878358250
0.372161635074751
0.620269391791251
0.868377148507751
1.116484905224252
1.364592661940752
1.612700418657253
1.860808175373753
2.108915932090253
2.357023688806754
DavVals: 8
0.049142442790653
0.049142442790654
0.095327529123711
0.095327529123711
0.100417573436515
0.100417573436515
0.110801567541476
0.110801567541477

                            End of Section: Vectors                            

--------------------------------------------------------------------------------

                                    Matrices                                    

--------------------------------------------------------------------------------

Occupied States: 76 x 2
         5         8
         5         9
         5        10
         5        11
         6         7
         6         8
         6         9
         6        10
         6        11
         6        12
         7         6
         7         7
         7         8
         7         9
         7        10
         7        11
         7        12
         7        13
         8         5
         8         6
         8         7
         8         8
         8         9
         8        10
         8        11
         8        12
         8        13
         8        14
         9         5
         9         6
         9         7
         9         8
         9         9
         9        10
         9        11
         9        12
         9        13
         9        14
        10         5
        10         6
        10         7
        10         8
        10         9
        10        10
        10        11
        10        12
        10        13
        10        14
        11         5
        11         6
        11         7
        11         8
        11         9
        11        10
        11        11
        11        12
        11        13
        11        14
        12         6
        12         7
        12         8
        12         9
        12        10
        12        11
        12        12
        12        13
        13         7
        13         8
        13         9
        13        10
        13        11
        13        12
        14         8
        14         9
        14        10
        14        11
Virtual States: 285 x 2
         0         0
         0         1
         0         2
         0         3
         0         4
         0         5
         0         6
         0         7
         0         8
         0         9
         0        10
         0        11
         0        12
         0        13
         0        14
         0        15
         0        16
         0        17
         0        18
         1         0
         1         1
         1         2
         1         3
         1         4
         1         5
         1         6
         1         7
         1         8
         1         9
         1        10
         1        11
         1        12
         1        13
         1        14
         1        15
         1        16
         1        17
         1        18
         2         0
         2         1
         2         2
         2         3
         2         4
         2         5
         2         6
         2         7
         2         8
         2         9
         2        10
         2        11
         2        12
         2        13
         2        14
         2        15
         2        16
         2        17
         2        18
         3         0
         3         1
         3         2
         3         3
         3         4
         3         5
         3         6
         3         7
         3         8
         3         9
         3        10
         3        11
         3        12
         3        13
         3        14
         3        15
         3        16
         3        17
         3        18
         4         0
         4         1
         4         2
         4         3
         4         4
         4         5
         4         6
         4         7
         4         8
         4         9
         4        10
         4        11
         4        12
         4        13
         4        14
         4        15
         4        16
         4        17
         4        18
         5         0
         5         1
         5         2
         5         3
         5         4
         5         5
         5         6
         5         7
         5        12
         5        13
         5        14
         5        15
         5        16
         5        17
         5        18
         6         0
         6         1
         6         2
         6         3
         6         4
         6         5
         6         6
         6        13
         6        14
         6        15
         6        16
         6        17
         6        18
         7         0
         7         1
         7         2
         7         3
         7         4
         7         5
         7        14
         7        15
         7        16
         7        17
         7        18
         8         0
         8         1
         8         2
         8         3
         8         4
         8        15
         8        16
         8        17
         8        18
         9         0
         9         1
         9         2
         9         3
         9         4
         9        15
         9        16
         9        17
         9        18
        10         0
        10         1
        10         2
        10         3
        10         4
        10        15
        10        16
        10        17
        10        18
        11         0
        11         1
        11         2
        11         3
        11         4
        11        15
        11        16
        11        17
        11        18
        12         0
        12         1
        12         2
        12         3
        12         4
        12         5
        12        14
        12        15
        12        16
        12        17
        12        18
        13         0
        13         1
        13         2
        13         3
        13         4
        13         5
        13         6
        13        13
        13        14
        13        15
        13        16
        13        17
        13        18
        14         0
        14         1
        14         2
        14         3
        14         4
        14         5
        14         6
        14         7
        14        12
        14        13
        14        14
        14        15
        14        16
        14        17
        14        18
        15         0
        15         1
        15         2
        15         3
        15         4
        15         5
        15         6
        15         7
        15         8
        15         9
        15        10
        15        11
        15        12
        15        13
        15        14
        15        15
        15        16
        15        17
        15        18
        16         0
        16         1
        16         2
        16         3
        16         4
        16         5
        16         6
        16         7
        16         8
        16         9
        16        10
        16        11
        16        12
        16        13
        16        14
        16        15
        16        16
        16        17
        16        18
        17         0
        17         1
        17         2
        17         3
        17         4
        17         5
        17         6
        17         7
        17         8
        17         9
        17        10
        17        11
        17        12
        17        13
        17        14
        17        15
        17        16
        17        17
        17        18
        18         0
        18         1
        18         2
        18         3
        18         4
        18         5
        18         6
        18         7
        18         8
        18         9
        18        10
        18        11
        18        12
        18        13
        18        14
        18        15
        18        16
        18        17
        18        18
Excitations: 812 x 2
           27          176
           18          175
           27          129
           48          175
           57          176
           18          128
           57          129
           48          128
           17          188
           10          187
           58          187
           65          188
           10          116
           17          117
           58          116
           65          117
           28          175
           38          175
           37          176
           47          176
           37          129
           47          129
           28          128
           38          128
            4          201
            9          202
            4          102
            9          103
           66          201
           71          202
           66          102
           71          103
            0          217
            3          220
            0           84
            3           87
           72          217
           75          220
           75           87
           72           84
            2          219
            2           86
            1           85
            1          218
           74          219
           74           86
           73           85
           73          218
           27          189
           18          186
           48          186
           27          118
           57          189
           18          115
           57          118
           48          115
           56          188
           26          188
           49          187
           19          187
           56          117
           49          116
           26          117
           19          116
           38          186
           28          186
           37          189
           47          189
           37          118
           47          118
           28          115
           38          115
           39          187
           36          188
           46          188
           29          187
           39          116
           46          117
           36          117
           29          116
           10          200
           17          203
           58          200
           10          101
           65          203
           17          104
           58          101
           65          104
           16          202
           11          201
           16          103
           11          102
           59          201
           64          202
           59          102
           64          103
           27          204
           18          199
           57          204
           27          105
           18          100
           48          199
           48          100
           57          105
            4          216
            9          221
            4           83
            9           88
           66          216
           71          221
           66           83
           71           88
            8           87
            5          217
            8          220
            5           84
           70           87
           67          217
           67           84
           70          220
            7          219
            7           86
            6           85
            6          218
           68           85
           69          219
           69           86
           68          218
           55          202
           50          201
           20          201
           25          202
           55          103
           20          102
           25          103
           50          102
           56          203
           49          200
           19          200
           26          203
           56          104
           49          101
           19          101
           26          104
           37          204
           47          204
           28          199
           38          199
           38          100
           28          100
           37          105
           47          105
            0          236
            3          239
           75          239
           72          236
            0           65
            3           68
           75           68
           72           65
           45          202
           40          201
           30          201
           35          202
           45          103
           30          102
           35          103
           40          102
            2          238
            1          237
           73          237
           74          238
            2           67
            1           66
           74           67
           73           66
           39          200
           29          200
           36          203
           46          203
           39          101
           29          101
           36          104
           46          104
           10          215
           10           82
           17          222
           58          215
           17           89
           58           82
           65          222
           65           89
           11          216
           16          221
           11           83
           16           88
           59           83
           59          216
           64          221
           64           88
           12          217
           12           84
           15          220
           15           87
           63          220
           63           87
           60          217
           60           84
           13           85
           61           85
           14          219
           14           86
           62          219
           62           86
           13          218
           61          218
           27          223
           48           81
           18          214
           27           90
           18           81
           48          214
           57          223
           57           90
           56          222
           56           89
           49           82
           26          222
           49          215
           19          215
           26           89
           19           82
            4          235
            9          240
           66          235
            4           64
           71          240
            9           69
           66           64
           71           69
           28           81
           38          214
           28          214
           38           81
           37          223
           37           90
           47           90
           47          223
           55          221
           55           88
           25          221
           20          216
           50          216
           50           83
           20           83
           25           88
           52           85
           53           86
           53          219
           52          218
           23           86
           23          219
           22           85
           22          218
           54          220
           51          217
           51           84
           54           87
           24           87
           24          220
           21          217
           21           84
            5          236
            8          239
           70          239
           67          236
            8           68
            5           65
           70           68
           67           65
            7          238
            6          237
           68          237
            7           67
           69          238
            6           66
           68           66
           69           67
           39          215
           29          215
           39           82
           36          222
           29           82
           46          222
           36           89
           46           89
           43          219
           43           86
           42           85
           32           85
           33          219
           32          218
           42          218
           33           86
           31           84
           34           87
           34          220
           31          217
           41          217
           44           87
           44          220
           41           84
           45          221
           40          216
           30          216
           35          221
           45           88
           35           88
           40           83
           30           83
            0          255
            3          258
           75          258
           72          255
           75           49
            3           49
            0           46
           72           46
            2          257
            1          256
           73          256
           74          257
            1           47
            2           48
           74           48
           73           47
           10          234
           17          241
           10           63
           58          234
           58           63
           17           70
           65          241
           65           70
           11          235
           16          240
           59          235
           11           64
           64          240
           16           69
           59           64
           64           69
           27          242
           48          233
           18          233
           27           71
           57           71
           57          242
           18           62
           48           62
           12          236
           15          239
           63          239
           60          236
           15           68
           12           65
           63           68
           60           65
           14          238
           13          237
           61          237
           62          238
           61           66
           14           67
           62           67
           13           66
           56          241
           19          234
           26          241
           49          234
           49           63
           19           63
           56           70
           26           70
           28          233
           38          233
           37          242
           47          242
           37           71
           38           62
           47           71
           28           62
           55          240
           50          235
           25          240
           20          235
           50           64
           55           69
           20           64
           25           69
            4          254
            9          259
           66          254
           71          259
            4           45
            9           50
           66           45
           71           50
           51          236
           54          239
           21          236
           24          239
           54           68
           51           65
           21           65
           24           68
           52          237
           53          238
           52           66
           23          238
           22          237
           53           67
           23           67
           22           66
           39          234
           39           63
           29          234
           36          241
           29           63
           46          241
           36           70
           46           70
            5          255
            8          258
           67          255
           70          258
            8           49
            5           46
           67           46
           70           49
           40          235
           45          240
           30          235
           35          240
           30           64
           40           64
           45           69
           35           69
            7          257
            6          256
           69          257
           68          256
            7           48
            6           47
           68           47
           69           48
           34          239
           41          236
           44          239
           31          236
           41           65
           31           65
           44           68
           34           68
           32          237
           43          238
           42          237
           33          238
           42           66
           33           67
           32           66
           43           67
           10          253
           17          260
           58          253
           65          260
           17           51
           10           44
           65           51
           58           44
            0          274
           75          277
            3          277
           72          274
            3           30
            0           27
           75           30
           72           27
            1          275
            2          276
           73          275
           74          276
            2           29
            1           28
           73           28
           74           29
           11          254
           16          259
           59          254
           64          259
           11           45
           16           50
           59           45
           64           50
           27          261
           48          252
           18          252
           57          261
           27           52
           48           43
           18           43
           57           52
           63          258
           15          258
           12          255
           60          255
           12           46
           15           49
           63           49
           60           46
           14          257
           13          256
           62          257
           61          256
           13           47
           62           48
           61           47
           14           48
           37          261
           47          261
           28          252
           38          252
           47           52
           37           52
           28           43
           38           43
           56          260
           19          253
           26          260
           49          253
           56           51
           49           44
           26           51
           19           44
           50          254
           55          259
           20          254
           25          259
           50           45
           55           50
           20           45
           25           50
           39          253
           36          260
           29          253
           46          260
           39           44
           46           51
           29           44
           36           51
           51          255
           54          258
           24          258
           21          255
           54           49
           51           46
           21           46
           24           49
            9          278
           71          278
            4          273
            9           31
           71           31
           66          273
            4           26
           66           26
           52          256
           53          257
           22          256
           23          257
           52           47
           53           48
           22           47
           23           48
           30          254
           40          254
           45          259
           35          259
           40           45
           45           50
           30           45
           35           50
            8          277
           70          277
           67          274
            5          274
            8           30
            5           27
           67           27
           70           30
           34          258
           44          258
           41          255
           31          255
           41           46
           34           49
           44           49
           31           46
           33          257
           32          256
           43          257
           42          256
           43           48
           42           47
           33           48
           32           47
            6          275
            7          276
           69          276
           68          275
            7           29
           68           28
            6           28
           69           29
           10          272
           17          279
           58          272
           65          279
           17           32
           10           25
           65           32
           58           25
            3           11
           72            8
            0            8
           75           11
           16          278
           64          278
           11          273
           16           31
           64           31
           59          273
           11           26
           59           26
           74           10
           73            9
            2           10
            1            9
           18          271
           48          271
           27          280
           57          280
           18           24
           48           24
           27           33
           57           33
           15          277
           63          277
           60          274
           12          274
           15           30
           63           30
           12           27
           60           27
           13          275
           61          275
           62          276
           14          276
           13           28
           14           29
           61           28
           62           29
           28          271
           37          280
           38          271
           47          280
           38           24
           28           24
           47           33
           37           33
           56          279
           26          279
           19          272
           49          272
           56           32
           26           32
           19           25
           49           25
           55          278
           25          278
           55           31
           20          273
           50          273
           25           31
           20           26
           50           26
           29          272
           46          279
           39          272
           36          279
           39           25
           46           32
           36           32
           29           25
           54          277
           21          274
           51          274
           24          277
           51           27
           54           30
           21           27
           24           30
           52          275
           53          276
           22          275
           23          276
           52           28
           53           29
           23           29
           22           28
            9           12
           71           12
            4            7
           66            7
           45          278
           35          278
           30          273
           40          273
           35           31
           45           31
           40           26
           30           26
           44          277
           31          274
           34          277
           41          274
           44           30
           31           27
           41           27
           34           30
           43          276
           42          275
           32          275
           33          276
           43           29
           42           28
           32           28
           33           29
            5            8
           67            8
            8           11
           70           11
            6            9
            7           10
           69           10
           68            9
           17           13
           10            6
           58            6
           65           13
           18            5
           27           14
           48            5
           57           14
           16           12
           64           12
           11            7
           59            7
           12            8
           15           11
           60            8
           63           11
           62           10
           61            9
           13            9
           14           10
           38            5
           37           14
           47           14
           28            5
           56           13
           26           13
           49            6
           19            6
           55           12
           25           12
           20            7
           50            7
           39            6
           46           13
           36           13
           29            6
           51            8
           54           11
           21            8
           24           11
           53           10
           52            9
           23           10
           22            9
           45           12
           35           12
           40            7
           30            7
           31            8
           41            8
           44           11
           34           11
           32            9
           33           10
           43           10
           42            9

                            End of Section: Matrices                            

################################################################################

                              End of Output File.                              

################################################################################
