################################################################################

            Output File for HFS, the Hartree-Fock Stability Program            
                              Author: Evan Curtin                              
             Institution: University of Illinois @ Urbana-Champaign             
                          email: ecurtin2@illinois.edu                          
                       Built on Oct 21 2016, at 08:47:46                       

################################################################################

                Computation Started : Fri Oct 21 08:48:05 2016
                
                Computation Finished: Fri Oct 21 08:48:06 2016
                
                     Total Elapsed Time = 1.47959 seconds.                     

--------------------------------------------------------------------------------

                                     Input                                     

--------------------------------------------------------------------------------

Nk = 14
ndim = 2
rs = 1.200000000000000
mycase = cRHF2cUHF

                             End of Section: Input                             

--------------------------------------------------------------------------------

                                     Output                                     

--------------------------------------------------------------------------------

deltaK = 0.362618862146947
kf = 1.178511301977579
kmax = 2.357022603955159
Nocc = 32
Nvir = 137
Nexc = 240
ground_state_degeneracy = 8
dav_its = 12
num_guess_evecs = 40
Dav_blocksize = 16
Dav_Num_evals = 8
Dav_time = 1.318605558000000
Mv_time = 0.001980405000000
Davidson Tolerance = 1.00e-08
Dav_minits = 2
Dav_maxits = 30
Dav_maxsubsize = 3000
Davidson_Stopping_Criteria = All Requested Eigenvalue Norms Converged
full_diag_min = 0.042968962564146
full_diag_time = 0.160353588000000

                             End of Section: Output                             

--------------------------------------------------------------------------------

                                    Vectors                                    

--------------------------------------------------------------------------------

Occ Energies: 32
-0.115628708609726
-0.315949691559817
-0.315949691559817
-0.115628708609726
-0.115628708609726
-0.531097458158211
-0.728144868969535
-0.728144868969535
-0.531097458158211
-0.115628708609727
-0.315949691559817
-0.728144868969535
-0.921858975914600
-0.921858975914600
-0.728144868969535
-0.315949691559818
-0.315949691559817
-0.728144868969535
-0.921858975914600
-0.921858975914601
-0.728144868969535
-0.315949691559818
-0.115628708609726
-0.531097458158211
-0.728144868969535
-0.728144868969535
-0.531097458158211
-0.115628708609726
-0.115628708609726
-0.315949691559817
-0.315949691559818
-0.115628708609726
Vir Energies: 137
5.291024509587295
4.496525247840816
3.822823652611283
3.272968186103717
2.853697690689458
2.571049696672761
2.428605863335050
2.428605863335050
2.571049696672761
2.853697690689458
3.272968186103717
3.822823652611283
4.496525247840815
4.496525247840816
3.701430728981121
3.025897722820402
2.472938916769436
2.049714852748977
1.763333645199704
1.618652738174170
1.618652738174169
1.763333645199704
2.049714852748977
2.472938916769435
3.025897722820402
3.701430728981121
3.822823652611283
3.025897722820402
2.344611213708584
1.781456181214518
1.344233893255832
1.043753362337394
0.890816093167708
0.890816093167708
1.043753362337394
1.344233893255832
1.781456181214518
2.344611213708584
3.025897722820401
3.272968186103717
2.472938916769436
1.781456181214518
1.198556248704620
0.728864783894856
0.386119176961476
0.213341473926285
0.213341473926284
0.386119176961476
0.728864783894856
1.198556248704620
1.781456181214518
2.472938916769435
2.853697690689458
2.049714852748977
1.344233893255832
0.728864783894856
0.195079158187238
0.195079158187238
0.728864783894855
1.344233893255832
2.049714852748977
2.571049696672761
1.763333645199704
1.043753362337394
0.386119176961476
0.386119176961476
1.043753362337394
1.763333645199703
2.428605863335050
1.618652738174170
0.890816093167708
0.213341473926284
0.213341473926284
0.890816093167708
1.618652738174168
2.428605863335050
1.618652738174169
0.890816093167708
0.213341473926284
0.213341473926284
0.890816093167708
1.618652738174168
2.571049696672761
1.763333645199704
1.043753362337394
0.386119176961476
0.386119176961476
1.043753362337394
1.763333645199703
2.853697690689457
2.049714852748977
1.344233893255832
0.728864783894856
0.195079158187238
0.195079158187238
0.728864783894855
1.344233893255832
2.049714852748977
3.272968186103717
2.472938916769435
1.781456181214518
1.198556248704620
0.728864783894856
0.386119176961476
0.213341473926284
0.213341473926284
0.386119176961476
0.728864783894855
1.198556248704620
1.781456181214518
2.472938916769434
3.822823652611283
3.025897722820403
2.344611213708584
1.781456181214518
1.344233893255832
1.043753362337394
0.890816093167708
0.890816093167708
1.043753362337394
1.344233893255832
1.781456181214518
2.344611213708584
3.025897722820402
4.496525247840815
3.701430728981121
3.025897722820401
2.472938916769435
2.049714852748977
1.763333645199703
1.618652738174168
1.618652738174168
1.763333645199703
2.049714852748977
2.472938916769434
3.025897722820401
3.701430728981120
Excitation Energies: 240
0.310707866796964
0.310707866796964
0.310707866796964
0.310707866796964
0.310707866796964
0.310707866796964
0.310707866796964
0.310707866796964
0.501747885571202
0.501747885571202
0.501747885571203
0.501747885571203
0.501747885571203
0.501747885571203
0.501747885571203
0.501747885571203
0.511028849747055
0.511028849747055
0.511028849747055
0.511028849747055
0.511028849747055
0.511028849747055
0.511028849747055
0.511028849747055
0.529291165486101
0.529291165486101
0.529291165486102
0.529291165486102
0.529291165486102
0.529291165486102
0.529291165486102
0.529291165486102
0.844493492504582
0.844493492504582
0.844493492504582
0.844493492504582
0.844493492504582
0.844493492504582
0.844493492504582
0.844493492504582
0.917216635119687
0.917216635119687
0.917216635119687
0.917216635119687
0.917216635119687
0.917216635119687
0.917216635119687
0.917216635119687
0.941486342895819
0.941486342895819
0.941486342895819
0.941486342895819
0.941486342895819
0.941486342895820
0.941486342895820
0.941486342895820
1.044814475454673
1.044814475454673
1.044814475454673
1.044814475454673
1.044814475454673
1.044814475454673
1.044814475454673
1.044814475454673
1.114264045931011
1.114264045931011
1.114264045931011
1.114264045931011
1.114264045931011
1.114264045931011
1.114264045931012
1.114264045931012
1.135200449840884
1.135200449840884
1.135200449840885
1.135200449840885
1.135200449840885
1.135200449840885
1.135200449840885
1.135200449840885
1.159382070947121
1.159382070947121
1.159382070947121
1.159382070947121
1.159382070947121
1.159382070947121
1.159382070947121
1.159382070947121
1.206765784727525
1.206765784727525
1.206765784727525
1.206765784727525
1.206765784727525
1.206765784727525
1.206765784727525
1.206765784727525
1.459862601865558
1.459862601865558
1.459862601865559
1.459862601865559
1.459862601865559
1.459862601865559
1.459862601865559
1.459862601865559
1.574850820495605
1.574850820495605
1.574850820495605
1.574850820495605
1.574850820495605
1.574850820495605
1.574850820495605
1.574850820495605
1.618960962137243
1.618960962137243
1.618960962137243
1.618960962137243
1.618960962137243
1.618960962137243
1.618960962137243
1.618960962137243
1.660183584815650
1.660183584815650
1.660183584815650
1.660183584815650
1.660183584815650
1.660183584815650
1.660183584815650
1.660183584815650
1.771898231306929
1.771898231306929
1.771898231306929
1.771898231306929
1.771898231306930
1.771898231306930
1.771898231306930
1.771898231306930
1.812675069082308
1.812675069082308
1.812675069082308
1.812675069082308
1.812675069082308
1.812675069082308
1.812675069082308
1.812675069082308
1.878962353809430
1.878962353809430
1.878962353809430
1.878962353809430
1.878962353809430
1.878962353809431
1.878962353809431
1.878962353809431
1.934602429733985
1.934602429733986
1.934602429733986
1.934602429733986
1.934602429733987
1.934602429733987
1.934602429733987
1.934602429733987
2.165343561358703
2.165343561358703
2.165343561358703
2.165343561358703
2.165343561358704
2.165343561358704
2.165343561358704
2.165343561358704
2.294431103357914
2.294431103357914
2.294431103357914
2.294431103357914
2.294431103357915
2.294431103357915
2.294431103357915
2.294431103357915
2.346797607143703
2.346797607143703
2.346797607143703
2.346797607143704
2.346797607143704
2.346797607143705
2.346797607143705
2.346797607143705
2.365664544308794
2.365664544308794
2.365664544308794
2.365664544308794
2.365664544308795
2.365664544308795
2.365664544308795
2.365664544308795
2.491478514169239
2.491478514169239
2.491478514169239
2.491478514169239
2.491478514169239
2.491478514169239
2.491478514169239
2.491478514169239
2.540511714088769
2.540511714088769
2.540511714088769
2.540511714088769
2.540511714088769
2.540511714088770
2.540511714088770
2.540511714088770
2.686678405282487
2.686678405282488
2.686678405282488
2.686678405282488
2.744555554894867
2.744555554894867
2.744555554894867
2.744555554894867
2.969326399299184
2.969326399299184
2.969326399299185
2.969326399299185
3.102147154830972
3.102147154830972
3.102147154830972
3.102147154830972
3.156750732304585
3.156750732304585
3.156750732304585
3.156750732304585
3.169647382249275
3.169647382249275
3.169647382249275
3.169647382249275
3.299194565642297
3.299194565642297
3.299194565642297
3.299194565642297
3.350464839249650
3.350464839249650
3.350464839249650
3.350464839249650
Kgrid: 14
-2.357022603955159
-1.994403741808211
-1.631784879661264
-1.269166017514316
-0.906547155367369
-0.543928293220421
-0.181309431073474
0.181309431073474
0.543928293220421
0.906547155367369
1.269166017514316
1.631784879661264
1.994403741808211
2.357022603955159
Davidson lowest eigenvalues at each iteration: 12
0.257675390330925
0.143621943889229
0.048032257824912
-1.022508370531090
0.042969346206818
0.042968965587854
0.042968962628908
-1.023245354227903
0.042968962564151
-1.023317693625141
0.042968962564146
-1.023340126347490
UniqueName: 96
0.257675390330925
0.257675390330925
0.298738611386254
0.298738611386254
0.318341616110775
0.318341616110775
0.322677122207674
0.322677122207674
0.143621943889229
0.143621943889229
0.202434790037287
0.202434790037287
0.218271537997417
0.218271537997417
0.277124868339961
0.277124868339962
0.048032257824912
0.048091004408234
0.129621473814266
0.129625629612947
0.202015180686430
0.202015180686430
0.264454716843089
0.264454811623370
-1.022508370531090
0.043044273592501
0.043052486697930
0.125246759615087
0.125246889493785
0.202015180686430
0.202015180686430
0.264367583911239
0.042969346206818
0.042969412502049
0.125232847080255
0.125232859961523
0.202015180686430
0.202015180686430
0.264367436252398
0.264367440748532
0.042968965587854
0.042968974514064
0.125232815760342
0.125232820271212
0.202015180686429
0.202015180686430
0.264367435831994
0.264367436327793
0.042968962628908
0.042968963159060
0.125232815312531
0.125232815472274
0.202015180686430
0.202015180686430
0.264367435824452
0.264367435844590
-1.023245354227903
0.042968962564608
0.042968962599551
0.125232815309807
0.125232815311951
0.202015180686430
0.202015180686430
0.264367435824217
0.042968962564151
0.042968962564876
0.125232815309780
0.125232815309873
0.202015180686430
0.202015180686430
0.264367435824035
0.264367435824069
-1.023317693625141
0.042968962564147
0.042968962564149
0.125232815309780
0.125232815309781
0.202015180686430
0.202015180686430
0.264367435824030
0.042968962564146
0.042968962564147
0.125232815309779
0.125232815309780
0.202015180686430
0.202015180686430
0.264367435824031
0.264367435824031
-1.023340126347490
0.042968962564146
0.042968962564147
0.125232815309779
0.125232815309779
0.202015180686430
0.202015180686430
0.264367435824031
Davidson Times Per Iteration: 12
0.145875510000000
0.099556373000000
0.102982268000000
0.088375331000000
0.088750607000000
0.092270651000000
0.092988544000000
0.096482338000000
0.098198185000000
0.104972023000000
0.101331895000000
0.105863339000000

                            End of Section: Vectors                            

--------------------------------------------------------------------------------

                                    Matrices                                    

--------------------------------------------------------------------------------

Occupied States: 32 x 2
        4        5
        4        6
        4        7
        4        8
        5        4
        5        5
        5        6
        5        7
        5        8
        5        9
        6        4
        6        5
        6        6
        6        7
        6        8
        6        9
        7        4
        7        5
        7        6
        7        7
        7        8
        7        9
        8        4
        8        5
        8        6
        8        7
        8        8
        8        9
        9        5
        9        6
        9        7
        9        8
Virtual States: 137 x 2
         0         0
         0         1
         0         2
         0         3
         0         4
         0         5
         0         6
         0         7
         0         8
         0         9
         0        10
         0        11
         0        12
         1         0
         1         1
         1         2
         1         3
         1         4
         1         5
         1         6
         1         7
         1         8
         1         9
         1        10
         1        11
         1        12
         2         0
         2         1
         2         2
         2         3
         2         4
         2         5
         2         6
         2         7
         2         8
         2         9
         2        10
         2        11
         2        12
         3         0
         3         1
         3         2
         3         3
         3         4
         3         5
         3         6
         3         7
         3         8
         3         9
         3        10
         3        11
         3        12
         4         0
         4         1
         4         2
         4         3
         4         4
         4         9
         4        10
         4        11
         4        12
         5         0
         5         1
         5         2
         5         3
         5        10
         5        11
         5        12
         6         0
         6         1
         6         2
         6         3
         6        10
         6        11
         6        12
         7         0
         7         1
         7         2
         7         3
         7        10
         7        11
         7        12
         8         0
         8         1
         8         2
         8         3
         8        10
         8        11
         8        12
         9         0
         9         1
         9         2
         9         3
         9         4
         9         9
         9        10
         9        11
         9        12
        10         0
        10         1
        10         2
        10         3
        10         4
        10         5
        10         6
        10         7
        10         8
        10         9
        10        10
        10        11
        10        12
        11         0
        11         1
        11         2
        11         3
        11         4
        11         5
        11         6
        11         7
        11         8
        11         9
        11        10
        11        11
        11        12
        12         0
        12         1
        12         2
        12         3
        12         4
        12         5
        12         6
        12         7
        12         8
        12         9
        12        10
        12        11
        12        12
Excitations: 240 x 2
           27           94
           27           57
           22           56
            4           56
            9           94
            4           93
           22           93
            9           57
            0          103
           28          103
            3          106
           31          106
           31           47
            3           47
            0           44
           28           44
           10           56
           15           94
           16           56
           21           94
           10           93
           16           93
           21           57
           15           57
            2          105
           29          104
            1          104
           30          105
            2           46
           29           45
            1           45
           30           46
           27          107
           22          102
            4          102
            9          107
           27           48
            4           43
           22           43
            9           48
           23          103
           26          106
            5          103
            8          106
           26           47
            8           47
            5           44
           23           44
            7          105
            6          104
           24          104
           25          105
            7           46
            6           45
           24           45
           25           46
           21          107
           15          107
           10          102
           16          102
           10           43
           16           43
           15           48
           21           48
           14          106
           20          106
           14           47
           11          103
           17          103
           20           47
           17           44
           11           44
           12          104
           13          105
           18          104
           19          105
           13           46
           12           45
           18           45
           19           46
            3          119
           31           34
            3           34
           31          119
            0          116
            0           31
           28           31
           28          116
            2          118
            1          117
           29          117
           29           32
           30           33
            2           33
           30          118
            1           32
           27           35
           27          120
            9          120
            9           35
            4           30
           22          115
           22           30
            4          115
           26          119
           26           34
            8          119
            8           34
           23           31
           23          116
            5          116
            5           31
            7          118
            6          117
            7           33
            6           32
           24          117
           24           32
           25          118
           25           33
           21          120
           10          115
           21           35
           10           30
           16           30
           16          115
           15           35
           15          120
           14          119
           14           34
           20          119
           20           34
           11           31
           17          116
           17           31
           11          116
           12          117
           19           33
           19          118
           18           32
           18          117
           13           33
           13          118
           12           32
            0          129
           31          132
           28          129
            3          132
            0           18
           28           18
            3           21
           31           21
            2          131
           30          131
            1          130
           29          130
            2           20
           30           20
           29           19
            1           19
           27          133
            4          128
            9          133
           22          128
           27           22
            4           17
           22           17
            9           22
            5          129
            8          132
           26          132
           23          129
           26           21
           23           18
            5           18
            8           21
            7          131
           25          131
            6          130
           24          130
            7           20
            6           19
           24           19
           25           20
           16          128
           10          128
           21          133
           15          133
           10           17
           16           17
           15           22
           21           22
           14          132
           17          129
           20          132
           11          129
           11           18
           20           21
           17           18
           14           21
           19          131
           13          131
           12          130
           18          130
           13           20
           19           20
           18           19
           12           19
            0            5
            3            8
           31            8
           28            5
            2            7
            1            6
           29            6
           30            7
           27            9
            9            9
           22            4
            4            4
            8            8
           26            8
            5            5
           23            5
           24            6
            6            6
            7            7
           25            7
           21            9
           16            4
           15            9
           10            4
           11            5
           14            8
           17            5
           20            8
           12            6
           13            7
           18            6
           19            7

                            End of Section: Matrices                            

################################################################################

                              End of Output File.                              

################################################################################
