################################################################################

            Output File for HFS, the Hartree-Fock Stability Program            
                              Author: Evan Curtin                              
             Institution: University of Illinois @ Urbana-Champaign             
                          email: ecurtin2@illinois.edu                          
                       Built on Oct 21 2016, at 17:11:28                       

################################################################################

                Computation Started : Fri Oct 21 17:57:19 2016
                
                Computation Finished: Fri Oct 21 17:58:52 2016
                
                     Total Elapsed Time = 92.7515 seconds.                     

--------------------------------------------------------------------------------

                                     Input                                     

--------------------------------------------------------------------------------

Nk = 25
ndim = 2
rs = 1.200000000000000

                             End of Section: Input                             

--------------------------------------------------------------------------------

                                     Output                                     

--------------------------------------------------------------------------------

deltaK = 0.196418550329597
kf = 1.178511301977579
kmax = 2.357022603955159
Nocc = 113
Nvir = 463
Nexc = 1555
ground_state_degeneracy = 4
dav_its = 16
num_guess_evecs = 80
Dav_blocksize = 20
Dav_Num_evals = 4
Dav_time = 51.411356818999998
Mv_time = 0.048950393000000
Davidson Tolerance = 1.00e-08
Dav_minits = 5
Dav_maxits = 30
Dav_maxsubsize = 3000
Davidson_Stopping_Criteria = All Norms in Block Converged
full_diag_min = -0.052108181160032
full_diag_time = 41.330115370999998

                             End of Section: Output                             

--------------------------------------------------------------------------------

                                    Vectors                                    

--------------------------------------------------------------------------------

Occ Energies: 113
0.028752567652044
-0.044853287465502
-0.198977088591823
-0.289651378559325
-0.325637517103794
-0.289651378559326
-0.198977088591823
-0.044853287465502
-0.108666483869517
-0.334875243504187
-0.485062517350817
-0.572181691084694
-0.601307858100384
-0.572181691084694
-0.485062517350817
-0.334875243504187
-0.108666483869517
-0.044853287465502
-0.334875243504187
-0.546578606457213
-0.691648815934829
-0.776754646937218
-0.804881678687933
-0.776754646937218
-0.691648815934829
-0.546578606457213
-0.334875243504187
-0.044853287465502
-0.198977088591823
-0.485062517350817
-0.691648815934829
-0.834217973591810
-0.918191129538312
-0.945953542113705
-0.918191129538311
-0.834217973591810
-0.691648815934829
-0.485062517350817
-0.198977088591823
-0.289651378559326
-0.572181691084694
-0.776754646937218
-0.918191129538312
-1.001603414484048
-1.029194535028788
-1.001603414484048
-0.918191129538312
-0.776754646937218
-0.572181691084694
-0.289651378559326
0.028752567652044
-0.325637517103795
-0.601307858100384
-0.804881678687933
-0.945953542113706
-1.029194535028788
-1.056733790447536
-1.029194535028788
-0.945953542113705
-0.804881678687933
-0.601307858100384
-0.325637517103794
0.028752567652044
-0.289651378559326
-0.572181691084694
-0.776754646937218
-0.918191129538312
-1.001603414484048
-1.029194535028788
-1.001603414484048
-0.918191129538312
-0.776754646937218
-0.572181691084694
-0.289651378559326
-0.198977088591823
-0.485062517350817
-0.691648815934829
-0.834217973591810
-0.918191129538312
-0.945953542113706
-0.918191129538312
-0.834217973591811
-0.691648815934829
-0.485062517350817
-0.198977088591823
-0.044853287465502
-0.334875243504187
-0.546578606457213
-0.691648815934829
-0.776754646937218
-0.804881678687933
-0.776754646937218
-0.691648815934829
-0.546578606457213
-0.334875243504187
-0.044853287465502
-0.108666483869517
-0.334875243504187
-0.485062517350817
-0.572181691084694
-0.601307858100384
-0.572181691084694
-0.485062517350817
-0.334875243504187
-0.108666483869517
-0.044853287465502
-0.198977088591823
-0.289651378559326
-0.325637517103794
-0.289651378559326
-0.198977088591823
-0.044853287465502
0.028752567652044
Vir Energies: 463
5.291420370742841
4.845857780668004
4.435746423163302
4.061180714373978
3.722331969795873
3.420022094933518
3.155119381729811
2.929289056739694
2.743257235266369
2.597650604505319
2.493088062124860
2.430103713329601
2.409064978563476
2.430103713329601
2.493088062124860
2.597650604505319
2.743257235266369
2.929289056739694
3.155119381729811
3.420022094933518
3.722331969795873
4.061180714373978
4.435746423163302
4.845857780668004
4.845857780668004
4.400245365418797
3.989983316199794
3.615163237869565
3.275953712320335
2.973178129808276
2.707714649383607
2.481256461126354
2.294586660124245
2.148383103619973
2.043324734151187
1.980007455038590
1.958850587275547
1.980007455038590
2.043324734151187
2.148383103619973
2.294586660124245
2.481256461126354
2.707714649383606
2.973178129808276
3.275953712320335
3.615163237869566
3.989983316199794
4.400245365418797
4.435746423163302
3.989983316199794
3.579263968771603
3.203667996812870
2.863350002488079
2.559130061039934
2.291908309181821
2.063496085895620
1.874813618012372
1.726705027939069
1.620044437018968
1.555633356351607
1.534082670336927
1.555633356351607
1.620044437018968
1.726705027939069
1.874813618012372
2.063496085895620
2.291908309181821
2.559130061039934
2.863350002488079
3.203667996812870
3.579263968771603
3.989983316199794
4.061180714373978
3.615163237869566
3.203667996812870
2.826745598209421
2.484511419447609
2.177756058339833
1.907389101659071
1.675412086324178
1.482972943259243
1.331243257017195
1.221469432477586
1.154837383419389
1.132446127971258
1.154837383419389
1.221469432477586
1.331243257017195
1.482972943259244
1.675412086324178
1.907389101659071
2.177756058339833
2.484511419447609
2.826745598209421
3.203667996812870
3.615163237869566
3.722331969795873
3.275953712320335
2.863350002488079
2.484511419447609
2.139462126441353
1.828892449832259
1.553647136860887
1.315922351275945
1.117175139508986
0.959213146857282
0.843959794901477
0.772963098425773
0.748585679289539
0.772963098425773
0.843959794901477
0.959213146857282
1.117175139508986
1.315922351275945
1.553647136860887
1.828892449832259
2.139462126441353
2.484511419447609
2.863350002488079
3.275953712320335
3.420022094933518
2.973178129808276
2.559130061039934
2.177756058339833
1.828892449832259
1.512975964680352
1.230614322914937
0.983941570363623
0.774545225635642
0.605607993907040
0.481094308487023
0.400815945842040
0.367669489183950
0.400815945842040
0.481094308487023
0.605607993907040
0.774545225635642
0.983941570363623
1.230614322914937
1.512975964680352
1.828892449832259
2.177756058339833
2.559130061039934
2.973178129808276
3.155119381729811
2.707714649383607
2.291908309181821
1.907389101659070
1.553647136860887
1.230614322914937
0.938190946413915
0.677652898169021
0.448784665299202
0.255278196550103
0.116256748823355
0.022972428828893
0.022972428828893
0.116256748823355
0.255278196550103
0.448784665299202
0.677652898169022
0.938190946413915
1.230614322914937
1.553647136860887
1.907389101659070
2.291908309181821
2.707714649383607
2.929289056739694
2.481256461126354
2.063496085895620
1.675412086324178
1.315922351275945
0.983941570363623
0.677652898169021
0.395519573813640
0.131988798568888
0.131988798568888
0.395519573813640
0.677652898169022
0.983941570363623
1.315922351275945
1.675412086324177
2.063496085895620
2.481256461126354
2.743257235266369
2.294586660124245
1.874813618012372
1.482972943259243
1.117175139508986
0.774545225635642
0.448784665299202
0.131988798568888
0.131988798568888
0.448784665299202
0.774545225635642
1.117175139508986
1.482972943259243
1.874813618012372
2.294586660124245
2.597650604505319
2.148383103619973
1.726705027939068
1.331243257017194
0.959213146857282
0.605607993907040
0.255278196550103
0.255278196550103
0.605607993907040
0.959213146857282
1.331243257017194
1.726705027939068
2.148383103619973
2.493088062124861
2.043324734151187
1.620044437018968
1.221469432477586
0.843959794901477
0.481094308487023
0.116256748823355
0.116256748823355
0.481094308487023
0.843959794901477
1.221469432477586
1.620044437018968
2.043324734151187
2.430103713329601
1.980007455038590
1.555633356351607
1.154837383419389
0.772963098425772
0.400815945842040
0.022972428828893
0.022972428828893
0.400815945842040
0.772963098425773
1.154837383419389
1.555633356351607
1.980007455038590
2.409064978563476
1.958850587275547
1.534082670336926
1.132446127971258
0.748585679289539
0.367669489183950
0.367669489183950
0.748585679289539
1.132446127971258
1.534082670336926
1.958850587275547
2.430103713329601
1.980007455038590
1.555633356351607
1.154837383419389
0.772963098425773
0.400815945842040
0.022972428828893
0.022972428828893
0.400815945842040
0.772963098425773
1.154837383419389
1.555633356351607
1.980007455038590
2.493088062124861
2.043324734151187
1.620044437018968
1.221469432477586
0.843959794901477
0.481094308487023
0.116256748823355
0.116256748823355
0.481094308487023
0.843959794901477
1.221469432477586
1.620044437018968
2.043324734151187
2.597650604505319
2.148383103619973
1.726705027939068
1.331243257017194
0.959213146857282
0.605607993907040
0.255278196550103
0.255278196550103
0.605607993907040
0.959213146857282
1.331243257017194
1.726705027939068
2.148383103619973
2.743257235266369
2.294586660124245
1.874813618012372
1.482972943259243
1.117175139508986
0.774545225635642
0.448784665299202
0.131988798568887
0.131988798568887
0.448784665299202
0.774545225635642
1.117175139508986
1.482972943259243
1.874813618012372
2.294586660124245
2.929289056739694
2.481256461126354
2.063496085895620
1.675412086324178
1.315922351275945
0.983941570363623
0.677652898169021
0.395519573813640
0.131988798568887
0.131988798568888
0.395519573813640
0.677652898169022
0.983941570363623
1.315922351275945
1.675412086324178
2.063496085895620
2.481256461126354
3.155119381729811
2.707714649383607
2.291908309181821
1.907389101659070
1.553647136860887
1.230614322914937
0.938190946413915
0.677652898169022
0.448784665299202
0.255278196550103
0.116256748823355
0.022972428828893
0.022972428828893
0.116256748823355
0.255278196550103
0.448784665299202
0.677652898169022
0.938190946413915
1.230614322914937
1.553647136860887
1.907389101659070
2.291908309181821
2.707714649383607
3.420022094933518
2.973178129808276
2.559130061039934
2.177756058339833
1.828892449832259
1.512975964680352
1.230614322914937
0.983941570363623
0.774545225635643
0.605607993907040
0.481094308487023
0.400815945842040
0.367669489183950
0.400815945842040
0.481094308487023
0.605607993907040
0.774545225635643
0.983941570363623
1.230614322914937
1.512975964680352
1.828892449832259
2.177756058339833
2.559130061039934
2.973178129808276
3.722331969795873
3.275953712320335
2.863350002488079
2.484511419447609
2.139462126441353
1.828892449832259
1.553647136860887
1.315922351275945
1.117175139508986
0.959213146857282
0.843959794901478
0.772963098425773
0.748585679289539
0.772963098425773
0.843959794901478
0.959213146857282
1.117175139508986
1.315922351275945
1.553647136860887
1.828892449832259
2.139462126441353
2.484511419447609
2.863350002488079
3.275953712320335
4.061180714373978
3.615163237869566
3.203667996812870
2.826745598209421
2.484511419447609
2.177756058339833
1.907389101659070
1.675412086324178
1.482972943259243
1.331243257017194
1.221469432477586
1.154837383419389
1.132446127971258
1.154837383419389
1.221469432477586
1.331243257017194
1.482972943259244
1.675412086324178
1.907389101659070
2.177756058339833
2.484511419447609
2.826745598209421
3.203667996812870
3.615163237869566
4.435746423163302
3.989983316199794
3.579263968771604
3.203667996812870
2.863350002488079
2.559130061039934
2.291908309181821
2.063496085895620
1.874813618012372
1.726705027939068
1.620044437018968
1.555633356351607
1.534082670336926
1.555633356351607
1.620044437018968
1.726705027939068
1.874813618012372
2.063496085895620
2.291908309181821
2.559130061039934
2.863350002488079
3.203667996812870
3.579263968771604
3.989983316199794
4.845857780668005
4.400245365418798
3.989983316199794
3.615163237869566
3.275953712320335
2.973178129808276
2.707714649383607
2.481256461126354
2.294586660124245
2.148383103619973
2.043324734151187
1.980007455038589
1.958850587275547
1.980007455038589
2.043324734151187
2.148383103619973
2.294586660124245
2.481256461126354
2.707714649383607
2.973178129808276
3.275953712320335
3.615163237869566
3.989983316199794
4.400245365418798
Excitation Energies: 1555
-0.005780138823152
-0.005780138823152
-0.005780138823152
-0.005780138823152
0.087504181171311
0.087504181171311
0.087504181171311
0.087504181171311
0.176842086034389
0.176842086034389
0.176842086034389
0.176842086034390
0.176842086034390
0.176842086034390
0.176842086034390
0.176842086034390
0.226525628898058
0.226525628898058
0.226525628898059
0.226525628898059
0.240655282438404
0.240655282438404
0.240655282438405
0.240655282438405
0.240655282438405
0.240655282438405
0.240655282438405
0.240655282438405
0.300131484015605
0.300131484015605
0.300131484015605
0.300131484015605
0.300131484015605
0.300131484015605
0.300131484015605
0.300131484015605
0.312623807388218
0.312623807388218
0.312623807388218
0.312623807388218
0.312623807388218
0.312623807388219
0.312623807388219
0.312623807388219
0.315233837415178
0.315233837415178
0.315233837415178
0.315233837415178
0.315233837415178
0.315233837415178
0.315233837415178
0.315233837415178
0.330965887160710
0.330965887160711
0.330965887160711
0.330965887160711
0.330965887160711
0.330965887160711
0.330965887160711
0.330965887160711
0.338916921531906
0.338916921531906
0.338916921531906
0.338916921531906
0.420032097647158
0.420032097647158
0.420032097647158
0.420032097647158
0.421640177128213
0.421640177128213
0.421640177128213
0.421640177128213
0.421640177128213
0.421640177128213
0.421640177128213
0.421640177128214
0.440372861279142
0.440372861279142
0.440372861279142
0.440372861279142
0.440372861279142
0.440372861279142
0.440372861279142
0.440372861279142
0.457626315672682
0.457626315672682
0.457626315672682
0.457626315672682
0.466864042073074
0.466864042073075
0.466864042073075
0.466864042073075
0.466864042073075
0.466864042073075
0.466864042073075
0.466864042073075
0.557451149168719
0.557451149168719
0.557451149168719
0.557451149168719
0.557451149168720
0.557451149168720
0.557451149168720
0.557451149168720
0.590153440054290
0.590153440054290
0.590153440054290
0.590153440054290
0.590153440054290
0.590153440054290
0.590153440054290
0.590153440054290
0.594496662405463
0.594496662405463
0.594496662405463
0.594496662405463
0.594496662405463
0.594496662405463
0.594496662405463
0.594496662405463
0.595154119913587
0.595154119913587
0.595154119913587
0.595154119913587
0.595154119913587
0.595154119913587
0.595154119913587
0.595154119913587
0.601319266174172
0.601319266174172
0.601319266174172
0.601319266174172
0.601319266174172
0.601319266174172
0.601319266174172
0.601319266174173
0.617051315919704
0.617051315919704
0.617051315919705
0.617051315919705
0.617051315919705
0.617051315919705
0.617051315919705
0.617051315919705
0.648900330516977
0.648900330516977
0.648900330516977
0.648900330516977
0.650461281372541
0.650461281372542
0.650461281372542
0.650461281372542
0.650461281372542
0.650461281372542
0.650461281372542
0.650461281372542
0.680071397078846
0.680071397078846
0.680071397078846
0.680071397078846
0.680071397078846
0.680071397078846
0.680071397078846
0.680071397078846
0.685170952372966
0.685170952372966
0.685170952372966
0.685170952372966
0.685170952372966
0.685170952372966
0.685170952372966
0.685170952372966
0.690467324401365
0.690467324401365
0.690467324401366
0.690467324401366
0.690467324401366
0.690467324401366
0.690467324401366
0.690467324401366
0.693307006287744
0.693307006287744
0.693307006287744
0.693307006287745
0.704170489653582
0.704170489653582
0.704170489653582
0.704170489653582
0.704170489653582
0.704170489653582
0.704170489653582
0.704170489653582
0.719833111637495
0.719833111637495
0.719833111637495
0.719833111637495
0.721157090917434
0.721157090917434
0.721157090917434
0.721157090917435
0.722506185634523
0.722506185634523
0.722506185634524
0.722506185634524
0.722506185634524
0.722506185634524
0.722506185634524
0.722506185634524
0.733296656669272
0.733296656669272
0.733296656669272
0.733296656669272
0.783659908803389
0.783659908803389
0.783659908803389
0.783659908803389
0.783659908803389
0.783659908803389
0.783659908803390
0.783659908803390
0.799727075766111
0.799727075766111
0.799727075766111
0.799727075766111
0.799727075766111
0.799727075766111
0.799727075766111
0.799727075766111
0.801856803007315
0.801856803007316
0.801856803007316
0.801856803007316
0.801856803007316
0.801856803007316
0.801856803007316
0.801856803007316
0.807905564758184
0.807905564758184
0.807905564758184
0.807905564758184
0.807905564758184
0.807905564758184
0.807905564758184
0.807905564758185
0.876629986760844
0.876629986760844
0.876629986760844
0.876629986760844
0.876629986760845
0.876629986760845
0.876629986760845
0.876629986760845
0.883211709505159
0.883211709505159
0.883211709505159
0.883211709505159
0.883211709505160
0.883211709505160
0.883211709505160
0.883211709505160
0.909438378761871
0.909438378761871
0.909438378761871
0.909438378761871
0.933847182650019
0.933847182650019
0.933847182650019
0.933847182650019
0.933847182650019
0.933847182650019
0.933847182650019
0.933847182650019
0.940483237411227
0.940483237411227
0.940483237411227
0.940483237411227
0.940483237411227
0.940483237411227
0.940483237411227
0.940483237411227
0.941163558367204
0.941163558367204
0.941163558367204
0.941163558367204
0.941163558367204
0.941163558367205
0.941163558367205
0.941163558367205
0.946927012484932
0.946927012484932
0.946927012484932
0.946927012484932
0.946927012484932
0.946927012484932
0.946927012484932
0.946927012484932
0.950474722415165
0.950474722415165
0.950474722415166
0.950474722415166
0.950474722415166
0.950474722415166
0.950474722415166
0.950474722415166
0.966156825837840
0.966156825837840
0.966156825837840
0.966156825837840
0.966156825837840
0.966156825837840
0.966156825837840
0.966156825837840
0.967304276728347
0.967304276728347
0.967304276728347
0.967304276728347
0.967304276728347
0.967304276728347
0.967304276728347
0.967304276728348
0.968977347284334
0.968977347284334
0.968977347284334
0.968977347284335
0.972997636926734
0.972997636926734
0.972997636926734
0.972997636926734
0.972997636926734
0.972997636926734
0.972997636926734
0.972997636926734
1.003290415272816
1.003290415272816
1.003290415272816
1.003290415272816
1.004066434322784
1.004066434322784
1.004066434322784
1.004066434322784
1.004066434322784
1.004066434322784
1.004066434322784
1.004066434322784
1.020966356383896
1.020966356383896
1.020966356383896
1.020966356383896
1.020966356383897
1.020966356383897
1.020966356383897
1.020966356383897
1.024575843312940
1.024575843312940
1.024575843312940
1.024575843312940
1.024575843312940
1.024575843312940
1.024575843312941
1.024575843312941
1.028794857829125
1.028794857829125
1.028794857829125
1.028794857829125
1.028794857829125
1.028794857829125
1.028794857829125
1.028794857829125
1.032032843487321
1.032032843487321
1.032032843487321
1.032032843487321
1.032032843487321
1.032032843487321
1.032032843487321
1.032032843487321
1.034447878361667
1.034447878361667
1.034447878361667
1.034447878361667
1.034447878361667
1.034447878361667
1.034447878361667
1.034447878361668
1.042936883493300
1.042936883493300
1.042936883493300
1.042936883493300
1.042936883493300
1.042936883493300
1.042936883493300
1.042936883493301
1.050092523399587
1.050092523399587
1.050092523399587
1.050092523399587
1.052166963857680
1.052166963857680
1.052166963857680
1.052166963857681
1.060159875238036
1.060159875238036
1.060159875238036
1.060159875238036
1.062210290937061
1.062210290937061
1.062210290937061
1.062210290937061
1.062614476985098
1.062614476985098
1.062614476985098
1.062614476985098
1.062614476985098
1.062614476985098
1.062614476985098
1.062614476985098
1.074223196393333
1.074223196393333
1.074223196393333
1.074223196393334
1.103693560319214
1.103693560319214
1.103693560319214
1.103693560319214
1.109420469139829
1.109420469139829
1.109420469139829
1.109420469139830
1.109420469139830
1.109420469139830
1.109420469139830
1.109420469139830
1.152186600364252
1.152186600364252
1.152186600364252
1.152186600364252
1.152186600364252
1.152186600364253
1.152186600364253
1.152186600364253
1.172551167871883
1.172551167871883
1.172551167871884
1.172551167871884
1.172743124421852
1.172743124421852
1.172743124421852
1.172743124421852
1.172743124421852
1.172743124421852
1.172743124421852
1.172743124421852
1.177570592779258
1.177570592779258
1.177570592779258
1.177570592779258
1.177570592779258
1.177570592779258
1.177570592779258
1.177570592779259
1.182918658955445
1.182918658955446
1.182918658955446
1.182918658955446
1.182918658955446
1.182918658955446
1.182918658955446
1.182918658955446
1.201861755262892
1.201861755262893
1.201861755262893
1.201861755262893
1.225841623378503
1.225841623378503
1.225841623378503
1.225841623378503
1.225841623378503
1.225841623378503
1.225841623378503
1.225841623378504
1.259607742986459
1.259607742986459
1.259607742986459
1.259607742986459
1.259607742986459
1.259607742986460
1.259607742986460
1.259607742986460
1.273592948922948
1.273592948922948
1.273592948922948
1.273592948922948
1.273592948922948
1.273592948922948
1.273592948922949
1.273592948922949
1.294088390361469
1.294088390361469
1.294088390361469
1.294088390361469
1.294088390361469
1.294088390361469
1.294088390361469
1.294088390361469
1.297256809841869
1.297256809841869
1.297256809841869
1.297256809841869
1.297256809841869
1.297256809841869
1.297256809841869
1.297256809841869
1.309579087467417
1.309579087467417
1.309579087467417
1.309579087467417
1.313623031297655
1.313623031297655
1.313623031297656
1.313623031297656
1.315312282078833
1.315312282078833
1.315312282078833
1.315312282078833
1.315312282078834
1.315312282078834
1.315312282078834
1.315312282078834
1.319007075380351
1.319007075380351
1.319007075380351
1.319007075380352
1.319007075380352
1.319007075380352
1.319007075380352
1.319007075380352
1.329022312252294
1.329022312252294
1.329022312252294
1.329022312252294
1.329022312252294
1.329022312252294
1.329022312252294
1.329022312252295
1.345144789510467
1.345144789510467
1.345144789510467
1.345144789510467
1.345144789510467
1.345144789510467
1.345144789510467
1.345144789510467
1.346726916720336
1.346726916720337
1.346726916720337
1.346726916720337
1.346726916720337
1.346726916720337
1.346726916720337
1.346726916720337
1.349893537389923
1.349893537389923
1.349893537389923
1.349893537389923
1.360775638741447
1.360775638741447
1.360775638741447
1.360775638741447
1.360775638741447
1.360775638741447
1.360775638741448
1.360775638741448
1.375853083736027
1.375853083736027
1.375853083736027
1.375853083736027
1.376096544482696
1.376096544482696
1.376096544482696
1.376096544482696
1.376096544482696
1.376096544482696
1.376096544482697
1.376096544482697
1.382362640844258
1.382362640844258
1.382362640844258
1.382362640844258
1.382362640844258
1.382362640844258
1.382362640844258
1.382362640844258
1.396864024212738
1.396864024212738
1.396864024212739
1.396864024212739
1.399285438025334
1.399285438025335
1.399285438025335
1.399285438025335
1.399285438025335
1.399285438025335
1.399285438025335
1.399285438025335
1.402419360326087
1.402419360326087
1.402419360326087
1.402419360326088
1.402419360326088
1.402419360326088
1.402419360326088
1.402419360326088
1.410489672594973
1.410489672594973
1.410489672594973
1.410489672594973
1.420446521069409
1.420446521069409
1.420446521069409
1.420446521069409
1.420446521069409
1.420446521069409
1.420446521069409
1.420446521069409
1.424403279631485
1.424403279631486
1.427047850600728
1.427047850600728
1.427047850600729
1.427047850600729
1.430010480870827
1.430010480870828
1.430010480870828
1.430010480870828
1.444488761978714
1.444488761978714
1.444488761978714
1.444488761978714
1.444488761978715
1.444488761978715
1.444488761978715
1.444488761978715
1.452050383013173
1.452050383013173
1.452050383013173
1.452050383013173
1.452050383013173
1.452050383013173
1.452050383013173
1.452050383013173
1.458083645075052
1.458083645075052
1.458083645075052
1.458083645075052
1.505330102684882
1.505330102684882
1.505330102684883
1.505330102684883
1.505791753314495
1.505791753314495
1.505791753314495
1.505791753314495
1.505791753314495
1.505791753314495
1.505791753314495
1.505791753314495
1.514899439867768
1.514899439867768
1.514899439867768
1.514899439867768
1.514899439867768
1.514899439867768
1.514899439867768
1.514899439867768
1.524894569208843
1.524894569208843
1.524894569208843
1.524894569208843
1.535608610836306
1.535608610836306
1.535608610836306
1.535608610836307
1.535608610836307
1.535608610836307
1.535608610836307
1.535608610836307
1.549717745362991
1.549717745362991
1.549717745362991
1.549717745362991
1.549717745362991
1.549717745362991
1.549717745362991
1.549717745362991
1.553467357977472
1.553467357977472
1.553467357977472
1.553467357977472
1.591639427128760
1.591639427128760
1.591639427128761
1.591639427128761
1.591639427128761
1.591639427128761
1.591639427128761
1.591639427128761
1.602237656859803
1.602237656859803
1.602237656859803
1.602237656859803
1.602237656859803
1.602237656859803
1.602237656859803
1.602237656859804
1.605573729835271
1.605573729835271
1.605573729835271
1.605573729835271
1.605573729835271
1.605573729835271
1.605573729835271
1.605573729835271
1.641559868379740
1.641559868379740
1.641559868379740
1.641559868379740
1.650861962792111
1.650861962792111
1.650861962792111
1.650861962792111
1.650861962792111
1.650861962792111
1.650861962792111
1.650861962792111
1.666118500521381
1.666118500521381
1.666118500521381
1.666118500521382
1.666118500521382
1.666118500521382
1.666118500521382
1.666118500521382
1.678177768493288
1.678177768493288
1.678177768493288
1.678177768493288
1.678177768493288
1.678177768493288
1.678177768493288
1.678177768493288
1.689356830593680
1.689356830593680
1.689356830593680
1.689356830593680
1.689356830593681
1.689356830593681
1.689356830593681
1.689356830593681
1.691154227964084
1.691154227964084
1.691154227964084
1.691154227964084
1.691154227964084
1.691154227964085
1.691154227964085
1.691154227964085
1.694539221403244
1.694539221403244
1.694539221403244
1.694539221403245
1.706531949828403
1.706531949828403
1.706531949828403
1.706531949828403
1.706531949828403
1.706531949828403
1.706531949828403
1.706531949828403
1.718482997609371
1.718482997609371
1.718482997609371
1.718482997609371
1.720265373789680
1.720265373789680
1.720265373789680
1.720265373789680
1.720265373789680
1.720265373789680
1.720265373789680
1.720265373789680
1.727019074504083
1.727019074504083
1.727019074504083
1.727019074504083
1.727019074504083
1.727019074504083
1.727019074504083
1.727019074504083
1.733753986071642
1.733753986071642
1.733753986071642
1.733753986071642
1.735967793794500
1.735967793794500
1.735967793794500
1.735967793794500
1.735967793794500
1.735967793794500
1.735967793794500
1.735967793794500
1.762150924439789
1.762150924439789
1.762150924439789
1.762150924439789
1.762150924439789
1.762150924439789
1.762150924439789
1.762150924439790
1.764094825545215
1.764094825545215
1.764094825545215
1.764094825545215
1.771558315404570
1.771558315404570
1.771558315404570
1.771558315404570
1.771558315404570
1.771558315404570
1.771558315404571
1.771558315404571
1.774566512909820
1.774566512909820
1.774566512909820
1.774566512909820
1.774566512909820
1.774566512909820
1.774566512909820
1.774566512909821
1.777780214318327
1.777780214318327
1.777780214318327
1.777780214318327
1.789913337015183
1.789913337015183
1.789913337015183
1.789913337015183
1.802157633454560
1.802157633454560
1.802157633454561
1.802157633454561
1.805319469737074
1.805319469737075
1.817848186763430
1.817848186763430
1.817848186763430
1.817848186763430
1.817848186763431
1.817848186763431
1.817848186763431
1.817848186763431
1.819021525610791
1.819021525610791
1.819021525610791
1.819021525610791
1.819021525610791
1.819021525610791
1.819021525610791
1.819021525610791
1.845284734910932
1.845284734910932
1.845284734910932
1.845284734910933
1.845284734910933
1.845284734910933
1.845284734910933
1.845284734910933
1.859720187440720
1.859720187440721
1.859720187440721
1.859720187440721
1.874389174916001
1.874389174916001
1.874389174916001
1.874389174916001
1.874389174916001
1.874389174916001
1.874389174916001
1.874389174916001
1.877821863474407
1.877821863474407
1.877821863474407
1.877821863474407
1.877821863474407
1.877821863474407
1.877821863474407
1.877821863474407
1.878636534007026
1.878636534007026
1.878636534007026
1.878636534007027
1.913118248412415
1.913118248412415
1.913118248412415
1.913118248412415
1.913118248412415
1.913118248412415
1.913118248412415
1.913118248412415
1.930098019623502
1.930098019623502
1.930098019623502
1.930098019623502
1.931592030356607
1.931592030356607
1.931592030356607
1.931592030356607
1.931592030356607
1.931592030356607
1.931592030356607
1.931592030356607
1.937327806659191
1.937327806659191
1.937327806659191
1.937327806659191
1.965063464883503
1.965063464883503
1.965063464883503
1.965063464883503
1.965063464883503
1.965063464883504
1.965063464883504
1.965063464883504
1.968035460610060
1.968035460610060
1.968035460610060
1.968035460610060
1.968035460610061
1.968035460610061
1.968035460610061
1.968035460610061
1.983480101881888
1.983480101881889
1.983480101881889
1.983480101881889
1.983480101881889
1.983480101881889
1.983480101881889
1.983480101881889
2.001049603427972
2.001049603427972
2.001049603427972
2.001049603427973
2.022892072952023
2.022892072952023
2.022892072952024
2.022892072952024
2.022892072952024
2.022892072952024
2.022892072952024
2.022892072952024
2.055154634343937
2.055154634343937
2.055154634343937
2.055154634343937
2.055154634343937
2.055154634343937
2.055154634343938
2.055154634343938
2.055687406069396
2.055687406069396
2.055687406069396
2.055687406069397
2.055687406069397
2.055687406069397
2.055687406069397
2.055687406069397
2.061580271443255
2.061580271443256
2.061580271443256
2.061580271443256
2.061580271443256
2.061580271443256
2.061580271443256
2.061580271443256
2.073028512957700
2.073028512957700
2.073028512957701
2.073028512957701
2.073028512957701
2.073028512957701
2.073028512957701
2.073028512957701
2.078399670084963
2.078399670084963
2.078399670084964
2.078399670084964
2.084280801359628
2.084280801359628
2.084280801359628
2.084280801359628
2.105106954369785
2.105106954369785
2.105106954369785
2.105106954369785
2.105106954369785
2.105106954369785
2.105106954369785
2.105106954369786
2.107997903954412
2.107997903954412
2.107997903954412
2.107997903954413
2.107997903954413
2.107997903954413
2.107997903954413
2.107997903954413
2.108349373361122
2.108349373361122
2.108349373361122
2.108349373361122
2.108349373361122
2.108349373361122
2.108349373361122
2.108349373361122
2.127815047436301
2.127815047436301
2.127815047436301
2.127815047436301
2.127815047436301
2.127815047436301
2.127815047436301
2.127815047436301
2.135390528437310
2.135390528437310
2.135390528437311
2.135390528437311
2.136124935705127
2.136124935705127
2.136124935705128
2.136124935705128
2.139660562015897
2.139660562015897
2.139660562015897
2.139660562015897
2.139660562015898
2.139660562015898
2.139660562015898
2.139660562015898
2.156440797903437
2.156440797903437
2.156440797903437
2.156440797903437
2.156440797903437
2.156440797903437
2.156440797903437
2.156440797903437
2.161640663000046
2.161640663000046
2.161640663000046
2.161640663000046
2.167422974591291
2.167422974591291
2.167422974591291
2.167422974591292
2.184031918448176
2.184031918448176
2.184031918448177
2.184031918448177
2.189179918418794
2.189179918418794
2.193236391085475
2.193236391085475
2.193236391085475
2.193236391085475
2.193236391085475
2.193236391085476
2.193236391085476
2.193236391085476
2.209688861516559
2.209688861516559
2.209688861516559
2.209688861516559
2.209688861516559
2.209688861516559
2.209688861516559
2.209688861516559
2.242301822743010
2.242301822743010
2.242301822743010
2.242301822743010
2.242301822743010
2.242301822743010
2.242301822743010
2.242301822743010
2.262473174487443
2.262473174487443
2.262473174487443
2.262473174487443
2.262473174487443
2.262473174487443
2.262473174487443
2.262473174487443
2.263155741529777
2.263155741529777
2.263155741529777
2.263155741529777
2.269658833597915
2.269658833597915
2.269658833597915
2.269658833597915
2.269658833597915
2.269658833597915
2.269658833597915
2.269658833597915
2.273283634396281
2.273283634396281
2.273283634396281
2.273283634396281
2.273283634396281
2.273283634396281
2.273283634396281
2.273283634396281
2.284488104379341
2.284488104379341
2.284488104379341
2.284488104379341
2.311693252953797
2.311693252953797
2.311693252953797
2.311693252953797
2.311693252953797
2.311693252953797
2.311693252953797
2.311693252953797
2.332388003288825
2.332388003288825
2.332388003288825
2.332388003288825
2.332388003288825
2.332388003288825
2.332388003288825
2.332388003288825
2.338964349024860
2.338964349024860
2.338964349024860
2.338964349024860
2.353147464454946
2.353147464454946
2.353147464454946
2.353147464454946
2.353147464454946
2.353147464454946
2.353147464454946
2.353147464454946
2.359876135363189
2.359876135363189
2.359876135363189
2.359876135363189
2.359876135363189
2.359876135363189
2.359876135363189
2.359876135363189
2.380312410911432
2.380312410911432
2.389133602999415
2.389133602999415
2.389133602999415
2.389133602999415
2.403253143993762
2.403253143993762
2.403253143993762
2.403253143993762
2.403253143993762
2.403253143993762
2.403253143993762
2.403253143993762
2.418353843873897
2.418353843873897
2.418353843873898
2.418353843873898
2.418353843873898
2.418353843873898
2.418353843873898
2.418353843873898
2.446995309097066
2.446995309097066
2.446995309097066
2.446995309097066
2.446995309097066
2.446995309097066
2.446995309097066
2.446995309097066
2.454262410610778
2.454262410610779
2.454262410610779
2.454262410610779
2.454262410610779
2.454262410610779
2.454262410610779
2.454262410610779
2.473824485889918
2.473824485889919
2.473824485889919
2.473824485889919
2.473824485889919
2.473824485889919
2.473824485889919
2.473824485889919
2.476121476112756
2.476121476112756
2.476121476112756
2.476121476112756
2.480036212450631
2.480036212450632
2.480036212450632
2.480036212450632
2.483258347124160
2.483258347124160
2.483258347124160
2.483258347124161
2.483258347124161
2.483258347124161
2.483258347124161
2.483258347124161
2.503459674876286
2.503459674876286
2.503459674876286
2.503459674876287
2.503459674876287
2.503459674876287
2.503459674876287
2.503459674876287
2.526109748591856
2.526109748591856
2.526109748591856
2.526109748591856
2.526109748591856
2.526109748591856
2.526109748591856
2.526109748591856
2.528387251502004
2.528387251502004
2.528387251502004
2.528387251502004
2.528387251502004
2.528387251502004
2.528387251502004
2.528387251502004
2.531586706627001
2.531586706627001
2.531586706627002
2.531586706627002
2.538235566557280
2.538235566557280
2.538235566557280
2.538235566557280
2.538235566557280
2.538235566557280
2.538235566557280
2.538235566557280
2.552189146123284
2.552189146123284
2.552189146123284
2.552189146123284
2.552189146123284
2.552189146123284
2.552189146123284
2.552189146123284
2.557236770835654
2.557236770835654
2.557236770835654
2.557236770835654
2.557236770835654
2.557236770835654
2.557236770835655
2.557236770835655
2.560158445375931
2.560158445375931
2.560158445375931
2.560158445375931
2.563277205365714
2.563277205365714
2.563277205365715
2.563277205365715
2.565997979132673
2.565997979132674
2.565997979132674
2.565997979132674
2.584827891380395
2.584827891380395
2.584827891380395
2.584827891380395
2.590816460784462
2.590816460784462
2.629461903628432
2.629461903628432
2.629461903628432
2.629461903628432
2.629461903628432
2.629461903628432
2.629461903628432
2.629461903628432
2.642503891970820
2.642503891970821
2.642503891970821
2.642503891970821
2.678962081731562
2.678962081731562
2.678962081731562
2.678962081731562
2.680233549718177
2.680233549718177
2.680233549718177
2.680233549718177
2.680233549718177
2.680233549718177
2.680233549718177
2.680233549718177
2.692065150716683
2.692065150716683
2.692065150716683
2.692065150716683
2.694961710077186
2.694961710077186
2.694961710077186
2.694961710077187
2.694961710077187
2.694961710077187
2.694961710077187
2.694961710077187
2.719755091888926
2.719755091888926
2.719755091888926
2.719755091888926
2.734702495667270
2.734702495667271
2.734973550086016
2.734973550086016
2.734973550086016
2.734973550086016
2.734973550086016
2.734973550086016
2.734973550086016
2.734973550086016
2.756762101975808
2.756762101975808
2.756762101975808
2.756762101975808
2.756762101975808
2.756762101975808
2.756762101975808
2.756762101975808
2.763732265963480
2.763732265963480
2.763732265963480
2.763732265963480
2.770907839685679
2.770907839685679
2.770907839685679
2.770907839685679
2.770907839685679
2.770907839685679
2.770907839685680
2.770907839685680
2.779649177475061
2.779649177475061
2.779649177475062
2.779649177475062
2.779649177475062
2.779649177475062
2.779649177475062
2.779649177475062
2.806893978230148
2.806893978230148
2.806893978230148
2.806893978230149
2.840031919554802
2.840031919554802
2.840031919554802
2.840031919554802
2.840031919554803
2.840031919554803
2.840031919554803
2.840031919554803
2.851923719135886
2.851923719135886
2.851923719135886
2.851923719135886
2.866768351208939
2.866768351208939
2.866768351208939
2.866768351208939
2.866768351208939
2.866768351208939
2.866768351208939
2.866768351208939
2.877542707742998
2.877542707742998
2.877542707742998
2.877542707742998
2.877542707742998
2.877542707742998
2.877542707742998
2.877542707742998
2.895894518224629
2.895894518224629
2.895894518224629
2.895894518224629
2.898198584576900
2.898198584576901
2.898198584576901
2.898198584576901
2.898198584576901
2.898198584576901
2.898198584576901
2.898198584576901
2.904804129389252
2.904804129389252
2.904804129389252
2.904804129389253
2.925137750557191
2.925137750557191
2.925137750557191
2.925137750557191
2.925137750557191
2.925137750557191
2.925137750557191
2.925137750557192
2.932525848009506
2.932525848009506
2.932525848009506
2.932525848009506
2.953264782307906
2.953264782307906
2.953264782307906
2.953264782307906
2.961515863689498
2.961515863689498
2.961515863689499
2.961515863689499
2.961515863689499
2.961515863689499
2.961515863689499
2.961515863689499
2.974142344205196
2.974142344205196
2.974142344205196
2.974142344205196
2.978150579475677
2.978150579475677
2.978150579475677
2.978150579475677
2.981610869522637
2.981610869522637
2.981610869522637
2.981610869522637
2.981610869522637
2.981610869522637
2.981610869522637
2.981610869522638
2.988045122304335
2.988045122304335
2.988045122304335
2.988045122304335
2.989278276264892
2.989278276264892
2.989278276264893
2.989278276264893
3.002285404414295
3.002285404414295
3.002285404414295
3.002285404414295
3.009201990067377
3.009201990067377
3.009201990067377
3.009201990067377
3.010372836663860
3.010372836663861
3.015584377723082
3.015584377723083
3.078132478770556
3.078132478770556
3.078132478770556
3.078132478770556
3.126366814077767
3.126366814077767
3.128266145331517
3.128266145331517
3.128266145331517
3.128266145331517
3.144229210962532
3.144229210962532
3.144229210962532
3.144229210962532
3.184736878059689
3.184736878059689
3.184736878059689
3.184736878059689
3.206858360266819
3.206858360266819
3.206858360266819
3.206858360266819
3.213946657251410
3.213946657251410
3.218940435299020
3.218940435299020
3.218940435299020
3.218940435299020
3.228319752617185
3.228319752617186
3.228319752617186
3.228319752617186
3.254926573843488
3.254926573843488
3.289299420440148
3.289299420440148
3.289299420440148
3.289299420440148
3.315438926351063
3.315438926351063
3.315438926351063
3.315438926351063
3.327306035716671
3.327306035716671
3.327306035716671
3.327306035716671
3.344565093366753
3.344565093366753
3.348294842867912
3.348294842867912
3.348294842867912
3.348294842867912
3.355018520677182
3.355018520677182
3.374405251442537
3.374405251442537
3.374405251442537
3.374405251442537
3.402532283193252
3.402532283193252
3.411279191663172
3.411279191663172
3.411279191663172
3.411279191663172
3.431707127813648
3.431707127813648
3.431707127813648
3.431707127813649
3.438259513592264
3.438259513592264
3.439041604238565
3.439041604238566
3.459298248358389
3.459298248358389
3.465798769011012
Kgrid: 25
-2.357022603955159
-2.160604053625562
-1.964185503295965
-1.767766952966369
-1.571348402636772
-1.374929852307176
-1.178511301977579
-0.982092751647983
-0.785674201318386
-0.589255650988790
-0.392837100659193
-0.196418550329597
0.000000000000000
0.196418550329597
0.392837100659193
0.589255650988790
0.785674201318386
0.982092751647983
1.178511301977579
1.374929852307176
1.571348402636772
1.767766952966369
1.964185503295965
2.160604053625562
2.357022603955159
Davidson lowest eigenvalues at each iteration: 16
-0.011392386384941
-0.051469582167543
-0.052107876230835
-0.052108181160032
-0.052108181160033
-0.052108181160032
-0.052108181160032
-0.052108181160033
-0.052108181160032
-0.052108181160032
-0.052108181160033
-0.052108181160033
-0.052108181160033
-0.052108181160032
-0.052108181160032
-0.052108181160032
DavVals: 64
-0.011392386384941
-0.011392386384940
-0.003593025363598
-0.003593025363598
-0.051469582167543
-0.051469582167543
-0.032750252287021
-0.032750252287021
-0.052107876230835
-0.052107876230835
-0.032929101681089
-0.032929101681088
-0.052108181160032
-0.052108181160032
-0.032929104266088
-0.032929104266088
-0.052108181160033
-0.052108181160032
-0.032929104266088
-0.032929104266088
-0.052108181160032
-0.052108181160032
-0.033942959061195
-0.033448409634808
-0.052108181160032
-0.052108181160032
-0.034055286811878
-0.033992358835915
-0.052108181160033
-0.052108181160032
-0.034058586610788
-0.034051971021287
-0.052108181160032
-0.052108181160032
-0.034058850791847
-0.034058482771938
-0.052108181160032
-0.052108181160032
-0.034058857386129
-0.034058849773910
-0.052108181160033
-0.052108181160032
-0.034058857585140
-0.034058857309296
-0.052108181160033
-0.052108181160032
-0.034058857605292
-0.034058857598982
-0.052108181160033
-0.052108181160032
-0.034058857607723
-0.034058857607395
-0.052108181160032
-0.052108181160032
-0.034058857608026
-0.034058857607952
-0.052108181160032
-0.052108181160032
-0.034058857608057
-0.034058857608049
-0.052108181160032
-0.052108181160032
-0.034058857608061
-0.034058857608059
Davidson Times Per Iteration: 16
5.901752479000000
3.045714698000000
3.075869188000000
3.123169989000000
2.836534845000000
2.919194631000000
2.988618854000000
3.034394164000000
3.112341526000000
2.920882552000000
2.782184204000000
2.774590945000000
2.649544815000000
2.540027986000000
2.552419699000000
2.566840214000000

                            End of Section: Vectors                            

--------------------------------------------------------------------------------

                                    Matrices                                    

--------------------------------------------------------------------------------

Occupied States: 113 x 2
         6        12
         7         9
         7        10
         7        11
         7        12
         7        13
         7        14
         7        15
         8         8
         8         9
         8        10
         8        11
         8        12
         8        13
         8        14
         8        15
         8        16
         9         7
         9         8
         9         9
         9        10
         9        11
         9        12
         9        13
         9        14
         9        15
         9        16
         9        17
        10         7
        10         8
        10         9
        10        10
        10        11
        10        12
        10        13
        10        14
        10        15
        10        16
        10        17
        11         7
        11         8
        11         9
        11        10
        11        11
        11        12
        11        13
        11        14
        11        15
        11        16
        11        17
        12         6
        12         7
        12         8
        12         9
        12        10
        12        11
        12        12
        12        13
        12        14
        12        15
        12        16
        12        17
        12        18
        13         7
        13         8
        13         9
        13        10
        13        11
        13        12
        13        13
        13        14
        13        15
        13        16
        13        17
        14         7
        14         8
        14         9
        14        10
        14        11
        14        12
        14        13
        14        14
        14        15
        14        16
        14        17
        15         7
        15         8
        15         9
        15        10
        15        11
        15        12
        15        13
        15        14
        15        15
        15        16
        15        17
        16         8
        16         9
        16        10
        16        11
        16        12
        16        13
        16        14
        16        15
        16        16
        17         9
        17        10
        17        11
        17        12
        17        13
        17        14
        17        15
        18        12
Virtual States: 463 x 2
         0         0
         0         1
         0         2
         0         3
         0         4
         0         5
         0         6
         0         7
         0         8
         0         9
         0        10
         0        11
         0        12
         0        13
         0        14
         0        15
         0        16
         0        17
         0        18
         0        19
         0        20
         0        21
         0        22
         0        23
         1         0
         1         1
         1         2
         1         3
         1         4
         1         5
         1         6
         1         7
         1         8
         1         9
         1        10
         1        11
         1        12
         1        13
         1        14
         1        15
         1        16
         1        17
         1        18
         1        19
         1        20
         1        21
         1        22
         1        23
         2         0
         2         1
         2         2
         2         3
         2         4
         2         5
         2         6
         2         7
         2         8
         2         9
         2        10
         2        11
         2        12
         2        13
         2        14
         2        15
         2        16
         2        17
         2        18
         2        19
         2        20
         2        21
         2        22
         2        23
         3         0
         3         1
         3         2
         3         3
         3         4
         3         5
         3         6
         3         7
         3         8
         3         9
         3        10
         3        11
         3        12
         3        13
         3        14
         3        15
         3        16
         3        17
         3        18
         3        19
         3        20
         3        21
         3        22
         3        23
         4         0
         4         1
         4         2
         4         3
         4         4
         4         5
         4         6
         4         7
         4         8
         4         9
         4        10
         4        11
         4        12
         4        13
         4        14
         4        15
         4        16
         4        17
         4        18
         4        19
         4        20
         4        21
         4        22
         4        23
         5         0
         5         1
         5         2
         5         3
         5         4
         5         5
         5         6
         5         7
         5         8
         5         9
         5        10
         5        11
         5        12
         5        13
         5        14
         5        15
         5        16
         5        17
         5        18
         5        19
         5        20
         5        21
         5        22
         5        23
         6         0
         6         1
         6         2
         6         3
         6         4
         6         5
         6         6
         6         7
         6         8
         6         9
         6        10
         6        11
         6        13
         6        14
         6        15
         6        16
         6        17
         6        18
         6        19
         6        20
         6        21
         6        22
         6        23
         7         0
         7         1
         7         2
         7         3
         7         4
         7         5
         7         6
         7         7
         7         8
         7        16
         7        17
         7        18
         7        19
         7        20
         7        21
         7        22
         7        23
         8         0
         8         1
         8         2
         8         3
         8         4
         8         5
         8         6
         8         7
         8        17
         8        18
         8        19
         8        20
         8        21
         8        22
         8        23
         9         0
         9         1
         9         2
         9         3
         9         4
         9         5
         9         6
         9        18
         9        19
         9        20
         9        21
         9        22
         9        23
        10         0
        10         1
        10         2
        10         3
        10         4
        10         5
        10         6
        10        18
        10        19
        10        20
        10        21
        10        22
        10        23
        11         0
        11         1
        11         2
        11         3
        11         4
        11         5
        11         6
        11        18
        11        19
        11        20
        11        21
        11        22
        11        23
        12         0
        12         1
        12         2
        12         3
        12         4
        12         5
        12        19
        12        20
        12        21
        12        22
        12        23
        13         0
        13         1
        13         2
        13         3
        13         4
        13         5
        13         6
        13        18
        13        19
        13        20
        13        21
        13        22
        13        23
        14         0
        14         1
        14         2
        14         3
        14         4
        14         5
        14         6
        14        18
        14        19
        14        20
        14        21
        14        22
        14        23
        15         0
        15         1
        15         2
        15         3
        15         4
        15         5
        15         6
        15        18
        15        19
        15        20
        15        21
        15        22
        15        23
        16         0
        16         1
        16         2
        16         3
        16         4
        16         5
        16         6
        16         7
        16        17
        16        18
        16        19
        16        20
        16        21
        16        22
        16        23
        17         0
        17         1
        17         2
        17         3
        17         4
        17         5
        17         6
        17         7
        17         8
        17        16
        17        17
        17        18
        17        19
        17        20
        17        21
        17        22
        17        23
        18         0
        18         1
        18         2
        18         3
        18         4
        18         5
        18         6
        18         7
        18         8
        18         9
        18        10
        18        11
        18        13
        18        14
        18        15
        18        16
        18        17
        18        18
        18        19
        18        20
        18        21
        18        22
        18        23
        19         0
        19         1
        19         2
        19         3
        19         4
        19         5
        19         6
        19         7
        19         8
        19         9
        19        10
        19        11
        19        12
        19        13
        19        14
        19        15
        19        16
        19        17
        19        18
        19        19
        19        20
        19        21
        19        22
        19        23
        20         0
        20         1
        20         2
        20         3
        20         4
        20         5
        20         6
        20         7
        20         8
        20         9
        20        10
        20        11
        20        12
        20        13
        20        14
        20        15
        20        16
        20        17
        20        18
        20        19
        20        20
        20        21
        20        22
        20        23
        21         0
        21         1
        21         2
        21         3
        21         4
        21         5
        21         6
        21         7
        21         8
        21         9
        21        10
        21        11
        21        12
        21        13
        21        14
        21        15
        21        16
        21        17
        21        18
        21        19
        21        20
        21        21
        21        22
        21        23
        22         0
        22         1
        22         2
        22         3
        22         4
        22         5
        22         6
        22         7
        22         8
        22         9
        22        10
        22        11
        22        12
        22        13
        22        14
        22        15
        22        16
        22        17
        22        18
        22        19
        22        20
        22        21
        22        22
        22        23
        23         0
        23         1
        23         2
        23         3
        23         4
        23         5
        23         6
        23         7
        23         8
        23         9
        23        10
        23        11
        23        12
        23        13
        23        14
        23        15
        23        16
        23        17
        23        18
        23        19
        23        20
        23        21
        23        22
        23        23
Excitations: 1555 x 2
           62          232
           62          256
           50          255
           50          231
           62          269
           50          268
           62          219
           50          218
           27          296
           17          295
           95          296
           17          191
           27          192
           95          192
           85          295
           85          191
           50          281
           62          282
           62          206
           50          205
            8          311
            8          175
           96          311
           16          176
           16          312
          104          312
          104          176
           96          175
            1          153
            1          329
            7          158
            7          334
          111          158
          105          329
          105          153
          111          334
            3          331
            3          155
            5          332
          109          332
            5          156
          107          331
          109          156
          107          155
            2          330
          106          330
            6          333
          110          333
            2          154
            6          157
          110          157
          106          154
           38          296
           38          192
           74          295
           84          296
           28          295
           84          192
           74          191
           28          191
            0          132
          112          132
            0          355
          112          355
           62          297
           62          193
           50          190
           50          294
           49          296
           73          296
           39          295
           49          192
           73          192
           63          295
           39          191
           63          191
           17          310
           17          174
           27          313
           27          177
           95          177
           95          313
           85          310
           85          174
           61          296
           61          192
           51          295
           51          191
           18          311
           26          312
           26          176
           18          175
           86          311
           94          312
           94          176
           86          175
            8          152
            8          328
           96          152
           16          159
          104          159
           16          335
          104          335
           96          328
          103          158
          103          334
           15          158
            9          329
            9          153
           97          329
           97          153
           15          334
           38          313
           28          310
           38          177
           74          310
           74          174
           28          174
           84          177
           84          313
           99          331
          101          332
           99          155
           11          331
           13          332
          101          156
           11          155
           13          156
           10          330
           98          330
          102          333
           10          154
           14          333
           14          157
          102          157
           98          154
           29          311
           29          175
           75          311
           37          176
           37          312
           83          176
           83          312
           75          175
           62          314
           62          178
           50          173
           50          309
            1          129
            7          135
            1          352
          105          129
            7          358
          111          135
          111          358
          105          352
            6          134
            2          130
          106          130
          110          134
            6          357
            2          353
          106          353
          110          357
           49          177
           39          310
           49          313
           73          313
           73          177
           39          174
           63          310
           63          174
            3          131
            5          133
          107          131
            3          354
          109          133
            5          356
          107          354
          109          356
            4          132
          108          132
            4          355
          108          355
           40          311
           64          311
           48          176
           48          312
           40          175
           64          175
           72          176
           72          312
            0          108
          112          108
          112          379
            0          379
           61          313
           51          310
           61          177
           51          174
           17          151
           17          327
           27          336
           27          160
           95          160
           95          336
           85          151
           85          327
           52          311
           60          176
           60          312
           52          175
           18          152
           26          159
           18          328
           26          335
           86          152
           94          159
           94          335
           86          328
           23          332
           91          332
           21          331
           23          156
           89          331
           21          155
           89          155
           91          156
           25          158
           25          334
           93          158
           19          329
           87          153
           19          153
           87          329
           93          334
           88          330
           20          330
           24          333
           92          333
           88          154
           24          157
           92          157
           20          154
           74          151
           38          336
           28          151
           38          160
           74          327
           28          327
           84          336
           84          160
            8          128
            8          351
           16          136
          104          136
           96          128
           16          359
          104          359
           96          351
           62          161
           62          337
           50          326
           50          150
           29          152
           29          328
           75          152
           83          159
           37          159
           75          328
           37          335
           83          335
          103          135
            9          129
          103          358
           97          129
           15          135
           15          358
            9          352
           97          352
           34          332
           34          156
           78          331
           80          332
           32          331
           32          155
           78          155
           80          156
           36          158
           82          158
           30          329
           30          153
           36          334
           82          334
           76          153
           76          329
           31          330
           77          330
           35          333
           35          157
           31          154
           77          154
           81          333
           81          157
           10          130
           14          134
          102          134
           98          130
           10          353
           14          357
          102          357
           98          353
           49          160
           39          151
           49          336
           73          160
           39          327
           73          336
           63          151
           63          327
           12          132
          100          132
           12          355
          100          355
           99          131
           11          131
          101          133
           13          133
           99          354
           11          354
          101          356
           13          356
           61          160
           61          336
           51          151
           51          327
            1          105
          111          111
            1          376
            7          111
            7          382
          105          105
          111          382
          105          376
           40          152
           48          159
           64          152
           48          335
           40          328
           64          328
           72          159
           72          335
           67          155
           45          156
           45          332
           43          331
           67          331
           43          155
           69          332
           69          156
           95          137
           17          127
           17          350
           27          137
           27          360
           95          360
           85          127
           85          350
           47          158
           65          329
           41          153
           65          153
           41          329
           71          158
           47          334
           71          334
           66          330
           46          157
           46          333
           70          157
           70          333
           66          154
           42          330
           42          154
            2          377
          110          110
            6          110
            2          106
            6          381
          106          106
          110          381
          106          377
           60          159
           52          152
           52          328
           60          335
           55          155
           57          332
           55          331
           57          156
           59          158
           53          329
           53          153
           59          334
           54          330
           58          333
           54          154
           58          157
            3          378
            3          107
            5          109
          107          378
          107          107
          109          109
            5          380
          109          380
            4          108
          108          108
            4          379
          108          379
            0          403
            0           84
          112          403
          112           84
           94          136
           26          136
           18          128
           26          359
           86          128
           18          351
           94          359
           86          351
           19          129
           93          135
           87          129
           25          358
           25          135
           93          358
           19          352
           87          352
           22          132
           90          132
           90          355
           22          355
           92          134
           24          134
           88          130
           20          130
           24          357
           88          353
           92          357
           20          353
           89          131
           21          131
           23          133
           91          133
           23          356
           89          354
           21          354
           91          356
           38          137
           38          360
           28          127
           84          137
           74          127
           74          350
           28          350
           84          360
           62          138
           62          361
           50          126
           50          349
            8          104
            8          375
           16          383
           16          112
          104          112
          104          383
           96          104
           96          375
           29          128
           75          128
           37          136
           83          136
           29          351
           83          359
           37          359
           75          351
           49          137
           73          137
           39          350
           39          127
           73          360
           49          360
           63          127
           63          350
          103          382
          103          111
            9          105
           15          111
           97          105
            9          376
           15          382
           97          376
           76          129
           82          135
           36          135
           30          129
           36          358
           82          358
           76          352
           30          352
           61          137
           61          360
           51          350
           51          127
           33          132
           79          132
           33          355
           79          355
           35          134
           31          130
           77          130
           81          134
           31          353
           77          353
           35          357
           81          357
           34          133
           32          131
           78          131
           34          356
           80          133
           78          354
           32          354
           80          356
          102          381
           14          110
           10          377
           98          106
           14          381
           10          106
          102          110
           98          377
           99          107
           99          378
           11          107
          101          109
          101          380
           11          378
           13          109
           13          380
           48          136
           48          359
           72          136
           40          128
           64          128
           40          351
           72          359
           64          351
          100          108
           12          108
           12          379
          100          379
           27          384
           17          374
           17          103
           27          113
           95          113
           95          384
           85          103
           85          374
           52          128
           60          136
           52          351
           60          359
            1          400
            1           81
            7          406
          105          400
            7           87
          111          406
          111           87
          105           81
           65          129
           41          129
           47          358
           47          135
           71          135
           65          352
           41          352
           71          358
           44          132
           68          132
           68          355
           44          355
           66          130
           42          130
           46          134
           70          134
           66          353
           46          357
           70          357
           42          353
           43          131
           67          131
           45          133
           67          354
           43          354
           45          356
           69          133
           69          356
           53          129
           59          135
           53          352
           59          358
            6          405
            2          401
          106          401
          110          405
          110           86
            6           86
          106           82
            2           82
           56          132
           56          355
           58          134
           54          130
           58          357
           54          353
           55          131
           55          354
           57          133
           57          356
            3           83
            3          402
            5          404
            5           85
          109          404
          107           83
          109           85
          107          402
           18          104
           26          383
           26          112
           94          383
           94          112
           86          104
           18          375
           86          375
            4          403
            4           84
          108          403
          108           84
            0          427
          112          427
          112           60
            0           60
           25          111
           25          382
           93          111
           93          382
           19          105
           87          105
           19          376
           87          376
           38          384
           28          374
           74          374
           28          103
           74          103
           38          113
           84          113
           84          384
           62          385
           62          114
           50          373
           50          102
           92          110
           88          106
           24          110
           20          106
           24          381
           92          381
           20          377
           88          377
           89          107
           91          109
           23          380
           23          109
           21          107
           21          378
           89          378
           91          380
           90          108
           22          108
           22          379
           90          379
            8          399
            8           80
           96           80
           96          399
          104          407
           16          407
          104           88
           16           88
           29          104
           83          383
           83          112
           37          112
           37          383
           75          104
           29          375
           75          375
           73          113
           39          374
           39          103
           73          384
           49          384
           49          113
           63          103
           63          374
           61          113
           61          384
           51          103
           51          374
           36          111
           82          382
           82          111
           36          382
           30          105
           76          105
           76          376
           30          376
          103          406
            9          400
          103           87
           15          406
           15           87
            9           81
           97          400
           97           81
           35          110
           31          106
           77          377
           31          377
           77          106
           81          110
           35          381
           81          381
           48          383
           48          112
           40          104
           64          104
           72          112
           64          375
           40          375
           72          383
           34          109
           34          380
           78          107
           80          109
           32          107
           80          380
           32          378
           78          378
           33          108
           79          108
           33          379
           79          379
           10          401
           14          405
          102          405
           10           82
          102           86
           98          401
           98           82
           14           86
           60          383
           52          104
           60          112
           52          375
           27          408
           27           89
           17          398
           95          408
           95           89
           17           79
           85          398
           85           79
          101           85
           13           85
           99          402
           99           83
          101          404
           11          402
           13          404
           11           83
           12           84
           12          403
          100           84
          100          403
           71          111
           47          111
           41          105
           47          382
           65          105
           41          376
           65          376
           71          382
           66          106
           42          106
           70          381
           70          110
           66          377
           46          110
           46          381
           42          377
           59          111
           53          105
           59          382
           53          376
            1          424
            1           57
            7          430
          105          424
            7           63
          111          430
          111           63
          105           57
           67          107
           45          109
           43          107
           43          378
           67          378
           69          109
           45          380
           69          380
           44          108
           68          108
           44          379
           68          379
           58          110
           58          381
           54          377
           54          106
           55          107
           55          378
           57          380
           57          109
           56          108
           56          379
           18          399
           18           80
           26          407
           26           88
           86          399
           86           80
           94          407
           94           88
            6          429
          110          429
            2          425
            6           62
            2           58
          106          425
          106           58
          110           62
            3          426
            3           59
            5          428
          109          428
            5           61
          107           59
          107          426
          109           61
            4          427
            4           60
          108          427
          108           60
           28          398
           38          408
           38           89
           74          398
           84          408
           84           89
           74           79
           28           79
           25          406
           87          400
           25           87
           93          406
           19          400
           93           87
           19           81
           87           81
           62          409
           50          397
           62           90
           50           78
           20          401
           24           86
           88           82
           88          401
           92           86
           24          405
           92          405
           20           82
          112          451
            0          451
          112           36
            0           36
           23           85
           23          404
           89           83
           21          402
           89          402
           91           85
           21           83
           91          404
           90          403
           90           84
           22           84
           22          403
           49           89
           39          398
           73          408
           49          408
           73           89
           39           79
           63          398
           63           79
           29           80
           29          399
           75           80
           75          399
           83           88
           37          407
           83          407
           37           88
            8          423
            8           56
           96          423
           16           64
           16          431
          104          431
          104           64
           96           56
           61           89
           61          408
           51          398
           51           79
           36          406
           82          406
           76           81
           36           87
           82           87
           76          400
           30           81
           30          400
           40          399
           64          399
           48          407
           64           80
           40           80
           48           88
           72           88
           72          407
           35          405
           77          401
           31          401
           81          405
           31           82
           35           86
           81           86
           77           82
          103          430
           97          424
            9           57
          103           63
            9          424
           15           63
           97           57
           15          430
           34           85
           34          404
           32          402
           80          404
           80           85
           78          402
           32           83
           78           83
           33           84
           33          403
           79           84
           79          403
           52          399
           52           80
           60          407
           60           88
          102           62
          102          429
           98          425
           10           58
           10          425
           14          429
           14           62
           98           58
           47          406
           41          400
           65          400
           71           87
           71          406
           41           81
           47           87
           65           81
           95           65
           27          432
           17          422
           95          432
           27           65
           17           55
           85           55
           85          422
           11           59
           99           59
           99          426
           13           61
           13          428
          101          428
          101           61
           11          426
          100          427
           12          427
          100           60
           12           60
           53          400
           59          406
           59           87
           53           81
           46          405
           66          401
           66           82
           70          405
           46           86
           70           86
           42           82
           42          401
           69           85
           67           83
           45           85
           43           83
           69          404
           67          402
           43          402
           45          404
           44          403
           44           84
           68          403
           68           84
           54          401
           58          405
           58           86
           54           82
           55           83
           55          402
           57          404
           57           85
           56          403
           56           84
          111          454
            1          448
            7          454
            1           33
            7           39
          105          448
          105           33
          111           39
           18          423
           18           56
           26           64
           86          423
           26          431
           86           56
           94          431
           94           64
            6          453
            6           38
          110          453
            2          449
          110           38
            2           34
          106          449
          106           34
           74           55
           38           65
           84          432
           38          432
           28           55
           74          422
           28          422
           84           65
           62          433
           62           66
           50          421
           50           54
            5           37
            3          450
          109          452
            3           35
            5          452
          107          450
          109           37
          107           35
           25          430
           19          424
           87           57
           87          424
           19           57
           93           63
           93          430
           25           63
            4           36
            4          451
          108          451
          108           36
           92          429
           24          429
           88          425
           24           62
           92           62
           20           58
           20          425
           88           58
           91          428
           23           61
           23          428
           91           61
           89           59
           89          426
           21          426
           21           59
           90          427
           22          427
           22           60
           90           60
           49          432
           49           65
           73           65
           73          432
           39          422
           39           55
           63          422
           63           55
           29          423
           83          431
           83           64
           29           56
           75          423
           37           64
           75           56
           37          431
            0           12
          112           12
           51           55
           51          422
           61          432
           61           65
            8           32
            8          447
           96           32
           16           40
           16          455
           96          447
          104           40
          104          455
           82          430
           36          430
           76          424
           76           57
           36           63
           30          424
           30           57
           82           63
           64          423
           48           64
           40          423
           48          431
           40           56
           64           56
           72          431
           72           64
           35          429
           31           58
           81          429
           77           58
           31          425
           77          425
           35           62
           81           62
           34          428
           34           61
           78          426
           80          428
           32          426
           78           59
           32           59
           80           61
           60           64
           60          431
           52          423
           52           56
           33          427
           79          427
           33           60
           79           60
          103          454
           15          454
          103           39
           97          448
            9           33
           97           33
           15           39
            9          448
           41          424
           65          424
           47          430
           71           63
           71          430
           65           57
           47           63
           41           57
           27          456
           27           41
           17           31
           95          456
           95           41
           17          446
           85           31
           85          446
           98           34
           98          449
           10           34
           14           38
           14          453
          102          453
          102           38
           10          449
           59          430
           53          424
           59           63
           53           57
           66          425
           46          429
           70          429
           66           58
           42          425
           70           62
           46           62
           42           58
           11           35
           99           35
           11          450
          101           37
          101          452
           13           37
           13          452
           99          450
           67          426
           67           59
           43           59
           43          426
           45           61
           45          428
           69          428
           69           61
           12           36
          100          451
           12          451
          100           36
           44          427
           68          427
           68           60
           44           60
           58          429
           54          425
           54           58
           58           62
           55          426
           55           59
           57          428
           57           61
           56          427
           56           60
           94           40
           26          455
           26           40
           18          447
           94          455
           18           32
           86          447
           86           32
            1            9
            7           15
          105            9
          111           15
           62           42
           62          457
           50           30
           50          445
           74           31
           38          456
           28           31
           38           41
           74          446
           28          446
           84          456
           84           41
            2           10
          110           14
          106           10
            6           14
           25          454
           93          454
           25           39
           87          448
           19           33
           19          448
           87           33
           93           39
            5           13
            3           11
          109           13
          107           11
            4           12
          108           12
           20          449
           88           34
           88          449
           92           38
           24           38
           24          453
           92          453
           20           34
           21           35
           89           35
           23          452
           21          450
           23           37
           91           37
           91          452
           89          450
           90           36
           90          451
           22          451
           22           36
           49          456
           49           41
           63           31
           73           41
           39           31
           73          456
           39          446
           63          446
           29           32
           29          447
           75          447
           83          455
           83           40
           37          455
           75           32
           37           40
           51           31
           61           41
           61          456
           51          446
           82          454
           36          454
           82           39
           36           39
           76           33
           76          448
           30           33
           30          448
            8            8
          104           16
           96            8
           16           16
           40          447
           64           32
           64          447
           40           32
           48           40
           48          455
           72           40
           72          455
           77           34
           35           38
           81           38
           35          453
           31           34
           31          449
           77          449
           81          453
           52          447
           60           40
           52           32
           60          455
           34          452
           32          450
           34           37
           78          450
           80          452
           78           35
           32           35
           80           37
           33          451
           79          451
           33           36
           79           36
           71          454
           47          454
           41          448
           65          448
           41           33
           47           39
           65           33
           71           39
          103           15
           97            9
            9            9
           15           15
           53           33
           59           39
           59          454
           53          448
           66          449
           66           34
           70          453
           42          449
           70           38
           42           34
           46          453
           46           38
           17            7
           27           17
           85            7
           95           17
           98           10
           10           10
          102           14
           14           14
           67           35
           43          450
           43           35
           67          450
           45          452
           45           37
           69          452
           69           37
           44          451
           68          451
           68           36
           44           36
           58           38
           58          453
           54          449
           54           34
           13           13
           99           11
          101           13
           11           11
           55          450
           57           37
           57          452
           55           35
           12           12
          100           12
           56          451
           56           36
           18            8
           26           16
           94           16
           86            8
           62           18
           50            6
           38           17
           28            7
           74            7
           84           17
           25           15
           87            9
           19            9
           93           15
           20           10
           88           10
           92           14
           24           14
           23           13
           89           11
           21           11
           91           13
           22           12
           90           12
           49           17
           63            7
           39            7
           73           17
           29            8
           37           16
           83           16
           75            8
           51            7
           61           17
           36           15
           82           15
           76            9
           30            9
           40            8
           64            8
           48           16
           72           16
           31           10
           81           14
           77           10
           35           14
           60           16
           52            8
           34           13
           32           11
           78           11
           80           13
           33           12
           79           12
           47           15
           41            9
           65            9
           71           15
           53            9
           59           15
           66           10
           42           10
           70           14
           46           14
           43           11
           45           13
           67           11
           69           13
           68           12
           44           12
           58           14
           54           10
           57           13
           55           11
           56           12

                            End of Section: Matrices                            

################################################################################

                              End of Output File.                              

################################################################################
