################################################################################

            Output File for HFS, the Hartree-Fock Stability Program            
                              Author: Evan Curtin                              
             Institution: University of Illinois @ Urbana-Champaign             
                          email: ecurtin2@illinois.edu                          
                       Built on Oct 21 2016, at 17:11:28                       

################################################################################

                Computation Started : Fri Oct 21 17:57:05 2016
                
                Computation Finished: Fri Oct 21 17:57:29 2016
                
                     Total Elapsed Time = 24.8827 seconds.                     

--------------------------------------------------------------------------------

                                     Input                                     

--------------------------------------------------------------------------------

Nk = 20
ndim = 2
rs = 1.200000000000000

                             End of Section: Input                             

--------------------------------------------------------------------------------

                                     Output                                     

--------------------------------------------------------------------------------

deltaK = 0.248107642521596
kf = 1.178511301977579
kmax = 2.357022603955159
Nocc = 76
Nvir = 285
Nexc = 812
ground_state_degeneracy = 8
dav_its = 16
num_guess_evecs = 80
Dav_blocksize = 20
Dav_Num_evals = 8
Dav_time = 19.097974628999999
Mv_time = 0.016823797000000
Davidson Tolerance = 1.00e-08
Dav_minits = 5
Dav_maxits = 30
Dav_maxsubsize = 3000
Davidson_Stopping_Criteria = All Norms in Block Converged
full_diag_min = 0.049142183940100
full_diag_time = 5.781418791000000

                             End of Section: Output                             

--------------------------------------------------------------------------------

                                    Vectors                                    

--------------------------------------------------------------------------------

Occ Energies: 76
0.027201702562993
-0.075991624701005
-0.075991624701005
0.027201702562993
-0.144270456854980
-0.351888706511898
-0.449722330164901
-0.449722330164901
-0.351888706511898
-0.144270456854980
-0.144270456854980
-0.437059904325538
-0.623840732292467
-0.714867022825722
-0.714867022825722
-0.623840732292467
-0.437059904325538
-0.144270456854980
0.027201702562993
-0.351888706511898
-0.623840732292466
-0.800539216112481
-0.887771629517716
-0.887771629517716
-0.800539216112481
-0.623840732292466
-0.351888706511898
0.027201702562994
-0.075991624701005
-0.449722330164901
-0.714867022825722
-0.887771629517716
-0.973351928972907
-0.973351928972907
-0.887771629517716
-0.714867022825721
-0.449722330164901
-0.075991624701004
-0.075991624701005
-0.449722330164901
-0.714867022825722
-0.887771629517716
-0.973351928972907
-0.973351928972907
-0.887771629517716
-0.714867022825722
-0.449722330164901
-0.075991624701004
0.027201702562993
-0.351888706511898
-0.623840732292467
-0.800539216112481
-0.887771629517716
-0.887771629517716
-0.800539216112480
-0.623840732292466
-0.351888706511898
0.027201702562994
-0.144270456854980
-0.437059904325538
-0.623840732292467
-0.714867022825721
-0.714867022825721
-0.623840732292466
-0.437059904325538
-0.144270456854980
-0.144270456854980
-0.351888706511898
-0.449722330164901
-0.449722330164901
-0.351888706511898
-0.144270456854980
0.027201702562994
-0.075991624701004
-0.075991624701004
0.027201702562994
Vir Energies: 285
5.289550082145016
4.732762059514976
4.232055838435684
3.788211958664083
3.402701144234506
3.077120188825517
2.813564207217551
2.613997412468358
2.479852022443672
2.412401830845095
2.412401830845095
2.479852022443672
2.613997412468358
2.813564207217551
3.077120188825517
3.402701144234506
3.788211958664083
4.232055838435685
4.732762059514977
4.732762059514976
4.175853516454580
3.674780832439737
3.230311994826498
2.843905945008396
2.517163805176530
2.252255512308452
2.051305749696935
1.915990365285938
1.847865393179148
1.847865393179148
1.915990365285938
2.051305749696935
2.252255512308452
2.517163805176531
2.843905945008396
3.230311994826498
3.674780832439738
4.175853516454580
4.232055838435684
3.674780832439737
3.172590802797207
2.726204716402311
2.337023460480954
2.006620533240245
1.737328139803802
1.531718072353093
1.392332598326835
1.321841555562385
1.321841555562385
1.392332598326835
1.531718072353093
1.737328139803802
2.006620533240246
2.337023460480954
2.726204716402312
3.172590802797207
3.674780832439738
3.788211958664083
3.230311994826498
2.726204716402311
2.276485753255809
1.882378980958965
1.545285843665026
1.267521558339640
1.051998856913447
0.903189337851697
0.827284355677683
0.827284355677683
0.903189337851697
1.051998856913447
1.267521558339640
1.545285843665027
1.882378980958966
2.276485753255809
2.726204716402312
3.230311994826498
3.402701144234506
2.843905945008395
2.337023460480954
1.882378980958965
1.480792091383098
1.133129865486815
0.840865930517364
0.604905424792891
0.430469320551223
0.342739558491673
0.342739558491673
0.430469320551224
0.604905424792892
0.840865930517364
1.133129865486816
1.480792091383099
1.882378980958966
2.337023460480954
2.843905945008396
3.077120188825517
2.517163805176530
2.006620533240245
1.545285843665026
1.133129865486815
0.769725245016111
0.453695730897542
0.179379882567651
0.179379882567651
0.453695730897542
0.769725245016112
1.133129865486816
1.545285843665027
2.006620533240246
2.517163805176531
2.813564207217551
2.252255512308452
1.737328139803802
1.267521558339640
0.840865930517364
0.453695730897542
0.099418042080895
0.099418042080895
0.453695730897542
0.840865930517364
1.267521558339640
1.737328139803803
2.252255512308453
2.613997412468358
2.051305749696935
1.531718072353093
1.051998856913447
0.604905424792891
0.179379882567651
0.179379882567652
0.604905424792892
1.051998856913447
1.531718072353094
2.051305749696936
2.479852022443672
1.915990365285938
1.392332598326835
0.903189337851696
0.430469320551223
0.430469320551224
0.903189337851697
1.392332598326836
1.915990365285939
2.412401830845095
1.847865393179148
1.321841555562385
0.827284355677683
0.342739558491673
0.342739558491674
0.827284355677684
1.321841555562386
1.847865393179149
2.412401830845095
1.847865393179148
1.321841555562385
0.827284355677683
0.342739558491673
0.342739558491674
0.827284355677684
1.321841555562386
1.847865393179149
2.479852022443672
1.915990365285938
1.392332598326835
0.903189337851697
0.430469320551224
0.430469320551224
0.903189337851697
1.392332598326836
1.915990365285939
2.613997412468358
2.051305749696935
1.531718072353093
1.051998856913447
0.604905424792892
0.179379882567651
0.179379882567652
0.604905424792892
1.051998856913448
1.531718072353094
2.051305749696936
2.813564207217551
2.252255512308452
1.737328139803802
1.267521558339640
0.840865930517364
0.453695730897542
0.099418042080895
0.099418042080895
0.453695730897542
0.840865930517364
1.267521558339640
1.737328139803803
2.252255512308453
3.077120188825517
2.517163805176531
2.006620533240246
1.545285843665027
1.133129865486815
0.769725245016112
0.453695730897542
0.179379882567652
0.179379882567652
0.453695730897542
0.769725245016113
1.133129865486816
1.545285843665027
2.006620533240246
2.517163805176532
3.402701144234506
2.843905945008396
2.337023460480954
1.882378980958966
1.480792091383099
1.133129865486815
0.840865930517364
0.604905424792892
0.430469320551224
0.342739558491673
0.342739558491674
0.430469320551224
0.604905424792892
0.840865930517364
1.133129865486816
1.480792091383099
1.882378980958966
2.337023460480955
2.843905945008397
3.788211958664083
3.230311994826498
2.726204716402312
2.276485753255809
1.882378980958966
1.545285843665026
1.267521558339640
1.051998856913447
0.903189337851697
0.827284355677684
0.827284355677683
0.903189337851697
1.051998856913447
1.267521558339640
1.545285843665027
1.882378980958966
2.276485753255810
2.726204716402312
3.230311994826498
4.232055838435685
3.674780832439738
3.172590802797207
2.726204716402311
2.337023460480954
2.006620533240245
1.737328139803803
1.531718072353093
1.392332598326835
1.321841555562385
1.321841555562386
1.392332598326835
1.531718072353093
1.737328139803803
2.006620533240246
2.337023460480955
2.726204716402312
3.172590802797207
3.674780832439739
4.732762059514977
4.175853516454580
3.674780832439738
3.230311994826498
2.843905945008396
2.517163805176531
2.252255512308453
2.051305749696936
1.915990365285939
1.847865393179149
1.847865393179149
1.915990365285939
2.051305749696936
2.252255512308453
2.517163805176532
2.843905945008397
3.230311994826498
3.674780832439739
4.175853516454581
Excitation Energies: 812
0.152178180004658
0.152178180004658
0.152178180004658
0.152178180004658
0.152178180004658
0.152178180004658
0.152178180004658
0.152178180004658
0.243688498935874
0.243688498935874
0.243688498935874
0.243688498935874
0.243688498935875
0.243688498935875
0.243688498935875
0.243688498935875
0.255371507268656
0.255371507268656
0.255371507268656
0.255371507268656
0.255371507268656
0.255371507268656
0.255371507268656
0.255371507268656
0.323650339422631
0.323650339422631
0.323650339422631
0.323650339422631
0.323650339422632
0.323650339422632
0.323650339422632
0.323650339422632
0.403267617988230
0.403267617988230
0.403267617988230
0.403267617988230
0.403267617988230
0.403267617988230
0.403267617988231
0.403267617988231
0.418731183192677
0.418731183192677
0.418731183192678
0.418731183192678
0.418731183192678
0.418731183192678
0.418731183192678
0.418731183192678
0.426494028334548
0.426494028334548
0.426494028334548
0.426494028334548
0.426494028334548
0.426494028334548
0.426494028334548
0.426494028334549
0.451306748592793
0.451306748592793
0.451306748592793
0.451306748592793
0.451306748592793
0.451306748592793
0.451306748592793
0.451306748592793
0.529687355598546
0.529687355598546
0.529687355598546
0.529687355598546
0.529687355598546
0.529687355598546
0.529687355598546
0.529687355598547
0.549140372245795
0.549140372245795
0.549140372245795
0.549140372245795
0.549140372245795
0.549140372245795
0.549140372245795
0.549140372245796
0.597966187752521
0.597966187752521
0.597966187752521
0.597966187752521
0.597966187752522
0.597966187752522
0.597966187752522
0.597966187752522
0.616439786893189
0.616439786893189
0.616439786893189
0.616439786893190
0.616439786893190
0.616439786893190
0.616439786893190
0.616439786893190
0.742523542453118
0.742523542453118
0.742523542453118
0.742523542453118
0.742523542453119
0.742523542453119
0.742523542453119
0.742523542453119
0.749175881647871
0.749175881647871
0.749175881647871
0.749175881647872
0.749175881647872
0.749175881647872
0.749175881647872
0.749175881647872
0.782358027063122
0.782358027063122
0.782358027063122
0.782358027063122
0.782358027063122
0.782358027063122
0.782358027063122
0.782358027063122
0.792461888656574
0.792461888656574
0.792461888656574
0.792461888656574
0.792461888656574
0.792461888656574
0.792461888656574
0.792461888656574
0.803220614860118
0.803220614860118
0.803220614860118
0.803220614860118
0.803220614860118
0.803220614860118
0.803220614860119
0.803220614860119
0.805584437409440
0.805584437409440
0.805584437409440
0.805584437409440
0.805584437409440
0.805584437409440
0.805584437409440
0.805584437409440
0.845716869717116
0.845716869717116
0.845716869717116
0.845716869717116
0.845716869717117
0.845716869717117
0.845716869717117
0.845716869717117
0.875987635288703
0.875987635288703
0.875987635288703
0.875987635288703
0.875987635288703
0.875987635288703
0.875987635288704
0.875987635288704
0.894246905393373
0.894246905393373
0.894246905393373
0.894246905393373
0.894246905393373
0.894246905393373
0.894246905393374
0.894246905393374
0.903275980378687
0.903275980378688
0.903275980378688
0.903275980378688
0.903275980378688
0.903275980378688
0.903275980378688
0.903275980378688
0.903418061062442
0.903418061062442
0.903418061062442
0.903418061062442
0.903418061062443
0.903418061062443
0.903418061062443
0.903418061062443
0.985136387372344
0.985136387372344
0.985136387372344
0.985136387372344
0.985136387372344
0.985136387372344
0.985136387372344
0.985136387372344
1.041965329118429
1.041965329118430
1.041965329118430
1.041965329118430
1.041965329118430
1.041965329118430
1.041965329118430
1.041965329118430
1.054310052843690
1.054310052843690
1.054310052843690
1.054310052843690
1.054310052843690
1.054310052843690
1.054310052843690
1.054310052843690
1.057606581317394
1.057606581317394
1.057606581317395
1.057606581317395
1.057606581317395
1.057606581317395
1.057606581317395
1.057606581317396
1.105928162923822
1.105928162923822
1.105928162923822
1.105928162923822
1.105928162923822
1.105928162923822
1.105928162923822
1.105928162923822
1.192754637029262
1.192754637029262
1.192754637029262
1.192754637029262
1.192754637029262
1.192754637029262
1.192754637029262
1.192754637029263
1.196269313768427
1.196269313768427
1.196269313768427
1.196269313768427
1.196269313768427
1.196269313768427
1.196269313768427
1.196269313768427
1.209121490187820
1.209121490187820
1.209121490187820
1.209121490187820
1.209121490187820
1.209121490187820
1.209121490187820
1.209121490187820
1.228746157085358
1.228746157085358
1.228746157085358
1.228746157085358
1.228746157085358
1.228746157085359
1.228746157085359
1.228746157085359
1.230511188009389
1.230511188009389
1.230511188009389
1.230511188009389
1.230511188009389
1.230511188009390
1.230511188009390
1.230511188009390
1.231008536663704
1.231008536663704
1.231008536663704
1.231008536663704
1.231008536663704
1.231008536663704
1.231008536663704
1.231008536663705
1.255078044363595
1.255078044363595
1.255078044363595
1.255078044363595
1.255078044363595
1.255078044363595
1.255078044363595
1.255078044363595
1.277006685842584
1.277006685842584
1.277006685842584
1.277006685842584
1.277006685842584
1.277006685842584
1.277006685842584
1.277006685842584
1.290588260682265
1.290588260682265
1.290588260682265
1.290588260682265
1.290588260682265
1.290588260682265
1.290588260682265
1.290588260682265
1.316091487464580
1.316091487464580
1.316091487464580
1.316091487464580
1.316091487464580
1.316091487464580
1.316091487464580
1.316091487464581
1.318240950068939
1.318240950068939
1.318240950068940
1.318240950068940
1.318240950068940
1.318240950068940
1.318240950068940
1.318240950068940
1.319772447618613
1.319772447618613
1.319772447618613
1.319772447618613
1.319772447618614
1.319772447618614
1.319772447618614
1.319772447618614
1.365130895763841
1.365130895763842
1.365130895763842
1.365130895763842
1.365130895763842
1.365130895763842
1.365130895763842
1.365130895763842
1.397833180263389
1.397833180263389
1.397833180263390
1.397833180263390
1.397833180263390
1.397833180263390
1.397833180263390
1.397833180263390
1.411792015194619
1.411792015194619
1.411792015194619
1.411792015194619
1.411792015194619
1.411792015194619
1.411792015194620
1.411792015194620
1.489058761238985
1.489058761238985
1.489058761238985
1.489058761238985
1.489058761238985
1.489058761238985
1.489058761238985
1.489058761238986
1.518084141102033
1.518084141102033
1.518084141102033
1.518084141102033
1.518084141102033
1.518084141102033
1.518084141102033
1.518084141102033
1.527030070144163
1.527030070144163
1.527030070144163
1.527030070144163
1.527030070144163
1.527030070144163
1.527030070144163
1.527030070144163
1.542151378503405
1.542151378503405
1.542151378503405
1.542151378503405
1.542151378503405
1.542151378503405
1.542151378503405
1.542151378503405
1.619410264851537
1.619410264851538
1.619410264851538
1.619410264851538
1.619410264851538
1.619410264851538
1.619410264851538
1.619410264851538
1.621277468366030
1.621277468366030
1.621277468366030
1.621277468366031
1.621277468366031
1.621277468366031
1.621277468366031
1.621277468366031
1.675839589205913
1.675839589205913
1.675839589205913
1.675839589205914
1.675839589205914
1.675839589205914
1.675839589205914
1.675839589205914
1.675988529208073
1.675988529208073
1.675988529208073
1.675988529208073
1.675988529208073
1.675988529208073
1.675988529208073
1.675988529208073
1.703728553964177
1.703728553964177
1.703728553964177
1.703728553964177
1.703728553964177
1.703728553964178
1.703728553964178
1.703728553964178
1.715055985195399
1.715055985195399
1.715055985195399
1.715055985195399
1.715055985195399
1.715055985195399
1.715055985195400
1.715055985195400
1.717243888504540
1.717243888504540
1.717243888504540
1.717243888504540
1.717243888504540
1.717243888504540
1.717243888504541
1.717243888504541
1.744221304838733
1.744221304838733
1.744221304838733
1.744221304838733
1.744221304838733
1.744221304838733
1.744221304838733
1.744221304838733
1.766865879739168
1.766865879739168
1.766865879739169
1.766865879739169
1.766865879739169
1.766865879739169
1.766865879739169
1.766865879739169
1.771563885727286
1.771563885727286
1.771563885727286
1.771563885727286
1.771563885727286
1.771563885727286
1.771563885727286
1.771563885727286
1.790960967369413
1.790960967369413
1.790960967369413
1.790960967369413
1.790960967369413
1.790960967369413
1.790960967369413
1.790960967369413
1.800636284650590
1.800636284650590
1.800636284650590
1.800636284650590
1.800636284650590
1.800636284650591
1.800636284650591
1.800636284650591
1.881598596658782
1.881598596658782
1.881598596658782
1.881598596658782
1.881598596658782
1.881598596658782
1.881598596658782
1.881598596658782
1.888788662722945
1.888788662722945
1.888788662722945
1.888788662722945
1.888788662722946
1.888788662722946
1.888788662722946
1.888788662722946
1.923857017880152
1.923857017880152
1.923857017880153
1.923857017880153
1.923857017880153
1.923857017880153
1.923857017880154
1.923857017880154
1.968777976678631
1.968777976678631
1.968777976678631
1.968777976678631
1.968777976678632
1.968777976678632
1.968777976678632
1.968777976678632
1.979418830677251
1.979418830677252
1.979418830677252
1.979418830677252
1.979418830677252
1.979418830677252
1.979418830677252
1.979418830677252
2.016173330619301
2.016173330619302
2.016173330619302
2.016173330619302
2.016173330619302
2.016173330619302
2.016173330619302
2.016173330619302
2.036708578388106
2.036708578388107
2.036708578388107
2.036708578388107
2.036708578388107
2.036708578388107
2.036708578388107
2.036708578388108
2.082612157941250
2.082612157941250
2.082612157941250
2.082612157941250
2.082612157941250
2.082612157941250
2.082612157941250
2.082612157941250
2.089216846315700
2.089216846315700
2.089216846315700
2.089216846315700
2.089216846315701
2.089216846315701
2.089216846315701
2.089216846315701
2.155558804645559
2.155558804645559
2.155558804645559
2.155558804645560
2.155558804645560
2.155558804645560
2.155558804645560
2.155558804645560
2.187050469968703
2.187050469968703
2.187050469968703
2.187050469968703
2.187050469968703
2.187050469968703
2.187050469968703
2.187050469968703
2.192871814439315
2.192871814439316
2.192871814439316
2.192871814439316
2.192871814439316
2.192871814439316
2.192871814439316
2.192871814439316
2.195576206551915
2.195576206551915
2.195576206551915
2.195576206551915
2.195576206551916
2.195576206551916
2.195576206551916
2.195576206551916
2.209613185080101
2.209613185080101
2.209613185080102
2.209613185080102
2.209613185080102
2.209613185080102
2.209613185080102
2.209613185080102
2.246585095178815
2.246585095178815
2.246585095178815
2.246585095178815
2.246585095178815
2.246585095178815
2.246585095178815
2.246585095178815
2.267879071797836
2.267879071797837
2.267879071797837
2.267879071797837
2.267879071797837
2.267879071797838
2.267879071797838
2.267879071797838
2.280104227844551
2.280104227844551
2.280104227844551
2.280104227844551
2.280104227844551
2.280104227844551
2.280104227844551
2.280104227844552
2.295193484535292
2.295193484535292
2.295193484535292
2.295193484535292
2.295193484535292
2.295193484535292
2.295193484535293
2.295193484535293
2.297587723344049
2.297587723344049
2.297587723344049
2.297587723344049
2.297587723344050
2.297587723344050
2.297587723344050
2.297587723344050
2.396525969163432
2.396525969163432
2.396525969163432
2.396525969163432
2.396525969163433
2.396525969163433
2.396525969163433
2.396525969163433
2.452650319880679
2.452650319880679
2.452650319880679
2.452650319880679
2.488365654022473
2.488365654022473
2.488365654022473
2.488365654022473
2.488365654022474
2.488365654022474
2.488365654022474
2.488365654022474
2.488393455546099
2.488393455546100
2.488393455546100
2.488393455546100
2.489962102613537
2.489962102613537
2.489962102613537
2.489962102613537
2.489962102613538
2.489962102613538
2.489962102613538
2.489962102613538
2.539831097578405
2.539831097578405
2.539831097578405
2.539831097578405
2.539831097578406
2.539831097578406
2.539831097578406
2.539831097578406
2.562732416004870
2.562732416004870
2.562732416004870
2.562732416004870
2.562732416004871
2.562732416004871
2.562732416004871
2.562732416004871
2.593155429877535
2.593155429877535
2.593155429877535
2.593155429877535
2.593155429877536
2.593155429877536
2.593155429877536
2.593155429877536
2.604144218820351
2.604144218820351
2.604144218820351
2.604144218820351
2.604144218820351
2.604144218820351
2.604144218820351
2.604144218820351
2.675146481989401
2.675146481989402
2.675146481989402
2.675146481989402
2.675146481989402
2.675146481989402
2.675146481989403
2.675146481989403
2.701977842473353
2.701977842473353
2.701977842473353
2.701977842473353
2.701977842473354
2.701977842473354
2.701977842473354
2.701977842473354
2.716529581398419
2.716529581398419
2.716529581398419
2.716529581398419
2.716529581398420
2.716529581398420
2.716529581398420
2.716529581398420
2.735637022696864
2.735637022696864
2.735637022696864
2.735637022696864
2.735637022696865
2.735637022696865
2.735637022696865
2.735637022696865
2.758267869323338
2.758267869323338
2.758267869323338
2.758267869323338
2.766172772522657
2.766172772522657
2.766172772522657
2.766172772522657
2.766172772522657
2.766172772522657
2.766172772522657
2.766172772522658
2.803761994803654
2.803761994803654
2.803761994803655
2.803761994803655
2.803761994803655
2.803761994803655
2.803761994803656
2.803761994803656
2.821217322152055
2.821217322152055
2.821217322152055
2.821217322152055
2.821217322152056
2.821217322152056
2.821217322152056
2.821217322152056
2.831740728955570
2.831740728955570
2.831740728955570
2.831740728955570
2.862124161009996
2.862124161009996
2.862124161009996
2.862124161009996
2.957834664072531
2.957834664072531
2.957834664072531
2.957834664072531
3.049918486262523
3.049918486262523
3.049918486262523
3.049918486262523
3.051057316793896
3.051057316793896
3.051057316793897
3.051057316793897
3.103692754736139
3.103692754736139
3.103692754736139
3.103692754736139
3.127268853670817
3.127268853670817
3.127268853670817
3.127268853670818
3.153111813526521
3.153111813526521
3.153111813526522
3.153111813526522
3.165452913729449
3.165452913729449
3.165452913729449
3.165452913729449
3.237838144760825
3.237838144760825
3.237838144760825
3.237838144760825
3.263286537382452
3.263286537382452
3.263286537382452
3.263286537382452
3.280391238556153
3.280391238556153
3.280391238556153
3.280391238556153
3.300173460362811
3.300173460362811
3.300173460362812
3.300173460362812
3.328864435294080
3.328864435294080
3.328864435294080
3.328864435294080
3.367623651961388
3.367623651961388
3.367623651961388
3.367623651961389
3.385753759818002
3.385753759818002
3.385753759818003
3.385753759818003
Kgrid: 20
-2.357022603955159
-2.108914961433563
-1.860807318911967
-1.612699676390372
-1.364592033868776
-1.116484391347180
-0.868376748825585
-0.620269106303989
-0.372161463782393
-0.124053821260798
0.124053821260798
0.372161463782394
0.620269106303989
0.868376748825585
1.116484391347181
1.364592033868776
1.612699676390372
1.860807318911967
2.108914961433563
2.357022603955159
Davidson lowest eigenvalues at each iteration: 16
0.128590071722162
0.092625948257780
0.051245861168320
0.049156713413490
0.049142223002430
0.049142183980304
0.049142183940295
0.049142183940140
0.049142183940104
0.049142183940101
0.049142183940101
0.049142183940101
0.049142183940101
0.049142183940100
0.049142183940101
0.049142183940101
DavVals: 128
0.128590071722162
0.128590071722162
0.140667209179371
0.140667209179371
0.150575527975144
0.150575527975145
0.151989033404935
0.151989033404935
0.092625948257780
0.092625948257780
0.099813391311852
0.099813391311852
0.119164764990764
0.119164764990764
0.144194239244219
0.144194239244219
0.051245861168320
0.051245861168320
0.095330107635412
0.095330107635412
0.110900864844249
0.110900864844249
0.133208922973761
0.133208922973761
0.049156713413490
0.049156726107352
0.095327354635116
0.095327354635116
0.110801831935058
0.110801831990921
0.128112949670981
0.128112949876941
0.049142223002430
0.049142223456741
0.095327354635116
0.095327354635116
0.110801434103450
0.110801434104036
0.128080233900766
0.128080233939692
0.049142183980304
0.049142184107229
0.095327354635116
0.095327354635116
0.110801433332136
0.110801433332327
0.128080168325009
0.128080168351697
0.049142183940295
0.049142183958767
0.095327354635116
0.095327354635116
0.103680142662244
0.110801433331353
0.110801433331546
0.128080168149323
0.049142183940140
0.049142183941150
0.095327354635116
0.095327354635116
0.100513175212547
0.110801433331348
0.110801433331360
0.117080119156290
0.049142183940104
0.049142183940117
0.095327354635116
0.095327354635117
0.100419510444076
0.100810568853202
0.110801433331348
0.110801433331348
0.049142183940101
0.049142183940101
0.095327354635116
0.095327354635116
0.100417029316110
0.100422499563123
0.110801433331348
0.110801433331349
0.049142183940101
0.049142183940101
0.095327354635116
0.095327354635117
0.100416933044627
0.100417223381311
0.110801433331349
0.110801433331349
0.049142183940101
0.049142183940101
0.095327354635116
0.095327354635116
0.100416929445704
0.100416939704027
0.110801433331349
0.110801433331349
0.049142183940101
0.049142183940101
0.095327354635116
0.095327354635116
0.100416929404424
0.100416929540745
0.110801433331348
0.110801433331349
0.049142183940100
0.049142183940101
0.095327354635116
0.095327354635117
0.100416929404011
0.100416929406002
0.110801433331348
0.110801433331348
0.049142183940101
0.049142183940101
0.095327354635116
0.095327354635116
0.100416929404007
0.100416929404026
0.110801433331348
0.110801433331348
0.049142183940101
0.049142183940101
0.095327354635116
0.095327354635116
0.100416929404007
0.100416929404008
0.110801433331348
0.110801433331348
Davidson Times Per Iteration: 16
2.050740878000000
1.049019783000000
1.093152491000000
1.103093748000000
0.998153001000000
1.044464110000000
1.070759927000000
1.116618547000000
1.130886432000000
1.115938312000000
1.087876021000000
1.060903674000000
1.050728598000000
1.030584272000000
1.041564893000000
1.033767414000000

                            End of Section: Vectors                            

--------------------------------------------------------------------------------

                                    Matrices                                    

--------------------------------------------------------------------------------

Occupied States: 76 x 2
         5         8
         5         9
         5        10
         5        11
         6         7
         6         8
         6         9
         6        10
         6        11
         6        12
         7         6
         7         7
         7         8
         7         9
         7        10
         7        11
         7        12
         7        13
         8         5
         8         6
         8         7
         8         8
         8         9
         8        10
         8        11
         8        12
         8        13
         8        14
         9         5
         9         6
         9         7
         9         8
         9         9
         9        10
         9        11
         9        12
         9        13
         9        14
        10         5
        10         6
        10         7
        10         8
        10         9
        10        10
        10        11
        10        12
        10        13
        10        14
        11         5
        11         6
        11         7
        11         8
        11         9
        11        10
        11        11
        11        12
        11        13
        11        14
        12         6
        12         7
        12         8
        12         9
        12        10
        12        11
        12        12
        12        13
        13         7
        13         8
        13         9
        13        10
        13        11
        13        12
        14         8
        14         9
        14        10
        14        11
Virtual States: 285 x 2
         0         0
         0         1
         0         2
         0         3
         0         4
         0         5
         0         6
         0         7
         0         8
         0         9
         0        10
         0        11
         0        12
         0        13
         0        14
         0        15
         0        16
         0        17
         0        18
         1         0
         1         1
         1         2
         1         3
         1         4
         1         5
         1         6
         1         7
         1         8
         1         9
         1        10
         1        11
         1        12
         1        13
         1        14
         1        15
         1        16
         1        17
         1        18
         2         0
         2         1
         2         2
         2         3
         2         4
         2         5
         2         6
         2         7
         2         8
         2         9
         2        10
         2        11
         2        12
         2        13
         2        14
         2        15
         2        16
         2        17
         2        18
         3         0
         3         1
         3         2
         3         3
         3         4
         3         5
         3         6
         3         7
         3         8
         3         9
         3        10
         3        11
         3        12
         3        13
         3        14
         3        15
         3        16
         3        17
         3        18
         4         0
         4         1
         4         2
         4         3
         4         4
         4         5
         4         6
         4         7
         4         8
         4         9
         4        10
         4        11
         4        12
         4        13
         4        14
         4        15
         4        16
         4        17
         4        18
         5         0
         5         1
         5         2
         5         3
         5         4
         5         5
         5         6
         5         7
         5        12
         5        13
         5        14
         5        15
         5        16
         5        17
         5        18
         6         0
         6         1
         6         2
         6         3
         6         4
         6         5
         6         6
         6        13
         6        14
         6        15
         6        16
         6        17
         6        18
         7         0
         7         1
         7         2
         7         3
         7         4
         7         5
         7        14
         7        15
         7        16
         7        17
         7        18
         8         0
         8         1
         8         2
         8         3
         8         4
         8        15
         8        16
         8        17
         8        18
         9         0
         9         1
         9         2
         9         3
         9         4
         9        15
         9        16
         9        17
         9        18
        10         0
        10         1
        10         2
        10         3
        10         4
        10        15
        10        16
        10        17
        10        18
        11         0
        11         1
        11         2
        11         3
        11         4
        11        15
        11        16
        11        17
        11        18
        12         0
        12         1
        12         2
        12         3
        12         4
        12         5
        12        14
        12        15
        12        16
        12        17
        12        18
        13         0
        13         1
        13         2
        13         3
        13         4
        13         5
        13         6
        13        13
        13        14
        13        15
        13        16
        13        17
        13        18
        14         0
        14         1
        14         2
        14         3
        14         4
        14         5
        14         6
        14         7
        14        12
        14        13
        14        14
        14        15
        14        16
        14        17
        14        18
        15         0
        15         1
        15         2
        15         3
        15         4
        15         5
        15         6
        15         7
        15         8
        15         9
        15        10
        15        11
        15        12
        15        13
        15        14
        15        15
        15        16
        15        17
        15        18
        16         0
        16         1
        16         2
        16         3
        16         4
        16         5
        16         6
        16         7
        16         8
        16         9
        16        10
        16        11
        16        12
        16        13
        16        14
        16        15
        16        16
        16        17
        16        18
        17         0
        17         1
        17         2
        17         3
        17         4
        17         5
        17         6
        17         7
        17         8
        17         9
        17        10
        17        11
        17        12
        17        13
        17        14
        17        15
        17        16
        17        17
        17        18
        18         0
        18         1
        18         2
        18         3
        18         4
        18         5
        18         6
        18         7
        18         8
        18         9
        18        10
        18        11
        18        12
        18        13
        18        14
        18        15
        18        16
        18        17
        18        18
Excitations: 812 x 2
           27          129
           18          175
           18          128
           57          129
           27          176
           48          175
           48          128
           57          176
           10          187
           17          188
           65          188
           58          187
           10          116
           65          117
           17          117
           58          116
           47          129
           37          129
           38          175
           38          128
           47          176
           37          176
           28          128
           28          175
           66          102
           71          103
            4          102
            9          103
            4          201
           66          201
           71          202
            9          202
           72           84
           75           87
           75          220
            0           84
           72          217
            3           87
            0          217
            3          220
           74           86
           73           85
           74          219
           73          218
            2           86
            1           85
            1          218
            2          219
           27          189
           57          189
           18          186
           27          118
           18          115
           48          186
           57          118
           48          115
           56          188
           56          117
           19          187
           26          188
           26          117
           49          187
           19          116
           49          116
           47          189
           47          118
           37          189
           37          118
           38          186
           38          115
           28          186
           28          115
           39          187
           36          188
           46          188
           36          117
           29          187
           39          116
           46          117
           29          116
           10          101
           58          101
           17          104
           65          104
           10          200
           17          203
           58          200
           65          203
           11          102
           59          102
           64          103
           16          103
           11          201
           59          201
           64          202
           16          202
           18          100
           27          105
           48          100
           57          105
           27          204
           57          204
           18          199
           48          199
           66           83
           71           88
            4           83
            9           88
           71          221
            4          216
            9          221
           66          216
           67           84
           70           87
            5           84
            8           87
           70          220
            8          220
           67          217
            5          217
           69           86
            6           85
            7           86
           68           85
            6          218
           68          218
           69          219
            7          219
           20          102
           50          102
           25          103
           55          103
           20          201
           50          201
           25          202
           55          202
           56          104
           26          104
           19          101
           49          101
           56          203
           19          200
           26          203
           49          200
           38          100
           47          105
           28          100
           37          105
           47          204
           37          204
           38          199
           28          199
           75           68
           72           65
           75          239
           72          236
            0           65
            3           68
            0          236
            3          239
           40          102
           35          103
           30          102
           45          103
           40          201
           30          201
           35          202
           45          202
           74           67
           74          238
           73           66
           73          237
            2           67
            1           66
            2          238
            1          237
           46          104
           36          104
           39          101
           29          101
           36          203
           39          200
           46          203
           29          200
           10           82
           17           89
           65           89
           58           82
           10          215
           17          222
           65          222
           58          215
           11           83
           59           83
           64           88
           16           88
           59          216
           16          221
           64          221
           11          216
           60           84
           12           84
           63           87
           15           87
           12          217
           15          220
           63          220
           60          217
           62           86
           61           85
           13           85
           61          218
           14           86
           62          219
           13          218
           14          219
           27           90
           57           90
           18           81
           48           81
           18          214
           48          214
           27          223
           57          223
           56           89
           19           82
           26           89
           56          222
           26          222
           49           82
           19          215
           49          215
           71           69
            9           69
           71          240
            4           64
           66           64
           66          235
            9          240
            4          235
           47           90
           37           90
           38           81
           28           81
           37          223
           47          223
           28          214
           38          214
           20           83
           25           88
           55           88
           50           83
           20          216
           25          221
           50          216
           55          221
           53           86
           52           85
           52          218
           22           85
           23           86
           53          219
           22          218
           23          219
           51           84
           54           87
           21           84
           24           87
           54          220
           51          217
           24          220
           21          217
           67           65
           70          239
           70           68
            8           68
            5           65
            8          239
            5          236
           67          236
            7           67
            6          237
            6           66
           68           66
           69           67
            7          238
           69          238
           68          237
           39           82
           46           89
           36           89
           29           82
           36          222
           39          215
           46          222
           29          215
           43           86
           32           85
           42           85
           33           86
           42          218
           32          218
           43          219
           33          219
           31           84
           34           87
           41           84
           34          220
           31          217
           44           87
           44          220
           41          217
           30           83
           45           88
           40           83
           35           88
           45          221
           30          216
           40          216
           35          221
           75           49
           72          255
           72           46
           75          258
            3           49
            0           46
            0          255
            3          258
           74           48
           73           47
           74          257
            2           48
            1           47
           73          256
            2          257
            1          256
           10           63
           58           63
           65          241
           17           70
           65           70
           17          241
           10          234
           58          234
           64           69
           16           69
           59           64
           64          240
           11           64
           11          235
           16          240
           59          235
           18           62
           48           62
           27           71
           57           71
           57          242
           27          242
           18          233
           48          233
           63           68
           63          239
           15           68
           60           65
           12           65
           15          239
           60          236
           12          236
           62           67
           61           66
           62          238
           14           67
           13           66
           61          237
           14          238
           13          237
           56           70
           19           63
           26           70
           26          241
           56          241
           49           63
           19          234
           49          234
           47           71
           38           62
           37           71
           28           62
           47          242
           38          233
           37          242
           28          233
           25           69
           55           69
           20           64
           50           64
           25          240
           55          240
           20          235
           50          235
           71           50
            9           50
            4           45
           66           45
            9          259
           71          259
            4          254
           66          254
           54           68
           24           68
           51           65
           54          239
           21           65
           24          239
           21          236
           51          236
           52           66
           53           67
           53          238
           22           66
           23           67
           52          237
           23          238
           22          237
           39           63
           46           70
           36           70
           29           63
           46          241
           36          241
           39          234
           29          234
           70           49
            8           49
            8          258
           70          258
            5          255
           67          255
           67           46
            5           46
           35           69
           45           69
           30           64
           35          240
           45          240
           40           64
           30          235
           40          235
            6           47
           68           47
            7           48
           69           48
            6          256
           68          256
            7          257
           69          257
           31           65
           34          239
           34           68
           44           68
           31          236
           41           65
           41          236
           44          239
           43           67
           43          238
           42           66
           42          237
           32           66
           33          238
           32          237
           33           67
           58           44
           10           44
           17           51
           65           51
           58          253
           10          253
           17          260
           65          260
           75           30
           72           27
            0           27
            3           30
           75          277
           72          274
            0          274
            3          277
           74           29
           73           28
            2           29
            1           28
           74          276
           73          275
            2          276
            1          275
           16           50
           11           45
           64           50
           59           45
           11          254
           64          259
           16          259
           59          254
           18           43
           48           43
           57           52
           27           52
           18          252
           48          252
           27          261
           57          261
           63           49
           12           46
           15           49
           15          258
           60           46
           12          255
           60          255
           63          258
           61           47
           13           47
           62           48
           62          257
           13          256
           61          256
           14           48
           14          257
           38           43
           47           52
           28           43
           37           52
           38          252
           28          252
           37          261
           47          261
           26           51
           19           44
           56           51
           49           44
           56          260
           19          253
           26          260
           49          253
           25           50
           20           45
           55           50
           50           45
           20          254
           55          259
           50          254
           25          259
           36           51
           39           44
           46           51
           29           44
           39          253
           29          253
           36          260
           46          260
           54           49
           51          255
           24           49
           54          258
           51           46
           24          258
           21           46
           21          255
            9           31
           71           31
            4           26
           66           26
            4          273
           71          278
            9          278
           66          273
           52           47
           53           48
           53          257
           22           47
           52          256
           23           48
           22          256
           23          257
           30           45
           35          259
           45           50
           40           45
           35           50
           40          254
           45          259
           30          254
           70           30
           67           27
            5           27
            8           30
           70          277
            8          277
            5          274
           67          274
           34           49
           31           46
           44           49
           44          258
           31          255
           34          258
           41           46
           41          255
           42           47
           33           48
           43          257
           42          256
           43           48
           32           47
           32          256
           33          257
            6           28
           68           28
            7           29
           69           29
            6          275
           69          276
           68          275
            7          276
           10           25
           58           25
           65           32
           17           32
           17          279
           65          279
           10          272
           58          272
           75           11
           72            8
            0            8
            3           11
           59           26
           11           26
           64           31
           16           31
           11          273
           59          273
           16          278
           64          278
           74           10
           73            9
            2           10
            1            9
           18           24
           27           33
           57           33
           48           24
           18          271
           57          280
           27          280
           48          271
           63           30
           12           27
           15           30
           60           27
           63          277
           12          274
           15          277
           60          274
           61           28
           62           29
           13           28
           14           29
           61          275
           62          276
           13          275
           14          276
           37           33
           47           33
           28           24
           38           24
           37          280
           47          280
           28          271
           38          271
           56           32
           19           25
           26           32
           49           25
           19          272
           56          279
           26          279
           49          272
           20           26
           50           26
           20          273
           55           31
           25           31
           50          273
           55          278
           25          278
           29           25
           39           25
           36           32
           46           32
           36          279
           29          272
           46          279
           39          272
           54           30
           21           27
           24           30
           51           27
           54          277
           21          274
           51          274
           24          277
           52           28
           53           29
           23           29
           22           28
           53          276
           52          275
           23          276
           22          275
           66            7
            4            7
            9           12
           71           12
           30           26
           40           26
           35           31
           45           31
           30          273
           35          278
           40          273
           45          278
           34           30
           31           27
           41           27
           44           30
           31          274
           34          277
           41          274
           44          277
           42           28
           33           29
           43           29
           32           28
           42          275
           43          276
           33          276
           32          275
           67            8
           70           11
            8           11
            5            8
           68            9
           69           10
            7           10
            6            9
           10            6
           65           13
           17           13
           58            6
           27           14
           48            5
           18            5
           57           14
           59            7
           11            7
           64           12
           16           12
           60            8
           15           11
           12            8
           63           11
           61            9
           62           10
           13            9
           14           10
           47           14
           37           14
           28            5
           38            5
           56           13
           26           13
           49            6
           19            6
           50            7
           55           12
           25           12
           20            7
           39            6
           36           13
           46           13
           29            6
           51            8
           24           11
           54           11
           21            8
           52            9
           53           10
           22            9
           23           10
           40            7
           30            7
           45           12
           35           12
           44           11
           31            8
           34           11
           41            8
           43           10
           42            9
           32            9
           33           10

                            End of Section: Matrices                            

################################################################################

                              End of Output File.                              

################################################################################
