################################################################################

            Output File for HFS, the Hartree-Fock Stability Program            
                              Author: Evan Curtin                              
             Institution: University of Illinois @ Urbana-Champaign             
                          email: ecurtin2@illinois.edu                          
                       Built on Oct 21 2016, at 17:11:28                       

################################################################################

                Computation Started : Fri Oct 21 17:57:09 2016
                
                Computation Finished: Fri Oct 21 17:57:44 2016
                
                     Total Elapsed Time = 34.9952 seconds.                     

--------------------------------------------------------------------------------

                                     Input                                     

--------------------------------------------------------------------------------

Nk = 22
ndim = 2
rs = 1.200000000000000

                             End of Section: Input                             

--------------------------------------------------------------------------------

                                     Output                                     

--------------------------------------------------------------------------------

deltaK = 0.224478343233824
kf = 1.178511301977579
kmax = 2.357022603955159
Nocc = 88
Nvir = 353
Nexc = 1048
ground_state_degeneracy = 8
dav_its = 13
num_guess_evecs = 80
Dav_blocksize = 20
Dav_Num_evals = 8
Dav_time = 22.612120493999999
Mv_time = 0.025389871000000
Davidson Tolerance = 1.00e-08
Dav_minits = 5
Dav_maxits = 30
Dav_maxsubsize = 3000
Davidson_Stopping_Criteria = All Norms in Block Converged
full_diag_min = -0.040681402832830
full_diag_time = 12.378069609000001

                             End of Section: Output                             

--------------------------------------------------------------------------------

                                    Vectors                                    

--------------------------------------------------------------------------------

Occ Energies: 88
-0.018162868015898
-0.173921416035018
-0.245655523384875
-0.245655523384875
-0.173921416035017
-0.018162868015897
-0.098240434891845
-0.345156449144942
-0.498045835680864
-0.571081292145775
-0.571081292145775
-0.498045835680864
-0.345156449144942
-0.098240434891845
-0.018162868015897
-0.345156449144942
-0.576486150148248
-0.724748693293454
-0.797235503808796
-0.797235503808796
-0.724748693293454
-0.576486150148248
-0.345156449144942
-0.018162868015897
-0.173921416035017
-0.498045835680864
-0.724748693293453
-0.871041721432160
-0.942969657122087
-0.942969657122087
-0.871041721432160
-0.724748693293453
-0.498045835680864
-0.173921416035017
-0.245655523384875
-0.571081292145775
-0.797235503808796
-0.942969657122087
-1.014660368420136
-1.014660368420136
-0.942969657122086
-0.797235503808796
-0.571081292145775
-0.245655523384874
-0.245655523384874
-0.571081292145775
-0.797235503808796
-0.942969657122087
-1.014660368420136
-1.014660368420136
-0.942969657122086
-0.797235503808796
-0.571081292145775
-0.245655523384874
-0.173921416035017
-0.498045835680864
-0.724748693293453
-0.871041721432160
-0.942969657122086
-0.942969657122086
-0.871041721432160
-0.724748693293453
-0.498045835680864
-0.173921416035017
-0.018162868015897
-0.345156449144942
-0.576486150148248
-0.724748693293453
-0.797235503808796
-0.797235503808796
-0.724748693293453
-0.576486150148248
-0.345156449144942
-0.018162868015897
-0.098240434891845
-0.345156449144942
-0.498045835680864
-0.571081292145775
-0.571081292145775
-0.498045835680864
-0.345156449144942
-0.098240434891845
-0.018162868015897
-0.173921416035017
-0.245655523384874
-0.245655523384874
-0.173921416035017
-0.018162868015897
Vir Energies: 353
5.289308911556935
4.783274201710968
4.323427353685052
3.909944610272525
3.543559900941077
3.225544776234027
2.957785745283523
2.741968754391878
2.579020991481004
2.469817676344715
2.415033968545011
2.415033968545011
2.469817676344715
2.579020991481004
2.741968754391878
2.957785745283523
3.225544776234027
3.543559900941077
3.909944610272525
4.323427353685052
4.783274201710966
4.783274201710968
4.277153115680999
3.817044334954816
3.403117431661045
3.036102290702761
2.717280392769765
2.448597355274977
2.231836762949148
2.068037658382721
1.958194310843608
1.903069818060472
1.903069818060472
1.958194310843608
2.068037658382721
2.231836762949148
2.448597355274977
2.717280392769765
3.036102290702761
3.403117431661045
3.817044334954817
4.277153115680998
4.323427353685052
3.817044334954816
3.356138792819311
2.940852369116247
2.571888668141122
2.250539835690026
1.978912684197462
1.759091498738086
1.592502470935037
1.480564834667308
1.424334078044709
1.424334078044709
1.480564834667308
1.592502470935037
1.759091498738086
1.978912684197462
2.250539835690026
2.571888668141122
2.940852369116247
3.356138792819311
3.817044334954815
3.909944610272525
3.403117431661045
2.940852369116247
2.523216673660127
2.150818252120417
1.824889769553797
1.547720959073454
1.321886932865088
1.149679877608574
1.033573144625175
0.975203838732963
0.975203838732963
1.033573144625175
1.149679877608575
1.321886932865088
1.547720959073454
1.824889769553797
2.150818252120417
2.523216673660127
2.940852369116248
3.403117431661044
3.543559900941077
3.036102290702761
2.571888668141122
2.150818252120417
1.773238978522894
1.440107119367271
1.153650200011008
0.916787911793695
0.733631429248187
0.609825866210383
0.547861771497963
0.547861771497962
0.609825866210383
0.733631429248187
0.916787911793695
1.153650200011009
1.440107119367271
1.773238978522894
2.150818252120417
2.571888668141122
3.036102290702760
3.225544776234026
2.717280392769765
2.250539835690026
1.824889769553797
1.440107119367271
1.096359645266071
0.794917015711187
0.536843255757993
0.327015755279157
0.188901210834158
0.121805710120419
0.121805710120419
0.188901210834158
0.327015755279157
0.536843255757993
0.794917015711188
1.096359645266071
1.440107119367271
1.824889769553797
2.250539835690027
2.717280392769764
2.957785745283522
2.448597355274977
1.978912684197462
1.547720959073454
1.153650200011008
0.794917015711187
0.469592186753692
0.172843573542025
0.172843573542025
0.469592186753693
0.794917015711187
1.153650200011008
1.547720959073454
1.978912684197463
2.448597355274976
2.741968754391878
2.231836762949148
1.759091498738086
1.321886932865088
0.916787911793695
0.536843255757993
0.172843573542025
0.172843573542025
0.536843255757993
0.916787911793695
1.321886932865088
1.759091498738087
2.231836762949147
2.579020991481004
2.068037658382721
1.592502470935037
1.149679877608574
0.733631429248187
0.327015755279156
0.327015755279156
0.733631429248187
1.149679877608574
1.592502470935038
2.068037658382720
2.469817676344715
1.958194310843608
1.480564834667308
1.033573144625175
0.609825866210383
0.188901210834158
0.188901210834158
0.609825866210383
1.033573144625175
1.480564834667309
1.958194310843607
2.415033968545011
1.903069818060472
1.424334078044709
0.975203838732963
0.547861771497962
0.121805710120419
0.121805710120419
0.547861771497962
0.975203838732963
1.424334078044710
1.903069818060471
2.415033968545011
1.903069818060472
1.424334078044709
0.975203838732963
0.547861771497962
0.121805710120419
0.121805710120419
0.547861771497962
0.975203838732963
1.424334078044710
1.903069818060471
2.469817676344715
1.958194310843608
1.480564834667308
1.033573144625175
0.609825866210383
0.188901210834158
0.188901210834158
0.609825866210383
1.033573144625175
1.480564834667309
1.958194310843607
2.579020991481004
2.068037658382721
1.592502470935037
1.149679877608574
0.733631429248187
0.327015755279156
0.327015755279156
0.733631429248187
1.149679877608574
1.592502470935038
2.068037658382720
2.741968754391878
2.231836762949148
1.759091498738086
1.321886932865088
0.916787911793695
0.536843255757993
0.172843573542025
0.172843573542026
0.536843255757993
0.916787911793695
1.321886932865088
1.759091498738086
2.231836762949147
2.957785745283523
2.448597355274977
1.978912684197462
1.547720959073454
1.153650200011009
0.794917015711187
0.469592186753692
0.172843573542026
0.172843573542026
0.469592186753693
0.794917015711187
1.153650200011008
1.547720959073454
1.978912684197463
2.448597355274976
3.225544776234026
2.717280392769765
2.250539835690026
1.824889769553797
1.440107119367270
1.096359645266071
0.794917015711187
0.536843255757993
0.327015755279156
0.188901210834158
0.121805710120419
0.121805710120419
0.188901210834158
0.327015755279156
0.536843255757993
0.794917015711187
1.096359645266071
1.440107119367270
1.824889769553797
2.250539835690027
2.717280392769764
3.543559900941077
3.036102290702761
2.571888668141122
2.150818252120417
1.773238978522894
1.440107119367270
1.153650200011008
0.916787911793695
0.733631429248186
0.609825866210383
0.547861771497962
0.547861771497962
0.609825866210383
0.733631429248187
0.916787911793695
1.153650200011008
1.440107119367270
1.773238978522894
2.150818252120417
2.571888668141123
3.036102290702760
3.909944610272525
3.403117431661045
2.940852369116247
2.523216673660127
2.150818252120417
1.824889769553797
1.547720959073454
1.321886932865088
1.149679877608574
1.033573144625174
0.975203838732963
0.975203838732963
1.033573144625174
1.149679877608574
1.321886932865088
1.547720959073454
1.824889769553797
2.150818252120417
2.523216673660127
2.940852369116248
3.403117431661044
4.323427353685052
3.817044334954816
3.356138792819311
2.940852369116248
2.571888668141123
2.250539835690027
1.978912684197463
1.759091498738086
1.592502470935038
1.480564834667309
1.424334078044710
1.424334078044710
1.480564834667309
1.592502470935038
1.759091498738086
1.978912684197463
2.250539835690027
2.571888668141123
2.940852369116248
3.356138792819312
3.817044334954816
4.783274201710966
4.277153115680998
3.817044334954815
3.403117431661044
3.036102290702761
2.717280392769764
2.448597355274976
2.231836762949147
2.068037658382720
1.958194310843607
1.903069818060471
1.903069818060471
1.958194310843607
2.068037658382720
2.231836762949147
2.448597355274976
2.717280392769764
3.036102290702761
3.403117431661044
3.817044334954816
4.277153115680997
Excitation Energies: 1048
0.191006441557922
0.191006441557922
0.191006441557922
0.191006441557922
0.191006441557922
0.191006441557922
0.191006441557923
0.191006441557923
0.271084008433870
0.271084008433870
0.271084008433870
0.271084008433870
0.271084008433870
0.271084008433870
0.271084008433870
0.271084008433870
0.345178623295053
0.345178623295053
0.345178623295053
0.345178623295053
0.345178623295053
0.345178623295054
0.345178623295054
0.345178623295054
0.346764989577042
0.346764989577042
0.346764989577042
0.346764989577042
0.346764989577042
0.346764989577042
0.346764989577042
0.346764989577042
0.362822626869175
0.362822626869175
0.362822626869175
0.362822626869175
0.362822626869176
0.362822626869176
0.362822626869176
0.362822626869176
0.367461233505293
0.367461233505293
0.367461233505293
0.367461233505293
0.367461233505294
0.367461233505294
0.367461233505294
0.367461233505294
0.418499096926899
0.418499096926900
0.418499096926900
0.418499096926900
0.418499096926900
0.418499096926900
0.418499096926900
0.418499096926900
0.487755054769589
0.487755054769589
0.487755054769589
0.487755054769589
0.487755054769590
0.487755054769590
0.487755054769590
0.487755054769590
0.518000022686967
0.518000022686967
0.518000022686967
0.518000022686968
0.518000022686968
0.518000022686968
0.518000022686968
0.518000022686968
0.635083690649837
0.635083690649837
0.635083690649837
0.635083690649837
0.635083690649838
0.635083690649838
0.635083690649838
0.635083690649838
0.643513602788709
0.643513602788709
0.643513602788709
0.643513602788709
0.643513602788709
0.643513602788709
0.643513602788710
0.643513602788710
0.670889409222889
0.670889409222889
0.670889409222889
0.670889409222889
0.670889409222889
0.670889409222889
0.670889409222890
0.670889409222890
0.672172204424098
0.672172204424098
0.672172204424098
0.672172204424099
0.672172204424099
0.672172204424099
0.672172204424099
0.672172204424099
0.686947046515022
0.686947046515022
0.686947046515022
0.686947046515022
0.686947046515022
0.686947046515022
0.686947046515022
0.686947046515022
0.692887002266194
0.692887002266194
0.692887002266194
0.692887002266194
0.692887002266194
0.692887002266194
0.692887002266194
0.692887002266195
0.715247710138567
0.715247710138567
0.715247710138567
0.715247710138567
0.715247710138567
0.715247710138567
0.715247710138567
0.715247710138567
0.743924865687800
0.743924865687800
0.743924865687800
0.743924865687800
0.743924865687801
0.743924865687801
0.743924865687801
0.743924865687801
0.751794297264083
0.751794297264083
0.751794297264084
0.751794297264084
0.751794297264084
0.751794297264084
0.751794297264084
0.751794297264084
0.783747282245399
0.783747282245400
0.783747282245400
0.783747282245400
0.783747282245400
0.783747282245401
0.783747282245401
0.783747282245401
0.793517294882836
0.793517294882836
0.793517294882837
0.793517294882837
0.793517294882837
0.793517294882837
0.793517294882837
0.793517294882838
0.813079883727084
0.813079883727084
0.813079883727084
0.813079883727084
0.813079883727084
0.813079883727085
0.813079883727085
0.813079883727085
0.881999704902935
0.881999704902935
0.881999704902935
0.881999704902935
0.881999704902935
0.881999704902935
0.881999704902936
0.881999704902936
0.903501905427404
0.903501905427404
0.903501905427404
0.903501905427404
0.903501905427404
0.903501905427404
0.903501905427405
0.903501905427405
0.913649904127611
0.913649904127611
0.913649904127611
0.913649904127612
0.913649904127612
0.913649904127612
0.913649904127612
0.913649904127612
0.919041213929215
0.919041213929215
0.919041213929215
0.919041213929215
0.919041213929215
0.919041213929216
0.919041213929216
0.919041213929216
0.968838431746204
0.968838431746204
0.968838431746204
0.968838431746204
0.968838431746204
0.968838431746204
0.968838431746205
0.968838431746205
1.015028346685539
1.015028346685539
1.015028346685539
1.015028346685539
1.015028346685540
1.015028346685540
1.015028346685540
1.015028346685540
1.034889091438856
1.034889091438857
1.034889091438857
1.034889091438857
1.034889091438857
1.034889091438857
1.034889091438857
1.034889091438858
1.040572539096061
1.040572539096062
1.040572539096062
1.040572539096062
1.040572539096062
1.040572539096062
1.040572539096062
1.040572539096062
1.051764448572609
1.051764448572609
1.051764448572610
1.051764448572610
1.051764448572610
1.051764448572610
1.051764448572610
1.051764448572610
1.059942932266318
1.059942932266318
1.059942932266318
1.059942932266318
1.059942932266318
1.059942932266318
1.059942932266318
1.059942932266318
1.064775367242506
1.064775367242506
1.064775367242506
1.064775367242506
1.064775367242506
1.064775367242506
1.064775367242506
1.064775367242506
1.078787878393129
1.078787878393129
1.078787878393129
1.078787878393129
1.078787878393129
1.078787878393129
1.078787878393129
1.078787878393129
1.107871701891247
1.107871701891247
1.107871701891247
1.107871701891247
1.107871701891247
1.107871701891247
1.107871701891247
1.107871701891247
1.107924547903768
1.107924547903768
1.107924547903768
1.107924547903768
1.107924547903768
1.107924547903768
1.107924547903768
1.107924547903768
1.118943063643737
1.118943063643737
1.118943063643737
1.118943063643738
1.118943063643738
1.118943063643738
1.118943063643738
1.118943063643738
1.124251259087953
1.124251259087953
1.124251259087953
1.124251259087953
1.124251259087953
1.124251259087953
1.124251259087953
1.124251259087953
1.131870867956245
1.131870867956245
1.131870867956245
1.131870867956245
1.131870867956245
1.131870867956245
1.131870867956245
1.131870867956245
1.136466078540555
1.136466078540555
1.136466078540555
1.136466078540555
1.136466078540555
1.136466078540555
1.136466078540555
1.136466078540555
1.167842745624471
1.167842745624471
1.167842745624471
1.167842745624471
1.167842745624471
1.167842745624471
1.167842745624472
1.167842745624472
1.171813068026905
1.171813068026905
1.171813068026906
1.171813068026906
1.171813068026906
1.171813068026906
1.171813068026906
1.171813068026906
1.207494560660191
1.207494560660191
1.207494560660191
1.207494560660192
1.207494560660192
1.207494560660192
1.207494560660192
1.207494560660193
1.220859362117837
1.220859362117837
1.220859362117837
1.220859362117837
1.220859362117837
1.220859362117838
1.220859362117838
1.220859362117838
1.261944360938637
1.261944360938637
1.261944360938637
1.261944360938637
1.261944360938637
1.261944360938637
1.261944360938637
1.261944360938638
1.310117579396434
1.310117579396434
1.310117579396435
1.310117579396435
1.310117579396435
1.310117579396435
1.310117579396435
1.310117579396435
1.327571616046025
1.327571616046025
1.327571616046025
1.327571616046026
1.327571616046026
1.327571616046026
1.327571616046026
1.327571616046026
1.334574559503836
1.334574559503836
1.334574559503836
1.334574559503837
1.334574559503837
1.334574559503837
1.334574559503837
1.334574559503837
1.345097275306758
1.345097275306758
1.345097275306758
1.345097275306758
1.345097275306759
1.345097275306759
1.345097275306759
1.345097275306759
1.399305723395883
1.399305723395883
1.399305723395883
1.399305723395883
1.399305723395883
1.399305723395883
1.399305723395883
1.399305723395883
1.414833747474558
1.414833747474559
1.414833747474559
1.414833747474559
1.414833747474559
1.414833747474559
1.414833747474559
1.414833747474559
1.420127367756932
1.420127367756932
1.420127367756932
1.420127367756932
1.420127367756932
1.420127367756932
1.420127367756932
1.420127367756933
1.458380122541640
1.458380122541640
1.458380122541640
1.458380122541640
1.458380122541640
1.458380122541640
1.458380122541640
1.458380122541640
1.480867587642543
1.480867587642543
1.480867587642543
1.480867587642543
1.480867587642543
1.480867587642543
1.480867587642543
1.480867587642543
1.487869203939470
1.487869203939470
1.487869203939470
1.487869203939470
1.487869203939470
1.487869203939471
1.487869203939471
1.487869203939471
1.490831428620048
1.490831428620049
1.490831428620049
1.490831428620049
1.490831428620049
1.490831428620049
1.490831428620049
1.490831428620049
1.494836326753516
1.494836326753516
1.494836326753516
1.494836326753516
1.494836326753517
1.494836326753517
1.494836326753517
1.494836326753517
1.530866933056983
1.530866933056983
1.530866933056983
1.530866933056983
1.530866933056983
1.530866933056983
1.530866933056983
1.530866933056983
1.531618980306038
1.531618980306038
1.531618980306038
1.531618980306038
1.531618980306038
1.531618980306039
1.531618980306039
1.531618980306039
1.546285130878738
1.546285130878738
1.546285130878738
1.546285130878738
1.546285130878738
1.546285130878738
1.546285130878738
1.546285130878739
1.552795523332469
1.552795523332469
1.552795523332470
1.552795523332470
1.552795523332470
1.552795523332470
1.552795523332470
1.552795523332470
1.562522139918098
1.562522139918098
1.562522139918098
1.562522139918098
1.562522139918098
1.562522139918098
1.562522139918098
1.562522139918098
1.565883827089351
1.565883827089351
1.565883827089351
1.565883827089352
1.565883827089352
1.565883827089352
1.565883827089352
1.565883827089352
1.610665338950934
1.610665338950934
1.610665338950935
1.610665338950935
1.610665338950935
1.610665338950935
1.610665338950935
1.610665338950935
1.654486250702325
1.654486250702325
1.654486250702325
1.654486250702326
1.654486250702326
1.654486250702326
1.654486250702326
1.654486250702326
1.667043382010030
1.667043382010030
1.667043382010030
1.667043382010030
1.667043382010030
1.667043382010030
1.667043382010030
1.667043382010030
1.669989601429583
1.669989601429583
1.669989601429584
1.669989601429584
1.669989601429584
1.669989601429584
1.669989601429585
1.669989601429585
1.721642375108471
1.721642375108471
1.721642375108471
1.721642375108471
1.721642375108471
1.721642375108472
1.721642375108472
1.721642375108472
1.726166027756822
1.726166027756822
1.726166027756822
1.726166027756822
1.726166027756822
1.726166027756822
1.726166027756822
1.726166027756823
1.758321837918627
1.758321837918628
1.758321837918628
1.758321837918628
1.758321837918628
1.758321837918628
1.758321837918628
1.758321837918628
1.772439342541759
1.772439342541759
1.772439342541759
1.772439342541759
1.772439342541759
1.772439342541759
1.772439342541759
1.772439342541760
1.793376482458329
1.793376482458329
1.793376482458329
1.793376482458329
1.793376482458329
1.793376482458329
1.793376482458329
1.793376482458329
1.819932768545951
1.819932768545951
1.819932768545951
1.819932768545952
1.819932768545952
1.819932768545952
1.819932768545952
1.819932768545952
1.857331933629931
1.857331933629931
1.857331933629931
1.857331933629931
1.857331933629931
1.857331933629931
1.857331933629931
1.857331933629931
1.874428570902027
1.874428570902027
1.874428570902027
1.874428570902027
1.874428570902027
1.874428570902028
1.874428570902028
1.874428570902028
1.892968225010863
1.892968225010863
1.892968225010863
1.892968225010863
1.892968225010863
1.892968225010863
1.892968225010863
1.892968225010863
1.904614866057334
1.904614866057334
1.904614866057334
1.904614866057334
1.904614866057335
1.904614866057335
1.904614866057335
1.904614866057335
1.918173495855049
1.918173495855049
1.918173495855049
1.918173495855050
1.918173495855050
1.918173495855050
1.918173495855050
1.918173495855050
1.937658920079979
1.937658920079979
1.937658920079980
1.937658920079980
1.937658920079980
1.937658920079980
1.937658920079980
1.937658920079981
1.946915381417370
1.946915381417370
1.946915381417370
1.946915381417370
1.946915381417370
1.946915381417371
1.946915381417371
1.946915381417371
1.976542801747261
1.976542801747261
1.976542801747261
1.976542801747261
1.976542801747261
1.976542801747261
1.976542801747261
1.976542801747261
1.978610670348172
1.978610670348172
1.978610670348172
1.978610670348172
1.978610670348173
1.978610670348173
1.978610670348173
1.978610670348173
1.989864207153099
1.989864207153099
1.989864207153099
1.989864207153099
1.989864207153099
1.989864207153099
1.989864207153099
1.989864207153099
1.995415370190484
1.995415370190484
1.995415370190484
1.995415370190484
1.995415370190485
1.995415370190485
1.995415370190485
1.995415370190485
1.997075552213359
1.997075552213359
1.997075552213359
1.997075552213360
1.997075552213360
1.997075552213360
1.997075552213360
1.997075552213361
2.086200526398617
2.086200526398617
2.086200526398617
2.086200526398617
2.086200526398617
2.086200526398617
2.086200526398618
2.086200526398618
2.104247947883028
2.104247947883028
2.104247947883028
2.104247947883028
2.104247947883028
2.104247947883028
2.104247947883028
2.104247947883029
2.132115726878624
2.132115726878624
2.132115726878624
2.132115726878625
2.132115726878625
2.132115726878625
2.132115726878625
2.132115726878625
2.148725341445345
2.148725341445345
2.148725341445346
2.148725341445346
2.148725341445346
2.148725341445346
2.148725341445346
2.148725341445346
2.152834100232479
2.152834100232479
2.152834100232480
2.152834100232480
2.152834100232480
2.152834100232480
2.152834100232480
2.152834100232480
2.168988621083285
2.168988621083285
2.168988621083285
2.168988621083286
2.168988621083286
2.168988621083286
2.168988621083286
2.168988621083286
2.205313527960761
2.205313527960762
2.205313527960762
2.205313527960762
2.205313527960762
2.205313527960762
2.205313527960763
2.205313527960763
2.221569581853505
2.221569581853506
2.221569581853506
2.221569581853506
2.221569581853506
2.221569581853506
2.221569581853506
2.221569581853506
2.224568207582336
2.224568207582337
2.224568207582337
2.224568207582337
2.224568207582337
2.224568207582338
2.224568207582338
2.224568207582338
2.257137334418950
2.257137334418950
2.257137334418950
2.257137334418950
2.257137334418950
2.257137334418950
2.257137334418950
2.257137334418950
2.317251164228491
2.317251164228491
2.317251164228491
2.317251164228491
2.317251164228491
2.317251164228491
2.317251164228491
2.317251164228491
2.330077197840992
2.330077197840992
2.330077197840992
2.330077197840992
2.330077197840993
2.330077197840993
2.330077197840993
2.330077197840993
2.330172790883861
2.330172790883861
2.330172790883861
2.330172790883861
2.330172790883862
2.330172790883862
2.330172790883862
2.330172790883862
2.351606556099468
2.351606556099468
2.351606556099469
2.351606556099469
2.351606556099469
2.351606556099469
2.351606556099469
2.351606556099469
2.367303735166796
2.367303735166796
2.367303735166796
2.367303735166796
2.367303735166796
2.367303735166796
2.367303735166796
2.367303735166796
2.389737974743833
2.389737974743833
2.389737974743833
2.389737974743833
2.389737974743834
2.389737974743834
2.389737974743834
2.389737974743834
2.413194107527662
2.413194107527662
2.413194107527662
2.413194107527662
2.413194107527663
2.413194107527663
2.413194107527663
2.413194107527663
2.423534491789395
2.423534491789395
2.423534491789395
2.423534491789395
2.423534491789395
2.423534491789395
2.423534491789396
2.423534491789396
2.438994446464845
2.438994446464845
2.438994446464845
2.438994446464845
2.438994446464846
2.438994446464846
2.438994446464846
2.438994446464846
2.456240146524471
2.456240146524471
2.456240146524471
2.456240146524471
2.456240146524472
2.456240146524472
2.456240146524472
2.456240146524472
2.466760223290873
2.466760223290874
2.466760223290874
2.466760223290874
2.466760223290874
2.466760223290875
2.466760223290875
2.466760223290875
2.474151110206246
2.474151110206246
2.474151110206246
2.474151110206246
2.474151110206247
2.474151110206247
2.474151110206247
2.474151110206247
2.576993212094089
2.576993212094089
2.576993212094090
2.576993212094090
2.576993212094090
2.576993212094090
2.576993212094091
2.576993212094091
2.597183859496901
2.597183859496901
2.597183859496901
2.597183859496901
2.622518771309993
2.622518771309993
2.622518771309994
2.622518771309994
2.622518771309994
2.622518771309994
2.622518771309994
2.622518771309994
2.643739092379731
2.643739092379731
2.643739092379732
2.643739092379732
2.644523808530967
2.644523808530968
2.644523808530968
2.644523808530968
2.644523808530968
2.644523808530969
2.644523808530969
2.644523808530969
2.660689491929885
2.660689491929885
2.660689491929886
2.660689491929886
2.682943004137060
2.682943004137060
2.682943004137060
2.682943004137060
2.682943004137061
2.682943004137061
2.682943004137062
2.682943004137062
2.694252878659851
2.694252878659851
2.694252878659851
2.694252878659851
2.694252878659852
2.694252878659852
2.694252878659852
2.694252878659852
2.700305321869267
2.700305321869267
2.700305321869267
2.700305321869267
2.700305321869268
2.700305321869268
2.700305321869268
2.700305321869268
2.729882598630011
2.729882598630011
2.729882598630011
2.729882598630011
2.729882598630012
2.729882598630012
2.729882598630012
2.729882598630012
2.792786351676173
2.792786351676173
2.792786351676173
2.792786351676173
2.792786351676174
2.792786351676174
2.792786351676174
2.792786351676174
2.802918055094922
2.802918055094922
2.802918055094922
2.802918055094922
2.802918055094923
2.802918055094923
2.802918055094923
2.802918055094923
2.829236032275767
2.829236032275767
2.829236032275767
2.829236032275767
2.829236032275768
2.829236032275768
2.829236032275768
2.829236032275768
2.840209189283722
2.840209189283722
2.840209189283722
2.840209189283723
2.846039475182558
2.846039475182558
2.846039475182558
2.846039475182558
2.846039475182558
2.846039475182558
2.846039475182558
2.846039475182558
2.865273162191516
2.865273162191516
2.865273162191516
2.865273162191516
2.865273162191517
2.865273162191517
2.865273162191517
2.865273162191517
2.901163967965693
2.901163967965693
2.901163967965694
2.901163967965694
2.901163967965695
2.901163967965695
2.901163967965695
2.901163967965695
2.917730186480607
2.917730186480607
2.917730186480607
2.917730186480607
2.917730186480608
2.917730186480608
2.917730186480608
2.917730186480608
2.924177440625946
2.924177440625946
2.924177440625946
2.924177440625946
2.967863512025579
2.967863512025579
2.967863512025579
2.967863512025579
2.975948613299420
2.975948613299420
2.975948613299420
2.975948613299420
2.986115260690786
2.986115260690786
2.986115260690786
2.986115260690787
3.087125203536820
3.087125203536820
3.087125203536820
3.087125203536820
3.131707161318540
3.131707161318540
3.131707161318540
3.131707161318540
3.155507141629251
3.155507141629251
3.155507141629252
3.155507141629252
3.194566369638168
3.194566369638168
3.194566369638169
3.194566369638169
3.203441268668397
3.203441268668398
3.203441268668398
3.203441268668398
3.212269472353807
3.212269472353807
3.212269472353808
3.212269472353808
3.240014590072741
3.240014590072741
3.240014590072742
3.240014590072742
3.303769684774457
3.303769684774457
3.303769684774457
3.303769684774458
3.313050046537653
3.313050046537653
3.313050046537653
3.313050046537653
3.340859397776875
3.340859397776875
3.340859397776875
3.340859397776875
3.358003625667098
3.358003625667098
3.358003625667098
3.358003625667098
3.376256495289800
3.376256495289800
3.376256495289800
3.376256495289800
3.412787333466802
3.412787333466802
3.412787333466802
3.412787333466802
3.429694336965147
3.429694336965147
3.429694336965147
3.429694336965147
Kgrid: 22
-2.357022603955159
-2.132544260721334
-1.908065917487509
-1.683587574253685
-1.459109231019860
-1.234630887786035
-1.010152544552211
-0.785674201318386
-0.561195858084562
-0.336717514850737
-0.112239171616912
0.112239171616912
0.336717514850737
0.561195858084562
0.785674201318386
1.010152544552211
1.234630887786035
1.459109231019860
1.683587574253685
1.908065917487510
2.132544260721334
2.357022603955159
Davidson lowest eigenvalues at each iteration: 13
0.160171047457216
0.063915322212760
-0.031319229495434
-0.040453084572369
-0.040679719822193
-0.040681396655439
-0.040681402695892
-0.040681402824003
-0.040681402831271
-0.040681402832762
-0.040681402832825
-0.040681402832829
-0.040681402832830
DavVals: 104
0.160171047457216
0.160171047457216
0.187100390841140
0.187100390841141
0.188742823890404
0.188742823890404
0.194912492274704
0.194912492274704
0.063915322212760
0.063915322212761
0.129498625042591
0.129498625042591
0.145597833651819
0.145597833651820
0.164710840707530
0.164710840707531
-0.031319229495434
-0.031319229495434
0.100189472916066
0.100189472916067
0.129331695404752
0.129331695404752
0.148146044079340
0.148146044079341
-0.040453084572369
-0.040448727133111
0.094679712029227
0.094679733361932
0.129331695404751
0.129331695404752
0.139157782809204
0.139157798452557
-0.040679719822193
-0.040679610625410
0.094636706501729
0.094636707269072
0.129331695404752
0.129331695404752
0.139077332300821
0.139077332755711
-0.040681396655439
-0.040681365995544
0.094636595794025
0.094636595928843
0.129331695404752
0.129331695404752
0.139076906912067
0.139076907059690
-0.040681402695892
-0.040681398424413
0.094636595577167
0.094636595619748
0.129331695404752
0.129331695404752
0.139076905847785
0.139076905896114
-0.040681402824003
-0.040681402667015
0.094636595576594
0.094636595579165
0.129331695404751
0.129331695404752
0.139076905841861
0.139076905844799
-0.040681402831271
-0.040681402815832
0.094636595576590
0.094636595577324
0.129331695404752
0.129331695404752
0.139076905841740
0.139076905842621
-0.040681402832762
-0.040681402831427
0.094636595576590
0.094636595576634
0.129331695404751
0.129331695404752
0.139076905841740
0.139076905841821
-0.040681402832825
-0.040681402832669
0.094636595576588
0.094636595576597
0.129331695404752
0.129331695404752
0.139076905841739
0.139076905841752
-0.040681402832829
-0.040681402832813
0.094636595576589
0.094636595576589
0.129331695404752
0.129331695404752
0.139076905841740
0.139076905841742
-0.040681402832830
-0.040681402832830
0.094636595576589
0.094636595576589
0.129331695404752
0.129331695404752
0.139076905841740
0.139076905841740
Davidson Times Per Iteration: 13
3.114755777000000
1.612974846000000
1.647807407000000
1.549029412000000
1.465561134000000
1.497600227000000
1.514820716000000
1.552907992000000
1.534553547000000
1.485925602000000
1.439018543000000
1.430533838000000
1.424751433000000

                            End of Section: Vectors                            

--------------------------------------------------------------------------------

                                    Matrices                                    

--------------------------------------------------------------------------------

Occupied States: 88 x 2
         6         8
         6         9
         6        10
         6        11
         6        12
         6        13
         7         7
         7         8
         7         9
         7        10
         7        11
         7        12
         7        13
         7        14
         8         6
         8         7
         8         8
         8         9
         8        10
         8        11
         8        12
         8        13
         8        14
         8        15
         9         6
         9         7
         9         8
         9         9
         9        10
         9        11
         9        12
         9        13
         9        14
         9        15
        10         6
        10         7
        10         8
        10         9
        10        10
        10        11
        10        12
        10        13
        10        14
        10        15
        11         6
        11         7
        11         8
        11         9
        11        10
        11        11
        11        12
        11        13
        11        14
        11        15
        12         6
        12         7
        12         8
        12         9
        12        10
        12        11
        12        12
        12        13
        12        14
        12        15
        13         6
        13         7
        13         8
        13         9
        13        10
        13        11
        13        12
        13        13
        13        14
        13        15
        14         7
        14         8
        14         9
        14        10
        14        11
        14        12
        14        13
        14        14
        15         8
        15         9
        15        10
        15        11
        15        12
        15        13
Virtual States: 353 x 2
         0         0
         0         1
         0         2
         0         3
         0         4
         0         5
         0         6
         0         7
         0         8
         0         9
         0        10
         0        11
         0        12
         0        13
         0        14
         0        15
         0        16
         0        17
         0        18
         0        19
         0        20
         1         0
         1         1
         1         2
         1         3
         1         4
         1         5
         1         6
         1         7
         1         8
         1         9
         1        10
         1        11
         1        12
         1        13
         1        14
         1        15
         1        16
         1        17
         1        18
         1        19
         1        20
         2         0
         2         1
         2         2
         2         3
         2         4
         2         5
         2         6
         2         7
         2         8
         2         9
         2        10
         2        11
         2        12
         2        13
         2        14
         2        15
         2        16
         2        17
         2        18
         2        19
         2        20
         3         0
         3         1
         3         2
         3         3
         3         4
         3         5
         3         6
         3         7
         3         8
         3         9
         3        10
         3        11
         3        12
         3        13
         3        14
         3        15
         3        16
         3        17
         3        18
         3        19
         3        20
         4         0
         4         1
         4         2
         4         3
         4         4
         4         5
         4         6
         4         7
         4         8
         4         9
         4        10
         4        11
         4        12
         4        13
         4        14
         4        15
         4        16
         4        17
         4        18
         4        19
         4        20
         5         0
         5         1
         5         2
         5         3
         5         4
         5         5
         5         6
         5         7
         5         8
         5         9
         5        10
         5        11
         5        12
         5        13
         5        14
         5        15
         5        16
         5        17
         5        18
         5        19
         5        20
         6         0
         6         1
         6         2
         6         3
         6         4
         6         5
         6         6
         6         7
         6        14
         6        15
         6        16
         6        17
         6        18
         6        19
         6        20
         7         0
         7         1
         7         2
         7         3
         7         4
         7         5
         7         6
         7        15
         7        16
         7        17
         7        18
         7        19
         7        20
         8         0
         8         1
         8         2
         8         3
         8         4
         8         5
         8        16
         8        17
         8        18
         8        19
         8        20
         9         0
         9         1
         9         2
         9         3
         9         4
         9         5
         9        16
         9        17
         9        18
         9        19
         9        20
        10         0
        10         1
        10         2
        10         3
        10         4
        10         5
        10        16
        10        17
        10        18
        10        19
        10        20
        11         0
        11         1
        11         2
        11         3
        11         4
        11         5
        11        16
        11        17
        11        18
        11        19
        11        20
        12         0
        12         1
        12         2
        12         3
        12         4
        12         5
        12        16
        12        17
        12        18
        12        19
        12        20
        13         0
        13         1
        13         2
        13         3
        13         4
        13         5
        13        16
        13        17
        13        18
        13        19
        13        20
        14         0
        14         1
        14         2
        14         3
        14         4
        14         5
        14         6
        14        15
        14        16
        14        17
        14        18
        14        19
        14        20
        15         0
        15         1
        15         2
        15         3
        15         4
        15         5
        15         6
        15         7
        15        14
        15        15
        15        16
        15        17
        15        18
        15        19
        15        20
        16         0
        16         1
        16         2
        16         3
        16         4
        16         5
        16         6
        16         7
        16         8
        16         9
        16        10
        16        11
        16        12
        16        13
        16        14
        16        15
        16        16
        16        17
        16        18
        16        19
        16        20
        17         0
        17         1
        17         2
        17         3
        17         4
        17         5
        17         6
        17         7
        17         8
        17         9
        17        10
        17        11
        17        12
        17        13
        17        14
        17        15
        17        16
        17        17
        17        18
        17        19
        17        20
        18         0
        18         1
        18         2
        18         3
        18         4
        18         5
        18         6
        18         7
        18         8
        18         9
        18        10
        18        11
        18        12
        18        13
        18        14
        18        15
        18        16
        18        17
        18        18
        18        19
        18        20
        19         0
        19         1
        19         2
        19         3
        19         4
        19         5
        19         6
        19         7
        19         8
        19         9
        19        10
        19        11
        19        12
        19        13
        19        14
        19        15
        19        16
        19        17
        19        18
        19        19
        19        20
        20         0
        20         1
        20         2
        20         3
        20         4
        20         5
        20         6
        20         7
        20         8
        20         9
        20        10
        20        11
        20        12
        20        13
        20        14
        20        15
        20        16
        20        17
        20        18
        20        19
        20        20
Excitations: 1048 x 2
           73          148
           64          147
           73          227
           64          226
           23          148
           14          147
           23          227
           14          226
            6          133
           74          133
           13          134
           81          134
            6          240
           74          240
           13          241
           81          241
           87          261
           82          256
           87          118
           82          113
            5          261
            0          256
            5          118
            0          113
           63          148
           24          147
           63          227
           54          147
           33          148
           33          227
           24          226
           54          226
           86          260
           86          117
           83          257
           83          114
            4          260
            4          117
            1          257
            1          114
           84          115
           85          259
           85          116
           84          258
            3          116
            3          259
            2          115
            2          258
           44          147
           53          148
           44          226
           34          147
           43          148
           53          227
           43          227
           34          226
           73          135
           73          242
           64          132
           64          239
           23          135
           23          242
           14          132
           14          239
           72          134
           65          133
           15          133
           72          241
           65          240
           22          134
           15          240
           22          241
           13          262
           81          262
           74          255
            6          255
           13          119
           81          119
           74          112
            6          112
           63          242
           63          135
           33          242
           24          239
           24          132
           33          135
           54          132
           54          239
           62          134
           55          133
           25          133
           62          241
           55          240
           32          134
           32          241
           25          240
           80          261
           75          256
           12          261
            7          256
           80          118
           75          113
           12          118
            7          113
           76          257
            8          257
           79          260
           79          117
           76          114
           11          260
            8          114
           11          117
           77          115
           10          116
           77          258
           10          259
           78          116
           78          259
            9          115
            9          258
           53          242
           53          135
           44          239
           44          132
           43          242
           43          135
           34          132
           34          239
           35          133
           52          134
           45          133
           42          134
           45          240
           52          241
           35          240
           42          241
           82          277
           87          282
           82           92
           87           97
            5          282
            0          277
            5           97
            0           92
           86          281
           86           96
           83          278
           83           93
            4          281
            1          278
            4           96
            1           93
           85          280
           84          279
           85           95
           84           94
            3          280
            2          279
            3           95
            2           94
           73          263
           64          254
           23          263
           64          111
           73          120
           14          254
           14          111
           23          120
           72          262
           65          255
           72          119
           22          262
           15          255
           65          112
           22          119
           15          112
           71          261
           66          256
           16          256
           71          118
           21          261
           66          113
           16          113
           21          118
           70          260
           70          117
           67          257
           67          114
           17          257
           20          260
           20          117
           17          114
           68          115
           69          259
           69          116
           68          258
           18          115
           19          259
           19          116
           18          258
           63          263
           33          263
           24          254
           63          120
           54          254
           24          111
           33          120
           54          111
           13          283
            6          276
           74          276
           81          283
           74           91
            6           91
           81           98
           13           98
           62          262
           55          255
           62          119
           32          262
           55          112
           32          119
           25          255
           25          112
           53          263
           34          254
           44          111
           44          254
           43          263
           53          120
           34          111
           43          120
           61          261
           56          256
           26          256
           31          261
           61          118
           56          113
           31          118
           26          113
           60          260
           30          117
           57          114
           27          257
           27          114
           30          260
           57          257
           60          117
           59          259
           58          115
           59          116
           28          115
           28          258
           58          258
           29          259
           29          116
           80          282
           75          277
           12          282
           12           97
           75           92
            7          277
           80           97
            7           92
            8          278
           11          281
           79          281
           76          278
           79           96
            8           93
           76           93
           11           96
           52          262
           42          262
           45          255
           35          255
           52          119
           42          119
           35          112
           45          112
           78          280
           77          279
           10          280
           78           95
           10           95
            9          279
           77           94
            9           94
           41          261
           46          256
           51          261
           36          256
           41          118
           51          118
           46          113
           36          113
           50          260
           37          257
           40          117
           50          117
           40          260
           47          257
           37          114
           47          114
           48          258
           48          115
           49          259
           49          116
           39          259
           38          258
           39          116
           38          115
           87          303
           82          298
           82           71
            5          303
            0          298
           87           76
            5           76
            0           71
           73          284
           73           99
           64           90
           23          284
           23           99
           64          275
           14           90
           14          275
           86          302
           83          299
           86           75
           83           72
            4          302
            4           75
            1          299
            1           72
           84          300
           85          301
            3          301
           85           74
           84           73
            2          300
            3           74
            2           73
           72          283
           65          276
           72           98
           15          276
           15           91
           22          283
           65           91
           22           98
           66          277
           71          282
           16          277
           71           97
           16           92
           66           92
           21          282
           21           97
           63          284
           33          284
           63           99
           24          275
           54           90
           54          275
           24           90
           33           99
           70          281
           67          278
           70           96
           67           93
           17          278
           20          281
           20           96
           17           93
           68          279
           69          280
           18          279
           19          280
           68           94
           69           95
           18           94
           19           95
           53          284
           43          284
           53           99
           44          275
           44           90
           43           99
           34          275
           34           90
           62          283
           55          276
           62           98
           55           91
           32          283
           25          276
           32           98
           25           91
           81          304
           13           77
           13          304
            6           70
           74           70
            6          297
           74          297
           81           77
           56          277
           26          277
           31          282
           61          282
           56           92
           61           97
           26           92
           31           97
           60          281
           30          281
           30           96
           60           96
           27          278
           57          278
           27           93
           57           93
           35          276
           52          283
           45          276
           42          283
           52           98
           35           91
           42           98
           45           91
           59          280
           58          279
           29          280
           59           95
           28          279
           58           94
           29           95
           28           94
           80          303
           75          298
           12          303
           75           71
            7           71
           80           76
            7          298
           12           76
           36          277
           46          277
           51          282
           41          282
           46           92
           51           97
           36           92
           41           97
           79          302
           76          299
            8          299
           11          302
           79           75
            8           72
           76           72
           11           75
           10          301
           78          301
           77          300
           10           74
           78           74
           77           73
            9          300
            9           73
           40          281
           50          281
           37          278
           47          278
           50           96
           40           96
           37           93
           47           93
           39          280
           38          279
           48          279
           49          280
           48           94
           38           94
           39           95
           49           95
           64          296
           73          305
           73           78
           23          305
           23           78
           14          296
           64           69
           14           69
           82           50
           87           55
            5           55
           82          319
           87          324
            0           50
            5          324
            0          319
           86           54
           83           51
           86          323
           83          320
            4           54
            1           51
            1          320
            4          323
           72          304
           65          297
           72           77
           15          297
           65           70
           15           70
           22           77
           22          304
           84           52
           85           53
           85          322
            2           52
           84          321
            3           53
            2          321
            3          322
           63          305
           63           78
           24          296
           33          305
           33           78
           24           69
           54          296
           54           69
           71          303
           66          298
           16          298
           66           71
           21          303
           71           76
           16           71
           21           76
           70          302
           67          299
           20          302
           17          299
           70           75
           67           72
           20           75
           17           72
           69          301
           68          300
           18          300
           19          301
           68           73
           69           74
           18           73
           19           74
           53           78
           53          305
           34          296
           43           78
           44           69
           44          296
           43          305
           34           69
           62          304
           62           77
           55          297
           55           70
           32           77
           32          304
           25          297
           25           70
           13           56
           74           49
            6           49
           81           56
           13          325
           74          318
           81          325
            6          318
           56          298
           56           71
           61          303
           26          298
           31          303
           26           71
           31           76
           61           76
           52          304
           35          297
           45          297
           35           70
           52           77
           42          304
           42           77
           45           70
           57          299
           60          302
           30          302
           27          299
           60           75
           30           75
           27           72
           57           72
           59          301
           58          300
           28          300
           29          301
           58           73
           59           74
           28           73
           29           74
           75           50
           80           55
           12           55
            7           50
           75          319
           80          324
           12          324
            7          319
           41          303
           46           71
           51          303
           46          298
           36          298
           36           71
           41           76
           51           76
           50          302
           40          302
           47          299
           37          299
           40           75
           50           75
           47           72
           37           72
           79           54
           11           54
           76           51
            8           51
           79          323
           76          320
            8          320
           11          323
           39          301
           48          300
           38          300
           49          301
           48           73
           39           74
           49           74
           38           73
           77           52
            9           52
           10           53
           78           53
           77          321
           10          322
           78          322
            9          321
           73           57
           23           57
           64           48
           14           48
           73          326
           64          317
           23          326
           14          317
           82          340
           87          345
            5          345
           87           34
           82           29
            0          340
            5           34
            0           29
           65           49
           72           56
           72          325
           15           49
           65          318
           15          318
           22           56
           22          325
           83          341
           86          344
            4          344
           83           30
            1          341
           86           33
            1           30
            4           33
           85          343
           84          342
            3          343
            2          342
           85           32
           84           31
            3           32
            2           31
           63           57
           33           57
           24           48
           63          326
           54           48
           33          326
           54          317
           24          317
           71           55
           66           50
           16           50
           71          324
           21           55
           66          319
           16          319
           21          324
           70           54
           70          323
           67           51
           20           54
           67          320
           17           51
           17          320
           20          323
           68           52
           19           53
           18           52
           69          322
           69           53
           68          321
           19          322
           18          321
           53           57
           44           48
           43           57
           34           48
           53          326
           44          317
           43          326
           34          317
           62           56
           55           49
           62          325
           55          318
           32           56
           25           49
           32          325
           25          318
           61           55
           56           50
           31           55
           26           50
           56          319
           31          324
           26          319
           61          324
           81          346
           13          346
           74          339
            6          339
           74           28
           13           35
            6           28
           81           35
           52           56
           42           56
           45           49
           35           49
           45          318
           35          318
           42          325
           52          325
           30           54
           60           54
           60          323
           27           51
           57           51
           30          323
           27          320
           57          320
           59           53
           28           52
           58           52
           29           53
           59          322
           58          321
           28          321
           29          322
           46           50
           41           55
           36           50
           51           55
           51          324
           46          319
           41          324
           36          319
           80          345
            7          340
           12          345
           75          340
           80           34
            7           29
           12           34
           75           29
           50          323
           47           51
           40          323
           40           54
           37           51
           50           54
           47          320
           37          320
           39           53
           49           53
           38           52
           48           52
           39          322
           48          321
           38          321
           49          322
           79          344
            8          341
           11          344
           76          341
           76           30
            8           30
           79           33
           11           33
           73          347
           23          347
           64          338
           14          338
           73           36
           23           36
           14           27
           64           27
           77          342
           10          343
           78          343
            9          342
           77           31
           78           32
           10           32
            9           31
           65          339
           72          346
           22          346
           15          339
           65           28
           72           35
           22           35
           15           28
           82            8
           87           13
            5           13
            0            8
           33          347
           63          347
           24          338
           54          338
           63           36
           33           36
           24           27
           54           27
           83            9
           86           12
            4           12
            1            9
           71          345
           21          345
           66          340
           16          340
           71           34
           21           34
           16           29
           66           29
           85           11
           84           10
            3           11
            2           10
           70          344
           20          344
           17          341
           67          341
           70           33
           67           30
           17           30
           20           33
           44          338
           53          347
           43          347
           34          338
           53           36
           44           27
           43           36
           34           27
           68          342
           69          343
           18          342
           19          343
           69           32
           68           31
           18           31
           19           32
           62          346
           32          346
           55          339
           25          339
           62           35
           32           35
           25           28
           55           28
           61          345
           31          345
           56          340
           26          340
           31           34
           26           29
           61           34
           56           29
           42          346
           52          346
           45          339
           35          339
           42           35
           35           28
           45           28
           52           35
           60          344
           30          344
           27          341
           57          341
           30           33
           60           33
           27           30
           57           30
           13           14
            6            7
           74            7
           81           14
           58          342
           59          343
           29          343
           28          342
           28           31
           58           31
           29           32
           59           32
           46          340
           51          345
           41          345
           36          340
           41           34
           46           29
           51           34
           36           29
           40          344
           50          344
           47          341
           37          341
           37           30
           40           33
           47           30
           50           33
           38          342
           49          343
           39          343
           48          342
           49           32
           39           32
           38           31
           48           31
           75            8
           12           13
           80           13
            7            8
           76            9
           11           12
            8            9
           79           12
           73           15
           14            6
           64            6
           23           15
           77           10
           10           11
           78           11
            9           10
           72           14
           65            7
           22           14
           15            7
           63           15
           24            6
           54            6
           33           15
           66            8
           71           13
           16            8
           21           13
           70           12
           67            9
           20           12
           17            9
           44            6
           43           15
           53           15
           34            6
           69           11
           68           10
           18           10
           19           11
           55            7
           62           14
           32           14
           25            7
           56            8
           31           13
           61           13
           26            8
           42           14
           35            7
           45            7
           52           14
           30           12
           60           12
           27            9
           57            9
           29           11
           28           10
           59           11
           58           10
           41           13
           36            8
           46            8
           51           13
           40           12
           37            9
           47            9
           50           12
           38           10
           39           11
           48           10
           49           11

                            End of Section: Matrices                            

################################################################################

                              End of Output File.                              

################################################################################
