################################################################################

            Output File for HFS, the Hartree-Fock Stability Program            
                              Author: Evan Curtin                              
             Institution: University of Illinois @ Urbana-Champaign             
                          email: ecurtin2@illinois.edu                          
                       Built on Nov  2 2016, at 17:06:03                       

################################################################################

                Computation Started : Wed Nov  2 17:21:46 2016
                
                Computation Finished: Wed Nov  2 17:22:39 2016
                
                     Total Elapsed Time = 53.2036 seconds.                     

--------------------------------------------------------------------------------

                                     Input                                     

--------------------------------------------------------------------------------

Nk = 21
ndim = 2
rs = 1.200000047683716

                             End of Section: Input                             

--------------------------------------------------------------------------------

                                     Output                                     

--------------------------------------------------------------------------------

deltaK = 0.235702368880676
kf = 1.178511255147749
kmax = 2.357023688806754
Nocc = 69
Nvir = 331
Nexc = 827
ground_state_degeneracy = 8
dav_its = 19
num_guess_evecs = 50
Dav_blocksize = 20
Dav_Num_evals = 8
Mv_time = 0.013988688000000
cond_number = 19.425027403346579
Dav_nconv = 8
Davidson Tolerance = 1.00e-08
Dav_maxits = 50
Dav_maxsubsize = 1000
Dav_final_val = -0.055361434573580
Dav_time = 31.008918266999999
full_diag_min = -0.055361434573579
full_diag_time = 22.174202437000002

                             End of Section: Output                             

--------------------------------------------------------------------------------

                                    Vectors                                    

--------------------------------------------------------------------------------

Occ Energies: 69
-0.179582151467630
-0.321683777413021
-0.365015511319389
-0.321683777413021
-0.179582151467631
-0.271197289332415
-0.518860408923816
-0.656615284875680
-0.700574430228940
-0.656615284875680
-0.518860408923816
-0.271197289332415
-0.179582151467630
-0.518860408923816
-0.746926181227748
-0.878526855646807
-0.921578252827592
-0.878526855646807
-0.746926181227748
-0.518860408923816
-0.179582151467630
-0.321683777413020
-0.656615284875679
-0.878526855646806
-1.007448676131458
-1.049832456033242
-1.007448676131458
-0.878526855646807
-0.656615284875680
-0.321683777413020
-0.365015511319389
-0.700574430228940
-0.921578252827592
-1.049832456033242
-1.092012001966173
-1.049832456033243
-0.921578252827593
-0.700574430228940
-0.365015511319389
-0.321683777413021
-0.656615284875680
-0.878526855646806
-1.007448676131458
-1.049832456033242
-1.007448676131458
-0.878526855646807
-0.656615284875680
-0.321683777413020
-0.179582151467630
-0.518860408923816
-0.746926181227748
-0.878526855646807
-0.921578252827592
-0.878526855646806
-0.746926181227748
-0.518860408923816
-0.179582151467630
-0.271197289332415
-0.518860408923817
-0.656615284875680
-0.700574430228940
-0.656615284875680
-0.518860408923816
-0.271197289332415
-0.179582151467630
-0.321683777413020
-0.365015511319389
-0.321683777413020
-0.179582151467630
Vir Energies: 331
5.295898172086365
4.765691129664418
4.286243774128786
3.857750542836353
3.481643599359495
3.159420167649461
2.893678158304195
2.685387691486547
2.535600994776582
2.445277316929735
2.415088989665511
2.445277316929735
2.535600994776582
2.685387691486546
2.893678158304196
3.159420167649462
3.481643599359495
3.857750542836353
4.286243774128785
4.765691129664418
4.765691129664418
4.235379172127365
3.755613665243457
3.326580943979274
2.949711119995680
2.626517649510927
2.359706468091713
2.150344746825817
1.999629396723297
1.908673748837019
1.878261696639181
1.908673748837019
1.999629396723297
2.150344746825817
2.359706468091713
2.626517649510927
2.949711119995680
3.326580943979273
3.755613665243457
4.235379172127366
4.286243774128786
3.755613665243457
3.274880387949932
2.844196352242066
2.464967309363141
2.138731820240141
1.868500193427929
1.655641319105550
1.501851350552593
1.408795403945702
1.377641219579689
1.408795403945702
1.501851350552593
1.655641319105550
1.868500193427929
2.138731820240141
2.464967309363141
2.844196352242065
3.274880387949931
3.755613665243458
3.857750542836354
3.326580943979274
2.844196352242066
2.410658820292845
2.027267217245397
1.695506727648583
1.418789756528414
1.198978238792489
1.038874787882964
0.941506152414096
0.908849938871087
0.941506152414096
1.038874787882965
1.198978238792489
1.418789756528414
1.695506727648584
2.027267217245397
2.410658820292844
2.844196352242065
3.326580943979275
3.481643599359495
2.949711119995680
2.464967309363141
2.027267217245397
1.637596567185686
1.297194656399770
1.009552126944425
0.776825994259425
0.604109901689801
0.498430047265210
0.463067082584350
0.498430047265210
0.604109901689801
0.776825994259425
1.009552126944425
1.297194656399770
1.637596567185686
2.027267217245396
2.464967309363140
2.949711119995681
3.159420167649462
2.626517649510927
2.138731820240140
1.695506727648583
1.297194656399770
0.944121710625160
0.638749725346942
0.380851692836568
0.176544307880374
0.054692680133789
0.015159451916198
0.054692680133789
0.176544307880374
0.380851692836568
0.638749725346942
0.944121710625160
1.297194656399770
1.695506727648583
2.138731820240139
2.626517649510928
2.893678158304195
2.359706468091712
1.868500193427929
1.418789756528414
1.009552126944425
0.638749725346942
0.305067885946669
0.000963333427155
0.000963333427154
0.305067885946669
0.638749725346943
1.009552126944425
1.418789756528413
1.868500193427928
2.359706468091713
2.685387691486547
2.150344746825817
1.655641319105550
1.198978238792489
0.776825994259425
0.380851692836568
0.000963333427155
0.000963333427155
0.380851692836569
0.776825994259425
1.198978238792489
1.655641319105549
2.150344746825818
2.535600994776582
1.999629396723297
1.501851350552593
1.038874787882964
0.604109901689801
0.176544307880374
0.176544307880374
0.604109901689801
1.038874787882964
1.501851350552592
1.999629396723298
2.445277316929735
1.908673748837019
1.408795403945701
0.941506152414095
0.498430047265210
0.054692680133789
0.054692680133789
0.498430047265210
0.941506152414095
1.408795403945700
1.908673748837020
2.415088989665511
1.878261696639181
1.377641219579689
0.908849938871086
0.463067082584351
0.015159451916199
0.015159451916199
0.463067082584351
0.908849938871086
1.377641219579688
1.878261696639182
2.445277316929735
1.908673748837019
1.408795403945702
0.941506152414095
0.498430047265210
0.054692680133789
0.054692680133789
0.498430047265210
0.941506152414095
1.408795403945700
1.908673748837020
2.535600994776582
1.999629396723297
1.501851350552593
1.038874787882964
0.604109901689801
0.176544307880374
0.176544307880374
0.604109901689801
1.038874787882964
1.501851350552592
1.999629396723298
2.685387691486546
2.150344746825817
1.655641319105550
1.198978238792489
0.776825994259425
0.380851692836568
0.000963333427155
0.000963333427155
0.380851692836568
0.776825994259425
1.198978238792488
1.655641319105549
2.150344746825818
2.893678158304196
2.359706468091713
1.868500193427929
1.418789756528414
1.009552126944425
0.638749725346942
0.305067885946669
0.000963333427155
0.000963333427155
0.305067885946669
0.638749725346943
1.009552126944425
1.418789756528414
1.868500193427928
2.359706468091713
3.159420167649462
2.626517649510927
2.138731820240141
1.695506727648584
1.297194656399770
0.944121710625160
0.638749725346943
0.380851692836569
0.176544307880374
0.054692680133789
0.015159451916199
0.054692680133789
0.176544307880374
0.380851692836568
0.638749725346943
0.944121710625161
1.297194656399770
1.695506727648583
2.138731820240140
2.626517649510928
3.481643599359495
2.949711119995680
2.464967309363141
2.027267217245397
1.637596567185686
1.297194656399770
1.009552126944425
0.776825994259425
0.604109901689801
0.498430047265210
0.463067082584351
0.498430047265210
0.604109901689801
0.776825994259425
1.009552126944425
1.297194656399771
1.637596567185686
2.027267217245396
2.464967309363140
2.949711119995681
3.857750542836353
3.326580943979273
2.844196352242065
2.410658820292844
2.027267217245396
1.695506727648584
1.418789756528413
1.198978238792489
1.038874787882964
0.941506152414095
0.908849938871086
0.941506152414095
1.038874787882964
1.198978238792488
1.418789756528413
1.695506727648583
2.027267217245396
2.410658820292843
2.844196352242065
3.326580943979275
4.286243774128785
3.755613665243457
3.274880387949932
2.844196352242065
2.464967309363140
2.138731820240140
1.868500193427928
1.655641319105549
1.501851350552592
1.408795403945700
1.377641219579688
1.408795403945700
1.501851350552592
1.655641319105549
1.868500193427928
2.138731820240140
2.464967309363140
2.844196352242065
3.274880387949931
3.755613665243457
4.765691129664418
4.235379172127366
3.755613665243458
3.326580943979275
2.949711119995681
2.626517649510928
2.359706468091713
2.150344746825818
1.999629396723298
1.908673748837020
1.878261696639182
1.908673748837020
1.999629396723298
2.150344746825818
2.359706468091713
2.626517649510928
2.949711119995681
3.326580943979275
3.755613665243457
4.235379172127367
Excitation Energies: 827
0.180545484894785
0.180545484894785
0.180545484894785
0.180545484894785
0.180545484894785
0.180545484894785
0.180545484894785
0.180545484894785
0.272160622759569
0.272160622759569
0.272160622759570
0.272160622759570
0.272160622759570
0.272160622759570
0.272160622759570
0.272160622759570
0.322647110840175
0.322647110840175
0.322647110840175
0.322647110840175
0.322647110840175
0.322647110840175
0.322647110840176
0.322647110840176
0.356126459348004
0.356126459348004
0.356126459348004
0.356126459348004
0.356126459348004
0.356126459348004
0.356126459348005
0.356126459348005
0.365978844746543
0.365978844746543
0.365978844746544
0.365978844746544
0.376376457546809
0.376376457546809
0.376376457546809
0.376376457546810
0.376376457546810
0.376376457546810
0.376376457546810
0.376376457546810
0.380174963235587
0.380174963235588
0.380174963235588
0.380174963235588
0.484650037414299
0.484650037414299
0.484650037414299
0.484650037414299
0.484650037414299
0.484650037414299
0.484650037414299
0.484650037414299
0.519823742350971
0.519823742350971
0.519823742350971
0.519823742350971
0.519823742350971
0.519823742350971
0.519823742350971
0.519823742350971
0.626751663359689
0.626751663359689
0.626751663359689
0.626751663359689
0.626751663359689
0.626751663359689
0.626751663359689
0.626751663359689
0.652048982168983
0.652048982168983
0.652048982168983
0.652048982168983
0.652048982168983
0.652048982168983
0.652048982168983
0.652048982168983
0.657578618302834
0.657578618302834
0.657578618302834
0.657578618302834
0.657578618302835
0.657578618302835
0.657578618302835
0.657578618302835
0.670083397266057
0.670083397266057
0.670083397266058
0.670083397266058
0.695404716804190
0.695404716804190
0.695404716804190
0.695404716804190
0.695404716804190
0.695404716804190
0.695404716804191
0.695404716804191
0.701537763656094
0.701537763656094
0.701537763656095
0.701537763656095
0.711307965009468
0.711307965009468
0.711307965009468
0.711307965009469
0.711307965009469
0.711307965009469
0.711307965009469
0.711307965009469
0.715733882145138
0.715733882145138
0.715733882145139
0.715733882145139
0.783692053157431
0.783692053157431
0.783692053157431
0.783692053157431
0.783692053157431
0.783692053157431
0.783692053157431
0.783692053157431
0.818331876814572
0.818331876814572
0.818331876814572
0.818331876814572
0.818331876814572
0.818331876814572
0.818331876814573
0.818331876814573
0.820113824678230
0.820113824678230
0.820113824678230
0.820113824678230
0.820113824678230
0.820113824678230
0.820113824678231
0.820113824678231
0.828082593903739
0.828082593903740
0.828082593903740
0.828082593903740
0.899712101760384
0.899712101760384
0.899712101760384
0.899712101760384
0.899712101760385
0.899712101760385
0.899712101760385
0.899712101760385
0.923470489108121
0.923470489108121
0.923470489108121
0.923470489108121
0.923470489108122
0.923470489108122
0.923470489108122
0.923470489108122
0.933219535780595
0.933219535780595
0.933219535780595
0.933219535780595
0.933219535780596
0.933219535780596
0.933219535780596
0.933219535780596
0.936737704743791
0.936737704743791
0.936737704743792
0.936737704743792
0.960433502759962
0.960433502759963
0.960433502759963
0.960433502759963
0.960433502759963
0.960433502759963
0.960433502759963
0.960433502759963
1.003765236666331
1.003765236666331
1.003765236666331
1.003765236666331
1.037466977712247
1.037466977712248
1.037466977712248
1.037466977712248
1.037466977712248
1.037466977712248
1.037466977712248
1.037466977712248
1.048023283591840
1.048023283591840
1.048023283591840
1.048023283591840
1.048023283591840
1.048023283591840
1.048023283591840
1.048023283591840
1.055071163527180
1.055071163527180
1.055071163527180
1.055071163527180
1.055071163527181
1.055071163527181
1.055071163527181
1.055071163527181
1.062141356265246
1.062141356265247
1.062141356265247
1.062141356265247
1.062141356265247
1.062141356265248
1.062141356265248
1.062141356265248
1.064991907949441
1.064991907949441
1.064991907949441
1.064991907949441
1.081426123065508
1.081426123065508
1.081426123065508
1.081426123065508
1.098122560707966
1.098122560707966
1.098122560707967
1.098122560707967
1.104525136167031
1.104525136167031
1.104525136167032
1.104525136167032
1.107171453882372
1.107171453882373
1.122970310613617
1.122970310613617
1.122970310613617
1.122970310613617
1.122970310613617
1.122970310613617
1.122970310613618
1.122970310613618
1.155045332140889
1.155045332140889
1.155045332140890
1.155045332140890
1.155045332140890
1.155045332140890
1.155045332140890
1.155045332140890
1.163641512813290
1.163641512813290
1.163641512813290
1.163641512813291
1.189134278412055
1.189134278412055
1.189134278412055
1.189134278412055
1.189134278412055
1.189134278412055
1.189134278412055
1.189134278412055
1.218456939350594
1.218456939350594
1.218456939350594
1.218456939350594
1.218456939350594
1.218456939350595
1.218456939350595
1.218456939350595
1.263189929827115
1.263189929827115
1.263189929827115
1.263189929827115
1.263189929827116
1.263189929827116
1.263189929827116
1.263189929827116
1.273865450190474
1.273865450190475
1.273865450190475
1.273865450190476
1.295686403183241
1.295686403183241
1.295686403183241
1.295686403183241
1.295686403183241
1.295686403183241
1.295686403183242
1.295686403183242
1.331235904357445
1.331235904357445
1.331235904357445
1.331235904357445
1.331235904357445
1.331235904357445
1.331235904357446
1.331235904357446
1.351036082917548
1.351036082917549
1.351036082917549
1.351036082917549
1.351036082917549
1.351036082917549
1.351036082917549
1.351036082917549
1.374567638263814
1.374567638263814
1.374567638263814
1.374567638263814
1.376956902912016
1.376956902912017
1.376956902912017
1.376956902912017
1.376956902912017
1.376956902912017
1.376956902912017
1.376956902912017
1.384645335411943
1.384645335411943
1.384645335411943
1.384645335411943
1.433441279135105
1.433441279135105
1.433441279135105
1.433441279135105
1.433441279135105
1.433441279135105
1.433441279135105
1.433441279135105
1.470175528124903
1.470175528124903
1.470175528124904
1.470175528124904
1.470175528124904
1.470175528124904
1.470175528124904
1.470175528124904
1.477400424488365
1.477400424488365
1.477400424488365
1.477400424488365
1.482636757336607
1.482636757336607
1.482636757336607
1.482636757336607
1.482636757336607
1.482636757336607
1.482636757336607
1.482636757336607
1.505878723396668
1.505878723396668
1.505878723396668
1.505878723396668
1.505878723396668
1.505878723396668
1.505878723396668
1.505878723396668
1.512899538617593
1.512899538617593
1.512899538617593
1.512899538617593
1.525688154517393
1.525688154517393
1.525688154517393
1.525688154517393
1.548262503298452
1.548262503298452
1.548262503298452
1.548262503298452
1.555079084550524
1.555079084550524
1.557735196806780
1.557735196806780
1.557735196806780
1.557735196806780
1.557735196806781
1.557735196806781
1.557735196806781
1.557735196806781
1.598121437289774
1.598121437289774
1.598121437289775
1.598121437289775
1.598121437289775
1.598121437289775
1.598121437289775
1.598121437289775
1.598371907996043
1.598371907996043
1.598371907996043
1.598371907996043
1.598371907996044
1.598371907996044
1.598371907996044
1.598371907996044
1.609424369100025
1.609424369100026
1.609424369100026
1.609424369100026
1.681433502020222
1.681433502020222
1.681433502020222
1.681433502020223
1.681433502020223
1.681433502020223
1.681433502020224
1.681433502020224
1.717838647716305
1.717838647716305
1.717838647716305
1.717838647716305
1.717838647716305
1.717838647716305
1.717838647716305
1.717838647716305
1.730479181358721
1.730479181358721
1.730479181358721
1.730479181358721
1.730479181358722
1.730479181358722
1.730479181358722
1.730479181358722
1.740473533941433
1.740473533941434
1.740473533941434
1.740473533941434
1.740473533941434
1.740473533941434
1.740473533941434
1.740473533941434
1.742656730899077
1.742656730899077
1.742656730899078
1.742656730899078
1.783805267847802
1.783805267847802
1.783805267847802
1.783805267847803
1.785800969110711
1.785800969110711
1.785800969110711
1.785800969110711
1.785800969110712
1.785800969110712
1.785800969110712
1.785800969110712
1.820033008060901
1.820033008060901
1.820033008060901
1.820033008060901
1.820033008060902
1.820033008060902
1.820033008060902
1.820033008060902
1.830428191698678
1.830428191698678
1.830428191698679
1.830428191698679
1.855593523668168
1.855593523668168
1.855593523668168
1.855593523668168
1.855593523668169
1.855593523668169
1.855593523668169
1.855593523668169
1.899552669021428
1.899552669021428
1.899552669021429
1.899552669021429
1.917401643529770
1.917401643529770
1.917401643529770
1.917401643529770
1.917401643529771
1.917401643529771
1.917401643529771
1.917401643529771
1.926838608437964
1.926838608437964
1.926838608437964
1.926838608437965
1.926838608437965
1.926838608437965
1.926838608437965
1.926838608437965
1.948954828545552
1.948954828545553
1.948954828545553
1.948954828545553
1.948954828545553
1.948954828545554
1.948954828545554
1.948954828545554
1.958682394904328
1.958682394904328
1.958682394904329
1.958682394904329
1.960453040710556
1.960453040710556
1.960453040710556
1.960453040710557
1.991338608447337
1.991338608447337
1.991338608447338
1.991338608447338
2.000861940837259
2.000861940837260
2.020711759476408
2.020711759476408
2.020711759476408
2.020711759476409
2.020711759476409
2.020711759476409
2.020711759476410
2.020711759476410
2.048082344895557
2.048082344895558
2.048082344895558
2.048082344895558
2.048082344895559
2.048082344895559
2.048082344895559
2.048082344895559
2.065410688821380
2.065410688821380
2.065410688821380
2.065410688821380
2.065410688821381
2.065410688821381
2.065410688821381
2.065410688821381
2.078215649808628
2.078215649808628
2.078215649808629
2.078215649808629
2.174501728029365
2.174501728029365
2.174501728029365
2.174501728029366
2.174501728029366
2.174501728029366
2.174501728029366
2.174501728029367
2.179211548190927
2.179211548190928
2.179211548190928
2.179211548190928
2.179211548190928
2.179211548190929
2.179211548190929
2.179211548190929
2.190183970840948
2.190183970840948
2.190183970840948
2.190183970840948
2.190183970840949
2.190183970840949
2.190183970840949
2.190183970840949
2.230357526250040
2.230357526250040
2.230357526250040
2.230357526250040
2.230357526250040
2.230357526250041
2.230357526250041
2.230357526250041
2.233515704747316
2.233515704747317
2.233515704747318
2.233515704747318
2.243277207958570
2.243277207958570
2.243277207958571
2.243277207958571
2.248777531780340
2.248777531780340
2.248777531780340
2.248777531780340
2.248777531780341
2.248777531780341
2.248777531780341
2.248777531780341
2.287322259592507
2.287322259592507
2.287322259592507
2.287322259592507
2.287322259592508
2.287322259592508
2.287322259592508
2.287322259592508
2.299219472407281
2.299219472407281
2.299219472407282
2.299219472407282
2.312256603981229
2.312256603981229
2.312256603981229
2.312256603981229
2.312256603981230
2.312256603981230
2.312256603981230
2.312256603981230
2.356215749334489
2.356215749334489
2.356215749334490
2.356215749334490
2.380378206199398
2.380378206199398
2.380378206199399
2.380378206199399
2.380378206199400
2.380378206199400
2.380378206199400
2.380378206199400
2.416244080077158
2.416244080077159
2.416244080077159
2.416244080077159
2.416244080077159
2.416244080077160
2.416244080077160
2.416244080077160
2.421542036158232
2.421542036158232
2.421542036158232
2.421542036158232
2.421542036158233
2.421542036158233
2.421542036158233
2.421542036158233
2.423429603380185
2.423429603380185
2.423429603380185
2.423429603380186
2.427473675612930
2.427473675612930
2.427473675612932
2.427473675612932
2.458627859978943
2.458627859978943
2.458627859978944
2.458627859978944
2.469653221545862
2.469653221545863
2.518489805647114
2.518489805647114
2.518489805647114
2.518489805647114
2.518489805647115
2.518489805647115
2.518489805647115
2.518489805647115
2.539288619559342
2.539288619559342
2.539288619559342
2.539288619559343
2.539288619559343
2.539288619559343
2.539288619559343
2.539288619559344
2.565289033712699
2.565289033712699
2.565289033712699
2.565289033712699
2.565289033712700
2.565289033712700
2.565289033712700
2.565289033712700
2.578836126868121
2.578836126868121
2.578836126868122
2.578836126868122
2.669205155749633
2.669205155749633
2.669205155749633
2.669205155749633
2.669205155749634
2.669205155749634
2.669205155749634
2.669205155749634
2.681390245504733
2.681390245504733
2.681390245504733
2.681390245504733
2.681390245504734
2.681390245504734
2.681390245504734
2.681390245504734
2.715183146244212
2.715183146244212
2.715183146244212
2.715183146244213
2.724721979411101
2.724721979411101
2.724721979411102
2.724721979411102
2.746555577951045
2.746555577951045
2.746555577951045
2.746555577951045
2.746555577951046
2.746555577951046
2.746555577951046
2.746555577951046
2.766961094342756
2.766961094342756
2.766961094342756
2.766961094342756
2.780104500984900
2.780104500984900
2.787200604483826
2.787200604483826
2.787200604483826
2.787200604483826
2.787200604483826
2.787200604483827
2.787200604483827
2.787200604483827
2.799839949466774
2.799839949466774
2.799839949466775
2.799839949466775
2.806960031701497
2.806960031701497
2.806960031701497
2.806960031701497
2.806960031701498
2.806960031701498
2.806960031701498
2.806960031701498
2.850919177054757
2.850919177054757
2.850919177054758
2.850919177054758
2.878156252370104
2.878156252370104
2.878156252370104
2.878156252370104
2.878156252370105
2.878156252370105
2.878156252370105
2.878156252370105
2.916122424968477
2.916122424968477
2.916122424968477
2.916122424968478
2.916122424968478
2.916122424968478
2.916122424968478
2.916122424968479
2.921207649550890
2.921207649550890
2.921207649550891
2.921207649550891
2.928094152672424
2.928094152672424
2.928094152672424
2.928094152672424
2.956584980818961
2.956584980818961
2.956584980818961
2.956584980818961
2.958506204870262
2.958506204870262
2.958506204870262
2.958506204870263
2.970273698605355
2.970273698605356
3.054461403700398
3.054461403700398
3.054461403700398
3.054461403700399
3.073260309771825
3.073260309771825
3.073260309771825
3.073260309771825
3.101892601805415
3.101892601805415
3.101892601805415
3.101892601805415
3.115663419894451
3.115663419894451
3.204248100410362
3.204248100410362
3.204248100410363
3.204248100410363
3.215361935717215
3.215361935717215
3.215361935717216
3.215361935717216
3.258693669623584
3.258693669623584
3.282527176004330
3.282527176004330
3.282527176004330
3.282527176004330
3.323804172576541
3.323804172576542
3.323804172576542
3.323804172576542
3.336667242493104
3.336667242493104
3.342002976362226
3.342002976362226
3.342002976362226
3.342002976362227
3.385962121715486
3.385962121715486
3.414127850423388
3.414127850423388
3.414127850423389
3.414127850423389
3.452725993061193
3.452725993061193
3.452725993061193
3.452725993061194
3.457179247604174
3.457179247604174
3.464921445698753
3.464921445698753
3.495109772962977
3.495109772962978
3.507100991631685
Kgrid: 21
-2.357023688806754
-2.121321319926079
-1.885618951045403
-1.649916582164728
-1.414214213284053
-1.178511844403377
-0.942809475522702
-0.707107106642026
-0.471404737761351
-0.235702368880676
0.000000000000000
0.235702368880676
0.471404737761351
0.707107106642026
0.942809475522702
1.178511844403377
1.414214213284053
1.649916582164728
1.885618951045403
2.121321319926079
2.357023688806754
DavVals: 8
-0.055361434573580
-0.055361434573578
0.039532058282787
0.039532058282789
0.087889964823400
0.087889964823401
0.100893896302426
0.100893896302428

                            End of Section: Vectors                            

--------------------------------------------------------------------------------

                                    Matrices                                    

--------------------------------------------------------------------------------

Occupied States: 69 x 2
         6         8
         6         9
         6        10
         6        11
         6        12
         7         7
         7         8
         7         9
         7        10
         7        11
         7        12
         7        13
         8         6
         8         7
         8         8
         8         9
         8        10
         8        11
         8        12
         8        13
         8        14
         9         6
         9         7
         9         8
         9         9
         9        10
         9        11
         9        12
         9        13
         9        14
        10         6
        10         7
        10         8
        10         9
        10        10
        10        11
        10        12
        10        13
        10        14
        11         6
        11         7
        11         8
        11         9
        11        10
        11        11
        11        12
        11        13
        11        14
        12         6
        12         7
        12         8
        12         9
        12        10
        12        11
        12        12
        12        13
        12        14
        13         7
        13         8
        13         9
        13        10
        13        11
        13        12
        13        13
        14         8
        14         9
        14        10
        14        11
        14        12
Virtual States: 331 x 2
         0         0
         0         1
         0         2
         0         3
         0         4
         0         5
         0         6
         0         7
         0         8
         0         9
         0        10
         0        11
         0        12
         0        13
         0        14
         0        15
         0        16
         0        17
         0        18
         0        19
         1         0
         1         1
         1         2
         1         3
         1         4
         1         5
         1         6
         1         7
         1         8
         1         9
         1        10
         1        11
         1        12
         1        13
         1        14
         1        15
         1        16
         1        17
         1        18
         1        19
         2         0
         2         1
         2         2
         2         3
         2         4
         2         5
         2         6
         2         7
         2         8
         2         9
         2        10
         2        11
         2        12
         2        13
         2        14
         2        15
         2        16
         2        17
         2        18
         2        19
         3         0
         3         1
         3         2
         3         3
         3         4
         3         5
         3         6
         3         7
         3         8
         3         9
         3        10
         3        11
         3        12
         3        13
         3        14
         3        15
         3        16
         3        17
         3        18
         3        19
         4         0
         4         1
         4         2
         4         3
         4         4
         4         5
         4         6
         4         7
         4         8
         4         9
         4        10
         4        11
         4        12
         4        13
         4        14
         4        15
         4        16
         4        17
         4        18
         4        19
         5         0
         5         1
         5         2
         5         3
         5         4
         5         5
         5         6
         5         7
         5         8
         5         9
         5        10
         5        11
         5        12
         5        13
         5        14
         5        15
         5        16
         5        17
         5        18
         5        19
         6         0
         6         1
         6         2
         6         3
         6         4
         6         5
         6         6
         6         7
         6        13
         6        14
         6        15
         6        16
         6        17
         6        18
         6        19
         7         0
         7         1
         7         2
         7         3
         7         4
         7         5
         7         6
         7        14
         7        15
         7        16
         7        17
         7        18
         7        19
         8         0
         8         1
         8         2
         8         3
         8         4
         8         5
         8        15
         8        16
         8        17
         8        18
         8        19
         9         0
         9         1
         9         2
         9         3
         9         4
         9         5
         9        15
         9        16
         9        17
         9        18
         9        19
        10         0
        10         1
        10         2
        10         3
        10         4
        10         5
        10        15
        10        16
        10        17
        10        18
        10        19
        11         0
        11         1
        11         2
        11         3
        11         4
        11         5
        11        15
        11        16
        11        17
        11        18
        11        19
        12         0
        12         1
        12         2
        12         3
        12         4
        12         5
        12        15
        12        16
        12        17
        12        18
        12        19
        13         0
        13         1
        13         2
        13         3
        13         4
        13         5
        13         6
        13        14
        13        15
        13        16
        13        17
        13        18
        13        19
        14         0
        14         1
        14         2
        14         3
        14         4
        14         5
        14         6
        14         7
        14        13
        14        14
        14        15
        14        16
        14        17
        14        18
        14        19
        15         0
        15         1
        15         2
        15         3
        15         4
        15         5
        15         6
        15         7
        15         8
        15         9
        15        10
        15        11
        15        12
        15        13
        15        14
        15        15
        15        16
        15        17
        15        18
        15        19
        16         0
        16         1
        16         2
        16         3
        16         4
        16         5
        16         6
        16         7
        16         8
        16         9
        16        10
        16        11
        16        12
        16        13
        16        14
        16        15
        16        16
        16        17
        16        18
        16        19
        17         0
        17         1
        17         2
        17         3
        17         4
        17         5
        17         6
        17         7
        17         8
        17         9
        17        10
        17        11
        17        12
        17        13
        17        14
        17        15
        17        16
        17        17
        17        18
        17        19
        18         0
        18         1
        18         2
        18         3
        18         4
        18         5
        18         6
        18         7
        18         8
        18         9
        18        10
        18        11
        18        12
        18        13
        18        14
        18        15
        18        16
        18        17
        18        18
        18        19
        19         0
        19         1
        19         2
        19         3
        19         4
        19         5
        19         6
        19         7
        19         8
        19         9
        19        10
        19        11
        19        12
        19        13
        19        14
        19        15
        19        16
        19        17
        19        18
        19        19
Excitations: 827 x 2
           12          209
           20          210
           56          210
           48          209
           12          141
           20          142
           56          142
           48          141
           11          128
            5          127
           57          127
           63          128
           11          224
            5          223
           57          223
           63          224
           29          210
           21          209
           39          209
           47          210
           29          142
           21          141
           47          142
           39          141
           64          108
           68          112
            0          108
            4          112
           64          239
           68          243
            0          239
            4          243
           30          209
           38          210
           30          141
           38          142
           65          109
           67          111
            1          109
            3          111
           65          240
           67          242
            1          240
            3          242
           66          110
            2          110
           66          241
            2          241
           20          129
           12          126
           12          222
           56          129
           20          225
           48          126
           56          225
           48          222
           55          128
           19          128
           13          127
           49          127
           13          223
           19          224
           55          224
           49          223
           29          129
           29          225
           39          126
           21          126
           47          129
           21          222
           39          222
           47          225
            5          107
           11          113
           57          107
           63          113
           11          244
            5          238
           57          238
           63          244
           22          127
           28          128
           46          128
           22          223
           40          127
           28          224
           46          224
           40          223
           30          126
           38          129
           30          222
           38          225
           10          112
            6          108
           62          112
           58          108
           10          243
            6          239
           62          243
           58          239
           31          127
           37          128
           31          223
           37          224
            7          109
            9          111
           59          109
           61          111
            9          242
            7          240
           61          242
           59          240
            8          110
           60          110
            8          241
           60          241
           64          259
           64           88
           68           92
           68          263
            0          259
            4           92
            0           88
            4          263
           12          106
           20          114
           56          114
           20          245
           48          106
           12          237
           56          245
           48          237
           65           89
            1           89
           65          260
           67           91
           67          262
            1          260
            3           91
            3          262
           66           90
            2           90
           66          261
            2          261
           13          107
           55          113
           19          113
           49          107
           55          244
           13          238
           19          244
           49          238
           14          108
           18          112
           54          112
           50          108
           18          243
           14          239
           50          239
           54          243
           53          111
           15          109
           51          109
           17          111
           53          242
           17          242
           15          240
           51          240
           52          110
           16          110
           52          241
           16          241
           29          114
           21          106
           47          114
           39          106
           29          245
           21          237
           47          245
           39          237
           30          106
           38          114
           38          245
           30          237
           22          107
           28          113
           46          113
           22          238
           40          107
           28          244
           40          238
           46          244
           11           93
            5          258
            5           87
           11          264
           57           87
           57          258
           63          264
           63           93
           41          108
           23          108
           45          112
           27          112
           23          239
           41          239
           27          243
           45          243
           24          109
           42          109
           44          111
           26          111
           24          240
           44          242
           42          240
           26          242
           43          110
           25          110
           43          241
           25          241
           31          107
           37          113
           37          244
           31          238
           32          108
           36          112
           32          239
           36          243
           33          109
           35          111
           33          240
           35          242
           34          110
           34          241
           10           92
           10          263
            6          259
           62           92
            6           88
           62          263
           58          259
           58           88
            9           91
            7           89
            9          262
           59           89
           59          260
           61          262
            7          260
           61           91
           60           90
            8           90
            8          261
           60          261
           12          257
           20          265
           12           86
           20           94
           56          265
           56           94
           48          257
           48           86
           64          279
           68          283
            0          279
            4          283
           64           68
           68           72
            0           68
            4           72
           65          280
           67          282
            1          280
            3          282
           67           71
           65           69
            1           69
            3           71
           66          281
            2          281
           66           70
            2           70
           19           93
           55          264
           19          264
           13          258
           55           93
           13           87
           49          258
           49           87
           29           94
           29          265
           21           86
           47           94
           47          265
           21          257
           39           86
           39          257
           18           92
           54          263
           18          263
           14          259
           14           88
           54           92
           50           88
           50          259
           38           94
           38          265
           30           86
           30          257
           53           91
           53          262
           17           91
           15           89
           51           89
           51          260
           17          262
           15          260
           52           90
           16           90
           52          261
           16          261
           22          258
           22           87
           28          264
           40          258
           40           87
           28           93
           46          264
           46           93
            5          278
           11          284
           63          284
           57          278
           57           67
            5           67
           11           73
           63           73
           31          258
           31           87
           37           93
           37          264
           23          259
           23           88
           41           88
           41          259
           45          263
           45           92
           27           92
           27          263
           24           89
           42           89
           24          260
           44           91
           44          262
           42          260
           26           91
           26          262
           25           90
           43           90
           25          261
           43          261
           36           92
           36          263
           32          259
           32           88
           33           89
           33          260
           35           91
           35          262
           34           90
           34          261
           10          283
            6          279
           62          283
           58          279
            6           68
           10           72
           58           68
           62           72
            9          282
            7          280
           61          282
           59          280
            9           71
            7           69
           59           69
           61           71
           20          285
           12          277
           56          285
           48          277
           12           66
           20           74
           48           66
           56           74
            8          281
           60          281
           60           70
            8           70
           64          299
           68          303
            0          299
            4          303
           64           48
           68           52
            4           52
            0           48
           13          278
           55          284
           19          284
           49          278
           55           73
           13           67
           19           73
           49           67
           65          300
           67          302
            1          300
            3          302
           67           51
           65           49
            1           49
            3           51
           29          285
           21          277
           47          285
           39          277
           21           66
           29           74
           47           74
           39           66
           66          301
            2          301
            2           50
           66           50
           38          285
           30          277
           30           66
           38           74
           18          283
           14          279
           50          279
           54          283
           14           68
           18           72
           54           72
           50           68
           53          282
           15          280
           17          282
           51          280
           53           71
           17           71
           51           69
           15           69
           16          281
           52          281
           52           70
           16           70
           22          278
           46          284
           28          284
           40          278
           22           67
           28           73
           46           73
           40           67
           31          278
           37          284
           37           73
           31           67
           23          279
           41          279
           45          283
           27          283
           23           68
           41           68
           27           72
           45           72
            5          298
           11          304
           63          304
           57          298
           11           53
            5           47
           63           53
           57           47
           24          280
           44          282
           42          280
           26          282
           24           69
           42           69
           44           71
           26           71
           25          281
           43          281
           25           70
           43           70
           32          279
           36          283
           32           68
           36           72
           33          280
           35          282
           33           69
           35           71
           34          281
           34           70
           62          303
            6          299
           10          303
           58          299
           10           52
            6           48
           62           52
           58           48
           12          297
           48          297
           20          305
           56          305
           20           54
           12           46
           56           54
           48           46
           61          302
            9          302
           59          300
            7          300
           61           51
            7           49
            9           51
           59           49
            8          301
           60          301
           60           50
            8           50
           19          304
           13          298
           55          304
           49          298
           55           53
           19           53
           13           47
           49           47
           64           28
            4           32
           68           32
            0           28
           64          319
            4          323
           68          323
            0          319
           29          305
           21          297
           47          305
           39          297
           29           54
           47           54
           39           46
           21           46
           67           31
           65           29
            1           29
            3           31
           65          320
           67          322
            1          320
            3          322
           30          297
           38          305
           30           46
           38           54
            2           30
           66           30
           66          321
            2          321
           50          299
           14          299
           54          303
           18          303
           18           52
           14           48
           50           48
           54           52
           53          302
           51          300
           15          300
           17          302
           51           49
           17           51
           15           49
           53           51
           16          301
           52          301
           16           50
           52           50
           28          304
           40          298
           46          304
           22          298
           46           53
           22           47
           40           47
           28           53
           37          304
           31          298
           37           53
           31           47
           23          299
           41          299
           45          303
           27          303
           41           48
           23           48
           45           52
           27           52
           24          300
           42          300
           44          302
           26          302
           24           49
           26           51
           44           51
           42           49
            5           27
           57           27
           11           33
           63           33
            5          318
           57          318
           11          324
           63          324
           32          299
           36          303
           32           48
           36           52
           43          301
           25          301
           25           50
           43           50
           33          300
           35          302
           35           51
           33           49
           34          301
           34           50
           10           32
            6           28
           62           32
           58           28
            6          319
           10          323
           62          323
           58          319
           12           26
           20           34
           56           34
           48           26
           12          317
           20          325
           56          325
           48          317
            9           31
            7           29
           61           31
           59           29
            7          320
            9          322
           61          322
           59          320
            8           30
           60           30
            8          321
           60          321
           13           27
           49           27
           19           33
           55           33
           49          318
           13          318
           19          324
           55          324
           47           34
           39           26
           29           34
           21           26
           47          325
           21          317
           39          317
           29          325
           68           12
           64            8
            0            8
            4           12
           38           34
           30           26
           38          325
           30          317
           14           28
           18           32
           50           28
           54           32
           50          319
           14          319
           54          323
           18          323
           67           11
            1            9
           65            9
            3           11
           66           10
            2           10
           53           31
           51           29
           17           31
           15           29
           53          322
           17          322
           51          320
           15          320
           16           30
           52           30
           52          321
           16          321
           22           27
           40           27
           46           33
           28           33
           22          318
           40          318
           28          324
           46          324
           31           27
           37           33
           31          318
           37          324
           41           28
           45           32
           27           32
           23           28
           23          319
           27          323
           45          323
           41          319
           44           31
           24           29
           42           29
           24          320
           44          322
           26           31
           42          320
           26          322
           36           32
           32           28
           36          323
           32          319
           25           30
           43           30
           25          321
           43          321
           57            7
           63           13
            5            7
           11           13
           35           31
           33           29
           33          320
           35          322
           34           30
           34          321
           10           12
           62           12
            6            8
           58            8
           12            6
           56           14
           48            6
           20           14
            9           11
            7            9
           59            9
           61           11
            8           10
           60           10
           19           13
           55           13
           49            7
           13            7
           21            6
           39            6
           29           14
           47           14
           30            6
           38           14
           18           12
           54           12
           50            8
           14            8
           53           11
           15            9
           17           11
           51            9
           52           10
           16           10
           46           13
           22            7
           28           13
           40            7
           37           13
           31            7
           41            8
           23            8
           45           12
           27           12
           44           11
           24            9
           42            9
           26           11
           32            8
           36           12
           43           10
           25           10
           33            9
           35           11
           34           10

                            End of Section: Matrices                            

################################################################################

                              End of Output File.                              

################################################################################
