################################################################################

            Output File for HFS, the Hartree-Fock Stability Program            
                              Author: Evan Curtin                              
             Institution: University of Illinois @ Urbana-Champaign             
                          email: ecurtin2@illinois.edu                          
                       Built on Oct 21 2016, at 17:11:28                       

################################################################################

                Computation Started : Fri Oct 21 17:56:59 2016
                
                Computation Finished: Fri Oct 21 17:57:09 2016
                
                     Total Elapsed Time = 9.64168 seconds.                     

--------------------------------------------------------------------------------

                                     Input                                     

--------------------------------------------------------------------------------

Nk = 18
ndim = 2
rs = 1.200000000000000

                             End of Section: Input                             

--------------------------------------------------------------------------------

                                     Output                                     

--------------------------------------------------------------------------------

deltaK = 0.277296776935901
kf = 1.178511301977579
kmax = 2.357022603955159
Nocc = 52
Nvir = 237
Nexc = 524
ground_state_degeneracy = 8
dav_its = 14
num_guess_evecs = 80
Dav_blocksize = 20
Dav_Num_evals = 8
Dav_time = 8.057729811000000
Mv_time = 0.007668301000000
Davidson Tolerance = 1.00e-08
Dav_minits = 5
Dav_maxits = 30
Dav_maxsubsize = 3000
Davidson_Stopping_Criteria = All Requested Eigenvalue Norms Converged
full_diag_min = 0.023249265525500
full_diag_time = 1.582013467000000

                             End of Section: Output                             

--------------------------------------------------------------------------------

                                    Vectors                                    

--------------------------------------------------------------------------------

Occ Energies: 52
-0.155854537404524
-0.287200998921333
-0.287200998921333
-0.155854537404523
-0.273642223121217
-0.539720572900354
-0.665040463585817
-0.665040463585817
-0.539720572900354
-0.273642223121217
-0.155854537404523
-0.539720572900354
-0.782962396319805
-0.901047058233237
-0.901047058233237
-0.782962396319805
-0.539720572900354
-0.155854537404523
-0.287200998921333
-0.665040463585817
-0.901047058233237
-1.016255424975002
-1.016255424975002
-0.901047058233237
-0.665040463585817
-0.287200998921332
-0.287200998921333
-0.665040463585817
-0.901047058233237
-1.016255424975002
-1.016255424975002
-0.901047058233237
-0.665040463585817
-0.287200998921333
-0.155854537404524
-0.539720572900354
-0.782962396319805
-0.901047058233237
-0.901047058233237
-0.782962396319805
-0.539720572900354
-0.155854537404523
-0.273642223121217
-0.539720572900354
-0.665040463585817
-0.665040463585817
-0.539720572900354
-0.273642223121217
-0.155854537404523
-0.287200998921332
-0.287200998921332
-0.155854537404523
Vir Energies: 237
5.294175214471373
4.675601483888610
4.127183815975368
3.650143130057632
3.246762050835764
2.920021301173320
2.672592651686744
2.506250108072120
2.422599083336790
2.422599083336790
2.506250108072120
2.672592651686744
2.920021301173320
3.246762050835764
3.650143130057631
4.127183815975367
4.675601483888610
4.675601483888610
4.056830575654928
3.507812399928911
3.029750980714434
2.624931096525623
2.296448567473078
2.047209762823572
1.879322518173430
1.794776984116257
1.794776984116257
1.879322518173430
2.047209762823572
2.296448567473078
2.624931096525622
3.029750980714434
3.507812399928910
4.056830575654928
4.127183815975368
3.507812399928911
2.956955753471399
2.475733024241197
2.066372365329576
1.732228242604998
1.476870443564147
1.303595996458509
1.215907520298481
1.215907520298481
1.303595996458509
1.476870443564147
1.732228242604998
2.066372365329576
2.475733024241197
2.956955753471398
3.507812399928911
3.650143130057631
3.029750980714434
2.475733024241197
1.988939428026077
1.571301793416552
1.226199345370021
0.957784044952444
0.772013665830174
0.677124185275811
0.677124185275811
0.772013665830174
0.957784044952443
1.226199345370021
1.571301793416552
1.988939428026077
2.475733024241197
3.029750980714434
3.246762050835764
2.624931096525623
2.066372365329576
1.571301793416552
1.140707113480933
0.776809745904706
0.481376337955697
0.261682669824886
0.151063147748023
0.151063147748023
0.261682669824886
0.481376337955697
0.776809745904706
1.140707113480932
1.571301793416552
2.066372365329575
2.624931096525623
2.920021301173320
2.296448567473078
1.732228242604998
1.226199345370021
0.776809745904706
0.382014075768400
0.035617134776696
0.035617134776695
0.382014075768400
0.776809745904706
1.226199345370021
1.732228242604997
2.296448567473078
2.672592651686744
2.047209762823572
1.476870443564147
0.957784044952443
0.481376337955697
0.035617134776696
0.035617134776696
0.481376337955697
0.957784044952443
1.476870443564146
2.047209762823572
2.506250108072120
1.879322518173430
1.303595996458509
0.772013665830174
0.261682669824887
0.261682669824886
0.772013665830174
1.303595996458508
1.879322518173430
2.422599083336790
1.794776984116257
1.215907520298481
0.677124185275811
0.151063147748023
0.151063147748023
0.677124185275811
1.215907520298480
1.794776984116257
2.422599083336790
1.794776984116257
1.215907520298481
0.677124185275811
0.151063147748023
0.151063147748023
0.677124185275811
1.215907520298480
1.794776984116257
2.506250108072120
1.879322518173430
1.303595996458509
0.772013665830174
0.261682669824886
0.261682669824886
0.772013665830174
1.303595996458508
1.879322518173430
2.672592651686744
2.047209762823572
1.476870443564147
0.957784044952443
0.481376337955697
0.035617134776696
0.035617134776696
0.481376337955697
0.957784044952444
1.476870443564146
2.047209762823572
2.920021301173320
2.296448567473078
1.732228242604998
1.226199345370021
0.776809745904706
0.382014075768400
0.035617134776696
0.035617134776696
0.382014075768400
0.776809745904706
1.226199345370021
1.732228242604997
2.296448567473078
3.246762050835764
2.624931096525622
2.066372365329576
1.571301793416552
1.140707113480932
0.776809745904706
0.481376337955697
0.261682669824886
0.151063147748022
0.151063147748023
0.261682669824886
0.481376337955697
0.776809745904706
1.140707113480932
1.571301793416552
2.066372365329575
2.624931096525622
3.650143130057631
3.029750980714434
2.475733024241198
1.988939428026077
1.571301793416552
1.226199345370021
0.957784044952443
0.772013665830174
0.677124185275811
0.677124185275811
0.772013665830174
0.957784044952443
1.226199345370020
1.571301793416552
1.988939428026077
2.475733024241197
3.029750980714434
4.127183815975367
3.507812399928910
2.956955753471398
2.475733024241197
2.066372365329575
1.732228242604997
1.476870443564146
1.303595996458508
1.215907520298480
1.215907520298480
1.303595996458508
1.476870443564146
1.732228242604997
2.066372365329575
2.475733024241197
2.956955753471398
3.507812399928910
4.675601483888610
4.056830575654928
3.507812399928911
3.029750980714434
2.624931096525623
2.296448567473078
2.047209762823572
1.879322518173430
1.794776984116257
1.794776984116257
1.879322518173430
2.047209762823572
2.296448567473078
2.624931096525622
3.029750980714434
3.507812399928910
4.056830575654928
Excitation Energies: 524
0.191471672181219
0.191471672181219
0.191471672181219
0.191471672181219
0.191471672181219
0.191471672181219
0.191471672181219
0.191471672181219
0.309259357897912
0.309259357897913
0.309259357897913
0.309259357897913
0.309259357897913
0.309259357897913
0.309259357897913
0.309259357897913
0.322818133698028
0.322818133698028
0.322818133698028
0.322818133698028
0.322818133698028
0.322818133698028
0.322818133698028
0.322818133698028
0.417537207229409
0.417537207229409
0.417537207229409
0.417537207229409
0.417537207229410
0.417537207229410
0.417537207229410
0.417537207229410
0.438264146669355
0.438264146669355
0.438264146669355
0.438264146669355
0.438264146669355
0.438264146669355
0.438264146669355
0.438264146669356
0.537868613172923
0.537868613172923
0.537868613172923
0.537868613172924
0.537868613172924
0.537868613172924
0.537868613172924
0.537868613172924
0.575337707677049
0.575337707677049
0.575337707677050
0.575337707677050
0.575337707677050
0.575337707677050
0.575337707677050
0.575337707677050
0.669215074689732
0.669215074689733
0.669215074689733
0.669215074689733
0.669215074689733
0.669215074689733
0.669215074689733
0.669215074689733
0.700657598362513
0.700657598362513
0.700657598362513
0.700657598362513
0.700657598362513
0.700657598362513
0.700657598362513
0.700657598362513
0.755018561076914
0.755018561076914
0.755018561076914
0.755018561076914
0.755018561076914
0.755018561076914
0.755018561076914
0.755018561076914
0.801403242725240
0.801403242725240
0.801403242725240
0.801403242725240
0.801403242725240
0.801403242725240
0.801403242725240
0.801403242725240
0.816103611333840
0.816103611333840
0.816103611333840
0.816103611333840
0.816103611333840
0.816103611333840
0.816103611333840
0.816103611333840
0.927868203234697
0.927868203234698
0.927868203234698
0.927868203234698
0.927868203234698
0.927868203234698
0.927868203234698
0.927868203234698
0.932664283309229
0.932664283309229
0.932664283309229
0.932664283309229
0.932664283309230
0.932664283309230
0.932664283309230
0.932664283309230
0.964325184197143
0.964325184197143
0.964325184197143
0.964325184197143
0.964325184197143
0.964325184197143
0.964325184197143
0.964325184197144
1.021096910856051
1.021096910856051
1.021096910856051
1.021096910856051
1.021096910856051
1.021096910856051
1.021096910856051
1.021096910856051
1.044645066144691
1.044645066144691
1.044645066144691
1.044645066144691
1.044645066144691
1.044645066144691
1.044645066144691
1.044645066144692
1.052110205981259
1.052110205981259
1.052110205981259
1.052110205981259
1.052110205981259
1.052110205981259
1.052110205981259
1.052110205981260
1.064010744826038
1.064010744826038
1.064010744826038
1.064010744826038
1.064010744826039
1.064010744826039
1.064010744826039
1.064010744826039
1.146416801541514
1.146416801541514
1.146416801541514
1.146416801541514
1.146416801541514
1.146416801541514
1.146416801541514
1.146416801541514
1.162729728058122
1.162729728058122
1.162729728058123
1.162729728058123
1.162729728058123
1.162729728058123
1.162729728058123
1.162729728058123
1.167318572723024
1.167318572723024
1.167318572723025
1.167318572723025
1.167318572723025
1.167318572723025
1.167318572723025
1.167318572723025
1.231426268073660
1.231426268073660
1.231426268073661
1.231426268073661
1.231426268073661
1.231426268073661
1.231426268073661
1.231426268073661
1.311734238730528
1.311734238730528
1.311734238730528
1.311734238730528
1.311734238730528
1.311734238730528
1.311734238730528
1.311734238730528
1.342164648861628
1.342164648861628
1.342164648861628
1.342164648861628
1.342164648861628
1.342164648861628
1.342164648861628
1.342164648861628
1.382053882774544
1.382053882774544
1.382053882774544
1.382053882774544
1.382053882774544
1.382053882774544
1.382053882774544
1.382053882774545
1.459450533863031
1.459450533863031
1.459450533863031
1.459450533863031
1.459450533863032
1.459450533863032
1.459450533863032
1.459450533863032
1.497504617852797
1.497504617852797
1.497504617852797
1.497504617852797
1.497504617852797
1.497504617852798
1.497504617852798
1.497504617852798
1.503108519219812
1.503108519219812
1.503108519219813
1.503108519219813
1.503108519219813
1.503108519219813
1.503108519219814
1.503108519219814
1.513400344291353
1.513400344291353
1.513400344291353
1.513400344291353
1.513400344291353
1.513400344291353
1.513400344291354
1.513400344291354
1.554976062149979
1.554976062149979
1.554976062149979
1.554976062149979
1.554976062149979
1.554976062149979
1.554976062149979
1.554976062149980
1.578171243509047
1.578171243509047
1.578171243509047
1.578171243509047
1.578171243509047
1.578171243509047
1.578171243509048
1.578171243509048
1.622824508538260
1.622824508538260
1.622824508538260
1.622824508538260
1.622824508538261
1.622824508538261
1.622824508538261
1.622824508538261
1.673060724063411
1.673060724063411
1.673060724063411
1.673060724063411
1.673060724063411
1.673060724063411
1.673060724063411
1.673060724063411
1.693379610250813
1.693379610250813
1.693379610250813
1.693379610250813
1.693379610250813
1.693379610250813
1.693379610250813
1.693379610250813
1.750512666685363
1.750512666685363
1.750512666685363
1.750512666685364
1.750512666685364
1.750512666685364
1.750512666685364
1.750512666685365
1.843316569358862
1.843316569358862
1.843316569358862
1.843316569358862
1.843316569358862
1.843316569358863
1.843316569358863
1.843316569358863
1.880947983884297
1.880947983884297
1.880947983884297
1.880947983884297
1.880947983884298
1.880947983884298
1.880947983884298
1.880947983884298
1.888082780009520
1.888082780009520
1.888082780009520
1.888082780009520
1.888082780009521
1.888082780009521
1.888082780009521
1.888082780009522
2.016591016464500
2.016591016464500
2.016591016464500
2.016591016464500
2.016591016464501
2.016591016464501
2.016591016464501
2.016591016464501
2.019429241526329
2.019429241526329
2.019429241526329
2.019429241526329
2.019429241526330
2.019429241526330
2.019429241526331
2.019429241526331
2.035177055577953
2.035177055577953
2.035177055577953
2.035177055577953
2.035177055577954
2.035177055577954
2.035177055577954
2.035177055577954
2.081977983037589
2.081977983037589
2.081977983037590
2.081977983037590
2.081977983037590
2.081977983037590
2.081977983037590
2.081977983037590
2.086558392778312
2.086558392778313
2.086558392778313
2.086558392778313
2.086558392778313
2.086558392778314
2.086558392778314
2.086558392778314
2.116954578531717
2.116954578531717
2.116954578531717
2.116954578531717
2.116954578531718
2.116954578531718
2.116954578531718
2.116954578531718
2.141910907149963
2.141910907149963
2.141910907149963
2.141910907149963
2.141910907149964
2.141910907149964
2.141910907149964
2.141910907149964
2.204643054691744
2.204643054691744
2.204643054691744
2.204643054691745
2.204643054691745
2.204643054691745
2.204643054691745
2.204643054691746
2.232162945273482
2.232162945273482
2.232162945273482
2.232162945273482
2.232162945273483
2.232162945273483
2.232162945273484
2.232162945273484
2.320851985944789
2.320851985944789
2.320851985944789
2.320851985944789
2.320851985944789
2.320851985944789
2.320851985944789
2.320851985944789
2.419043091073784
2.419043091073784
2.419043091073784
2.419043091073784
2.419043091073784
2.419043091073784
2.419043091073784
2.419043091073784
2.452303104877601
2.452303104877601
2.452303104877601
2.452303104877601
2.452303104877601
2.452303104877601
2.452303104877601
2.452303104877601
2.459817447702074
2.459817447702074
2.459817447702074
2.459817447702074
2.459817447702075
2.459817447702075
2.459817447702075
2.459817447702075
2.583649566394410
2.583649566394410
2.583649566394410
2.583649566394410
2.583649566394410
2.583649566394410
2.583649566394410
2.583649566394410
2.586930335723926
2.586930335723926
2.586930335723926
2.586930335723926
2.586930335723926
2.586930335723926
2.586930335723926
2.586930335723926
2.662104645476643
2.662104645476643
2.662104645476643
2.662104645476644
2.662284914493235
2.662284914493235
2.662284914493235
2.662284914493235
2.662284914493235
2.662284914493235
2.662284914493235
2.662284914493235
2.695824042349494
2.695824042349494
2.695824042349494
2.695824042349494
2.695824042349494
2.695824042349494
2.695824042349494
2.695824042349494
2.709800082258123
2.709800082258123
2.709800082258123
2.709800082258123
2.712250226409389
2.712250226409389
2.712250226409389
2.712250226409389
2.712250226409389
2.712250226409389
2.712250226409389
2.712250226409389
2.780369576406667
2.780369576406667
2.780369576406667
2.780369576406667
2.780369576406667
2.780369576406667
2.780369576406667
2.780369576406667
2.811032409091259
2.811032409091259
2.811032409091260
2.811032409091260
2.811032409091260
2.811032409091260
2.811032409091260
2.811032409091260
2.946234874807961
2.946234874807961
2.946234874807961
2.946234874807961
3.045970680972474
3.045970680972474
3.045970680972474
3.045970680972474
3.075875838577844
3.075875838577844
3.075875838577844
3.075875838577844
3.087639546922607
3.087639546922607
3.087639546922607
3.087639546922607
3.207222300094653
3.207222300094653
3.207222300094653
3.207222300094653
3.212313224587098
3.212313224587098
3.212313224587098
3.212313224587098
3.289212504391925
3.289212504391925
3.289212504391925
3.289212504391925
3.323646141570027
3.323646141570027
3.323646141570027
3.323646141570027
3.337633115272561
3.337633115272561
3.337633115272561
3.337633115272562
3.407297166305356
3.407297166305357
3.407297166305357
3.407297166305357
3.438854508311792
3.438854508311792
3.438854508311793
3.438854508311793
Kgrid: 18
-2.357022603955159
-2.079725827019257
-1.802429050083357
-1.525132273147455
-1.247835496211555
-0.970538719275654
-0.693241942339752
-0.415945165403852
-0.138648388467951
0.138648388467951
0.415945165403851
0.693241942339752
0.970538719275654
1.247835496211554
1.525132273147455
1.802429050083356
2.079725827019257
2.357022603955159
Davidson lowest eigenvalues at each iteration: 14
0.153859183256430
0.106668035027260
0.041718972469811
0.038608885087443
0.038591881422694
0.025647170515586
0.023537242099369
0.023251581482972
0.023249358652553
0.023249267058246
0.023249265539934
0.023249265525627
0.023249265525503
0.023249265525503
DavVals: 112
0.153859183256430
0.153859183256430
0.173838806542469
0.173838806542469
0.192186752793412
0.192186752793412
0.193109719540243
0.193109719540243
0.106668035027260
0.106668035027260
0.112778857418986
0.112778857418986
0.152111653672515
0.152111653672516
0.187950392500250
0.187950392500250
0.041718972469811
0.041718972469811
0.107874091091746
0.107874091091746
0.128657388779435
0.128657388779435
0.142957780129210
0.142957780129210
0.038608885087443
0.038608889941884
0.107874091091746
0.107874091091746
0.120642744662748
0.120642773413842
0.133014052704447
0.142861400442335
0.038591881422694
0.038591881464421
0.041224778933392
0.107874091091746
0.107874091091746
0.120595474287287
0.120595474819268
0.142861072293135
0.025647170515586
0.038591852157202
0.038591852172719
0.063175289416636
0.107874091091746
0.107874091091746
0.120595353028012
0.120595353064532
0.023537242099369
0.026028104641997
0.038591852139712
0.038591852142771
0.107874091091746
0.107874091091746
0.120595352155964
0.120595352158629
0.023251581482972
0.023538234447893
0.038591852139664
0.038591852139687
0.107874091091746
0.107874091091747
0.120595352142304
0.120595352142318
0.023249358652553
0.023251898077684
0.038591852139658
0.038591852139661
0.107874091091746
0.107874091091746
0.120595352142235
0.120595352142237
0.023249267058246
0.023249315863103
0.038591852139657
0.038591852139657
0.107874091091746
0.107874091091746
0.120595352142234
0.120595352142235
0.023249265539934
0.023249266161710
0.038591852139657
0.038591852139657
0.107874091091746
0.107874091091746
0.120595352142234
0.120595352142235
0.023249265525627
0.023249265531146
0.038591852139657
0.038591852139657
0.107874091091746
0.107874091091746
0.120595352142234
0.120595352142235
0.023249265525503
0.023249265525546
0.038591852139657
0.038591852139658
0.107874091091746
0.107874091091746
0.120595352142235
0.120595352142235
0.023249265525503
0.023249265525503
0.038591852139658
0.038591852139658
0.107874091091746
0.107874091091747
0.120595352142234
0.120595352142235
Davidson Times Per Iteration: 14
0.942463752000000
0.495168989000000
0.510685770000000
0.507563935000000
0.468131797000000
0.499341558000000
0.501693906000000
0.521255502000000
0.528978340000000
0.525826433000000
0.519946891000000
0.509415755000000
0.506053909000000
0.512576711000000

                            End of Section: Vectors                            

--------------------------------------------------------------------------------

                                    Matrices                                    

--------------------------------------------------------------------------------

Occupied States: 52 x 2
         5         7
         5         8
         5         9
         5        10
         6         6
         6         7
         6         8
         6         9
         6        10
         6        11
         7         5
         7         6
         7         7
         7         8
         7         9
         7        10
         7        11
         7        12
         8         5
         8         6
         8         7
         8         8
         8         9
         8        10
         8        11
         8        12
         9         5
         9         6
         9         7
         9         8
         9         9
         9        10
         9        11
         9        12
        10         5
        10         6
        10         7
        10         8
        10         9
        10        10
        10        11
        10        12
        11         6
        11         7
        11         8
        11         9
        11        10
        11        11
        12         7
        12         8
        12         9
        12        10
Virtual States: 237 x 2
         0         0
         0         1
         0         2
         0         3
         0         4
         0         5
         0         6
         0         7
         0         8
         0         9
         0        10
         0        11
         0        12
         0        13
         0        14
         0        15
         0        16
         1         0
         1         1
         1         2
         1         3
         1         4
         1         5
         1         6
         1         7
         1         8
         1         9
         1        10
         1        11
         1        12
         1        13
         1        14
         1        15
         1        16
         2         0
         2         1
         2         2
         2         3
         2         4
         2         5
         2         6
         2         7
         2         8
         2         9
         2        10
         2        11
         2        12
         2        13
         2        14
         2        15
         2        16
         3         0
         3         1
         3         2
         3         3
         3         4
         3         5
         3         6
         3         7
         3         8
         3         9
         3        10
         3        11
         3        12
         3        13
         3        14
         3        15
         3        16
         4         0
         4         1
         4         2
         4         3
         4         4
         4         5
         4         6
         4         7
         4         8
         4         9
         4        10
         4        11
         4        12
         4        13
         4        14
         4        15
         4        16
         5         0
         5         1
         5         2
         5         3
         5         4
         5         5
         5         6
         5        11
         5        12
         5        13
         5        14
         5        15
         5        16
         6         0
         6         1
         6         2
         6         3
         6         4
         6         5
         6        12
         6        13
         6        14
         6        15
         6        16
         7         0
         7         1
         7         2
         7         3
         7         4
         7        13
         7        14
         7        15
         7        16
         8         0
         8         1
         8         2
         8         3
         8         4
         8        13
         8        14
         8        15
         8        16
         9         0
         9         1
         9         2
         9         3
         9         4
         9        13
         9        14
         9        15
         9        16
        10         0
        10         1
        10         2
        10         3
        10         4
        10        13
        10        14
        10        15
        10        16
        11         0
        11         1
        11         2
        11         3
        11         4
        11         5
        11        12
        11        13
        11        14
        11        15
        11        16
        12         0
        12         1
        12         2
        12         3
        12         4
        12         5
        12         6
        12        11
        12        12
        12        13
        12        14
        12        15
        12        16
        13         0
        13         1
        13         2
        13         3
        13         4
        13         5
        13         6
        13         7
        13         8
        13         9
        13        10
        13        11
        13        12
        13        13
        13        14
        13        15
        13        16
        14         0
        14         1
        14         2
        14         3
        14         4
        14         5
        14         6
        14         7
        14         8
        14         9
        14        10
        14        11
        14        12
        14        13
        14        14
        14        15
        14        16
        15         0
        15         1
        15         2
        15         3
        15         4
        15         5
        15         6
        15         7
        15         8
        15         9
        15        10
        15        11
        15        12
        15        13
        15        14
        15        15
        15        16
        16         0
        16         1
        16         2
        16         3
        16         4
        16         5
        16         6
        16         7
        16         8
        16         9
        16        10
        16        11
        16        12
        16        13
        16        14
        16        15
        16        16
Excitations: 524 x 2
           17          104
           10          103
           17          151
           10          150
           41          104
           34          103
           41          151
           34          150
           47           92
           42           91
            9           92
           42          162
           47          163
            4           91
            4          162
            9          163
           25          104
           25          151
           33          104
           26          103
           18          103
           33          151
           18          150
           26          150
           48          176
           51          179
            3          179
            0          176
           48           75
           51           78
            3           78
            0           75
           49          177
           50          178
            1          177
           50           77
           49           76
            2          178
            1           76
            2           77
           17           93
           10           90
           41           93
           10          161
           34           90
           17          164
           41          164
           34          161
           40           92
           11           91
           16           92
           11          162
           40          163
           35           91
           16          163
           35          162
           25           93
           33           93
           26           90
           18           90
           25          164
           26          161
           18          161
           33          164
           24           92
           32           92
           19           91
           27           91
           19          162
           24          163
           27          162
           32          163
           47          180
            9          180
           42          175
           47           79
           42           74
            4          175
            4           74
            9           79
            5          176
            8          179
           46          179
           43          176
            5           75
            8           78
           46           78
           43           75
           44          177
            6          177
            7          178
           45          178
            7           77
           45           77
            6           76
           44           76
           48          193
           48           58
            3          196
           51          196
            0          193
           51           61
            3           61
            0           58
           10          174
           17          181
           41          181
           34          174
           10           73
           17           80
           41           80
           34           73
           49          194
           50          195
            1          194
           49           59
           50           60
            2          195
            1           59
            2           60
           40          180
           11          175
           16          180
           11           74
           16           79
           35          175
           40           79
           35           74
           12          176
           36          176
           39          179
           15          179
           12           75
           39           78
           36           75
           15           78
           13          177
           14          178
           37          177
           13           76
           38           77
           38          178
           14           77
           37           76
           25          181
           18          174
           26          174
           33          181
           25           80
           18           73
           26           73
           33           80
           32          180
           19          175
           24          180
           24           79
           27          175
           19           74
           32           79
           27           74
           20          176
           23          179
           23           78
           31          179
           28          176
           20           75
           31           78
           28           75
           21          177
           22          178
           22           77
           21           76
           30          178
           29          177
           29           76
           30           77
           47           62
           47          197
            9          197
           42          192
            4          192
            9           62
           42           57
            4           57
            5          193
            5           58
           43          193
           46          196
            8          196
           43           58
           46           61
            8           61
            6          194
            6           59
            7           60
           44          194
           45           60
           44           59
           45          195
            7          195
           17          198
           41          198
           10           56
           10          191
           34          191
           17           63
           41           63
           34           56
           48          210
           51          213
            3          213
            0          210
           48           41
           51           44
            3           44
            0           41
           40           62
           11          192
           40          197
           16          197
           11           57
           16           62
           35          192
           35           57
           50          212
           49          211
            1          211
            2          212
           49           42
           50           43
            2           43
            1           42
           25          198
           25           63
           33          198
           18          191
           26          191
           33           63
           26           56
           18           56
           12          193
           12           58
           36          193
           15          196
           39           61
           39          196
           36           58
           15           61
           14          195
           13          194
           13           59
           38          195
           14           60
           37          194
           38           60
           37           59
           24           62
           19          192
           24          197
           32          197
           27          192
           32           62
           19           57
           27           57
           20          193
           23          196
           28          193
           23           61
           20           58
           31          196
           31           61
           28           58
           22          195
           21          194
           21           59
           22           60
           30          195
           29          194
           30           60
           29           59
           47          214
            9          214
           42          209
            4          209
           47           45
            9           45
           42           40
            4           40
            5          210
            8          213
           46          213
           43          210
            5           41
            8           44
           46           44
           43           41
           44          211
           45          212
            7          212
            6          211
            6           42
            7           43
           45           43
           44           42
           17          215
           10          208
           41          215
           34          208
           10           39
           41           46
           17           46
           34           39
           11          209
           40          214
           16          214
           35          209
           11           40
           16           45
           40           45
           35           40
           33          215
           25          215
           26          208
           18          208
           33           46
           25           46
           18           39
           26           39
            3           27
            3          230
           51           27
           51          230
            0           24
           48          227
            0          227
           48           24
           49          228
           50          229
            2          229
           49           25
            1          228
           50           26
            1           25
            2           26
           12          210
           36          210
           39          213
           12           41
           15          213
           36           41
           39           44
           15           44
           13          211
           14          212
           38          212
           37          211
           13           42
           14           43
           37           42
           38           43
           32          214
           19          209
           24          214
           27          209
           19           40
           32           45
           27           40
           24           45
           31          213
           23          213
           20          210
           28          210
           31           44
           23           44
           20           41
           28           41
           21          211
           22          212
           30          212
           29          211
           21           42
           22           43
           29           42
           30           43
           47          231
           47           28
            9          231
           42          226
            4           23
            4          226
            9           28
           42           23
            8          230
            8           27
           46           27
           46          230
            5           24
           43           24
            5          227
           43          227
           17          232
           17           29
           10           22
           10          225
           34           22
           34          225
           41          232
           41           29
            7          229
           45          229
           44          228
            6          228
           44           25
            7           26
           45           26
            6           25
           25           29
           25          232
           26           22
           33          232
           26          225
           33           29
           18          225
           18           22
           11          226
           11           23
           16           28
           16          231
           40           28
           40          231
           35          226
           35           23
           51           10
            3           10
           48            7
            0            7
           39          230
           12          227
           15           27
           12           24
           39           27
           15          230
           36          227
           36           24
           37          228
           14           26
           13           25
           13          228
           14          229
           38          229
           37           25
           38           26
           49            8
           50            9
            2            9
            1            8
           32           28
           24           28
           27           23
           32          231
           27          226
           19           23
           24          231
           19          226
           31           27
           20          227
           20           24
           23          230
           23           27
           31          230
           28           24
           28          227
           22          229
           21          228
           22           26
           29           25
           29          228
           21           25
           30          229
           30           26
           47           11
           42            6
            9           11
            4            6
            8           10
           46           10
            5            7
           43            7
           41           12
           17           12
           10            5
           34            5
            7            9
           44            8
           45            9
            6            8
           18            5
           26            5
           33           12
           25           12
           40           11
           11            6
           35            6
           16           11
           12            7
           15           10
           39           10
           36            7
           14            9
           37            8
           38            9
           13            8
           24           11
           32           11
           19            6
           27            6
           23           10
           31           10
           20            7
           28            7
           22            9
           21            8
           29            8
           30            9

                            End of Section: Matrices                            

################################################################################

                              End of Output File.                              

################################################################################
