################################################################################

            Output File for HFS, the Hartree-Fock Stability Program            
                              Author: Evan Curtin                              
             Institution: University of Illinois @ Urbana-Champaign             
                          email: ecurtin2@illinois.edu                          
                       Built on Oct 21 2016, at 17:11:28                       

################################################################################

                Computation Started : Fri Oct 21 17:56:58 2016
                
                Computation Finished: Fri Oct 21 17:57:01 2016
                
                     Total Elapsed Time = 3.14992 seconds.                     

--------------------------------------------------------------------------------

                                     Input                                     

--------------------------------------------------------------------------------

Nk = 15
ndim = 2
rs = 1.200000000000000

                             End of Section: Input                             

--------------------------------------------------------------------------------

                                     Output                                     

--------------------------------------------------------------------------------

deltaK = 0.336717514850737
kf = 1.178511301977579
kmax = 2.357022603955159
Nocc = 37
Nvir = 159
Nexc = 303
ground_state_degeneracy = 8
dav_its = 11
num_guess_evecs = 80
Dav_blocksize = 20
Dav_Num_evals = 8
Dav_time = 2.821028881000000
Mv_time = 0.003361013000000
Davidson Tolerance = 1.00e-08
Dav_minits = 5
Dav_maxits = 30
Dav_maxsubsize = 3000
Davidson_Stopping_Criteria = All Norms in Block Converged
full_diag_min = 0.029702465656454
full_diag_time = 0.327788022000000

                             End of Section: Output                             

--------------------------------------------------------------------------------

                                    Vectors                                    

--------------------------------------------------------------------------------

Occ Energies: 37
-0.115034866884205
-0.214317485921489
-0.115034866884205
-0.276761970142527
-0.561256096839478
-0.652712128164350
-0.561256096839478
-0.276761970142527
-0.115034866884205
-0.561256096839478
-0.818970569831775
-0.903306675107902
-0.818970569831775
-0.561256096839478
-0.115034866884205
-0.214317485921489
-0.652712128164349
-0.903306675107902
-0.985685626935261
-0.903306675107902
-0.652712128164350
-0.214317485921489
-0.115034866884205
-0.561256096839478
-0.818970569831775
-0.903306675107902
-0.818970569831775
-0.561256096839478
-0.115034866884205
-0.276761970142527
-0.561256096839478
-0.652712128164350
-0.561256096839478
-0.276761970142527
-0.115034866884205
-0.214317485921489
-0.115034866884205
Vir Energies: 159
5.295426758926155
4.553305628816251
3.914468149635744
3.382659248478233
2.961906206846171
2.657572062813716
2.472947336770546
2.411000829800006
2.472947336770546
2.657572062813716
2.961906206846171
3.382659248478233
3.914468149635744
4.553305628816251
4.553305628816251
3.810767593833546
3.170650629649941
2.636651154111025
2.212829031072615
1.905067832659486
1.717548642112078
1.654452463746674
1.717548642112078
1.905067832659486
2.212829031072614
2.636651154111024
3.170650629649941
3.810767593833545
3.914468149635744
3.170650629649941
2.526571430470164
1.985635830190402
1.551689177111195
1.231662121376555
1.032851903989416
0.965204469765021
1.032851903989416
1.231662121376555
1.551689177111194
1.985635830190402
2.526571430470164
3.170650629649940
3.382659248478233
2.636651154111025
1.985635830190402
1.431976094934562
0.978317648497969
0.629432341607117
0.394582141560669
0.314289507886918
0.394582141560669
0.629432341607117
0.978317648497968
1.431976094934562
1.985635830190402
2.636651154111024
2.961906206846171
2.212829031072615
1.551689177111195
0.978317648497969
0.490552032264665
0.084571016103401
0.084571016103400
0.490552032264665
0.978317648497968
1.551689177111195
2.212829031072614
2.657572062813716
1.905067832659487
1.231662121376555
0.629432341607117
0.084571016103401
0.084571016103400
0.629432341607117
1.231662121376556
1.905067832659485
2.472947336770546
1.717548642112078
1.032851903989416
0.394582141560669
0.394582141560669
1.032851903989416
1.717548642112078
2.411000829800006
1.654452463746674
0.965204469765021
0.314289507886917
0.314289507886917
0.965204469765021
1.654452463746674
2.472947336770546
1.717548642112078
1.032851903989416
0.394582141560669
0.394582141560669
1.032851903989416
1.717548642112078
2.657572062813716
1.905067832659486
1.231662121376555
0.629432341607117
0.084571016103400
0.084571016103400
0.629432341607116
1.231662121376555
1.905067832659485
2.961906206846170
2.212829031072614
1.551689177111194
0.978317648497968
0.490552032264665
0.084571016103400
0.084571016103400
0.490552032264664
0.978317648497968
1.551689177111194
2.212829031072613
3.382659248478233
2.636651154111024
1.985635830190402
1.431976094934562
0.978317648497968
0.629432341607117
0.394582141560669
0.314289507886917
0.394582141560669
0.629432341607116
0.978317648497968
1.431976094934561
1.985635830190402
2.636651154111024
3.914468149635744
3.170650629649941
2.526571430470164
1.985635830190402
1.551689177111195
1.231662121376555
1.032851903989416
0.965204469765021
1.032851903989416
1.231662121376555
1.551689177111194
1.985635830190402
2.526571430470164
3.170650629649939
4.553305628816251
3.810767593833545
3.170650629649940
2.636651154111024
2.212829031072614
1.905067832659485
1.717548642112078
1.654452463746674
1.717548642112078
1.905067832659485
2.212829031072614
2.636651154111024
3.170650629649939
3.810767593833544
Excitation Energies: 303
0.199605882987605
0.199605882987605
0.199605882987605
0.199605882987605
0.199605882987605
0.199605882987605
0.199605882987605
0.199605882987605
0.298888502024889
0.298888502024889
0.298888502024889
0.298888502024889
0.361332986245927
0.361332986245927
0.361332986245927
0.361332986245927
0.361332986245927
0.361332986245928
0.361332986245928
0.361332986245928
0.509617008444873
0.509617008444873
0.509617008444874
0.509617008444874
0.509617008444874
0.509617008444874
0.509617008444874
0.509617008444874
0.528606993808406
0.528606993808406
0.528606993808406
0.528606993808407
0.605586899148869
0.605586899148869
0.605586899148869
0.605586899148869
0.605586899148870
0.605586899148870
0.605586899148870
0.605586899148870
0.645827112942878
0.645827112942878
0.645827112942878
0.645827112942878
0.645827112942878
0.645827112942878
0.645827112942878
0.645827112942878
0.704869518186153
0.704869518186154
0.704869518186154
0.704869518186154
0.737283144267750
0.737283144267750
0.737283144267750
0.737283144267750
0.906194311749644
0.906194311749644
0.906194311749644
0.906194311749644
0.906194311749644
0.906194311749644
0.906194311749644
0.906194311749644
0.955838238400146
0.955838238400146
0.955838238400146
0.955838238400147
0.955838238400147
0.955838238400147
0.955838238400147
0.955838238400147
0.967001636051266
0.967001636051267
0.967001636051267
0.967001636051267
1.093352515382173
1.093352515382173
1.093352515382173
1.093352515382173
1.093352515382173
1.093352515382173
1.093352515382173
1.093352515382173
1.147886770873620
1.147886770873620
1.147886770873620
1.147886770873620
1.147886770873621
1.147886770873621
1.147886770873621
1.147886770873621
1.179521955686510
1.179521955686510
1.179521955686510
1.179521955686510
1.190688438446594
1.190688438446594
1.190688438446594
1.190688438446594
1.190688438446595
1.190688438446595
1.190688438446595
1.190688438446595
1.192635134419457
1.192635134419457
1.192635134419457
1.192635134419457
1.213552711392443
1.213552711392443
1.213552711392443
1.213552711392444
1.213552711392444
1.213552711392444
1.213552711392444
1.213552711392444
1.217596182994819
1.217596182994819
1.217596182994819
1.217596182994820
1.282144469771466
1.282144469771466
1.282144469771467
1.282144469771467
1.297888816668570
1.297888816668571
1.297888816668571
1.297888816668571
1.299975134822178
1.299975134822179
1.508424091519082
1.508424091519082
1.508424091519082
1.508424091519082
1.508424091519082
1.508424091519082
1.508424091519082
1.508424091519083
1.594108000828893
1.594108000828893
1.594108000828893
1.594108000828893
1.594108000828894
1.594108000828894
1.594108000828894
1.594108000828894
1.617916597929370
1.617916597929371
1.617916597929371
1.617916597929371
1.666724043995399
1.666724043995399
1.666724043995399
1.666724043995399
1.666724043995399
1.666724043995399
1.666724043995399
1.666724043995399
1.766006663032683
1.766006663032683
1.766006663032683
1.766006663032683
1.792918218216033
1.792918218216033
1.792918218216033
1.792918218216033
1.792918218216033
1.792918218216033
1.792918218216033
1.792918218216033
1.832583508996282
1.832583508996282
1.832583508996283
1.832583508996283
1.832583508996283
1.832583508996283
1.832583508996283
1.832583508996283
1.851822473821190
1.851822473821190
1.851822473821191
1.851822473821191
1.851822473821191
1.851822473821191
1.851822473821191
1.851822473821191
1.868511144872923
1.868511144872923
1.868511144872923
1.868511144872923
1.868769949668162
1.868769949668163
1.868769949668163
1.868769949668164
1.884374249540905
1.884374249540905
1.884374249540905
1.884374249540905
1.936158579097318
1.936158579097318
1.936158579097318
1.936158579097318
1.950890096700282
1.950890096700282
2.181829802802012
2.181829802802012
2.181829802802012
2.181829802802013
2.181829802802013
2.181829802802013
2.181829802802013
2.181829802802014
2.278804738951555
2.278804738951555
2.278804738951556
2.278804738951556
2.278804738951556
2.278804738951556
2.278804738951556
2.278804738951556
2.307164591911023
2.307164591911024
2.307164591911024
2.307164591911024
2.327863897956818
2.327863897956818
2.327863897956818
2.327863897956819
2.327863897956819
2.327863897956819
2.327863897956819
2.327863897956820
2.427146516994102
2.427146516994103
2.427146516994103
2.427146516994104
2.466323929498963
2.466323929498963
2.466323929498963
2.466323929498963
2.466323929498964
2.466323929498964
2.466323929498964
2.466323929498964
2.536519211943852
2.536519211943852
2.536519211943852
2.536519211943852
2.536519211943853
2.536519211943853
2.536519211943853
2.536519211943853
2.557759138854575
2.557759138854576
2.557759138854576
2.557759138854577
2.557779960823835
2.557779960823835
2.557779960823836
2.557779960823836
2.587982203654751
2.587982203654751
2.587982203654751
2.587982203654751
2.620855317219980
2.620855317219980
2.620855317219981
2.620855317219981
2.625318315721495
2.625318315721495
2.640138090681935
2.640138090681936
2.934334032956243
2.934334032956243
2.934334032956243
2.934334032956243
3.034203433610024
3.034203433610024
3.034203433610024
3.034203433610024
3.063712957964356
3.063712957964356
3.076941073730375
3.076941073730375
3.076941073730376
3.076941073730376
3.176223692767659
3.176223692767659
3.218828159653194
3.218828159653194
3.218828159653194
3.218828159653194
3.291917906602321
3.291917906602321
3.291917906602321
3.291917906602321
3.310284190978066
3.310284190978066
3.314307504907908
3.314307504907908
3.376254011878448
3.376254011878448
3.396686456735267
Kgrid: 15
-2.357022603955159
-2.020305089104422
-1.683587574253685
-1.346870059402948
-1.010152544552211
-0.673435029701474
-0.336717514850737
0.000000000000000
0.336717514850737
0.673435029701474
1.010152544552211
1.346870059402947
1.683587574253685
2.020305089104421
2.357022603955159
Davidson lowest eigenvalues at each iteration: 11
0.162752742246819
0.090506354421124
0.031253544823520
0.029710294350357
0.029702472679177
0.029702465675833
0.029702465656720
0.029702465656459
0.029702465656455
0.029702465656455
0.029702465656455
DavVals: 88
0.162752742246819
0.162752742246819
0.172993671531997
0.175817717895072
0.202006763947796
0.202709649356559
0.203807826743253
0.203807826743254
0.090506354421124
0.094826757464904
0.112251256666053
0.112251256666053
0.155959018014159
0.156845515836121
0.184676022957612
0.184676022957612
0.031253544823520
0.031693193988999
0.107064995478117
0.107064995478117
0.147246956669331
0.147251802392455
0.149597048057237
0.149602844635347
0.029710294350357
0.029711008461936
0.088041129623835
0.107064995478117
0.107064995478117
0.147169305104070
0.147169320855541
0.148361439563917
0.029702472679177
0.029702488294111
0.055486196675330
0.107064995478117
0.107064995478117
0.147169137112811
0.147169137468905
0.148354981769032
0.029702465675833
0.029702467626676
0.052067304960706
0.107064995478117
0.107064995478117
0.147169137005230
0.147169137014271
0.148354960053658
0.029702465656720
0.029702465724595
0.051979265695739
0.107064995478117
0.107064995478117
0.147169137004903
0.147169137005097
0.148354959864065
0.029702465656459
0.029702465656987
0.051976868419160
0.107064995478117
0.107064995478118
0.147169137004901
0.147169137004902
0.148354959863901
0.029702465656455
0.029702465656468
0.051976768375048
0.107064995478117
0.107064995478117
0.147169137004900
0.147169137004901
0.148354959863900
0.029702465656455
0.029702465656456
0.051976768018042
0.107064995478118
0.107064995478118
0.147169137004900
0.147169137004901
0.148354959863900
0.029702465656455
0.029702465656455
0.051976768017440
0.107064995478117
0.107064995478117
0.147169137004901
0.147169137004901
0.148354959863900
Davidson Times Per Iteration: 11
0.391947454000000
0.204568833000000
0.215760892000000
0.196526815000000
0.205197338000000
0.217402917000000
0.225170212000000
0.233412427000000
0.240245802000000
0.239229569000000
0.233509933000000

                            End of Section: Vectors                            

--------------------------------------------------------------------------------

                                    Matrices                                    

--------------------------------------------------------------------------------

Occupied States: 37 x 2
         4         6
         4         7
         4         8
         5         5
         5         6
         5         7
         5         8
         5         9
         6         4
         6         5
         6         6
         6         7
         6         8
         6         9
         6        10
         7         4
         7         5
         7         6
         7         7
         7         8
         7         9
         7        10
         8         4
         8         5
         8         6
         8         7
         8         8
         8         9
         8        10
         9         5
         9         6
         9         7
         9         8
         9         9
        10         6
        10         7
        10         8
Virtual States: 159 x 2
         0         0
         0         1
         0         2
         0         3
         0         4
         0         5
         0         6
         0         7
         0         8
         0         9
         0        10
         0        11
         0        12
         0        13
         1         0
         1         1
         1         2
         1         3
         1         4
         1         5
         1         6
         1         7
         1         8
         1         9
         1        10
         1        11
         1        12
         1        13
         2         0
         2         1
         2         2
         2         3
         2         4
         2         5
         2         6
         2         7
         2         8
         2         9
         2        10
         2        11
         2        12
         2        13
         3         0
         3         1
         3         2
         3         3
         3         4
         3         5
         3         6
         3         7
         3         8
         3         9
         3        10
         3        11
         3        12
         3        13
         4         0
         4         1
         4         2
         4         3
         4         4
         4         5
         4         9
         4        10
         4        11
         4        12
         4        13
         5         0
         5         1
         5         2
         5         3
         5         4
         5        10
         5        11
         5        12
         5        13
         6         0
         6         1
         6         2
         6         3
         6        11
         6        12
         6        13
         7         0
         7         1
         7         2
         7         3
         7        11
         7        12
         7        13
         8         0
         8         1
         8         2
         8         3
         8        11
         8        12
         8        13
         9         0
         9         1
         9         2
         9         3
         9         4
         9        10
         9        11
         9        12
         9        13
        10         0
        10         1
        10         2
        10         3
        10         4
        10         5
        10         9
        10        10
        10        11
        10        12
        10        13
        11         0
        11         1
        11         2
        11         3
        11         4
        11         5
        11         6
        11         7
        11         8
        11         9
        11        10
        11        11
        11        12
        11        13
        12         0
        12         1
        12         2
        12         3
        12         4
        12         5
        12         6
        12         7
        12         8
        12         9
        12        10
        12        11
        12        12
        12        13
        13         0
        13         1
        13         2
        13         3
        13         4
        13         5
        13         6
        13         7
        13         8
        13         9
        13        10
        13        11
        13        12
        13        13
Excitations: 303 x 2
           28          102
           22          101
           14          102
            8          101
           22           71
           14           72
           28           72
            8           71
           21          102
           21           72
           15          101
           15           71
            3          111
            7          112
           29          111
            3           61
           33          112
            7           62
           29           61
           33           62
            2          125
            0          123
           36          125
           34          123
            2           50
            0           48
           36           50
           34           48
            1          124
           35          124
            1           49
           35           49
           22          110
            8          110
           28          113
           14          113
           22           60
           28           63
            8           60
           14           63
            9          111
           13          112
           23          111
           27          112
            9           61
           13           62
           23           61
           27           62
           21          113
           15          110
           21           63
           15           60
           16          111
           20          112
           16           61
           20           62
            3          122
            7          126
           33          126
           29          122
            7           51
            3           47
           33           51
           29           47
            6          125
            4          123
           32          125
           30          123
            4           48
            6           50
           30           48
           32           50
            5          124
           31          124
            5           49
           31           49
            8          121
           22          121
           28          127
           14          127
           14           52
            8           46
           22           46
           28           52
            0          137
            0           34
            2          139
            2           36
           36           36
           36          139
           34           34
           34          137
            1          138
            1           35
           35           35
           35          138
           27          126
            9          122
           23          122
           13          126
           23           47
           27           51
           13           51
            9           47
           21          127
           15          121
           21           52
           15           46
           12          125
           26          125
           10          123
           12           50
           24          123
           10           48
           26           50
           24           48
           11          124
           25          124
           11           49
           25           49
           20          126
           16          122
           20           51
           16           47
           19          125
           17          123
           19           50
           17           48
           18          124
           18           49
            7           37
            3          136
            3           33
           33           37
            7          140
           29           33
           29          136
           33          140
            6          139
            6           36
            4           34
            4          137
           32           36
           30          137
           30           34
           32          139
            5           35
            5          138
           31           35
           31          138
           22          135
           22           32
            8          135
           28           38
           14           38
           14          141
            8           32
           28          141
           15           32
           15          135
           21           38
           21          141
           13           37
           27           37
           13          140
            9          136
           27          140
            9           33
           23           33
           23          136
            2          153
            0          151
           36          153
           34          151
            0           20
            2           22
           36           22
           34           20
           12          139
           12           36
           10          137
           24           34
           26          139
           26           36
           10           34
           24          137
           11           35
           11          138
           25           35
           25          138
            1          152
           35          152
            1           21
           35           21
           16          136
           20           37
           16           33
           20          140
           17          137
           17           34
           19          139
           19           36
           18           35
           18          138
            3          150
            7          154
           29          150
            3           19
           33          154
            7           23
           29           19
           33           23
            6          153
            4          151
           32          153
           30          151
            4           20
            6           22
           32           22
           30           20
            5          152
           31          152
            5           21
           31           21
           28          155
           14          155
           22          149
            8          149
           14           24
           22           18
           28           24
            8           18
           21          155
           15          149
           21           24
           15           18
            9          150
           23          150
           27          154
           13          154
           27           23
            9           19
           23           19
           13           23
           12          153
           26          153
           10          151
           24          151
           12           22
           24           20
           26           22
           10           20
           11          152
           25          152
           11           21
           25           21
           16          150
           20          154
           16           19
           20           23
           36            8
           34            6
            0            6
            2            8
           19          153
           17          151
           17           20
           19           22
            1            7
           35            7
           18          152
           18           21
            3            5
           29            5
            7            9
           33            9
            4            6
            6            8
           30            6
           32            8
           31            7
            5            7
           22            4
            8            4
           28           10
           14           10
           15            4
           21           10
            9            5
           23            5
           13            9
           27            9
           12            8
           10            6
           24            6
           26            8
           20            9
           16            5
           11            7
           25            7
           19            8
           17            6
           18            7

                            End of Section: Matrices                            

################################################################################

                              End of Output File.                              

################################################################################
