################################################################################

            Output File for HFS, the Hartree-Fock Stability Program            
                              Author: Evan Curtin                              
             Institution: University of Illinois @ Urbana-Champaign             
                          email: ecurtin2@illinois.edu                          
                       Built on Oct 21 2016, at 17:11:28                       

################################################################################

                Computation Started : Fri Oct 21 17:56:57 2016
                
                Computation Finished: Fri Oct 21 17:56:58 2016
                
                     Total Elapsed Time = 0.266034 seconds.                     

--------------------------------------------------------------------------------

                                     Input                                     

--------------------------------------------------------------------------------

Nk = 10
ndim = 2
rs = 1.200000000000000

                             End of Section: Input                             

--------------------------------------------------------------------------------

                                     Output                                     

--------------------------------------------------------------------------------

deltaK = 0.523782800878924
kf = 1.178511301977579
kmax = 2.357022603955159
Nocc = 16
Nvir = 65
Nexc = 80
ground_state_degeneracy = 8
dav_its = 6
num_guess_evecs = 80
Dav_blocksize = 20
Dav_Num_evals = 8
Dav_time = 0.256906395000000
Mv_time = 0.000381902000000
Davidson Tolerance = 1.00e-08
Dav_minits = 5
Dav_maxits = 30
Dav_maxsubsize = 3000
Davidson_Stopping_Criteria = All Norms in Block Converged
full_diag_min = 0.077257191467642
full_diag_time = 0.008819044000000

                             End of Section: Output                             

--------------------------------------------------------------------------------

                                    Vectors                                    

--------------------------------------------------------------------------------

Occ Energies: 16
0.033538685520330
-0.349190536000032
-0.349190536000032
0.033538685520330
-0.349190536000032
-0.757636914297743
-0.757636914297743
-0.349190536000032
-0.349190536000032
-0.757636914297743
-0.757636914297742
-0.349190536000032
0.033538685520330
-0.349190536000032
-0.349190536000032
0.033538685520330
Vir Energies: 65
5.286254284083078
4.178046063961805
3.324840477724786
2.741911382859415
2.447168266615537
2.447168266615538
2.741911382859415
3.324840477724786
4.178046063961805
4.178046063961805
3.066974438013543
2.204870987538741
1.610087368834310
1.307941342458165
1.307941342458165
1.610087368834310
2.204870987538741
3.066974438013544
3.324840477724786
2.204870987538741
1.309720330456714
0.658237707758447
0.327226528255956
0.327226528255956
0.658237707758447
1.309720330456714
2.204870987538742
2.741911382859415
1.610087368834310
0.658237707758447
0.658237707758447
1.610087368834311
2.447168266615537
1.307941342458165
0.327226528255956
0.327226528255956
1.307941342458166
2.447168266615538
1.307941342458165
0.327226528255956
0.327226528255957
1.307941342458166
2.741911382859416
1.610087368834310
0.658237707758447
0.658237707758447
1.610087368834311
3.324840477724786
2.204870987538741
1.309720330456714
0.658237707758447
0.327226528255956
0.327226528255957
0.658237707758447
1.309720330456714
2.204870987538742
4.178046063961805
3.066974438013544
2.204870987538742
1.610087368834311
1.307941342458166
1.307941342458166
1.610087368834311
2.204870987538742
3.066974438013545
Excitation Energies: 80
0.624699022238117
0.624699022238117
0.624699022238117
0.624699022238117
0.624699022238118
0.624699022238118
0.624699022238118
0.624699022238118
0.676417064255988
0.676417064255988
0.676417064255988
0.676417064255988
0.676417064255989
0.676417064255989
0.676417064255989
0.676417064255989
1.007428243758479
1.007428243758479
1.007428243758479
1.007428243758479
1.007428243758480
1.007428243758480
1.007428243758480
1.007428243758480
1.084863442553698
1.084863442553698
1.084863442553699
1.084863442553699
1.084863442553699
1.084863442553699
1.084863442553699
1.084863442553699
1.576548683313980
1.576548683313980
1.576548683313981
1.576548683313981
1.576548683313981
1.576548683313981
1.576548683313981
1.576548683313981
1.657131878458197
1.657131878458198
1.657131878458198
1.657131878458198
1.657131878458198
1.657131878458199
1.657131878458199
1.657131878458199
1.959277904834342
1.959277904834342
1.959277904834342
1.959277904834342
1.959277904834343
1.959277904834343
1.959277904834343
1.959277904834343
2.065578256755908
2.065578256755908
2.065578256755908
2.065578256755908
2.065578256755909
2.065578256755909
2.065578256755909
2.065578256755909
2.708372697339085
2.708372697339085
2.708372697339086
2.708372697339086
2.796358802615569
2.796358802615569
2.796358802615570
2.796358802615570
3.091101918859447
3.091101918859447
3.091101918859447
3.091101918859448
3.204805180913280
3.204805180913280
3.204805180913280
3.204805180913280
Kgrid: 10
-2.357022603955159
-1.833239803076234
-1.309457002197310
-0.785674201318386
-0.261891400439462
0.261891400439462
0.785674201318386
1.309457002197310
1.833239803076235
2.357022603955159
Davidson lowest eigenvalues at each iteration: 6
0.405839544731762
0.117136160964048
0.077360775403656
0.077257191467644
0.077257191467645
0.077257191467644
DavVals: 48
0.405839544731762
0.405839544731762
0.471006719025470
0.471006719025471
0.634450512056939
0.634450512056939
0.638148969886233
0.638148969886234
0.117136160964048
0.117136160964048
0.393303457137911
0.393303457137911
0.548696844993141
0.548696844993141
0.568909317671014
0.568909317671015
0.077360775403656
0.077360775403657
0.393303457137910
0.393303457137911
0.548696844993142
0.548696844993142
0.565022068588481
0.565022068588482
0.077257191467644
0.077257191467644
0.393303457137911
0.393303457137912
0.548696844993141
0.548696844993141
0.565014349687412
0.565014349687412
0.077257191467645
0.077257191467645
0.393303457137911
0.393303457137912
0.548696844993140
0.548696844993141
0.565014347004595
0.565014347004595
0.077257191467644
0.077257191467644
0.393303457137912
0.393303457137912
0.548696844993142
0.548696844993142
0.565014347004169
0.565014347004169
Davidson Times Per Iteration: 6
0.048357078000000
0.032998589000000
0.026617702000000
0.063642295000000
0.029654666000000
0.027570261000000

                            End of Section: Vectors                            

--------------------------------------------------------------------------------

                                    Matrices                                    

--------------------------------------------------------------------------------

Occupied States: 16 x 2
        3        3
        3        4
        3        5
        3        6
        4        3
        4        4
        4        5
        4        6
        5        3
        5        4
        5        5
        5        6
        6        3
        6        4
        6        5
        6        6
Virtual States: 65 x 2
        0        0
        0        1
        0        2
        0        3
        0        4
        0        5
        0        6
        0        7
        0        8
        1        0
        1        1
        1        2
        1        3
        1        4
        1        5
        1        6
        1        7
        1        8
        2        0
        2        1
        2        2
        2        3
        2        4
        2        5
        2        6
        2        7
        2        8
        3        0
        3        1
        3        2
        3        7
        3        8
        4        0
        4        1
        4        2
        4        7
        4        8
        5        0
        5        1
        5        2
        5        7
        5        8
        6        0
        6        1
        6        2
        6        7
        6        8
        7        0
        7        1
        7        2
        7        3
        7        4
        7        5
        7        6
        7        7
        7        8
        8        0
        8        1
        8        2
        8        3
        8        4
        8        5
        8        6
        8        7
        8        8
Excitations: 80 x 2
        15        24
         3        24
        12        21
         0        21
        12        50
         0        50
        15        53
         3        53
        13        22
         1        22
        14        23
         2        23
         1        51
        13        51
         2        52
        14        52
        11        24
         8        21
         7        24
         4        21
        11        53
         8        50
         4        50
         7        53
         9        22
        10        23
         5        22
         6        23
        10        52
         9        51
         5        51
         6        52
         0        12
        12        12
        15        15
         3        15
         0        59
        12        59
         3        62
        15        62
         2        14
         1        13
        13        13
        14        14
         2        61
        13        60
         1        60
        14        61
         8        12
        11        15
         4        12
         7        15
        11        62
         8        59
         4        59
         7        62
        10        14
         9        13
         6        14
         5        13
         9        60
         6        61
        10        61
         5        60
         0         3
        12         3
        15         6
         3         6
        13         4
         1         4
         2         5
        14         5
         8         3
        11         6
         4         3
         7         6
         9         4
         5         4
         6         5
        10         5

                            End of Section: Matrices                            

################################################################################

                              End of Output File.                              

################################################################################
