################################################################################

            Output File for HFS, the Hartree-Fock Stability Program            
                              Author: Evan Curtin                              
             Institution: University of Illinois @ Urbana-Champaign             
                          email: ecurtin2@illinois.edu                          
                       Built on Oct 21 2016, at 17:11:28                       

################################################################################

                Computation Started : Fri Oct 21 17:57:01 2016
                
                Computation Finished: Fri Oct 21 17:57:15 2016
                
                     Total Elapsed Time = 14.0286 seconds.                     

--------------------------------------------------------------------------------

                                     Input                                     

--------------------------------------------------------------------------------

Nk = 19
ndim = 2
rs = 1.200000000000000

                             End of Section: Input                             

--------------------------------------------------------------------------------

                                     Output                                     

--------------------------------------------------------------------------------

deltaK = 0.261891400439462
kf = 1.178511301977579
kmax = 2.357022603955159
Nocc = 69
Nvir = 255
Nexc = 689
ground_state_degeneracy = 8
dav_its = 11
num_guess_evecs = 80
Dav_blocksize = 20
Dav_Num_evals = 8
Dav_time = 10.346253226000000
Mv_time = 0.013143580000000
Davidson Tolerance = 1.00e-08
Dav_minits = 5
Dav_maxits = 30
Dav_maxsubsize = 3000
Davidson_Stopping_Criteria = All Norms in Block Converged
full_diag_min = -0.050483254225364
full_diag_time = 3.678513868000000

                             End of Section: Output                             

--------------------------------------------------------------------------------

                                    Vectors                                    

--------------------------------------------------------------------------------

Occ Energies: 69
0.024246302554099
-0.131525778740832
-0.179817876610972
-0.131525778740831
0.024246302554099
-0.076794398638363
-0.346158908103480
-0.498018912292746
-0.546875680769863
-0.498018912292746
-0.346158908103480
-0.076794398638363
0.024246302554099
-0.346158908103480
-0.597885795490212
-0.744207015310472
-0.792246809991411
-0.744207015310472
-0.597885795490211
-0.346158908103480
0.024246302554099
-0.131525778740832
-0.498018912292747
-0.744207015310472
-0.888117265288478
-0.935556204094012
-0.888117265288478
-0.744207015310472
-0.498018912292747
-0.131525778740831
-0.179817876610972
-0.546875680769863
-0.792246809991411
-0.935556204094012
-0.982811332228369
-0.935556204094012
-0.792246809991411
-0.546875680769863
-0.179817876610972
-0.131525778740831
-0.498018912292746
-0.744207015310472
-0.888117265288478
-0.935556204094012
-0.888117265288478
-0.744207015310472
-0.498018912292746
-0.131525778740831
0.024246302554099
-0.346158908103480
-0.597885795490212
-0.744207015310472
-0.792246809991411
-0.744207015310472
-0.597885795490212
-0.346158908103480
0.024246302554099
-0.076794398638363
-0.346158908103480
-0.498018912292747
-0.546875680769863
-0.498018912292746
-0.346158908103480
-0.076794398638363
0.024246302554099
-0.131525778740831
-0.179817876610972
-0.131525778740831
0.024246302554099
Vir Energies: 255
5.288577249017266
4.702683969372337
4.179672931774734
3.719865475221014
3.325123870554441
2.997480368617775
2.740288199451737
2.555058965359044
2.443233303242257
2.405835657393471
2.443233303242257
2.555058965359044
2.740288199451737
2.997480368617775
3.325123870554441
3.719865475221014
4.179672931774734
4.702683969372338
4.702683969372337
4.116633351039208
3.593143135851871
3.132518247157602
2.736615537163104
2.407509467344505
2.148761239967027
1.962127716776856
1.849333245859310
1.811593142351066
1.849333245859310
1.962127716776856
2.148761239967027
2.407509467344505
2.736615537163104
3.132518247157602
3.593143135851872
4.116633351039209
4.179672931774734
3.593143135851871
3.068185905656282
2.605031541770072
2.205471451852545
1.871638598105086
1.607684175964151
1.416243090289260
1.300148804471646
1.261260966247425
1.300148804471646
1.416243090289260
1.607684175964151
1.871638598105086
2.205471451852545
2.605031541770073
3.068185905656283
3.593143135851872
3.719865475221014
3.132518247157602
2.605031541770072
2.137420563044067
1.731184080672606
1.388238952353023
1.113335636422586
0.911099028236077
0.787892302350941
0.746697115582368
0.787892302350941
0.911099028236077
1.113335636422586
1.388238952353023
1.731184080672606
2.137420563044068
2.605031541770073
3.132518247157603
3.325123870554441
2.736615537163104
2.205471451852544
1.731184080672606
1.314385813455093
0.955909231617161
0.658746262942300
0.428401935709473
0.290854862630163
0.245981421725096
0.290854862630163
0.428401935709473
0.658746262942300
0.955909231617162
1.314385813455093
1.731184080672606
2.205471451852545
2.736615537163105
2.997480368617775
2.407509467344505
1.871638598105086
1.388238952353023
0.955909231617161
0.571953767317506
0.233204908189010
0.233204908189010
0.571953767317507
0.955909231617162
1.388238952353023
1.871638598105087
2.407509467344506
2.740288199451737
2.148761239967027
1.607684175964151
1.113335636422586
0.658746262942300
0.233204908189010
0.233204908189011
0.658746262942300
1.113335636422587
1.607684175964152
2.148761239967028
2.555058965359044
1.962127716776856
1.416243090289260
0.911099028236077
0.428401935709473
0.428401935709473
0.911099028236078
1.416243090289261
1.962127716776857
2.443233303242257
1.849333245859310
1.300148804471646
0.787892302350941
0.290854862630163
0.290854862630164
0.787892302350942
1.300148804471647
1.849333245859311
2.405835657393471
1.811593142351066
1.261260966247425
0.746697115582368
0.245981421725096
0.245981421725096
0.746697115582369
1.261260966247426
1.811593142351068
2.443233303242257
1.849333245859310
1.300148804471646
0.787892302350941
0.290854862630164
0.290854862630164
0.787892302350942
1.300148804471647
1.849333245859311
2.555058965359044
1.962127716776856
1.416243090289260
0.911099028236078
0.428401935709473
0.428401935709473
0.911099028236078
1.416243090289261
1.962127716776857
2.740288199451737
2.148761239967027
1.607684175964151
1.113335636422587
0.658746262942300
0.233204908189010
0.233204908189011
0.658746262942300
1.113335636422587
1.607684175964152
2.148761239967028
2.997480368617775
2.407509467344505
1.871638598105086
1.388238952353023
0.955909231617162
0.571953767317507
0.233204908189011
0.233204908189011
0.571953767317507
0.955909231617162
1.388238952353023
1.871638598105087
2.407509467344506
3.325123870554441
2.736615537163104
2.205471451852544
1.731184080672606
1.314385813455093
0.955909231617162
0.658746262942300
0.428401935709473
0.290854862630164
0.245981421725096
0.290854862630164
0.428401935709473
0.658746262942300
0.955909231617162
1.314385813455093
1.731184080672607
2.205471451852545
2.736615537163105
3.719865475221014
3.132518247157603
2.605031541770073
2.137420563044068
1.731184080672606
1.388238952353023
1.113335636422587
0.911099028236078
0.787892302350942
0.746697115582369
0.787892302350942
0.911099028236078
1.113335636422587
1.388238952353024
1.731184080672607
2.137420563044069
2.605031541770074
3.132518247157603
4.179672931774734
3.593143135851872
3.068185905656283
2.605031541770073
2.205471451852546
1.871638598105087
1.607684175964152
1.416243090289261
1.300148804471647
1.261260966247426
1.300148804471647
1.416243090289262
1.607684175964152
1.871638598105087
2.205471451852546
2.605031541770074
3.068185905656284
3.593143135851872
4.702683969372338
4.116633351039209
3.593143135851872
3.132518247157603
2.736615537163105
2.407509467344506
2.148761239967028
1.962127716776857
1.849333245859311
1.811593142351068
1.849333245859311
1.962127716776857
2.148761239967028
2.407509467344506
2.736615537163106
3.132518247157603
3.593143135851872
4.116633351039209
Excitation Energies: 689
0.208958605634911
0.208958605634911
0.208958605634911
0.208958605634911
0.208958605634911
0.208958605634912
0.208958605634912
0.208958605634912
0.309999306827373
0.309999306827373
0.309999306827374
0.309999306827374
0.309999306827374
0.309999306827374
0.309999306827374
0.309999306827374
0.364730686929841
0.364730686929842
0.364730686929842
0.364730686929842
0.364730686929842
0.364730686929842
0.364730686929842
0.364730686929842
0.404155633155374
0.404155633155374
0.404155633155374
0.404155633155374
0.404155633155374
0.404155633155374
0.404155633155375
0.404155633155375
0.413022784799982
0.413022784799983
0.413022784799983
0.413022784799983
0.422380641370994
0.422380641370994
0.422380641370995
0.422380641370995
0.422380641370995
0.422380641370995
0.422380641370995
0.422380641370995
0.425799298336068
0.425799298336068
0.425799298336068
0.425799298336068
0.547707464763407
0.547707464763407
0.547707464763407
0.547707464763407
0.547707464763408
0.547707464763408
0.547707464763408
0.547707464763408
0.579363816292490
0.579363816292490
0.579363816292490
0.579363816292490
0.579363816292491
0.579363816292491
0.579363816292491
0.579363816292491
0.703479546058338
0.703479546058338
0.703479546058338
0.703479546058338
0.703479546058338
0.703479546058338
0.703479546058339
0.703479546058339
0.731223820481756
0.731223820481757
0.731223820481757
0.731223820481757
0.731223820481757
0.731223820481757
0.731223820481757
0.731223820481757
0.735540661580663
0.735540661580663
0.735540661580663
0.735540661580663
0.735540661580663
0.735540661580664
0.735540661580664
0.735540661580664
0.751771643928479
0.751771643928479
0.751771643928479
0.751771643928479
0.774560843812953
0.774560843812953
0.774560843812953
0.774560843812953
0.774560843812953
0.774560843812953
0.774560843812953
0.774560843812953
0.780080588958873
0.780080588958873
0.780080588958874
0.780080588958874
0.788873774922910
0.788873774922910
0.788873774922910
0.788873774922910
0.788873774922910
0.788873774922910
0.788873774922910
0.788873774922910
0.792857102494959
0.792857102494959
0.792857102494959
0.792857102494959
0.886852725681978
0.886852725681978
0.886852725681978
0.886852725681979
0.886852725681979
0.886852725681979
0.886852725681980
0.886852725681980
0.919418081091772
0.919418081091772
0.919418081091772
0.919418081091772
0.919418081091773
0.919418081091773
0.919418081091773
0.919418081091773
0.926514992193340
0.926514992193340
0.926514992193341
0.926514992193341
0.931662929063062
0.931662929063062
0.931662929063062
0.931662929063063
0.931662929063063
0.931662929063063
0.931662929063063
0.931662929063063
1.004905171045780
1.004905171045780
1.004905171045780
1.004905171045780
1.004905171045780
1.004905171045781
1.004905171045781
1.004905171045781
1.026287731199684
1.026287731199684
1.026287731199684
1.026287731199684
1.026287731199685
1.026287731199685
1.026287731199685
1.026287731199685
1.035061877940635
1.035061877940635
1.035061877940636
1.035061877940636
1.035061877940636
1.035061877940636
1.035061877940636
1.035061877940636
1.038228231716507
1.038228231716507
1.038228231716507
1.038228231716507
1.087435010357993
1.087435010357993
1.087435010357993
1.087435010357993
1.087435010357993
1.087435010357993
1.087435010357993
1.087435010357993
1.135727108228134
1.135727108228134
1.135727108228134
1.135727108228134
1.156765175235046
1.156765175235046
1.156765175235047
1.156765175235047
1.156765175235047
1.156765175235047
1.156765175235047
1.156765175235047
1.172608951019944
1.172608951019944
1.172608951019944
1.172608951019945
1.172608951019945
1.172608951019945
1.172608951019945
1.172608951019945
1.178972127918641
1.178972127918641
1.178972127918641
1.178972127918641
1.178972127918642
1.178972127918642
1.178972127918642
1.178972127918642
1.181537625819108
1.181537625819108
1.181537625819108
1.181537625819108
1.190130035060949
1.190130035060950
1.190130035060950
1.190130035060950
1.190130035060950
1.190130035060950
1.190130035060951
1.190130035060951
1.205621943712163
1.205621943712163
1.205621943712163
1.205621943712164
1.220648745700884
1.220648745700884
1.220648745700884
1.220648745700885
1.226411066724176
1.226411066724176
1.226411066724176
1.226411066724176
1.228792753953465
1.228792753953465
1.257257936339557
1.257257936339557
1.257257936339558
1.257257936339558
1.257257936339558
1.257257936339558
1.257257936339558
1.257257936339559
1.285911214643687
1.285911214643687
1.285911214643688
1.285911214643688
1.285911214643688
1.285911214643688
1.285911214643688
1.285911214643689
1.293572796352231
1.293572796352231
1.293572796352232
1.293572796352232
1.363992649798924
1.363992649798924
1.363992649798924
1.363992649798924
1.363992649798924
1.363992649798924
1.363992649798924
1.363992649798924
1.391996787735161
1.391996787735161
1.391996787735161
1.391996787735162
1.391996787735162
1.391996787735162
1.391996787735163
1.391996787735163
1.431674583212477
1.431674583212477
1.431674583212477
1.431674583212477
1.431674583212478
1.431674583212478
1.431674583212478
1.431674583212478
1.441078842858397
1.441078842858397
1.441078842858398
1.441078842858398
1.459494544526066
1.459494544526067
1.459494544526067
1.459494544526067
1.459494544526067
1.459494544526067
1.459494544526068
1.459494544526068
1.508984823726289
1.508984823726289
1.508984823726289
1.508984823726289
1.508984823726290
1.508984823726290
1.508984823726290
1.508984823726290
1.519764731093854
1.519764731093854
1.519764731093854
1.519764731093854
1.519764731093854
1.519764731093855
1.519764731093855
1.519764731093855
1.532099317661413
1.532099317661413
1.532099317661413
1.532099317661413
1.532099317661414
1.532099317661414
1.532099317661414
1.532099317661414
1.538943925573779
1.538943925573779
1.538943925573780
1.538943925573780
1.568056828963995
1.568056828963995
1.568056828963996
1.568056828963996
1.611354548715333
1.611354548715333
1.611354548715333
1.611354548715333
1.611354548715334
1.611354548715334
1.611354548715334
1.611354548715334
1.655306043546549
1.655306043546549
1.655306043546549
1.655306043546549
1.655306043546550
1.655306043546550
1.655306043546550
1.655306043546550
1.660211317192450
1.660211317192450
1.660211317192450
1.660211317192451
1.676009567639419
1.676009567639419
1.676009567639419
1.676009567639419
1.676009567639420
1.676009567639420
1.676009567639420
1.676009567639420
1.682253319676380
1.682253319676380
1.682253319676381
1.682253319676381
1.684478574602514
1.684478574602514
1.684478574602514
1.684478574602514
1.684478574602515
1.684478574602515
1.684478574602515
1.684478574602515
1.703345838227488
1.703345838227489
1.703345838227489
1.703345838227490
1.723448506444953
1.723448506444953
1.723448506444954
1.723448506444954
1.729508447810737
1.729508447810738
1.762401998392740
1.762401998392740
1.762401998392740
1.762401998392740
1.762401998392741
1.762401998392741
1.762401998392741
1.762401998392742
1.798167716764392
1.798167716764392
1.798167716764392
1.798167716764392
1.798167716764393
1.798167716764393
1.798167716764393
1.798167716764393
1.808136647017288
1.808136647017288
1.808136647017289
1.808136647017289
1.847392295550987
1.847392295550987
1.847392295550987
1.847392295550987
1.847392295550988
1.847392295550988
1.847392295550988
1.847392295550988
1.937881414222757
1.937881414222757
1.937881414222757
1.937881414222757
1.937881414222758
1.937881414222758
1.937881414222758
1.937881414222758
1.953843084067631
1.953843084067631
1.953843084067631
1.953843084067631
1.953843084067632
1.953843084067632
1.953843084067632
1.953843084067632
1.980859024600141
1.980859024600141
1.980859024600142
1.980859024600142
1.980859024600142
1.980859024600143
1.980859024600143
1.980859024600143
1.991411018962038
1.991411018962039
1.991411018962040
1.991411018962040
2.003164376845918
2.003164376845918
2.003164376845918
2.003164376845918
2.003164376845918
2.003164376845918
2.003164376845918
2.003164376845918
2.014128885779471
2.014128885779472
2.014128885779472
2.014128885779472
2.014128885779473
2.014128885779473
2.014128885779473
2.014128885779473
2.044355819782117
2.044355819782118
2.044355819782118
2.044355819782118
2.044355819782119
2.044355819782119
2.044355819782119
2.044355819782119
2.051456474716058
2.051456474716058
2.051456474716059
2.051456474716059
2.053507776238836
2.053507776238836
2.053507776238837
2.053507776238837
2.105703088256897
2.105703088256897
2.105703088256897
2.105703088256897
2.105703088256898
2.105703088256898
2.105703088256898
2.105703088256898
2.154559856734014
2.154559856734014
2.154559856734015
2.154559856734015
2.160450105599732
2.160450105599732
2.160450105599732
2.160450105599732
2.160450105599733
2.160450105599733
2.160450105599733
2.160450105599733
2.188266069760124
2.188266069760124
2.188266069760124
2.188266069760124
2.188266069760124
2.188266069760124
2.188266069760125
2.188266069760125
2.196817170341437
2.196817170341437
2.196817170341438
2.196817170341438
2.208489900280671
2.208489900280671
2.208489900280672
2.208489900280673
2.225555638605390
2.225555638605390
2.225555638605390
2.225555638605390
2.225555638605391
2.225555638605391
2.225555638605392
2.225555638605392
2.235705008565658
2.235705008565658
2.235705008565659
2.235705008565659
2.244072298475794
2.244072298475795
2.308286624880336
2.308286624880336
2.308286624880336
2.308286624880336
2.308286624880337
2.308286624880337
2.308286624880337
2.308286624880337
2.347352158152056
2.347352158152057
2.347352158152057
2.347352158152057
2.347352158152058
2.347352158152058
2.347352158152058
2.347352158152058
2.358468823120929
2.358468823120929
2.358468823120931
2.358468823120931
2.383263164790406
2.383263164790406
2.383263164790406
2.383263164790407
2.383263164790407
2.383263164790407
2.383263164790407
2.383263164790407
2.494920148070507
2.494920148070507
2.494920148070507
2.494920148070507
2.494920148070508
2.494920148070508
2.494920148070508
2.494920148070508
2.530812662804945
2.530812662804945
2.530812662804945
2.530812662804946
2.539035246085336
2.539035246085336
2.539035246085336
2.539035246085337
2.539035246085337
2.539035246085337
2.539035246085337
2.539035246085338
2.560013512267068
2.560013512267068
2.560013512267068
2.560013512267068
2.560013512267068
2.560013512267068
2.560013512267068
2.560013512267068
2.574759081983088
2.574759081983088
2.574759081983089
2.574759081983089
2.585653534004443
2.585653534004444
2.587327343955478
2.587327343955478
2.587327343955478
2.587327343955478
2.593540261169782
2.593540261169782
2.593540261169782
2.593540261169782
2.593540261169783
2.593540261169783
2.593540261169784
2.593540261169784
2.603839952342478
2.603839952342478
2.603839952342479
2.603839952342479
2.646780152259773
2.646780152259773
2.646780152259773
2.646780152259773
2.646780152259774
2.646780152259774
2.646780152259775
2.646780152259775
2.695636920736890
2.695636920736890
2.695636920736891
2.695636920736891
2.706334732087328
2.706334732087328
2.706334732087328
2.706334732087328
2.706334732087329
2.706334732087329
2.706334732087329
2.706334732087329
2.737450511147788
2.737450511147788
2.737450511147788
2.737450511147788
2.737450511147789
2.737450511147789
2.737450511147789
2.737450511147789
2.747149346445079
2.747149346445079
2.747149346445080
2.747149346445080
2.754374526768267
2.754374526768267
2.754374526768268
2.754374526768268
2.784889449953322
2.784889449953323
2.784889449953323
2.784889449953324
2.794404474579435
2.794404474579437
2.817082598090100
2.817082598090101
2.817082598090101
2.817082598090101
2.901217873462524
2.901217873462524
2.901217873462524
2.901217873462524
2.941252215535003
2.941252215535004
2.941252215535004
2.941252215535004
2.952711338163335
2.952711338163335
2.973234066063676
2.973234066063676
2.973234066063676
2.973234066063676
3.086447107555217
3.086447107555218
3.086447107555218
3.086447107555218
3.129006147358606
3.129006147358607
3.129006147358607
3.129006147358607
3.152944760849255
3.152944760849256
3.152944760849256
3.152944760849256
3.177298245228747
3.177298245228747
3.187440318552729
3.187440318552729
3.187440318552729
3.187440318552729
3.198082467384883
3.198082467384883
3.238307111744484
3.238307111744484
3.238307111744484
3.238307111744484
3.287163880221601
3.287163880221601
3.299265980669516
3.299265980669516
3.299265980669516
3.299265980669516
3.331350568530735
3.331350568530735
3.331350568530735
3.331350568530735
3.341391861487484
3.341391861487484
3.347305775350455
3.347305775350455
3.378789507336269
3.378789507336270
3.388646989621841
Kgrid: 19
-2.357022603955159
-2.095131203515697
-1.833239803076234
-1.571348402636772
-1.309457002197310
-1.047565601757848
-0.785674201318386
-0.523782800878924
-0.261891400439462
0.000000000000000
0.261891400439462
0.523782800878924
0.785674201318386
1.047565601757849
1.309457002197310
1.571348402636773
1.833239803076235
2.095131203515697
2.357022603955159
Davidson lowest eigenvalues at each iteration: 11
0.180965502165286
0.052741477057524
-0.048920363251818
-0.050478552811994
-0.050483184474495
-0.050483253837195
-0.050483254221079
-0.050483254225276
-0.050483254225357
-0.050483254225361
-0.050483254225361
DavVals: 88
0.180965502165286
0.180965502165286
0.197896212367085
0.197896212367086
0.208535934498361
0.208535934498362
0.210392372608644
0.210392372608644
0.052741477057524
0.148396094291821
0.148396094291822
0.152085089048142
0.152085089048142
0.176867869089019
0.176867869089019
0.204550652480303
-0.048920363251818
0.110103620993562
0.110103620993562
0.148300645702884
0.148300645702884
0.170628055786373
0.170628055786373
0.184515121788265
-0.050478552811994
0.108617434259662
0.108617435057946
0.148299819453925
0.148299819453925
0.170580355783694
0.170580355817701
0.178366537381918
-0.050483184474495
0.108610477572464
0.108610477627238
0.148299819453925
0.148299819453925
0.170580220202049
0.170580220203166
0.178305379328036
-0.050483253837195
0.108610467193196
0.108610467201527
0.148299819453925
0.148299819453925
0.170580220048004
0.170580220048237
0.178305149512787
-0.050483254221079
0.108610467185485
0.108610467186995
0.148299819453925
0.148299819453925
0.170580220047914
0.170580220047952
0.178305149132202
-0.050483254225276
0.108610467185453
0.108610467185487
0.148299819453924
0.148299819453924
0.170580220047914
0.170580220047915
0.178305149129669
-0.050483254225357
0.108610467185452
0.108610467185454
0.148299819453925
0.148299819453925
0.170580220047913
0.170580220047914
0.178305149129629
-0.050483254225361
0.108610467185452
0.108610467185452
0.148299819453925
0.148299819453926
0.170580220047913
0.170580220047913
0.178305149129628
-0.050483254225361
0.108610467185452
0.108610467185452
0.148299819453925
0.148299819453925
0.170580220047913
0.170580220047914
0.178305149129628
Davidson Times Per Iteration: 11
1.598128714000000
0.812577780000000
0.839297128000000
0.803689794000000
0.761697737000000
0.792501260000000
0.811020343000000
0.820041580000000
0.820331219000000
0.790092231000000
0.769185414000000

                            End of Section: Vectors                            

--------------------------------------------------------------------------------

                                    Matrices                                    

--------------------------------------------------------------------------------

Occupied States: 69 x 2
         5         7
         5         8
         5         9
         5        10
         5        11
         6         6
         6         7
         6         8
         6         9
         6        10
         6        11
         6        12
         7         5
         7         6
         7         7
         7         8
         7         9
         7        10
         7        11
         7        12
         7        13
         8         5
         8         6
         8         7
         8         8
         8         9
         8        10
         8        11
         8        12
         8        13
         9         5
         9         6
         9         7
         9         8
         9         9
         9        10
         9        11
         9        12
         9        13
        10         5
        10         6
        10         7
        10         8
        10         9
        10        10
        10        11
        10        12
        10        13
        11         5
        11         6
        11         7
        11         8
        11         9
        11        10
        11        11
        11        12
        11        13
        12         6
        12         7
        12         8
        12         9
        12        10
        12        11
        12        12
        13         7
        13         8
        13         9
        13        10
        13        11
Virtual States: 255 x 2
         0         0
         0         1
         0         2
         0         3
         0         4
         0         5
         0         6
         0         7
         0         8
         0         9
         0        10
         0        11
         0        12
         0        13
         0        14
         0        15
         0        16
         0        17
         1         0
         1         1
         1         2
         1         3
         1         4
         1         5
         1         6
         1         7
         1         8
         1         9
         1        10
         1        11
         1        12
         1        13
         1        14
         1        15
         1        16
         1        17
         2         0
         2         1
         2         2
         2         3
         2         4
         2         5
         2         6
         2         7
         2         8
         2         9
         2        10
         2        11
         2        12
         2        13
         2        14
         2        15
         2        16
         2        17
         3         0
         3         1
         3         2
         3         3
         3         4
         3         5
         3         6
         3         7
         3         8
         3         9
         3        10
         3        11
         3        12
         3        13
         3        14
         3        15
         3        16
         3        17
         4         0
         4         1
         4         2
         4         3
         4         4
         4         5
         4         6
         4         7
         4         8
         4         9
         4        10
         4        11
         4        12
         4        13
         4        14
         4        15
         4        16
         4        17
         5         0
         5         1
         5         2
         5         3
         5         4
         5         5
         5         6
         5        12
         5        13
         5        14
         5        15
         5        16
         5        17
         6         0
         6         1
         6         2
         6         3
         6         4
         6         5
         6        13
         6        14
         6        15
         6        16
         6        17
         7         0
         7         1
         7         2
         7         3
         7         4
         7        14
         7        15
         7        16
         7        17
         8         0
         8         1
         8         2
         8         3
         8         4
         8        14
         8        15
         8        16
         8        17
         9         0
         9         1
         9         2
         9         3
         9         4
         9        14
         9        15
         9        16
         9        17
        10         0
        10         1
        10         2
        10         3
        10         4
        10        14
        10        15
        10        16
        10        17
        11         0
        11         1
        11         2
        11         3
        11         4
        11        14
        11        15
        11        16
        11        17
        12         0
        12         1
        12         2
        12         3
        12         4
        12         5
        12        13
        12        14
        12        15
        12        16
        12        17
        13         0
        13         1
        13         2
        13         3
        13         4
        13         5
        13         6
        13        12
        13        13
        13        14
        13        15
        13        16
        13        17
        14         0
        14         1
        14         2
        14         3
        14         4
        14         5
        14         6
        14         7
        14         8
        14         9
        14        10
        14        11
        14        12
        14        13
        14        14
        14        15
        14        16
        14        17
        15         0
        15         1
        15         2
        15         3
        15         4
        15         5
        15         6
        15         7
        15         8
        15         9
        15        10
        15        11
        15        12
        15        13
        15        14
        15        15
        15        16
        15        17
        16         0
        16         1
        16         2
        16         3
        16         4
        16         5
        16         6
        16         7
        16         8
        16         9
        16        10
        16        11
        16        12
        16        13
        16        14
        16        15
        16        16
        16        17
        17         0
        17         1
        17         2
        17         3
        17         4
        17         5
        17         6
        17         7
        17         8
        17         9
        17        10
        17        11
        17        12
        17        13
        17        14
        17        15
        17        16
        17        17
Excitations: 689 x 2
           20          165
           56          165
           12          164
           48          164
           20          109
           12          108
           56          109
           48          108
           11           97
            5           96
            5          176
           63           97
           57           96
           11          177
           57          176
           63          177
           47          165
           29          165
           39          164
           21          164
           39          108
           47          109
           29          109
           21          108
           64           79
           68           83
            4           83
           64          190
            0           79
           68          194
            4          194
            0          190
           38          165
           30          164
           30          108
           38          109
           67           82
           65           80
           65          191
            3           82
           67          193
            1           80
            1          191
            3          193
           66           81
           66          192
            2           81
            2          192
           20           98
           12           95
           56           98
           48           95
           20          178
           12          175
           56          178
           48          175
           19           97
           13           96
           55           97
           49           96
           13          176
           49          176
           19          177
           55          177
           39           95
           47           98
           29           98
           21           95
           47          178
           39          175
           21          175
           29          178
           46           97
           22           96
           40           96
           28           97
           40          176
           46          177
           22          176
           28          177
            5           78
           11           84
           57           78
            5          189
           63           84
           11          195
           57          189
           63          195
           38           98
           30           95
           38          178
           30          175
            6           79
           10           83
           58           79
           62           83
            6          190
           10          194
           58          190
           62          194
           31           96
           37           97
           31          176
           37          177
            9           82
           61           82
            7           80
            9          193
            7          191
           59           80
           61          193
           59          191
           60           81
            8           81
           60          192
            8          192
           64           61
           68           65
            0           61
            4           65
           64          208
           68          212
            0          208
            4          212
           65           62
           67           64
            3           64
            1           62
           67          211
           65          209
            3          211
            1          209
           66           63
            2           63
           66          210
            2          210
           20           85
           12           77
           56           85
           48           77
           20          196
           56          196
           12          188
           48          188
           13           78
           49           78
           19           84
           55           84
           13          189
           49          189
           55          195
           19          195
           50           79
           18           83
           54           83
           14           79
           14          190
           50          190
           18          194
           54          194
           17           82
           53           82
           15           80
           51           80
           15          191
           51          191
           17          193
           53          193
           16           81
           16          192
           52           81
           52          192
           47           85
           29           85
           39           77
           21           77
           47          196
           29          196
           39          188
           21          188
           30           77
           38           85
           30          188
           38          196
           22           78
           40           78
           46           84
           28           84
           40          189
           46          195
           22          189
           28          195
           23           79
           41           79
           45           83
           27           83
           23          190
           45          194
           41          190
           27          194
           26           82
           44           82
           42           80
           24           80
           42          191
           44          193
           24          191
           26          193
           43           81
           25           81
           43          192
           25          192
            5           60
           11           66
           57           60
           63           66
            5          207
           11          213
           57          207
           63          213
           31           78
           37           84
           31          189
           37          195
           36           83
           32           79
           32          190
           36          194
           33           80
           35           82
           33          191
           35          193
           34           81
           34          192
           58           61
            6           61
           62           65
           10           65
            6          208
           58          208
           10          212
           62          212
            7           62
            9           64
           61           64
           59           62
            9          211
           61          211
            7          209
           59          209
            8           63
           60           63
            8          210
           60          210
           56           67
           12           59
           20           67
           48           59
           20          214
           12          206
           56          214
           48          206
           68           47
           64           43
            4           47
            0           43
           64          226
           68          230
            4          230
            0          226
           65           44
           67           46
            3           46
            1           44
           65          227
           67          229
            3          229
            1          227
           66           45
            2           45
           66          228
            2          228
           13           60
           19           66
           49           60
           55           66
           13          207
           49          207
           55          213
           19          213
           18           65
           14           61
           50           61
           54           65
           14          208
           50          208
           18          212
           54          212
           47           67
           29           67
           39           59
           21           59
           39          206
           21          206
           47          214
           29          214
           51           62
           17           64
           15           62
           53           64
           17          211
           53          211
           51          209
           15          209
           52           63
           16           63
           16          210
           52          210
           38           67
           30           59
           30          206
           38          214
           40           60
           46           66
           22           60
           28           66
           40          207
           22          207
           46          213
           28          213
           23           61
           41           61
           45           65
           27           65
           23          208
           41          208
           27          212
           45          212
           37           66
           31           60
           31          207
           37          213
           42           62
           44           64
           24           62
           26           64
           42          209
           44          211
           24          209
           26          211
           25           63
           43           63
           43          210
           25          210
            5           42
           11           48
           63           48
           57           42
            5          225
           11          231
           57          225
           63          231
           32           61
           36           65
           32          208
           36          212
           35           64
           33           62
           35          211
           33          209
           34           63
           34          210
           10           47
            6           43
           62           47
           58           43
            6          226
           58          226
           10          230
           62          230
            9           46
           61           46
            7           44
           59           44
            9          229
            7          227
           61          229
           59          227
            8           45
           60           45
           60          228
            8          228
           20           49
           56           49
           12           41
           48           41
           20          232
           56          232
           12          224
           48          224
           68           29
           64           25
            4           29
            0           25
           64          244
           68          248
            4          248
            0          244
           13           42
           19           48
           49           42
           55           48
           13          225
           49          225
           55          231
           19          231
           65           26
           67           28
            1           26
            3           28
           65          245
            1          245
           67          247
            3          247
           66           27
            2           27
           66          246
            2          246
           21           41
           47           49
           29           49
           39           41
           21          224
           29          232
           39          224
           47          232
           18           47
           14           43
           54           47
           50           43
           14          226
           50          226
           18          230
           54          230
           17           46
           15           44
           53           46
           51           44
           17          229
           53          229
           51          227
           15          227
           30           41
           38           49
           38          232
           30          224
           16           45
           52           45
           16          228
           52          228
           40           42
           46           48
           28           48
           22           42
           40          225
           22          225
           46          231
           28          231
           37           48
           31           42
           31          225
           37          231
           45           47
           27           47
           41           43
           23           43
           41          226
           23          226
           45          230
           27          230
           26           46
           24           44
           42           44
           44           46
           44          229
           42          227
           24          227
           26          229
           25           45
           43           45
           43          228
           25          228
           32           43
           36           47
           32          226
           36          230
           57           24
           11           30
            5           24
           63           30
            5          243
           11          249
           63          249
           57          243
           35           46
           33           44
           33          227
           35          229
           34           45
           34          228
           10           29
           62           29
            6           25
           58           25
            6          244
           10          248
           62          248
           58          244
            7           26
            9           28
           59           26
           61           28
            7          245
            9          247
           61          247
           59          245
           60           27
            8           27
           60          246
            8          246
           56           31
           20           31
           12           23
           48           23
           20          250
           12          242
           56          250
           48          242
           49           24
           13           24
           19           30
           55           30
           13          243
           19          249
           55          249
           49          243
           68           11
           64            7
            4           11
            0            7
           29           31
           39           23
           47           31
           21           23
           39          242
           29          250
           47          250
           21          242
           54           29
           18           29
           14           25
           50           25
           50          244
           54          248
           14          244
           18          248
           65            8
           67           10
            1            8
            3           10
           66            9
            2            9
           38           31
           30           23
           30          242
           38          250
           51           26
           15           26
           53           28
           17           28
           15          245
           51          245
           17          247
           53          247
           16           27
           52           27
           16          246
           52          246
           46           30
           40           24
           22           24
           28           30
           40          243
           46          249
           22          243
           28          249
           37           30
           31           24
           31          243
           37          249
           45           29
           27           29
           41           25
           23           25
           45          248
           23          244
           41          244
           27          248
           42           26
           24           26
           44           28
           26           28
           24          245
           42          245
           26          247
           44          247
           25           27
           43           27
           43          246
           25          246
           36           29
           32           25
           32          244
           36          248
           33           26
           35           28
           33          245
           35          247
           34           27
           34          246
            5            6
           11           12
           57            6
           63           12
            6            7
           10           11
           62           11
           58            7
            7            8
            9           10
           59            8
           61           10
            8            9
           60            9
           12            5
           56           13
           48            5
           20           13
           13            6
           55           12
           19           12
           49            6
           47           13
           29           13
           21            5
           39            5
           18           11
           50            7
           14            7
           54           11
           38           13
           30            5
           15            8
           51            8
           53           10
           17           10
           16            9
           52            9
           40            6
           46           12
           28           12
           22            6
           31            6
           37           12
           23            7
           41            7
           45           11
           27           11
           44           10
           24            8
           42            8
           26           10
           43            9
           25            9
           36           11
           32            7
           33            8
           35           10
           34            9

                            End of Section: Matrices                            

################################################################################

                              End of Output File.                              

################################################################################
