################################################################################

            Output File for HFS, the Hartree-Fock Stability Program            
                              Author: Evan Curtin                              
             Institution: University of Illinois @ Urbana-Champaign             
                          email: ecurtin2@illinois.edu                          
                       Built on Nov  2 2016, at 17:06:03                       

################################################################################

                Computation Started : Wed Nov  2 17:18:19 2016
                
                Computation Finished: Wed Nov  2 17:18:22 2016
                
                     Total Elapsed Time = 2.86628 seconds.                     

--------------------------------------------------------------------------------

                                     Input                                     

--------------------------------------------------------------------------------

Nk = 11
ndim = 2
rs = 1.200000047683716
mycase = cRHF2cUHF

                             End of Section: Input                             

--------------------------------------------------------------------------------

                                     Output                                     

--------------------------------------------------------------------------------

deltaK = 0.471404737761351
kf = 1.178511255147749
kmax = 2.357023688806754
Nocc = 21
Nvir = 79
Nexc = 117
ground_state_degeneracy = 8
dav_its = 16
num_guess_evecs = 50
Dav_blocksize = 20
Dav_Num_evals = 8
Mv_time = 0.000603777000000
cond_number = 8.865133517539444
Dav_nconv = 8
Davidson Tolerance = 1.00e-08
Dav_maxits = 50
Dav_maxsubsize = 1000
Dav_final_val = 0.111857092546955
Dav_time = 2.780983418000000
full_diag_min = 0.111857092546956
full_diag_time = 0.081314860000000

                             End of Section: Output                             

--------------------------------------------------------------------------------

                                    Vectors                                    

--------------------------------------------------------------------------------

Occ Energies: 21
-0.068631532219594
-0.233601088995338
-0.068631532219594
-0.068631532219594
-0.557667564638979
-0.715963163270257
-0.557667564638979
-0.068631532219594
-0.233601088995338
-0.715963163270257
-0.870283539726052
-0.715963163270257
-0.233601088995338
-0.068631532219594
-0.557667564638978
-0.715963163270257
-0.557667564638978
-0.068631532219594
-0.068631532219594
-0.233601088995338
-0.068631532219594
Vir Energies: 79
5.291853648806414
4.282535838988071
3.477878655535096
2.888742985895422
2.529683974612093
2.408810365784194
2.529683974612093
2.888742985895422
3.477878655535096
4.282535838988070
4.282535838988071
3.271562283118081
2.461710049373431
1.863811401945485
1.495783321750423
1.371200579544742
1.495783321750423
1.863811401945485
2.461710049373431
3.271562283118080
3.477878655535096
2.461710049373431
1.634759254840299
1.003829070559699
0.592077671437093
0.452080887298047
0.592077671437093
1.003829070559699
1.634759254840299
2.461710049373430
2.888742985895422
1.863811401945485
1.003829070559699
0.301255046366351
0.301255046366351
1.003829070559699
1.863811401945484
2.529683974612093
1.495783321750423
0.592077671437093
0.592077671437093
1.495783321750422
2.408810365784194
1.371200579544742
0.452080887298047
0.452080887298047
1.371200579544740
2.529683974612093
1.495783321750423
0.592077671437093
0.592077671437093
1.495783321750422
2.888742985895422
1.863811401945485
1.003829070559699
0.301255046366351
0.301255046366351
1.003829070559699
1.863811401945484
3.477878655535096
2.461710049373431
1.634759254840299
1.003829070559699
0.592077671437093
0.452080887298047
0.592077671437093
1.003829070559699
1.634759254840299
2.461710049373430
4.282535838988070
3.271562283118080
2.461710049373430
1.863811401945484
1.495783321750422
1.371200579544741
1.495783321750422
1.863811401945484
2.461710049373430
3.271562283118080
Excitation Energies: 117
0.369886578585945
0.369886578585945
0.369886578585945
0.369886578585945
0.369886578585945
0.369886578585945
0.369886578585945
0.369886578585945
0.534856135361688
0.534856135361688
0.534856135361688
0.534856135361688
0.660709203656687
0.660709203656687
0.660709203656687
0.660709203656687
0.660709203656687
0.660709203656687
0.660709203656687
0.660709203656687
0.685681976293385
0.685681976293385
0.685681976293385
0.685681976293385
1.072460602779293
1.072460602779293
1.072460602779293
1.072460602779293
1.072460602779293
1.072460602779293
1.072460602779293
1.072460602779293
1.149745236076071
1.149745236076071
1.149745236076071
1.149745236076071
1.149745236076071
1.149745236076071
1.149745236076071
1.149745236076071
1.168044050568304
1.168044050568304
1.168044050568304
1.168044050568304
1.237430159555037
1.237430159555037
1.237430159555037
1.237430159555037
1.308040834707350
1.308040834707350
1.308040834707350
1.308040834707350
1.322364427024100
1.322364427024100
1.564414853970016
1.564414853970016
1.564414853970016
1.564414853970016
1.564414853970017
1.564414853970017
1.564414853970017
1.564414853970017
1.604801668540078
1.604801668540078
1.604801668540079
1.604801668540079
1.932442934165078
1.932442934165078
1.932442934165079
1.932442934165079
1.932442934165079
1.932442934165079
1.932442934165080
1.932442934165080
2.053450886389400
2.053450886389400
2.053450886389400
2.053450886389400
2.053450886389401
2.053450886389401
2.053450886389401
2.053450886389401
2.087163742814997
2.087163742814997
2.087163742814998
2.087163742814998
2.097412490940822
2.097412490940822
2.097412490940823
2.097412490940823
2.211746485020678
2.211746485020678
2.211746485020679
2.211746485020679
2.241484119270793
2.241484119270794
2.598315506831687
2.598315506831687
2.598315506831687
2.598315506831687
2.642411454779531
2.642411454779531
2.957374518115016
2.957374518115016
2.957374518115016
2.957374518115016
3.087351539251071
3.087351539251071
3.087351539251071
3.087351539251071
3.122344074890760
3.122344074890760
3.124773529054451
3.124773529054451
3.245647137882349
3.245647137882350
3.279093905510246
Kgrid: 11
-2.357023688806754
-1.885618951045403
-1.414214213284053
-0.942809475522702
-0.471404737761351
0.000000000000000
0.471404737761351
0.942809475522702
1.414214213284053
1.885618951045403
2.357023688806754
DavVals: 8
0.111857092546955
0.173802705148102
0.173802705148102
0.256163678206414
0.256163678206415
0.325597522542895
0.325597522542895
0.365303678771708

                            End of Section: Vectors                            

--------------------------------------------------------------------------------

                                    Matrices                                    

--------------------------------------------------------------------------------

Occupied States: 21 x 2
        3        4
        3        5
        3        6
        4        3
        4        4
        4        5
        4        6
        4        7
        5        3
        5        4
        5        5
        5        6
        5        7
        6        3
        6        4
        6        5
        6        6
        6        7
        7        4
        7        5
        7        6
Virtual States: 79 x 2
        0        0
        0        1
        0        2
        0        3
        0        4
        0        5
        0        6
        0        7
        0        8
        0        9
        1        0
        1        1
        1        2
        1        3
        1        4
        1        5
        1        6
        1        7
        1        8
        1        9
        2        0
        2        1
        2        2
        2        3
        2        4
        2        5
        2        6
        2        7
        2        8
        2        9
        3        0
        3        1
        3        2
        3        3
        3        7
        3        8
        3        9
        4        0
        4        1
        4        2
        4        8
        4        9
        5        0
        5        1
        5        2
        5        8
        5        9
        6        0
        6        1
        6        2
        6        8
        6        9
        7        0
        7        1
        7        2
        7        3
        7        7
        7        8
        7        9
        8        0
        8        1
        8        2
        8        3
        8        4
        8        5
        8        6
        8        7
        8        8
        8        9
        9        0
        9        1
        9        2
        9        3
        9        4
        9        5
        9        6
        9        7
        9        8
        9        9
Excitations: 117 x 2
        13        55
        13        33
        17        56
        17        34
         3        55
         7        56
         7        34
         3        33
         8        55
        12        34
        12        56
         8        33
         0        63
        20        65
         2        65
        18        63
         2        26
        20        26
         0        24
        18        24
        19        64
         1        64
         1        25
        19        25
        13        62
        17        66
        17        27
        13        23
         7        66
         3        23
         7        27
         3        62
         4        24
         6        26
        14        63
         6        65
        14        24
        16        65
        16        26
         4        63
        15        64
        15        25
         5        64
         5        25
         8        62
        12        27
        12        66
         8        23
        11        65
         9        63
        11        26
         9        24
        10        25
        10        64
         0        73
        18        73
        20        75
         2        75
        18        14
        20        16
         2        16
         0        14
         1        74
        19        74
        19        15
         1        15
        17        76
        13        72
         3        72
         7        76
        17        17
        13        13
         3        13
         7        17
        16        75
         4        73
        14        73
         6        75
         6        16
        14        14
        16        16
         4        14
        15        74
         5        74
         5        15
        15        15
         8        72
        12        76
        12        17
         8        13
        11        75
         9        73
        11        16
         9        14
        10        74
        10        15
        20         6
         2         6
        18         4
         0         4
         1         5
        19         5
        17         7
        13         3
         3         3
         7         7
        14         4
         6         6
        16         6
         4         4
        12         7
         8         3
        15         5
         5         5
        11         6
         9         4
        10         5

                            End of Section: Matrices                            

################################################################################

                              End of Output File.                              

################################################################################
