################################################################################

            Output File for HFS, the Hartree-Fock Stability Program            
                              Author: Evan Curtin                              
             Institution: University of Illinois @ Urbana-Champaign             
                          email: ecurtin2@illinois.edu                          
                       Built on Oct 21 2016, at 17:11:28                       

################################################################################

                Computation Started : Fri Oct 21 17:57:00 2016
                
                Computation Finished: Fri Oct 21 17:57:05 2016
                
                     Total Elapsed Time = 4.24564 seconds.                     

--------------------------------------------------------------------------------

                                     Input                                     

--------------------------------------------------------------------------------

Nk = 16
ndim = 2
rs = 1.200000000000000

                             End of Section: Input                             

--------------------------------------------------------------------------------

                                     Output                                     

--------------------------------------------------------------------------------

deltaK = 0.314269680527354
kf = 1.178511301977579
kmax = 2.357022603955159
Nocc = 44
Nvir = 181
Nexc = 380
ground_state_degeneracy = 8
dav_its = 10
num_guess_evecs = 80
Dav_blocksize = 20
Dav_Num_evals = 8
Dav_time = 3.644174819000000
Mv_time = 0.004663545000000
Davidson Tolerance = 1.00e-08
Dav_minits = 5
Dav_maxits = 30
Dav_maxsubsize = 3000
Davidson_Stopping_Criteria = All Requested Eigenvalue Norms Converged
full_diag_min = -0.027833931207830
full_diag_time = 0.600329241000000

                             End of Section: Output                             

--------------------------------------------------------------------------------

                                    Vectors                                    

--------------------------------------------------------------------------------

Occ Energies: 44
-0.052401983868125
-0.052401983868125
-0.043384569102268
-0.350495515018268
-0.511947734679797
-0.511947734679797
-0.350495515018268
-0.043384569102269
-0.350495515018269
-0.659255925807222
-0.805800072609344
-0.805800072609344
-0.659255925807222
-0.350495515018269
-0.052401983868125
-0.511947734679797
-0.805800072609344
-0.948646313241901
-0.948646313241901
-0.805800072609344
-0.511947734679797
-0.052401983868125
-0.052401983868125
-0.511947734679797
-0.805800072609344
-0.948646313241901
-0.948646313241901
-0.805800072609344
-0.511947734679797
-0.052401983868124
-0.350495515018269
-0.659255925807222
-0.805800072609344
-0.805800072609344
-0.659255925807222
-0.350495515018269
-0.043384569102269
-0.350495515018269
-0.511947734679797
-0.511947734679797
-0.350495515018269
-0.043384569102269
-0.052401983868125
-0.052401983868124
Vir Energies: 181
5.291624593685335
4.595515435414767
3.990073012536883
3.477146523528359
3.059840021205482
2.742650441011591
2.528799085618918
2.420952513489636
2.420952513489636
2.528799085618918
2.742650441011591
3.059840021205482
3.477146523528360
3.990073012536884
4.595515435414769
4.595515435414767
3.899085001392974
3.292661454074121
2.778063865843177
2.358442557330765
2.038557266398566
1.822098559325561
1.712510709700417
1.712510709700417
1.822098559325561
2.038557266398566
2.358442557330766
2.778063865843177
3.292661454074121
3.899085001392975
3.990073012536883
3.292661454074121
2.683199953819774
2.163295705006689
1.736149141775786
1.407231589266047
1.181348606912514
1.064657274653949
1.064657274653949
1.181348606912514
1.407231589266047
1.736149141775786
2.163295705006690
2.683199953819775
3.292661454074122
3.477146523528359
2.778063865843177
2.163295705006689
1.633617204694453
1.191548831629422
0.843739761682235
0.595417366742121
0.452847081122530
0.452847081122530
0.595417366742121
0.843739761682235
1.191548831629423
1.633617204694453
2.163295705006690
2.778063865843178
3.059840021205482
2.358442557330765
1.736149141775786
1.191548831629422
0.721772583396946
0.331814075971733
0.046218384160603
0.046218384160603
0.331814075971733
0.721772583396947
1.191548831629423
1.736149141775786
2.358442557330766
2.742650441011591
2.038557266398567
1.407231589266047
0.843739761682235
0.331814075971733
0.331814075971734
0.843739761682236
1.407231589266047
2.038557266398568
2.528799085618918
1.822098559325561
1.181348606912514
0.595417366742121
0.046218384160602
0.046218384160603
0.595417366742122
1.181348606912515
1.822098559325561
2.420952513489636
1.712510709700417
1.064657274653949
0.452847081122530
0.452847081122531
1.064657274653950
1.712510709700418
2.420952513489636
1.712510709700417
1.064657274653949
0.452847081122530
0.452847081122531
1.064657274653950
1.712510709700418
2.528799085618918
1.822098559325560
1.181348606912514
0.595417366742121
0.046218384160603
0.046218384160603
0.595417366742121
1.181348606912515
1.822098559325561
2.742650441011591
2.038557266398566
1.407231589266047
0.843739761682235
0.331814075971733
0.331814075971734
0.843739761682236
1.407231589266047
2.038557266398567
3.059840021205482
2.358442557330766
1.736149141775786
1.191548831629423
0.721772583396947
0.331814075971734
0.046218384160603
0.046218384160603
0.331814075971734
0.721772583396947
1.191548831629424
1.736149141775787
2.358442557330767
3.477146523528360
2.778063865843177
2.163295705006690
1.633617204694453
1.191548831629423
0.843739761682236
0.595417366742121
0.452847081122531
0.452847081122531
0.595417366742121
0.843739761682236
1.191548831629424
1.633617204694454
2.163295705006691
2.778063865843178
3.990073012536884
3.292661454074121
2.683199953819775
2.163295705006690
1.736149141775786
1.407231589266047
1.181348606912515
1.064657274653950
1.064657274653950
1.181348606912515
1.407231589266047
1.736149141775787
2.163295705006691
2.683199953819775
3.292661454074122
4.595515435414769
3.899085001392975
3.292661454074122
2.778063865843178
2.358442557330766
2.038557266398568
1.822098559325561
1.712510709700417
1.712510709700417
1.822098559325561
2.038557266398567
2.358442557330767
2.778063865843178
3.292661454074122
3.899085001392976
Excitation Energies: 380
0.098620368028727
0.098620368028728
0.098620368028728
0.098620368028728
0.098620368028728
0.098620368028728
0.098620368028728
0.098620368028728
0.375198645074002
0.375198645074002
0.375198645074002
0.375198645074002
0.375198645074002
0.375198645074002
0.375198645074003
0.375198645074003
0.384216059839858
0.384216059839858
0.384216059839858
0.384216059839859
0.384216059839859
0.384216059839859
0.384216059839859
0.384216059839859
0.396713899178871
0.396713899178871
0.396713899178871
0.396713899178871
0.396713899178871
0.396713899178871
0.396713899178872
0.396713899178872
0.505249064990655
0.505249064990655
0.505249064990655
0.505249064990655
0.505249064990656
0.505249064990656
0.505249064990656
0.505249064990656
0.682309590990002
0.682309590990002
0.682309590990002
0.682309590990002
0.682309590990003
0.682309590990003
0.682309590990003
0.682309590990003
0.705474309967824
0.705474309967825
0.705474309967825
0.705474309967825
0.705474309967825
0.705474309967825
0.705474309967825
0.705474309967825
0.774174567265071
0.774174567265071
0.774174567265072
0.774174567265072
0.774174567265072
0.774174567265072
0.774174567265072
0.774174567265072
0.843761810651530
0.843761810651530
0.843761810651530
0.843761810651530
0.843761810651531
0.843761810651531
0.843761810651531
0.843761810651531
0.852018456769946
0.852018456769946
0.852018456769947
0.852018456769947
0.852018456769947
0.852018456769947
0.852018456769947
0.852018456769947
0.887124330784503
0.887124330784503
0.887124330784504
0.887124330784504
0.887124330784504
0.887124330784504
0.887124330784505
0.887124330784505
0.945912881760389
0.945912881760389
0.945912881760389
0.945912881760389
0.945912881760390
0.945912881760390
0.945912881760390
0.945912881760390
0.964794815802327
0.964794815802327
0.964794815802327
0.964794815802327
0.964794815802328
0.964794815802328
0.964794815802328
0.964794815802328
1.117059258522074
1.117059258522074
1.117059258522074
1.117059258522074
1.117059258522074
1.117059258522074
1.117059258522074
1.117059258522075
1.194235276700504
1.194235276700504
1.194235276700504
1.194235276700504
1.194235276700504
1.194235276700504
1.194235276700504
1.194235276700504
1.243950815497548
1.243950815497548
1.243950815497548
1.243950815497548
1.243950815497548
1.243950815497548
1.243950815497548
1.243950815497548
1.254673292549342
1.254673292549342
1.254673292549343
1.254673292549343
1.254673292549343
1.254673292549343
1.254673292549343
1.254673292549344
1.258647153731874
1.258647153731874
1.258647153731874
1.258647153731874
1.258647153731875
1.258647153731875
1.258647153731875
1.258647153731875
1.355687496362032
1.355687496362032
1.355687496362032
1.355687496362032
1.355687496362033
1.355687496362033
1.355687496362033
1.355687496362033
1.401217439351464
1.401217439351464
1.401217439351464
1.401217439351464
1.401217439351465
1.401217439351465
1.401217439351465
1.401217439351465
1.401493394364432
1.401493394364432
1.401493394364432
1.401493394364432
1.401493394364433
1.401493394364433
1.401493394364433
1.401493394364433
1.450616158368315
1.450616158368315
1.450616158368316
1.450616158368316
1.450616158368316
1.450616158368316
1.450616158368316
1.450616158368316
1.531844121930783
1.531844121930783
1.531844121930783
1.531844121930783
1.531844121930783
1.531844121930783
1.531844121930783
1.531844121930783
1.576605009333746
1.576605009333746
1.576605009333746
1.576605009333746
1.576605009333746
1.576605009333746
1.576605009333746
1.576605009333747
1.757727104284315
1.757727104284315
1.757727104284316
1.757727104284316
1.757727104284316
1.757727104284316
1.757727104284316
1.757727104284316
1.764912693568541
1.764912693568541
1.764912693568542
1.764912693568542
1.764912693568542
1.764912693568542
1.764912693568542
1.764912693568542
1.788551125643911
1.788551125643911
1.788551125643911
1.788551125643911
1.788551125643911
1.788551125643911
1.788551125643911
1.788551125643911
1.840604532719736
1.840604532719736
1.840604532719736
1.840604532719736
1.840604532719736
1.840604532719737
1.840604532719737
1.840604532719737
1.870457347263293
1.870457347263293
1.870457347263293
1.870457347263293
1.870457347263293
1.870457347263293
1.870457347263293
1.870457347263294
1.919179323945844
1.919179323945844
1.919179323945844
1.919179323945844
1.919179323945844
1.919179323945844
1.919179323945844
1.919179323945844
1.987148679521858
1.987148679521858
1.987148679521858
1.987148679521858
1.987148679521858
1.987148679521858
1.987148679521858
1.987148679521858
2.013303587895851
2.013303587895851
2.013303587895851
2.013303587895851
2.013303587895851
2.013303587895851
2.013303587895851
2.013303587895851
2.081941835500834
2.081941835500835
2.081941835500835
2.081941835500835
2.081941835500836
2.081941835500836
2.081941835500836
2.081941835500836
2.172594074343829
2.172594074343829
2.172594074343829
2.172594074343829
2.172594074343830
2.172594074343830
2.172594074343830
2.172594074343830
2.224458444380213
2.224458444380213
2.224458444380214
2.224458444380214
2.224458444380214
2.224458444380214
2.224458444380214
2.224458444380214
2.389052781416835
2.389052781416835
2.389052781416835
2.389052781416835
2.389052781416836
2.389052781416836
2.389052781416836
2.389052781416836
2.410844541198890
2.410844541198890
2.410844541198890
2.410844541198891
2.410844541198891
2.410844541198891
2.410844541198891
2.410844541198891
2.473354497357761
2.473354497357761
2.473354497357761
2.473354497357761
2.481354485132782
2.481354485132782
2.481354485132782
2.481354485132782
2.481354485132783
2.481354485132783
2.481354485132783
2.481354485132783
2.518310782309760
2.518310782309760
2.518310782309761
2.518310782309761
2.518310782309761
2.518310782309761
2.518310782309761
2.518310782309761
2.550505001078363
2.550505001078363
2.550505001078363
2.550505001078363
2.550505001078364
2.550505001078364
2.550505001078364
2.550505001078364
2.627898631934904
2.627898631934904
2.627898631934904
2.627898631934904
2.627898631934905
2.627898631934905
2.627898631934905
2.627898631934905
2.661157022942318
2.661157022942318
2.661157022942318
2.661157022942318
2.661157022942318
2.661157022942318
2.661157022942318
2.661157022942318
2.786035010113859
2.786035010113860
2.786035010113860
2.786035010113860
2.879294600637187
2.879294600637187
2.879294600637187
2.879294600637187
2.932900248169433
2.932900248169433
2.932900248169434
2.932900248169434
3.093145956029860
3.093145956029860
3.093145956029860
3.093145956029860
3.112242005073607
3.112242005073607
3.112242005073607
3.112242005073607
3.188055011426140
3.188055011426140
3.188055011426140
3.188055011426140
3.226752586098980
3.226752586098980
3.226752586098980
3.226752586098980
3.254598175691388
3.254598175691388
3.254598175691388
3.254598175691388
3.334599158228262
3.334599158228262
3.334599158228262
3.334599158228262
3.369598826731537
3.369598826731538
3.369598826731538
3.369598826731538
Kgrid: 16
-2.357022603955159
-2.042752923427804
-1.728483242900450
-1.414213562373095
-1.099943881845741
-0.785674201318386
-0.471404520791032
-0.157134840263677
0.157134840263677
0.471404520791032
0.785674201318386
1.099943881845741
1.414213562373095
1.728483242900450
2.042752923427805
2.357022603955159
Davidson lowest eigenvalues at each iteration: 10
0.075647736112511
-0.003897735289629
-0.027652104288674
-0.108439852521073
-0.027833931110228
-0.027833931207706
-0.027833931207819
-0.027833931207832
-0.027833931207832
-0.027833931207832
DavVals: 80
0.075647736112511
0.075647736112512
0.080945719721856
0.080945719721857
0.098649408567700
0.098649408567700
0.104673623351458
0.104673623351458
-0.003897735289629
-0.003897735289629
0.031519592130358
0.031519592130358
0.056149058643134
0.056149058643135
0.085721520024155
0.085721520024155
-0.027652104288674
-0.027652033294580
0.030793799458721
0.030793799458722
0.048879966414956
0.048880034337847
0.058855607561113
0.058864529453752
-0.108439852521073
-0.027833620792250
-0.027833616533445
0.030793799458721
0.030793799458722
0.048827039322786
0.048827045115792
0.054702832102967
-0.027833931110228
-0.027833930483591
0.030793799458721
0.030793799458721
0.048826959917185
0.048826960929931
0.054622853105717
0.054622962768942
-0.027833931207706
-0.027833931173149
0.030793799458721
0.030793799458721
0.048826959897254
0.048826959961499
0.054622194476130
0.054622208483916
-0.027833931207819
-0.027833931205878
0.030793799458721
0.030793799458721
0.048826959897095
0.048826959902284
0.054622184314293
0.054622186281309
-0.027833931207832
-0.027833931207768
0.030793799458721
0.030793799458721
0.048826959897073
0.048826959897147
0.054622183264924
0.054622183359752
-0.027833931207832
-0.027833931207831
0.030793799458720
0.030793799458722
0.048826959897072
0.048826959897073
0.054622183240737
0.054622183241578
-0.027833931207832
-0.027833931207832
0.030793799458722
0.030793799458722
0.048826959897072
0.048826959897072
0.054622183240634
0.054622183240644
Davidson Times Per Iteration: 10
0.572654647000000
0.301307647000000
0.316705696000000
0.275982351000000
0.289463852000000
0.290682057000000
0.305411412000000
0.322178340000000
0.334406535000000
0.328876575000000

                            End of Section: Vectors                            

--------------------------------------------------------------------------------

                                    Matrices                                    

--------------------------------------------------------------------------------

Occupied States: 44 x 2
         4         7
         4         8
         5         5
         5         6
         5         7
         5         8
         5         9
         5        10
         6         5
         6         6
         6         7
         6         8
         6         9
         6        10
         7         4
         7         5
         7         6
         7         7
         7         8
         7         9
         7        10
         7        11
         8         4
         8         5
         8         6
         8         7
         8         8
         8         9
         8        10
         8        11
         9         5
         9         6
         9         7
         9         8
         9         9
         9        10
        10         5
        10         6
        10         7
        10         8
        10         9
        10        10
        11         7
        11         8
Virtual States: 181 x 2
         0         0
         0         1
         0         2
         0         3
         0         4
         0         5
         0         6
         0         7
         0         8
         0         9
         0        10
         0        11
         0        12
         0        13
         0        14
         1         0
         1         1
         1         2
         1         3
         1         4
         1         5
         1         6
         1         7
         1         8
         1         9
         1        10
         1        11
         1        12
         1        13
         1        14
         2         0
         2         1
         2         2
         2         3
         2         4
         2         5
         2         6
         2         7
         2         8
         2         9
         2        10
         2        11
         2        12
         2        13
         2        14
         3         0
         3         1
         3         2
         3         3
         3         4
         3         5
         3         6
         3         7
         3         8
         3         9
         3        10
         3        11
         3        12
         3        13
         3        14
         4         0
         4         1
         4         2
         4         3
         4         4
         4         5
         4         6
         4         9
         4        10
         4        11
         4        12
         4        13
         4        14
         5         0
         5         1
         5         2
         5         3
         5         4
         5        11
         5        12
         5        13
         5        14
         6         0
         6         1
         6         2
         6         3
         6         4
         6        11
         6        12
         6        13
         6        14
         7         0
         7         1
         7         2
         7         3
         7        12
         7        13
         7        14
         8         0
         8         1
         8         2
         8         3
         8        12
         8        13
         8        14
         9         0
         9         1
         9         2
         9         3
         9         4
         9        11
         9        12
         9        13
         9        14
        10         0
        10         1
        10         2
        10         3
        10         4
        10        11
        10        12
        10        13
        10        14
        11         0
        11         1
        11         2
        11         3
        11         4
        11         5
        11         6
        11         9
        11        10
        11        11
        11        12
        11        13
        11        14
        12         0
        12         1
        12         2
        12         3
        12         4
        12         5
        12         6
        12         7
        12         8
        12         9
        12        10
        12        11
        12        12
        12        13
        12        14
        13         0
        13         1
        13         2
        13         3
        13         4
        13         5
        13         6
        13         7
        13         8
        13         9
        13        10
        13        11
        13        12
        13        13
        13        14
        14         0
        14         1
        14         2
        14         3
        14         4
        14         5
        14         6
        14         7
        14         8
        14         9
        14        10
        14        11
        14        12
        14        13
        14        14
Excitations: 380 x 2
           22           86
           29           87
           22          109
           21           87
           14           86
           29          110
           21          110
           14          109
            2           65
            7           68
           36           65
           41           68
            7          131
            2          128
           41          131
           36          128
           22          118
           22           77
           29          119
           21          119
           14          118
           29           78
           14           77
           21           78
            3           66
            6           67
           37           66
            3          129
           40           67
            6          130
           37          129
           40          130
           43           53
           42           52
            1           53
            0           52
           43          144
           42          143
            1          144
            0          143
            8           65
           30           65
           13           68
           35           68
           13          131
           35          131
           30          128
            8          128
            9           66
           31           66
           12           67
           34           67
            9          129
           12          130
           31          129
           34          130
           22           64
           29           69
           21           69
           14           64
           29          132
           22          127
           21          132
           14          127
           23           65
           15           65
           28           68
           20           68
           28          131
           23          128
           20          131
           15          128
           16           66
           24           66
           27           67
           19           67
           24          129
           16          129
           19          130
           27          130
            2           50
            7           55
           36           50
           41           55
            2          141
            7          146
           36          141
           41          146
            6           54
            3           51
           37           51
           40           54
            3          142
            6          145
           37          142
           40          145
            4           52
            5           53
           38           52
           39           53
            4          143
            5          144
           39          144
           38          143
           43           38
           42           37
           43          159
            1           38
            1          159
           42          158
            0           37
            0          158
           30           50
           13           55
            8           50
           35           55
            8          141
           13          146
           35          146
           30          141
           21           56
           29           56
           14           49
           22           49
           29          147
           21          147
           14          140
           22          140
            9           51
           12           54
           34           54
           31           51
           31          142
           12          145
            9          142
           34          145
           11           53
           10           52
           33           53
           32           52
           32          143
           33          144
           11          144
           10          143
           15           50
           20           55
           28           55
           23           50
           23          141
           15          141
           28          146
           20          146
           16           51
           24           51
           27           54
           19           54
           24          142
           16          142
           27          145
           19          145
           17           52
           18           53
           26           53
           25           52
           17          143
           25          143
           18          144
           26          144
            2           35
            7           40
           36           35
            2          156
            7          161
           41           40
           41          161
           36          156
            3           36
            6           39
           37           36
            6          160
           40           39
            3          157
           37          157
           40          160
            5          159
            4           37
            5           38
           38           37
           39           38
            4          158
           39          159
           38          158
            8           35
           30           35
           35           40
           13           40
            8          156
           35          161
           30          156
           13          161
           42           22
           43           23
            1           23
            0           22
           43          174
            1          174
           42          173
            0          173
           22           34
           29           41
           21           41
           29          162
           21          162
           14          155
           22          155
           14           34
            9           36
           12           39
           31           36
           34           39
           12          160
           34          160
            9          157
           31          157
           11           38
           10           37
           11          159
           33           38
           33          159
           32           37
           10          158
           32          158
           23           35
           15           35
           28           40
           28          161
           23          156
           20           40
           15          156
           20          161
           16           36
           24           36
           27          160
           19           39
           19          160
           27           39
           16          157
           24          157
           25           37
           17           37
           18          159
           18           38
           26          159
           26           38
           25          158
           17          158
            2           20
            7           25
           41           25
           36           20
            7          176
           36          171
            2          171
           41          176
           40           24
            3           21
           37           21
            6           24
            3          172
            6          175
           37          172
           40          175
            5           23
            4           22
           38           22
           39           23
            4          173
            5          174
           38          173
           39          174
           13           25
            8           20
           30           20
           35           25
           13          176
           35          176
           30          171
            8          171
           29           26
           21           26
           22           19
           14           19
           21          177
           22          170
           29          177
           14          170
           42            7
           43            8
            1            8
            0            7
            9           21
           31           21
           34           24
           12           24
           31          172
           34          175
            9          172
           12          175
           11           23
           10           22
           32           22
           33           23
           33          174
           32          173
           10          173
           11          174
           23           20
           15           20
           28           25
           20           25
           23          171
           28          176
           15          171
           20          176
           16           21
           19           24
           24           21
           27           24
           27          175
           24          172
           16          172
           19          175
           18           23
           26           23
           25           22
           17           22
           17          173
           18          174
           26          174
           25          173
            2            5
            7           10
           36            5
           41           10
            6            9
           37            6
           40            9
            3            6
            4            7
            5            8
           38            7
           39            8
           35           10
            8            5
           13           10
           30            5
           29           11
           22            4
           21           11
           14            4
           34            9
           12            9
           31            6
            9            6
           11            8
           10            7
           33            8
           32            7
           23            5
           15            5
           20           10
           28           10
           27            9
           19            9
           16            6
           24            6
           18            8
           17            7
           26            8
           25            7

                            End of Section: Matrices                            

################################################################################

                              End of Output File.                              

################################################################################
