################################################################################

            Output File for HFS, the Hartree-Fock Stability Program            
                              Author: Evan Curtin                              
             Institution: University of Illinois @ Urbana-Champaign             
                          email: ecurtin2@illinois.edu                          
                       Built on Nov  2 2016, at 17:06:03                       

################################################################################

                Computation Started : Wed Nov  2 17:18:33 2016
                
                Computation Finished: Wed Nov  2 17:18:40 2016
                
                     Total Elapsed Time = 7.75483 seconds.                     

--------------------------------------------------------------------------------

                                     Input                                     

--------------------------------------------------------------------------------

Nk = 14
ndim = 2
rs = 1.200000047683716
mycase = cRHF2cUHF

                             End of Section: Input                             

--------------------------------------------------------------------------------

                                     Output                                     

--------------------------------------------------------------------------------

deltaK = 0.362619029047193
kf = 1.178511255147749
kmax = 2.357023688806754
Nocc = 32
Nvir = 137
Nexc = 240
ground_state_degeneracy = 8
dav_its = 18
num_guess_evecs = 50
Dav_blocksize = 20
Dav_Num_evals = 8
Mv_time = 0.002064860000000
cond_number = 10.783327647875330
Dav_nconv = 8
Davidson Tolerance = 1.00e-08
Dav_maxits = 50
Dav_maxsubsize = 1000
Dav_final_val = 0.042969777648189
Dav_time = 7.101999479000000
full_diag_min = 0.042969777648190
full_diag_time = 0.646488710000000

                             End of Section: Output                             

--------------------------------------------------------------------------------

                                    Vectors                                    

--------------------------------------------------------------------------------

Occ Energies: 32
-0.115627830142905
-0.315948896986125
-0.315948896986125
-0.115627830142905
-0.115627830142905
-0.531096739475095
-0.728144235946413
-0.728144235946413
-0.531096739475095
-0.115627830142905
-0.315948896986125
-0.728144235946413
-0.921858430350577
-0.921858430350577
-0.728144235946413
-0.315948896986125
-0.315948896986125
-0.728144235946413
-0.921858430350577
-0.921858430350577
-0.728144235946413
-0.315948896986125
-0.115627830142906
-0.531096739475095
-0.728144235946413
-0.728144235946413
-0.531096739475095
-0.115627830142905
-0.115627830142905
-0.315948896986125
-0.315948896986125
-0.115627830142905
Vir Energies: 137
5.291029766404908
4.496529781396772
3.822827589720319
3.272971651935206
2.853700806775576
2.571052581287010
2.428608632817780
2.428608632817780
2.571052581287009
2.853700806775576
3.272971651935206
3.822827589720319
4.496529781396773
4.496529781396772
3.701434539596703
3.025900937977543
2.472941662324013
2.049717250692068
1.763335813685875
1.618654792736251
1.618654792736251
1.763335813685875
2.049717250692068
2.472941662324013
3.025900937977543
3.701434539596703
3.822827589720319
3.025900937977543
2.344613836512658
1.781458339919301
1.344235711904476
1.043754959139033
0.890817580501514
0.890817580501514
1.043754959139033
1.344235711904476
1.781458339919301
2.344613836512658
3.025900937977544
3.272971651935206
2.472941662324013
1.781458339919301
1.198557953967148
0.728866166626033
0.386120360657639
0.213342558863214
0.213342558863214
0.386120360657639
0.728866166626033
1.198557953967148
1.781458339919301
2.472941662324013
2.853700806775576
2.049717250692068
1.344235711904476
0.728866166626033
0.195080252981000
0.195080252981000
0.728866166626033
1.344235711904476
2.049717250692068
2.571052581287010
1.763335813685875
1.043754959139033
0.386120360657639
0.386120360657639
1.043754959139033
1.763335813685875
2.428608632817780
1.618654792736251
0.890817580501514
0.213342558863214
0.213342558863214
0.890817580501514
1.618654792736252
2.428608632817780
1.618654792736251
0.890817580501514
0.213342558863214
0.213342558863214
0.890817580501514
1.618654792736252
2.571052581287010
1.763335813685875
1.043754959139033
0.386120360657639
0.386120360657639
1.043754959139033
1.763335813685875
2.853700806775576
2.049717250692068
1.344235711904476
0.728866166626033
0.195080252981000
0.195080252981001
0.728866166626033
1.344235711904476
2.049717250692068
3.272971651935206
2.472941662324013
1.781458339919301
1.198557953967148
0.728866166626033
0.386120360657639
0.213342558863214
0.213342558863214
0.386120360657639
0.728866166626033
1.198557953967148
1.781458339919301
2.472941662324013
3.822827589720319
3.025900937977543
2.344613836512658
1.781458339919301
1.344235711904476
1.043754959139033
0.890817580501514
0.890817580501514
1.043754959139033
1.344235711904476
1.781458339919301
2.344613836512658
3.025900937977544
4.496529781396773
3.701434539596704
3.025900937977544
2.472941662324013
2.049717250692068
1.763335813685875
1.618654792736251
1.618654792736251
1.763335813685875
2.049717250692068
2.472941662324013
3.025900937977544
3.701434539596704
Excitation Energies: 240
0.310708083123906
0.310708083123906
0.310708083123906
0.310708083123906
0.310708083123906
0.310708083123906
0.310708083123906
0.310708083123906
0.501748190800544
0.501748190800544
0.501748190800544
0.501748190800544
0.501748190800544
0.501748190800544
0.501748190800544
0.501748190800544
0.511029149967125
0.511029149967125
0.511029149967125
0.511029149967125
0.511029149967125
0.511029149967125
0.511029149967126
0.511029149967126
0.529291455849339
0.529291455849339
0.529291455849339
0.529291455849339
0.529291455849339
0.529291455849339
0.529291455849339
0.529291455849339
0.844493996768939
0.844493996768939
0.844493996768939
0.844493996768939
0.844493996768939
0.844493996768939
0.844493996768939
0.844493996768939
0.917217100132733
0.917217100132734
0.917217100132734
0.917217100132734
0.917217100132734
0.917217100132734
0.917217100132734
0.917217100132734
0.941486794809627
0.941486794809628
0.941486794809628
0.941486794809628
0.941486794809628
0.941486794809628
0.941486794809628
0.941486794809628
1.044815063612158
1.044815063612158
1.044815063612158
1.044815063612158
1.044815063612158
1.044815063612158
1.044815063612158
1.044815063612158
1.114264596604052
1.114264596604052
1.114264596604052
1.114264596604052
1.114264596604052
1.114264596604052
1.114264596604052
1.114264596604052
1.135200989213791
1.135200989213791
1.135200989213791
1.135200989213791
1.135200989213791
1.135200989213791
1.135200989213791
1.135200989213792
1.159382789281938
1.159382789281938
1.159382789281938
1.159382789281938
1.159382789281938
1.159382789281938
1.159382789281938
1.159382789281938
1.206766477487639
1.206766477487639
1.206766477487639
1.206766477487639
1.206766477487639
1.206766477487639
1.206766477487639
1.206766477487639
1.459863542047381
1.459863542047381
1.459863542047381
1.459863542047381
1.459863542047381
1.459863542047381
1.459863542047381
1.459863542047381
1.574851698614128
1.574851698614128
1.574851698614128
1.574851698614128
1.574851698614128
1.574851698614128
1.574851698614128
1.574851698614128
1.618961816447928
1.618961816447928
1.618961816447928
1.618961816447928
1.618961816447928
1.618961816447928
1.618961816447928
1.618961816447928
1.660184608890600
1.660184608890600
1.660184608890601
1.660184608890601
1.660184608890601
1.660184608890601
1.660184608890601
1.660184608890601
1.771899195085446
1.771899195085446
1.771899195085446
1.771899195085446
1.771899195085446
1.771899195085446
1.771899195085446
1.771899195085446
1.812676010852091
1.812676010852091
1.812676010852091
1.812676010852091
1.812676010852091
1.812676010852091
1.812676010852091
1.812676010852091
1.878963643828780
1.878963643828780
1.878963643828780
1.878963643828780
1.878963643828781
1.878963643828781
1.878963643828781
1.878963643828781
1.934603689722376
1.934603689722376
1.934603689722376
1.934603689722376
1.934603689722376
1.934603689722376
1.934603689722376
1.934603689722376
2.165345080834973
2.165345080834973
2.165345080834973
2.165345080834973
2.165345080834973
2.165345080834973
2.165345080834974
2.165345080834974
2.294432553160970
2.294432553160970
2.294432553160970
2.294432553160970
2.294432553160970
2.294432553160970
2.294432553160970
2.294432553160970
2.346799028682665
2.346799028682665
2.346799028682665
2.346799028682665
2.346799028682665
2.346799028682665
2.346799028682665
2.346799028682665
2.365666147678192
2.365666147678192
2.365666147678193
2.365666147678193
2.365666147678193
2.365666147678193
2.365666147678193
2.365666147678193
2.491480049632288
2.491480049632288
2.491480049632289
2.491480049632289
2.491480049632289
2.491480049632289
2.491480049632289
2.491480049632289
2.540513223086828
2.540513223086828
2.540513223086828
2.540513223086828
2.540513223086828
2.540513223086828
2.540513223086828
2.540513223086828
2.686680411429914
2.686680411429914
2.686680411429915
2.686680411429915
2.744557529803904
2.744557529803904
2.744557529803905
2.744557529803905
2.969328636918481
2.969328636918481
2.969328636918481
2.969328636918481
3.102149320762104
3.102149320762104
3.102149320762105
3.102149320762105
3.156752868764193
3.156752868764193
3.156752868764193
3.156752868764193
3.169649703761701
3.169649703761701
3.169649703761701
3.169649703761701
3.299196817233423
3.299196817233423
3.299196817233423
3.299196817233423
3.350467063168357
3.350467063168357
3.350467063168357
3.350467063168357
Kgrid: 14
-2.357023688806754
-1.994404659759561
-1.631785630712368
-1.269166601665175
-0.906547572617982
-0.543928543570789
-0.181309514523596
0.181309514523596
0.543928543570789
0.906547572617983
1.269166601665175
1.631785630712368
1.994404659759561
2.357023688806754
DavVals: 8
0.042969777648189
0.042969777648190
0.125233307383761
0.125233307383763
0.202015519525936
0.202015519525937
0.264367688417508
0.264367688417508

                            End of Section: Vectors                            

--------------------------------------------------------------------------------

                                    Matrices                                    

--------------------------------------------------------------------------------

Occupied States: 32 x 2
        4        5
        4        6
        4        7
        4        8
        5        4
        5        5
        5        6
        5        7
        5        8
        5        9
        6        4
        6        5
        6        6
        6        7
        6        8
        6        9
        7        4
        7        5
        7        6
        7        7
        7        8
        7        9
        8        4
        8        5
        8        6
        8        7
        8        8
        8        9
        9        5
        9        6
        9        7
        9        8
Virtual States: 137 x 2
         0         0
         0         1
         0         2
         0         3
         0         4
         0         5
         0         6
         0         7
         0         8
         0         9
         0        10
         0        11
         0        12
         1         0
         1         1
         1         2
         1         3
         1         4
         1         5
         1         6
         1         7
         1         8
         1         9
         1        10
         1        11
         1        12
         2         0
         2         1
         2         2
         2         3
         2         4
         2         5
         2         6
         2         7
         2         8
         2         9
         2        10
         2        11
         2        12
         3         0
         3         1
         3         2
         3         3
         3         4
         3         5
         3         6
         3         7
         3         8
         3         9
         3        10
         3        11
         3        12
         4         0
         4         1
         4         2
         4         3
         4         4
         4         9
         4        10
         4        11
         4        12
         5         0
         5         1
         5         2
         5         3
         5        10
         5        11
         5        12
         6         0
         6         1
         6         2
         6         3
         6        10
         6        11
         6        12
         7         0
         7         1
         7         2
         7         3
         7        10
         7        11
         7        12
         8         0
         8         1
         8         2
         8         3
         8        10
         8        11
         8        12
         9         0
         9         1
         9         2
         9         3
         9         4
         9         9
         9        10
         9        11
         9        12
        10         0
        10         1
        10         2
        10         3
        10         4
        10         5
        10         6
        10         7
        10         8
        10         9
        10        10
        10        11
        10        12
        11         0
        11         1
        11         2
        11         3
        11         4
        11         5
        11         6
        11         7
        11         8
        11         9
        11        10
        11        11
        11        12
        12         0
        12         1
        12         2
        12         3
        12         4
        12         5
        12         6
        12         7
        12         8
        12         9
        12        10
        12        11
        12        12
Excitations: 240 x 2
           27           57
            9           57
            4           56
           22           56
           27           94
            4           93
            9           94
           22           93
           31           47
           31          106
           28           44
           28          103
            3           47
            3          106
            0          103
            0           44
           21           57
           15           57
           16           56
           10           56
           21           94
           16           93
           15           94
           10           93
           29          104
           29           45
           30          105
           30           46
            1          104
            1           45
            2           46
            2          105
           27          107
           27           48
            9           48
            9          107
            4          102
            4           43
           22          102
           22           43
           26           47
           26          106
            5          103
           23          103
            5           44
            8           47
           23           44
            8          106
            6          104
           25           46
            6           45
           24          104
           25          105
            7          105
           24           45
            7           46
           21           48
           21          107
           16          102
           15          107
           15           48
           16           43
           10          102
           10           43
           14           47
           20           47
           11          103
           11           44
           14          106
           17          103
           17           44
           20          106
           18          104
           13          105
           13           46
           12          104
           18           45
           19          105
           19           46
           12           45
           31          119
           31           34
            3          119
            3           34
           28          116
           28           31
            0          116
            0           31
           29           32
           30           33
            1           32
           30          118
           29          117
            2           33
            1          117
            2          118
            4           30
            4          115
           22           30
           22          115
            9          120
           27           35
           27          120
            9           35
           26           34
           26          119
            8           34
            5          116
            5           31
            8          119
           23          116
           23           31
           24           32
            6          117
            6           32
           25           33
           25          118
            7          118
            7           33
           24          117
           21           35
           21          120
           15           35
           15          120
           16          115
           10          115
           16           30
           10           30
           11          116
           20           34
           17           31
           20          119
           14           34
           11           31
           14          119
           17          116
           18           32
           19           33
           12          117
           12           32
           19          118
           13          118
           13           33
           18          117
            3           21
           31           21
           28           18
            0           18
           28          129
           31          132
            3          132
            0          129
           29           19
           30           20
           29          130
           30          131
            2           20
            1           19
            1          130
            2          131
            9           22
           27           22
            9          133
           22           17
            4           17
           27          133
            4          128
           22          128
           23           18
            5           18
           26          132
           26           21
            8           21
            5          129
            8          132
           23          129
           24           19
            7           20
           25          131
            6          130
           25           20
            6           19
            7          131
           24          130
           15           22
           21           22
           16           17
           21          133
           10           17
           10          128
           15          133
           16          128
           14           21
           20           21
           14          132
           11           18
           17          129
           17           18
           11          129
           20          132
           13           20
           19           20
           18           19
           12          130
           19          131
           18          130
           12           19
           13          131
            3            8
           31            8
            0            5
           28            5
           29            6
           30            7
            2            7
            1            6
            4            4
            9            9
           27            9
           22            4
           26            8
            8            8
           23            5
            5            5
            6            6
           24            6
            7            7
           25            7
           10            4
           16            4
           21            9
           15            9
           14            8
           20            8
           11            5
           17            5
           12            6
           18            6
           19            7
           13            7

                            End of Section: Matrices                            

################################################################################

                              End of Output File.                              

################################################################################
