################################################################################

            Output File for HFS, the Hartree-Fock Stability Program            
                              Author: Evan Curtin                              
             Institution: University of Illinois @ Urbana-Champaign             
                          email: ecurtin2@illinois.edu                          
                       Built on Nov  2 2016, at 17:06:03                       

################################################################################

                Computation Started : Thu Nov  3 11:28:58 2016
                
                Computation Finished: Thu Nov  3 11:29:00 2016
                
                     Total Elapsed Time = 1.68698 seconds.                     

--------------------------------------------------------------------------------

                                     Input                                     

--------------------------------------------------------------------------------

Nk = 15
ndim = 2
rs = 1.200000047683716

                             End of Section: Input                             

--------------------------------------------------------------------------------

                                     Output                                     

--------------------------------------------------------------------------------

deltaK = 0.336717669829536
kf = 1.178511255147749
kmax = 2.357023688806754
Nocc = 37
Nvir = 159
Nexc = 303
ground_state_degeneracy = 8
dav_its = 10
num_guess_evecs = 1
Dav_blocksize = 1
Dav_Num_evals = 1
Mv_time = 0.002835884000000
cond_number = 17.016964811454191
Dav_nconv = 1
Davidson Tolerance = 1.00e-06
Dav_maxits = 50
Dav_maxsubsize = 1000
Dav_final_val = 0.029702847282227
Dav_time = 0.507613674000000
full_diag_min = 0.029702847282225
full_diag_time = 1.173136607000000

                             End of Section: Output                             

--------------------------------------------------------------------------------

                                    Vectors                                    

--------------------------------------------------------------------------------

Occ Energies: 37
-0.115033976981967
-0.214316625214208
-0.115033976981967
-0.276761158513076
-0.561255380002388
-0.652711444746509
-0.561255380002388
-0.276761158513076
-0.115033976981967
-0.561255380002388
-0.818969962240993
-0.903306104779251
-0.818969962240993
-0.561255380002387
-0.115033976981966
-0.214316625214207
-0.652711444746509
-0.903306104779251
-0.985685094925087
-0.903306104779251
-0.652711444746508
-0.214316625214207
-0.115033976981967
-0.561255380002388
-0.818969962240993
-0.903306104779251
-0.818969962240993
-0.561255380002387
-0.115033976981966
-0.276761158513076
-0.561255380002388
-0.652711444746508
-0.561255380002388
-0.276761158513075
-0.115033976981966
-0.214316625214207
-0.115033976981966
Vir Energies: 159
5.295432013367715
4.553310207649529
3.914472162677572
3.382662803524171
2.961909409518106
2.657575015838912
2.472950141100254
2.411003584783108
2.472950141100254
2.657575015838912
2.961909409518106
3.382662803524171
3.914472162677571
4.553310207649531
4.553310207649529
3.810771497283561
3.170653967999090
2.636654035646615
2.212831561890697
1.905070115680535
1.717550777999887
1.654454550908396
1.717550777999887
1.905070115680536
2.212831561890698
2.636654035646615
3.170653967999090
3.810771497283562
3.914472162677572
3.170653967999090
2.526574205857009
1.985638152507367
1.551691154175225
1.231663857263879
1.032853498837675
0.965206018343670
1.032853498837675
1.231663857263880
1.551691154175226
1.985638152507367
2.526574205857009
3.170653967999091
3.382662803524171
2.636654035646616
1.985638152507367
1.431977971049321
0.978319189998961
0.629433657507245
0.394583335873814
0.314290662755523
0.394583335873814
0.629433657507245
0.978319189998962
1.431977971049321
1.985638152507366
2.636654035646617
2.961909409518106
2.212831561890697
1.551691154175225
0.978319189998961
0.490553257560765
0.084572046615254
0.084572046615254
0.490553257560765
0.978319189998961
1.551691154175225
2.212831561890698
2.657575015838912
1.905070115680535
1.231663857263879
0.629433657507245
0.084572046615254
0.084572046615254
0.629433657507245
1.231663857263879
1.905070115680536
2.472950141100254
1.717550777999887
1.032853498837675
0.394583335873813
0.394583335873813
1.032853498837674
1.717550777999888
2.411003584783108
1.654454550908396
0.965206018343670
0.314290662755523
0.314290662755523
0.965206018343670
1.654454550908397
2.472950141100255
1.717550777999887
1.032853498837675
0.394583335873813
0.394583335873813
1.032853498837674
1.717550777999888
2.657575015838912
1.905070115680536
1.231663857263880
0.629433657507245
0.084572046615254
0.084572046615255
0.629433657507245
1.231663857263879
1.905070115680537
2.961909409518106
2.212831561890698
1.551691154175226
0.978319189998962
0.490553257560765
0.084572046615254
0.084572046615255
0.490553257560766
0.978319189998962
1.551691154175225
2.212831561890698
3.382662803524171
2.636654035646616
1.985638152507367
1.431977971049321
0.978319189998961
0.629433657507245
0.394583335873813
0.314290662755523
0.394583335873813
0.629433657507245
0.978319189998962
1.431977971049321
1.985638152507366
2.636654035646616
3.914472162677571
3.170653967999090
2.526574205857009
1.985638152507366
1.551691154175225
1.231663857263879
1.032853498837674
0.965206018343669
1.032853498837674
1.231663857263879
1.551691154175225
1.985638152507366
2.526574205857008
3.170653967999091
4.553310207649531
3.810771497283562
3.170653967999091
2.636654035646617
2.212831561890698
1.905070115680536
1.717550777999888
1.654454550908397
1.717550777999888
1.905070115680537
2.212831561890698
2.636654035646617
3.170653967999091
3.810771497283563
Excitation Energies: 303
0.199606023597220
0.199606023597220
0.199606023597221
0.199606023597221
0.199606023597221
0.199606023597221
0.199606023597221
0.199606023597221
0.298888671829461
0.298888671829461
0.298888671829462
0.298888671829462
0.361333205128329
0.361333205128329
0.361333205128330
0.361333205128330
0.361333205128330
0.361333205128330
0.361333205128330
0.361333205128331
0.509617312855779
0.509617312855780
0.509617312855780
0.509617312855780
0.509617312855780
0.509617312855780
0.509617312855780
0.509617312855780
0.528607287969730
0.528607287969730
0.528607287969731
0.528607287969731
0.605587234542731
0.605587234542732
0.605587234542732
0.605587234542732
0.605587234542732
0.605587234542732
0.605587234542732
0.605587234542732
0.645827426617641
0.645827426617641
0.645827426617642
0.645827426617642
0.645827426617642
0.645827426617642
0.645827426617642
0.645827426617642
0.704869882774972
0.704869882774972
0.704869882774973
0.704869882774973
0.737283491361762
0.737283491361763
0.737283491361763
0.737283491361763
0.906194816020320
0.906194816020320
0.906194816020320
0.906194816020320
0.906194816020321
0.906194816020321
0.906194816020321
0.906194816020321
0.955838715876201
0.955838715876201
0.955838715876201
0.955838715876201
0.955838715876201
0.955838715876201
0.955838715876201
0.955838715876202
0.967002107502031
0.967002107502032
0.967002107502032
0.967002107502032
1.093353166980928
1.093353166980928
1.093353166980928
1.093353166980928
1.093353166980928
1.093353166980928
1.093353166980928
1.093353166980928
1.147887475819640
1.147887475819640
1.147887475819641
1.147887475819641
1.147887475819641
1.147887475819641
1.147887475819642
1.147887475819642
1.179522643557877
1.179522643557877
1.179522643557877
1.179522643557878
1.190689037509632
1.190689037509632
1.190689037509632
1.190689037509633
1.190689037509633
1.190689037509633
1.190689037509633
1.190689037509633
1.192635815213169
1.192635815213169
1.192635815213169
1.192635815213169
1.213553298114806
1.213553298114806
1.213553298114807
1.213553298114807
1.213553298114807
1.213553298114807
1.213553298114807
1.213553298114807
1.217596767534774
1.217596767534774
1.217596767534775
1.217596767534775
1.282145102253753
1.282145102253753
1.282145102253753
1.282145102253754
1.297889440653064
1.297889440653065
1.297889440653065
1.297889440653065
1.299975757680610
1.299975757680611
1.508425015776954
1.508425015776955
1.508425015776955
1.508425015776955
1.508425015776955
1.508425015776955
1.508425015776955
1.508425015776955
1.594108878840061
1.594108878840061
1.594108878840062
1.594108878840062
1.594108878840062
1.594108878840062
1.594108878840063
1.594108878840063
1.617917463090178
1.617917463090178
1.617917463090178
1.617917463090179
1.666725131157192
1.666725131157192
1.666725131157192
1.666725131157192
1.666725131157192
1.666725131157192
1.666725131157192
1.666725131157192
1.766007779389432
1.766007779389432
1.766007779389433
1.766007779389433
1.792919237266267
1.792919237266267
1.792919237266267
1.792919237266267
1.792919237266267
1.792919237266267
1.792919237266267
1.792919237266267
1.832584754981853
1.832584754981853
1.832584754981854
1.832584754981854
1.832584754981854
1.832584754981854
1.832584754981855
1.832584754981855
1.851823461078667
1.851823461078667
1.851823461078667
1.851823461078667
1.851823461078668
1.851823461078668
1.851823461078668
1.851823461078668
1.868512123122921
1.868512123122921
1.868512123122921
1.868512123122922
1.868771176122603
1.868771176122603
1.868771176122604
1.868771176122604
1.884375302010387
1.884375302010387
1.884375302010388
1.884375302010388
1.936159603616925
1.936159603616925
1.936159603616926
1.936159603616926
1.950891113268757
1.950891113268757
2.181831274193611
2.181831274193611
2.181831274193611
2.181831274193612
2.181831274193612
2.181831274193612
2.181831274193613
2.181831274193613
2.278806158002274
2.278806158002274
2.278806158002275
2.278806158002275
2.278806158002275
2.278806158002275
2.278806158002276
2.278806158002276
2.307165995654904
2.307165995654905
2.307165995654905
2.307165995654906
2.327865538872664
2.327865538872664
2.327865538872664
2.327865538872664
2.327865538872665
2.327865538872665
2.327865538872665
2.327865538872665
2.427148187104905
2.427148187104905
2.427148187104906
2.427148187104906
2.466325495682923
2.466325495682923
2.466325495682923
2.466325495682923
2.466325495682924
2.466325495682924
2.466325495682924
2.466325495682924
2.536520740240880
2.536520740240880
2.536520740240880
2.536520740240880
2.536520740240881
2.536520740240881
2.536520740240881
2.536520740240881
2.557760655687647
2.557760655687647
2.557760655687648
2.557760655687648
2.557781560427044
2.557781560427044
2.557781560427045
2.557781560427045
2.587984118082221
2.587984118082221
2.587984118082221
2.587984118082221
2.620856882779138
2.620856882779138
2.620856882779139
2.620856882779139
2.625320209997315
2.625320209997316
2.640139645833483
2.640139645833484
2.934336174351988
2.934336174351988
2.934336174351988
2.934336174351988
3.034205521102642
3.034205521102642
3.034205521102642
3.034205521102642
3.063715029529616
3.063715029529617
3.076943386500072
3.076943386500072
3.076943386500073
3.076943386500073
3.176226034732313
3.176226034732314
3.218830395841300
3.218830395841300
3.218830395841300
3.218830395841300
3.291920103341247
3.291920103341247
3.291920103341247
3.291920103341248
3.310286460585421
3.310286460585421
3.314309689562359
3.314309689562359
3.376256245879505
3.376256245879505
3.396688679708195
Kgrid: 15
-2.357023688806754
-2.020306018977218
-1.683588349147682
-1.346870679318145
-1.010153009488609
-0.673435339659072
-0.336717669829536
0.000000000000000
0.336717669829536
0.673435339659073
1.010153009488609
1.346870679318145
1.683588349147681
2.020306018977218
2.357023688806754
DavVals: 1
0.029702847282227

                            End of Section: Vectors                            

--------------------------------------------------------------------------------

                                    Matrices                                    

--------------------------------------------------------------------------------

Occupied States: 37 x 2
         4         6
         4         7
         4         8
         5         5
         5         6
         5         7
         5         8
         5         9
         6         4
         6         5
         6         6
         6         7
         6         8
         6         9
         6        10
         7         4
         7         5
         7         6
         7         7
         7         8
         7         9
         7        10
         8         4
         8         5
         8         6
         8         7
         8         8
         8         9
         8        10
         9         5
         9         6
         9         7
         9         8
         9         9
        10         6
        10         7
        10         8
Virtual States: 159 x 2
         0         0
         0         1
         0         2
         0         3
         0         4
         0         5
         0         6
         0         7
         0         8
         0         9
         0        10
         0        11
         0        12
         0        13
         1         0
         1         1
         1         2
         1         3
         1         4
         1         5
         1         6
         1         7
         1         8
         1         9
         1        10
         1        11
         1        12
         1        13
         2         0
         2         1
         2         2
         2         3
         2         4
         2         5
         2         6
         2         7
         2         8
         2         9
         2        10
         2        11
         2        12
         2        13
         3         0
         3         1
         3         2
         3         3
         3         4
         3         5
         3         6
         3         7
         3         8
         3         9
         3        10
         3        11
         3        12
         3        13
         4         0
         4         1
         4         2
         4         3
         4         4
         4         5
         4         9
         4        10
         4        11
         4        12
         4        13
         5         0
         5         1
         5         2
         5         3
         5         4
         5        10
         5        11
         5        12
         5        13
         6         0
         6         1
         6         2
         6         3
         6        11
         6        12
         6        13
         7         0
         7         1
         7         2
         7         3
         7        11
         7        12
         7        13
         8         0
         8         1
         8         2
         8         3
         8        11
         8        12
         8        13
         9         0
         9         1
         9         2
         9         3
         9         4
         9        10
         9        11
         9        12
         9        13
        10         0
        10         1
        10         2
        10         3
        10         4
        10         5
        10         9
        10        10
        10        11
        10        12
        10        13
        11         0
        11         1
        11         2
        11         3
        11         4
        11         5
        11         6
        11         7
        11         8
        11         9
        11        10
        11        11
        11        12
        11        13
        12         0
        12         1
        12         2
        12         3
        12         4
        12         5
        12         6
        12         7
        12         8
        12         9
        12        10
        12        11
        12        12
        12        13
        13         0
        13         1
        13         2
        13         3
        13         4
        13         5
        13         6
        13         7
        13         8
        13         9
        13        10
        13        11
        13        12
        13        13
Excitations: 303 x 2
            8           71
           14           72
           28           72
           22           71
           14          102
           28          102
            8          101
           22          101
           15           71
           21           72
           15          101
           21          102
           33           62
           29           61
            7           62
            3           61
           33          112
           29          111
            7          112
            3          111
           36          125
           34          123
           34           48
           36           50
            2          125
            0          123
            0           48
            2           50
           35          124
           35           49
            1          124
            1           49
           14           63
           28           63
            8           60
           22           60
            8          110
           14          113
           22          110
           28          113
           27           62
           13           62
            9           61
           23           61
           27          112
           13          112
           23          111
            9          111
           21           63
           15           60
           15          110
           21          113
           20           62
           16           61
           20          112
           16          111
           33          126
           29          122
           33           51
           29           47
            7          126
            7           51
            3          122
            3           47
           32          125
           30          123
           30           48
           32           50
            4          123
            6          125
            4           48
            6           50
           31          124
           31           49
            5          124
            5           49
            8          121
           14          127
            8           46
           22          121
           22           46
           28           52
           28          127
           14           52
           34          137
           36          139
           34           34
           36           36
            0          137
            2          139
            2           36
            0           34
           35          138
           35           35
            1          138
            1           35
           27          126
           13          126
           27           51
           13           51
           23          122
            9          122
           23           47
            9           47
           15          121
           15           46
           21          127
           21           52
           26          125
           12          125
           10           48
           26           50
           12           50
           24          123
           10          123
           24           48
           11          124
           25          124
           11           49
           25           49
           20          126
           20           51
           16          122
           16           47
           19          125
           17          123
           17           48
           19           50
           18          124
           18           49
           29          136
           33          140
            7          140
           29           33
           33           37
            3          136
            7           37
            3           33
           30          137
           32          139
            4          137
            6          139
           30           34
           32           36
            4           34
            6           36
           31          138
            5          138
           31           35
            5           35
           14          141
           22          135
            8          135
           28          141
           14           38
           28           38
            8           32
           22           32
           21          141
           15          135
           15           32
           21           38
           13          140
           27          140
            9          136
           23          136
           23           33
            9           33
           27           37
           13           37
           34           20
           36           22
            2           22
            0           20
           36          153
           34          151
            0          151
            2          153
           10          137
           26          139
           12          139
           24          137
           26           36
           12           36
           10           34
           24           34
           25          138
           11          138
           11           35
           25           35
           35           21
            1           21
           35          152
            1          152
           20          140
           16          136
           20           37
           16           33
           17          137
           19          139
           19           36
           17           34
           18          138
           18           35
           33           23
           29           19
            7           23
            3           19
           29          150
           33          154
            7          154
            3          150
           30           20
           32           22
            6           22
            4           20
           32          153
           30          151
            4          151
            6          153
           31           21
            5           21
           31          152
            5          152
           28           24
           14           24
            8           18
           22           18
            8          149
           14          155
           28          155
           22          149
           21           24
           15           18
           15          149
           21          155
           27           23
           13           23
            9           19
           23           19
           27          154
           23          150
            9          150
           13          154
           12           22
           26           22
           10           20
           24           20
           10          151
           26          153
           12          153
           24          151
           11           21
           25           21
           11          152
           25          152
           20           23
           16           19
           20          154
           16          150
           36            8
           34            6
            0            6
            2            8
           17           20
           19           22
           17          151
           19          153
           35            7
            1            7
           18           21
           18          152
           29            5
           33            9
            3            5
            7            9
           30            6
           32            8
            6            8
            4            6
           31            7
            5            7
           14           10
           28           10
            8            4
           22            4
           21           10
           15            4
            9            5
           27            9
           13            9
           23            5
           26            8
           10            6
           12            8
           24            6
           20            9
           16            5
           11            7
           25            7
           19            8
           17            6
           18            7

                            End of Section: Matrices                            

################################################################################

                              End of Output File.                              

################################################################################
