################################################################################

            Output File for HFS, the Hartree-Fock Stability Program            
                              Author: Evan Curtin                              
             Institution: University of Illinois @ Urbana-Champaign             
                          email: ecurtin2@illinois.edu                          
                       Built on Oct 18 2016, at 18:15:44                       

################################################################################

                Computation Started : Tue Oct 18 19:02:31 2016
                
                Computation Finished: Tue Oct 18 19:03:15 2016
                
                     Total Elapsed Time = 43.4787 seconds.                     

--------------------------------------------------------------------------------

                                     Input                                     

--------------------------------------------------------------------------------

Nk = 19
ndim = 2
rs = 1.200000000000000

                             End of Section: Input                             

--------------------------------------------------------------------------------

                                     Output                                     

--------------------------------------------------------------------------------

deltaK = 0.261891400439462
kf = 1.178511301977579
kmax = 2.357022603955159
Nocc = 69
Nvir = 255
Nexc = 689
dav_its = 14
Dav_Final_Val = -0.050483254225361
full_diag_min = -0.050483254225362

                             End of Section: Output                             

--------------------------------------------------------------------------------

                                    Vectors                                    

--------------------------------------------------------------------------------

Occ Energies: 69
0.024246302554099
-0.131525778740832
-0.179817876610972
-0.131525778740831
0.024246302554099
-0.076794398638363
-0.346158908103480
-0.498018912292746
-0.546875680769863
-0.498018912292746
-0.346158908103480
-0.076794398638363
0.024246302554099
-0.346158908103480
-0.597885795490212
-0.744207015310472
-0.792246809991411
-0.744207015310472
-0.597885795490211
-0.346158908103480
0.024246302554099
-0.131525778740832
-0.498018912292747
-0.744207015310472
-0.888117265288478
-0.935556204094012
-0.888117265288478
-0.744207015310472
-0.498018912292747
-0.131525778740831
-0.179817876610972
-0.546875680769863
-0.792246809991411
-0.935556204094012
-0.982811332228369
-0.935556204094012
-0.792246809991411
-0.546875680769863
-0.179817876610972
-0.131525778740831
-0.498018912292746
-0.744207015310472
-0.888117265288478
-0.935556204094012
-0.888117265288478
-0.744207015310472
-0.498018912292746
-0.131525778740831
0.024246302554099
-0.346158908103480
-0.597885795490212
-0.744207015310472
-0.792246809991411
-0.744207015310472
-0.597885795490212
-0.346158908103480
0.024246302554099
-0.076794398638363
-0.346158908103480
-0.498018912292747
-0.546875680769863
-0.498018912292746
-0.346158908103480
-0.076794398638363
0.024246302554099
-0.131525778740831
-0.179817876610972
-0.131525778740831
0.024246302554099
Vir Energies: 255
5.288577249017266
4.702683969372337
4.179672931774734
3.719865475221014
3.325123870554441
2.997480368617775
2.740288199451737
2.555058965359044
2.443233303242257
2.405835657393471
2.443233303242257
2.555058965359044
2.740288199451737
2.997480368617775
3.325123870554441
3.719865475221014
4.179672931774734
4.702683969372338
4.702683969372337
4.116633351039208
3.593143135851871
3.132518247157602
2.736615537163104
2.407509467344505
2.148761239967027
1.962127716776856
1.849333245859310
1.811593142351066
1.849333245859310
1.962127716776856
2.148761239967027
2.407509467344505
2.736615537163104
3.132518247157602
3.593143135851872
4.116633351039209
4.179672931774734
3.593143135851871
3.068185905656282
2.605031541770072
2.205471451852545
1.871638598105086
1.607684175964151
1.416243090289260
1.300148804471646
1.261260966247425
1.300148804471646
1.416243090289260
1.607684175964151
1.871638598105086
2.205471451852545
2.605031541770073
3.068185905656283
3.593143135851872
3.719865475221014
3.132518247157602
2.605031541770072
2.137420563044067
1.731184080672606
1.388238952353023
1.113335636422586
0.911099028236077
0.787892302350941
0.746697115582368
0.787892302350941
0.911099028236077
1.113335636422586
1.388238952353023
1.731184080672606
2.137420563044068
2.605031541770073
3.132518247157603
3.325123870554441
2.736615537163104
2.205471451852544
1.731184080672606
1.314385813455093
0.955909231617161
0.658746262942300
0.428401935709473
0.290854862630163
0.245981421725096
0.290854862630163
0.428401935709473
0.658746262942300
0.955909231617162
1.314385813455093
1.731184080672606
2.205471451852545
2.736615537163105
2.997480368617775
2.407509467344505
1.871638598105086
1.388238952353023
0.955909231617161
0.571953767317506
0.233204908189010
0.233204908189010
0.571953767317507
0.955909231617162
1.388238952353023
1.871638598105087
2.407509467344506
2.740288199451737
2.148761239967027
1.607684175964151
1.113335636422586
0.658746262942300
0.233204908189010
0.233204908189011
0.658746262942300
1.113335636422587
1.607684175964152
2.148761239967028
2.555058965359044
1.962127716776856
1.416243090289260
0.911099028236077
0.428401935709473
0.428401935709473
0.911099028236078
1.416243090289261
1.962127716776857
2.443233303242257
1.849333245859310
1.300148804471646
0.787892302350941
0.290854862630163
0.290854862630164
0.787892302350942
1.300148804471647
1.849333245859311
2.405835657393471
1.811593142351066
1.261260966247425
0.746697115582368
0.245981421725096
0.245981421725096
0.746697115582369
1.261260966247426
1.811593142351068
2.443233303242257
1.849333245859310
1.300148804471646
0.787892302350941
0.290854862630164
0.290854862630164
0.787892302350942
1.300148804471647
1.849333245859311
2.555058965359044
1.962127716776856
1.416243090289260
0.911099028236078
0.428401935709473
0.428401935709473
0.911099028236078
1.416243090289261
1.962127716776857
2.740288199451737
2.148761239967027
1.607684175964151
1.113335636422587
0.658746262942300
0.233204908189010
0.233204908189011
0.658746262942300
1.113335636422587
1.607684175964152
2.148761239967028
2.997480368617775
2.407509467344505
1.871638598105086
1.388238952353023
0.955909231617162
0.571953767317507
0.233204908189011
0.233204908189011
0.571953767317507
0.955909231617162
1.388238952353023
1.871638598105087
2.407509467344506
3.325123870554441
2.736615537163104
2.205471451852544
1.731184080672606
1.314385813455093
0.955909231617162
0.658746262942300
0.428401935709473
0.290854862630164
0.245981421725096
0.290854862630164
0.428401935709473
0.658746262942300
0.955909231617162
1.314385813455093
1.731184080672607
2.205471451852545
2.736615537163105
3.719865475221014
3.132518247157603
2.605031541770073
2.137420563044068
1.731184080672606
1.388238952353023
1.113335636422587
0.911099028236078
0.787892302350942
0.746697115582369
0.787892302350942
0.911099028236078
1.113335636422587
1.388238952353024
1.731184080672607
2.137420563044069
2.605031541770074
3.132518247157603
4.179672931774734
3.593143135851872
3.068185905656283
2.605031541770073
2.205471451852546
1.871638598105087
1.607684175964152
1.416243090289261
1.300148804471647
1.261260966247426
1.300148804471647
1.416243090289262
1.607684175964152
1.871638598105087
2.205471451852546
2.605031541770074
3.068185905656284
3.593143135851872
4.702683969372338
4.116633351039209
3.593143135851872
3.132518247157603
2.736615537163105
2.407509467344506
2.148761239967028
1.962127716776857
1.849333245859311
1.811593142351068
1.849333245859311
1.962127716776857
2.148761239967028
2.407509467344506
2.736615537163106
3.132518247157603
3.593143135851872
4.116633351039209
Excitation Energies: 689
0.404155633155375
0.886852725681980
1.391996787735163
1.937881414222758
2.530812662804946
1.937881414222757
1.391996787735162
0.886852725681978
0.404155633155374
0.422380641370995
0.919418081091773
1.431674583212478
1.980859024600143
2.574759081983089
1.980859024600142
1.431674583212477
0.919418081091772
0.422380641370995
0.425799298336068
0.926514992193341
1.441078842858398
1.991411018962040
2.585653534004444
1.991411018962039
1.441078842858397
0.926514992193340
0.425799298336068
0.422380641370995
0.919418081091773
1.431674583212478
1.980859024600143
2.574759081983089
1.980859024600142
1.431674583212477
0.919418081091772
0.422380641370995
0.404155633155375
0.886852725681980
1.391996787735163
1.937881414222758
2.530812662804945
1.937881414222757
1.391996787735161
0.886852725681979
0.404155633155374
0.309999306827374
0.735540661580663
1.190130035060950
1.684478574602515
2.225555638605391
2.817082598090100
2.225555638605390
1.684478574602514
1.190130035060949
0.735540661580663
0.309999306827373
0.774560843812953
1.257257936339558
1.762401998392741
2.308286624880337
2.901217873462524
2.308286624880336
1.762401998392740
1.257257936339557
0.774560843812953
0.788873774922910
1.285911214643688
1.798167716764393
2.347352158152058
2.941252215535003
2.347352158152056
1.798167716764392
1.285911214643687
0.788873774922910
0.792857102494959
1.293572796352232
1.808136647017289
2.358468823120931
2.952711338163335
2.358468823120929
1.808136647017288
1.293572796352231
0.792857102494959
0.788873774922910
1.285911214643688
1.798167716764393
2.347352158152058
2.941252215535004
2.347352158152057
1.798167716764392
1.285911214643687
0.788873774922910
0.774560843812953
1.257257936339558
1.762401998392741
2.308286624880337
2.901217873462524
2.308286624880336
1.762401998392740
1.257257936339558
0.774560843812953
0.309999306827374
0.735540661580664
1.190130035060950
1.684478574602515
2.225555638605391
2.817082598090101
2.225555638605390
1.684478574602514
1.190130035060950
0.735540661580663
0.309999306827373
0.208958605634911
0.547707464763408
0.931662929063063
1.363992649798924
1.847392295550988
2.383263164790407
2.973234066063676
2.383263164790406
1.847392295550987
1.363992649798924
0.931662929063062
0.547707464763407
0.208958605634912
0.579363816292491
1.004905171045780
1.459494544526067
1.953843084067632
2.494920148070508
3.086447107555217
2.494920148070507
1.953843084067631
1.459494544526066
1.004905171045780
0.579363816292490
1.026287731199685
1.508984823726290
2.014128885779473
2.560013512267068
3.152944760849256
2.560013512267068
2.014128885779472
1.508984823726289
1.026287731199684
1.035061877940636
1.532099317661414
2.044355819782119
2.593540261169783
3.187440318552729
2.593540261169782
2.044355819782118
1.532099317661413
1.035061877940636
1.038228231716507
1.538943925573780
2.053507776238837
2.603839952342479
3.198082467384883
2.603839952342478
2.053507776238836
1.538943925573779
1.038228231716507
1.035061877940636
1.532099317661414
2.044355819782119
2.593540261169784
3.187440318552729
2.593540261169782
2.044355819782117
1.532099317661413
1.035061877940635
1.026287731199685
1.508984823726290
2.014128885779473
2.560013512267068
3.152944760849255
2.560013512267068
2.014128885779471
1.508984823726289
1.026287731199684
0.579363816292491
1.004905171045781
1.459494544526068
1.953843084067632
2.494920148070508
3.086447107555218
2.494920148070507
1.953843084067631
1.459494544526067
1.004905171045780
0.579363816292490
0.208958605634911
0.547707464763408
0.931662929063063
1.363992649798924
1.847392295550988
2.383263164790407
2.973234066063676
2.383263164790406
1.847392295550987
1.363992649798924
0.931662929063062
0.547707464763407
0.208958605634911
0.364730686929842
0.703479546058339
1.087435010357993
1.519764731093855
2.003164376845918
2.539035246085338
3.129006147358607
2.539035246085337
2.003164376845918
1.519764731093854
1.087435010357993
0.703479546058338
0.364730686929842
0.731223820481757
1.156765175235047
1.611354548715334
2.105703088256898
2.646780152259775
3.238307111744484
2.646780152259773
2.105703088256897
1.611354548715333
1.156765175235046
0.731223820481757
1.172608951019945
1.655306043546550
2.160450105599733
2.706334732087329
3.299265980669516
2.706334732087328
2.160450105599732
1.655306043546549
1.172608951019944
1.178972127918642
1.676009567639420
2.188266069760125
2.737450511147789
3.331350568530735
2.737450511147788
2.188266069760124
1.676009567639419
1.178972127918641
1.181537625819108
1.682253319676381
2.196817170341438
2.747149346445080
3.341391861487484
2.747149346445079
2.196817170341437
1.682253319676380
1.181537625819108
1.178972127918642
1.676009567639420
2.188266069760125
2.737450511147789
3.331350568530735
2.737450511147788
2.188266069760124
1.676009567639419
1.178972127918641
1.172608951019945
1.655306043546550
2.160450105599733
2.706334732087329
3.299265980669516
2.706334732087328
2.160450105599732
1.655306043546549
1.172608951019945
0.731223820481757
1.156765175235047
1.611354548715334
2.105703088256898
2.646780152259775
3.238307111744484
2.646780152259773
2.105703088256897
1.611354548715333
1.156765175235047
0.731223820481757
0.364730686929842
0.703479546058339
1.087435010357993
1.519764731093855
2.003164376845918
2.539035246085337
3.129006147358607
2.539035246085336
2.003164376845918
1.519764731093854
1.087435010357993
0.703479546058338
0.364730686929842
0.413022784799983
0.751771643928479
1.135727108228134
1.568056828963996
2.051456474716059
2.587327343955478
3.177298245228747
2.587327343955478
2.051456474716058
1.568056828963995
1.135727108228134
0.751771643928479
0.413022784799983
0.780080588958874
1.205621943712163
1.660211317192450
2.154559856734015
2.695636920736891
3.287163880221601
2.695636920736890
2.154559856734014
1.660211317192450
1.205621943712163
0.780080588958873
1.220648745700884
1.703345838227489
2.208489900280672
2.754374526768268
3.347305775350455
2.754374526768267
2.208489900280671
1.703345838227488
1.220648745700884
1.226411066724176
1.723448506444954
2.235705008565659
2.784889449953323
3.378789507336269
2.784889449953322
2.235705008565658
1.723448506444953
1.226411066724176
1.228792753953465
1.729508447810738
2.244072298475795
2.794404474579437
3.388646989621841
2.794404474579435
2.244072298475794
1.729508447810737
1.228792753953465
1.226411066724176
1.723448506444954
2.235705008565659
2.784889449953324
3.378789507336270
2.784889449953323
2.235705008565658
1.723448506444953
1.226411066724176
1.220648745700885
1.703345838227490
2.208489900280673
2.754374526768268
3.347305775350455
2.754374526768267
2.208489900280671
1.703345838227489
1.220648745700884
0.780080588958874
1.205621943712164
1.660211317192451
2.154559856734015
2.695636920736891
3.287163880221601
2.695636920736890
2.154559856734014
1.660211317192450
1.205621943712163
0.780080588958873
0.413022784799982
0.751771643928479
1.135727108228134
1.568056828963996
2.051456474716059
2.587327343955478
3.177298245228747
2.587327343955478
2.051456474716058
1.568056828963995
1.135727108228134
0.751771643928479
0.413022784799983
0.364730686929842
0.703479546058338
1.087435010357993
1.519764731093854
2.003164376845918
2.539035246085337
3.129006147358607
2.539035246085336
2.003164376845918
1.519764731093854
1.087435010357993
0.703479546058338
0.364730686929842
0.731223820481757
1.156765175235047
1.611354548715334
2.105703088256898
2.646780152259774
3.238307111744484
2.646780152259773
2.105703088256897
1.611354548715333
1.156765175235046
0.731223820481757
1.172608951019945
1.655306043546550
2.160450105599733
2.706334732087329
3.299265980669516
2.706334732087328
2.160450105599732
1.655306043546549
1.172608951019944
1.178972127918642
1.676009567639420
2.188266069760124
2.737450511147789
3.331350568530735
2.737450511147788
2.188266069760124
1.676009567639419
1.178972127918641
1.181537625819108
1.682253319676381
2.196817170341438
2.747149346445080
3.341391861487484
2.747149346445079
2.196817170341437
1.682253319676380
1.181537625819108
1.178972127918642
1.676009567639420
2.188266069760124
2.737450511147789
3.331350568530735
2.737450511147788
2.188266069760124
1.676009567639419
1.178972127918641
1.172608951019945
1.655306043546550
2.160450105599733
2.706334732087329
3.299265980669516
2.706334732087328
2.160450105599732
1.655306043546549
1.172608951019944
0.731223820481757
1.156765175235047
1.611354548715334
2.105703088256898
2.646780152259774
3.238307111744484
2.646780152259773
2.105703088256897
1.611354548715333
1.156765175235047
0.731223820481756
0.364730686929841
0.703479546058338
1.087435010357993
1.519764731093855
2.003164376845918
2.539035246085337
3.129006147358606
2.539035246085336
2.003164376845918
1.519764731093854
1.087435010357993
0.703479546058338
0.364730686929842
0.208958605634911
0.547707464763408
0.931662929063063
1.363992649798924
1.847392295550988
2.383263164790407
2.973234066063676
2.383263164790407
1.847392295550987
1.363992649798924
0.931662929063063
0.547707464763407
0.208958605634912
0.579363816292491
1.004905171045781
1.459494544526067
1.953843084067632
2.494920148070508
3.086447107555218
2.494920148070507
1.953843084067631
1.459494544526067
1.004905171045780
0.579363816292490
1.026287731199685
1.508984823726290
2.014128885779473
2.560013512267068
3.152944760849256
2.560013512267068
2.014128885779472
1.508984823726289
1.026287731199684
1.035061877940636
1.532099317661414
2.044355819782119
2.593540261169783
3.187440318552729
2.593540261169782
2.044355819782118
1.532099317661413
1.035061877940636
1.038228231716507
1.538943925573780
2.053507776238837
2.603839952342479
3.198082467384883
2.603839952342478
2.053507776238836
1.538943925573779
1.038228231716507
1.035061877940636
1.532099317661414
2.044355819782119
2.593540261169784
3.187440318552729
2.593540261169782
2.044355819782118
1.532099317661413
1.035061877940635
1.026287731199685
1.508984823726290
2.014128885779473
2.560013512267068
3.152944760849256
2.560013512267068
2.014128885779472
1.508984823726289
1.026287731199684
0.579363816292491
1.004905171045781
1.459494544526068
1.953843084067632
2.494920148070508
3.086447107555218
2.494920148070507
1.953843084067631
1.459494544526067
1.004905171045780
0.579363816292490
0.208958605634911
0.547707464763408
0.931662929063063
1.363992649798924
1.847392295550988
2.383263164790407
2.973234066063676
2.383263164790406
1.847392295550987
1.363992649798924
0.931662929063062
0.547707464763407
0.208958605634912
0.309999306827374
0.735540661580664
1.190130035060951
1.684478574602515
2.225555638605392
2.817082598090101
2.225555638605390
1.684478574602514
1.190130035060950
0.735540661580663
0.309999306827374
0.774560843812953
1.257257936339558
1.762401998392741
2.308286624880337
2.901217873462524
2.308286624880336
1.762401998392740
1.257257936339557
0.774560843812953
0.788873774922910
1.285911214643689
1.798167716764393
2.347352158152058
2.941252215535004
2.347352158152057
1.798167716764392
1.285911214643688
0.788873774922910
0.792857102494959
1.293572796352232
1.808136647017289
2.358468823120931
2.952711338163335
2.358468823120929
1.808136647017288
1.293572796352231
0.792857102494959
0.788873774922910
1.285911214643688
1.798167716764393
2.347352158152058
2.941252215535004
2.347352158152057
1.798167716764392
1.285911214643688
0.788873774922910
0.774560843812953
1.257257936339559
1.762401998392742
2.308286624880337
2.901217873462524
2.308286624880336
1.762401998392740
1.257257936339558
0.774560843812953
0.309999306827374
0.735540661580664
1.190130035060951
1.684478574602515
2.225555638605392
2.817082598090101
2.225555638605390
1.684478574602514
1.190130035060950
0.735540661580663
0.309999306827374
0.404155633155374
0.886852725681979
1.391996787735162
1.937881414222758
2.530812662804945
1.937881414222757
1.391996787735161
0.886852725681978
0.404155633155374
0.422380641370995
0.919418081091773
1.431674583212478
1.980859024600142
2.574759081983088
1.980859024600141
1.431674583212477
0.919418081091772
0.422380641370994
0.425799298336068
0.926514992193341
1.441078842858398
1.991411018962040
2.585653534004443
1.991411018962038
1.441078842858397
0.926514992193340
0.425799298336068
0.422380641370995
0.919418081091773
1.431674583212478
1.980859024600143
2.574759081983088
1.980859024600141
1.431674583212477
0.919418081091772
0.422380641370994
0.404155633155374
0.886852725681979
1.391996787735162
1.937881414222758
2.530812662804945
1.937881414222757
1.391996787735161
0.886852725681978
0.404155633155374
Kgrid: 19
-2.357022603955159
-2.095131203515697
-1.833239803076234
-1.571348402636772
-1.309457002197310
-1.047565601757848
-0.785674201318386
-0.523782800878924
-0.261891400439462
0.000000000000000
0.261891400439462
0.523782800878924
0.785674201318386
1.047565601757849
1.309457002197310
1.571348402636773
1.833239803076235
2.095131203515697
2.357022603955159
All Davidson Eigenvalues at Last Iteration: 190
-0.050483254225361
0.108610467185453
0.148299819453925
0.170580220047913
0.178305149129629
0.178305149129629
0.203947429015130
0.207630773519699
0.211835509003996
0.213063114196067
0.246043195649858
0.246245311345974
0.266425152193138
0.274219167145594
0.275757593051469
0.275820961888833
0.278662160093955
0.299254290827856
0.315823320267844
0.317230614392217
0.317407069982785
0.327439193773314
0.327990083496118
0.347233813415496
0.348204338524396
0.349298496878608
0.350213359797625
0.350299258315492
0.351664668119183
0.354305099934654
0.354584455986681
0.356539272030464
0.359227241221143
0.369538181308988
0.376866455481101
0.386720322450749
0.397303281540773
0.403435142958203
0.403718710350054
0.415218427820663
0.415494156054794
0.432388848172385
0.434861926349568
0.434891719162785
0.437286210858708
0.437981250219655
0.447283455455757
0.452343924423306
0.454393412739787
0.456915473840445
0.456916478059084
0.465714221313489
0.466967801770581
0.467425603391035
0.467507691694702
0.468763633814554
0.469415789260746
0.472335735472782
0.472556296410437
0.472556378521655
0.478934658072988
0.484614589473759
0.494277433091875
0.513074242197172
0.527020214372310
0.534836312187779
0.551528508078900
0.556606666044700
0.581677027432485
0.585125299253477
0.607972203252560
0.612698949959468
0.623964271024979
0.653829967810711
0.661270434900477
0.661999381242369
0.666536183779456
0.668313191851748
0.688922381678551
0.693942263105417
0.697959930322812
0.728960898895023
0.735811668735410
0.746071677154206
0.751033562112602
0.754634459121664
0.760847143633775
0.761754939684784
0.783413187872283
0.798915521886997
0.802732885189300
0.804885143747209
0.828805228364657
0.830816510931412
0.844050789994843
0.852400341881420
0.867076914813427
0.881810736963798
0.883380386636171
0.886920435799300
0.909629841060512
0.913119081771518
0.922929278572571
0.926308583695431
0.935125788002136
0.942556858820396
0.948678623011605
0.950725986898564
0.950866684282944
0.955829526795262
0.957617557216322
0.969508463704489
0.970917230153971
0.971003284060290
0.993367449856196
1.009006854495458
1.009134126717960
1.025120156553309
1.052443838670585
1.107029438442503
1.139277900163739
1.143463966333686
1.149710744245727
1.161919251050604
1.170192112020132
1.185969024701497
1.195523476972153
1.199116321453507
1.204815410166474
1.228208317675758
1.239669831876220
1.252805102448806
1.265209048787012
1.279845666658767
1.300189270840924
1.311986734635162
1.317298336293904
1.345324387462812
1.361082496348083
1.367029996123498
1.380978456804818
1.387042770096441
1.391405440101497
1.394098810370366
1.430510412701009
1.433070101446389
1.434219554592884
1.459545410024009
1.461790945387041
1.461992324842922
1.474023995850804
1.482912411148212
1.484269858246751
1.484285144822791
1.502945774003303
1.527686560285558
1.551432669403196
1.598503046316679
1.620918629547079
1.665692284331192
1.676686695781521
1.690497912475489
1.716625273206065
1.742435367365741
1.750856442559839
1.793213795366401
1.816337619056939
1.863614223920512
1.897158458657257
1.909053645848308
1.936907348863881
1.938306142780428
1.981154952160959
1.981234019309281
1.995193347181113
2.010493714050843
2.010500755793453
2.034043417955265
2.034044465201151
2.116770265880427
2.222227135544919
2.229791754620677
2.299773142932313
2.327143127053847
2.484687214273750
2.531609060311928
2.574639308345559
2.604276191329219
2.628123819847692
2.821007289862786
Davidson lowest eigenvalues at each iteration: 14
0.279516580931618
0.108719710350585
-0.036731744777660
-0.050426710150259
-0.050483159674429
-0.050483251985454
-0.050483254040260
-0.050483254214027
-0.050483254224900
-0.050483254225353
-0.050483254225363
-0.050483254225362
-0.050483254225362
-0.050483254225361

                            End of Section: Vectors                            

--------------------------------------------------------------------------------

                                    Matrices                                    

--------------------------------------------------------------------------------

Occupied States: 69 x 2
         5         7
         5         8
         5         9
         5        10
         5        11
         6         6
         6         7
         6         8
         6         9
         6        10
         6        11
         6        12
         7         5
         7         6
         7         7
         7         8
         7         9
         7        10
         7        11
         7        12
         7        13
         8         5
         8         6
         8         7
         8         8
         8         9
         8        10
         8        11
         8        12
         8        13
         9         5
         9         6
         9         7
         9         8
         9         9
         9        10
         9        11
         9        12
         9        13
        10         5
        10         6
        10         7
        10         8
        10         9
        10        10
        10        11
        10        12
        10        13
        11         5
        11         6
        11         7
        11         8
        11         9
        11        10
        11        11
        11        12
        11        13
        12         6
        12         7
        12         8
        12         9
        12        10
        12        11
        12        12
        13         7
        13         8
        13         9
        13        10
        13        11
Virtual States: 255 x 2
         0         0
         0         1
         0         2
         0         3
         0         4
         0         5
         0         6
         0         7
         0         8
         0         9
         0        10
         0        11
         0        12
         0        13
         0        14
         0        15
         0        16
         0        17
         1         0
         1         1
         1         2
         1         3
         1         4
         1         5
         1         6
         1         7
         1         8
         1         9
         1        10
         1        11
         1        12
         1        13
         1        14
         1        15
         1        16
         1        17
         2         0
         2         1
         2         2
         2         3
         2         4
         2         5
         2         6
         2         7
         2         8
         2         9
         2        10
         2        11
         2        12
         2        13
         2        14
         2        15
         2        16
         2        17
         3         0
         3         1
         3         2
         3         3
         3         4
         3         5
         3         6
         3         7
         3         8
         3         9
         3        10
         3        11
         3        12
         3        13
         3        14
         3        15
         3        16
         3        17
         4         0
         4         1
         4         2
         4         3
         4         4
         4         5
         4         6
         4         7
         4         8
         4         9
         4        10
         4        11
         4        12
         4        13
         4        14
         4        15
         4        16
         4        17
         5         0
         5         1
         5         2
         5         3
         5         4
         5         5
         5         6
         5        12
         5        13
         5        14
         5        15
         5        16
         5        17
         6         0
         6         1
         6         2
         6         3
         6         4
         6         5
         6        13
         6        14
         6        15
         6        16
         6        17
         7         0
         7         1
         7         2
         7         3
         7         4
         7        14
         7        15
         7        16
         7        17
         8         0
         8         1
         8         2
         8         3
         8         4
         8        14
         8        15
         8        16
         8        17
         9         0
         9         1
         9         2
         9         3
         9         4
         9        14
         9        15
         9        16
         9        17
        10         0
        10         1
        10         2
        10         3
        10         4
        10        14
        10        15
        10        16
        10        17
        11         0
        11         1
        11         2
        11         3
        11         4
        11        14
        11        15
        11        16
        11        17
        12         0
        12         1
        12         2
        12         3
        12         4
        12         5
        12        13
        12        14
        12        15
        12        16
        12        17
        13         0
        13         1
        13         2
        13         3
        13         4
        13         5
        13         6
        13        12
        13        13
        13        14
        13        15
        13        16
        13        17
        14         0
        14         1
        14         2
        14         3
        14         4
        14         5
        14         6
        14         7
        14         8
        14         9
        14        10
        14        11
        14        12
        14        13
        14        14
        14        15
        14        16
        14        17
        15         0
        15         1
        15         2
        15         3
        15         4
        15         5
        15         6
        15         7
        15         8
        15         9
        15        10
        15        11
        15        12
        15        13
        15        14
        15        15
        15        16
        15        17
        16         0
        16         1
        16         2
        16         3
        16         4
        16         5
        16         6
        16         7
        16         8
        16         9
        16        10
        16        11
        16        12
        16        13
        16        14
        16        15
        16        16
        16        17
        17         0
        17         1
        17         2
        17         3
        17         4
        17         5
        17         6
        17         7
        17         8
        17         9
        17        10
        17        11
        17        12
        17        13
        17        14
        17        15
        17        16
        17        17
Excitations: 689 x 2
            0          190
            0          208
            0          226
            0          244
            0            7
            0           25
            0           43
            0           61
            0           79
            1          191
            1          209
            1          227
            1          245
            1            8
            1           26
            1           44
            1           62
            1           80
            2          192
            2          210
            2          228
            2          246
            2            9
            2           27
            2           45
            2           63
            2           81
            3          193
            3          211
            3          229
            3          247
            3           10
            3           28
            3           46
            3           64
            3           82
            4          194
            4          212
            4          230
            4          248
            4           11
            4           29
            4           47
            4           65
            4           83
            5          176
            5          189
            5          207
            5          225
            5          243
            5            6
            5           24
            5           42
            5           60
            5           78
            5           96
            6          190
            6          208
            6          226
            6          244
            6            7
            6           25
            6           43
            6           61
            6           79
            7          191
            7          209
            7          227
            7          245
            7            8
            7           26
            7           44
            7           62
            7           80
            8          192
            8          210
            8          228
            8          246
            8            9
            8           27
            8           45
            8           63
            8           81
            9          193
            9          211
            9          229
            9          247
            9           10
            9           28
            9           46
            9           64
            9           82
           10          194
           10          212
           10          230
           10          248
           10           11
           10           29
           10           47
           10           65
           10           83
           11          177
           11          195
           11          213
           11          231
           11          249
           11           12
           11           30
           11           48
           11           66
           11           84
           11           97
           12          164
           12          175
           12          188
           12          206
           12          224
           12          242
           12            5
           12           23
           12           41
           12           59
           12           77
           12           95
           12          108
           13          176
           13          189
           13          207
           13          225
           13          243
           13            6
           13           24
           13           42
           13           60
           13           78
           13           96
           14          190
           14          208
           14          226
           14          244
           14            7
           14           25
           14           43
           14           61
           14           79
           15          191
           15          209
           15          227
           15          245
           15            8
           15           26
           15           44
           15           62
           15           80
           16          192
           16          210
           16          228
           16          246
           16            9
           16           27
           16           45
           16           63
           16           81
           17          193
           17          211
           17          229
           17          247
           17           10
           17           28
           17           46
           17           64
           17           82
           18          194
           18          212
           18          230
           18          248
           18           11
           18           29
           18           47
           18           65
           18           83
           19          177
           19          195
           19          213
           19          231
           19          249
           19           12
           19           30
           19           48
           19           66
           19           84
           19           97
           20          165
           20          178
           20          196
           20          214
           20          232
           20          250
           20           13
           20           31
           20           49
           20           67
           20           85
           20           98
           20          109
           21          164
           21          175
           21          188
           21          206
           21          224
           21          242
           21            5
           21           23
           21           41
           21           59
           21           77
           21           95
           21          108
           22          176
           22          189
           22          207
           22          225
           22          243
           22            6
           22           24
           22           42
           22           60
           22           78
           22           96
           23          190
           23          208
           23          226
           23          244
           23            7
           23           25
           23           43
           23           61
           23           79
           24          191
           24          209
           24          227
           24          245
           24            8
           24           26
           24           44
           24           62
           24           80
           25          192
           25          210
           25          228
           25          246
           25            9
           25           27
           25           45
           25           63
           25           81
           26          193
           26          211
           26          229
           26          247
           26           10
           26           28
           26           46
           26           64
           26           82
           27          194
           27          212
           27          230
           27          248
           27           11
           27           29
           27           47
           27           65
           27           83
           28          177
           28          195
           28          213
           28          231
           28          249
           28           12
           28           30
           28           48
           28           66
           28           84
           28           97
           29          165
           29          178
           29          196
           29          214
           29          232
           29          250
           29           13
           29           31
           29           49
           29           67
           29           85
           29           98
           29          109
           30          164
           30          175
           30          188
           30          206
           30          224
           30          242
           30            5
           30           23
           30           41
           30           59
           30           77
           30           95
           30          108
           31          176
           31          189
           31          207
           31          225
           31          243
           31            6
           31           24
           31           42
           31           60
           31           78
           31           96
           32          190
           32          208
           32          226
           32          244
           32            7
           32           25
           32           43
           32           61
           32           79
           33          191
           33          209
           33          227
           33          245
           33            8
           33           26
           33           44
           33           62
           33           80
           34          192
           34          210
           34          228
           34          246
           34            9
           34           27
           34           45
           34           63
           34           81
           35          193
           35          211
           35          229
           35          247
           35           10
           35           28
           35           46
           35           64
           35           82
           36          194
           36          212
           36          230
           36          248
           36           11
           36           29
           36           47
           36           65
           36           83
           37          177
           37          195
           37          213
           37          231
           37          249
           37           12
           37           30
           37           48
           37           66
           37           84
           37           97
           38          165
           38          178
           38          196
           38          214
           38          232
           38          250
           38           13
           38           31
           38           49
           38           67
           38           85
           38           98
           38          109
           39          164
           39          175
           39          188
           39          206
           39          224
           39          242
           39            5
           39           23
           39           41
           39           59
           39           77
           39           95
           39          108
           40          176
           40          189
           40          207
           40          225
           40          243
           40            6
           40           24
           40           42
           40           60
           40           78
           40           96
           41          190
           41          208
           41          226
           41          244
           41            7
           41           25
           41           43
           41           61
           41           79
           42          191
           42          209
           42          227
           42          245
           42            8
           42           26
           42           44
           42           62
           42           80
           43          192
           43          210
           43          228
           43          246
           43            9
           43           27
           43           45
           43           63
           43           81
           44          193
           44          211
           44          229
           44          247
           44           10
           44           28
           44           46
           44           64
           44           82
           45          194
           45          212
           45          230
           45          248
           45           11
           45           29
           45           47
           45           65
           45           83
           46          177
           46          195
           46          213
           46          231
           46          249
           46           12
           46           30
           46           48
           46           66
           46           84
           46           97
           47          165
           47          178
           47          196
           47          214
           47          232
           47          250
           47           13
           47           31
           47           49
           47           67
           47           85
           47           98
           47          109
           48          164
           48          175
           48          188
           48          206
           48          224
           48          242
           48            5
           48           23
           48           41
           48           59
           48           77
           48           95
           48          108
           49          176
           49          189
           49          207
           49          225
           49          243
           49            6
           49           24
           49           42
           49           60
           49           78
           49           96
           50          190
           50          208
           50          226
           50          244
           50            7
           50           25
           50           43
           50           61
           50           79
           51          191
           51          209
           51          227
           51          245
           51            8
           51           26
           51           44
           51           62
           51           80
           52          192
           52          210
           52          228
           52          246
           52            9
           52           27
           52           45
           52           63
           52           81
           53          193
           53          211
           53          229
           53          247
           53           10
           53           28
           53           46
           53           64
           53           82
           54          194
           54          212
           54          230
           54          248
           54           11
           54           29
           54           47
           54           65
           54           83
           55          177
           55          195
           55          213
           55          231
           55          249
           55           12
           55           30
           55           48
           55           66
           55           84
           55           97
           56          165
           56          178
           56          196
           56          214
           56          232
           56          250
           56           13
           56           31
           56           49
           56           67
           56           85
           56           98
           56          109
           57          176
           57          189
           57          207
           57          225
           57          243
           57            6
           57           24
           57           42
           57           60
           57           78
           57           96
           58          190
           58          208
           58          226
           58          244
           58            7
           58           25
           58           43
           58           61
           58           79
           59          191
           59          209
           59          227
           59          245
           59            8
           59           26
           59           44
           59           62
           59           80
           60          192
           60          210
           60          228
           60          246
           60            9
           60           27
           60           45
           60           63
           60           81
           61          193
           61          211
           61          229
           61          247
           61           10
           61           28
           61           46
           61           64
           61           82
           62          194
           62          212
           62          230
           62          248
           62           11
           62           29
           62           47
           62           65
           62           83
           63          177
           63          195
           63          213
           63          231
           63          249
           63           12
           63           30
           63           48
           63           66
           63           84
           63           97
           64          190
           64          208
           64          226
           64          244
           64            7
           64           25
           64           43
           64           61
           64           79
           65          191
           65          209
           65          227
           65          245
           65            8
           65           26
           65           44
           65           62
           65           80
           66          192
           66          210
           66          228
           66          246
           66            9
           66           27
           66           45
           66           63
           66           81
           67          193
           67          211
           67          229
           67          247
           67           10
           67           28
           67           46
           67           64
           67           82
           68          194
           68          212
           68          230
           68          248
           68           11
           68           29
           68           47
           68           65
           68           83

                            End of Section: Matrices                            

--------------------------------------------------------------------------------

                              Calculation Details                              

--------------------------------------------------------------------------------

Davidson_Stopping_Criteria = Subspace Converged

                      End of Section: Calculation Details                      

################################################################################

                              End of Output File.                              

################################################################################
