################################################################################

            Output File for HFS, the Hartree-Fock Stability Program            
                              Author: Evan Curtin                              
             Institution: University of Illinois @ Urbana-Champaign             
                          email: ecurtin2@illinois.edu                          
                       Built on Nov  2 2016, at 17:06:03                       

################################################################################

                Computation Started : Thu Nov  3 11:29:06 2016
                
                Computation Finished: Thu Nov  3 11:29:14 2016
                
                     Total Elapsed Time = 7.27934 seconds.                     

--------------------------------------------------------------------------------

                                     Input                                     

--------------------------------------------------------------------------------

Nk = 18
ndim = 2
rs = 1.200000047683716

                             End of Section: Input                             

--------------------------------------------------------------------------------

                                     Output                                     

--------------------------------------------------------------------------------

deltaK = 0.277296904565500
kf = 1.178511255147749
kmax = 2.357023688806754
Nocc = 52
Nvir = 237
Nexc = 524
ground_state_degeneracy = 8
dav_its = 9
num_guess_evecs = 1
Dav_blocksize = 1
Dav_Num_evals = 1
Mv_time = 0.006319537000000
cond_number = 17.960121610117625
Dav_nconv = 1
Davidson Tolerance = 1.00e-06
Dav_maxits = 50
Dav_maxsubsize = 1000
Dav_final_val = 0.023249973493279
Dav_time = 1.176055359000000
full_diag_min = 0.023249973493278
full_diag_time = 6.092852833000000

                             End of Section: Output                             

--------------------------------------------------------------------------------

                                    Vectors                                    

--------------------------------------------------------------------------------

Occ Energies: 52
-0.155853639219589
-0.287200142128736
-0.287200142128737
-0.155853639219589
-0.273641373646783
-0.539719804383359
-0.665039739713919
-0.665039739713919
-0.539719804383359
-0.273641373646783
-0.155853639219589
-0.539719804383359
-0.782961721085949
-0.901046431549592
-0.901046431549592
-0.782961721085949
-0.539719804383359
-0.155853639219589
-0.287200142128737
-0.665039739713919
-0.901046431549592
-1.016254848394010
-1.016254848394010
-0.901046431549592
-0.665039739713919
-0.287200142128737
-0.287200142128737
-0.665039739713919
-0.901046431549592
-1.016254848394010
-1.016254848394010
-0.901046431549592
-0.665039739713919
-0.287200142128737
-0.155853639219589
-0.539719804383360
-0.782961721085949
-0.901046431549592
-0.901046431549592
-0.782961721085949
-0.539719804383360
-0.155853639219589
-0.273641373646783
-0.539719804383359
-0.665039739713919
-0.665039739713919
-0.539719804383360
-0.273641373646783
-0.155853639219589
-0.287200142128737
-0.287200142128737
-0.155853639219589
Vir Energies: 237
5.294180469588437
4.675606174594098
4.127188016688289
3.650146914538022
3.246765491611643
2.920024469163903
2.672595616369197
2.506252937966112
2.422601846095492
2.422601846095492
2.506252937966112
2.672595616369197
2.920024469163903
3.246765491611643
3.650146914538022
4.127188016688289
4.675606174594098
4.675606174594098
4.056834702055265
3.507816036660797
3.029754201764716
2.624933974647968
2.296451173750229
2.047212166769598
1.879324788164727
1.794779187455063
1.794779187455063
1.879324788164727
2.047212166769598
2.296451173750229
2.624933974647968
3.029754201764716
3.507816036660797
4.056834702055265
4.127188016688289
3.507816036660797
2.956958901527123
2.475735758321591
2.066374758932853
1.732230367418847
1.476872369349515
1.303597791196815
1.215909250080655
1.215909250080655
1.303597791196815
1.476872369349515
1.732230367418847
2.066374758932853
2.475735758321591
2.956958901527123
3.507816036660797
3.650146914538022
3.029754201764716
2.475735758321591
1.988941751137937
1.571303780518679
1.226201069597325
0.957785577198872
0.772015073774047
0.677125532150194
0.677125532150194
0.772015073774047
0.957785577198872
1.226201069597325
1.571303780518679
1.988941751137937
2.475735758321591
3.029754201764716
3.246765491611643
2.624933974647968
2.066374758932853
1.571303780518679
1.140708771566712
0.776811151259961
0.481377565912725
0.261683791788985
0.151064217132705
0.151064217132704
0.261683791788985
0.481377565912725
0.776811151259961
1.140708771566712
1.571303780518679
2.066374758932853
2.624933974647968
2.920024469163903
2.296451173750229
1.732230367418847
1.226201069597325
0.776811151259960
0.382015245070061
0.035618154186992
0.035618154186992
0.382015245070061
0.776811151259960
1.226201069597325
1.732230367418847
2.296451173750229
2.672595616369197
2.047212166769598
1.476872369349515
0.957785577198872
0.481377565912725
0.035618154186992
0.035618154186992
0.481377565912725
0.957785577198872
1.476872369349515
2.047212166769599
2.506252937966112
1.879324788164727
1.303597791196815
0.772015073774047
0.261683791788985
0.261683791788985
0.772015073774047
1.303597791196815
1.879324788164727
2.422601846095492
1.794779187455063
1.215909250080655
0.677125532150194
0.151064217132704
0.151064217132704
0.677125532150194
1.215909250080655
1.794779187455063
2.422601846095492
1.794779187455063
1.215909250080655
0.677125532150194
0.151064217132704
0.151064217132704
0.677125532150194
1.215909250080655
1.794779187455063
2.506252937966112
1.879324788164727
1.303597791196815
0.772015073774047
0.261683791788985
0.261683791788985
0.772015073774047
1.303597791196815
1.879324788164727
2.672595616369197
2.047212166769598
1.476872369349515
0.957785577198872
0.481377565912725
0.035618154186992
0.035618154186991
0.481377565912725
0.957785577198872
1.476872369349515
2.047212166769598
2.920024469163903
2.296451173750229
1.732230367418847
1.226201069597325
0.776811151259961
0.382015245070061
0.035618154186992
0.035618154186991
0.382015245070061
0.776811151259961
1.226201069597325
1.732230367418847
2.296451173750229
3.246765491611643
2.624933974647968
2.066374758932853
1.571303780518679
1.140708771566712
0.776811151259961
0.481377565912725
0.261683791788985
0.151064217132704
0.151064217132704
0.261683791788985
0.481377565912725
0.776811151259961
1.140708771566712
1.571303780518679
2.066374758932853
2.624933974647968
3.650146914538022
3.029754201764716
2.475735758321591
1.988941751137937
1.571303780518679
1.226201069597325
0.957785577198872
0.772015073774047
0.677125532150194
0.677125532150194
0.772015073774047
0.957785577198872
1.226201069597325
1.571303780518679
1.988941751137937
2.475735758321591
3.029754201764716
4.127188016688289
3.507816036660797
2.956958901527123
2.475735758321591
2.066374758932853
1.732230367418847
1.476872369349515
1.303597791196815
1.215909250080655
1.215909250080655
1.303597791196815
1.476872369349515
1.732230367418847
2.066374758932853
2.475735758321591
2.956958901527123
3.507816036660797
4.675606174594098
4.056834702055265
3.507816036660797
3.029754201764716
2.624933974647968
2.296451173750229
2.047212166769598
1.879324788164727
1.794779187455063
1.794779187455063
1.879324788164727
2.047212166769598
2.296451173750229
2.624933974647968
3.029754201764716
3.507816036660797
4.056834702055265
Excitation Energies: 524
0.191471793406580
0.191471793406580
0.191471793406580
0.191471793406581
0.191471793406581
0.191471793406581
0.191471793406581
0.191471793406581
0.309259527833774
0.309259527833774
0.309259527833774
0.309259527833774
0.309259527833774
0.309259527833774
0.309259527833774
0.309259527833775
0.322818296315728
0.322818296315728
0.322818296315728
0.322818296315728
0.322818296315728
0.322818296315728
0.322818296315728
0.322818296315728
0.417537431008574
0.417537431008574
0.417537431008574
0.417537431008574
0.417537431008574
0.417537431008574
0.417537431008574
0.417537431008574
0.438264359261441
0.438264359261441
0.438264359261441
0.438264359261441
0.438264359261441
0.438264359261441
0.438264359261441
0.438264359261441
0.537868884289650
0.537868884289650
0.537868884289650
0.537868884289650
0.537868884289650
0.537868884289650
0.537868884289650
0.537868884289650
0.575337958570351
0.575337958570351
0.575337958570351
0.575337958570351
0.575337958570351
0.575337958570351
0.575337958570351
0.575337958570351
0.669215387198797
0.669215387198797
0.669215387198797
0.669215387198798
0.669215387198798
0.669215387198798
0.669215387198798
0.669215387198798
0.700657893900911
0.700657893900911
0.700657893900911
0.700657893900911
0.700657893900911
0.700657893900911
0.700657893900911
0.700657893900911
0.755018939559508
0.755018939559508
0.755018939559508
0.755018939559508
0.755018939559508
0.755018939559508
0.755018939559508
0.755018939559508
0.801403596172344
0.801403596172344
0.801403596172344
0.801403596172344
0.801403596172344
0.801403596172344
0.801403596172344
0.801403596172345
0.816103956846624
0.816103956846624
0.816103956846624
0.816103956846624
0.816103956846624
0.816103956846624
0.816103956846624
0.816103956846624
0.927868712993636
0.927868712993636
0.927868712993636
0.927868712993636
0.927868712993636
0.927868712993636
0.927868712993636
0.927868712993636
0.932664790479550
0.932664790479550
0.932664790479550
0.932664790479550
0.932664790479550
0.932664790479550
0.932664790479550
0.932664790479550
0.964325674278931
0.964325674278931
0.964325674278931
0.964325674278931
0.964325674278931
0.964325674278931
0.964325674278931
0.964325674278931
1.021097370296084
1.021097370296085
1.021097370296085
1.021097370296085
1.021097370296085
1.021097370296085
1.021097370296085
1.021097370296085
1.044645512874934
1.044645512874934
1.044645512874934
1.044645512874934
1.044645512874934
1.044645512874934
1.044645512874934
1.044645512874934
1.052110648682296
1.052110648682296
1.052110648682296
1.052110648682296
1.052110648682296
1.052110648682297
1.052110648682297
1.052110648682297
1.064011293388697
1.064011293388697
1.064011293388697
1.064011293388698
1.064011293388698
1.064011293388698
1.064011293388698
1.064011293388698
1.146417305626644
1.146417305626644
1.146417305626644
1.146417305626644
1.146417305626644
1.146417305626644
1.146417305626645
1.146417305626645
1.162730223338577
1.162730223338577
1.162730223338577
1.162730223338577
1.162730223338577
1.162730223338577
1.162730223338577
1.162730223338577
1.167319065526714
1.167319065526714
1.167319065526714
1.167319065526714
1.167319065526714
1.167319065526714
1.167319065526714
1.167319065526714
1.231426950845654
1.231426950845654
1.231426950845654
1.231426950845654
1.231426950845654
1.231426950845655
1.231426950845655
1.231426950845655
1.311734878157406
1.311734878157407
1.311734878157407
1.311734878157407
1.311734878157407
1.311734878157407
1.311734878157407
1.311734878157407
1.342165271864113
1.342165271864113
1.342165271864113
1.342165271864113
1.342165271864113
1.342165271864113
1.342165271864114
1.342165271864114
1.382054708816914
1.382054708816914
1.382054708816914
1.382054708816914
1.382054708816914
1.382054708816914
1.382054708816914
1.382054708816914
1.459451430416403
1.459451430416403
1.459451430416403
1.459451430416403
1.459451430416404
1.459451430416404
1.459451430416404
1.459451430416404
1.497505381582231
1.497505381582231
1.497505381582231
1.497505381582231
1.497505381582231
1.497505381582231
1.497505381582231
1.497505381582231
1.503109392209392
1.503109392209392
1.503109392209392
1.503109392209392
1.503109392209392
1.503109392209392
1.503109392209392
1.503109392209392
1.513401211726062
1.513401211726062
1.513401211726062
1.513401211726062
1.513401211726062
1.513401211726062
1.513401211726062
1.513401211726062
1.554976794859996
1.554976794859996
1.554976794859996
1.554976794859996
1.554976794859996
1.554976794859996
1.554976794859996
1.554976794859996
1.578171963699786
1.578171963699786
1.578171963699786
1.578171963699786
1.578171963699786
1.578171963699786
1.578171963699786
1.578171963699786
1.622825316912791
1.622825316912791
1.622825316912791
1.622825316912791
1.622825316912791
1.622825316912791
1.622825316912791
1.622825316912791
1.673061505323639
1.673061505323639
1.673061505323639
1.673061505323639
1.673061505323640
1.673061505323640
1.673061505323640
1.673061505323640
1.693380380544204
1.693380380544204
1.693380380544204
1.693380380544204
1.693380380544204
1.693380380544204
1.693380380544204
1.693380380544204
1.750513742996298
1.750513742996298
1.750513742996298
1.750513742996298
1.750513742996298
1.750513742996298
1.750513742996298
1.750513742996298
1.843317595580174
1.843317595580174
1.843317595580174
1.843317595580174
1.843317595580174
1.843317595580174
1.843317595580174
1.843317595580174
1.880948989794574
1.880948989794574
1.880948989794574
1.880948989794574
1.880948989794575
1.880948989794575
1.880948989794575
1.880948989794575
1.888084006638436
1.888084006638436
1.888084006638436
1.888084006638436
1.888084006638436
1.888084006638436
1.888084006638436
1.888084006638436
2.016592173732874
2.016592173732874
2.016592173732874
2.016592173732874
2.016592173732874
2.016592173732874
2.016592173732874
2.016592173732874
2.019430509547584
2.019430509547584
2.019430509547584
2.019430509547584
2.019430509547584
2.019430509547584
2.019430509547584
2.019430509547584
2.035178427384316
2.035178427384316
2.035178427384316
2.035178427384316
2.035178427384316
2.035178427384316
2.035178427384316
2.035178427384316
2.081979329583799
2.081979329583799
2.081979329583799
2.081979329583799
2.081979329583800
2.081979329583800
2.081979329583800
2.081979329583800
2.086559512282764
2.086559512282764
2.086559512282764
2.086559512282764
2.086559512282764
2.086559512282764
2.086559512282764
2.086559512282764
2.116955681630247
2.116955681630247
2.116955681630247
2.116955681630247
2.116955681630247
2.116955681630247
2.116955681630247
2.116955681630247
2.141912109063434
2.141912109063434
2.141912109063434
2.141912109063434
2.141912109063434
2.141912109063434
2.141912109063434
2.141912109063434
2.204644222746407
2.204644222746407
2.204644222746407
2.204644222746407
2.204644222746407
2.204644222746407
2.204644222746407
2.204644222746407
2.232164098474665
2.232164098474665
2.232164098474665
2.232164098474665
2.232164098474665
2.232164098474665
2.232164098474665
2.232164098474665
2.320853540416381
2.320853540416381
2.320853540416381
2.320853540416381
2.320853540416381
2.320853540416381
2.320853540416381
2.320853540416381
2.419044592548086
2.419044592548086
2.419044592548086
2.419044592548086
2.419044592548087
2.419044592548087
2.419044592548087
2.419044592548087
2.452304812969818
2.452304812969818
2.452304812969818
2.452304812969818
2.452304812969818
2.452304812969818
2.452304812969818
2.452304812969818
2.459818927168982
2.459818927168982
2.459818927168982
2.459818927168982
2.459818927168982
2.459818927168982
2.459818927168982
2.459818927168982
2.583651315878965
2.583651315878965
2.583651315878965
2.583651315878965
2.583651315878965
2.583651315878965
2.583651315878965
2.583651315878965
2.586931971152957
2.586931971152957
2.586931971152957
2.586931971152957
2.586931971152958
2.586931971152958
2.586931971152958
2.586931971152958
2.662106577185701
2.662106577185701
2.662106577185701
2.662106577185701
2.662286509250676
2.662286509250676
2.662286509250676
2.662286509250676
2.662286509250676
2.662286509250676
2.662286509250676
2.662286509250676
2.695825619004655
2.695825619004655
2.695825619004655
2.695825619004655
2.695825619004655
2.695825619004655
2.695825619004655
2.695825619004655
2.709801988224228
2.709801988224229
2.709801988224229
2.709801988224229
2.712251906483517
2.712251906483517
2.712251906483517
2.712251906483517
2.712251906483517
2.712251906483517
2.712251906483518
2.712251906483518
2.780371219714319
2.780371219714319
2.780371219714319
2.780371219714319
2.780371219714319
2.780371219714319
2.780371219714319
2.780371219714319
2.811034035849072
2.811034035849072
2.811034035849072
2.811034035849072
2.811034035849072
2.811034035849072
2.811034035849072
2.811034035849072
2.946236990015979
2.946236990015979
2.946236990015980
2.946236990015980
3.045972742349472
3.045972742349472
3.045972742349472
3.045972742349472
3.075878108383492
3.075878108383492
3.075878108383492
3.075878108383493
3.087641585809411
3.087641585809411
3.087641585809411
3.087641585809411
3.207224611292640
3.207224611292640
3.207224611292640
3.207224611292640
3.212315420752556
3.212315420752556
3.212315420752557
3.212315420752557
3.289214659052061
3.289214659052061
3.289214659052061
3.289214659052061
3.323648277645084
3.323648277645084
3.323648277645084
3.323648277645084
3.337635356083116
3.337635356083116
3.337635356083116
3.337635356083116
3.407299369515704
3.407299369515704
3.407299369515704
3.407299369515704
3.438856694489502
3.438856694489502
3.438856694489502
3.438856694489502
Kgrid: 18
-2.357023688806754
-2.079726784241254
-1.802429879675753
-1.525132975110253
-1.247836070544752
-0.970539165979252
-0.693242261413751
-0.415945356848251
-0.138648452282750
0.138648452282750
0.415945356848251
0.693242261413751
0.970539165979252
1.247836070544752
1.525132975110253
1.802429879675753
2.079726784241254
2.357023688806754
DavVals: 1
0.023249973493279

                            End of Section: Vectors                            

--------------------------------------------------------------------------------

                                    Matrices                                    

--------------------------------------------------------------------------------

Occupied States: 52 x 2
         5         7
         5         8
         5         9
         5        10
         6         6
         6         7
         6         8
         6         9
         6        10
         6        11
         7         5
         7         6
         7         7
         7         8
         7         9
         7        10
         7        11
         7        12
         8         5
         8         6
         8         7
         8         8
         8         9
         8        10
         8        11
         8        12
         9         5
         9         6
         9         7
         9         8
         9         9
         9        10
         9        11
         9        12
        10         5
        10         6
        10         7
        10         8
        10         9
        10        10
        10        11
        10        12
        11         6
        11         7
        11         8
        11         9
        11        10
        11        11
        12         7
        12         8
        12         9
        12        10
Virtual States: 237 x 2
         0         0
         0         1
         0         2
         0         3
         0         4
         0         5
         0         6
         0         7
         0         8
         0         9
         0        10
         0        11
         0        12
         0        13
         0        14
         0        15
         0        16
         1         0
         1         1
         1         2
         1         3
         1         4
         1         5
         1         6
         1         7
         1         8
         1         9
         1        10
         1        11
         1        12
         1        13
         1        14
         1        15
         1        16
         2         0
         2         1
         2         2
         2         3
         2         4
         2         5
         2         6
         2         7
         2         8
         2         9
         2        10
         2        11
         2        12
         2        13
         2        14
         2        15
         2        16
         3         0
         3         1
         3         2
         3         3
         3         4
         3         5
         3         6
         3         7
         3         8
         3         9
         3        10
         3        11
         3        12
         3        13
         3        14
         3        15
         3        16
         4         0
         4         1
         4         2
         4         3
         4         4
         4         5
         4         6
         4         7
         4         8
         4         9
         4        10
         4        11
         4        12
         4        13
         4        14
         4        15
         4        16
         5         0
         5         1
         5         2
         5         3
         5         4
         5         5
         5         6
         5        11
         5        12
         5        13
         5        14
         5        15
         5        16
         6         0
         6         1
         6         2
         6         3
         6         4
         6         5
         6        12
         6        13
         6        14
         6        15
         6        16
         7         0
         7         1
         7         2
         7         3
         7         4
         7        13
         7        14
         7        15
         7        16
         8         0
         8         1
         8         2
         8         3
         8         4
         8        13
         8        14
         8        15
         8        16
         9         0
         9         1
         9         2
         9         3
         9         4
         9        13
         9        14
         9        15
         9        16
        10         0
        10         1
        10         2
        10         3
        10         4
        10        13
        10        14
        10        15
        10        16
        11         0
        11         1
        11         2
        11         3
        11         4
        11         5
        11        12
        11        13
        11        14
        11        15
        11        16
        12         0
        12         1
        12         2
        12         3
        12         4
        12         5
        12         6
        12        11
        12        12
        12        13
        12        14
        12        15
        12        16
        13         0
        13         1
        13         2
        13         3
        13         4
        13         5
        13         6
        13         7
        13         8
        13         9
        13        10
        13        11
        13        12
        13        13
        13        14
        13        15
        13        16
        14         0
        14         1
        14         2
        14         3
        14         4
        14         5
        14         6
        14         7
        14         8
        14         9
        14        10
        14        11
        14        12
        14        13
        14        14
        14        15
        14        16
        15         0
        15         1
        15         2
        15         3
        15         4
        15         5
        15         6
        15         7
        15         8
        15         9
        15        10
        15        11
        15        12
        15        13
        15        14
        15        15
        15        16
        16         0
        16         1
        16         2
        16         3
        16         4
        16         5
        16         6
        16         7
        16         8
        16         9
        16        10
        16        11
        16        12
        16        13
        16        14
        16        15
        16        16
Excitations: 524 x 2
           17          151
           41          151
           34          103
           10          103
           17          104
           34          150
           41          104
           10          150
            9          163
            4          162
           42          162
           47          163
            9           92
            4           91
           42           91
           47           92
           33          151
           25          151
           18          103
           26          103
           18          150
           25          104
           26          150
           33          104
            0          176
            0           75
           48          176
            3          179
           51          179
           48           75
           51           78
            3           78
            1          177
            2          178
            2           77
            1           76
           49          177
           50          178
           50           77
           49           76
           34          161
           17          164
           10          161
           17           93
           41          164
           34           90
           41           93
           10           90
           11          162
           16          163
           11           91
           40          163
           35          162
           16           92
           35           91
           40           92
           18          161
           18           90
           26          161
           25           93
           33           93
           25          164
           33          164
           26           90
           24          163
           19          162
           27          162
           32          163
           24           92
           27           91
           19           91
           32           92
           42           74
            9          180
            4          175
            9           79
            4           74
           47          180
           47           79
           42          175
            8          179
            8           78
           43          176
            5          176
            5           75
           43           75
           46          179
           46           78
            6          177
            7          178
            7           77
           45          178
           44          177
            6           76
           45           77
           44           76
            0           58
           48           58
            0          193
            3           61
           51           61
           48          193
            3          196
           51          196
           34           73
           17           80
           41          181
           34          174
           41           80
           17          181
           10           73
           10          174
            1           59
            1          194
            2           60
            2          195
           49           59
           50           60
           49          194
           50          195
           11           74
           16          180
           11          175
           16           79
           40           79
           35           74
           35          175
           40          180
           39          179
           15          179
           12          176
           36          176
           15           78
           12           75
           36           75
           39           78
           13          177
           13           76
           37          177
           38          178
           14          178
           37           76
           14           77
           38           77
           18           73
           18          174
           26           73
           26          174
           33           80
           33          181
           25           80
           25          181
           27          175
           27           74
           19          175
           24          180
           24           79
           19           74
           32           79
           32          180
           31          179
           20          176
           23          179
           28          176
           31           78
           23           78
           20           75
           28           75
           21          177
           22          178
           29          177
           30          178
           29           76
           21           76
           22           77
           30           77
            9           62
            4           57
           42           57
            4          192
           42          192
            9          197
           47           62
           47          197
            8           61
            5           58
           43           58
            8          196
            5          193
           43          193
           46           61
           46          196
            6          194
            6           59
           44           59
            7          195
            7           60
           45           60
           44          194
           45          195
           10          191
           41          198
           17          198
           17           63
           34           56
           41           63
           34          191
           10           56
           51           44
           48          210
            0          210
            3           44
            0           41
           48           41
           51          213
            3          213
           11           57
           11          192
           16           62
           35          192
           40           62
           35           57
           16          197
           40          197
            1          211
            1           42
            2           43
            2          212
           50           43
           50          212
           49           42
           49          211
           18          191
           25           63
           25          198
           33           63
           18           56
           26          191
           26           56
           33          198
           36           58
           12           58
           39           61
           15           61
           12          193
           15          196
           36          193
           39          196
           13           59
           13          194
           38           60
           38          195
           37           59
           37          194
           14           60
           14          195
           27           57
           27          192
           24           62
           19          192
           19           57
           32           62
           24          197
           32          197
           23           61
           31           61
           20           58
           28           58
           20          193
           31          196
           28          193
           23          196
           29          194
           22           60
           22          195
           29           59
           30          195
           21          194
           30           60
           21           59
            4           40
           42           40
           42          209
            4          209
            9           45
            9          214
           47          214
           47           45
            8           44
           43          210
            5          210
            8          213
           46           44
           43           41
            5           41
           46          213
            7           43
            7          212
            6          211
            6           42
           45           43
           45          212
           44          211
           44           42
           34          208
           10          208
           17           46
           41           46
           17          215
           34           39
           10           39
           41          215
           11           40
           11          209
           16           45
           40          214
           35           40
           40           45
           16          214
           35          209
           18          208
           26          208
           18           39
           33          215
           33           46
           26           39
           25          215
           25           46
            3           27
            3          230
           51           27
           51          230
            0          227
           48          227
            0           24
           48           24
            1          228
            1           25
            2           26
            2          229
           50           26
           50          229
           49           25
           49          228
           12          210
           36          210
           39           44
           15           44
           15          213
           39          213
           12           41
           36           41
           13          211
           13           42
           38           43
           38          212
           37           42
           14          212
           37          211
           14           43
           32           45
           19          209
           27          209
           19           40
           32          214
           27           40
           24           45
           24          214
           28          210
           20          210
           23           44
           31           44
           23          213
           28           41
           31          213
           20           41
           21          211
           29          211
           29           42
           30           43
           30          212
           21           42
           22          212
           22           43
            4          226
            9          231
            9           28
            4           23
           47          231
           42          226
           47           28
           42           23
            8          230
            8           27
            5          227
           43          227
            5           24
           43           24
           46           27
           46          230
           10           22
           17           29
           41           29
           41          232
           17          232
           10          225
           34           22
           34          225
           44          228
            7          229
            7           26
           44           25
            6           25
            6          228
           45          229
           45           26
           18          225
           33          232
           25          232
           33           29
           25           29
           18           22
           26          225
           26           22
           11           23
           11          226
           16          231
           16           28
           40           28
           35           23
           40          231
           35          226
            3           10
            0            7
           48            7
           51           10
           39          230
           36          227
           15           27
           15          230
           12          227
           39           27
           36           24
           12           24
           13          228
           14          229
           37           25
           13           25
           38           26
           14           26
           37          228
           38          229
            1            8
            2            9
           49            8
           50            9
           24           28
           24          231
           19           23
           19          226
           27          226
           27           23
           32          231
           32           28
           31          230
           31           27
           23          230
           23           27
           28          227
           20          227
           28           24
           20           24
           29           25
           29          228
           21          228
           30          229
           21           25
           30           26
           22           26
           22          229
            9           11
            4            6
           42            6
           47           11
            5            7
           43            7
            8           10
           46           10
           41           12
           17           12
           34            5
           10            5
           45            9
            6            8
           44            8
            7            9
           25           12
           18            5
           26            5
           33           12
           11            6
           16           11
           35            6
           40           11
           36            7
           15           10
           12            7
           39           10
           13            8
           37            8
           14            9
           38            9
           19            6
           24           11
           27            6
           32           11
           20            7
           23           10
           28            7
           31           10
           22            9
           29            8
           21            8
           30            9

                            End of Section: Matrices                            

################################################################################

                              End of Output File.                              

################################################################################
