################################################################################

            Output File for HFS, the Hartree-Fock Stability Program            
                              Author: Evan Curtin                              
             Institution: University of Illinois @ Urbana-Champaign             
                          email: ecurtin2@illinois.edu                          
                       Built on Oct 18 2016, at 18:15:44                       

################################################################################

                Computation Started : Tue Oct 18 19:02:22 2016
                
                Computation Finished: Tue Oct 18 19:02:23 2016
                
                     Total Elapsed Time = 0.735495 seconds.                     

--------------------------------------------------------------------------------

                                     Input                                     

--------------------------------------------------------------------------------

Nk = 11
ndim = 2
rs = 1.200000000000000

                             End of Section: Input                             

--------------------------------------------------------------------------------

                                     Output                                     

--------------------------------------------------------------------------------

deltaK = 0.471404520791032
kf = 1.178511301977579
kmax = 2.357022603955159
Nocc = 21
Nvir = 79
Nexc = 117
dav_its = 7
Dav_Final_Val = 0.111856109138914
full_diag_min = 0.111856109137336

                             End of Section: Output                             

--------------------------------------------------------------------------------

                                    Vectors                                    

--------------------------------------------------------------------------------

Occ Energies: 21
-0.068632380520457
-0.233601864084699
-0.068632380520457
-0.068632380520457
-0.557668190135659
-0.715963711953258
-0.557668190135659
-0.068632380520457
-0.233601864084699
-0.715963711953258
-0.870284009449800
-0.715963711953258
-0.233601864084699
-0.068632380520457
-0.557668190135659
-0.715963711953258
-0.557668190135660
-0.068632380520457
-0.068632380520457
-0.233601864084699
-0.068632380520458
Vir Energies: 79
5.291848392433480
4.282531498113788
3.477875016119095
2.888739839759350
2.529681121433538
2.408807609617332
2.529681121433538
2.888739839759349
3.477875016119094
4.282531498113788
4.282531498113788
3.271558856848782
2.461707321758456
1.863809162880740
1.495781370802262
1.371198723606319
1.495781370802262
1.863809162880740
2.461707321758456
3.271558856848781
3.477875016119095
2.461707321758456
1.634757216650932
1.003827503092237
0.592076368487147
0.452079671038318
0.592076368487146
1.003827503092237
1.634757216650931
2.461707321758456
2.888739839759350
1.863809162880740
1.003827503092237
0.301253910952003
0.301253910952002
1.003827503092237
1.863809162880739
2.529681121433538
1.495781370802262
0.592076368487147
0.592076368487146
1.495781370802262
2.408807609617332
1.371198723606319
0.452079671038318
0.452079671038318
1.371198723606318
2.529681121433538
1.495781370802262
0.592076368487146
0.592076368487146
1.495781370802261
2.888739839759349
1.863809162880740
1.003827503092236
0.301253910952002
0.301253910952002
1.003827503092236
1.863809162880739
3.477875016119094
2.461707321758456
1.634757216650931
1.003827503092237
0.592076368487146
0.452079671038318
0.592076368487146
1.003827503092236
1.634757216650931
2.461707321758455
4.282531498113788
3.271558856848781
2.461707321758456
1.863809162880739
1.495781370802262
1.371198723606318
1.495781370802261
1.863809162880739
2.461707321758455
3.271558856848781
Excitation Energies: 117
0.660708749007603
1.564413751322719
2.598313501953995
1.564413751322719
0.660708749007604
0.685681535123016
1.604800587691017
2.642409473702030
1.604800587691017
0.685681535123017
0.660708749007603
1.564413751322719
2.598313501953996
1.564413751322719
0.660708749007604
0.369886291472459
1.072459883612694
1.932441543401196
2.957372220279807
1.932441543401197
1.072459883612694
0.369886291472460
1.149744558622805
2.053449560937921
3.087349311569198
2.053449560937922
1.149744558622806
1.168043382991575
2.087162435559576
3.124771321570589
2.087162435559576
1.168043382991576
1.149744558622805
2.053449560937921
3.087349311569198
2.053449560937922
1.149744558622806
0.369886291472459
1.072459883612693
1.932441543401196
2.957372220279807
1.932441543401197
1.072459883612694
0.369886291472459
0.534855775036701
1.237429367176935
2.097411026965438
3.122341703844048
2.097411026965439
1.237429367176936
0.534855775036701
1.308040080440404
2.211745082755519
3.245644833386796
2.211745082755520
1.308040080440404
1.322363680488118
2.241482733056118
3.279091619067132
2.241482733056119
1.322363680488119
1.308040080440404
2.211745082755519
3.245644833386796
2.211745082755520
1.308040080440404
0.534855775036701
1.237429367176935
2.097411026965438
3.122341703844048
2.097411026965439
1.237429367176936
0.534855775036701
0.369886291472459
1.072459883612694
1.932441543401196
2.957372220279807
1.932441543401197
1.072459883612694
0.369886291472460
1.149744558622805
2.053449560937921
3.087349311569198
2.053449560937922
1.149744558622806
1.168043382991576
2.087162435559576
3.124771321570590
2.087162435559577
1.168043382991576
1.149744558622806
2.053449560937922
3.087349311569199
2.053449560937922
1.149744558622806
0.369886291472459
1.072459883612693
1.932441543401197
2.957372220279807
1.932441543401197
1.072459883612694
0.369886291472460
0.660708749007603
1.564413751322719
2.598313501953996
1.564413751322720
0.660708749007604
0.685681535123017
1.604800587691017
2.642409473702031
1.604800587691018
0.685681535123017
0.660708749007603
1.564413751322719
2.598313501953996
1.564413751322719
0.660708749007604
Kgrid: 11
-2.357022603955159
-1.885618083164127
-1.414213562373095
-0.942809041582064
-0.471404520791032
0.000000000000000
0.471404520791031
0.942809041582063
1.414213562373095
1.885618083164126
2.357022603955159
All Davidson Eigenvalues at Last Iteration: 113
0.111856109137336
0.173802170041522
0.256163268936626
0.325597201601066
0.365303081011059
0.375178075516313
0.379762691110881
0.394799613664793
0.436529924055918
0.438701817015391
0.471456212050426
0.523376841576206
0.534855775036700
0.558160227917670
0.566948867401855
0.569579069943904
0.602933283098753
0.650525971459370
0.668564994662047
0.674450598781161
0.693614334026616
0.697672347736976
0.698764267432900
0.719073903605436
0.734737592525592
0.738571578376205
0.745366792704063
0.751204433236358
0.759422843085935
0.759467771639205
0.774003632163709
0.779594866773914
0.880671726153131
0.955926557968959
1.002092061834090
1.051458519800394
1.070192446021274
1.079595383563438
1.097293370631822
1.103355566212506
1.143821689113979
1.146836724764798
1.152827985132113
1.159531548570087
1.181247805978934
1.202250812888074
1.202676440944273
1.203833938543680
1.221699716946862
1.243231480801479
1.245889459698420
1.245933684554881
1.246146592286762
1.315596780574144
1.334178218651950
1.347070313825053
1.385470577861293
1.415943342880718
1.420248154158412
1.421729406033577
1.445633618694968
1.497347330759643
1.544222746224061
1.597579606361578
1.602649735601590
1.605705855974787
1.612604270034925
1.672939804534614
1.673840338267303
1.674068361474249
1.817074651124005
1.845168371017869
1.863719332950154
1.920896770088895
1.925441278806592
1.937632767373171
1.960542697394811
1.964641981852137
1.979791343297217
2.000848672604997
2.019084261346092
2.030929393777660
2.034151916371145
2.050055352095529
2.064897211002028
2.072443682797305
2.101894131526669
2.103067104026767
2.116909278013238
2.158278704813124
2.158822844981980
2.202828048580391
2.214668896227661
2.251247009654274
2.299150331030149
2.301085186968651
2.465212570116321
2.543754388541121
2.563374626385794
2.597460736146814
2.636613380950415
2.637020895236111
2.710263774678176
2.772797101179570
2.897501974725340
2.965463529622350
2.980404535180807
3.076007441427937
3.111818642094465
3.137129506505334
3.195481005064876
3.254147808849630
3.338302872431793
Davidson lowest eigenvalues at each iteration: 7
0.321551633699246
0.237307039939699
0.114588176902565
0.111868360278444
0.111856236292514
0.111856109652334
0.111856109138914

                            End of Section: Vectors                            

--------------------------------------------------------------------------------

                                    Matrices                                    

--------------------------------------------------------------------------------

Occupied States: 21 x 2
        3        4
        3        5
        3        6
        4        3
        4        4
        4        5
        4        6
        4        7
        5        3
        5        4
        5        5
        5        6
        5        7
        6        3
        6        4
        6        5
        6        6
        6        7
        7        4
        7        5
        7        6
Virtual States: 79 x 2
        0        0
        0        1
        0        2
        0        3
        0        4
        0        5
        0        6
        0        7
        0        8
        0        9
        1        0
        1        1
        1        2
        1        3
        1        4
        1        5
        1        6
        1        7
        1        8
        1        9
        2        0
        2        1
        2        2
        2        3
        2        4
        2        5
        2        6
        2        7
        2        8
        2        9
        3        0
        3        1
        3        2
        3        3
        3        7
        3        8
        3        9
        4        0
        4        1
        4        2
        4        8
        4        9
        5        0
        5        1
        5        2
        5        8
        5        9
        6        0
        6        1
        6        2
        6        8
        6        9
        7        0
        7        1
        7        2
        7        3
        7        7
        7        8
        7        9
        8        0
        8        1
        8        2
        8        3
        8        4
        8        5
        8        6
        8        7
        8        8
        8        9
        9        0
        9        1
        9        2
        9        3
        9        4
        9        5
        9        6
        9        7
        9        8
        9        9
Excitations: 117 x 2
         0        63
         0        73
         0         4
         0        14
         0        24
         1        64
         1        74
         1         5
         1        15
         1        25
         2        65
         2        75
         2         6
         2        16
         2        26
         3        55
         3        62
         3        72
         3         3
         3        13
         3        23
         3        33
         4        63
         4        73
         4         4
         4        14
         4        24
         5        64
         5        74
         5         5
         5        15
         5        25
         6        65
         6        75
         6         6
         6        16
         6        26
         7        56
         7        66
         7        76
         7         7
         7        17
         7        27
         7        34
         8        55
         8        62
         8        72
         8         3
         8        13
         8        23
         8        33
         9        63
         9        73
         9         4
         9        14
         9        24
        10        64
        10        74
        10         5
        10        15
        10        25
        11        65
        11        75
        11         6
        11        16
        11        26
        12        56
        12        66
        12        76
        12         7
        12        17
        12        27
        12        34
        13        55
        13        62
        13        72
        13         3
        13        13
        13        23
        13        33
        14        63
        14        73
        14         4
        14        14
        14        24
        15        64
        15        74
        15         5
        15        15
        15        25
        16        65
        16        75
        16         6
        16        16
        16        26
        17        56
        17        66
        17        76
        17         7
        17        17
        17        27
        17        34
        18        63
        18        73
        18         4
        18        14
        18        24
        19        64
        19        74
        19         5
        19        15
        19        25
        20        65
        20        75
        20         6
        20        16
        20        26

                            End of Section: Matrices                            

--------------------------------------------------------------------------------

                              Calculation Details                              

--------------------------------------------------------------------------------

Davidson_Stopping_Criteria = All requested norms below tolerance

                      End of Section: Calculation Details                      

################################################################################

                              End of Output File.                              

################################################################################
