################################################################################

            Output File for HFS, the Hartree-Fock Stability Program            
                              Author: Evan Curtin                              
             Institution: University of Illinois @ Urbana-Champaign             
                          email: ecurtin2@illinois.edu                          
                       Built on Oct 18 2016, at 18:15:44                       

################################################################################

                Computation Started : Tue Oct 18 19:08:34 2016
                
                Computation Finished: Tue Oct 18 19:12:17 2016
                
                     Total Elapsed Time = 222.932 seconds.                     

--------------------------------------------------------------------------------

                                     Input                                     

--------------------------------------------------------------------------------

Nk = 24
ndim = 2
rs = 1.200000000000000

                             End of Section: Input                             

--------------------------------------------------------------------------------

                                     Output                                     

--------------------------------------------------------------------------------

deltaK = 0.204958487300448
kf = 1.178511301977579
kmax = 2.357022603955159
Nocc = 112
Nvir = 417
Nexc = 1440
dav_its = 16
Dav_Final_Val = 0.029154368778830
full_diag_min = 0.029154368778828

                             End of Section: Output                             

--------------------------------------------------------------------------------

                                    Vectors                                    

--------------------------------------------------------------------------------

Occ Energies: 112
-0.001695413099882
-0.074722991243549
-0.074722991243549
-0.001695413099882
-0.000485993033847
-0.198881776987129
-0.334894894491147
-0.401839361779931
-0.401839361779930
-0.334894894491147
-0.198881776987129
-0.000485993033847
-0.000485993033847
-0.271354474305911
-0.462180054713497
-0.586330602106622
-0.647994550071563
-0.647994550071564
-0.586330602106621
-0.462180054713497
-0.271354474305910
-0.000485993033847
-0.198881776987128
-0.462180054713497
-0.647269478656433
-0.767611283910638
-0.827166135312580
-0.827166135312580
-0.767611283910638
-0.647269478656433
-0.462180054713496
-0.198881776987128
-0.001695413099882
-0.334894894491147
-0.586330602106621
-0.767611283910638
-0.885975274172412
-0.944564998182254
-0.944564998182254
-0.885975274172412
-0.767611283910638
-0.586330602106621
-0.334894894491147
-0.001695413099883
-0.074722991243549
-0.401839361779930
-0.647994550071563
-0.827166135312580
-0.944564998182253
-1.002732615734043
-1.002732615734043
-0.944564998182253
-0.827166135312580
-0.647994550071563
-0.401839361779930
-0.074722991243549
-0.074722991243549
-0.401839361779930
-0.647994550071563
-0.827166135312579
-0.944564998182253
-1.002732615734043
-1.002732615734043
-0.944564998182252
-0.827166135312579
-0.647994550071562
-0.401839361779930
-0.074722991243549
-0.001695413099882
-0.334894894491147
-0.586330602106621
-0.767611283910637
-0.885975274172411
-0.944564998182253
-0.944564998182253
-0.885975274172411
-0.767611283910638
-0.586330602106621
-0.334894894491146
-0.001695413099882
-0.198881776987128
-0.462180054713496
-0.647269478656432
-0.767611283910637
-0.827166135312579
-0.827166135312580
-0.767611283910637
-0.647269478656432
-0.462180054713496
-0.198881776987128
-0.000485993033847
-0.271354474305911
-0.462180054713496
-0.586330602106621
-0.647994550071563
-0.647994550071563
-0.586330602106621
-0.462180054713496
-0.271354474305910
-0.000485993033847
-0.000485993033847
-0.198881776987128
-0.334894894491146
-0.401839361779930
-0.401839361779930
-0.334894894491146
-0.198881776987128
-0.000485993033847
-0.001695413099882
-0.074722991243550
-0.074722991243549
-0.001695413099882
Vir Energies: 417
5.288481468799452
4.824520387080919
4.398855513018676
4.011914639027492
3.664216740739457
3.356359312138538
3.089545025346224
2.865195570189273
2.684371661635915
2.547828099651598
2.456295457803008
2.410363301445354
2.410363301445354
2.456295457803008
2.547828099651598
2.684371661635915
2.865195570189274
3.089545025346224
3.356359312138538
3.664216740739458
4.011914639027493
4.398855513018677
4.824520387080919
4.824520387080919
4.360501261292077
3.934660620034050
3.547422235363844
3.199300973288740
2.890894915076813
2.623419556590979
2.398337971364700
2.216771031687772
2.079544454306676
1.987479022244644
1.941252873000960
1.941252873000961
1.987479022244644
2.079544454306676
2.216771031687773
2.398337971364700
2.623419556590980
2.890894915076814
3.199300973288740
3.547422235363846
3.934660620034050
4.360501261292077
4.398855513018676
3.934660620034050
3.508286681266052
3.120141782136400
2.770722416485038
2.460620518164236
2.191081821882153
1.963688079710000
1.779739996749853
1.640286521652722
1.546455649845829
1.499246142838230
1.499246142838230
1.546455649845829
1.640286521652722
1.779739996749854
1.963688079710000
2.191081821882153
2.460620518164237
2.770722416485038
3.120141782136401
3.508286681266053
3.934660620034050
4.011914639027492
3.547422235363845
3.120141782136400
2.730441889205707
2.378765334717743
2.065661866557021
1.792403410687271
1.560746078322363
1.372270062097537
1.228407840147190
1.130940235415827
1.081670836320132
1.081670836320132
1.130940235415827
1.228407840147190
1.372270062097538
1.560746078322363
1.792403410687271
2.065661866557021
2.378765334717744
2.730441889205708
3.120141782136401
3.547422235363845
3.664216740739457
3.199300973288740
2.770722416485038
2.378765334717743
2.023742595279674
1.706059398567757
1.426934901651965
1.188295258469070
0.992071960785281
0.840067915863752
0.735236020968262
0.681797274899941
0.681797274899941
0.735236020968262
0.840067915863753
0.992071960785281
1.188295258469070
1.426934901651965
1.706059398567758
2.023742595279675
2.378765334717744
2.770722416485039
3.199300973288740
3.356359312138538
2.890894915076814
2.460620518164236
2.065661866557021
1.706059398567757
1.381845438322086
1.093865701196507
0.843932585871125
0.634616956901313
0.467191722095037
0.343177763260337
0.280978779987328
0.280978779987328
0.343177763260338
0.467191722095037
0.634616956901313
0.843932585871126
1.093865701196507
1.381845438322087
1.706059398567757
2.065661866557021
2.460620518164237
2.890894915076814
3.089545025346224
2.623419556590979
2.191081821882153
1.792403410687271
1.426934901651965
1.093865701196507
0.792698553265226
0.523174418147103
0.288041224455552
0.098034616644278
0.098034616644278
0.288041224455552
0.523174418147103
0.792698553265226
1.093865701196508
1.426934901651966
1.792403410687272
2.191081821882154
2.623419556590979
2.865195570189273
2.398337971364700
1.963688079710000
1.560746078322363
1.188295258469070
0.843932585871126
0.523174418147103
0.219254443307622
0.219254443307621
0.523174418147103
0.843932585871126
1.188295258469070
1.560746078322364
1.963688079710001
2.398337971364700
2.684371661635915
2.216771031687772
1.779739996749853
1.372270062097538
0.992071960785281
0.634616956901313
0.288041224455551
0.288041224455551
0.634616956901314
0.992071960785282
1.372270062097538
1.779739996749854
2.216771031687772
2.547828099651598
2.079544454306676
1.640286521652722
1.228407840147190
0.840067915863753
0.467191722095037
0.098034616644278
0.098034616644278
0.467191722095038
0.840067915863753
1.228407840147191
1.640286521652723
2.079544454306676
2.456295457803008
1.987479022244644
1.546455649845829
1.130940235415827
0.735236020968263
0.343177763260337
0.343177763260338
0.735236020968263
1.130940235415828
1.546455649845830
1.987479022244644
2.410363301445354
1.941252873000961
1.499246142838230
1.081670836320132
0.681797274899941
0.280978779987328
0.280978779987329
0.681797274899942
1.081670836320133
1.499246142838231
1.941252873000960
2.410363301445354
1.941252873000960
1.499246142838230
1.081670836320133
0.681797274899941
0.280978779987328
0.280978779987329
0.681797274899942
1.081670836320133
1.499246142838231
1.941252873000961
2.456295457803008
1.987479022244644
1.546455649845829
1.130940235415827
0.735236020968263
0.343177763260337
0.343177763260338
0.735236020968263
1.130940235415828
1.546455649845830
1.987479022244644
2.547828099651598
2.079544454306676
1.640286521652722
1.228407840147191
0.840067915863753
0.467191722095037
0.098034616644278
0.098034616644277
0.467191722095038
0.840067915863753
1.228407840147191
1.640286521652723
2.079544454306676
2.684371661635915
2.216771031687773
1.779739996749854
1.372270062097538
0.992071960785282
0.634616956901313
0.288041224455552
0.288041224455552
0.634616956901314
0.992071960785282
1.372270062097539
1.779739996749855
2.216771031687773
2.865195570189273
2.398337971364700
1.963688079710000
1.560746078322363
1.188295258469070
0.843932585871126
0.523174418147103
0.219254443307621
0.219254443307621
0.523174418147103
0.843932585871127
1.188295258469071
1.560746078322364
1.963688079710002
2.398337971364700
3.089545025346224
2.623419556590979
2.191081821882154
1.792403410687271
1.426934901651965
1.093865701196508
0.792698553265226
0.523174418147103
0.288041224455551
0.098034616644278
0.098034616644278
0.288041224455552
0.523174418147103
0.792698553265226
1.093865701196508
1.426934901651966
1.792403410687272
2.191081821882154
2.623419556590979
3.356359312138538
2.890894915076814
2.460620518164237
2.065661866557021
1.706059398567758
1.381845438322087
1.093865701196508
0.843932585871126
0.634616956901314
0.467191722095038
0.343177763260338
0.280978779987329
0.280978779987328
0.343177763260338
0.467191722095038
0.634616956901314
0.843932585871127
1.093865701196508
1.381845438322088
1.706059398567758
2.065661866557022
2.460620518164238
2.890894915076814
3.664216740739458
3.199300973288741
2.770722416485038
2.378765334717744
2.023742595279675
1.706059398567758
1.426934901651966
1.188295258469071
0.992071960785282
0.840067915863754
0.735236020968263
0.681797274899942
0.681797274899942
0.735236020968263
0.840067915863754
0.992071960785282
1.188295258469071
1.426934901651966
1.706059398567758
2.023742595279675
2.378765334717745
2.770722416485039
3.199300973288740
4.011914639027493
3.547422235363846
3.120141782136401
2.730441889205708
2.378765334717744
2.065661866557021
1.792403410687272
1.560746078322364
1.372270062097539
1.228407840147192
1.130940235415828
1.081670836320134
1.081670836320134
1.130940235415828
1.228407840147192
1.372270062097539
1.560746078322365
1.792403410687272
2.065661866557022
2.378765334717745
2.730441889205709
3.120141782136402
3.547422235363846
4.398855513018677
3.934660620034050
3.508286681266053
3.120141782136401
2.770722416485039
2.460620518164237
2.191081821882154
1.963688079710001
1.779739996749854
1.640286521652723
1.546455649845830
1.499246142838231
1.499246142838231
1.546455649845830
1.640286521652723
1.779739996749855
1.963688079710002
2.191081821882154
2.460620518164238
2.770722416485039
3.120141782136402
3.508286681266054
3.934660620034050
4.824520387080919
4.360501261292077
3.934660620034049
3.547422235363845
3.199300973288740
2.890894915076813
2.623419556590980
2.398337971364700
2.216771031687773
2.079544454306676
1.987479022244644
1.941252873000961
1.941252873000961
1.987479022244644
2.079544454306676
2.216771031687773
2.398337971364700
2.623419556590979
2.890894915076814
3.199300973288740
3.547422235363845
3.934660620034049
4.360501261292077
Excitation Energies: 1440
0.344873176360220
0.736931434068145
1.132635648515710
1.548151062945712
1.989174435344526
2.457990870902890
1.989174435344526
1.548151062945711
1.132635648515709
0.736931434068144
0.344873176360219
0.355701771230877
0.756520266143491
1.156393827563683
1.573969134081780
2.015975864244509
2.485086292688903
2.015975864244509
1.573969134081779
1.156393827563681
0.756520266143490
0.355701771230877
0.355701771230877
0.756520266143491
1.156393827563683
1.573969134081780
2.015975864244510
2.485086292688903
2.015975864244510
1.573969134081779
1.156393827563681
0.756520266143490
0.355701771230877
0.344873176360220
0.736931434068145
1.132635648515710
1.548151062945712
1.989174435344526
2.457990870902890
1.989174435344526
1.548151062945711
1.132635648515709
0.736931434068144
0.344873176360219
0.288527217489398
0.635102949935161
0.992557953819129
1.372756055131386
1.780225989783701
2.217257024721620
2.684857654669762
2.217257024721619
1.780225989783700
1.372756055131384
0.992557953819128
0.635102949935160
0.288527217489399
0.296916393631406
0.666073499082166
1.038949692850882
1.427289617134320
1.839168298639852
2.278426231293805
2.746709876638727
2.278426231293805
1.839168298639851
1.427289617134319
1.038949692850881
0.666073499082166
0.296916393631407
0.678072657751484
1.070130915459410
1.465835129906975
1.881350544336977
2.322373916735790
2.791190352294155
2.322373916735790
1.881350544336975
1.465835129906973
1.070130915459409
0.678072657751484
0.682818141767259
1.083636636679872
1.483510198100064
1.901085504618162
2.343092234780891
2.812202663225285
2.343092234780891
1.901085504618160
1.483510198100063
1.083636636679871
0.682818141767258
0.682818141767259
1.083636636679872
1.483510198100064
1.901085504618162
2.343092234780891
2.812202663225284
2.343092234780891
1.901085504618160
1.483510198100062
1.083636636679871
0.682818141767258
0.678072657751485
1.070130915459410
1.465835129906975
1.881350544336977
2.322373916735791
2.791190352294155
2.322373916735791
1.881350544336976
1.465835129906974
1.070130915459409
0.678072657751484
0.296916393631407
0.666073499082166
1.038949692850882
1.427289617134320
1.839168298639852
2.278426231293805
2.746709876638727
2.278426231293804
1.839168298639851
1.427289617134319
1.038949692850881
0.666073499082166
0.296916393631407
0.288527217489398
0.635102949935161
0.992557953819129
1.372756055131386
1.780225989783701
2.217257024721620
2.684857654669762
2.217257024721619
1.780225989783700
1.372756055131384
0.992557953819128
0.635102949935160
0.288527217489399
0.219740436341468
0.523660411180949
0.844418578904973
1.188781251502917
1.561232071356211
1.964174072743848
2.398823964398547
2.865681563223120
2.398823964398547
1.964174072743847
1.561232071356210
1.188781251502916
0.844418578904972
0.523660411180949
0.219740436341468
0.559395698761462
0.905971431207225
1.263426435091193
1.643624536403450
2.051094471055765
2.488125505993684
2.955726135941827
2.488125505993684
2.051094471055764
1.643624536403449
1.263426435091192
0.905971431207224
0.559395698761463
0.560214671357774
0.929371776808534
1.302247970577250
1.690587894860688
2.102466576366220
2.541724509020173
3.010008154365095
2.541724509020173
2.102466576366218
1.690587894860687
1.302247970577249
0.929371776808533
0.560214671357775
0.929508365366959
1.321566623074885
1.717270837522450
2.132786251952452
2.573809624351266
3.042626059909630
2.573809624351266
2.132786251952450
1.717270837522449
1.321566623074884
0.929508365366959
0.928973330058892
1.329791824971505
1.729665386391697
2.147240692909794
2.589247423072524
3.058357851516917
2.589247423072524
2.147240692909793
1.729665386391696
1.329791824971504
0.928973330058891
0.928973330058892
1.329791824971505
1.729665386391697
2.147240692909795
2.589247423072524
3.058357851516917
2.589247423072524
2.147240692909794
1.729665386391696
1.329791824971505
0.928973330058891
0.929508365366960
1.321566623074885
1.717270837522450
2.132786251952452
2.573809624351266
3.042626059909630
2.573809624351266
2.132786251952450
1.717270837522449
1.321566623074884
0.929508365366959
0.560214671357775
0.929371776808534
1.302247970577250
1.690587894860689
2.102466576366220
2.541724509020173
3.010008154365095
2.541724509020172
2.102466576366218
1.690587894860687
1.302247970577249
0.929371776808534
0.560214671357775
0.559395698761462
0.905971431207225
1.263426435091193
1.643624536403449
2.051094471055765
2.488125505993684
2.955726135941826
2.488125505993684
2.051094471055764
1.643624536403448
1.263426435091192
0.905971431207224
0.559395698761462
0.219740436341468
0.523660411180950
0.844418578904974
1.188781251502918
1.561232071356211
1.964174072743848
2.398823964398547
2.865681563223120
2.398823964398547
1.964174072743847
1.561232071356210
1.188781251502917
0.844418578904973
0.523660411180950
0.219740436341468
0.418136220294750
0.722056195134231
1.042814362858255
1.387177035456199
1.759627855309493
2.162569856697130
2.597219748351828
3.064077347176402
2.597219748351828
2.162569856697128
1.759627855309492
1.387177035456198
1.042814362858254
0.722056195134231
0.418136220294750
0.750221279169048
1.096797011614810
1.454252015498779
1.834450116811035
2.241920051463351
2.678951086401269
3.146551716349412
2.678951086401269
2.241920051463349
1.834450116811034
1.454252015498778
1.096797011614810
0.750221279169048
0.745304095300710
1.114461200751470
1.487337394520186
1.875677318803624
2.287556000309156
2.726813932963108
3.195097578308030
2.726813932963108
2.287556000309155
1.875677318803623
1.487337394520185
1.114461200751470
0.745304095300711
1.110789047170976
1.502847304878901
1.898551519326467
2.314066933756468
2.755090306155282
3.223906741713646
2.755090306155282
2.314066933756467
1.898551519326465
1.502847304878900
1.110789047170975
1.108144915299909
1.508963410212522
1.908836971632714
2.326412278150812
2.768419008313541
3.237529436757934
2.768419008313541
2.326412278150810
1.908836971632712
1.508963410212521
1.108144915299908
1.108144915299908
1.508963410212522
1.908836971632714
2.326412278150811
2.768419008313541
3.237529436757934
2.768419008313541
2.326412278150809
1.908836971632712
1.508963410212521
1.108144915299908
1.110789047170976
1.502847304878901
1.898551519326466
2.314066933756468
2.755090306155282
3.223906741713646
2.755090306155282
2.314066933756467
1.898551519326465
1.502847304878900
1.110789047170975
0.745304095300711
1.114461200751470
1.487337394520186
1.875677318803624
2.287556000309156
2.726813932963108
3.195097578308030
2.726813932963108
2.287556000309155
1.875677318803623
1.487337394520185
1.114461200751470
0.745304095300711
0.750221279169048
1.096797011614810
1.454252015498778
1.834450116811035
2.241920051463351
2.678951086401269
3.146551716349411
2.678951086401269
2.241920051463349
1.834450116811034
1.454252015498777
1.096797011614809
0.750221279169048
0.418136220294750
0.722056195134231
1.042814362858255
1.387177035456199
1.759627855309493
2.162569856697130
2.597219748351829
3.064077347176402
2.597219748351829
2.162569856697129
1.759627855309492
1.387177035456198
1.042814362858254
0.722056195134231
0.418136220294750
0.099730029744160
0.289736637555434
0.524869831246985
0.794393966365109
1.095561114296390
1.428630314751848
1.794098823787154
2.192777234982036
2.625114969690862
3.091240438446106
2.625114969690861
2.192777234982035
1.794098823787153
1.428630314751847
1.095561114296390
0.794393966365108
0.524869831246985
0.289736637555434
0.099730029744160
0.554149337798768
0.858069312638249
1.178827480362273
1.523190152960217
1.895640972813511
2.298582974201148
2.733232865855847
3.200090464680420
2.733232865855847
2.298582974201147
1.895640972813510
1.523190152960217
1.178827480362272
0.858069312638249
0.554149337798768
0.874371826562173
1.220947559007935
1.578402562891903
1.958600664204160
2.366070598856476
2.803101633794395
3.270702263742537
2.803101633794394
2.366070598856474
1.958600664204159
1.578402562891903
1.220947559007934
0.874371826562173
0.865645900554915
1.234803006005675
1.607679199774391
1.996019124057829
2.407897805563361
2.847155738217314
3.315439383562236
2.847155738217314
2.407897805563360
1.996019124057828
1.607679199774390
1.234803006005674
0.865645900554916
1.229153037432750
1.621211295140676
2.016915509588241
2.432430924018242
2.873454296417056
3.342270731975420
2.873454296417056
2.432430924018241
2.016915509588239
1.621211295140674
1.229153037432750
1.225543778169582
1.626362273082196
2.026235834502388
2.443811141020485
2.885817871183214
3.354928299627607
2.885817871183214
2.443811141020483
2.026235834502386
1.626362273082194
1.225543778169581
1.225543778169582
1.626362273082196
2.026235834502387
2.443811141020485
2.885817871183214
3.354928299627607
2.885817871183214
2.443811141020483
2.026235834502386
1.626362273082194
1.225543778169581
1.229153037432750
1.621211295140675
2.016915509588241
2.432430924018242
2.873454296417056
3.342270731975420
2.873454296417056
2.432430924018241
2.016915509588239
1.621211295140674
1.229153037432750
0.865645900554916
1.234803006005675
1.607679199774391
1.996019124057830
2.407897805563361
2.847155738217314
3.315439383562236
2.847155738217313
2.407897805563360
1.996019124057828
1.607679199774390
1.234803006005675
0.865645900554916
0.874371826562173
1.220947559007936
1.578402562891904
1.958600664204160
2.366070598856476
2.803101633794395
3.270702263742537
2.803101633794394
2.366070598856475
1.958600664204159
1.578402562891903
1.220947559007935
0.874371826562173
0.554149337798768
0.858069312638250
1.178827480362273
1.523190152960217
1.895640972813511
2.298582974201148
2.733232865855847
3.200090464680420
2.733232865855847
2.298582974201147
1.895640972813510
1.523190152960217
1.178827480362272
0.858069312638249
0.554149337798768
0.099730029744160
0.289736637555434
0.524869831246986
0.794393966365109
1.095561114296391
1.428630314751849
1.794098823787154
2.192777234982037
2.625114969690862
3.091240438446107
2.625114969690862
2.192777234982036
1.794098823787153
1.428630314751848
1.095561114296390
0.794393966365109
0.524869831246985
0.289736637555434
0.099730029744160
0.172757607887827
0.362764215699101
0.597897409390652
0.867421544508776
1.168588692440057
1.501657892895515
1.867126401930821
2.265804813125704
2.698142547834529
3.164268016589773
2.698142547834529
2.265804813125702
1.867126401930820
1.501657892895514
1.168588692440057
0.867421544508775
0.597897409390652
0.362764215699101
0.172757607887827
0.621093805087551
0.925013779927033
1.245771947651056
1.590134620249001
1.962585440102294
2.365527441489931
2.800177333144630
3.267034931969203
2.800177333144630
2.365527441489930
1.962585440102293
1.590134620249000
1.245771947651055
0.925013779927033
0.621093805087552
0.936035774527114
1.282611506972877
1.640066510856845
2.020264612169102
2.427734546821418
2.864765581759336
3.332366211707479
2.864765581759336
2.427734546821416
2.020264612169100
1.640066510856844
1.282611506972876
0.936035774527115
0.925200751956858
1.294357857407618
1.667234051176333
2.055573975459771
2.467452656965303
2.906710589619256
3.374994234964178
2.906710589619256
2.467452656965302
2.055573975459770
1.667234051176332
1.294357857407617
0.925200751956858
1.287742761442591
1.679801019150517
2.075505233598082
2.491020648028083
2.932044020426897
3.400860455985261
2.932044020426897
2.491020648028082
2.075505233598080
1.679801019150516
1.287742761442591
1.283711395721372
1.684529890633985
2.084403452054177
2.501978758572275
2.943985488735004
3.413095917179397
2.943985488735004
2.501978758572273
2.084403452054175
1.684529890633984
1.283711395721371
1.283711395721371
1.684529890633985
2.084403452054177
2.501978758572275
2.943985488735004
3.413095917179397
2.943985488735004
2.501978758572273
2.084403452054175
1.684529890633984
1.283711395721371
1.287742761442591
1.679801019150517
2.075505233598081
2.491020648028083
2.932044020426897
3.400860455985261
2.932044020426897
2.491020648028082
2.075505233598080
1.679801019150515
1.287742761442590
0.925200751956858
1.294357857407618
1.667234051176333
2.055573975459771
2.467452656965303
2.906710589619256
3.374994234964178
2.906710589619256
2.467452656965302
2.055573975459770
1.667234051176332
1.294357857407617
0.925200751956858
0.936035774527115
1.282611506972877
1.640066510856845
2.020264612169102
2.427734546821418
2.864765581759336
3.332366211707479
2.864765581759336
2.427734546821417
2.020264612169100
1.640066510856844
1.282611506972876
0.936035774527115
0.621093805087552
0.925013779927033
1.245771947651057
1.590134620249001
1.962585440102295
2.365527441489932
2.800177333144631
3.267034931969204
2.800177333144631
2.365527441489931
1.962585440102294
1.590134620249000
1.245771947651056
0.925013779927033
0.621093805087552
0.172757607887827
0.362764215699101
0.597897409390652
0.867421544508776
1.168588692440057
1.501657892895515
1.867126401930821
2.265804813125704
2.698142547834529
3.164268016589773
2.698142547834529
2.265804813125702
1.867126401930820
1.501657892895514
1.168588692440057
0.867421544508775
0.597897409390652
0.362764215699101
0.172757607887827
0.172757607887827
0.362764215699101
0.597897409390652
0.867421544508775
1.168588692440057
1.501657892895515
1.867126401930821
2.265804813125703
2.698142547834529
3.164268016589773
2.698142547834528
2.265804813125702
1.867126401930820
1.501657892895514
1.168588692440056
0.867421544508775
0.597897409390652
0.362764215699100
0.172757607887827
0.621093805087551
0.925013779927033
1.245771947651056
1.590134620249001
1.962585440102294
2.365527441489931
2.800177333144630
3.267034931969203
2.800177333144630
2.365527441489930
1.962585440102293
1.590134620249000
1.245771947651055
0.925013779927033
0.621093805087551
0.936035774527114
1.282611506972877
1.640066510856845
2.020264612169102
2.427734546821417
2.864765581759336
3.332366211707479
2.864765581759335
2.427734546821416
2.020264612169100
1.640066510856844
1.282611506972876
0.936035774527115
0.925200751956857
1.294357857407617
1.667234051176333
2.055573975459771
2.467452656965303
2.906710589619256
3.374994234964177
2.906710589619256
2.467452656965301
2.055573975459770
1.667234051176332
1.294357857407616
0.925200751956857
1.287742761442591
1.679801019150516
2.075505233598081
2.491020648028083
2.932044020426896
3.400860455985261
2.932044020426896
2.491020648028082
2.075505233598080
1.679801019150515
1.287742761442590
1.283711395721371
1.684529890633985
2.084403452054177
2.501978758572275
2.943985488735004
3.413095917179397
2.943985488735003
2.501978758572273
2.084403452054175
1.684529890633984
1.283711395721371
1.283711395721371
1.684529890633985
2.084403452054176
2.501978758572274
2.943985488735003
3.413095917179397
2.943985488735003
2.501978758572273
2.084403452054175
1.684529890633984
1.283711395721371
1.287742761442591
1.679801019150516
2.075505233598081
2.491020648028083
2.932044020426897
3.400860455985261
2.932044020426896
2.491020648028082
2.075505233598079
1.679801019150515
1.287742761442590
0.925200751956857
1.294357857407617
1.667234051176333
2.055573975459771
2.467452656965303
2.906710589619256
3.374994234964177
2.906710589619255
2.467452656965301
2.055573975459770
1.667234051176332
1.294357857407616
0.925200751956857
0.936035774527114
1.282611506972876
1.640066510856845
2.020264612169101
2.427734546821417
2.864765581759336
3.332366211707478
2.864765581759335
2.427734546821416
2.020264612169100
1.640066510856844
1.282611506972875
0.936035774527114
0.621093805087552
0.925013779927033
1.245771947651057
1.590134620249001
1.962585440102295
2.365527441489932
2.800177333144631
3.267034931969204
2.800177333144631
2.365527441489931
1.962585440102294
1.590134620249000
1.245771947651056
0.925013779927033
0.621093805087552
0.172757607887827
0.362764215699101
0.597897409390653
0.867421544508776
1.168588692440057
1.501657892895515
1.867126401930821
2.265804813125704
2.698142547834529
3.164268016589773
2.698142547834529
2.265804813125702
1.867126401930820
1.501657892895514
1.168588692440057
0.867421544508776
0.597897409390652
0.362764215699101
0.172757607887827
0.099730029744160
0.289736637555434
0.524869831246985
0.794393966365108
1.095561114296390
1.428630314751848
1.794098823787154
2.192777234982036
2.625114969690861
3.091240438446106
2.625114969690861
2.192777234982035
1.794098823787153
1.428630314751847
1.095561114296389
0.794393966365108
0.524869831246984
0.289736637555433
0.099730029744160
0.554149337798768
0.858069312638249
1.178827480362273
1.523190152960217
1.895640972813511
2.298582974201148
2.733232865855847
3.200090464680420
2.733232865855847
2.298582974201147
1.895640972813510
1.523190152960217
1.178827480362272
0.858069312638249
0.554149337798768
0.874371826562173
1.220947559007935
1.578402562891903
1.958600664204160
2.366070598856476
2.803101633794395
3.270702263742537
2.803101633794394
2.366070598856474
1.958600664204159
1.578402562891903
1.220947559007934
0.874371826562173
0.865645900554915
1.234803006005675
1.607679199774391
1.996019124057829
2.407897805563361
2.847155738217314
3.315439383562236
2.847155738217314
2.407897805563359
1.996019124057828
1.607679199774390
1.234803006005674
0.865645900554916
1.229153037432749
1.621211295140675
2.016915509588240
2.432430924018242
2.873454296417055
3.342270731975419
2.873454296417055
2.432430924018240
2.016915509588238
1.621211295140674
1.229153037432749
1.225543778169582
1.626362273082195
2.026235834502387
2.443811141020484
2.885817871183214
3.354928299627607
2.885817871183213
2.443811141020483
2.026235834502385
1.626362273082194
1.225543778169581
1.225543778169581
1.626362273082195
2.026235834502387
2.443811141020484
2.885817871183213
3.354928299627607
2.885817871183213
2.443811141020483
2.026235834502385
1.626362273082194
1.225543778169581
1.229153037432750
1.621211295140675
2.016915509588240
2.432430924018242
2.873454296417056
3.342270731975420
2.873454296417055
2.432430924018241
2.016915509588238
1.621211295140674
1.229153037432749
0.865645900554916
1.234803006005675
1.607679199774391
1.996019124057830
2.407897805563361
2.847155738217314
3.315439383562236
2.847155738217313
2.407897805563360
1.996019124057828
1.607679199774390
1.234803006005675
0.865645900554916
0.874371826562172
1.220947559007935
1.578402562891903
1.958600664204160
2.366070598856475
2.803101633794394
3.270702263742536
2.803101633794394
2.366070598856474
1.958600664204158
1.578402562891902
1.220947559007934
0.874371826562172
0.554149337798768
0.858069312638249
1.178827480362273
1.523190152960217
1.895640972813511
2.298582974201148
2.733232865855847
3.200090464680420
2.733232865855847
2.298582974201147
1.895640972813510
1.523190152960216
1.178827480362272
0.858069312638249
0.554149337798768
0.099730029744160
0.289736637555434
0.524869831246985
0.794393966365109
1.095561114296391
1.428630314751848
1.794098823787154
2.192777234982037
2.625114969690862
3.091240438446107
2.625114969690862
2.192777234982036
1.794098823787153
1.428630314751847
1.095561114296390
0.794393966365109
0.524869831246985
0.289736637555434
0.099730029744160
0.418136220294750
0.722056195134231
1.042814362858255
1.387177035456199
1.759627855309493
2.162569856697130
2.597219748351828
3.064077347176402
2.597219748351828
2.162569856697128
1.759627855309492
1.387177035456198
1.042814362858254
0.722056195134231
0.418136220294750
0.750221279169047
1.096797011614810
1.454252015498778
1.834450116811035
2.241920051463350
2.678951086401269
3.146551716349411
2.678951086401268
2.241920051463349
1.834450116811033
1.454252015498777
1.096797011614809
0.750221279169048
0.745304095300710
1.114461200751470
1.487337394520186
1.875677318803624
2.287556000309156
2.726813932963108
3.195097578308030
2.726813932963108
2.287556000309154
1.875677318803622
1.487337394520185
1.114461200751469
0.745304095300710
1.110789047170975
1.502847304878901
1.898551519326466
2.314066933756468
2.755090306155281
3.223906741713646
2.755090306155281
2.314066933756466
1.898551519326464
1.502847304878900
1.110789047170975
1.108144915299908
1.508963410212521
1.908836971632713
2.326412278150811
2.768419008313540
3.237529436757933
2.768419008313540
2.326412278150809
1.908836971632712
1.508963410212520
1.108144915299907
1.108144915299908
1.508963410212522
1.908836971632713
2.326412278150811
2.768419008313540
3.237529436757933
2.768419008313540
2.326412278150809
1.908836971632712
1.508963410212520
1.108144915299907
1.110789047170976
1.502847304878901
1.898551519326466
2.314066933756468
2.755090306155282
3.223906741713646
2.755090306155281
2.314066933756466
1.898551519326464
1.502847304878900
1.110789047170975
0.745304095300710
1.114461200751470
1.487337394520186
1.875677318803624
2.287556000309156
2.726813932963108
3.195097578308030
2.726813932963108
2.287556000309154
1.875677318803622
1.487337394520185
1.114461200751469
0.745304095300710
0.750221279169047
1.096797011614810
1.454252015498778
1.834450116811035
2.241920051463350
2.678951086401269
3.146551716349411
2.678951086401268
2.241920051463349
1.834450116811033
1.454252015498777
1.096797011614809
0.750221279169048
0.418136220294750
0.722056195134231
1.042814362858255
1.387177035456199
1.759627855309493
2.162569856697130
2.597219748351828
3.064077347176402
2.597219748351828
2.162569856697129
1.759627855309491
1.387177035456198
1.042814362858254
0.722056195134231
0.418136220294749
0.219740436341468
0.523660411180950
0.844418578904973
1.188781251502918
1.561232071356211
1.964174072743848
2.398823964398547
2.865681563223120
2.398823964398547
1.964174072743847
1.561232071356210
1.188781251502917
0.844418578904972
0.523660411180950
0.219740436341468
0.559395698761462
0.905971431207224
1.263426435091193
1.643624536403449
2.051094471055765
2.488125505993684
2.955726135941826
2.488125505993683
2.051094471055763
1.643624536403448
1.263426435091192
0.905971431207224
0.559395698761462
0.560214671357774
0.929371776808533
1.302247970577249
1.690587894860688
2.102466576366219
2.541724509020172
3.010008154365094
2.541724509020172
2.102466576366218
1.690587894860686
1.302247970577248
0.929371776808533
0.560214671357774
0.929508365366959
1.321566623074884
1.717270837522449
2.132786251952451
2.573809624351265
3.042626059909629
2.573809624351265
2.132786251952449
1.717270837522448
1.321566623074883
0.929508365366958
0.928973330058891
1.329791824971505
1.729665386391697
2.147240692909794
2.589247423072523
3.058357851516917
2.589247423072523
2.147240692909793
1.729665386391695
1.329791824971504
0.928973330058890
0.928973330058891
1.329791824971505
1.729665386391697
2.147240692909794
2.589247423072524
3.058357851516917
2.589247423072524
2.147240692909793
1.729665386391695
1.329791824971504
0.928973330058891
0.929508365366959
1.321566623074884
1.717270837522449
2.132786251952451
2.573809624351266
3.042626059909630
2.573809624351265
2.132786251952450
1.717270837522448
1.321566623074883
0.929508365366959
0.560214671357774
0.929371776808533
1.302247970577249
1.690587894860688
2.102466576366219
2.541724509020172
3.010008154365094
2.541724509020171
2.102466576366218
1.690587894860686
1.302247970577248
0.929371776808533
0.560214671357774
0.559395698761462
0.905971431207224
1.263426435091192
1.643624536403449
2.051094471055765
2.488125505993684
2.955726135941825
2.488125505993683
2.051094471055763
1.643624536403448
1.263426435091191
0.905971431207223
0.559395698761462
0.219740436341468
0.523660411180950
0.844418578904974
1.188781251502918
1.561232071356211
1.964174072743848
2.398823964398547
2.865681563223120
2.398823964398547
1.964174072743847
1.561232071356210
1.188781251502917
0.844418578904973
0.523660411180950
0.219740436341468
0.288527217489398
0.635102949935161
0.992557953819129
1.372756055131386
1.780225989783701
2.217257024721620
2.684857654669762
2.217257024721619
1.780225989783700
1.372756055131384
0.992557953819128
0.635102949935160
0.288527217489399
0.296916393631406
0.666073499082166
1.038949692850882
1.427289617134320
1.839168298639852
2.278426231293804
2.746709876638726
2.278426231293804
1.839168298639850
1.427289617134319
1.038949692850881
0.666073499082165
0.296916393631406
0.678072657751484
1.070130915459409
1.465835129906975
1.881350544336976
2.322373916735790
2.791190352294154
2.322373916735790
1.881350544336975
1.465835129906973
1.070130915459409
0.678072657751484
0.682818141767258
1.083636636679872
1.483510198100064
1.901085504618161
2.343092234780890
2.812202663225284
2.343092234780890
1.901085504618160
1.483510198100062
1.083636636679871
0.682818141767258
0.682818141767259
1.083636636679872
1.483510198100064
1.901085504618161
2.343092234780891
2.812202663225284
2.343092234780891
1.901085504618160
1.483510198100062
1.083636636679871
0.682818141767258
0.678072657751484
1.070130915459409
1.465835129906975
1.881350544336976
2.322373916735790
2.791190352294154
2.322373916735790
1.881350544336975
1.465835129906973
1.070130915459409
0.678072657751484
0.296916393631406
0.666073499082166
1.038949692850882
1.427289617134320
1.839168298639851
2.278426231293804
2.746709876638726
2.278426231293804
1.839168298639850
1.427289617134318
1.038949692850881
0.666073499082165
0.296916393631406
0.288527217489398
0.635102949935161
0.992557953819129
1.372756055131386
1.780225989783701
2.217257024721620
2.684857654669762
2.217257024721619
1.780225989783700
1.372756055131384
0.992557953819128
0.635102949935160
0.288527217489398
0.344873176360220
0.736931434068146
1.132635648515711
1.548151062945712
1.989174435344526
2.457990870902890
1.989174435344526
1.548151062945711
1.132635648515709
0.736931434068145
0.344873176360220
0.355701771230878
0.756520266143492
1.156393827563684
1.573969134081781
2.015975864244510
2.485086292688903
2.015975864244510
1.573969134081779
1.156393827563682
0.756520266143491
0.355701771230877
0.355701771230878
0.756520266143491
1.156393827563683
1.573969134081781
2.015975864244510
2.485086292688903
2.015975864244510
1.573969134081779
1.156393827563682
0.756520266143490
0.355701771230877
0.344873176360220
0.736931434068145
1.132635648515711
1.548151062945712
1.989174435344526
2.457990870902890
1.989174435344526
1.548151062945711
1.132635648515709
0.736931434068144
0.344873176360220
Kgrid: 24
-2.357022603955159
-2.152064116654710
-1.947105629354261
-1.742147142053813
-1.537188654753364
-1.332230167452916
-1.127271680152467
-0.922313192852019
-0.717354705551570
-0.512396218251121
-0.307437730950673
-0.102479243650224
0.102479243650224
0.307437730950673
0.512396218251121
0.717354705551570
0.922313192852019
1.127271680152467
1.332230167452916
1.537188654753364
1.742147142053813
1.947105629354262
2.152064116654710
2.357022603955159
All Davidson Eigenvalues at Last Iteration: 211
0.029154368778829
0.065968701384877
0.066971312678651
0.066971312678653
0.068272668905676
0.071418613379439
0.071418613379439
0.095506568488381
0.105810631051159
0.106673215167626
0.111439510794561
0.114959749746247
0.128792687361507
0.128864396268159
0.132207388931542
0.153708143534763
0.157193994701774
0.176838968093859
0.177953868817363
0.181840762728803
0.191138447349632
0.193735201984240
0.197336690372658
0.207566923288973
0.215609476923773
0.218313414651156
0.219315459542581
0.221346737684281
0.235738502606294
0.251629186730121
0.255829249512233
0.256936248647165
0.258269409762492
0.269816249102129
0.276274604285127
0.276775408426756
0.293402193498331
0.297685207110652
0.298808865040736
0.309497150444157
0.311102022461627
0.311801367626786
0.313018058691554
0.313625766585298
0.315902944482168
0.316433385310490
0.320980504635108
0.321236338878239
0.321864432315426
0.322569269533273
0.322573884843050
0.327634446164669
0.328244402187530
0.332574804966725
0.334475671286913
0.335910281712231
0.344146997133230
0.346869469898285
0.352982120629250
0.353049929043354
0.355381720341924
0.362183164890965
0.362676128454352
0.363321111635401
0.363919109504462
0.369218678902675
0.370664316631880
0.373172194080772
0.375936674483038
0.376228604692529
0.376244511324267
0.380100528891832
0.386179256639741
0.386468817219137
0.387323499486979
0.392144511582053
0.392144770509261
0.397399412921118
0.400845739938908
0.403984873014055
0.418786926224093
0.422108053844638
0.438297626800036
0.454353362773242
0.465596942074228
0.469247349354620
0.479087426966555
0.485731363756834
0.497491807098464
0.504246210902539
0.517521808712649
0.523187997633825
0.526800486631877
0.529410860745263
0.533999093539573
0.538896220894267
0.545952898022523
0.555890075748673
0.575175762347300
0.579043348776286
0.580213115791683
0.585162160526970
0.607604684535173
0.618139528383225
0.631313955382512
0.632886200616374
0.644286831328110
0.649137966282146
0.661601105901989
0.663995419951916
0.672989705081025
0.687285570488209
0.699229838472061
0.706107872576409
0.714897487330240
0.718654212067096
0.731510149419232
0.740227582913844
0.741693928618892
0.743356049299505
0.747344337536237
0.754877793164281
0.764730741423299
0.771918949415720
0.772058070968326
0.773049817320758
0.791871656025446
0.791876535704544
0.798052860386442
0.804448050996839
0.812302549953025
0.830576171618762
0.838652493832641
0.840610361052403
0.868296648798801
0.873486744461552
0.876961621454091
0.902101126076004
0.906789849544188
0.914800099121974
0.923489640367290
0.949663796237974
0.952249905439461
0.973647588061860
0.981012760536919
0.990177783226330
1.000192335005828
1.024881239960320
1.033440055918183
1.037851912754503
1.050080896628393
1.069236047383085
1.075937062752894
1.076530896265076
1.094789620501448
1.101437228004597
1.109036479037399
1.121019858903445
1.137964946609627
1.138344119552788
1.159298388561120
1.169563005952312
1.169763730060553
1.171705660983584
1.191350420658516
1.191353241222947
1.197511261103587
1.207618584110838
1.221183319216855
1.246756339952980
1.266162130720713
1.275401599575642
1.314602919499914
1.346430578532756
1.369572096654294
1.380315186797041
1.385167443325842
1.421384755144780
1.448429222691156
1.486550408320342
1.492998173987457
1.517269555816727
1.544350330671223
1.553772133437205
1.555181369333797
1.586293425755162
1.586457737725188
1.608750436011745
1.608752656457529
1.653000758884947
1.783064248370980
1.785998602661393
1.813018577117745
1.876960092892826
1.947044204670990
1.950721866889555
1.994665025998159
1.994791436837877
1.996146163180763
2.022352581840090
2.027930785515365
2.027949865491641
2.050677456639994
2.050677838008720
2.217635159190832
2.223146460779465
2.412767566892397
2.463783182919180
2.496896123933229
2.519764635998262
2.686680407210670
Davidson lowest eigenvalues at each iteration: 16
0.262180425294470
0.159835509679604
0.072635199408232
0.067237365236089
0.066972778519908
0.066971047887499
0.041126523988189
0.029701137666313
0.029179429403393
0.029154774223107
0.029154371836902
0.029154368872765
0.029154368780915
0.029154368778845
0.029154368778829
0.029154368778830

                            End of Section: Vectors                            

--------------------------------------------------------------------------------

                                    Matrices                                    

--------------------------------------------------------------------------------

Occupied States: 112 x 2
         6        10
         6        11
         6        12
         6        13
         7         8
         7         9
         7        10
         7        11
         7        12
         7        13
         7        14
         7        15
         8         7
         8         8
         8         9
         8        10
         8        11
         8        12
         8        13
         8        14
         8        15
         8        16
         9         7
         9         8
         9         9
         9        10
         9        11
         9        12
         9        13
         9        14
         9        15
         9        16
        10         6
        10         7
        10         8
        10         9
        10        10
        10        11
        10        12
        10        13
        10        14
        10        15
        10        16
        10        17
        11         6
        11         7
        11         8
        11         9
        11        10
        11        11
        11        12
        11        13
        11        14
        11        15
        11        16
        11        17
        12         6
        12         7
        12         8
        12         9
        12        10
        12        11
        12        12
        12        13
        12        14
        12        15
        12        16
        12        17
        13         6
        13         7
        13         8
        13         9
        13        10
        13        11
        13        12
        13        13
        13        14
        13        15
        13        16
        13        17
        14         7
        14         8
        14         9
        14        10
        14        11
        14        12
        14        13
        14        14
        14        15
        14        16
        15         7
        15         8
        15         9
        15        10
        15        11
        15        12
        15        13
        15        14
        15        15
        15        16
        16         8
        16         9
        16        10
        16        11
        16        12
        16        13
        16        14
        16        15
        17        10
        17        11
        17        12
        17        13
Virtual States: 417 x 2
         0         0
         0         1
         0         2
         0         3
         0         4
         0         5
         0         6
         0         7
         0         8
         0         9
         0        10
         0        11
         0        12
         0        13
         0        14
         0        15
         0        16
         0        17
         0        18
         0        19
         0        20
         0        21
         0        22
         1         0
         1         1
         1         2
         1         3
         1         4
         1         5
         1         6
         1         7
         1         8
         1         9
         1        10
         1        11
         1        12
         1        13
         1        14
         1        15
         1        16
         1        17
         1        18
         1        19
         1        20
         1        21
         1        22
         2         0
         2         1
         2         2
         2         3
         2         4
         2         5
         2         6
         2         7
         2         8
         2         9
         2        10
         2        11
         2        12
         2        13
         2        14
         2        15
         2        16
         2        17
         2        18
         2        19
         2        20
         2        21
         2        22
         3         0
         3         1
         3         2
         3         3
         3         4
         3         5
         3         6
         3         7
         3         8
         3         9
         3        10
         3        11
         3        12
         3        13
         3        14
         3        15
         3        16
         3        17
         3        18
         3        19
         3        20
         3        21
         3        22
         4         0
         4         1
         4         2
         4         3
         4         4
         4         5
         4         6
         4         7
         4         8
         4         9
         4        10
         4        11
         4        12
         4        13
         4        14
         4        15
         4        16
         4        17
         4        18
         4        19
         4        20
         4        21
         4        22
         5         0
         5         1
         5         2
         5         3
         5         4
         5         5
         5         6
         5         7
         5         8
         5         9
         5        10
         5        11
         5        12
         5        13
         5        14
         5        15
         5        16
         5        17
         5        18
         5        19
         5        20
         5        21
         5        22
         6         0
         6         1
         6         2
         6         3
         6         4
         6         5
         6         6
         6         7
         6         8
         6         9
         6        14
         6        15
         6        16
         6        17
         6        18
         6        19
         6        20
         6        21
         6        22
         7         0
         7         1
         7         2
         7         3
         7         4
         7         5
         7         6
         7         7
         7        16
         7        17
         7        18
         7        19
         7        20
         7        21
         7        22
         8         0
         8         1
         8         2
         8         3
         8         4
         8         5
         8         6
         8        17
         8        18
         8        19
         8        20
         8        21
         8        22
         9         0
         9         1
         9         2
         9         3
         9         4
         9         5
         9         6
         9        17
         9        18
         9        19
         9        20
         9        21
         9        22
        10         0
        10         1
        10         2
        10         3
        10         4
        10         5
        10        18
        10        19
        10        20
        10        21
        10        22
        11         0
        11         1
        11         2
        11         3
        11         4
        11         5
        11        18
        11        19
        11        20
        11        21
        11        22
        12         0
        12         1
        12         2
        12         3
        12         4
        12         5
        12        18
        12        19
        12        20
        12        21
        12        22
        13         0
        13         1
        13         2
        13         3
        13         4
        13         5
        13        18
        13        19
        13        20
        13        21
        13        22
        14         0
        14         1
        14         2
        14         3
        14         4
        14         5
        14         6
        14        17
        14        18
        14        19
        14        20
        14        21
        14        22
        15         0
        15         1
        15         2
        15         3
        15         4
        15         5
        15         6
        15        17
        15        18
        15        19
        15        20
        15        21
        15        22
        16         0
        16         1
        16         2
        16         3
        16         4
        16         5
        16         6
        16         7
        16        16
        16        17
        16        18
        16        19
        16        20
        16        21
        16        22
        17         0
        17         1
        17         2
        17         3
        17         4
        17         5
        17         6
        17         7
        17         8
        17         9
        17        14
        17        15
        17        16
        17        17
        17        18
        17        19
        17        20
        17        21
        17        22
        18         0
        18         1
        18         2
        18         3
        18         4
        18         5
        18         6
        18         7
        18         8
        18         9
        18        10
        18        11
        18        12
        18        13
        18        14
        18        15
        18        16
        18        17
        18        18
        18        19
        18        20
        18        21
        18        22
        19         0
        19         1
        19         2
        19         3
        19         4
        19         5
        19         6
        19         7
        19         8
        19         9
        19        10
        19        11
        19        12
        19        13
        19        14
        19        15
        19        16
        19        17
        19        18
        19        19
        19        20
        19        21
        19        22
        20         0
        20         1
        20         2
        20         3
        20         4
        20         5
        20         6
        20         7
        20         8
        20         9
        20        10
        20        11
        20        12
        20        13
        20        14
        20        15
        20        16
        20        17
        20        18
        20        19
        20        20
        20        21
        20        22
        21         0
        21         1
        21         2
        21         3
        21         4
        21         5
        21         6
        21         7
        21         8
        21         9
        21        10
        21        11
        21        12
        21        13
        21        14
        21        15
        21        16
        21        17
        21        18
        21        19
        21        20
        21        21
        21        22
        22         0
        22         1
        22         2
        22         3
        22         4
        22         5
        22         6
        22         7
        22         8
        22         9
        22        10
        22        11
        22        12
        22        13
        22        14
        22        15
        22        16
        22        17
        22        18
        22        19
        22        20
        22        21
        22        22
Excitations: 1440 x 2
            0          312
            0          335
            0          358
            0          381
            0          404
            0           10
            0           33
            0           56
            0           79
            0          102
            0          125
            1          313
            1          336
            1          359
            1          382
            1          405
            1           11
            1           34
            1           57
            1           80
            1          103
            1          126
            2          314
            2          337
            2          360
            2          383
            2          406
            2           12
            2           35
            2           58
            2           81
            2          104
            2          127
            3          315
            3          338
            3          361
            3          384
            3          407
            3           13
            3           36
            3           59
            3           82
            3          105
            3          128
            4          291
            4          310
            4          333
            4          356
            4          379
            4          402
            4            8
            4           31
            4           54
            4           77
            4          100
            4          123
            4          146
            5          292
            5          311
            5          334
            5          357
            5          380
            5          403
            5            9
            5           32
            5           55
            5           78
            5          101
            5          124
            5          147
            6          312
            6          335
            6          358
            6          381
            6          404
            6           10
            6           33
            6           56
            6           79
            6          102
            6          125
            7          313
            7          336
            7          359
            7          382
            7          405
            7           11
            7           34
            7           57
            7           80
            7          103
            7          126
            8          314
            8          337
            8          360
            8          383
            8          406
            8           12
            8           35
            8           58
            8           81
            8          104
            8          127
            9          315
            9          338
            9          361
            9          384
            9          407
            9           13
            9           36
            9           59
            9           82
            9          105
            9          128
           10          293
           10          316
           10          339
           10          362
           10          385
           10          408
           10           14
           10           37
           10           60
           10           83
           10          106
           10          129
           10          148
           11          294
           11          317
           11          340
           11          363
           11          386
           11          409
           11           15
           11           38
           11           61
           11           84
           11          107
           11          130
           11          149
           12          275
           12          290
           12          309
           12          332
           12          355
           12          378
           12          401
           12            7
           12           30
           12           53
           12           76
           12           99
           12          122
           12          145
           12          164
           13          291
           13          310
           13          333
           13          356
           13          379
           13          402
           13            8
           13           31
           13           54
           13           77
           13          100
           13          123
           13          146
           14          292
           14          311
           14          334
           14          357
           14          380
           14          403
           14            9
           14           32
           14           55
           14           78
           14          101
           14          124
           14          147
           15          312
           15          335
           15          358
           15          381
           15          404
           15           10
           15           33
           15           56
           15           79
           15          102
           15          125
           16          313
           16          336
           16          359
           16          382
           16          405
           16           11
           16           34
           16           57
           16           80
           16          103
           16          126
           17          314
           17          337
           17          360
           17          383
           17          406
           17           12
           17           35
           17           58
           17           81
           17          104
           17          127
           18          315
           18          338
           18          361
           18          384
           18          407
           18           13
           18           36
           18           59
           18           82
           18          105
           18          128
           19          293
           19          316
           19          339
           19          362
           19          385
           19          408
           19           14
           19           37
           19           60
           19           83
           19          106
           19          129
           19          148
           20          294
           20          317
           20          340
           20          363
           20          386
           20          409
           20           15
           20           38
           20           61
           20           84
           20          107
           20          130
           20          149
           21          276
           21          295
           21          318
           21          341
           21          364
           21          387
           21          410
           21           16
           21           39
           21           62
           21           85
           21          108
           21          131
           21          150
           21          165
           22          275
           22          290
           22          309
           22          332
           22          355
           22          378
           22          401
           22            7
           22           30
           22           53
           22           76
           22           99
           22          122
           22          145
           22          164
           23          291
           23          310
           23          333
           23          356
           23          379
           23          402
           23            8
           23           31
           23           54
           23           77
           23          100
           23          123
           23          146
           24          292
           24          311
           24          334
           24          357
           24          380
           24          403
           24            9
           24           32
           24           55
           24           78
           24          101
           24          124
           24          147
           25          312
           25          335
           25          358
           25          381
           25          404
           25           10
           25           33
           25           56
           25           79
           25          102
           25          125
           26          313
           26          336
           26          359
           26          382
           26          405
           26           11
           26           34
           26           57
           26           80
           26          103
           26          126
           27          314
           27          337
           27          360
           27          383
           27          406
           27           12
           27           35
           27           58
           27           81
           27          104
           27          127
           28          315
           28          338
           28          361
           28          384
           28          407
           28           13
           28           36
           28           59
           28           82
           28          105
           28          128
           29          293
           29          316
           29          339
           29          362
           29          385
           29          408
           29           14
           29           37
           29           60
           29           83
           29          106
           29          129
           29          148
           30          294
           30          317
           30          340
           30          363
           30          386
           30          409
           30           15
           30           38
           30           61
           30           84
           30          107
           30          130
           30          149
           31          276
           31          295
           31          318
           31          341
           31          364
           31          387
           31          410
           31           16
           31           39
           31           62
           31           85
           31          108
           31          131
           31          150
           31          165
           32          248
           32          261
           32          274
           32          289
           32          308
           32          331
           32          354
           32          377
           32          400
           32            6
           32           29
           32           52
           32           75
           32           98
           32          121
           32          144
           32          163
           32          178
           32          191
           33          275
           33          290
           33          309
           33          332
           33          355
           33          378
           33          401
           33            7
           33           30
           33           53
           33           76
           33           99
           33          122
           33          145
           33          164
           34          291
           34          310
           34          333
           34          356
           34          379
           34          402
           34            8
           34           31
           34           54
           34           77
           34          100
           34          123
           34          146
           35          292
           35          311
           35          334
           35          357
           35          380
           35          403
           35            9
           35           32
           35           55
           35           78
           35          101
           35          124
           35          147
           36          312
           36          335
           36          358
           36          381
           36          404
           36           10
           36           33
           36           56
           36           79
           36          102
           36          125
           37          313
           37          336
           37          359
           37          382
           37          405
           37           11
           37           34
           37           57
           37           80
           37          103
           37          126
           38          314
           38          337
           38          360
           38          383
           38          406
           38           12
           38           35
           38           58
           38           81
           38          104
           38          127
           39          315
           39          338
           39          361
           39          384
           39          407
           39           13
           39           36
           39           59
           39           82
           39          105
           39          128
           40          293
           40          316
           40          339
           40          362
           40          385
           40          408
           40           14
           40           37
           40           60
           40           83
           40          106
           40          129
           40          148
           41          294
           41          317
           41          340
           41          363
           41          386
           41          409
           41           15
           41           38
           41           61
           41           84
           41          107
           41          130
           41          149
           42          276
           42          295
           42          318
           42          341
           42          364
           42          387
           42          410
           42           16
           42           39
           42           62
           42           85
           42          108
           42          131
           42          150
           42          165
           43          249
           43          262
           43          277
           43          296
           43          319
           43          342
           43          365
           43          388
           43          411
           43           17
           43           40
           43           63
           43           86
           43          109
           43          132
           43          151
           43          166
           43          179
           43          192
           44          248
           44          261
           44          274
           44          289
           44          308
           44          331
           44          354
           44          377
           44          400
           44            6
           44           29
           44           52
           44           75
           44           98
           44          121
           44          144
           44          163
           44          178
           44          191
           45          275
           45          290
           45          309
           45          332
           45          355
           45          378
           45          401
           45            7
           45           30
           45           53
           45           76
           45           99
           45          122
           45          145
           45          164
           46          291
           46          310
           46          333
           46          356
           46          379
           46          402
           46            8
           46           31
           46           54
           46           77
           46          100
           46          123
           46          146
           47          292
           47          311
           47          334
           47          357
           47          380
           47          403
           47            9
           47           32
           47           55
           47           78
           47          101
           47          124
           47          147
           48          312
           48          335
           48          358
           48          381
           48          404
           48           10
           48           33
           48           56
           48           79
           48          102
           48          125
           49          313
           49          336
           49          359
           49          382
           49          405
           49           11
           49           34
           49           57
           49           80
           49          103
           49          126
           50          314
           50          337
           50          360
           50          383
           50          406
           50           12
           50           35
           50           58
           50           81
           50          104
           50          127
           51          315
           51          338
           51          361
           51          384
           51          407
           51           13
           51           36
           51           59
           51           82
           51          105
           51          128
           52          293
           52          316
           52          339
           52          362
           52          385
           52          408
           52           14
           52           37
           52           60
           52           83
           52          106
           52          129
           52          148
           53          294
           53          317
           53          340
           53          363
           53          386
           53          409
           53           15
           53           38
           53           61
           53           84
           53          107
           53          130
           53          149
           54          276
           54          295
           54          318
           54          341
           54          364
           54          387
           54          410
           54           16
           54           39
           54           62
           54           85
           54          108
           54          131
           54          150
           54          165
           55          249
           55          262
           55          277
           55          296
           55          319
           55          342
           55          365
           55          388
           55          411
           55           17
           55           40
           55           63
           55           86
           55          109
           55          132
           55          151
           55          166
           55          179
           55          192
           56          248
           56          261
           56          274
           56          289
           56          308
           56          331
           56          354
           56          377
           56          400
           56            6
           56           29
           56           52
           56           75
           56           98
           56          121
           56          144
           56          163
           56          178
           56          191
           57          275
           57          290
           57          309
           57          332
           57          355
           57          378
           57          401
           57            7
           57           30
           57           53
           57           76
           57           99
           57          122
           57          145
           57          164
           58          291
           58          310
           58          333
           58          356
           58          379
           58          402
           58            8
           58           31
           58           54
           58           77
           58          100
           58          123
           58          146
           59          292
           59          311
           59          334
           59          357
           59          380
           59          403
           59            9
           59           32
           59           55
           59           78
           59          101
           59          124
           59          147
           60          312
           60          335
           60          358
           60          381
           60          404
           60           10
           60           33
           60           56
           60           79
           60          102
           60          125
           61          313
           61          336
           61          359
           61          382
           61          405
           61           11
           61           34
           61           57
           61           80
           61          103
           61          126
           62          314
           62          337
           62          360
           62          383
           62          406
           62           12
           62           35
           62           58
           62           81
           62          104
           62          127
           63          315
           63          338
           63          361
           63          384
           63          407
           63           13
           63           36
           63           59
           63           82
           63          105
           63          128
           64          293
           64          316
           64          339
           64          362
           64          385
           64          408
           64           14
           64           37
           64           60
           64           83
           64          106
           64          129
           64          148
           65          294
           65          317
           65          340
           65          363
           65          386
           65          409
           65           15
           65           38
           65           61
           65           84
           65          107
           65          130
           65          149
           66          276
           66          295
           66          318
           66          341
           66          364
           66          387
           66          410
           66           16
           66           39
           66           62
           66           85
           66          108
           66          131
           66          150
           66          165
           67          249
           67          262
           67          277
           67          296
           67          319
           67          342
           67          365
           67          388
           67          411
           67           17
           67           40
           67           63
           67           86
           67          109
           67          132
           67          151
           67          166
           67          179
           67          192
           68          248
           68          261
           68          274
           68          289
           68          308
           68          331
           68          354
           68          377
           68          400
           68            6
           68           29
           68           52
           68           75
           68           98
           68          121
           68          144
           68          163
           68          178
           68          191
           69          275
           69          290
           69          309
           69          332
           69          355
           69          378
           69          401
           69            7
           69           30
           69           53
           69           76
           69           99
           69          122
           69          145
           69          164
           70          291
           70          310
           70          333
           70          356
           70          379
           70          402
           70            8
           70           31
           70           54
           70           77
           70          100
           70          123
           70          146
           71          292
           71          311
           71          334
           71          357
           71          380
           71          403
           71            9
           71           32
           71           55
           71           78
           71          101
           71          124
           71          147
           72          312
           72          335
           72          358
           72          381
           72          404
           72           10
           72           33
           72           56
           72           79
           72          102
           72          125
           73          313
           73          336
           73          359
           73          382
           73          405
           73           11
           73           34
           73           57
           73           80
           73          103
           73          126
           74          314
           74          337
           74          360
           74          383
           74          406
           74           12
           74           35
           74           58
           74           81
           74          104
           74          127
           75          315
           75          338
           75          361
           75          384
           75          407
           75           13
           75           36
           75           59
           75           82
           75          105
           75          128
           76          293
           76          316
           76          339
           76          362
           76          385
           76          408
           76           14
           76           37
           76           60
           76           83
           76          106
           76          129
           76          148
           77          294
           77          317
           77          340
           77          363
           77          386
           77          409
           77           15
           77           38
           77           61
           77           84
           77          107
           77          130
           77          149
           78          276
           78          295
           78          318
           78          341
           78          364
           78          387
           78          410
           78           16
           78           39
           78           62
           78           85
           78          108
           78          131
           78          150
           78          165
           79          249
           79          262
           79          277
           79          296
           79          319
           79          342
           79          365
           79          388
           79          411
           79           17
           79           40
           79           63
           79           86
           79          109
           79          132
           79          151
           79          166
           79          179
           79          192
           80          275
           80          290
           80          309
           80          332
           80          355
           80          378
           80          401
           80            7
           80           30
           80           53
           80           76
           80           99
           80          122
           80          145
           80          164
           81          291
           81          310
           81          333
           81          356
           81          379
           81          402
           81            8
           81           31
           81           54
           81           77
           81          100
           81          123
           81          146
           82          292
           82          311
           82          334
           82          357
           82          380
           82          403
           82            9
           82           32
           82           55
           82           78
           82          101
           82          124
           82          147
           83          312
           83          335
           83          358
           83          381
           83          404
           83           10
           83           33
           83           56
           83           79
           83          102
           83          125
           84          313
           84          336
           84          359
           84          382
           84          405
           84           11
           84           34
           84           57
           84           80
           84          103
           84          126
           85          314
           85          337
           85          360
           85          383
           85          406
           85           12
           85           35
           85           58
           85           81
           85          104
           85          127
           86          315
           86          338
           86          361
           86          384
           86          407
           86           13
           86           36
           86           59
           86           82
           86          105
           86          128
           87          293
           87          316
           87          339
           87          362
           87          385
           87          408
           87           14
           87           37
           87           60
           87           83
           87          106
           87          129
           87          148
           88          294
           88          317
           88          340
           88          363
           88          386
           88          409
           88           15
           88           38
           88           61
           88           84
           88          107
           88          130
           88          149
           89          276
           89          295
           89          318
           89          341
           89          364
           89          387
           89          410
           89           16
           89           39
           89           62
           89           85
           89          108
           89          131
           89          150
           89          165
           90          275
           90          290
           90          309
           90          332
           90          355
           90          378
           90          401
           90            7
           90           30
           90           53
           90           76
           90           99
           90          122
           90          145
           90          164
           91          291
           91          310
           91          333
           91          356
           91          379
           91          402
           91            8
           91           31
           91           54
           91           77
           91          100
           91          123
           91          146
           92          292
           92          311
           92          334
           92          357
           92          380
           92          403
           92            9
           92           32
           92           55
           92           78
           92          101
           92          124
           92          147
           93          312
           93          335
           93          358
           93          381
           93          404
           93           10
           93           33
           93           56
           93           79
           93          102
           93          125
           94          313
           94          336
           94          359
           94          382
           94          405
           94           11
           94           34
           94           57
           94           80
           94          103
           94          126
           95          314
           95          337
           95          360
           95          383
           95          406
           95           12
           95           35
           95           58
           95           81
           95          104
           95          127
           96          315
           96          338
           96          361
           96          384
           96          407
           96           13
           96           36
           96           59
           96           82
           96          105
           96          128
           97          293
           97          316
           97          339
           97          362
           97          385
           97          408
           97           14
           97           37
           97           60
           97           83
           97          106
           97          129
           97          148
           98          294
           98          317
           98          340
           98          363
           98          386
           98          409
           98           15
           98           38
           98           61
           98           84
           98          107
           98          130
           98          149
           99          276
           99          295
           99          318
           99          341
           99          364
           99          387
           99          410
           99           16
           99           39
           99           62
           99           85
           99          108
           99          131
           99          150
           99          165
          100          291
          100          310
          100          333
          100          356
          100          379
          100          402
          100            8
          100           31
          100           54
          100           77
          100          100
          100          123
          100          146
          101          292
          101          311
          101          334
          101          357
          101          380
          101          403
          101            9
          101           32
          101           55
          101           78
          101          101
          101          124
          101          147
          102          312
          102          335
          102          358
          102          381
          102          404
          102           10
          102           33
          102           56
          102           79
          102          102
          102          125
          103          313
          103          336
          103          359
          103          382
          103          405
          103           11
          103           34
          103           57
          103           80
          103          103
          103          126
          104          314
          104          337
          104          360
          104          383
          104          406
          104           12
          104           35
          104           58
          104           81
          104          104
          104          127
          105          315
          105          338
          105          361
          105          384
          105          407
          105           13
          105           36
          105           59
          105           82
          105          105
          105          128
          106          293
          106          316
          106          339
          106          362
          106          385
          106          408
          106           14
          106           37
          106           60
          106           83
          106          106
          106          129
          106          148
          107          294
          107          317
          107          340
          107          363
          107          386
          107          409
          107           15
          107           38
          107           61
          107           84
          107          107
          107          130
          107          149
          108          312
          108          335
          108          358
          108          381
          108          404
          108           10
          108           33
          108           56
          108           79
          108          102
          108          125
          109          313
          109          336
          109          359
          109          382
          109          405
          109           11
          109           34
          109           57
          109           80
          109          103
          109          126
          110          314
          110          337
          110          360
          110          383
          110          406
          110           12
          110           35
          110           58
          110           81
          110          104
          110          127
          111          315
          111          338
          111          361
          111          384
          111          407
          111           13
          111           36
          111           59
          111           82
          111          105
          111          128

                            End of Section: Matrices                            

--------------------------------------------------------------------------------

                              Calculation Details                              

--------------------------------------------------------------------------------

Davidson_Stopping_Criteria = Subspace Converged

                      End of Section: Calculation Details                      

################################################################################

                              End of Output File.                              

################################################################################
