################################################################################

            Output File for HFS, the Hartree-Fock Stability Program            
                              Author: Evan Curtin                              
             Institution: University of Illinois @ Urbana-Champaign             
                          email: ecurtin2@illinois.edu                          
                       Built on Oct 18 2016, at 18:15:44                       

################################################################################

                Computation Started : Tue Oct 18 19:02:22 2016
                
                Computation Finished: Tue Oct 18 19:02:26 2016
                
                     Total Elapsed Time = 3.58745 seconds.                     

--------------------------------------------------------------------------------

                                     Input                                     

--------------------------------------------------------------------------------

Nk = 13
ndim = 2
rs = 1.200000000000000

                             End of Section: Input                             

--------------------------------------------------------------------------------

                                     Output                                     

--------------------------------------------------------------------------------

deltaK = 0.392837100659193
kf = 1.178511301977579
kmax = 2.357022603955159
Nocc = 29
Nvir = 115
Nexc = 197
dav_its = 13
Dav_Final_Val = -0.074564028558312
full_diag_min = -0.074564028558310

                             End of Section: Output                             

--------------------------------------------------------------------------------

                                    Vectors                                    

--------------------------------------------------------------------------------

Occ Energies: 29
0.102264291235999
-0.011766253343941
-0.355088247301509
-0.475737485456649
-0.355088247301509
-0.011766253343941
-0.355088247301509
-0.703491798643331
-0.814145169982215
-0.703491798643331
-0.355088247301509
0.102264291235999
-0.475737485456649
-0.814145169982215
-0.923730332485867
-0.814145169982215
-0.475737485456649
0.102264291235999
-0.355088247301509
-0.703491798643331
-0.814145169982215
-0.703491798643331
-0.355088247301509
-0.011766253343941
-0.355088247301509
-0.475737485456649
-0.355088247301509
-0.011766253343941
0.102264291235999
Vir Energies: 115
5.293245398854321
4.436494919923163
3.723388903220133
3.155595994172391
2.743298154926958
2.492356915315821
2.407868455343293
2.492356915315821
2.743298154926958
3.155595994172391
3.723388903220133
4.436494919923163
4.436494919923163
3.578956276297511
2.863414916999524
2.291521060811719
1.873974449250192
1.617834690025433
1.530672922034987
1.617834690025433
1.873974449250192
2.291521060811719
2.863414916999524
3.578956276297511
3.723388903220133
2.863414916999524
2.140016194731283
1.553947463264458
1.118014110319579
0.841226109373391
0.735958672286249
0.841226109373391
1.118014110319579
1.553947463264458
2.140016194731283
2.863414916999524
3.155595994172391
2.291521060811719
1.553947463264458
0.937059545290600
0.452904659648959
0.135715992040581
0.135715992040581
0.452904659648959
0.937059545290600
1.553947463264458
2.291521060811719
2.743298154926958
1.873974449250192
1.118014110319579
0.452904659648959
0.452904659648959
1.118014110319579
1.873974449250192
2.492356915315821
1.617834690025433
0.841226109373391
0.135715992040581
0.135715992040581
0.841226109373391
1.617834690025433
2.407868455343293
1.530672922034987
0.735958672286249
0.735958672286249
1.530672922034987
2.492356915315821
1.617834690025433
0.841226109373391
0.135715992040581
0.135715992040581
0.841226109373391
1.617834690025433
2.743298154926958
1.873974449250192
1.118014110319579
0.452904659648959
0.452904659648959
1.118014110319579
1.873974449250192
3.155595994172391
2.291521060811719
1.553947463264458
0.937059545290600
0.452904659648959
0.135715992040581
0.135715992040581
0.452904659648959
0.937059545290600
1.553947463264458
2.291521060811719
3.723388903220133
2.863414916999524
2.140016194731283
1.553947463264458
1.118014110319579
0.841226109373391
0.735958672286249
0.841226109373391
1.118014110319579
1.553947463264458
2.140016194731283
2.863414916999524
4.436494919923163
3.578956276297511
2.863414916999524
2.291521060811719
1.873974449250192
1.617834690025433
1.530672922034987
1.617834690025433
1.873974449250192
2.291521060811719
2.863414916999524
3.578956276297511
Excitation Energies: 197
0.633694381050249
1.428408630798988
2.305604164107294
1.428408630798988
0.633694381050250
0.464670912992900
1.129780363663520
1.885740702594133
2.755064408270899
1.885740702594133
1.129780363663520
0.464670912992900
0.490804239342090
1.196314356674901
1.972922937326942
2.847445162617331
1.972922937326942
1.196314356674901
0.490804239342090
1.211696157742897
2.006410407491636
2.883605940799942
2.006410407491636
1.211696157742898
0.490804239342090
1.196314356674901
1.972922937326942
2.847445162617331
1.972922937326942
1.196314356674901
0.490804239342090
0.464670912992901
1.129780363663520
1.885740702594133
2.755064408270899
1.885740702594133
1.129780363663521
0.464670912992901
0.807992906950468
1.473102357621088
2.229062696551701
3.098386402228467
2.229062696551701
1.473102357621089
0.807992906950468
0.839207790683912
1.544717908016723
2.321326488668764
3.195848713959152
2.321326488668764
1.544717908016723
0.839207790683912
1.550103842268463
2.344818092017202
3.222013625325508
2.344818092017202
1.550103842268463
0.839207790683912
1.544717908016723
2.321326488668764
3.195848713959152
2.321326488668764
1.544717908016723
0.839207790683912
0.807992906950468
1.473102357621088
2.229062696551701
3.098386402228467
2.229062696551701
1.473102357621089
0.807992906950468
0.033451700804582
0.350640368412960
0.834795254054601
1.451683172028459
2.189256769575719
3.053331702936392
2.189256769575719
1.451683172028459
0.834795254054601
0.350640368412960
0.033451700804582
0.928642145105608
1.593751595776228
2.349711934706840
3.219035640383606
2.349711934706840
1.593751595776228
0.928642145105608
0.949861162022795
1.655371279355606
2.431979860007647
3.306502085298036
2.431979860007647
1.655371279355606
0.949861162022796
1.659689004772115
2.454403254520854
3.331598787829160
2.454403254520854
1.659689004772115
0.949861162022795
1.655371279355606
2.431979860007647
3.306502085298036
2.431979860007647
1.655371279355606
0.949861162022796
0.928642145105608
1.593751595776228
2.349711934706841
3.219035640383606
2.349711934706841
1.593751595776228
0.928642145105608
0.033451700804582
0.350640368412960
0.834795254054601
1.451683172028459
2.189256769575719
3.053331702936392
2.189256769575719
1.451683172028459
0.834795254054601
0.350640368412960
0.033451700804582
0.807992906950469
1.473102357621088
2.229062696551701
3.098386402228467
2.229062696551701
1.473102357621089
0.807992906950469
0.839207790683912
1.544717908016723
2.321326488668764
3.195848713959153
2.321326488668764
1.544717908016723
0.839207790683912
1.550103842268463
2.344818092017202
3.222013625325508
2.344818092017202
1.550103842268463
0.839207790683912
1.544717908016723
2.321326488668764
3.195848713959153
2.321326488668764
1.544717908016723
0.839207790683912
0.807992906950469
1.473102357621088
2.229062696551701
3.098386402228467
2.229062696551701
1.473102357621089
0.807992906950469
0.464670912992900
1.129780363663520
1.885740702594133
2.755064408270899
1.885740702594133
1.129780363663520
0.464670912992900
0.490804239342090
1.196314356674901
1.972922937326942
2.847445162617331
1.972922937326942
1.196314356674901
0.490804239342090
1.211696157742898
2.006410407491636
2.883605940799942
2.006410407491636
1.211696157742898
0.490804239342090
1.196314356674901
1.972922937326942
2.847445162617331
1.972922937326942
1.196314356674901
0.490804239342090
0.464670912992900
1.129780363663520
1.885740702594133
2.755064408270899
1.885740702594133
1.129780363663520
0.464670912992900
0.633694381050250
1.428408630798988
2.305604164107295
1.428408630798988
0.633694381050250
Kgrid: 13
-2.357022603955159
-1.964185503295965
-1.571348402636772
-1.178511301977579
-0.785674201318386
-0.392837100659193
0.000000000000000
0.392837100659193
0.785674201318386
1.178511301977579
1.571348402636772
1.964185503295965
2.357022603955159
All Davidson Eigenvalues at Last Iteration: 181
-0.074564028558311
-0.074564028558310
-0.009001676988029
-0.009001676988029
0.070617881479768
0.070617881479768
0.093877116255633
0.093877116255704
0.094380528397921
0.094380528397983
0.230340047390831
0.230340047394040
0.329821836981306
0.329821836987761
0.334692532728160
0.343776485440349
0.377416694044079
0.378545050269546
0.380031935175314
0.381925304730637
0.381925397752362
0.382288206619265
0.408138686216039
0.408609151076955
0.453147260530104
0.453160313086138
0.458677989328541
0.460439363825697
0.464880401304835
0.465801557586904
0.510508687409512
0.514805450051703
0.515265530175093
0.515319887706265
0.516570272645143
0.517740128312598
0.520149644512049
0.521416785871209
0.530217787632728
0.532105347905854
0.533454258470516
0.534093860574811
0.534226197855971
0.540779366166650
0.546179314434126
0.546225672660564
0.547558313615183
0.553387667815725
0.553678725525604
0.558152226160802
0.558766955248783
0.562415175951603
0.562811933877797
0.565553671906502
0.572938269533568
0.609708858873811
0.612021862118665
0.649638679049366
0.652053767864096
0.658894340025039
0.693272135054213
0.697505886563604
0.699708766740347
0.738980445944816
0.780457062564197
0.786246459627713
0.787713906780115
0.799229447187265
0.818073531046047
0.834720082935644
0.849800894508568
0.865789402265590
0.879192320484566
0.887916342964807
0.890259080740459
0.892001075680757
0.898431821627589
0.909191399560568
0.922672924835068
0.961953982805603
0.968023172230580
0.996499418132990
1.008712907526733
1.020475496776727
1.044695435233488
1.067142406400059
1.071619113972476
1.091134316731791
1.108505334163566
1.122147593637716
1.139832002201198
1.143676829255079
1.181981222491647
1.195210408006977
1.199664521118027
1.208578028146162
1.223049075888812
1.224324251244575
1.228704648227391
1.242956955325233
1.244674245125516
1.244979519835157
1.272124687556270
1.279436476846965
1.279820466877137
1.287299058366319
1.302212009937017
1.338678501456458
1.349410462230326
1.396245732746229
1.410123427113735
1.425935599220596
1.430664579324178
1.443108854217011
1.451929825168795
1.461054890743903
1.462047293862239
1.476371102347979
1.480508441239115
1.490656440396193
1.498671523936017
1.520702853710717
1.538345719756223
1.546046754148807
1.550431084183879
1.577373323610088
1.591298983278568
1.596376429369105
1.606130737035485
1.615117689993804
1.622924003717547
1.624718959800180
1.642637337671937
1.685878432157937
1.697128626989184
1.708138093419287
1.747749706224431
1.767392806565074
1.815069732484536
1.846521968681892
1.861784200285320
1.884073938967027
1.892743342242406
1.894854346140357
1.915478124413649
1.924220274310364
1.968756941313196
1.969588187302029
2.006565364399512
2.017049149822218
2.018667149492718
2.066838528783935
2.067178258077362
2.102690986237836
2.120291547152985
2.170305577765693
2.192395219855448
2.194108132773811
2.218097027905100
2.239969454167140
2.270980240736619
2.285259503331246
2.291278066965780
2.317099712806062
2.325546609325564
2.340937205960863
2.361769213170704
2.370828919715828
2.398364501042190
2.409014599185194
2.480382867951618
2.553577615484272
2.602455629595251
2.716631804664621
2.761864134985097
2.847010986138987
2.892372012409193
2.944008626246108
3.086845375017479
3.203589748994832
3.274583812552396
Davidson lowest eigenvalues at each iteration: 13
0.353307072799411
0.017258444600241
-0.074564028558311
-0.074564028558309
-0.074564028558310
-0.074564028558310
-0.074564028558310
-0.074564028558310
-0.074564028558311
-0.074564028558310
-0.074564028558309
-0.074564028558311
-0.074564028558312

                            End of Section: Vectors                            

--------------------------------------------------------------------------------

                                    Matrices                                    

--------------------------------------------------------------------------------

Occupied States: 29 x 2
        3        6
        4        4
        4        5
        4        6
        4        7
        4        8
        5        4
        5        5
        5        6
        5        7
        5        8
        6        3
        6        4
        6        5
        6        6
        6        7
        6        8
        6        9
        7        4
        7        5
        7        6
        7        7
        7        8
        8        4
        8        5
        8        6
        8        7
        8        8
        9        6
Virtual States: 115 x 2
         0         0
         0         1
         0         2
         0         3
         0         4
         0         5
         0         6
         0         7
         0         8
         0         9
         0        10
         0        11
         1         0
         1         1
         1         2
         1         3
         1         4
         1         5
         1         6
         1         7
         1         8
         1         9
         1        10
         1        11
         2         0
         2         1
         2         2
         2         3
         2         4
         2         5
         2         6
         2         7
         2         8
         2         9
         2        10
         2        11
         3         0
         3         1
         3         2
         3         3
         3         4
         3         5
         3         7
         3         8
         3         9
         3        10
         3        11
         4         0
         4         1
         4         2
         4         3
         4         9
         4        10
         4        11
         5         0
         5         1
         5         2
         5         3
         5         9
         5        10
         5        11
         6         0
         6         1
         6         2
         6        10
         6        11
         7         0
         7         1
         7         2
         7         3
         7         9
         7        10
         7        11
         8         0
         8         1
         8         2
         8         3
         8         9
         8        10
         8        11
         9         0
         9         1
         9         2
         9         3
         9         4
         9         5
         9         7
         9         8
         9         9
         9        10
         9        11
        10         0
        10         1
        10         2
        10         3
        10         4
        10         5
        10         6
        10         7
        10         8
        10         9
        10        10
        10        11
        11         0
        11         1
        11         2
        11         3
        11         4
        11         5
        11         6
        11         7
        11         8
        11         9
        11        10
        11        11
Excitations: 197 x 2
            0           97
            0          109
            0            6
            0           18
            0           30
            1           84
            1           95
            1          107
            1            4
            1           16
            1           28
            1           40
            2           85
            2           96
            2          108
            2            5
            2           17
            2           29
            2           41
            3           97
            3          109
            3            6
            3           18
            3           30
            4           86
            4           98
            4          110
            4            7
            4           19
            4           31
            4           42
            5           87
            5           99
            5          111
            5            8
            5           20
            5           32
            5           43
            6           84
            6           95
            6          107
            6            4
            6           16
            6           28
            6           40
            7           85
            7           96
            7          108
            7            5
            7           17
            7           29
            7           41
            8           97
            8          109
            8            6
            8           18
            8           30
            9           86
            9           98
            9          110
            9            7
            9           19
            9           31
            9           42
           10           87
           10           99
           10          111
           10            8
           10           20
           10           32
           10           43
           11           69
           11           76
           11           83
           11           94
           11          106
           11            3
           11           15
           11           27
           11           39
           11           50
           11           57
           12           84
           12           95
           12          107
           12            4
           12           16
           12           28
           12           40
           13           85
           13           96
           13          108
           13            5
           13           17
           13           29
           13           41
           14           97
           14          109
           14            6
           14           18
           14           30
           15           86
           15           98
           15          110
           15            7
           15           19
           15           31
           15           42
           16           87
           16           99
           16          111
           16            8
           16           20
           16           32
           16           43
           17           70
           17           77
           17           88
           17          100
           17          112
           17            9
           17           21
           17           33
           17           44
           17           51
           17           58
           18           84
           18           95
           18          107
           18            4
           18           16
           18           28
           18           40
           19           85
           19           96
           19          108
           19            5
           19           17
           19           29
           19           41
           20           97
           20          109
           20            6
           20           18
           20           30
           21           86
           21           98
           21          110
           21            7
           21           19
           21           31
           21           42
           22           87
           22           99
           22          111
           22            8
           22           20
           22           32
           22           43
           23           84
           23           95
           23          107
           23            4
           23           16
           23           28
           23           40
           24           85
           24           96
           24          108
           24            5
           24           17
           24           29
           24           41
           25           97
           25          109
           25            6
           25           18
           25           30
           26           86
           26           98
           26          110
           26            7
           26           19
           26           31
           26           42
           27           87
           27           99
           27          111
           27            8
           27           20
           27           32
           27           43
           28           97
           28          109
           28            6
           28           18
           28           30

                            End of Section: Matrices                            

--------------------------------------------------------------------------------

                              Calculation Details                              

--------------------------------------------------------------------------------

Davidson_Stopping_Criteria = All requested norms below tolerance

                      End of Section: Calculation Details                      

################################################################################

                              End of Output File.                              

################################################################################
