################################################################################

            Output File for HFS, the Hartree-Fock Stability Program            
                              Author: Evan Curtin                              
             Institution: University of Illinois @ Urbana-Champaign             
                          email: ecurtin2@illinois.edu                          
                       Built on Oct 18 2016, at 18:15:44                       

################################################################################

                Computation Started : Tue Oct 18 19:02:22 2016
                
                Computation Finished: Tue Oct 18 19:02:24 2016
                
                     Total Elapsed Time = 1.71696 seconds.                     

--------------------------------------------------------------------------------

                                     Input                                     

--------------------------------------------------------------------------------

Nk = 12
ndim = 2
rs = 1.200000000000000

                             End of Section: Input                             

--------------------------------------------------------------------------------

                                     Output                                     

--------------------------------------------------------------------------------

deltaK = 0.428549564355483
kf = 1.178511301977579
kmax = 2.357022603955159
Nocc = 24
Nvir = 97
Nexc = 152
dav_its = 10
Dav_Final_Val = 0.000679464868371
full_diag_min = 0.000679464868370

                             End of Section: Output                             

--------------------------------------------------------------------------------

                                    Vectors                                    

--------------------------------------------------------------------------------

Occ Energies: 24
-0.034511181277236
-0.034511181277236
-0.281244805413782
-0.577048141720799
-0.577048141720799
-0.281244805413782
-0.034511181277236
-0.577048141720799
-0.842930756912128
-0.842930756912129
-0.577048141720800
-0.034511181277235
-0.034511181277236
-0.577048141720799
-0.842930756912128
-0.842930756912129
-0.577048141720799
-0.034511181277236
-0.281244805413782
-0.577048141720800
-0.577048141720800
-0.281244805413782
-0.034511181277236
-0.034511181277236
Vir Energies: 97
5.292625505241449
4.365449972138165
3.607661401626434
3.026679590405132
2.631222378197020
2.430277356198483
2.430277356198483
2.631222378197020
3.026679590405132
3.607661401626434
4.365449972138164
4.365449972138165
3.437227755856973
2.676188176603113
2.089533137216093
1.686397127569476
1.478818127945803
1.478818127945803
1.686397127569476
2.089533137216093
2.676188176603113
3.437227755856973
3.607661401626434
2.676188176603113
1.904818223130102
1.299428853886571
0.866841669720239
0.623381939338333
0.623381939338333
0.866841669720239
1.299428853886571
1.904818223130102
2.676188176603112
3.026679590405132
2.089533137216093
1.299428853886571
0.657110715215505
0.159610053545163
0.159610053545163
0.657110715215505
1.299428853886571
2.089533137216092
2.631222378197020
1.686397127569476
0.866841669720239
0.159610053545163
0.159610053545163
0.866841669720239
1.686397127569475
2.430277356198483
1.478818127945803
0.623381939338333
0.623381939338333
1.478818127945803
2.430277356198483
1.478818127945803
0.623381939338333
0.623381939338333
1.478818127945803
2.631222378197020
1.686397127569476
0.866841669720239
0.159610053545163
0.159610053545163
0.866841669720239
1.686397127569475
3.026679590405132
2.089533137216093
1.299428853886571
0.657110715215505
0.159610053545163
0.159610053545163
0.657110715215505
1.299428853886571
2.089533137216092
3.607661401626434
2.676188176603113
1.904818223130102
1.299428853886571
0.866841669720240
0.623381939338333
0.623381939338333
0.866841669720239
1.299428853886571
1.904818223130102
2.676188176603112
4.365449972138164
3.437227755856973
2.676188176603112
2.089533137216092
1.686397127569475
1.478818127945803
1.478818127945803
1.686397127569475
2.089533137216092
2.676188176603112
3.437227755856972
Excitation Energies: 152
0.657893120615568
1.513329309223038
2.464788537475719
1.513329309223039
0.657893120615568
0.657893120615568
1.513329309223038
2.464788537475719
1.513329309223039
0.657893120615568
0.440854858958945
1.148086475134021
1.967641932983257
2.912467183610801
1.967641932983257
1.148086475134021
0.440854858958945
1.200430081059132
2.055866269666602
3.007325497919282
2.055866269666603
1.200430081059132
1.200430081059132
2.055866269666602
3.007325497919283
2.055866269666603
1.200430081059132
0.440854858958945
1.148086475134021
1.967641932983257
2.912467183610802
1.967641932983258
1.148086475134021
0.440854858958945
0.194121234822398
0.691621896492741
1.333940035163806
2.124044318493328
3.061190771682367
2.124044318493328
1.333940035163806
0.691621896492740
0.194121234822399
0.736658195265962
1.443889811441039
2.263445269290274
3.208270519917819
2.263445269290275
1.443889811441039
0.736658195265962
1.466312696250461
2.321748884857931
3.273208113110612
2.321748884857932
1.466312696250462
1.466312696250462
2.321748884857931
3.273208113110612
2.321748884857932
1.466312696250462
0.736658195265962
1.443889811441039
2.263445269290275
3.208270519917819
2.263445269290275
1.443889811441039
0.736658195265962
0.194121234822398
0.691621896492740
1.333940035163806
2.124044318493327
3.061190771682367
2.124044318493328
1.333940035163806
0.691621896492740
0.194121234822399
0.194121234822398
0.691621896492741
1.333940035163806
2.124044318493328
3.061190771682367
2.124044318493328
1.333940035163806
0.691621896492740
0.194121234822399
0.736658195265962
1.443889811441039
2.263445269290274
3.208270519917819
2.263445269290275
1.443889811441039
0.736658195265962
1.466312696250461
2.321748884857931
3.273208113110612
2.321748884857932
1.466312696250462
1.466312696250462
2.321748884857931
3.273208113110612
2.321748884857932
1.466312696250462
0.736658195265962
1.443889811441039
2.263445269290275
3.208270519917819
2.263445269290275
1.443889811441039
0.736658195265962
0.194121234822398
0.691621896492740
1.333940035163806
2.124044318493328
3.061190771682367
2.124044318493328
1.333940035163806
0.691621896492740
0.194121234822399
0.440854858958945
1.148086475134022
1.967641932983257
2.912467183610802
1.967641932983258
1.148086475134021
0.440854858958945
1.200430081059132
2.055866269666602
3.007325497919283
2.055866269666603
1.200430081059133
1.200430081059132
2.055866269666602
3.007325497919283
2.055866269666603
1.200430081059132
0.440854858958945
1.148086475134022
1.967641932983258
2.912467183610802
1.967641932983258
1.148086475134022
0.440854858958945
0.657893120615568
1.513329309223038
2.464788537475719
1.513329309223039
0.657893120615568
0.657893120615568
1.513329309223038
2.464788537475719
1.513329309223039
0.657893120615568
Kgrid: 12
-2.357022603955159
-1.928473039599675
-1.499923475244192
-1.071373910888708
-0.642824346533225
-0.214274782177742
0.214274782177742
0.642824346533225
1.071373910888708
1.499923475244192
1.928473039599675
2.357022603955159
All Davidson Eigenvalues at Last Iteration: 166
0.000679464868371
0.000679464868372
0.078482306355143
0.137061344110414
0.137061344110415
0.180737261715590
0.211594333926599
0.211594333926600
0.222015994944131
0.226489667558967
0.257125690217613
0.257125690217618
0.258618251808287
0.258618251808288
0.347143502340462
0.347145793091700
0.366164031586292
0.366217810623132
0.394485270491538
0.409227577972260
0.410888593705096
0.438709283995308
0.464370514134902
0.467994550995584
0.503792846363378
0.505396761857942
0.507865421163009
0.509982942728414
0.532040500164370
0.532133284123971
0.612946503356661
0.632041181178593
0.638877861011767
0.641229525842560
0.665438918469720
0.665644253283975
0.666950292444925
0.667007138117392
0.689933534102330
0.690271798175426
0.701433097720961
0.702286991964509
0.705776836551118
0.726430707055972
0.726773615805261
0.745525010922379
0.762362388056663
0.773561455570891
0.774763246811006
0.778059343959890
0.779811378005692
0.782310598563459
0.784540201100876
0.786007901033374
0.787860076166701
0.789697397348173
0.791034604024674
0.792487454111239
0.806662782326569
0.815343389797942
0.838072447249998
0.838831401773866
0.841919340952130
0.854498369612896
0.935201651070307
1.010534946881993
1.014497591104914
1.026891102945963
1.032138821474944
1.079801394635924
1.082280855545245
1.090696528014580
1.131222150925848
1.155936911213964
1.166318285196713
1.170490515858280
1.171164213706223
1.174389086469302
1.180611222291145
1.181097661392720
1.228199858037252
1.230044566332965
1.244076467132852
1.270536503990659
1.273972390722584
1.277923720313851
1.278327878964848
1.295484299917182
1.306299812199185
1.322321465353191
1.330304396575214
1.337357439575592
1.357563507431245
1.366851183851408
1.371210535250885
1.382077572119799
1.391572962145203
1.403744568097387
1.411780610498406
1.431375062945807
1.443355803933604
1.456336071371459
1.461501995642762
1.486336930384305
1.490902807296417
1.494864286822809
1.503094675833628
1.507140035328702
1.508805413922673
1.528329018893403
1.543793910893652
1.544839291931664
1.546470573970378
1.566421956126625
1.573190406145609
1.580383664321149
1.582705468082735
1.614847257156989
1.635509180427387
1.671853024413827
1.714255991050729
1.739764633744052
1.748485829425551
1.791613978146349
1.812779297934306
1.906691337691338
1.911979332495158
1.931573908216638
1.975212070689523
1.981629536360353
1.987301206490419
2.013748531776396
2.017145269178011
2.027469773460814
2.047016133948205
2.068800502125677
2.069423263826667
2.079169694722843
2.105940803018707
2.124087956244266
2.131310748265973
2.131396215743460
2.135505198472693
2.140954579107688
2.198092486367055
2.246534007343490
2.254848410898925
2.265701254972325
2.332260657785375
2.333537794021932
2.394975663753130
2.396190163670649
2.401061846568078
2.437082748276192
2.533763973833509
2.567650489430444
2.598190636497069
2.772738903713051
2.872341435121013
2.932277271682116
3.023470384577406
3.046913563366005
3.083107513230930
3.203293030960178
3.281461359343408
3.346948254059526
Davidson lowest eigenvalues at each iteration: 10
0.178568302912641
0.086769226682251
0.061546049170894
0.002381335040148
0.000707472421593
0.000679673760735
0.000679465769151
0.000679464869931
0.000679464868373
0.000679464868371

                            End of Section: Vectors                            

--------------------------------------------------------------------------------

                                    Matrices                                    

--------------------------------------------------------------------------------

Occupied States: 24 x 2
        3        5
        3        6
        4        4
        4        5
        4        6
        4        7
        5        3
        5        4
        5        5
        5        6
        5        7
        5        8
        6        3
        6        4
        6        5
        6        6
        6        7
        6        8
        7        4
        7        5
        7        6
        7        7
        8        5
        8        6
Virtual States: 97 x 2
         0         0
         0         1
         0         2
         0         3
         0         4
         0         5
         0         6
         0         7
         0         8
         0         9
         0        10
         1         0
         1         1
         1         2
         1         3
         1         4
         1         5
         1         6
         1         7
         1         8
         1         9
         1        10
         2         0
         2         1
         2         2
         2         3
         2         4
         2         5
         2         6
         2         7
         2         8
         2         9
         2        10
         3         0
         3         1
         3         2
         3         3
         3         4
         3         7
         3         8
         3         9
         3        10
         4         0
         4         1
         4         2
         4         3
         4         8
         4         9
         4        10
         5         0
         5         1
         5         2
         5         9
         5        10
         6         0
         6         1
         6         2
         6         9
         6        10
         7         0
         7         1
         7         2
         7         3
         7         8
         7         9
         7        10
         8         0
         8         1
         8         2
         8         3
         8         4
         8         7
         8         8
         8         9
         8        10
         9         0
         9         1
         9         2
         9         3
         9         4
         9         5
         9         6
         9         7
         9         8
         9         9
         9        10
        10         0
        10         1
        10         2
        10         3
        10         4
        10         5
        10         6
        10         7
        10         8
        10         9
        10        10
Excitations: 152 x 2
         0        80
         0        91
         0         5
         0        16
         0        27
         1        81
         1        92
         1         6
         1        17
         1        28
         2        70
         2        79
         2        90
         2         4
         2        15
         2        26
         2        37
         3        80
         3        91
         3         5
         3        16
         3        27
         4        81
         4        92
         4         6
         4        17
         4        28
         5        71
         5        82
         5        93
         5         7
         5        18
         5        29
         5        38
         6        62
         6        69
         6        78
         6        89
         6         3
         6        14
         6        25
         6        36
         6        45
         7        70
         7        79
         7        90
         7         4
         7        15
         7        26
         7        37
         8        80
         8        91
         8         5
         8        16
         8        27
         9        81
         9        92
         9         6
         9        17
         9        28
        10        71
        10        82
        10        93
        10         7
        10        18
        10        29
        10        38
        11        63
        11        72
        11        83
        11        94
        11         8
        11        19
        11        30
        11        39
        11        46
        12        62
        12        69
        12        78
        12        89
        12         3
        12        14
        12        25
        12        36
        12        45
        13        70
        13        79
        13        90
        13         4
        13        15
        13        26
        13        37
        14        80
        14        91
        14         5
        14        16
        14        27
        15        81
        15        92
        15         6
        15        17
        15        28
        16        71
        16        82
        16        93
        16         7
        16        18
        16        29
        16        38
        17        63
        17        72
        17        83
        17        94
        17         8
        17        19
        17        30
        17        39
        17        46
        18        70
        18        79
        18        90
        18         4
        18        15
        18        26
        18        37
        19        80
        19        91
        19         5
        19        16
        19        27
        20        81
        20        92
        20         6
        20        17
        20        28
        21        71
        21        82
        21        93
        21         7
        21        18
        21        29
        21        38
        22        80
        22        91
        22         5
        22        16
        22        27
        23        81
        23        92
        23         6
        23        17
        23        28

                            End of Section: Matrices                            

--------------------------------------------------------------------------------

                              Calculation Details                              

--------------------------------------------------------------------------------

Davidson_Stopping_Criteria = Subspace Converged

                      End of Section: Calculation Details                      

################################################################################

                              End of Output File.                              

################################################################################
