################################################################################

            Output File for HFS, the Hartree-Fock Stability Program            
                              Author: Evan Curtin                              
             Institution: University of Illinois @ Urbana-Champaign             
                          email: ecurtin2@illinois.edu                          
                       Built on Oct 18 2016, at 18:15:44                       

################################################################################

                Computation Started : Tue Oct 18 19:07:32 2016
                
                Computation Finished: Tue Oct 18 19:09:17 2016
                
                      Total Elapsed Time = 104.21 seconds.                      

--------------------------------------------------------------------------------

                                     Input                                     

--------------------------------------------------------------------------------

Nk = 22
ndim = 2
rs = 1.200000000000000

                             End of Section: Input                             

--------------------------------------------------------------------------------

                                     Output                                     

--------------------------------------------------------------------------------

deltaK = 0.224478343233824
kf = 1.178511301977579
kmax = 2.357022603955159
Nocc = 88
Nvir = 353
Nexc = 1048
dav_its = 14
Dav_Final_Val = -0.040681402832829
full_diag_min = -0.040681402832831

                             End of Section: Output                             

--------------------------------------------------------------------------------

                                    Vectors                                    

--------------------------------------------------------------------------------

Occ Energies: 88
-0.018162868015898
-0.173921416035018
-0.245655523384875
-0.245655523384875
-0.173921416035017
-0.018162868015897
-0.098240434891845
-0.345156449144942
-0.498045835680864
-0.571081292145775
-0.571081292145775
-0.498045835680864
-0.345156449144942
-0.098240434891845
-0.018162868015897
-0.345156449144942
-0.576486150148248
-0.724748693293454
-0.797235503808796
-0.797235503808796
-0.724748693293454
-0.576486150148248
-0.345156449144942
-0.018162868015897
-0.173921416035017
-0.498045835680864
-0.724748693293453
-0.871041721432160
-0.942969657122087
-0.942969657122087
-0.871041721432160
-0.724748693293453
-0.498045835680864
-0.173921416035017
-0.245655523384875
-0.571081292145775
-0.797235503808796
-0.942969657122087
-1.014660368420136
-1.014660368420136
-0.942969657122086
-0.797235503808796
-0.571081292145775
-0.245655523384874
-0.245655523384874
-0.571081292145775
-0.797235503808796
-0.942969657122087
-1.014660368420136
-1.014660368420136
-0.942969657122086
-0.797235503808796
-0.571081292145775
-0.245655523384874
-0.173921416035017
-0.498045835680864
-0.724748693293453
-0.871041721432160
-0.942969657122086
-0.942969657122086
-0.871041721432160
-0.724748693293453
-0.498045835680864
-0.173921416035017
-0.018162868015897
-0.345156449144942
-0.576486150148248
-0.724748693293453
-0.797235503808796
-0.797235503808796
-0.724748693293453
-0.576486150148248
-0.345156449144942
-0.018162868015897
-0.098240434891845
-0.345156449144942
-0.498045835680864
-0.571081292145775
-0.571081292145775
-0.498045835680864
-0.345156449144942
-0.098240434891845
-0.018162868015897
-0.173921416035017
-0.245655523384874
-0.245655523384874
-0.173921416035017
-0.018162868015897
Vir Energies: 353
5.289308911556935
4.783274201710968
4.323427353685052
3.909944610272525
3.543559900941077
3.225544776234027
2.957785745283523
2.741968754391878
2.579020991481004
2.469817676344715
2.415033968545011
2.415033968545011
2.469817676344715
2.579020991481004
2.741968754391878
2.957785745283523
3.225544776234027
3.543559900941077
3.909944610272525
4.323427353685052
4.783274201710966
4.783274201710968
4.277153115680999
3.817044334954816
3.403117431661045
3.036102290702761
2.717280392769765
2.448597355274977
2.231836762949148
2.068037658382721
1.958194310843608
1.903069818060472
1.903069818060472
1.958194310843608
2.068037658382721
2.231836762949148
2.448597355274977
2.717280392769765
3.036102290702761
3.403117431661045
3.817044334954817
4.277153115680998
4.323427353685052
3.817044334954816
3.356138792819311
2.940852369116247
2.571888668141122
2.250539835690026
1.978912684197462
1.759091498738086
1.592502470935037
1.480564834667308
1.424334078044709
1.424334078044709
1.480564834667308
1.592502470935037
1.759091498738086
1.978912684197462
2.250539835690026
2.571888668141122
2.940852369116247
3.356138792819311
3.817044334954815
3.909944610272525
3.403117431661045
2.940852369116247
2.523216673660127
2.150818252120417
1.824889769553797
1.547720959073454
1.321886932865088
1.149679877608574
1.033573144625175
0.975203838732963
0.975203838732963
1.033573144625175
1.149679877608575
1.321886932865088
1.547720959073454
1.824889769553797
2.150818252120417
2.523216673660127
2.940852369116248
3.403117431661044
3.543559900941077
3.036102290702761
2.571888668141122
2.150818252120417
1.773238978522894
1.440107119367271
1.153650200011008
0.916787911793695
0.733631429248187
0.609825866210383
0.547861771497963
0.547861771497962
0.609825866210383
0.733631429248187
0.916787911793695
1.153650200011009
1.440107119367271
1.773238978522894
2.150818252120417
2.571888668141122
3.036102290702760
3.225544776234026
2.717280392769765
2.250539835690026
1.824889769553797
1.440107119367271
1.096359645266071
0.794917015711187
0.536843255757993
0.327015755279157
0.188901210834158
0.121805710120419
0.121805710120419
0.188901210834158
0.327015755279157
0.536843255757993
0.794917015711188
1.096359645266071
1.440107119367271
1.824889769553797
2.250539835690027
2.717280392769764
2.957785745283522
2.448597355274977
1.978912684197462
1.547720959073454
1.153650200011008
0.794917015711187
0.469592186753692
0.172843573542025
0.172843573542025
0.469592186753693
0.794917015711187
1.153650200011008
1.547720959073454
1.978912684197463
2.448597355274976
2.741968754391878
2.231836762949148
1.759091498738086
1.321886932865088
0.916787911793695
0.536843255757993
0.172843573542025
0.172843573542025
0.536843255757993
0.916787911793695
1.321886932865088
1.759091498738087
2.231836762949147
2.579020991481004
2.068037658382721
1.592502470935037
1.149679877608574
0.733631429248187
0.327015755279156
0.327015755279156
0.733631429248187
1.149679877608574
1.592502470935038
2.068037658382720
2.469817676344715
1.958194310843608
1.480564834667308
1.033573144625175
0.609825866210383
0.188901210834158
0.188901210834158
0.609825866210383
1.033573144625175
1.480564834667309
1.958194310843607
2.415033968545011
1.903069818060472
1.424334078044709
0.975203838732963
0.547861771497962
0.121805710120419
0.121805710120419
0.547861771497962
0.975203838732963
1.424334078044710
1.903069818060471
2.415033968545011
1.903069818060472
1.424334078044709
0.975203838732963
0.547861771497962
0.121805710120419
0.121805710120419
0.547861771497962
0.975203838732963
1.424334078044710
1.903069818060471
2.469817676344715
1.958194310843608
1.480564834667308
1.033573144625175
0.609825866210383
0.188901210834158
0.188901210834158
0.609825866210383
1.033573144625175
1.480564834667309
1.958194310843607
2.579020991481004
2.068037658382721
1.592502470935037
1.149679877608574
0.733631429248187
0.327015755279156
0.327015755279156
0.733631429248187
1.149679877608574
1.592502470935038
2.068037658382720
2.741968754391878
2.231836762949148
1.759091498738086
1.321886932865088
0.916787911793695
0.536843255757993
0.172843573542025
0.172843573542026
0.536843255757993
0.916787911793695
1.321886932865088
1.759091498738086
2.231836762949147
2.957785745283523
2.448597355274977
1.978912684197462
1.547720959073454
1.153650200011009
0.794917015711187
0.469592186753692
0.172843573542026
0.172843573542026
0.469592186753693
0.794917015711187
1.153650200011008
1.547720959073454
1.978912684197463
2.448597355274976
3.225544776234026
2.717280392769765
2.250539835690026
1.824889769553797
1.440107119367270
1.096359645266071
0.794917015711187
0.536843255757993
0.327015755279156
0.188901210834158
0.121805710120419
0.121805710120419
0.188901210834158
0.327015755279156
0.536843255757993
0.794917015711187
1.096359645266071
1.440107119367270
1.824889769553797
2.250539835690027
2.717280392769764
3.543559900941077
3.036102290702761
2.571888668141122
2.150818252120417
1.773238978522894
1.440107119367270
1.153650200011008
0.916787911793695
0.733631429248186
0.609825866210383
0.547861771497962
0.547861771497962
0.609825866210383
0.733631429248187
0.916787911793695
1.153650200011008
1.440107119367270
1.773238978522894
2.150818252120417
2.571888668141123
3.036102290702760
3.909944610272525
3.403117431661045
2.940852369116247
2.523216673660127
2.150818252120417
1.824889769553797
1.547720959073454
1.321886932865088
1.149679877608574
1.033573144625174
0.975203838732963
0.975203838732963
1.033573144625174
1.149679877608574
1.321886932865088
1.547720959073454
1.824889769553797
2.150818252120417
2.523216673660127
2.940852369116248
3.403117431661044
4.323427353685052
3.817044334954816
3.356138792819311
2.940852369116248
2.571888668141123
2.250539835690027
1.978912684197463
1.759091498738086
1.592502470935038
1.480564834667309
1.424334078044710
1.424334078044710
1.480564834667309
1.592502470935038
1.759091498738086
1.978912684197463
2.250539835690027
2.571888668141123
2.940852369116248
3.356138792819312
3.817044334954816
4.783274201710966
4.277153115680998
3.817044334954815
3.403117431661044
3.036102290702761
2.717280392769764
2.448597355274976
2.231836762949147
2.068037658382720
1.958194310843607
1.903069818060471
1.903069818060471
1.958194310843607
2.068037658382720
2.231836762949147
2.448597355274976
2.717280392769764
3.036102290702761
3.403117431661044
3.817044334954816
4.277153115680997
Excitation Energies: 1048
0.345178623295054
0.751794297264084
1.167842745624471
1.610665338950935
2.086200526398617
2.597183859496901
2.086200526398618
1.610665338950935
1.167842745624472
0.751794297264084
0.345178623295054
0.362822626869176
0.783747282245401
1.207494560660192
1.654486250702326
2.132115726878625
2.643739092379732
2.132115726878625
1.654486250702326
1.207494560660193
0.783747282245401
0.362822626869176
0.367461233505294
0.793517294882837
1.220859362117838
1.669989601429585
2.148725341445346
2.660689491929886
2.148725341445346
1.669989601429584
1.220859362117838
0.793517294882838
0.367461233505294
0.367461233505294
0.793517294882837
1.220859362117837
1.669989601429585
2.148725341445346
2.660689491929886
2.148725341445346
1.669989601429584
1.220859362117838
0.793517294882837
0.367461233505294
0.362822626869176
0.783747282245400
1.207494560660192
1.654486250702326
2.132115726878624
2.643739092379732
2.132115726878625
1.654486250702326
1.207494560660192
0.783747282245401
0.362822626869176
0.345178623295053
0.751794297264084
1.167842745624471
1.610665338950935
2.086200526398617
2.597183859496901
2.086200526398618
1.610665338950935
1.167842745624472
0.751794297264084
0.345178623295054
0.271084008433870
0.635083690649837
1.015028346685539
1.420127367756932
1.857331933629931
2.330077197840992
2.840209189283722
2.330077197840993
1.857331933629931
1.420127367756932
1.015028346685540
0.635083690649838
0.271084008433870
0.672172204424099
1.078787878393129
1.494836326753517
1.937658920079981
2.413194107527662
2.924177440625946
2.413194107527663
1.937658920079980
1.494836326753517
1.078787878393129
0.672172204424099
0.686947046515022
1.107871701891247
1.531618980306038
1.978610670348173
2.456240146524471
2.967863512025579
2.456240146524472
1.978610670348172
1.531618980306039
1.107871701891247
0.686947046515022
0.692887002266195
1.118943063643738
1.546285130878738
1.995415370190485
2.474151110206246
2.986115260690787
2.474151110206247
1.995415370190484
1.546285130878739
1.118943063643738
0.692887002266194
0.692887002266194
1.118943063643737
1.546285130878738
1.995415370190485
2.474151110206246
2.986115260690786
2.474151110206247
1.995415370190484
1.546285130878738
1.118943063643738
0.692887002266194
0.686947046515022
1.107871701891247
1.531618980306038
1.978610670348173
2.456240146524471
2.967863512025579
2.456240146524472
1.978610670348172
1.531618980306039
1.107871701891247
0.686947046515022
0.672172204424098
1.078787878393129
1.494836326753516
1.937658920079980
2.413194107527662
2.924177440625946
2.413194107527663
1.937658920079980
1.494836326753517
1.078787878393129
0.672172204424099
0.271084008433870
0.635083690649837
1.015028346685539
1.420127367756932
1.857331933629931
2.330077197840992
2.840209189283722
2.330077197840993
1.857331933629931
1.420127367756932
1.015028346685540
0.635083690649838
0.271084008433870
0.191006441557923
0.487755054769590
0.813079883727085
1.171813068026906
1.565883827089352
1.997075552213361
2.466760223290874
2.975948613299420
2.466760223290875
1.997075552213360
1.565883827089352
1.171813068026906
0.813079883727085
0.487755054769590
0.191006441557922
0.518000022686968
0.881999704902935
1.261944360938637
1.667043382010030
2.104247947883028
2.576993212094090
3.087125203536820
2.576993212094091
2.104247947883028
1.667043382010030
1.261944360938637
0.881999704902936
0.518000022686967
0.903501905427404
1.310117579396435
1.726166027756822
2.168988621083286
2.644523808530968
3.155507141629252
2.644523808530969
2.168988621083285
1.726166027756822
1.310117579396435
0.903501905427405
0.913649904127612
1.334574559503837
1.758321837918628
2.205313527960763
2.682943004137060
3.194566369638169
2.682943004137062
2.205313527960762
1.758321837918628
1.334574559503837
0.913649904127612
0.919041213929216
1.345097275306758
1.772439342541759
2.221569581853506
2.700305321869267
3.212269472353808
2.700305321869268
2.221569581853506
1.772439342541759
1.345097275306759
0.919041213929215
0.919041213929216
1.345097275306758
1.772439342541759
2.221569581853506
2.700305321869267
3.212269472353808
2.700305321869268
2.221569581853506
1.772439342541760
1.345097275306759
0.919041213929216
0.913649904127612
1.334574559503837
1.758321837918628
2.205313527960763
2.682943004137060
3.194566369638169
2.682943004137062
2.205313527960762
1.758321837918628
1.334574559503837
0.913649904127612
0.903501905427404
1.310117579396435
1.726166027756822
2.168988621083286
2.644523808530968
3.155507141629252
2.644523808530969
2.168988621083286
1.726166027756823
1.310117579396435
0.903501905427405
0.518000022686968
0.881999704902935
1.261944360938637
1.667043382010030
2.104247947883029
2.576993212094090
3.087125203536820
2.576993212094091
2.104247947883028
1.667043382010030
1.261944360938638
0.881999704902936
0.518000022686968
0.191006441557923
0.487755054769590
0.813079883727084
1.171813068026906
1.565883827089352
1.997075552213360
2.466760223290874
2.975948613299420
2.466760223290875
1.997075552213359
1.565883827089352
1.171813068026906
0.813079883727085
0.487755054769590
0.191006441557922
0.346764989577042
0.643513602788709
0.968838431746204
1.327571616046026
1.721642375108471
2.152834100232480
2.622518771309994
3.131707161318540
2.622518771309994
2.152834100232480
1.721642375108472
1.327571616046026
0.968838431746204
0.643513602788709
0.346764989577042
0.670889409222890
1.034889091438857
1.414833747474559
1.819932768545952
2.257137334418950
2.729882598630011
3.240014590072742
2.729882598630012
2.257137334418950
1.819932768545952
1.414833747474559
1.034889091438858
0.670889409222889
1.051764448572610
1.458380122541640
1.874428570902027
2.317251164228491
2.792786351676173
3.303769684774458
2.792786351676174
2.317251164228491
1.874428570902028
1.458380122541640
1.051764448572610
1.059942932266318
1.480867587642543
1.904614866057334
2.351606556099469
2.829236032275767
3.340859397776875
2.829236032275768
2.351606556099469
1.904614866057335
1.480867587642543
1.059942932266318
1.064775367242506
1.490831428620049
1.918173495855049
2.367303735166796
2.846039475182558
3.358003625667098
2.846039475182558
2.367303735166796
1.918173495855050
1.490831428620049
1.064775367242506
1.064775367242506
1.490831428620049
1.918173495855050
2.367303735166796
2.846039475182558
3.358003625667098
2.846039475182558
2.367303735166796
1.918173495855050
1.490831428620049
1.064775367242506
1.059942932266318
1.480867587642543
1.904614866057334
2.351606556099469
2.829236032275767
3.340859397776875
2.829236032275768
2.351606556099468
1.904614866057335
1.480867587642543
1.059942932266318
1.051764448572610
1.458380122541640
1.874428570902027
2.317251164228491
2.792786351676173
3.303769684774457
2.792786351676174
2.317251164228491
1.874428570902028
1.458380122541640
1.051764448572610
0.670889409222890
1.034889091438857
1.414833747474559
1.819932768545952
2.257137334418950
2.729882598630011
3.240014590072742
2.729882598630012
2.257137334418950
1.819932768545952
1.414833747474559
1.034889091438857
0.670889409222889
0.346764989577042
0.643513602788709
0.968838431746204
1.327571616046025
1.721642375108471
2.152834100232480
2.622518771309993
3.131707161318540
2.622518771309994
2.152834100232479
1.721642375108471
1.327571616046026
0.968838431746205
0.643513602788709
0.346764989577042
0.418499096926900
0.715247710138567
1.040572539096062
1.399305723395883
1.793376482458329
2.224568207582338
2.694252878659851
3.203441268668398
2.694252878659852
2.224568207582337
1.793376482458329
1.399305723395883
1.040572539096062
0.715247710138567
0.418499096926900
0.743924865687801
1.107924547903768
1.487869203939470
1.892968225010863
2.330172790883862
2.802918055094922
3.313050046537653
2.802918055094923
2.330172790883861
1.892968225010863
1.487869203939471
1.107924547903768
0.743924865687800
1.124251259087953
1.530866933056983
1.946915381417370
2.389737974743834
2.865273162191516
3.376256495289800
2.865273162191517
2.389737974743833
1.946915381417371
1.530866933056983
1.124251259087953
1.131870867956245
1.552795523332470
1.976542801747261
2.423534491789396
2.901163967965694
3.412787333466802
2.901163967965695
2.423534491789395
1.976542801747261
1.552795523332470
1.131870867956245
1.136466078540555
1.562522139918098
1.989864207153099
2.438994446464846
2.917730186480607
3.429694336965147
2.917730186480608
2.438994446464845
1.989864207153099
1.562522139918098
1.136466078540555
1.136466078540555
1.562522139918098
1.989864207153099
2.438994446464846
2.917730186480607
3.429694336965147
2.917730186480608
2.438994446464845
1.989864207153099
1.562522139918098
1.136466078540555
1.131870867956245
1.552795523332469
1.976542801747261
2.423534491789395
2.901163967965693
3.412787333466802
2.901163967965695
2.423534491789395
1.976542801747261
1.552795523332470
1.131870867956245
1.124251259087953
1.530866933056983
1.946915381417370
2.389737974743834
2.865273162191516
3.376256495289800
2.865273162191517
2.389737974743833
1.946915381417371
1.530866933056983
1.124251259087953
0.743924865687801
1.107924547903768
1.487869203939470
1.892968225010863
2.330172790883862
2.802918055094922
3.313050046537653
2.802918055094923
2.330172790883861
1.892968225010863
1.487869203939471
1.107924547903768
0.743924865687800
0.418499096926900
0.715247710138567
1.040572539096062
1.399305723395883
1.793376482458329
2.224568207582338
2.694252878659851
3.203441268668398
2.694252878659852
2.224568207582337
1.793376482458329
1.399305723395883
1.040572539096062
0.715247710138567
0.418499096926900
0.418499096926900
0.715247710138567
1.040572539096062
1.399305723395883
1.793376482458329
2.224568207582338
2.694252878659851
3.203441268668397
2.694252878659852
2.224568207582337
1.793376482458329
1.399305723395883
1.040572539096062
0.715247710138567
0.418499096926899
0.743924865687801
1.107924547903768
1.487869203939470
1.892968225010863
2.330172790883862
2.802918055094922
3.313050046537653
2.802918055094923
2.330172790883861
1.892968225010863
1.487869203939471
1.107924547903768
0.743924865687800
1.124251259087953
1.530866933056983
1.946915381417370
2.389737974743834
2.865273162191516
3.376256495289800
2.865273162191517
2.389737974743833
1.946915381417370
1.530866933056983
1.124251259087953
1.131870867956245
1.552795523332470
1.976542801747261
2.423534491789396
2.901163967965694
3.412787333466802
2.901163967965695
2.423534491789395
1.976542801747261
1.552795523332470
1.131870867956245
1.136466078540555
1.562522139918098
1.989864207153099
2.438994446464846
2.917730186480607
3.429694336965147
2.917730186480608
2.438994446464845
1.989864207153099
1.562522139918098
1.136466078540555
1.136466078540555
1.562522139918098
1.989864207153099
2.438994446464846
2.917730186480607
3.429694336965147
2.917730186480608
2.438994446464845
1.989864207153099
1.562522139918098
1.136466078540555
1.131870867956245
1.552795523332469
1.976542801747261
2.423534491789395
2.901163967965693
3.412787333466802
2.901163967965695
2.423534491789395
1.976542801747261
1.552795523332470
1.131870867956245
1.124251259087953
1.530866933056983
1.946915381417370
2.389737974743834
2.865273162191516
3.376256495289800
2.865273162191517
2.389737974743833
1.946915381417371
1.530866933056983
1.124251259087953
0.743924865687801
1.107924547903768
1.487869203939470
1.892968225010863
2.330172790883862
2.802918055094922
3.313050046537653
2.802918055094923
2.330172790883861
1.892968225010863
1.487869203939470
1.107924547903768
0.743924865687800
0.418499096926900
0.715247710138567
1.040572539096061
1.399305723395883
1.793376482458329
2.224568207582337
2.694252878659851
3.203441268668398
2.694252878659852
2.224568207582336
1.793376482458329
1.399305723395883
1.040572539096062
0.715247710138567
0.418499096926900
0.346764989577042
0.643513602788710
0.968838431746204
1.327571616046026
1.721642375108472
2.152834100232480
2.622518771309994
3.131707161318540
2.622518771309994
2.152834100232480
1.721642375108472
1.327571616046026
0.968838431746205
0.643513602788710
0.346764989577042
0.670889409222889
1.034889091438857
1.414833747474559
1.819932768545951
2.257137334418950
2.729882598630011
3.240014590072741
2.729882598630012
2.257137334418950
1.819932768545952
1.414833747474559
1.034889091438857
0.670889409222889
1.051764448572609
1.458380122541640
1.874428570902027
2.317251164228491
2.792786351676173
3.303769684774457
2.792786351676174
2.317251164228491
1.874428570902027
1.458380122541640
1.051764448572610
1.059942932266318
1.480867587642543
1.904614866057334
2.351606556099469
2.829236032275767
3.340859397776875
2.829236032275768
2.351606556099469
1.904614866057335
1.480867587642543
1.059942932266318
1.064775367242506
1.490831428620049
1.918173495855049
2.367303735166796
2.846039475182558
3.358003625667098
2.846039475182558
2.367303735166796
1.918173495855050
1.490831428620049
1.064775367242506
1.064775367242506
1.490831428620048
1.918173495855049
2.367303735166796
2.846039475182558
3.358003625667098
2.846039475182558
2.367303735166796
1.918173495855050
1.490831428620049
1.064775367242506
1.059942932266318
1.480867587642543
1.904614866057334
2.351606556099469
2.829236032275767
3.340859397776875
2.829236032275768
2.351606556099468
1.904614866057335
1.480867587642543
1.059942932266318
1.051764448572609
1.458380122541640
1.874428570902027
2.317251164228491
2.792786351676173
3.303769684774457
2.792786351676174
2.317251164228491
1.874428570902028
1.458380122541640
1.051764448572610
0.670889409222889
1.034889091438856
1.414833747474558
1.819932768545951
2.257137334418950
2.729882598630011
3.240014590072741
2.729882598630012
2.257137334418950
1.819932768545951
1.414833747474559
1.034889091438857
0.670889409222889
0.346764989577042
0.643513602788709
0.968838431746204
1.327571616046025
1.721642375108471
2.152834100232480
2.622518771309993
3.131707161318540
2.622518771309994
2.152834100232479
1.721642375108471
1.327571616046025
0.968838431746204
0.643513602788709
0.346764989577042
0.191006441557922
0.487755054769589
0.813079883727084
1.171813068026906
1.565883827089351
1.997075552213360
2.466760223290874
2.975948613299420
2.466760223290875
1.997075552213359
1.565883827089352
1.171813068026906
0.813079883727084
0.487755054769589
0.191006441557922
0.518000022686968
0.881999704902935
1.261944360938637
1.667043382010030
2.104247947883028
2.576993212094089
3.087125203536820
2.576993212094090
2.104247947883028
1.667043382010030
1.261944360938637
0.881999704902935
0.518000022686967
0.903501905427404
1.310117579396434
1.726166027756822
2.168988621083286
2.644523808530968
3.155507141629251
2.644523808530969
2.168988621083285
1.726166027756822
1.310117579396435
0.903501905427404
0.913649904127611
1.334574559503836
1.758321837918628
2.205313527960762
2.682943004137060
3.194566369638168
2.682943004137061
2.205313527960762
1.758321837918628
1.334574559503837
0.913649904127612
0.919041213929215
1.345097275306758
1.772439342541759
2.221569581853506
2.700305321869267
3.212269472353807
2.700305321869268
2.221569581853505
1.772439342541759
1.345097275306759
0.919041213929215
0.919041213929215
1.345097275306758
1.772439342541759
2.221569581853506
2.700305321869267
3.212269472353807
2.700305321869268
2.221569581853506
1.772439342541759
1.345097275306759
0.919041213929215
0.913649904127611
1.334574559503836
1.758321837918627
2.205313527960762
2.682943004137060
3.194566369638168
2.682943004137061
2.205313527960761
1.758321837918628
1.334574559503836
0.913649904127611
0.903501905427404
1.310117579396434
1.726166027756822
2.168988621083286
2.644523808530967
3.155507141629251
2.644523808530968
2.168988621083285
1.726166027756822
1.310117579396435
0.903501905427404
0.518000022686968
0.881999704902935
1.261944360938637
1.667043382010030
2.104247947883028
2.576993212094089
3.087125203536820
2.576993212094090
2.104247947883028
1.667043382010030
1.261944360938637
0.881999704902935
0.518000022686967
0.191006441557922
0.487755054769589
0.813079883727084
1.171813068026905
1.565883827089351
1.997075552213360
2.466760223290873
2.975948613299420
2.466760223290874
1.997075552213359
1.565883827089351
1.171813068026905
0.813079883727084
0.487755054769589
0.191006441557922
0.271084008433870
0.635083690649837
1.015028346685539
1.420127367756932
1.857331933629931
2.330077197840992
2.840209189283722
2.330077197840993
1.857331933629931
1.420127367756932
1.015028346685540
0.635083690649838
0.271084008433870
0.672172204424098
1.078787878393129
1.494836326753516
1.937658920079980
2.413194107527662
2.924177440625946
2.413194107527663
1.937658920079979
1.494836326753516
1.078787878393129
0.672172204424099
0.686947046515022
1.107871701891247
1.531618980306038
1.978610670348173
2.456240146524471
2.967863512025579
2.456240146524472
1.978610670348172
1.531618980306039
1.107871701891247
0.686947046515022
0.692887002266194
1.118943063643737
1.546285130878738
1.995415370190485
2.474151110206246
2.986115260690786
2.474151110206247
1.995415370190484
1.546285130878738
1.118943063643738
0.692887002266194
0.692887002266194
1.118943063643737
1.546285130878738
1.995415370190485
2.474151110206246
2.986115260690786
2.474151110206247
1.995415370190484
1.546285130878738
1.118943063643738
0.692887002266194
0.686947046515022
1.107871701891247
1.531618980306038
1.978610670348173
2.456240146524471
2.967863512025579
2.456240146524472
1.978610670348172
1.531618980306038
1.107871701891247
0.686947046515022
0.672172204424098
1.078787878393129
1.494836326753516
1.937658920079980
2.413194107527662
2.924177440625946
2.413194107527663
1.937658920079979
1.494836326753517
1.078787878393129
0.672172204424099
0.271084008433870
0.635083690649837
1.015028346685539
1.420127367756932
1.857331933629931
2.330077197840992
2.840209189283723
2.330077197840993
1.857331933629931
1.420127367756933
1.015028346685540
0.635083690649838
0.271084008433870
0.345178623295053
0.751794297264083
1.167842745624471
1.610665338950935
2.086200526398617
2.597183859496901
2.086200526398617
1.610665338950934
1.167842745624471
0.751794297264084
0.345178623295053
0.362822626869175
0.783747282245400
1.207494560660191
1.654486250702326
2.132115726878624
2.643739092379731
2.132115726878625
1.654486250702325
1.207494560660192
0.783747282245400
0.362822626869175
0.367461233505293
0.793517294882836
1.220859362117837
1.669989601429584
2.148725341445345
2.660689491929885
2.148725341445346
1.669989601429583
1.220859362117837
0.793517294882837
0.367461233505293
0.367461233505293
0.793517294882836
1.220859362117837
1.669989601429584
2.148725341445345
2.660689491929885
2.148725341445346
1.669989601429583
1.220859362117837
0.793517294882837
0.367461233505293
0.362822626869175
0.783747282245399
1.207494560660191
1.654486250702325
2.132115726878624
2.643739092379731
2.132115726878625
1.654486250702325
1.207494560660191
0.783747282245400
0.362822626869175
0.345178623295053
0.751794297264083
1.167842745624471
1.610665338950935
2.086200526398617
2.597183859496901
2.086200526398617
1.610665338950934
1.167842745624471
0.751794297264084
0.345178623295053
Kgrid: 22
-2.357022603955159
-2.132544260721334
-1.908065917487509
-1.683587574253685
-1.459109231019860
-1.234630887786035
-1.010152544552211
-0.785674201318386
-0.561195858084562
-0.336717514850737
-0.112239171616912
0.112239171616912
0.336717514850737
0.561195858084562
0.785674201318386
1.010152544552211
1.234630887786035
1.459109231019860
1.683587574253685
1.908065917487510
2.132544260721334
2.357022603955159
All Davidson Eigenvalues at Last Iteration: 189
-0.040681402832831
-0.040681402832829
0.094636595576590
0.129331695404752
0.139076905841741
0.139076914724067
0.154066794593512
0.185177044830384
0.185768981495135
0.192259495501090
0.224949869933985
0.225092282548199
0.236366905879159
0.239968016587702
0.241511633814102
0.249501825410670
0.250244819857843
0.255977430866333
0.258625584812380
0.274677630474610
0.275809660212080
0.277912845517760
0.278738123947503
0.293954117324165
0.301414363003536
0.303665064820227
0.306433453544618
0.307037444897388
0.307875386492083
0.317789112859283
0.325821622326254
0.337113409179113
0.338391549398714
0.338641767244563
0.339378318414469
0.342796752324001
0.347631794127741
0.364932605007149
0.365800205424223
0.365835175724118
0.369052974285550
0.372699325561455
0.374214076402706
0.385982902317167
0.385984479386597
0.388159849665399
0.393050605881632
0.395587397480411
0.399233842318676
0.400840738056313
0.400840964308965
0.402699178485123
0.406347974972463
0.407268301057420
0.408874818374912
0.411922281691500
0.411922287897244
0.412830360821102
0.417214682645016
0.417488892507436
0.461652278109985
0.478698392244783
0.492671528500568
0.497454288483241
0.507258041913085
0.516709607361449
0.521864635443532
0.537486020893624
0.546928966864167
0.550044528611242
0.560701692389869
0.564555695153803
0.581260723168213
0.589813203465757
0.598046452730805
0.602579560563894
0.616330055945459
0.628010493815234
0.632978774757516
0.639465354189485
0.652544258972059
0.661966745638626
0.683352359676097
0.688991575957008
0.709074508430772
0.720687120107824
0.727740088007360
0.756313283553117
0.760843944582440
0.762073067116373
0.764570527001918
0.773611090703818
0.778966555374662
0.781130060799765
0.788803175397793
0.791244094244910
0.803541868864691
0.803976672329809
0.810035031526112
0.819093107697739
0.821868472974943
0.822993074008059
0.836603218309768
0.836650464521477
0.840206978818671
0.844060292588577
0.860080419144370
0.885497184939962
0.892823043992515
0.904786369944117
0.910846600158603
0.942390226127080
0.954625974298019
0.972877513368105
0.987285739421339
0.988429694730022
1.000690579410683
1.006849466963435
1.024309916936768
1.035982462402388
1.039965316069322
1.060631839125233
1.070921161653735
1.084229452863519
1.087735631539950
1.106840756037770
1.116111255328723
1.116473438923946
1.130413705953402
1.142755340901782
1.146568099942546
1.160850751641959
1.172248394702733
1.185876577219590
1.193104080433232
1.198993586157455
1.215505783212243
1.221040187787390
1.225938862966702
1.245205953271293
1.246358449299926
1.246955000379751
1.263193511832923
1.263316449204319
1.272864749176402
1.307184860979524
1.333174474122892
1.379750316506969
1.397311968288166
1.433861980012361
1.438465862445704
1.471091369831180
1.495895389434130
1.505849075871878
1.520666987715560
1.583245554608218
1.598432019376079
1.613370770706785
1.631474264589770
1.643261550955252
1.644135586477023
1.667569471528169
1.672318253143327
1.690392679292865
1.692966813041719
1.693962933141080
1.712005559761152
1.712098532589281
1.716880297006880
1.836155850841250
1.988971358738200
2.039220676003454
2.054893210715814
2.080494465208536
2.107569318890361
2.122309010254381
2.145073764424360
2.149777935804845
2.170990237855206
2.171947344818568
2.187153482763399
2.190588457234929
2.190673113757122
2.204888779447238
2.563762879952026
2.618856978293932
2.656703807537073
2.682743916449185
2.702506231421463
Davidson lowest eigenvalues at each iteration: 14
0.256190756364692
0.052414463001022
-0.036571427012636
-0.040631244067740
-0.040681282821816
-0.040681402215466
-0.040681402827764
-0.040681402832620
-0.040681402832828
-0.040681402832829
-0.040681402832829
-0.040681402832830
-0.040681402832829
-0.040681402832829

                            End of Section: Vectors                            

--------------------------------------------------------------------------------

                                    Matrices                                    

--------------------------------------------------------------------------------

Occupied States: 88 x 2
         6         8
         6         9
         6        10
         6        11
         6        12
         6        13
         7         7
         7         8
         7         9
         7        10
         7        11
         7        12
         7        13
         7        14
         8         6
         8         7
         8         8
         8         9
         8        10
         8        11
         8        12
         8        13
         8        14
         8        15
         9         6
         9         7
         9         8
         9         9
         9        10
         9        11
         9        12
         9        13
         9        14
         9        15
        10         6
        10         7
        10         8
        10         9
        10        10
        10        11
        10        12
        10        13
        10        14
        10        15
        11         6
        11         7
        11         8
        11         9
        11        10
        11        11
        11        12
        11        13
        11        14
        11        15
        12         6
        12         7
        12         8
        12         9
        12        10
        12        11
        12        12
        12        13
        12        14
        12        15
        13         6
        13         7
        13         8
        13         9
        13        10
        13        11
        13        12
        13        13
        13        14
        13        15
        14         7
        14         8
        14         9
        14        10
        14        11
        14        12
        14        13
        14        14
        15         8
        15         9
        15        10
        15        11
        15        12
        15        13
Virtual States: 353 x 2
         0         0
         0         1
         0         2
         0         3
         0         4
         0         5
         0         6
         0         7
         0         8
         0         9
         0        10
         0        11
         0        12
         0        13
         0        14
         0        15
         0        16
         0        17
         0        18
         0        19
         0        20
         1         0
         1         1
         1         2
         1         3
         1         4
         1         5
         1         6
         1         7
         1         8
         1         9
         1        10
         1        11
         1        12
         1        13
         1        14
         1        15
         1        16
         1        17
         1        18
         1        19
         1        20
         2         0
         2         1
         2         2
         2         3
         2         4
         2         5
         2         6
         2         7
         2         8
         2         9
         2        10
         2        11
         2        12
         2        13
         2        14
         2        15
         2        16
         2        17
         2        18
         2        19
         2        20
         3         0
         3         1
         3         2
         3         3
         3         4
         3         5
         3         6
         3         7
         3         8
         3         9
         3        10
         3        11
         3        12
         3        13
         3        14
         3        15
         3        16
         3        17
         3        18
         3        19
         3        20
         4         0
         4         1
         4         2
         4         3
         4         4
         4         5
         4         6
         4         7
         4         8
         4         9
         4        10
         4        11
         4        12
         4        13
         4        14
         4        15
         4        16
         4        17
         4        18
         4        19
         4        20
         5         0
         5         1
         5         2
         5         3
         5         4
         5         5
         5         6
         5         7
         5         8
         5         9
         5        10
         5        11
         5        12
         5        13
         5        14
         5        15
         5        16
         5        17
         5        18
         5        19
         5        20
         6         0
         6         1
         6         2
         6         3
         6         4
         6         5
         6         6
         6         7
         6        14
         6        15
         6        16
         6        17
         6        18
         6        19
         6        20
         7         0
         7         1
         7         2
         7         3
         7         4
         7         5
         7         6
         7        15
         7        16
         7        17
         7        18
         7        19
         7        20
         8         0
         8         1
         8         2
         8         3
         8         4
         8         5
         8        16
         8        17
         8        18
         8        19
         8        20
         9         0
         9         1
         9         2
         9         3
         9         4
         9         5
         9        16
         9        17
         9        18
         9        19
         9        20
        10         0
        10         1
        10         2
        10         3
        10         4
        10         5
        10        16
        10        17
        10        18
        10        19
        10        20
        11         0
        11         1
        11         2
        11         3
        11         4
        11         5
        11        16
        11        17
        11        18
        11        19
        11        20
        12         0
        12         1
        12         2
        12         3
        12         4
        12         5
        12        16
        12        17
        12        18
        12        19
        12        20
        13         0
        13         1
        13         2
        13         3
        13         4
        13         5
        13        16
        13        17
        13        18
        13        19
        13        20
        14         0
        14         1
        14         2
        14         3
        14         4
        14         5
        14         6
        14        15
        14        16
        14        17
        14        18
        14        19
        14        20
        15         0
        15         1
        15         2
        15         3
        15         4
        15         5
        15         6
        15         7
        15        14
        15        15
        15        16
        15        17
        15        18
        15        19
        15        20
        16         0
        16         1
        16         2
        16         3
        16         4
        16         5
        16         6
        16         7
        16         8
        16         9
        16        10
        16        11
        16        12
        16        13
        16        14
        16        15
        16        16
        16        17
        16        18
        16        19
        16        20
        17         0
        17         1
        17         2
        17         3
        17         4
        17         5
        17         6
        17         7
        17         8
        17         9
        17        10
        17        11
        17        12
        17        13
        17        14
        17        15
        17        16
        17        17
        17        18
        17        19
        17        20
        18         0
        18         1
        18         2
        18         3
        18         4
        18         5
        18         6
        18         7
        18         8
        18         9
        18        10
        18        11
        18        12
        18        13
        18        14
        18        15
        18        16
        18        17
        18        18
        18        19
        18        20
        19         0
        19         1
        19         2
        19         3
        19         4
        19         5
        19         6
        19         7
        19         8
        19         9
        19        10
        19        11
        19        12
        19        13
        19        14
        19        15
        19        16
        19        17
        19        18
        19        19
        19        20
        20         0
        20         1
        20         2
        20         3
        20         4
        20         5
        20         6
        20         7
        20         8
        20         9
        20        10
        20        11
        20        12
        20        13
        20        14
        20        15
        20        16
        20        17
        20        18
        20        19
        20        20
Excitations: 1048 x 2
            0          256
            0          277
            0          298
            0          319
            0          340
            0            8
            0           29
            0           50
            0           71
            0           92
            0          113
            1          257
            1          278
            1          299
            1          320
            1          341
            1            9
            1           30
            1           51
            1           72
            1           93
            1          114
            2          258
            2          279
            2          300
            2          321
            2          342
            2           10
            2           31
            2           52
            2           73
            2           94
            2          115
            3          259
            3          280
            3          301
            3          322
            3          343
            3           11
            3           32
            3           53
            3           74
            3           95
            3          116
            4          260
            4          281
            4          302
            4          323
            4          344
            4           12
            4           33
            4           54
            4           75
            4           96
            4          117
            5          261
            5          282
            5          303
            5          324
            5          345
            5           13
            5           34
            5           55
            5           76
            5           97
            5          118
            6          240
            6          255
            6          276
            6          297
            6          318
            6          339
            6            7
            6           28
            6           49
            6           70
            6           91
            6          112
            6          133
            7          256
            7          277
            7          298
            7          319
            7          340
            7            8
            7           29
            7           50
            7           71
            7           92
            7          113
            8          257
            8          278
            8          299
            8          320
            8          341
            8            9
            8           30
            8           51
            8           72
            8           93
            8          114
            9          258
            9          279
            9          300
            9          321
            9          342
            9           10
            9           31
            9           52
            9           73
            9           94
            9          115
           10          259
           10          280
           10          301
           10          322
           10          343
           10           11
           10           32
           10           53
           10           74
           10           95
           10          116
           11          260
           11          281
           11          302
           11          323
           11          344
           11           12
           11           33
           11           54
           11           75
           11           96
           11          117
           12          261
           12          282
           12          303
           12          324
           12          345
           12           13
           12           34
           12           55
           12           76
           12           97
           12          118
           13          241
           13          262
           13          283
           13          304
           13          325
           13          346
           13           14
           13           35
           13           56
           13           77
           13           98
           13          119
           13          134
           14          226
           14          239
           14          254
           14          275
           14          296
           14          317
           14          338
           14            6
           14           27
           14           48
           14           69
           14           90
           14          111
           14          132
           14          147
           15          240
           15          255
           15          276
           15          297
           15          318
           15          339
           15            7
           15           28
           15           49
           15           70
           15           91
           15          112
           15          133
           16          256
           16          277
           16          298
           16          319
           16          340
           16            8
           16           29
           16           50
           16           71
           16           92
           16          113
           17          257
           17          278
           17          299
           17          320
           17          341
           17            9
           17           30
           17           51
           17           72
           17           93
           17          114
           18          258
           18          279
           18          300
           18          321
           18          342
           18           10
           18           31
           18           52
           18           73
           18           94
           18          115
           19          259
           19          280
           19          301
           19          322
           19          343
           19           11
           19           32
           19           53
           19           74
           19           95
           19          116
           20          260
           20          281
           20          302
           20          323
           20          344
           20           12
           20           33
           20           54
           20           75
           20           96
           20          117
           21          261
           21          282
           21          303
           21          324
           21          345
           21           13
           21           34
           21           55
           21           76
           21           97
           21          118
           22          241
           22          262
           22          283
           22          304
           22          325
           22          346
           22           14
           22           35
           22           56
           22           77
           22           98
           22          119
           22          134
           23          227
           23          242
           23          263
           23          284
           23          305
           23          326
           23          347
           23           15
           23           36
           23           57
           23           78
           23           99
           23          120
           23          135
           23          148
           24          226
           24          239
           24          254
           24          275
           24          296
           24          317
           24          338
           24            6
           24           27
           24           48
           24           69
           24           90
           24          111
           24          132
           24          147
           25          240
           25          255
           25          276
           25          297
           25          318
           25          339
           25            7
           25           28
           25           49
           25           70
           25           91
           25          112
           25          133
           26          256
           26          277
           26          298
           26          319
           26          340
           26            8
           26           29
           26           50
           26           71
           26           92
           26          113
           27          257
           27          278
           27          299
           27          320
           27          341
           27            9
           27           30
           27           51
           27           72
           27           93
           27          114
           28          258
           28          279
           28          300
           28          321
           28          342
           28           10
           28           31
           28           52
           28           73
           28           94
           28          115
           29          259
           29          280
           29          301
           29          322
           29          343
           29           11
           29           32
           29           53
           29           74
           29           95
           29          116
           30          260
           30          281
           30          302
           30          323
           30          344
           30           12
           30           33
           30           54
           30           75
           30           96
           30          117
           31          261
           31          282
           31          303
           31          324
           31          345
           31           13
           31           34
           31           55
           31           76
           31           97
           31          118
           32          241
           32          262
           32          283
           32          304
           32          325
           32          346
           32           14
           32           35
           32           56
           32           77
           32           98
           32          119
           32          134
           33          227
           33          242
           33          263
           33          284
           33          305
           33          326
           33          347
           33           15
           33           36
           33           57
           33           78
           33           99
           33          120
           33          135
           33          148
           34          226
           34          239
           34          254
           34          275
           34          296
           34          317
           34          338
           34            6
           34           27
           34           48
           34           69
           34           90
           34          111
           34          132
           34          147
           35          240
           35          255
           35          276
           35          297
           35          318
           35          339
           35            7
           35           28
           35           49
           35           70
           35           91
           35          112
           35          133
           36          256
           36          277
           36          298
           36          319
           36          340
           36            8
           36           29
           36           50
           36           71
           36           92
           36          113
           37          257
           37          278
           37          299
           37          320
           37          341
           37            9
           37           30
           37           51
           37           72
           37           93
           37          114
           38          258
           38          279
           38          300
           38          321
           38          342
           38           10
           38           31
           38           52
           38           73
           38           94
           38          115
           39          259
           39          280
           39          301
           39          322
           39          343
           39           11
           39           32
           39           53
           39           74
           39           95
           39          116
           40          260
           40          281
           40          302
           40          323
           40          344
           40           12
           40           33
           40           54
           40           75
           40           96
           40          117
           41          261
           41          282
           41          303
           41          324
           41          345
           41           13
           41           34
           41           55
           41           76
           41           97
           41          118
           42          241
           42          262
           42          283
           42          304
           42          325
           42          346
           42           14
           42           35
           42           56
           42           77
           42           98
           42          119
           42          134
           43          227
           43          242
           43          263
           43          284
           43          305
           43          326
           43          347
           43           15
           43           36
           43           57
           43           78
           43           99
           43          120
           43          135
           43          148
           44          226
           44          239
           44          254
           44          275
           44          296
           44          317
           44          338
           44            6
           44           27
           44           48
           44           69
           44           90
           44          111
           44          132
           44          147
           45          240
           45          255
           45          276
           45          297
           45          318
           45          339
           45            7
           45           28
           45           49
           45           70
           45           91
           45          112
           45          133
           46          256
           46          277
           46          298
           46          319
           46          340
           46            8
           46           29
           46           50
           46           71
           46           92
           46          113
           47          257
           47          278
           47          299
           47          320
           47          341
           47            9
           47           30
           47           51
           47           72
           47           93
           47          114
           48          258
           48          279
           48          300
           48          321
           48          342
           48           10
           48           31
           48           52
           48           73
           48           94
           48          115
           49          259
           49          280
           49          301
           49          322
           49          343
           49           11
           49           32
           49           53
           49           74
           49           95
           49          116
           50          260
           50          281
           50          302
           50          323
           50          344
           50           12
           50           33
           50           54
           50           75
           50           96
           50          117
           51          261
           51          282
           51          303
           51          324
           51          345
           51           13
           51           34
           51           55
           51           76
           51           97
           51          118
           52          241
           52          262
           52          283
           52          304
           52          325
           52          346
           52           14
           52           35
           52           56
           52           77
           52           98
           52          119
           52          134
           53          227
           53          242
           53          263
           53          284
           53          305
           53          326
           53          347
           53           15
           53           36
           53           57
           53           78
           53           99
           53          120
           53          135
           53          148
           54          226
           54          239
           54          254
           54          275
           54          296
           54          317
           54          338
           54            6
           54           27
           54           48
           54           69
           54           90
           54          111
           54          132
           54          147
           55          240
           55          255
           55          276
           55          297
           55          318
           55          339
           55            7
           55           28
           55           49
           55           70
           55           91
           55          112
           55          133
           56          256
           56          277
           56          298
           56          319
           56          340
           56            8
           56           29
           56           50
           56           71
           56           92
           56          113
           57          257
           57          278
           57          299
           57          320
           57          341
           57            9
           57           30
           57           51
           57           72
           57           93
           57          114
           58          258
           58          279
           58          300
           58          321
           58          342
           58           10
           58           31
           58           52
           58           73
           58           94
           58          115
           59          259
           59          280
           59          301
           59          322
           59          343
           59           11
           59           32
           59           53
           59           74
           59           95
           59          116
           60          260
           60          281
           60          302
           60          323
           60          344
           60           12
           60           33
           60           54
           60           75
           60           96
           60          117
           61          261
           61          282
           61          303
           61          324
           61          345
           61           13
           61           34
           61           55
           61           76
           61           97
           61          118
           62          241
           62          262
           62          283
           62          304
           62          325
           62          346
           62           14
           62           35
           62           56
           62           77
           62           98
           62          119
           62          134
           63          227
           63          242
           63          263
           63          284
           63          305
           63          326
           63          347
           63           15
           63           36
           63           57
           63           78
           63           99
           63          120
           63          135
           63          148
           64          226
           64          239
           64          254
           64          275
           64          296
           64          317
           64          338
           64            6
           64           27
           64           48
           64           69
           64           90
           64          111
           64          132
           64          147
           65          240
           65          255
           65          276
           65          297
           65          318
           65          339
           65            7
           65           28
           65           49
           65           70
           65           91
           65          112
           65          133
           66          256
           66          277
           66          298
           66          319
           66          340
           66            8
           66           29
           66           50
           66           71
           66           92
           66          113
           67          257
           67          278
           67          299
           67          320
           67          341
           67            9
           67           30
           67           51
           67           72
           67           93
           67          114
           68          258
           68          279
           68          300
           68          321
           68          342
           68           10
           68           31
           68           52
           68           73
           68           94
           68          115
           69          259
           69          280
           69          301
           69          322
           69          343
           69           11
           69           32
           69           53
           69           74
           69           95
           69          116
           70          260
           70          281
           70          302
           70          323
           70          344
           70           12
           70           33
           70           54
           70           75
           70           96
           70          117
           71          261
           71          282
           71          303
           71          324
           71          345
           71           13
           71           34
           71           55
           71           76
           71           97
           71          118
           72          241
           72          262
           72          283
           72          304
           72          325
           72          346
           72           14
           72           35
           72           56
           72           77
           72           98
           72          119
           72          134
           73          227
           73          242
           73          263
           73          284
           73          305
           73          326
           73          347
           73           15
           73           36
           73           57
           73           78
           73           99
           73          120
           73          135
           73          148
           74          240
           74          255
           74          276
           74          297
           74          318
           74          339
           74            7
           74           28
           74           49
           74           70
           74           91
           74          112
           74          133
           75          256
           75          277
           75          298
           75          319
           75          340
           75            8
           75           29
           75           50
           75           71
           75           92
           75          113
           76          257
           76          278
           76          299
           76          320
           76          341
           76            9
           76           30
           76           51
           76           72
           76           93
           76          114
           77          258
           77          279
           77          300
           77          321
           77          342
           77           10
           77           31
           77           52
           77           73
           77           94
           77          115
           78          259
           78          280
           78          301
           78          322
           78          343
           78           11
           78           32
           78           53
           78           74
           78           95
           78          116
           79          260
           79          281
           79          302
           79          323
           79          344
           79           12
           79           33
           79           54
           79           75
           79           96
           79          117
           80          261
           80          282
           80          303
           80          324
           80          345
           80           13
           80           34
           80           55
           80           76
           80           97
           80          118
           81          241
           81          262
           81          283
           81          304
           81          325
           81          346
           81           14
           81           35
           81           56
           81           77
           81           98
           81          119
           81          134
           82          256
           82          277
           82          298
           82          319
           82          340
           82            8
           82           29
           82           50
           82           71
           82           92
           82          113
           83          257
           83          278
           83          299
           83          320
           83          341
           83            9
           83           30
           83           51
           83           72
           83           93
           83          114
           84          258
           84          279
           84          300
           84          321
           84          342
           84           10
           84           31
           84           52
           84           73
           84           94
           84          115
           85          259
           85          280
           85          301
           85          322
           85          343
           85           11
           85           32
           85           53
           85           74
           85           95
           85          116
           86          260
           86          281
           86          302
           86          323
           86          344
           86           12
           86           33
           86           54
           86           75
           86           96
           86          117
           87          261
           87          282
           87          303
           87          324
           87          345
           87           13
           87           34
           87           55
           87           76
           87           97
           87          118

                            End of Section: Matrices                            

--------------------------------------------------------------------------------

                              Calculation Details                              

--------------------------------------------------------------------------------

Davidson_Stopping_Criteria = All requested norms below tolerance

                      End of Section: Calculation Details                      

################################################################################

                              End of Output File.                              

################################################################################
