################################################################################

            Output File for HFS, the Hartree-Fock Stability Program            
                              Author: Evan Curtin                              
             Institution: University of Illinois @ Urbana-Champaign             
                          email: ecurtin2@illinois.edu                          
                       Built on Oct 18 2016, at 18:15:44                       

################################################################################

                Computation Started : Tue Oct 18 19:07:32 2016
                
                Computation Finished: Tue Oct 18 19:10:11 2016
                
                     Total Elapsed Time = 158.165 seconds.                     

--------------------------------------------------------------------------------

                                     Input                                     

--------------------------------------------------------------------------------

Nk = 23
ndim = 2
rs = 1.200000000000000

                             End of Section: Input                             

--------------------------------------------------------------------------------

                                     Output                                     

--------------------------------------------------------------------------------

deltaK = 0.214274782177742
kf = 1.178511301977579
kmax = 2.357022603955159
Nocc = 97
Nvir = 387
Nexc = 1219
dav_its = 16
Dav_Final_Val = -0.060295343879818
full_diag_min = -0.060295343879818

                             End of Section: Output                             

--------------------------------------------------------------------------------

                                    Vectors                                    

--------------------------------------------------------------------------------

Occ Energies: 97
-0.022959782481985
-0.137602540167682
-0.172637693372120
-0.137602540167682
-0.022959782481985
-0.158127861373843
-0.356269574800975
-0.466611125936128
-0.501859930354977
-0.466611125936128
-0.356269574800975
-0.158127861373843
-0.158127861373843
-0.422982589481157
-0.602464372944169
-0.706572479917323
-0.740710151174113
-0.706572479917323
-0.602464372944169
-0.422982589481158
-0.158127861373843
-0.022959782481985
-0.356269574800975
-0.602464372944170
-0.772804996727756
-0.873175082957838
-0.906341491582376
-0.873175082957838
-0.772804996727756
-0.602464372944170
-0.356269574800976
-0.022959782481985
-0.137602540167682
-0.466611125936128
-0.706572479917323
-0.873175082957838
-0.971664171019603
-1.004275819374344
-0.971664171019604
-0.873175082957838
-0.706572479917324
-0.466611125936128
-0.137602540167682
-0.172637693372120
-0.501859930354977
-0.740710151174113
-0.906341491582376
-1.004275819374344
-1.036713930734353
-1.004275819374344
-0.906341491582376
-0.740710151174114
-0.501859930354978
-0.172637693372120
-0.137602540167682
-0.466611125936128
-0.706572479917323
-0.873175082957838
-0.971664171019603
-1.004275819374344
-0.971664171019603
-0.873175082957838
-0.706572479917324
-0.466611125936128
-0.137602540167682
-0.022959782481985
-0.356269574800975
-0.602464372944170
-0.772804996727756
-0.873175082957838
-0.906341491582376
-0.873175082957838
-0.772804996727756
-0.602464372944170
-0.356269574800975
-0.022959782481985
-0.158127861373843
-0.422982589481158
-0.602464372944170
-0.706572479917324
-0.740710151174114
-0.706572479917324
-0.602464372944170
-0.422982589481158
-0.158127861373844
-0.158127861373844
-0.356269574800976
-0.466611125936129
-0.501859930354978
-0.466611125936129
-0.356269574800976
-0.158127861373844
-0.022959782481985
-0.137602540167682
-0.172637693372120
-0.137602540167682
-0.022959782481985
Vir Energies: 387
5.291456444358753
4.807340122385980
4.365132073568742
3.964957522424048
3.607791763752267
3.294659563581304
3.026666754709273
2.805656084031208
2.632448694415942
2.507912813976803
2.432827707096122
2.407734813231687
2.432827707096122
2.507912813976803
2.632448694415942
2.805656084031208
3.026666754709273
3.294659563581304
3.607791763752267
3.964957522424048
4.365132073568741
4.807340122385980
4.807340122385980
4.323154979661661
3.880738438742477
3.480210359749948
3.122540796953055
2.808755191785058
2.539973902050991
2.318112100275106
2.144064336761658
2.018806729237297
1.943233116733125
1.917967714610986
1.943233116733125
2.018806729237297
2.144064336761658
2.318112100275105
2.539973902050991
2.808755191785058
3.122540796953055
3.480210359749948
3.880738438742477
4.323154979661661
4.365132073568742
3.880738438742477
3.437689097851377
3.036083973735682
2.676869716994865
2.361062154272733
2.089809589501280
1.865230468073049
1.688446482183959
1.560805510634031
1.483612285441824
1.457775978683890
1.483612285441824
1.560805510634031
1.688446482183959
1.865230468073049
2.089809589501280
2.361062154272733
2.676869716994865
3.036083973735682
3.437689097851377
3.880738438742477
3.964957522424048
3.480210359749948
3.036083973735682
2.632631768581821
2.270734882556751
1.951351404402585
1.675613618383472
1.445902614618730
1.263705218194271
1.131191449944470
1.050685546382942
1.023698301558621
1.050685546382942
1.131191449944470
1.263705218194271
1.445902614618730
1.675613618383472
1.951351404402585
2.270734882556750
2.632631768581820
3.036083973735682
3.480210359749948
3.607791763752267
3.122540796953055
2.676869716994865
2.270734882556751
1.904863764114860
1.580034798060729
1.297246473572925
1.058909579692904
0.866696446039569
0.724472343119644
0.637597406074406
0.608543321734657
0.637597406074406
0.724472343119644
0.866696446039569
1.058909579692904
1.297246473572925
1.580034798060729
1.904863764114860
2.270734882556750
2.676869716994863
3.122540796953055
3.294659563581304
2.808755191785058
2.361062154272733
1.951351404402585
1.580034798060729
1.247524553540200
0.954302800993465
0.702023658780610
0.490376600967836
0.323793249308222
0.224539615017647
0.192322483209470
0.224539615017647
0.323793249308222
0.490376600967835
0.702023658780610
0.954302800993465
1.247524553540200
1.580034798060729
1.951351404402585
2.361062154272732
2.808755191785058
3.026666754709273
2.539973902050991
2.089809589501280
1.675613618383472
1.297246473572925
0.954302800993465
0.646038569992284
0.371529032220089
0.124343647306932
0.124343647306931
0.371529032220089
0.646038569992284
0.954302800993465
1.297246473572925
1.675613618383472
2.089809589501279
2.539973902050991
2.805656084031208
2.318112100275106
1.865230468073049
1.445902614618730
1.058909579692904
0.702023658780610
0.371529032220089
0.061792177965202
0.061792177965202
0.371529032220089
0.702023658780610
1.058909579692904
1.445902614618730
1.865230468073049
2.318112100275106
2.632448694415942
2.144064336761658
1.688446482183959
1.263705218194271
0.866696446039569
0.490376600967836
0.124343647306932
0.124343647306932
0.490376600967836
0.866696446039569
1.263705218194270
1.688446482183958
2.144064336761658
2.507912813976803
2.018806729237297
1.560805510634031
1.131191449944470
0.724472343119644
0.323793249308222
0.323793249308222
0.724472343119644
1.131191449944470
1.560805510634031
2.018806729237297
2.432827707096122
1.943233116733124
1.483612285441824
1.050685546382942
0.637597406074406
0.224539615017647
0.224539615017647
0.637597406074406
1.050685546382941
1.483612285441823
1.943233116733124
2.407734813231687
1.917967714610986
1.457775978683889
1.023698301558621
0.608543321734657
0.192322483209470
0.192322483209470
0.608543321734657
1.023698301558621
1.457775978683889
1.917967714610986
2.432827707096122
1.943233116733124
1.483612285441824
1.050685546382942
0.637597406074406
0.224539615017647
0.224539615017647
0.637597406074406
1.050685546382941
1.483612285441823
1.943233116733125
2.507912813976803
2.018806729237297
1.560805510634031
1.131191449944470
0.724472343119644
0.323793249308223
0.323793249308223
0.724472343119644
1.131191449944469
1.560805510634031
2.018806729237297
2.632448694415942
2.144064336761658
1.688446482183959
1.263705218194271
0.866696446039569
0.490376600967835
0.124343647306931
0.124343647306931
0.490376600967836
0.866696446039569
1.263705218194270
1.688446482183958
2.144064336761658
2.805656084031208
2.318112100275105
1.865230468073049
1.445902614618730
1.058909579692904
0.702023658780610
0.371529032220089
0.061792177965201
0.061792177965201
0.371529032220089
0.702023658780610
1.058909579692904
1.445902614618729
1.865230468073048
2.318112100275105
3.026666754709273
2.539973902050991
2.089809589501280
1.675613618383472
1.297246473572925
0.954302800993465
0.646038569992284
0.371529032220089
0.124343647306932
0.124343647306931
0.371529032220089
0.646038569992284
0.954302800993465
1.297246473572925
1.675613618383471
2.089809589501279
2.539973902050991
3.294659563581304
2.808755191785058
2.361062154272733
1.951351404402585
1.580034798060729
1.247524553540200
0.954302800993465
0.702023658780610
0.490376600967835
0.323793249308222
0.224539615017647
0.192322483209470
0.224539615017647
0.323793249308222
0.490376600967835
0.702023658780610
0.954302800993465
1.247524553540200
1.580034798060729
1.951351404402585
2.361062154272732
2.808755191785058
3.607791763752267
3.122540796953055
2.676869716994864
2.270734882556750
1.904863764114859
1.580034798060729
1.297246473572925
1.058909579692904
0.866696446039569
0.724472343119644
0.637597406074406
0.608543321734657
0.637597406074406
0.724472343119644
0.866696446039569
1.058909579692904
1.297246473572925
1.580034798060729
1.904863764114859
2.270734882556750
2.676869716994863
3.122540796953055
3.964957522424048
3.480210359749948
3.036083973735682
2.632631768581820
2.270734882556750
1.951351404402584
1.675613618383471
1.445902614618729
1.263705218194270
1.131191449944470
1.050685546382941
1.023698301558620
1.050685546382941
1.131191449944469
1.263705218194270
1.445902614618729
1.675613618383471
1.951351404402584
2.270734882556750
2.632631768581820
3.036083973735680
3.480210359749948
4.365132073568741
3.880738438742477
3.437689097851377
3.036083973735682
2.676869716994863
2.361062154272732
2.089809589501279
1.865230468073049
1.688446482183958
1.560805510634030
1.483612285441823
1.457775978683889
1.483612285441823
1.560805510634031
1.688446482183958
1.865230468073048
2.089809589501279
2.361062154272732
2.676869716994863
3.036083973735681
3.437689097851377
3.880738438742477
4.807340122385980
4.323154979661661
3.880738438742477
3.480210359749948
3.122540796953055
2.808755191785058
2.539973902050991
2.318112100275106
2.144064336761658
2.018806729237297
1.943233116733124
1.917967714610986
1.943233116733124
2.018806729237297
2.144064336761658
2.318112100275105
2.539973902050991
2.808755191785058
3.122540796953055
3.480210359749948
3.880738438742477
4.323154979661661
Excitation Energies: 1219
0.346753031790208
0.747432125601630
1.154151232426455
1.583765293116016
2.041766511719282
2.530872596458788
2.041766511719282
1.583765293116016
1.154151232426455
0.747432125601630
0.346753031790207
0.362142155185330
0.775199946242089
1.188288086550624
1.621214825609506
2.080835656900807
2.570430247263804
2.080835656900807
1.621214825609506
1.188288086550624
0.775199946242089
0.362142155185329
0.364960176581590
0.781181015106777
1.196335994930740
1.630413672056009
2.090605407983106
2.580372506603807
2.090605407983106
1.630413672056009
1.196335994930741
0.781181015106776
0.364960176581589
0.362142155185329
0.775199946242088
1.188288086550623
1.621214825609505
2.080835656900807
2.570430247263804
2.080835656900807
1.621214825609506
1.188288086550624
0.775199946242088
0.362142155185329
0.346753031790208
0.747432125601629
1.154151232426454
1.583765293116016
2.041766511719282
2.530872596458788
2.041766511719282
1.583765293116016
1.154151232426455
0.747432125601629
0.346753031790207
0.282471508680775
0.648504462341679
1.024824307413412
1.421833079568113
1.846574343557802
2.302192198135502
2.790576555789785
2.302192198135502
1.846574343557802
1.421833079568114
1.024824307413412
0.648504462341679
0.282471508680775
0.680062824109197
1.080741917920619
1.487461024745445
1.917075085435006
2.375076304038272
2.864182388777778
2.375076304038272
1.917075085435006
1.487461024745445
1.080741917920619
0.680062824109197
0.691150740953775
1.104208532010534
1.517296672319069
1.950223411377951
2.409844242669252
2.899438833032249
2.409844242669252
1.950223411377952
1.517296672319070
1.104208532010534
0.691150740953775
0.694182413564447
1.110403252089634
1.525558231913597
1.959635909038866
2.419827644965963
2.909594743586664
2.419827644965963
1.959635909038866
1.525558231913598
1.110403252089633
0.694182413564447
0.691150740953775
1.104208532010534
1.517296672319069
1.950223411377951
2.409844242669252
2.899438833032249
2.409844242669252
1.950223411377952
1.517296672319070
1.104208532010534
0.691150740953775
0.680062824109197
1.080741917920619
1.487461024745444
1.917075085435006
2.375076304038272
2.864182388777778
2.375076304038272
1.917075085435006
1.487461024745445
1.080741917920619
0.680062824109197
0.282471508680775
0.648504462341679
1.024824307413412
1.421833079568113
1.846574343557802
2.302192198135502
2.790576555789785
2.302192198135502
1.846574343557802
1.421833079568114
1.024824307413412
0.648504462341679
0.282471508680775
0.219920039339044
0.529656893593932
0.860151520154453
1.217037441066747
1.604030475992572
2.023358329446892
2.476239961648949
2.963783945405051
2.476239961648949
2.023358329446892
1.604030475992573
1.217037441066747
0.860151520154453
0.529656893593932
0.219920039339045
0.547326236788089
0.913359190448992
1.289679035520726
1.686687807675427
2.111429071665115
2.567046926242815
3.055431283897099
2.567046926242815
2.111429071665116
1.686687807675427
1.289679035520726
0.913359190448992
0.547326236788089
0.926257622252392
1.326936716063813
1.733655822888639
2.163269883578200
2.621271102181466
3.110377186920972
2.621271102181466
2.163269883578200
1.733655822888639
1.326936716063813
0.926257622252391
0.931112094934970
1.344169885991729
1.757258026300264
2.190184765359146
2.649805596650447
3.139400187013444
2.649805596650447
2.190184765359147
1.757258026300264
1.344169885991729
0.931112094934970
0.933032634383582
1.349253472908770
1.764408452732733
2.198486129858002
2.658677865785099
3.148444964405799
2.658677865785099
2.198486129858002
1.764408452732734
1.349253472908769
0.933032634383582
0.931112094934970
1.344169885991729
1.757258026300264
2.190184765359146
2.649805596650447
3.139400187013445
2.649805596650448
2.190184765359147
1.757258026300265
1.344169885991729
0.931112094934970
0.926257622252392
1.326936716063814
1.733655822888639
2.163269883578200
2.621271102181466
3.110377186920972
2.621271102181466
2.163269883578200
1.733655822888639
1.326936716063813
0.926257622252392
0.547326236788089
0.913359190448993
1.289679035520726
1.686687807675427
2.111429071665116
2.567046926242816
3.055431283897100
2.567046926242816
2.111429071665117
1.686687807675428
1.289679035520727
0.913359190448993
0.547326236788089
0.219920039339044
0.529656893593932
0.860151520154453
1.217037441066747
1.604030475992573
2.023358329446892
2.476239961648948
2.963783945405051
2.476239961648948
2.023358329446892
1.604030475992573
1.217037441066747
0.860151520154453
0.529656893593932
0.219920039339045
0.147303429788917
0.394488814702074
0.668998352474269
0.977262583475450
1.320206256054910
1.698573400865456
2.112769371983264
2.562933684532976
3.049626537191259
2.562933684532976
2.112769371983265
1.698573400865457
1.320206256054910
0.977262583475450
0.668998352474270
0.394488814702074
0.147303429788917
0.418061752766176
0.727798607021064
1.058293233581585
1.415179154493879
1.802172189419705
2.221500042874024
2.674381675076081
3.161925658832183
2.674381675076081
2.221500042874024
1.802172189419706
1.415179154493879
1.058293233581585
0.727798607021064
0.418061752766177
0.726808020251101
1.092840973912005
1.469160818983739
1.866169591138440
2.290910855128128
2.746528709705828
3.234913067360112
2.746528709705828
2.290910855128129
1.866169591138440
1.469160818983739
1.092840973912005
0.726808020251101
1.096598246035978
1.497277339847400
1.903996446672226
2.333610507361787
2.791611725965053
3.280717810704559
2.791611725965053
2.333610507361787
1.903996446672226
1.497277339847400
1.096598246035978
1.097714697975485
1.510772489032244
1.923860629340779
2.356787368399662
2.816408199690962
3.306002790053960
2.816408199690963
2.356787368399662
1.923860629340780
1.510772489032244
1.097714697975485
1.098663974791846
1.514884813317033
1.930039793140996
2.364117470266265
2.824309206193362
3.314076304814063
2.824309206193362
2.364117470266265
1.930039793140997
1.514884813317033
1.098663974791846
1.097714697975485
1.510772489032244
1.923860629340779
2.356787368399661
2.816408199690962
3.306002790053960
2.816408199690963
2.356787368399662
1.923860629340780
1.510772489032244
1.097714697975485
1.096598246035978
1.497277339847400
1.903996446672225
2.333610507361787
2.791611725965053
3.280717810704559
2.791611725965053
2.333610507361787
1.903996446672226
1.497277339847400
1.096598246035978
0.726808020251101
1.092840973912006
1.469160818983739
1.866169591138440
2.290910855128129
2.746528709705828
3.234913067360112
2.746528709705828
2.290910855128129
1.866169591138441
1.469160818983739
1.092840973912006
0.726808020251102
0.418061752766177
0.727798607021064
1.058293233581585
1.415179154493879
1.802172189419705
2.221500042874024
2.674381675076081
3.161925658832184
2.674381675076081
2.221500042874025
1.802172189419706
1.415179154493879
1.058293233581586
0.727798607021064
0.418061752766177
0.147303429788917
0.394488814702074
0.668998352474270
0.977262583475450
1.320206256054910
1.698573400865457
2.112769371983265
2.562933684532976
3.049626537191259
2.562933684532976
2.112769371983265
1.698573400865458
1.320206256054910
0.977262583475451
0.668998352474270
0.394488814702075
0.147303429788917
0.261946187474614
0.509131572387771
0.783641110159966
1.091905341161147
1.434849013740607
1.813216158551154
2.227412129668962
2.677576442218673
3.164269294876956
2.677576442218673
2.227412129668962
1.813216158551154
1.434849013740607
1.091905341161147
0.783641110159967
0.509131572387771
0.261946187474614
0.528403303901329
0.838140158156217
1.168634784716738
1.525520705629032
1.912513740554858
2.331841594009177
2.784723226211234
3.272267209967336
2.784723226211234
2.331841594009177
1.912513740554858
1.525520705629032
1.168634784716738
0.838140158156217
0.528403303901330
0.830916127224255
1.196949080885159
1.573268925956892
1.970277698111593
2.395018962101282
2.850636816678981
3.339021174333265
2.850636816678981
2.395018962101282
1.970277698111594
1.573268925956892
1.196949080885159
0.830916127224255
1.196968332266060
1.597647426077482
2.004366532902308
2.433980593591869
2.891981812195135
3.381087896934641
2.891981812195135
2.433980593591869
2.004366532902308
1.597647426077482
1.196968332266060
1.196203786037251
1.609261577094010
2.022349717402545
2.455276456461426
2.914897287752728
3.404491878115725
2.914897287752728
2.455276456461427
2.022349717402545
1.609261577094009
1.196203786037250
1.196598302583814
1.612819141109001
2.027974120932964
2.462051798058233
2.922243533985330
3.412010632606031
2.922243533985331
2.462051798058233
2.027974120932965
1.612819141109001
1.196598302583814
1.196203786037251
1.609261577094010
2.022349717402545
2.455276456461426
2.914897287752728
3.404491878115725
2.914897287752728
2.455276456461427
2.022349717402546
1.609261577094010
1.196203786037251
1.196968332266061
1.597647426077482
2.004366532902308
2.433980593591869
2.891981812195135
3.381087896934641
2.891981812195135
2.433980593591869
2.004366532902308
1.597647426077482
1.196968332266060
0.830916127224255
1.196949080885159
1.573268925956893
1.970277698111594
2.395018962101282
2.850636816678982
3.339021174333266
2.850636816678982
2.395018962101283
1.970277698111594
1.573268925956893
1.196949080885159
0.830916127224255
0.528403303901329
0.838140158156217
1.168634784716738
1.525520705629032
1.912513740554858
2.331841594009177
2.784723226211233
3.272267209967336
2.784723226211233
2.331841594009177
1.912513740554858
1.525520705629032
1.168634784716738
0.838140158156217
0.528403303901330
0.261946187474614
0.509131572387771
0.783641110159967
1.091905341161147
1.434849013740607
1.813216158551154
2.227412129668962
2.677576442218673
3.164269294876956
2.677576442218673
2.227412129668962
1.813216158551155
1.434849013740607
1.091905341161148
0.783641110159967
0.509131572387772
0.261946187474614
0.296981340679051
0.544166725592208
0.818676263364404
1.126940494365585
1.469884166945044
1.848251311755591
2.262447282873399
2.712611595423111
3.199304448081393
2.712611595423111
2.262447282873400
1.848251311755591
1.469884166945044
1.126940494365585
0.818676263364404
0.544166725592209
0.296981340679051
0.563652108320178
0.873388962575066
1.203883589135587
1.560769510047881
1.947762544973707
2.367090398428026
2.819972030630083
3.307516014386185
2.819972030630083
2.367090398428026
1.947762544973707
1.560769510047881
1.203883589135587
0.873388962575066
0.563652108320179
0.865053798481045
1.231086752141948
1.607406597213682
2.004415369368383
2.429156633358072
2.884774487935771
3.373158845590055
2.884774487935771
2.429156633358072
2.004415369368384
1.607406597213682
1.231086752141949
0.865053798481045
1.230134740890598
1.630813834702020
2.037532941526845
2.467147002216406
2.925148220819673
3.414254305559179
2.925148220819673
2.467147002216407
2.037532941526846
1.630813834702020
1.230134740890598
1.228815434391991
1.641873225448750
2.054961365757285
2.487888104816167
2.947508936107469
3.437103526470466
2.947508936107469
2.487888104816168
2.054961365757286
1.641873225448750
1.228815434391991
1.229036413943823
1.645257252469010
2.060412232292973
2.494489909418242
2.954681645345339
3.444448743966040
2.954681645345339
2.494489909418243
2.060412232292974
1.645257252469010
1.229036413943823
1.228815434391991
1.641873225448750
2.054961365757285
2.487888104816167
2.947508936107469
3.437103526470466
2.947508936107469
2.487888104816168
2.054961365757286
1.641873225448750
1.228815434391991
1.230134740890598
1.630813834702020
2.037532941526845
2.467147002216406
2.925148220819672
3.414254305559178
2.925148220819672
2.467147002216407
2.037532941526845
1.630813834702020
1.230134740890598
0.865053798481045
1.231086752141949
1.607406597213682
2.004415369368383
2.429156633358072
2.884774487935772
3.373158845590056
2.884774487935772
2.429156633358073
2.004415369368384
1.607406597213683
1.231086752141949
0.865053798481045
0.563652108320179
0.873388962575066
1.203883589135587
1.560769510047881
1.947762544973707
2.367090398428026
2.819972030630082
3.307516014386185
2.819972030630082
2.367090398428026
1.947762544973707
1.560769510047881
1.203883589135587
0.873388962575066
0.563652108320179
0.296981340679051
0.544166725592208
0.818676263364404
1.126940494365585
1.469884166945044
1.848251311755591
2.262447282873399
2.712611595423111
3.199304448081393
2.712611595423111
2.262447282873399
1.848251311755592
1.469884166945044
1.126940494365585
0.818676263364404
0.544166725592209
0.296981340679052
0.261946187474614
0.509131572387771
0.783641110159966
1.091905341161147
1.434849013740607
1.813216158551154
2.227412129668962
2.677576442218673
3.164269294876956
2.677576442218673
2.227412129668962
1.813216158551154
1.434849013740607
1.091905341161147
0.783641110159967
0.509131572387771
0.261946187474614
0.528403303901329
0.838140158156217
1.168634784716738
1.525520705629032
1.912513740554858
2.331841594009177
2.784723226211234
3.272267209967336
2.784723226211234
2.331841594009177
1.912513740554858
1.525520705629032
1.168634784716738
0.838140158156217
0.528403303901330
0.830916127224255
1.196949080885159
1.573268925956892
1.970277698111593
2.395018962101282
2.850636816678981
3.339021174333265
2.850636816678981
2.395018962101282
1.970277698111594
1.573268925956892
1.196949080885159
0.830916127224255
1.196968332266060
1.597647426077482
2.004366532902308
2.433980593591869
2.891981812195135
3.381087896934641
2.891981812195135
2.433980593591869
2.004366532902308
1.597647426077482
1.196968332266060
1.196203786037251
1.609261577094010
2.022349717402545
2.455276456461426
2.914897287752728
3.404491878115725
2.914897287752728
2.455276456461427
2.022349717402545
1.609261577094010
1.196203786037251
1.196598302583814
1.612819141109001
2.027974120932964
2.462051798058233
2.922243533985330
3.412010632606031
2.922243533985331
2.462051798058233
2.027974120932965
1.612819141109001
1.196598302583814
1.196203786037250
1.609261577094010
2.022349717402544
2.455276456461426
2.914897287752728
3.404491878115725
2.914897287752728
2.455276456461427
2.022349717402545
1.609261577094009
1.196203786037250
1.196968332266060
1.597647426077482
2.004366532902307
2.433980593591869
2.891981812195135
3.381087896934641
2.891981812195135
2.433980593591869
2.004366532902308
1.597647426077482
1.196968332266060
0.830916127224255
1.196949080885159
1.573268925956892
1.970277698111593
2.395018962101282
2.850636816678982
3.339021174333266
2.850636816678982
2.395018962101283
1.970277698111594
1.573268925956893
1.196949080885159
0.830916127224255
0.528403303901329
0.838140158156217
1.168634784716738
1.525520705629032
1.912513740554857
2.331841594009176
2.784723226211233
3.272267209967336
2.784723226211233
2.331841594009177
1.912513740554858
1.525520705629032
1.168634784716738
0.838140158156217
0.528403303901330
0.261946187474614
0.509131572387771
0.783641110159966
1.091905341161147
1.434849013740607
1.813216158551154
2.227412129668962
2.677576442218673
3.164269294876956
2.677576442218673
2.227412129668962
1.813216158551155
1.434849013740607
1.091905341161147
0.783641110159967
0.509131572387772
0.261946187474614
0.147303429788916
0.394488814702074
0.668998352474269
0.977262583475450
1.320206256054909
1.698573400865456
2.112769371983264
2.562933684532976
3.049626537191259
2.562933684532976
2.112769371983265
1.698573400865457
1.320206256054910
0.977262583475450
0.668998352474269
0.394488814702074
0.147303429788917
0.418061752766176
0.727798607021064
1.058293233581585
1.415179154493879
1.802172189419704
2.221500042874024
2.674381675076081
3.161925658832183
2.674381675076081
2.221500042874024
1.802172189419705
1.415179154493879
1.058293233581585
0.727798607021064
0.418061752766177
0.726808020251101
1.092840973912005
1.469160818983739
1.866169591138440
2.290910855128128
2.746528709705828
3.234913067360112
2.746528709705828
2.290910855128129
1.866169591138440
1.469160818983739
1.092840973912005
0.726808020251101
1.096598246035979
1.497277339847400
1.903996446672226
2.333610507361787
2.791611725965053
3.280717810704559
2.791611725965053
2.333610507361787
1.903996446672226
1.497277339847400
1.096598246035978
1.097714697975486
1.510772489032245
1.923860629340780
2.356787368399662
2.816408199690963
3.306002790053960
2.816408199690963
2.356787368399663
1.923860629340780
1.510772489032244
1.097714697975485
1.098663974791846
1.514884813317033
1.930039793140996
2.364117470266265
2.824309206193362
3.314076304814063
2.824309206193362
2.364117470266265
1.930039793140997
1.514884813317033
1.098663974791846
1.097714697975485
1.510772489032244
1.923860629340779
2.356787368399661
2.816408199690963
3.306002790053960
2.816408199690963
2.356787368399662
1.923860629340780
1.510772489032244
1.097714697975485
1.096598246035979
1.497277339847400
1.903996446672226
2.333610507361787
2.791611725965053
3.280717810704559
2.791611725965053
2.333610507361787
1.903996446672226
1.497277339847400
1.096598246035978
0.726808020251101
1.092840973912006
1.469160818983739
1.866169591138440
2.290910855128129
2.746528709705828
3.234913067360112
2.746528709705828
2.290910855128129
1.866169591138441
1.469160818983739
1.092840973912006
0.726808020251102
0.418061752766176
0.727798607021064
1.058293233581585
1.415179154493879
1.802172189419704
2.221500042874023
2.674381675076080
3.161925658832183
2.674381675076080
2.221500042874024
1.802172189419705
1.415179154493879
1.058293233581585
0.727798607021064
0.418061752766177
0.147303429788916
0.394488814702074
0.668998352474269
0.977262583475450
1.320206256054909
1.698573400865456
2.112769371983264
2.562933684532976
3.049626537191259
2.562933684532976
2.112769371983265
1.698573400865457
1.320206256054910
0.977262583475450
0.668998352474269
0.394488814702074
0.147303429788917
0.219920039339045
0.529656893593932
0.860151520154453
1.217037441066747
1.604030475992573
2.023358329446892
2.476239961648949
2.963783945405051
2.476239961648949
2.023358329446893
1.604030475992574
1.217037441066748
0.860151520154454
0.529656893593932
0.219920039339045
0.547326236788089
0.913359190448993
1.289679035520727
1.686687807675428
2.111429071665116
2.567046926242816
3.055431283897100
2.567046926242816
2.111429071665117
1.686687807675428
1.289679035520727
0.913359190448993
0.547326236788089
0.926257622252393
1.326936716063814
1.733655822888640
2.163269883578200
2.621271102181467
3.110377186920973
2.621271102181467
2.163269883578201
1.733655822888640
1.326936716063814
0.926257622252392
0.931112094934971
1.344169885991730
1.757258026300265
2.190184765359147
2.649805596650448
3.139400187013446
2.649805596650449
2.190184765359148
1.757258026300266
1.344169885991730
0.931112094934971
0.933032634383583
1.349253472908770
1.764408452732734
2.198486129858003
2.658677865785100
3.148444964405801
2.658677865785100
2.198486129858003
1.764408452732735
1.349253472908770
0.933032634383583
0.931112094934971
1.344169885991730
1.757258026300265
2.190184765359147
2.649805596650448
3.139400187013445
2.649805596650448
2.190184765359148
1.757258026300266
1.344169885991730
0.931112094934971
0.926257622252393
1.326936716063815
1.733655822888640
2.163269883578201
2.621271102181467
3.110377186920973
2.621271102181467
2.163269883578202
1.733655822888641
1.326936716063815
0.926257622252393
0.547326236788089
0.913359190448993
1.289679035520727
1.686687807675428
2.111429071665117
2.567046926242817
3.055431283897101
2.567046926242817
2.111429071665117
1.686687807675429
1.289679035520727
0.913359190448993
0.547326236788090
0.219920039339045
0.529656893593933
0.860151520154454
1.217037441066748
1.604030475992573
2.023358329446892
2.476239961648949
2.963783945405051
2.476239961648949
2.023358329446893
1.604030475992574
1.217037441066748
0.860151520154454
0.529656893593933
0.219920039339045
0.282471508680775
0.648504462341679
1.024824307413413
1.421833079568114
1.846574343557802
2.302192198135502
2.790576555789786
2.302192198135502
1.846574343557803
1.421833079568114
1.024824307413413
0.648504462341679
0.282471508680775
0.680062824109198
1.080741917920620
1.487461024745445
1.917075085435006
2.375076304038273
2.864182388777778
2.375076304038273
1.917075085435007
1.487461024745446
1.080741917920620
0.680062824109198
0.691150740953776
1.104208532010535
1.517296672319070
1.950223411377952
2.409844242669253
2.899438833032250
2.409844242669253
1.950223411377952
1.517296672319070
1.104208532010535
0.691150740953775
0.694182413564447
1.110403252089634
1.525558231913598
1.959635909038866
2.419827644965963
2.909594743586664
2.419827644965964
1.959635909038867
1.525558231913599
1.110403252089634
0.694182413564447
0.691150740953776
1.104208532010535
1.517296672319070
1.950223411377952
2.409844242669253
2.899438833032250
2.409844242669253
1.950223411377952
1.517296672319070
1.104208532010535
0.691150740953775
0.680062824109198
1.080741917920620
1.487461024745445
1.917075085435006
2.375076304038273
2.864182388777778
2.375076304038273
1.917075085435007
1.487461024745446
1.080741917920620
0.680062824109198
0.282471508680775
0.648504462341679
1.024824307413413
1.421833079568114
1.846574343557803
2.302192198135502
2.790576555789786
2.302192198135502
1.846574343557803
1.421833079568115
1.024824307413413
0.648504462341679
0.282471508680776
0.346753031790208
0.747432125601630
1.154151232426455
1.583765293116016
2.041766511719282
2.530872596458788
2.041766511719282
1.583765293116016
1.154151232426455
0.747432125601630
0.346753031790207
0.362142155185330
0.775199946242089
1.188288086550624
1.621214825609506
2.080835656900807
2.570430247263804
2.080835656900807
1.621214825609506
1.188288086550624
0.775199946242089
0.362142155185329
0.364960176581590
0.781181015106777
1.196335994930740
1.630413672056009
2.090605407983106
2.580372506603807
2.090605407983106
1.630413672056009
1.196335994930741
0.781181015106776
0.364960176581590
0.362142155185329
0.775199946242089
1.188288086550623
1.621214825609505
2.080835656900807
2.570430247263804
2.080835656900807
1.621214825609506
1.188288086550624
0.775199946242088
0.362142155185329
0.346753031790208
0.747432125601630
1.154151232426455
1.583765293116016
2.041766511719282
2.530872596458788
2.041766511719282
1.583765293116016
1.154151232426455
0.747432125601629
0.346753031790207
Kgrid: 23
-2.357022603955159
-2.142747821777417
-1.928473039599675
-1.714198257421933
-1.499923475244192
-1.285648693066450
-1.071373910888708
-0.857099128710967
-0.642824346533225
-0.428549564355483
-0.214274782177742
0.000000000000000
0.214274782177742
0.428549564355484
0.642824346533225
0.857099128710967
1.071373910888708
1.285648693066450
1.499923475244192
1.714198257421933
1.928473039599675
2.142747821777417
2.357022603955159
All Davidson Eigenvalues at Last Iteration: 205
-0.060295343879818
0.052446596081115
0.093056449353074
0.108751029829403
0.110272255450659
0.139092611190962
0.146119450460858
0.149319710414896
0.154403887554722
0.154403887573824
0.163972558375081
0.168318412434909
0.172662545643314
0.179328989539645
0.179445131097963
0.183684883920122
0.200441188248833
0.202129405310182
0.216771227561015
0.221095366872218
0.223348818674492
0.224974075824657
0.241074610734667
0.249263388903005
0.252686907081879
0.254147417766867
0.256066341603357
0.260502701303120
0.262305141606244
0.262673063529508
0.264005938612411
0.268580526624042
0.276757843470936
0.281684611600934
0.288545399997072
0.288962727777560
0.301050716352847
0.301421980773218
0.312958329784438
0.314160676734237
0.316092085987489
0.318765511172176
0.321698496620917
0.326065380675814
0.328413682771489
0.335742669415473
0.341289365783866
0.347264198397848
0.347352548697102
0.356364612440564
0.357127680334493
0.361276541280330
0.371708929852513
0.373385999534986
0.373399194087926
0.374370935939576
0.375518784320661
0.381253618951644
0.383417388560286
0.385110799145252
0.389954120563214
0.392304612655193
0.392304995873481
0.393679478397875
0.398289473100589
0.401252641463619
0.401523107527140
0.402722149707047
0.404127696235738
0.405717763229752
0.405717805874727
0.407687884378705
0.411600169613751
0.413556973776669
0.417230127626251
0.423792794316998
0.433209920753793
0.459619055116123
0.469965411927960
0.472342234385821
0.492599641505107
0.497679116561929
0.498860039600078
0.501008688475390
0.504677975550288
0.508809567615846
0.527483636401397
0.533223641119084
0.561515490343809
0.574935819412409
0.577925858288492
0.580806480498740
0.584581484184805
0.591388782554595
0.597421338616499
0.599101693363639
0.613349659567326
0.627087915855131
0.640735161766005
0.643285504436566
0.652419184724726
0.657007652668259
0.662690529723301
0.666129227159346
0.689128931281320
0.694591454941628
0.697403270460426
0.707539731506052
0.721275983652730
0.730721551363039
0.732515764437633
0.736549394752607
0.743673200128539
0.748651938673904
0.754224593028015
0.761094969813935
0.761462358817704
0.778309386221969
0.779816492778552
0.783550706239432
0.795422291981276
0.800672396309230
0.802558109519605
0.802570517663716
0.813015241026539
0.819889600290000
0.819895719054310
0.842911812992308
0.854251587767932
0.867682063757137
0.892022004710593
0.911258690198513
0.923418733110753
0.964885737361635
0.968254257038344
0.976294279263949
0.987268195293827
1.005063314403480
1.007958827711510
1.023848004390529
1.034211071097012
1.046811089354338
1.051520083511232
1.058040143791403
1.068564493384420
1.082629762220650
1.098093913065896
1.102651848115072
1.127331179219880
1.133621106361467
1.148899607806388
1.152714428087410
1.153041895380778
1.153901465335844
1.189114296006073
1.190463028865213
1.199229054167393
1.214530048016301
1.214533452130096
1.217250716059153
1.225242224867916
1.233951850746038
1.233955857107901
1.250854932712674
1.269901813079652
1.292462209343550
1.307390240400952
1.351083419166752
1.353610533348854
1.387819467698300
1.420945443945210
1.427694433643744
1.452862065495405
1.482566453837966
1.549366915715162
1.551532499734365
1.583074965897602
1.583750478025726
1.595398861580448
1.621243381737222
1.621625646549871
1.646966344799248
1.646978624740740
1.667466458167970
1.667468404584282
1.728227976535822
1.819610513738028
1.854316276247340
2.001080392648511
2.005855286693367
2.041552990366404
2.041940699789738
2.080244231888734
2.080265442365977
2.106365503757186
2.106374489121524
2.112116375844758
2.127388202067441
2.127388252550964
2.270690197457192
2.480559677550882
2.530473766232652
2.569459760136607
2.595891556963141
2.617074266221376
Davidson lowest eigenvalues at each iteration: 16
0.269459233191774
0.096145158227675
-0.039303174425152
-0.060150504979684
-0.060295189233681
-0.060295343067174
-0.060295343875793
-0.060295343879747
-0.060295343879808
-0.060295343879812
-0.060295343879812
-0.060295343879815
-0.060295343879817
-0.060295343879817
-0.060295343879817
-0.060295343879818

                            End of Section: Vectors                            

--------------------------------------------------------------------------------

                                    Matrices                                    

--------------------------------------------------------------------------------

Occupied States: 97 x 2
         6         9
         6        10
         6        11
         6        12
         6        13
         7         8
         7         9
         7        10
         7        11
         7        12
         7        13
         7        14
         8         7
         8         8
         8         9
         8        10
         8        11
         8        12
         8        13
         8        14
         8        15
         9         6
         9         7
         9         8
         9         9
         9        10
         9        11
         9        12
         9        13
         9        14
         9        15
         9        16
        10         6
        10         7
        10         8
        10         9
        10        10
        10        11
        10        12
        10        13
        10        14
        10        15
        10        16
        11         6
        11         7
        11         8
        11         9
        11        10
        11        11
        11        12
        11        13
        11        14
        11        15
        11        16
        12         6
        12         7
        12         8
        12         9
        12        10
        12        11
        12        12
        12        13
        12        14
        12        15
        12        16
        13         6
        13         7
        13         8
        13         9
        13        10
        13        11
        13        12
        13        13
        13        14
        13        15
        13        16
        14         7
        14         8
        14         9
        14        10
        14        11
        14        12
        14        13
        14        14
        14        15
        15         8
        15         9
        15        10
        15        11
        15        12
        15        13
        15        14
        16         9
        16        10
        16        11
        16        12
        16        13
Virtual States: 387 x 2
         0         0
         0         1
         0         2
         0         3
         0         4
         0         5
         0         6
         0         7
         0         8
         0         9
         0        10
         0        11
         0        12
         0        13
         0        14
         0        15
         0        16
         0        17
         0        18
         0        19
         0        20
         0        21
         1         0
         1         1
         1         2
         1         3
         1         4
         1         5
         1         6
         1         7
         1         8
         1         9
         1        10
         1        11
         1        12
         1        13
         1        14
         1        15
         1        16
         1        17
         1        18
         1        19
         1        20
         1        21
         2         0
         2         1
         2         2
         2         3
         2         4
         2         5
         2         6
         2         7
         2         8
         2         9
         2        10
         2        11
         2        12
         2        13
         2        14
         2        15
         2        16
         2        17
         2        18
         2        19
         2        20
         2        21
         3         0
         3         1
         3         2
         3         3
         3         4
         3         5
         3         6
         3         7
         3         8
         3         9
         3        10
         3        11
         3        12
         3        13
         3        14
         3        15
         3        16
         3        17
         3        18
         3        19
         3        20
         3        21
         4         0
         4         1
         4         2
         4         3
         4         4
         4         5
         4         6
         4         7
         4         8
         4         9
         4        10
         4        11
         4        12
         4        13
         4        14
         4        15
         4        16
         4        17
         4        18
         4        19
         4        20
         4        21
         5         0
         5         1
         5         2
         5         3
         5         4
         5         5
         5         6
         5         7
         5         8
         5         9
         5        10
         5        11
         5        12
         5        13
         5        14
         5        15
         5        16
         5        17
         5        18
         5        19
         5        20
         5        21
         6         0
         6         1
         6         2
         6         3
         6         4
         6         5
         6         6
         6         7
         6         8
         6        14
         6        15
         6        16
         6        17
         6        18
         6        19
         6        20
         6        21
         7         0
         7         1
         7         2
         7         3
         7         4
         7         5
         7         6
         7         7
         7        15
         7        16
         7        17
         7        18
         7        19
         7        20
         7        21
         8         0
         8         1
         8         2
         8         3
         8         4
         8         5
         8         6
         8        16
         8        17
         8        18
         8        19
         8        20
         8        21
         9         0
         9         1
         9         2
         9         3
         9         4
         9         5
         9        17
         9        18
         9        19
         9        20
         9        21
        10         0
        10         1
        10         2
        10         3
        10         4
        10         5
        10        17
        10        18
        10        19
        10        20
        10        21
        11         0
        11         1
        11         2
        11         3
        11         4
        11         5
        11        17
        11        18
        11        19
        11        20
        11        21
        12         0
        12         1
        12         2
        12         3
        12         4
        12         5
        12        17
        12        18
        12        19
        12        20
        12        21
        13         0
        13         1
        13         2
        13         3
        13         4
        13         5
        13        17
        13        18
        13        19
        13        20
        13        21
        14         0
        14         1
        14         2
        14         3
        14         4
        14         5
        14         6
        14        16
        14        17
        14        18
        14        19
        14        20
        14        21
        15         0
        15         1
        15         2
        15         3
        15         4
        15         5
        15         6
        15         7
        15        15
        15        16
        15        17
        15        18
        15        19
        15        20
        15        21
        16         0
        16         1
        16         2
        16         3
        16         4
        16         5
        16         6
        16         7
        16         8
        16        14
        16        15
        16        16
        16        17
        16        18
        16        19
        16        20
        16        21
        17         0
        17         1
        17         2
        17         3
        17         4
        17         5
        17         6
        17         7
        17         8
        17         9
        17        10
        17        11
        17        12
        17        13
        17        14
        17        15
        17        16
        17        17
        17        18
        17        19
        17        20
        17        21
        18         0
        18         1
        18         2
        18         3
        18         4
        18         5
        18         6
        18         7
        18         8
        18         9
        18        10
        18        11
        18        12
        18        13
        18        14
        18        15
        18        16
        18        17
        18        18
        18        19
        18        20
        18        21
        19         0
        19         1
        19         2
        19         3
        19         4
        19         5
        19         6
        19         7
        19         8
        19         9
        19        10
        19        11
        19        12
        19        13
        19        14
        19        15
        19        16
        19        17
        19        18
        19        19
        19        20
        19        21
        20         0
        20         1
        20         2
        20         3
        20         4
        20         5
        20         6
        20         7
        20         8
        20         9
        20        10
        20        11
        20        12
        20        13
        20        14
        20        15
        20        16
        20        17
        20        18
        20        19
        20        20
        20        21
        21         0
        21         1
        21         2
        21         3
        21         4
        21         5
        21         6
        21         7
        21         8
        21         9
        21        10
        21        11
        21        12
        21        13
        21        14
        21        15
        21        16
        21        17
        21        18
        21        19
        21        20
        21        21
Excitations: 1219 x 2
            0          286
            0          308
            0          330
            0          352
            0          374
            0            9
            0           31
            0           53
            0           75
            0           97
            0          119
            1          287
            1          309
            1          331
            1          353
            1          375
            1           10
            1           32
            1           54
            1           76
            1           98
            1          120
            2          288
            2          310
            2          332
            2          354
            2          376
            2           11
            2           33
            2           55
            2           77
            2           99
            2          121
            3          289
            3          311
            3          333
            3          355
            3          377
            3           12
            3           34
            3           56
            3           78
            3          100
            3          122
            4          290
            4          312
            4          334
            4          356
            4          378
            4           13
            4           35
            4           57
            4           79
            4          101
            4          123
            5          268
            5          285
            5          307
            5          329
            5          351
            5          373
            5            8
            5           30
            5           52
            5           74
            5           96
            5          118
            5          140
            6          286
            6          308
            6          330
            6          352
            6          374
            6            9
            6           31
            6           53
            6           75
            6           97
            6          119
            7          287
            7          309
            7          331
            7          353
            7          375
            7           10
            7           32
            7           54
            7           76
            7           98
            7          120
            8          288
            8          310
            8          332
            8          354
            8          376
            8           11
            8           33
            8           55
            8           77
            8           99
            8          121
            9          289
            9          311
            9          333
            9          355
            9          377
            9           12
            9           34
            9           56
            9           78
            9          100
            9          122
           10          290
           10          312
           10          334
           10          356
           10          378
           10           13
           10           35
           10           57
           10           79
           10          101
           10          123
           11          269
           11          291
           11          313
           11          335
           11          357
           11          379
           11           14
           11           36
           11           58
           11           80
           11          102
           11          124
           11          141
           12          252
           12          267
           12          284
           12          306
           12          328
           12          350
           12          372
           12            7
           12           29
           12           51
           12           73
           12           95
           12          117
           12          139
           12          156
           13          268
           13          285
           13          307
           13          329
           13          351
           13          373
           13            8
           13           30
           13           52
           13           74
           13           96
           13          118
           13          140
           14          286
           14          308
           14          330
           14          352
           14          374
           14            9
           14           31
           14           53
           14           75
           14           97
           14          119
           15          287
           15          309
           15          331
           15          353
           15          375
           15           10
           15           32
           15           54
           15           76
           15           98
           15          120
           16          288
           16          310
           16          332
           16          354
           16          376
           16           11
           16           33
           16           55
           16           77
           16           99
           16          121
           17          289
           17          311
           17          333
           17          355
           17          377
           17           12
           17           34
           17           56
           17           78
           17          100
           17          122
           18          290
           18          312
           18          334
           18          356
           18          378
           18           13
           18           35
           18           57
           18           79
           18          101
           18          123
           19          269
           19          291
           19          313
           19          335
           19          357
           19          379
           19           14
           19           36
           19           58
           19           80
           19          102
           19          124
           19          141
           20          253
           20          270
           20          292
           20          314
           20          336
           20          358
           20          380
           20           15
           20           37
           20           59
           20           81
           20          103
           20          125
           20          142
           20          157
           21          238
           21          251
           21          266
           21          283
           21          305
           21          327
           21          349
           21          371
           21            6
           21           28
           21           50
           21           72
           21           94
           21          116
           21          138
           21          155
           21          170
           22          252
           22          267
           22          284
           22          306
           22          328
           22          350
           22          372
           22            7
           22           29
           22           51
           22           73
           22           95
           22          117
           22          139
           22          156
           23          268
           23          285
           23          307
           23          329
           23          351
           23          373
           23            8
           23           30
           23           52
           23           74
           23           96
           23          118
           23          140
           24          286
           24          308
           24          330
           24          352
           24          374
           24            9
           24           31
           24           53
           24           75
           24           97
           24          119
           25          287
           25          309
           25          331
           25          353
           25          375
           25           10
           25           32
           25           54
           25           76
           25           98
           25          120
           26          288
           26          310
           26          332
           26          354
           26          376
           26           11
           26           33
           26           55
           26           77
           26           99
           26          121
           27          289
           27          311
           27          333
           27          355
           27          377
           27           12
           27           34
           27           56
           27           78
           27          100
           27          122
           28          290
           28          312
           28          334
           28          356
           28          378
           28           13
           28           35
           28           57
           28           79
           28          101
           28          123
           29          269
           29          291
           29          313
           29          335
           29          357
           29          379
           29           14
           29           36
           29           58
           29           80
           29          102
           29          124
           29          141
           30          253
           30          270
           30          292
           30          314
           30          336
           30          358
           30          380
           30           15
           30           37
           30           59
           30           81
           30          103
           30          125
           30          142
           30          157
           31          239
           31          254
           31          271
           31          293
           31          315
           31          337
           31          359
           31          381
           31           16
           31           38
           31           60
           31           82
           31          104
           31          126
           31          143
           31          158
           31          171
           32          238
           32          251
           32          266
           32          283
           32          305
           32          327
           32          349
           32          371
           32            6
           32           28
           32           50
           32           72
           32           94
           32          116
           32          138
           32          155
           32          170
           33          252
           33          267
           33          284
           33          306
           33          328
           33          350
           33          372
           33            7
           33           29
           33           51
           33           73
           33           95
           33          117
           33          139
           33          156
           34          268
           34          285
           34          307
           34          329
           34          351
           34          373
           34            8
           34           30
           34           52
           34           74
           34           96
           34          118
           34          140
           35          286
           35          308
           35          330
           35          352
           35          374
           35            9
           35           31
           35           53
           35           75
           35           97
           35          119
           36          287
           36          309
           36          331
           36          353
           36          375
           36           10
           36           32
           36           54
           36           76
           36           98
           36          120
           37          288
           37          310
           37          332
           37          354
           37          376
           37           11
           37           33
           37           55
           37           77
           37           99
           37          121
           38          289
           38          311
           38          333
           38          355
           38          377
           38           12
           38           34
           38           56
           38           78
           38          100
           38          122
           39          290
           39          312
           39          334
           39          356
           39          378
           39           13
           39           35
           39           57
           39           79
           39          101
           39          123
           40          269
           40          291
           40          313
           40          335
           40          357
           40          379
           40           14
           40           36
           40           58
           40           80
           40          102
           40          124
           40          141
           41          253
           41          270
           41          292
           41          314
           41          336
           41          358
           41          380
           41           15
           41           37
           41           59
           41           81
           41          103
           41          125
           41          142
           41          157
           42          239
           42          254
           42          271
           42          293
           42          315
           42          337
           42          359
           42          381
           42           16
           42           38
           42           60
           42           82
           42          104
           42          126
           42          143
           42          158
           42          171
           43          238
           43          251
           43          266
           43          283
           43          305
           43          327
           43          349
           43          371
           43            6
           43           28
           43           50
           43           72
           43           94
           43          116
           43          138
           43          155
           43          170
           44          252
           44          267
           44          284
           44          306
           44          328
           44          350
           44          372
           44            7
           44           29
           44           51
           44           73
           44           95
           44          117
           44          139
           44          156
           45          268
           45          285
           45          307
           45          329
           45          351
           45          373
           45            8
           45           30
           45           52
           45           74
           45           96
           45          118
           45          140
           46          286
           46          308
           46          330
           46          352
           46          374
           46            9
           46           31
           46           53
           46           75
           46           97
           46          119
           47          287
           47          309
           47          331
           47          353
           47          375
           47           10
           47           32
           47           54
           47           76
           47           98
           47          120
           48          288
           48          310
           48          332
           48          354
           48          376
           48           11
           48           33
           48           55
           48           77
           48           99
           48          121
           49          289
           49          311
           49          333
           49          355
           49          377
           49           12
           49           34
           49           56
           49           78
           49          100
           49          122
           50          290
           50          312
           50          334
           50          356
           50          378
           50           13
           50           35
           50           57
           50           79
           50          101
           50          123
           51          269
           51          291
           51          313
           51          335
           51          357
           51          379
           51           14
           51           36
           51           58
           51           80
           51          102
           51          124
           51          141
           52          253
           52          270
           52          292
           52          314
           52          336
           52          358
           52          380
           52           15
           52           37
           52           59
           52           81
           52          103
           52          125
           52          142
           52          157
           53          239
           53          254
           53          271
           53          293
           53          315
           53          337
           53          359
           53          381
           53           16
           53           38
           53           60
           53           82
           53          104
           53          126
           53          143
           53          158
           53          171
           54          238
           54          251
           54          266
           54          283
           54          305
           54          327
           54          349
           54          371
           54            6
           54           28
           54           50
           54           72
           54           94
           54          116
           54          138
           54          155
           54          170
           55          252
           55          267
           55          284
           55          306
           55          328
           55          350
           55          372
           55            7
           55           29
           55           51
           55           73
           55           95
           55          117
           55          139
           55          156
           56          268
           56          285
           56          307
           56          329
           56          351
           56          373
           56            8
           56           30
           56           52
           56           74
           56           96
           56          118
           56          140
           57          286
           57          308
           57          330
           57          352
           57          374
           57            9
           57           31
           57           53
           57           75
           57           97
           57          119
           58          287
           58          309
           58          331
           58          353
           58          375
           58           10
           58           32
           58           54
           58           76
           58           98
           58          120
           59          288
           59          310
           59          332
           59          354
           59          376
           59           11
           59           33
           59           55
           59           77
           59           99
           59          121
           60          289
           60          311
           60          333
           60          355
           60          377
           60           12
           60           34
           60           56
           60           78
           60          100
           60          122
           61          290
           61          312
           61          334
           61          356
           61          378
           61           13
           61           35
           61           57
           61           79
           61          101
           61          123
           62          269
           62          291
           62          313
           62          335
           62          357
           62          379
           62           14
           62           36
           62           58
           62           80
           62          102
           62          124
           62          141
           63          253
           63          270
           63          292
           63          314
           63          336
           63          358
           63          380
           63           15
           63           37
           63           59
           63           81
           63          103
           63          125
           63          142
           63          157
           64          239
           64          254
           64          271
           64          293
           64          315
           64          337
           64          359
           64          381
           64           16
           64           38
           64           60
           64           82
           64          104
           64          126
           64          143
           64          158
           64          171
           65          238
           65          251
           65          266
           65          283
           65          305
           65          327
           65          349
           65          371
           65            6
           65           28
           65           50
           65           72
           65           94
           65          116
           65          138
           65          155
           65          170
           66          252
           66          267
           66          284
           66          306
           66          328
           66          350
           66          372
           66            7
           66           29
           66           51
           66           73
           66           95
           66          117
           66          139
           66          156
           67          268
           67          285
           67          307
           67          329
           67          351
           67          373
           67            8
           67           30
           67           52
           67           74
           67           96
           67          118
           67          140
           68          286
           68          308
           68          330
           68          352
           68          374
           68            9
           68           31
           68           53
           68           75
           68           97
           68          119
           69          287
           69          309
           69          331
           69          353
           69          375
           69           10
           69           32
           69           54
           69           76
           69           98
           69          120
           70          288
           70          310
           70          332
           70          354
           70          376
           70           11
           70           33
           70           55
           70           77
           70           99
           70          121
           71          289
           71          311
           71          333
           71          355
           71          377
           71           12
           71           34
           71           56
           71           78
           71          100
           71          122
           72          290
           72          312
           72          334
           72          356
           72          378
           72           13
           72           35
           72           57
           72           79
           72          101
           72          123
           73          269
           73          291
           73          313
           73          335
           73          357
           73          379
           73           14
           73           36
           73           58
           73           80
           73          102
           73          124
           73          141
           74          253
           74          270
           74          292
           74          314
           74          336
           74          358
           74          380
           74           15
           74           37
           74           59
           74           81
           74          103
           74          125
           74          142
           74          157
           75          239
           75          254
           75          271
           75          293
           75          315
           75          337
           75          359
           75          381
           75           16
           75           38
           75           60
           75           82
           75          104
           75          126
           75          143
           75          158
           75          171
           76          252
           76          267
           76          284
           76          306
           76          328
           76          350
           76          372
           76            7
           76           29
           76           51
           76           73
           76           95
           76          117
           76          139
           76          156
           77          268
           77          285
           77          307
           77          329
           77          351
           77          373
           77            8
           77           30
           77           52
           77           74
           77           96
           77          118
           77          140
           78          286
           78          308
           78          330
           78          352
           78          374
           78            9
           78           31
           78           53
           78           75
           78           97
           78          119
           79          287
           79          309
           79          331
           79          353
           79          375
           79           10
           79           32
           79           54
           79           76
           79           98
           79          120
           80          288
           80          310
           80          332
           80          354
           80          376
           80           11
           80           33
           80           55
           80           77
           80           99
           80          121
           81          289
           81          311
           81          333
           81          355
           81          377
           81           12
           81           34
           81           56
           81           78
           81          100
           81          122
           82          290
           82          312
           82          334
           82          356
           82          378
           82           13
           82           35
           82           57
           82           79
           82          101
           82          123
           83          269
           83          291
           83          313
           83          335
           83          357
           83          379
           83           14
           83           36
           83           58
           83           80
           83          102
           83          124
           83          141
           84          253
           84          270
           84          292
           84          314
           84          336
           84          358
           84          380
           84           15
           84           37
           84           59
           84           81
           84          103
           84          125
           84          142
           84          157
           85          268
           85          285
           85          307
           85          329
           85          351
           85          373
           85            8
           85           30
           85           52
           85           74
           85           96
           85          118
           85          140
           86          286
           86          308
           86          330
           86          352
           86          374
           86            9
           86           31
           86           53
           86           75
           86           97
           86          119
           87          287
           87          309
           87          331
           87          353
           87          375
           87           10
           87           32
           87           54
           87           76
           87           98
           87          120
           88          288
           88          310
           88          332
           88          354
           88          376
           88           11
           88           33
           88           55
           88           77
           88           99
           88          121
           89          289
           89          311
           89          333
           89          355
           89          377
           89           12
           89           34
           89           56
           89           78
           89          100
           89          122
           90          290
           90          312
           90          334
           90          356
           90          378
           90           13
           90           35
           90           57
           90           79
           90          101
           90          123
           91          269
           91          291
           91          313
           91          335
           91          357
           91          379
           91           14
           91           36
           91           58
           91           80
           91          102
           91          124
           91          141
           92          286
           92          308
           92          330
           92          352
           92          374
           92            9
           92           31
           92           53
           92           75
           92           97
           92          119
           93          287
           93          309
           93          331
           93          353
           93          375
           93           10
           93           32
           93           54
           93           76
           93           98
           93          120
           94          288
           94          310
           94          332
           94          354
           94          376
           94           11
           94           33
           94           55
           94           77
           94           99
           94          121
           95          289
           95          311
           95          333
           95          355
           95          377
           95           12
           95           34
           95           56
           95           78
           95          100
           95          122
           96          290
           96          312
           96          334
           96          356
           96          378
           96           13
           96           35
           96           57
           96           79
           96          101
           96          123

                            End of Section: Matrices                            

--------------------------------------------------------------------------------

                              Calculation Details                              

--------------------------------------------------------------------------------

Davidson_Stopping_Criteria = All requested norms below tolerance

                      End of Section: Calculation Details                      

################################################################################

                              End of Output File.                              

################################################################################
