################################################################################

            Output File for HFS, the Hartree-Fock Stability Program            
                              Author: Evan Curtin                              
             Institution: University of Illinois @ Urbana-Champaign             
                          email: ecurtin2@illinois.edu                          
                       Built on Oct 18 2016, at 18:15:44                       

################################################################################

                Computation Started : Tue Oct 18 19:02:24 2016
                
                Computation Finished: Tue Oct 18 19:02:35 2016
                
                     Total Elapsed Time = 11.4988 seconds.                     

--------------------------------------------------------------------------------

                                     Input                                     

--------------------------------------------------------------------------------

Nk = 16
ndim = 2
rs = 1.200000000000000

                             End of Section: Input                             

--------------------------------------------------------------------------------

                                     Output                                     

--------------------------------------------------------------------------------

deltaK = 0.314269680527354
kf = 1.178511301977579
kmax = 2.357022603955159
Nocc = 44
Nvir = 181
Nexc = 380
dav_its = 12
Dav_Final_Val = -0.027833931207831
full_diag_min = -0.027833931207832

                             End of Section: Output                             

--------------------------------------------------------------------------------

                                    Vectors                                    

--------------------------------------------------------------------------------

Occ Energies: 44
-0.052401983868125
-0.052401983868125
-0.043384569102268
-0.350495515018268
-0.511947734679797
-0.511947734679797
-0.350495515018268
-0.043384569102269
-0.350495515018269
-0.659255925807222
-0.805800072609344
-0.805800072609344
-0.659255925807222
-0.350495515018269
-0.052401983868125
-0.511947734679797
-0.805800072609344
-0.948646313241901
-0.948646313241901
-0.805800072609344
-0.511947734679797
-0.052401983868125
-0.052401983868125
-0.511947734679797
-0.805800072609344
-0.948646313241901
-0.948646313241901
-0.805800072609344
-0.511947734679797
-0.052401983868124
-0.350495515018269
-0.659255925807222
-0.805800072609344
-0.805800072609344
-0.659255925807222
-0.350495515018269
-0.043384569102269
-0.350495515018269
-0.511947734679797
-0.511947734679797
-0.350495515018269
-0.043384569102269
-0.052401983868125
-0.052401983868124
Vir Energies: 181
5.291624593685335
4.595515435414767
3.990073012536883
3.477146523528359
3.059840021205482
2.742650441011591
2.528799085618918
2.420952513489636
2.420952513489636
2.528799085618918
2.742650441011591
3.059840021205482
3.477146523528360
3.990073012536884
4.595515435414769
4.595515435414767
3.899085001392974
3.292661454074121
2.778063865843177
2.358442557330765
2.038557266398566
1.822098559325561
1.712510709700417
1.712510709700417
1.822098559325561
2.038557266398566
2.358442557330766
2.778063865843177
3.292661454074121
3.899085001392975
3.990073012536883
3.292661454074121
2.683199953819774
2.163295705006689
1.736149141775786
1.407231589266047
1.181348606912514
1.064657274653949
1.064657274653949
1.181348606912514
1.407231589266047
1.736149141775786
2.163295705006690
2.683199953819775
3.292661454074122
3.477146523528359
2.778063865843177
2.163295705006689
1.633617204694453
1.191548831629422
0.843739761682235
0.595417366742121
0.452847081122530
0.452847081122530
0.595417366742121
0.843739761682235
1.191548831629423
1.633617204694453
2.163295705006690
2.778063865843178
3.059840021205482
2.358442557330765
1.736149141775786
1.191548831629422
0.721772583396946
0.331814075971733
0.046218384160603
0.046218384160603
0.331814075971733
0.721772583396947
1.191548831629423
1.736149141775786
2.358442557330766
2.742650441011591
2.038557266398567
1.407231589266047
0.843739761682235
0.331814075971733
0.331814075971734
0.843739761682236
1.407231589266047
2.038557266398568
2.528799085618918
1.822098559325561
1.181348606912514
0.595417366742121
0.046218384160602
0.046218384160603
0.595417366742122
1.181348606912515
1.822098559325561
2.420952513489636
1.712510709700417
1.064657274653949
0.452847081122530
0.452847081122531
1.064657274653950
1.712510709700418
2.420952513489636
1.712510709700417
1.064657274653949
0.452847081122530
0.452847081122531
1.064657274653950
1.712510709700418
2.528799085618918
1.822098559325560
1.181348606912514
0.595417366742121
0.046218384160603
0.046218384160603
0.595417366742121
1.181348606912515
1.822098559325561
2.742650441011591
2.038557266398566
1.407231589266047
0.843739761682235
0.331814075971733
0.331814075971734
0.843739761682236
1.407231589266047
2.038557266398567
3.059840021205482
2.358442557330766
1.736149141775786
1.191548831629423
0.721772583396947
0.331814075971734
0.046218384160603
0.046218384160603
0.331814075971734
0.721772583396947
1.191548831629424
1.736149141775787
2.358442557330767
3.477146523528360
2.778063865843177
2.163295705006690
1.633617204694453
1.191548831629423
0.843739761682236
0.595417366742121
0.452847081122531
0.452847081122531
0.595417366742121
0.843739761682236
1.191548831629424
1.633617204694454
2.163295705006691
2.778063865843178
3.990073012536884
3.292661454074121
2.683199953819775
2.163295705006690
1.736149141775786
1.407231589266047
1.181348606912515
1.064657274653950
1.064657274653950
1.181348606912515
1.407231589266047
1.736149141775787
2.163295705006691
2.683199953819775
3.292661454074122
4.595515435414769
3.899085001392975
3.292661454074122
2.778063865843178
2.358442557330766
2.038557266398568
1.822098559325561
1.712510709700417
1.712510709700417
1.822098559325561
2.038557266398567
2.358442557330767
2.778063865843178
3.292661454074122
3.899085001392976
Excitation Energies: 380
0.505249064990656
1.117059258522075
1.764912693568542
2.473354497357761
1.764912693568542
1.117059258522074
0.505249064990655
0.505249064990656
1.117059258522074
1.764912693568542
2.473354497357761
1.764912693568542
1.117059258522074
0.505249064990655
0.375198645074002
0.887124330784504
1.450616158368316
2.081941835500836
2.786035010113859
2.081941835500834
1.450616158368315
0.887124330784503
0.375198645074002
0.396713899178871
0.945912881760390
1.531844121930783
2.172594074343830
2.879294600637187
2.172594074343829
1.531844121930783
0.945912881760389
0.396713899178871
0.964794815802328
1.576605009333746
2.224458444380214
2.932900248169433
2.224458444380213
1.576605009333746
0.964794815802327
0.964794815802328
1.576605009333746
2.224458444380214
2.932900248169433
2.224458444380213
1.576605009333746
0.964794815802327
0.396713899178871
0.945912881760390
1.531844121930783
2.172594074343830
2.879294600637187
2.172594074343829
1.531844121930783
0.945912881760389
0.396713899178871
0.375198645074002
0.887124330784504
1.450616158368316
2.081941835500836
2.786035010113860
2.081941835500835
1.450616158368315
0.887124330784503
0.375198645074002
0.682309590990003
1.194235276700504
1.757727104284316
2.389052781416836
3.093145956029860
2.389052781416835
1.757727104284315
1.194235276700504
0.682309590990002
0.705474309967825
1.254673292549343
1.840604532719737
2.481354485132783
3.188055011426140
2.481354485132782
1.840604532719736
1.254673292549342
0.705474309967824
1.258647153731875
1.870457347263293
2.518310782309761
3.226752586098980
2.518310782309760
1.870457347263293
1.258647153731874
1.258647153731875
1.870457347263293
2.518310782309761
3.226752586098980
2.518310782309760
1.870457347263293
1.258647153731874
0.705474309967825
1.254673292549343
1.840604532719736
2.481354485132783
3.188055011426140
2.481354485132782
1.840604532719736
1.254673292549342
0.705474309967825
0.682309590990003
1.194235276700504
1.757727104284316
2.389052781416836
3.093145956029860
2.389052781416835
1.757727104284316
1.194235276700504
0.682309590990002
0.098620368028728
0.384216059839859
0.774174567265072
1.243950815497548
1.788551125643911
2.410844541198891
3.112242005073607
2.410844541198891
1.788551125643911
1.243950815497548
0.774174567265072
0.384216059839859
0.098620368028728
0.843761810651531
1.355687496362033
1.919179323945844
2.550505001078364
3.254598175691388
2.550505001078363
1.919179323945844
1.355687496362032
0.843761810651530
0.852018456769947
1.401217439351465
1.987148679521858
2.627898631934905
3.334599158228262
2.627898631934904
1.987148679521858
1.401217439351464
0.852018456769946
1.401493394364433
2.013303587895851
2.661157022942318
3.369598826731538
2.661157022942318
2.013303587895851
1.401493394364432
1.401493394364433
2.013303587895851
2.661157022942318
3.369598826731537
2.661157022942318
2.013303587895851
1.401493394364432
0.852018456769947
1.401217439351465
1.987148679521858
2.627898631934905
3.334599158228262
2.627898631934904
1.987148679521858
1.401217439351464
0.852018456769947
0.843761810651531
1.355687496362033
1.919179323945844
2.550505001078364
3.254598175691388
2.550505001078363
1.919179323945844
1.355687496362032
0.843761810651530
0.098620368028728
0.384216059839859
0.774174567265072
1.243950815497548
1.788551125643911
2.410844541198891
3.112242005073607
2.410844541198890
1.788551125643911
1.243950815497548
0.774174567265072
0.384216059839859
0.098620368028728
0.098620368028728
0.384216059839858
0.774174567265072
1.243950815497548
1.788551125643911
2.410844541198891
3.112242005073607
2.410844541198890
1.788551125643911
1.243950815497548
0.774174567265071
0.384216059839858
0.098620368028727
0.843761810651531
1.355687496362033
1.919179323945844
2.550505001078364
3.254598175691388
2.550505001078363
1.919179323945844
1.355687496362032
0.843761810651530
0.852018456769947
1.401217439351465
1.987148679521858
2.627898631934905
3.334599158228262
2.627898631934904
1.987148679521858
1.401217439351464
0.852018456769946
1.401493394364433
2.013303587895851
2.661157022942318
3.369598826731538
2.661157022942318
2.013303587895851
1.401493394364432
1.401493394364433
2.013303587895851
2.661157022942318
3.369598826731538
2.661157022942318
2.013303587895851
1.401493394364432
0.852018456769947
1.401217439351465
1.987148679521858
2.627898631934905
3.334599158228262
2.627898631934904
1.987148679521858
1.401217439351464
0.852018456769947
0.843761810651531
1.355687496362033
1.919179323945844
2.550505001078364
3.254598175691388
2.550505001078363
1.919179323945844
1.355687496362032
0.843761810651530
0.098620368028728
0.384216059839858
0.774174567265072
1.243950815497548
1.788551125643911
2.410844541198891
3.112242005073607
2.410844541198890
1.788551125643911
1.243950815497548
0.774174567265071
0.384216059839859
0.098620368028728
0.682309590990003
1.194235276700504
1.757727104284316
2.389052781416836
3.093145956029860
2.389052781416835
1.757727104284315
1.194235276700504
0.682309590990002
0.705474309967825
1.254673292549343
1.840604532719737
2.481354485132783
3.188055011426140
2.481354485132782
1.840604532719736
1.254673292549343
0.705474309967825
1.258647153731875
1.870457347263294
2.518310782309761
3.226752586098980
2.518310782309761
1.870457347263293
1.258647153731874
1.258647153731875
1.870457347263293
2.518310782309761
3.226752586098980
2.518310782309761
1.870457347263293
1.258647153731874
0.705474309967825
1.254673292549344
1.840604532719737
2.481354485132783
3.188055011426140
2.481354485132782
1.840604532719736
1.254673292549343
0.705474309967825
0.682309590990003
1.194235276700504
1.757727104284316
2.389052781416836
3.093145956029860
2.389052781416835
1.757727104284316
1.194235276700504
0.682309590990002
0.375198645074003
0.887124330784505
1.450616158368316
2.081941835500836
2.786035010113860
2.081941835500835
1.450616158368316
0.887124330784504
0.375198645074002
0.396713899178872
0.945912881760390
1.531844121930783
2.172594074343830
2.879294600637187
2.172594074343829
1.531844121930783
0.945912881760389
0.396713899178871
0.964794815802328
1.576605009333747
2.224458444380214
2.932900248169434
2.224458444380214
1.576605009333746
0.964794815802327
0.964794815802328
1.576605009333746
2.224458444380214
2.932900248169434
2.224458444380214
1.576605009333746
0.964794815802327
0.396713899178872
0.945912881760390
1.531844121930783
2.172594074343830
2.879294600637187
2.172594074343829
1.531844121930783
0.945912881760389
0.396713899178871
0.375198645074003
0.887124330784505
1.450616158368316
2.081941835500836
2.786035010113860
2.081941835500835
1.450616158368316
0.887124330784504
0.375198645074002
0.505249064990656
1.117059258522074
1.764912693568542
2.473354497357761
1.764912693568541
1.117059258522074
0.505249064990655
0.505249064990656
1.117059258522074
1.764912693568542
2.473354497357761
1.764912693568541
1.117059258522074
0.505249064990655
Kgrid: 16
-2.357022603955159
-2.042752923427804
-1.728483242900450
-1.414213562373095
-1.099943881845741
-0.785674201318386
-0.471404520791032
-0.157134840263677
0.157134840263677
0.471404520791032
0.785674201318386
1.099943881845741
1.414213562373095
1.728483242900450
2.042752923427805
2.357022603955159
All Davidson Eigenvalues at Last Iteration: 167
-0.027833931207830
0.030793799458722
0.048826959897078
0.054622183240635
0.054622183240637
0.085601953305719
0.122370154204118
0.123532861870614
0.145820853366240
0.146270751185128
0.236083819406961
0.236083819417539
0.245594738464387
0.269364181010467
0.287400594607555
0.287753529799087
0.325013408565679
0.334563169877806
0.357417531246501
0.361600317614200
0.375485330023480
0.381740155955952
0.388107288285422
0.397760423649809
0.401626517024828
0.411148341292858
0.414268771875084
0.416256779124718
0.416761988026881
0.418600154036632
0.421814748168649
0.424936325985521
0.430133232139549
0.431225161397601
0.431338656626755
0.439147586689954
0.439178769549454
0.453302493227499
0.453590603910428
0.454472889771424
0.454577769425342
0.458441016111573
0.484369305477739
0.489935954865271
0.529583818239580
0.538812094471686
0.541502712250545
0.556686520692567
0.556757171000873
0.566000659410588
0.570811301941152
0.578003269898890
0.585918398323839
0.597361398643338
0.618677093736684
0.655488578231674
0.683367680462174
0.745440773007924
0.751992223877552
0.759809498414990
0.766078864453952
0.788394502097585
0.804393700523198
0.819308756538635
0.836887565902247
0.844717454928324
0.857422962048484
0.861774645723373
0.872942709639835
0.886970238162442
0.893765900885649
0.897475069909455
0.906255547153505
0.923354291462228
0.928618660760910
0.936142734106268
0.954886643464424
0.971766898898406
0.972068409944366
0.974351811260117
1.000564034048243
1.001304031823564
1.007317817445718
1.024975470827860
1.025469739986087
1.032764597497929
1.055091048861650
1.066317920900159
1.077958550156126
1.085158360100523
1.109856138021132
1.114214025828379
1.152706424765013
1.158318244393046
1.166811840082186
1.169310502459840
1.173333296742304
1.191824126782601
1.193759308135696
1.226384897934738
1.240303722998984
1.244444069955850
1.276475872520815
1.281565381996578
1.285255999054168
1.291029772741441
1.300926462286157
1.331518133857299
1.348928082411094
1.383605236180782
1.421069822855647
1.436177586082667
1.444239642763683
1.450891602442618
1.484615622045328
1.500097319581313
1.507415466646427
1.535692116698541
1.549195940233056
1.552402243918916
1.556929005871046
1.593527750173872
1.598094179050189
1.602333992390972
1.633444986230941
1.634069462789994
1.634357117417621
1.673537373782958
1.711976151266320
1.735250915754502
1.738709875109110
1.753360690212717
1.767780904712478
1.814730634291620
1.816767293160580
1.832910083719027
1.852463398130108
1.858561163990372
1.888142840418680
1.935951990698815
1.969452716216830
2.052135596089570
2.079389138254395
2.096749419011502
2.113380822492474
2.132811025175632
2.146399979581050
2.190755264310990
2.196839713998492
2.204821275439052
2.239036490292071
2.239845741659880
2.243501754533396
2.278926163679393
2.281060858437003
2.281665950147544
2.370750901595065
2.393774093028887
2.456334491049521
2.459870470011044
2.524875752931695
2.741649827021693
2.782334593762523
2.866514652509717
2.903345865353509
2.950080680287638
2.989957878279697
Davidson lowest eigenvalues at each iteration: 12
0.305500194306133
0.146587849970188
0.030793799458722
0.030793799458719
-0.004146354125963
-0.026819804514694
-0.027763300149682
-0.027831838594060
-0.027833919075650
-0.027833931111770
-0.027833931207516
-0.027833931207831

                            End of Section: Vectors                            

--------------------------------------------------------------------------------

                                    Matrices                                    

--------------------------------------------------------------------------------

Occupied States: 44 x 2
         4         7
         4         8
         5         5
         5         6
         5         7
         5         8
         5         9
         5        10
         6         5
         6         6
         6         7
         6         8
         6         9
         6        10
         7         4
         7         5
         7         6
         7         7
         7         8
         7         9
         7        10
         7        11
         8         4
         8         5
         8         6
         8         7
         8         8
         8         9
         8        10
         8        11
         9         5
         9         6
         9         7
         9         8
         9         9
         9        10
        10         5
        10         6
        10         7
        10         8
        10         9
        10        10
        11         7
        11         8
Virtual States: 181 x 2
         0         0
         0         1
         0         2
         0         3
         0         4
         0         5
         0         6
         0         7
         0         8
         0         9
         0        10
         0        11
         0        12
         0        13
         0        14
         1         0
         1         1
         1         2
         1         3
         1         4
         1         5
         1         6
         1         7
         1         8
         1         9
         1        10
         1        11
         1        12
         1        13
         1        14
         2         0
         2         1
         2         2
         2         3
         2         4
         2         5
         2         6
         2         7
         2         8
         2         9
         2        10
         2        11
         2        12
         2        13
         2        14
         3         0
         3         1
         3         2
         3         3
         3         4
         3         5
         3         6
         3         7
         3         8
         3         9
         3        10
         3        11
         3        12
         3        13
         3        14
         4         0
         4         1
         4         2
         4         3
         4         4
         4         5
         4         6
         4         9
         4        10
         4        11
         4        12
         4        13
         4        14
         5         0
         5         1
         5         2
         5         3
         5         4
         5        11
         5        12
         5        13
         5        14
         6         0
         6         1
         6         2
         6         3
         6         4
         6        11
         6        12
         6        13
         6        14
         7         0
         7         1
         7         2
         7         3
         7        12
         7        13
         7        14
         8         0
         8         1
         8         2
         8         3
         8        12
         8        13
         8        14
         9         0
         9         1
         9         2
         9         3
         9         4
         9        11
         9        12
         9        13
         9        14
        10         0
        10         1
        10         2
        10         3
        10         4
        10        11
        10        12
        10        13
        10        14
        11         0
        11         1
        11         2
        11         3
        11         4
        11         5
        11         6
        11         9
        11        10
        11        11
        11        12
        11        13
        11        14
        12         0
        12         1
        12         2
        12         3
        12         4
        12         5
        12         6
        12         7
        12         8
        12         9
        12        10
        12        11
        12        12
        12        13
        12        14
        13         0
        13         1
        13         2
        13         3
        13         4
        13         5
        13         6
        13         7
        13         8
        13         9
        13        10
        13        11
        13        12
        13        13
        13        14
        14         0
        14         1
        14         2
        14         3
        14         4
        14         5
        14         6
        14         7
        14         8
        14         9
        14        10
        14        11
        14        12
        14        13
        14        14
Excitations: 380 x 2
            0          143
            0          158
            0          173
            0            7
            0           22
            0           37
            0           52
            1          144
            1          159
            1          174
            1            8
            1           23
            1           38
            1           53
            2          128
            2          141
            2          156
            2          171
            2            5
            2           20
            2           35
            2           50
            2           65
            3          129
            3          142
            3          157
            3          172
            3            6
            3           21
            3           36
            3           51
            3           66
            4          143
            4          158
            4          173
            4            7
            4           22
            4           37
            4           52
            5          144
            5          159
            5          174
            5            8
            5           23
            5           38
            5           53
            6          130
            6          145
            6          160
            6          175
            6            9
            6           24
            6           39
            6           54
            6           67
            7          131
            7          146
            7          161
            7          176
            7           10
            7           25
            7           40
            7           55
            7           68
            8          128
            8          141
            8          156
            8          171
            8            5
            8           20
            8           35
            8           50
            8           65
            9          129
            9          142
            9          157
            9          172
            9            6
            9           21
            9           36
            9           51
            9           66
           10          143
           10          158
           10          173
           10            7
           10           22
           10           37
           10           52
           11          144
           11          159
           11          174
           11            8
           11           23
           11           38
           11           53
           12          130
           12          145
           12          160
           12          175
           12            9
           12           24
           12           39
           12           54
           12           67
           13          131
           13          146
           13          161
           13          176
           13           10
           13           25
           13           40
           13           55
           13           68
           14          109
           14          118
           14          127
           14          140
           14          155
           14          170
           14            4
           14           19
           14           34
           14           49
           14           64
           14           77
           14           86
           15          128
           15          141
           15          156
           15          171
           15            5
           15           20
           15           35
           15           50
           15           65
           16          129
           16          142
           16          157
           16          172
           16            6
           16           21
           16           36
           16           51
           16           66
           17          143
           17          158
           17          173
           17            7
           17           22
           17           37
           17           52
           18          144
           18          159
           18          174
           18            8
           18           23
           18           38
           18           53
           19          130
           19          145
           19          160
           19          175
           19            9
           19           24
           19           39
           19           54
           19           67
           20          131
           20          146
           20          161
           20          176
           20           10
           20           25
           20           40
           20           55
           20           68
           21          110
           21          119
           21          132
           21          147
           21          162
           21          177
           21           11
           21           26
           21           41
           21           56
           21           69
           21           78
           21           87
           22          109
           22          118
           22          127
           22          140
           22          155
           22          170
           22            4
           22           19
           22           34
           22           49
           22           64
           22           77
           22           86
           23          128
           23          141
           23          156
           23          171
           23            5
           23           20
           23           35
           23           50
           23           65
           24          129
           24          142
           24          157
           24          172
           24            6
           24           21
           24           36
           24           51
           24           66
           25          143
           25          158
           25          173
           25            7
           25           22
           25           37
           25           52
           26          144
           26          159
           26          174
           26            8
           26           23
           26           38
           26           53
           27          130
           27          145
           27          160
           27          175
           27            9
           27           24
           27           39
           27           54
           27           67
           28          131
           28          146
           28          161
           28          176
           28           10
           28           25
           28           40
           28           55
           28           68
           29          110
           29          119
           29          132
           29          147
           29          162
           29          177
           29           11
           29           26
           29           41
           29           56
           29           69
           29           78
           29           87
           30          128
           30          141
           30          156
           30          171
           30            5
           30           20
           30           35
           30           50
           30           65
           31          129
           31          142
           31          157
           31          172
           31            6
           31           21
           31           36
           31           51
           31           66
           32          143
           32          158
           32          173
           32            7
           32           22
           32           37
           32           52
           33          144
           33          159
           33          174
           33            8
           33           23
           33           38
           33           53
           34          130
           34          145
           34          160
           34          175
           34            9
           34           24
           34           39
           34           54
           34           67
           35          131
           35          146
           35          161
           35          176
           35           10
           35           25
           35           40
           35           55
           35           68
           36          128
           36          141
           36          156
           36          171
           36            5
           36           20
           36           35
           36           50
           36           65
           37          129
           37          142
           37          157
           37          172
           37            6
           37           21
           37           36
           37           51
           37           66
           38          143
           38          158
           38          173
           38            7
           38           22
           38           37
           38           52
           39          144
           39          159
           39          174
           39            8
           39           23
           39           38
           39           53
           40          130
           40          145
           40          160
           40          175
           40            9
           40           24
           40           39
           40           54
           40           67
           41          131
           41          146
           41          161
           41          176
           41           10
           41           25
           41           40
           41           55
           41           68
           42          143
           42          158
           42          173
           42            7
           42           22
           42           37
           42           52
           43          144
           43          159
           43          174
           43            8
           43           23
           43           38
           43           53

                            End of Section: Matrices                            

--------------------------------------------------------------------------------

                              Calculation Details                              

--------------------------------------------------------------------------------

Davidson_Stopping_Criteria = All requested norms below tolerance

                      End of Section: Calculation Details                      

################################################################################

                              End of Output File.                              

################################################################################
