################################################################################

            Output File for HFS, the Hartree-Fock Stability Program            
                              Author: Evan Curtin                              
             Institution: University of Illinois @ Urbana-Champaign             
                          email: ecurtin2@illinois.edu                          
                       Built on Oct 18 2016, at 18:15:44                       

################################################################################

                Computation Started : Tue Oct 18 19:02:27 2016
                
                Computation Finished: Tue Oct 18 19:02:50 2016
                
                     Total Elapsed Time = 23.1773 seconds.                     

--------------------------------------------------------------------------------

                                     Input                                     

--------------------------------------------------------------------------------

Nk = 18
ndim = 2
rs = 1.200000000000000

                             End of Section: Input                             

--------------------------------------------------------------------------------

                                     Output                                     

--------------------------------------------------------------------------------

deltaK = 0.277296776935901
kf = 1.178511301977579
kmax = 2.357022603955159
Nocc = 52
Nvir = 237
Nexc = 524
dav_its = 13
Dav_Final_Val = 0.023249265525502
full_diag_min = 0.023249265525502

                             End of Section: Output                             

--------------------------------------------------------------------------------

                                    Vectors                                    

--------------------------------------------------------------------------------

Occ Energies: 52
-0.155854537404524
-0.287200998921333
-0.287200998921333
-0.155854537404523
-0.273642223121217
-0.539720572900354
-0.665040463585817
-0.665040463585817
-0.539720572900354
-0.273642223121217
-0.155854537404523
-0.539720572900354
-0.782962396319805
-0.901047058233237
-0.901047058233237
-0.782962396319805
-0.539720572900354
-0.155854537404523
-0.287200998921333
-0.665040463585817
-0.901047058233237
-1.016255424975002
-1.016255424975002
-0.901047058233237
-0.665040463585817
-0.287200998921332
-0.287200998921333
-0.665040463585817
-0.901047058233237
-1.016255424975002
-1.016255424975002
-0.901047058233237
-0.665040463585817
-0.287200998921333
-0.155854537404524
-0.539720572900354
-0.782962396319805
-0.901047058233237
-0.901047058233237
-0.782962396319805
-0.539720572900354
-0.155854537404523
-0.273642223121217
-0.539720572900354
-0.665040463585817
-0.665040463585817
-0.539720572900354
-0.273642223121217
-0.155854537404523
-0.287200998921332
-0.287200998921332
-0.155854537404523
Vir Energies: 237
5.294175214471373
4.675601483888610
4.127183815975368
3.650143130057632
3.246762050835764
2.920021301173320
2.672592651686744
2.506250108072120
2.422599083336790
2.422599083336790
2.506250108072120
2.672592651686744
2.920021301173320
3.246762050835764
3.650143130057631
4.127183815975367
4.675601483888610
4.675601483888610
4.056830575654928
3.507812399928911
3.029750980714434
2.624931096525623
2.296448567473078
2.047209762823572
1.879322518173430
1.794776984116257
1.794776984116257
1.879322518173430
2.047209762823572
2.296448567473078
2.624931096525622
3.029750980714434
3.507812399928910
4.056830575654928
4.127183815975368
3.507812399928911
2.956955753471399
2.475733024241197
2.066372365329576
1.732228242604998
1.476870443564147
1.303595996458509
1.215907520298481
1.215907520298481
1.303595996458509
1.476870443564147
1.732228242604998
2.066372365329576
2.475733024241197
2.956955753471398
3.507812399928911
3.650143130057631
3.029750980714434
2.475733024241197
1.988939428026077
1.571301793416552
1.226199345370021
0.957784044952444
0.772013665830174
0.677124185275811
0.677124185275811
0.772013665830174
0.957784044952443
1.226199345370021
1.571301793416552
1.988939428026077
2.475733024241197
3.029750980714434
3.246762050835764
2.624931096525623
2.066372365329576
1.571301793416552
1.140707113480933
0.776809745904706
0.481376337955697
0.261682669824886
0.151063147748023
0.151063147748023
0.261682669824886
0.481376337955697
0.776809745904706
1.140707113480932
1.571301793416552
2.066372365329575
2.624931096525623
2.920021301173320
2.296448567473078
1.732228242604998
1.226199345370021
0.776809745904706
0.382014075768400
0.035617134776696
0.035617134776695
0.382014075768400
0.776809745904706
1.226199345370021
1.732228242604997
2.296448567473078
2.672592651686744
2.047209762823572
1.476870443564147
0.957784044952443
0.481376337955697
0.035617134776696
0.035617134776696
0.481376337955697
0.957784044952443
1.476870443564146
2.047209762823572
2.506250108072120
1.879322518173430
1.303595996458509
0.772013665830174
0.261682669824887
0.261682669824886
0.772013665830174
1.303595996458508
1.879322518173430
2.422599083336790
1.794776984116257
1.215907520298481
0.677124185275811
0.151063147748023
0.151063147748023
0.677124185275811
1.215907520298480
1.794776984116257
2.422599083336790
1.794776984116257
1.215907520298481
0.677124185275811
0.151063147748023
0.151063147748023
0.677124185275811
1.215907520298480
1.794776984116257
2.506250108072120
1.879322518173430
1.303595996458509
0.772013665830174
0.261682669824886
0.261682669824886
0.772013665830174
1.303595996458508
1.879322518173430
2.672592651686744
2.047209762823572
1.476870443564147
0.957784044952443
0.481376337955697
0.035617134776696
0.035617134776696
0.481376337955697
0.957784044952444
1.476870443564146
2.047209762823572
2.920021301173320
2.296448567473078
1.732228242604998
1.226199345370021
0.776809745904706
0.382014075768400
0.035617134776696
0.035617134776696
0.382014075768400
0.776809745904706
1.226199345370021
1.732228242604997
2.296448567473078
3.246762050835764
2.624931096525622
2.066372365329576
1.571301793416552
1.140707113480932
0.776809745904706
0.481376337955697
0.261682669824886
0.151063147748022
0.151063147748023
0.261682669824886
0.481376337955697
0.776809745904706
1.140707113480932
1.571301793416552
2.066372365329575
2.624931096525622
3.650143130057631
3.029750980714434
2.475733024241198
1.988939428026077
1.571301793416552
1.226199345370021
0.957784044952443
0.772013665830174
0.677124185275811
0.677124185275811
0.772013665830174
0.957784044952443
1.226199345370020
1.571301793416552
1.988939428026077
2.475733024241197
3.029750980714434
4.127183815975367
3.507812399928910
2.956955753471398
2.475733024241197
2.066372365329575
1.732228242604997
1.476870443564146
1.303595996458508
1.215907520298480
1.215907520298480
1.303595996458508
1.476870443564146
1.732228242604997
2.066372365329575
2.475733024241197
2.956955753471398
3.507812399928910
4.675601483888610
4.056830575654928
3.507812399928911
3.029750980714434
2.624931096525623
2.296448567473078
2.047209762823572
1.879322518173430
1.794776984116257
1.794776984116257
1.879322518173430
2.047209762823572
2.296448567473078
2.624931096525622
3.029750980714434
3.507812399928910
4.056830575654928
Excitation Energies: 524
0.417537207229409
0.927868203234698
1.459450533863031
2.035177055577954
2.662104645476644
2.035177055577954
1.459450533863032
0.927868203234698
0.417537207229410
0.438264146669355
0.964325184197143
1.503108519219813
2.081977983037590
2.709800082258123
2.081977983037590
1.503108519219814
0.964325184197143
0.438264146669355
0.438264146669355
0.964325184197143
1.503108519219813
2.081977983037590
2.709800082258123
2.081977983037590
1.503108519219814
0.964325184197144
0.438264146669356
0.417537207229409
0.927868203234698
1.459450533863031
2.035177055577953
2.662104645476643
2.035177055577953
1.459450533863032
0.927868203234698
0.417537207229410
0.309259357897913
0.755018561076914
1.231426268073661
1.750512666685364
2.320851985944789
2.946234874807961
2.320851985944789
1.750512666685365
1.231426268073661
0.755018561076914
0.309259357897913
0.801403242725240
1.311734238730528
1.843316569358862
2.419043091073784
3.045970680972474
2.419043091073784
1.843316569358862
1.311734238730528
0.801403242725240
0.816103611333840
1.342164648861628
1.880947983884297
2.459817447702074
3.087639546922607
2.459817447702075
1.880947983884298
1.342164648861628
0.816103611333840
0.816103611333840
1.342164648861628
1.880947983884297
2.459817447702074
3.087639546922607
2.459817447702075
1.880947983884298
1.342164648861628
0.816103611333840
0.801403242725240
1.311734238730528
1.843316569358862
2.419043091073784
3.045970680972474
2.419043091073784
1.843316569358863
1.311734238730528
0.801403242725240
0.309259357897913
0.755018561076914
1.231426268073661
1.750512666685363
2.320851985944789
2.946234874807961
2.320851985944789
1.750512666685364
1.231426268073661
0.755018561076914
0.309259357897913
0.191471672181219
0.537868613172924
0.932664283309229
1.382053882774544
1.888082780009520
2.452303104877601
3.075875838577844
2.452303104877601
1.888082780009521
1.382053882774544
0.932664283309230
0.537868613172923
0.191471672181219
0.575337707677050
1.021096910856051
1.497504617852797
2.016591016464500
2.586930335723926
3.212313224587098
2.586930335723926
2.016591016464501
1.497504617852797
1.021096910856051
0.575337707677049
1.044645066144691
1.554976062149979
2.086558392778312
2.662284914493235
3.289212504391925
2.662284914493235
2.086558392778313
1.554976062149979
1.044645066144691
1.052110205981259
1.578171243509047
2.116954578531717
2.695824042349494
3.323646141570027
2.695824042349494
2.116954578531718
1.578171243509047
1.052110205981259
1.052110205981259
1.578171243509047
2.116954578531717
2.695824042349494
3.323646141570027
2.695824042349494
2.116954578531718
1.578171243509047
1.052110205981259
1.044645066144691
1.554976062149979
2.086558392778313
2.662284914493235
3.289212504391925
2.662284914493235
2.086558392778314
1.554976062149980
1.044645066144692
0.575337707677050
1.021096910856051
1.497504617852797
2.016591016464500
2.586930335723926
3.212313224587098
2.586930335723926
2.016591016464501
1.497504617852798
1.021096910856051
0.575337707677050
0.191471672181219
0.537868613172924
0.932664283309229
1.382053882774544
1.888082780009520
2.452303104877601
3.075875838577844
2.452303104877601
1.888082780009521
1.382053882774544
0.932664283309230
0.537868613172923
0.191471672181219
0.322818133698028
0.669215074689733
1.064010744826038
1.513400344291353
2.019429241526329
2.583649566394410
3.207222300094653
2.583649566394410
2.019429241526331
1.513400344291354
1.064010744826039
0.669215074689733
0.322818133698028
0.700657598362513
1.146416801541514
1.622824508538260
2.141910907149963
2.712250226409389
3.337633115272561
2.712250226409389
2.141910907149964
1.622824508538261
1.146416801541514
0.700657598362513
1.162729728058122
1.673060724063411
2.204643054691744
2.780369576406667
3.407297166305357
2.780369576406667
2.204643054691745
1.673060724063411
1.162729728058123
1.167318572723024
1.693379610250813
2.232162945273482
2.811032409091259
3.438854508311792
2.811032409091260
2.232162945273483
1.693379610250813
1.167318572723025
1.167318572723024
1.693379610250813
2.232162945273482
2.811032409091259
3.438854508311792
2.811032409091260
2.232162945273483
1.693379610250813
1.167318572723025
1.162729728058122
1.673060724063411
2.204643054691744
2.780369576406667
3.407297166305356
2.780369576406667
2.204643054691745
1.673060724063411
1.162729728058123
0.700657598362513
1.146416801541514
1.622824508538260
2.141910907149963
2.712250226409389
3.337633115272561
2.712250226409389
2.141910907149964
1.622824508538260
1.146416801541514
0.700657598362513
0.322818133698028
0.669215074689733
1.064010744826038
1.513400344291353
2.019429241526329
2.583649566394410
3.207222300094653
2.583649566394410
2.019429241526330
1.513400344291353
1.064010744826039
0.669215074689732
0.322818133698028
0.322818133698028
0.669215074689733
1.064010744826038
1.513400344291353
2.019429241526329
2.583649566394410
3.207222300094653
2.583649566394410
2.019429241526331
1.513400344291354
1.064010744826039
0.669215074689733
0.322818133698028
0.700657598362513
1.146416801541514
1.622824508538261
2.141910907149963
2.712250226409389
3.337633115272562
2.712250226409389
2.141910907149964
1.622824508538261
1.146416801541514
0.700657598362513
1.162729728058123
1.673060724063411
2.204643054691745
2.780369576406667
3.407297166305357
2.780369576406667
2.204643054691746
1.673060724063411
1.162729728058123
1.167318572723025
1.693379610250813
2.232162945273482
2.811032409091260
3.438854508311793
2.811032409091260
2.232162945273484
1.693379610250813
1.167318572723025
1.167318572723025
1.693379610250813
2.232162945273482
2.811032409091260
3.438854508311793
2.811032409091260
2.232162945273484
1.693379610250813
1.167318572723025
1.162729728058123
1.673060724063411
2.204643054691744
2.780369576406667
3.407297166305357
2.780369576406667
2.204643054691745
1.673060724063411
1.162729728058123
0.700657598362513
1.146416801541514
1.622824508538260
2.141910907149963
2.712250226409389
3.337633115272561
2.712250226409389
2.141910907149964
1.622824508538261
1.146416801541514
0.700657598362513
0.322818133698028
0.669215074689733
1.064010744826038
1.513400344291353
2.019429241526329
2.583649566394410
3.207222300094653
2.583649566394410
2.019429241526330
1.513400344291353
1.064010744826039
0.669215074689733
0.322818133698028
0.191471672181219
0.537868613172924
0.932664283309229
1.382053882774544
1.888082780009520
2.452303104877601
3.075875838577844
2.452303104877601
1.888082780009522
1.382053882774545
0.932664283309230
0.537868613172924
0.191471672181219
0.575337707677050
1.021096910856051
1.497504617852798
2.016591016464500
2.586930335723926
3.212313224587098
2.586930335723926
2.016591016464501
1.497504617852798
1.021096910856051
0.575337707677050
1.044645066144691
1.554976062149979
2.086558392778313
2.662284914493235
3.289212504391925
2.662284914493235
2.086558392778314
1.554976062149979
1.044645066144691
1.052110205981259
1.578171243509047
2.116954578531717
2.695824042349494
3.323646141570027
2.695824042349494
2.116954578531718
1.578171243509048
1.052110205981260
1.052110205981259
1.578171243509047
2.116954578531717
2.695824042349494
3.323646141570027
2.695824042349494
2.116954578531718
1.578171243509048
1.052110205981259
1.044645066144691
1.554976062149979
2.086558392778313
2.662284914493235
3.289212504391925
2.662284914493235
2.086558392778314
1.554976062149979
1.044645066144691
0.575337707677050
1.021096910856051
1.497504617852797
2.016591016464500
2.586930335723926
3.212313224587098
2.586930335723926
2.016591016464501
1.497504617852797
1.021096910856051
0.575337707677049
0.191471672181219
0.537868613172924
0.932664283309229
1.382053882774544
1.888082780009520
2.452303104877601
3.075875838577844
2.452303104877601
1.888082780009521
1.382053882774544
0.932664283309230
0.537868613172923
0.191471672181219
0.309259357897913
0.755018561076914
1.231426268073661
1.750512666685363
2.320851985944789
2.946234874807961
2.320851985944789
1.750512666685364
1.231426268073661
0.755018561076914
0.309259357897913
0.801403242725240
1.311734238730528
1.843316569358862
2.419043091073784
3.045970680972474
2.419043091073784
1.843316569358863
1.311734238730528
0.801403242725240
0.816103611333840
1.342164648861628
1.880947983884297
2.459817447702074
3.087639546922607
2.459817447702075
1.880947983884298
1.342164648861628
0.816103611333840
0.816103611333840
1.342164648861628
1.880947983884297
2.459817447702074
3.087639546922607
2.459817447702075
1.880947983884298
1.342164648861628
0.816103611333840
0.801403242725240
1.311734238730528
1.843316569358862
2.419043091073784
3.045970680972474
2.419043091073784
1.843316569358863
1.311734238730528
0.801403242725240
0.309259357897913
0.755018561076914
1.231426268073660
1.750512666685363
2.320851985944789
2.946234874807961
2.320851985944789
1.750512666685364
1.231426268073660
0.755018561076914
0.309259357897912
0.417537207229409
0.927868203234697
1.459450533863031
2.035177055577954
2.662104645476643
2.035177055577954
1.459450533863032
0.927868203234698
0.417537207229410
0.438264146669355
0.964325184197143
1.503108519219812
2.081977983037589
2.709800082258123
2.081977983037590
1.503108519219813
0.964325184197143
0.438264146669355
0.438264146669355
0.964325184197143
1.503108519219812
2.081977983037589
2.709800082258123
2.081977983037590
1.503108519219813
0.964325184197143
0.438264146669355
0.417537207229409
0.927868203234698
1.459450533863031
2.035177055577953
2.662104645476643
2.035177055577953
1.459450533863032
0.927868203234698
0.417537207229410
Kgrid: 18
-2.357022603955159
-2.079725827019257
-1.802429050083357
-1.525132273147455
-1.247835496211555
-0.970538719275654
-0.693241942339752
-0.415945165403852
-0.138648388467951
0.138648388467951
0.415945165403851
0.693241942339752
0.970538719275654
1.247835496211554
1.525132273147455
1.802429050083356
2.079725827019257
2.357022603955159
All Davidson Eigenvalues at Last Iteration: 180
0.023249265525502
0.023249265525503
0.038591852139658
0.107874091091747
0.120595352142235
0.120595352142241
0.142861071829414
0.177085589678803
0.182070448946300
0.184737311206732
0.192571978336710
0.199543616507451
0.237261155023541
0.237726931996887
0.259896771023666
0.269023594609593
0.269123587020430
0.274481449177131
0.297015865571003
0.300421357423749
0.305975091525670
0.319339038379260
0.321014172709467
0.326381579480460
0.327343821117487
0.327905701765772
0.338342608279869
0.355309524128597
0.355645040413065
0.357272776692129
0.358641107249500
0.363392774444119
0.364607801799095
0.368831221204272
0.373293535550335
0.379810806157972
0.429044074133903
0.429275714082119
0.442644630674283
0.447524440114016
0.450762322805971
0.453913206365540
0.461866994648581
0.468762738285571
0.468782157259314
0.477466907232677
0.485259311973069
0.485352519794876
0.487847695467308
0.495781087638655
0.495781484777918
0.504149183252775
0.507824190553972
0.510682724009590
0.528308275967982
0.538349815633199
0.601959825755274
0.613071940374021
0.619765675129715
0.627995637304175
0.642996150131228
0.645224856123280
0.645844149001196
0.649447174718477
0.650584070007757
0.652439359142584
0.659850637067475
0.663311618668465
0.693594108154152
0.700500392004505
0.720503544831595
0.739824274910322
0.749334945225356
0.756013522055973
0.779414761892505
0.792932965038365
0.793782897516543
0.799374337348265
0.806053863109232
0.811318556469263
0.826639963762651
0.844312136546739
0.846087909285691
0.849586787551672
0.870563418921639
0.891281147911530
0.894982099222123
0.906787694473175
0.915288338118257
0.917233494549652
0.920386313477951
0.927614696182601
0.935050920145054
0.941215018504206
0.944382841651429
0.955162587300855
0.981681821482677
0.983907435404647
0.986507804745473
0.989159846538482
1.003118440303504
1.019455205996897
1.020041794825235
1.028905112128060
1.046531293494497
1.081315934521643
1.086493290048582
1.098566390495225
1.120995792753357
1.143609286229633
1.177076343834687
1.191096908606479
1.217503340323331
1.221768713099871
1.228836202365692
1.240157244441275
1.245523615022345
1.252840038311041
1.266970698426036
1.284769223167044
1.290401833056814
1.307717758238166
1.312461279269246
1.325967166173870
1.335006565329077
1.354757213732869
1.362035672059176
1.383398420449045
1.394565959411480
1.412284770798405
1.429530189900398
1.454101149078311
1.467221886541126
1.470001085423428
1.474812326555335
1.507064985328520
1.520388658800432
1.521759110971737
1.527627405371091
1.549259672508659
1.558237749354886
1.558304253238677
1.570934303991387
1.627003532552917
1.643720873163073
1.657801682901089
1.682539751402266
1.742900013058109
1.767890637751848
1.785834052152411
1.812536852899020
1.836922961366622
1.848087519050985
1.860529723918695
1.883514997031689
1.905549887257112
1.939871141520955
1.946823558913034
1.997465283000536
2.031427442837612
2.043406914755738
2.049310548939496
2.093487642128218
2.099566755129580
2.114594378475230
2.136908294560366
2.136933707178132
2.304685922042147
2.310987731295205
2.386633118737725
2.424807698214878
2.434606144185623
2.477711916575775
2.493646283293624
2.614810851674101
2.674915466049737
2.726701111608101
2.764680547074586
2.940466442458843
3.069855265602470
Davidson lowest eigenvalues at each iteration: 13
0.273485179323254
0.114642179360709
0.027697938597703
0.023290367018615
0.023249443515540
0.023249266176394
0.023249265537387
0.023249265527437
0.023249265525535
0.023249265525502
0.023249265525504
0.023249265525503
0.023249265525502

                            End of Section: Vectors                            

--------------------------------------------------------------------------------

                                    Matrices                                    

--------------------------------------------------------------------------------

Occupied States: 52 x 2
         5         7
         5         8
         5         9
         5        10
         6         6
         6         7
         6         8
         6         9
         6        10
         6        11
         7         5
         7         6
         7         7
         7         8
         7         9
         7        10
         7        11
         7        12
         8         5
         8         6
         8         7
         8         8
         8         9
         8        10
         8        11
         8        12
         9         5
         9         6
         9         7
         9         8
         9         9
         9        10
         9        11
         9        12
        10         5
        10         6
        10         7
        10         8
        10         9
        10        10
        10        11
        10        12
        11         6
        11         7
        11         8
        11         9
        11        10
        11        11
        12         7
        12         8
        12         9
        12        10
Virtual States: 237 x 2
         0         0
         0         1
         0         2
         0         3
         0         4
         0         5
         0         6
         0         7
         0         8
         0         9
         0        10
         0        11
         0        12
         0        13
         0        14
         0        15
         0        16
         1         0
         1         1
         1         2
         1         3
         1         4
         1         5
         1         6
         1         7
         1         8
         1         9
         1        10
         1        11
         1        12
         1        13
         1        14
         1        15
         1        16
         2         0
         2         1
         2         2
         2         3
         2         4
         2         5
         2         6
         2         7
         2         8
         2         9
         2        10
         2        11
         2        12
         2        13
         2        14
         2        15
         2        16
         3         0
         3         1
         3         2
         3         3
         3         4
         3         5
         3         6
         3         7
         3         8
         3         9
         3        10
         3        11
         3        12
         3        13
         3        14
         3        15
         3        16
         4         0
         4         1
         4         2
         4         3
         4         4
         4         5
         4         6
         4         7
         4         8
         4         9
         4        10
         4        11
         4        12
         4        13
         4        14
         4        15
         4        16
         5         0
         5         1
         5         2
         5         3
         5         4
         5         5
         5         6
         5        11
         5        12
         5        13
         5        14
         5        15
         5        16
         6         0
         6         1
         6         2
         6         3
         6         4
         6         5
         6        12
         6        13
         6        14
         6        15
         6        16
         7         0
         7         1
         7         2
         7         3
         7         4
         7        13
         7        14
         7        15
         7        16
         8         0
         8         1
         8         2
         8         3
         8         4
         8        13
         8        14
         8        15
         8        16
         9         0
         9         1
         9         2
         9         3
         9         4
         9        13
         9        14
         9        15
         9        16
        10         0
        10         1
        10         2
        10         3
        10         4
        10        13
        10        14
        10        15
        10        16
        11         0
        11         1
        11         2
        11         3
        11         4
        11         5
        11        12
        11        13
        11        14
        11        15
        11        16
        12         0
        12         1
        12         2
        12         3
        12         4
        12         5
        12         6
        12        11
        12        12
        12        13
        12        14
        12        15
        12        16
        13         0
        13         1
        13         2
        13         3
        13         4
        13         5
        13         6
        13         7
        13         8
        13         9
        13        10
        13        11
        13        12
        13        13
        13        14
        13        15
        13        16
        14         0
        14         1
        14         2
        14         3
        14         4
        14         5
        14         6
        14         7
        14         8
        14         9
        14        10
        14        11
        14        12
        14        13
        14        14
        14        15
        14        16
        15         0
        15         1
        15         2
        15         3
        15         4
        15         5
        15         6
        15         7
        15         8
        15         9
        15        10
        15        11
        15        12
        15        13
        15        14
        15        15
        15        16
        16         0
        16         1
        16         2
        16         3
        16         4
        16         5
        16         6
        16         7
        16         8
        16         9
        16        10
        16        11
        16        12
        16        13
        16        14
        16        15
        16        16
Excitations: 524 x 2
            0          176
            0          193
            0          210
            0          227
            0            7
            0           24
            0           41
            0           58
            0           75
            1          177
            1          194
            1          211
            1          228
            1            8
            1           25
            1           42
            1           59
            1           76
            2          178
            2          195
            2          212
            2          229
            2            9
            2           26
            2           43
            2           60
            2           77
            3          179
            3          196
            3          213
            3          230
            3           10
            3           27
            3           44
            3           61
            3           78
            4          162
            4          175
            4          192
            4          209
            4          226
            4            6
            4           23
            4           40
            4           57
            4           74
            4           91
            5          176
            5          193
            5          210
            5          227
            5            7
            5           24
            5           41
            5           58
            5           75
            6          177
            6          194
            6          211
            6          228
            6            8
            6           25
            6           42
            6           59
            6           76
            7          178
            7          195
            7          212
            7          229
            7            9
            7           26
            7           43
            7           60
            7           77
            8          179
            8          196
            8          213
            8          230
            8           10
            8           27
            8           44
            8           61
            8           78
            9          163
            9          180
            9          197
            9          214
            9          231
            9           11
            9           28
            9           45
            9           62
            9           79
            9           92
           10          150
           10          161
           10          174
           10          191
           10          208
           10          225
           10            5
           10           22
           10           39
           10           56
           10           73
           10           90
           10          103
           11          162
           11          175
           11          192
           11          209
           11          226
           11            6
           11           23
           11           40
           11           57
           11           74
           11           91
           12          176
           12          193
           12          210
           12          227
           12            7
           12           24
           12           41
           12           58
           12           75
           13          177
           13          194
           13          211
           13          228
           13            8
           13           25
           13           42
           13           59
           13           76
           14          178
           14          195
           14          212
           14          229
           14            9
           14           26
           14           43
           14           60
           14           77
           15          179
           15          196
           15          213
           15          230
           15           10
           15           27
           15           44
           15           61
           15           78
           16          163
           16          180
           16          197
           16          214
           16          231
           16           11
           16           28
           16           45
           16           62
           16           79
           16           92
           17          151
           17          164
           17          181
           17          198
           17          215
           17          232
           17           12
           17           29
           17           46
           17           63
           17           80
           17           93
           17          104
           18          150
           18          161
           18          174
           18          191
           18          208
           18          225
           18            5
           18           22
           18           39
           18           56
           18           73
           18           90
           18          103
           19          162
           19          175
           19          192
           19          209
           19          226
           19            6
           19           23
           19           40
           19           57
           19           74
           19           91
           20          176
           20          193
           20          210
           20          227
           20            7
           20           24
           20           41
           20           58
           20           75
           21          177
           21          194
           21          211
           21          228
           21            8
           21           25
           21           42
           21           59
           21           76
           22          178
           22          195
           22          212
           22          229
           22            9
           22           26
           22           43
           22           60
           22           77
           23          179
           23          196
           23          213
           23          230
           23           10
           23           27
           23           44
           23           61
           23           78
           24          163
           24          180
           24          197
           24          214
           24          231
           24           11
           24           28
           24           45
           24           62
           24           79
           24           92
           25          151
           25          164
           25          181
           25          198
           25          215
           25          232
           25           12
           25           29
           25           46
           25           63
           25           80
           25           93
           25          104
           26          150
           26          161
           26          174
           26          191
           26          208
           26          225
           26            5
           26           22
           26           39
           26           56
           26           73
           26           90
           26          103
           27          162
           27          175
           27          192
           27          209
           27          226
           27            6
           27           23
           27           40
           27           57
           27           74
           27           91
           28          176
           28          193
           28          210
           28          227
           28            7
           28           24
           28           41
           28           58
           28           75
           29          177
           29          194
           29          211
           29          228
           29            8
           29           25
           29           42
           29           59
           29           76
           30          178
           30          195
           30          212
           30          229
           30            9
           30           26
           30           43
           30           60
           30           77
           31          179
           31          196
           31          213
           31          230
           31           10
           31           27
           31           44
           31           61
           31           78
           32          163
           32          180
           32          197
           32          214
           32          231
           32           11
           32           28
           32           45
           32           62
           32           79
           32           92
           33          151
           33          164
           33          181
           33          198
           33          215
           33          232
           33           12
           33           29
           33           46
           33           63
           33           80
           33           93
           33          104
           34          150
           34          161
           34          174
           34          191
           34          208
           34          225
           34            5
           34           22
           34           39
           34           56
           34           73
           34           90
           34          103
           35          162
           35          175
           35          192
           35          209
           35          226
           35            6
           35           23
           35           40
           35           57
           35           74
           35           91
           36          176
           36          193
           36          210
           36          227
           36            7
           36           24
           36           41
           36           58
           36           75
           37          177
           37          194
           37          211
           37          228
           37            8
           37           25
           37           42
           37           59
           37           76
           38          178
           38          195
           38          212
           38          229
           38            9
           38           26
           38           43
           38           60
           38           77
           39          179
           39          196
           39          213
           39          230
           39           10
           39           27
           39           44
           39           61
           39           78
           40          163
           40          180
           40          197
           40          214
           40          231
           40           11
           40           28
           40           45
           40           62
           40           79
           40           92
           41          151
           41          164
           41          181
           41          198
           41          215
           41          232
           41           12
           41           29
           41           46
           41           63
           41           80
           41           93
           41          104
           42          162
           42          175
           42          192
           42          209
           42          226
           42            6
           42           23
           42           40
           42           57
           42           74
           42           91
           43          176
           43          193
           43          210
           43          227
           43            7
           43           24
           43           41
           43           58
           43           75
           44          177
           44          194
           44          211
           44          228
           44            8
           44           25
           44           42
           44           59
           44           76
           45          178
           45          195
           45          212
           45          229
           45            9
           45           26
           45           43
           45           60
           45           77
           46          179
           46          196
           46          213
           46          230
           46           10
           46           27
           46           44
           46           61
           46           78
           47          163
           47          180
           47          197
           47          214
           47          231
           47           11
           47           28
           47           45
           47           62
           47           79
           47           92
           48          176
           48          193
           48          210
           48          227
           48            7
           48           24
           48           41
           48           58
           48           75
           49          177
           49          194
           49          211
           49          228
           49            8
           49           25
           49           42
           49           59
           49           76
           50          178
           50          195
           50          212
           50          229
           50            9
           50           26
           50           43
           50           60
           50           77
           51          179
           51          196
           51          213
           51          230
           51           10
           51           27
           51           44
           51           61
           51           78

                            End of Section: Matrices                            

--------------------------------------------------------------------------------

                              Calculation Details                              

--------------------------------------------------------------------------------

Davidson_Stopping_Criteria = All requested norms below tolerance

                      End of Section: Calculation Details                      

################################################################################

                              End of Output File.                              

################################################################################
