################################################################################

            Output File for HFS, the Hartree-Fock Stability Program            
                              Author: Evan Curtin                              
             Institution: University of Illinois @ Urbana-Champaign             
                          email: ecurtin2@illinois.edu                          
                       Built on Oct 18 2016, at 18:15:44                       

################################################################################

                Computation Started : Tue Oct 18 19:07:32 2016
                
                Computation Finished: Tue Oct 18 19:08:36 2016
                
                     Total Elapsed Time = 63.6296 seconds.                     

--------------------------------------------------------------------------------

                                     Input                                     

--------------------------------------------------------------------------------

Nk = 21
ndim = 2
rs = 1.200000000000000

                             End of Section: Input                             

--------------------------------------------------------------------------------

                                     Output                                     

--------------------------------------------------------------------------------

deltaK = 0.235702260395516
kf = 1.178511301977579
kmax = 2.357022603955159
Nocc = 81
Nvir = 319
Nexc = 913
dav_its = 11
Dav_Final_Val = -0.055780815654405
full_diag_min = -0.055780815654405

                             End of Section: Output                             

--------------------------------------------------------------------------------

                                    Vectors                                    

--------------------------------------------------------------------------------

Occ Energies: 81
0.046794585650467
0.022234777171763
-0.185876259724881
-0.308678391279499
-0.356303631874573
-0.308678391279500
-0.185876259724881
0.022234777171763
0.022234777171763
-0.288627953746986
-0.495628660791475
-0.615738438295860
-0.655791187990272
-0.615738438295860
-0.495628660791476
-0.288627953746986
0.022234777171763
-0.185876259724881
-0.495628660791476
-0.700835093674404
-0.820137089960576
-0.859443836150698
-0.820137089960576
-0.700835093674404
-0.495628660791476
-0.185876259724882
-0.308678391279499
-0.615738438295860
-0.820137089960575
-0.939166860760545
-0.978359576906659
-0.939166860760546
-0.820137089960576
-0.615738438295860
-0.308678391279500
0.046794585650468
-0.356303631874573
-0.655791187990272
-0.859443836150698
-0.978359576906659
-1.017530081679512
-0.978359576906659
-0.859443836150698
-0.655791187990272
-0.356303631874574
0.046794585650468
-0.308678391279500
-0.615738438295860
-0.820137089960576
-0.939166860760546
-0.978359576906659
-0.939166860760546
-0.820137089960576
-0.615738438295861
-0.308678391279500
-0.185876259724881
-0.495628660791476
-0.700835093674404
-0.820137089960576
-0.859443836150699
-0.820137089960576
-0.700835093674405
-0.495628660791476
-0.185876259724882
0.022234777171763
-0.288627953746986
-0.495628660791476
-0.615738438295860
-0.655791187990272
-0.615738438295861
-0.495628660791476
-0.288627953746986
0.022234777171763
0.022234777171763
-0.185876259724882
-0.308678391279500
-0.356303631874573
-0.308678391279500
-0.185876259724882
0.022234777171763
0.046794585650468
Vir Energies: 319
5.289785623275367
4.759299088572695
4.280056404946848
3.852274541577966
3.476352419142000
3.153815261491503
2.887578179046002
2.678891768155179
2.528807535053118
2.438286620436337
2.408026442124292
2.438286620436337
2.528807535053118
2.678891768155179
2.887578179046001
3.153815261491503
3.476352419141999
3.852274541577966
4.280056404946848
4.759299088572695
4.759299088572695
4.228706973096158
3.749143778206430
3.320819278955720
2.944131409017913
2.620629440214042
2.353304592159290
2.143548396822928
1.992535087043657
1.901360805984082
1.870860427163853
1.901360805984082
1.992535087043657
2.143548396822928
2.353304592159289
2.620629440214042
2.944131409017912
3.320819278955720
3.749143778206429
4.228706973096158
4.280056404946848
3.749143778206430
3.268600733063027
2.838598271952810
2.459504774885591
2.132915070707202
1.862123354802717
1.648904825050823
1.494835493109417
1.401432232052656
1.370075385429414
1.401432232052656
1.494835493109417
1.648904825050823
1.862123354802717
2.132915070707202
2.459504774885591
2.838598271952809
3.268600733063026
3.749143778206430
3.852274541577966
3.320819278955720
2.838598271952810
2.405666743088093
2.022251885394074
1.689909738820935
1.412429033053544
1.192385982675434
1.032198018722178
0.933854118136139
0.900230375845774
0.933854118136139
1.032198018722178
1.192385982675433
1.412429033053543
1.689909738820935
2.022251885394074
2.405666743088092
2.838598271952809
3.320819278955720
3.476352419142000
2.944131409017913
2.459504774885590
2.022251885394074
1.632156688856593
1.290307939722884
1.000815143446308
0.768019476226709
0.596927728528310
0.487667073959739
0.443801514627421
0.487667073959738
0.596927728528310
0.768019476226709
1.000815143446307
1.290307939722884
1.632156688856593
2.022251885394073
2.459504774885590
2.944131409017913
3.153815261491503
2.620629440214042
2.132915070707202
1.689909738820935
1.290307939722884
0.933466686420743
0.621275365150220
0.359172795308050
0.170447121075150
0.045571245249977
0.045571245249977
0.170447121075149
0.359172795308050
0.621275365150219
0.933466686420743
1.290307939722884
1.689909738820935
2.132915070707201
2.620629440214042
2.887578179046002
2.353304592159289
1.862123354802717
1.412429033053544
1.000815143446308
0.621275365150220
0.267521755385467
0.267521755385466
0.621275365150220
1.000815143446308
1.412429033053543
1.862123354802717
2.353304592159289
2.678891768155179
2.143548396822928
1.648904825050823
1.192385982675434
0.768019476226709
0.359172795308050
0.359172795308051
0.768019476226709
1.192385982675433
1.648904825050822
2.143548396822928
2.528807535053118
1.992535087043657
1.494835493109417
1.032198018722178
0.596927728528310
0.170447121075150
0.170447121075150
0.596927728528310
1.032198018722177
1.494835493109416
1.992535087043657
2.438286620436337
1.901360805984082
1.401432232052656
0.933854118136139
0.487667073959739
0.045571245249977
0.045571245249977
0.487667073959738
0.933854118136138
1.401432232052655
1.901360805984082
2.408026442124292
1.870860427163853
1.370075385429414
0.900230375845774
0.443801514627421
0.443801514627420
0.900230375845773
1.370075385429413
1.870860427163853
2.438286620436337
1.901360805984082
1.401432232052656
0.933854118136139
0.487667073959738
0.045571245249977
0.045571245249977
0.487667073959738
0.933854118136138
1.401432232052655
1.901360805984082
2.528807535053118
1.992535087043657
1.494835493109417
1.032198018722178
0.596927728528310
0.170447121075149
0.170447121075150
0.596927728528310
1.032198018722177
1.494835493109416
1.992535087043657
2.678891768155179
2.143548396822928
1.648904825050823
1.192385982675433
0.768019476226709
0.359172795308050
0.359172795308051
0.768019476226709
1.192385982675433
1.648904825050822
2.143548396822928
2.887578179046001
2.353304592159289
1.862123354802717
1.412429033053543
1.000815143446307
0.621275365150219
0.267521755385466
0.267521755385466
0.621275365150219
1.000815143446307
1.412429033053543
1.862123354802717
2.353304592159289
3.153815261491503
2.620629440214042
2.132915070707202
1.689909738820935
1.290307939722884
0.933466686420743
0.621275365150220
0.359172795308051
0.170447121075150
0.045571245249977
0.045571245249977
0.170447121075150
0.359172795308051
0.621275365150219
0.933466686420743
1.290307939722884
1.689909738820935
2.132915070707202
2.620629440214042
3.476352419141999
2.944131409017912
2.459504774885590
2.022251885394074
1.632156688856593
1.290307939722884
1.000815143446307
0.768019476226709
0.596927728528310
0.487667073959738
0.443801514627420
0.487667073959738
0.596927728528309
0.768019476226709
1.000815143446307
1.290307939722884
1.632156688856592
2.022251885394073
2.459504774885589
2.944131409017912
3.852274541577966
3.320819278955720
2.838598271952809
2.405666743088092
2.022251885394073
1.689909738820935
1.412429033053543
1.192385982675432
1.032198018722177
0.933854118136138
0.900230375845773
0.933854118136138
1.032198018722177
1.192385982675433
1.412429033053543
1.689909738820935
2.022251885394073
2.405666743088092
2.838598271952808
3.320819278955720
4.280056404946848
3.749143778206429
3.268600733063026
2.838598271952809
2.459504774885590
2.132915070707202
1.862123354802717
1.648904825050822
1.494835493109416
1.401432232052655
1.370075385429413
1.401432232052655
1.494835493109416
1.648904825050822
1.862123354802717
2.132915070707202
2.459504774885590
2.838598271952808
3.268600733063026
3.749143778206429
4.759299088572695
4.228706973096158
3.749143778206430
3.320819278955720
2.944131409017913
2.620629440214042
2.353304592159290
2.143548396822928
1.992535087043657
1.901360805984082
1.870860427163853
1.901360805984082
1.992535087043657
2.143548396822928
2.353304592159289
2.620629440214042
2.944131409017912
3.320819278955720
3.749143778206429
4.228706973096158
Excitation Energies: 913
0.397006928976953
0.853435790195306
1.323280799778945
1.824065841513385
2.361231856473825
1.824065841513385
1.323280799778946
0.853435790195307
0.397006928976953
0.336938018136287
0.745784699054945
1.170151205503669
1.626670047879059
2.121313619651165
2.656656990983415
2.121313619651165
1.626670047879060
1.170151205503670
0.745784699054946
0.336938018136287
0.356323380800031
0.782803988253191
1.218074278447058
1.680711752834297
2.178411346768538
2.714683794777999
2.178411346768538
1.680711752834298
1.218074278447059
0.782803988253192
0.356323380800031
0.354249636529477
0.796345465239237
1.242532509415637
1.710110623332154
2.210039197263582
2.746965011715836
2.210039197263582
1.710110623332155
1.242532509415638
0.796345465239238
0.354249636529476
0.800105146501993
1.256534007720346
1.726379017303986
2.227164059038426
2.764330073998865
2.227164059038426
1.726379017303987
1.256534007720347
0.800105146501994
0.354249636529477
0.796345465239237
1.242532509415638
1.710110623332154
2.210039197263582
2.746965011715836
2.210039197263582
1.710110623332155
1.242532509415638
0.796345465239238
0.354249636529476
0.356323380800031
0.782803988253191
1.218074278447058
1.680711752834297
2.178411346768538
2.714683794777999
2.178411346768538
1.680711752834298
1.218074278447059
0.782803988253191
0.356323380800031
0.336938018136288
0.745784699054946
1.170151205503670
1.626670047879059
2.121313619651165
2.656656990983416
2.121313619651165
1.626670047879060
1.170151205503670
0.745784699054946
0.336938018136287
0.245286978213703
0.599040587978456
0.978580366274544
1.390194255881780
1.839888577630953
2.331069814987527
2.865343401874238
2.331069814987527
1.839888577630954
1.390194255881781
0.978580366274544
0.599040587978456
0.245286978213704
0.647800749055036
1.056647429973695
1.481013936422418
1.937532778797808
2.432176350569914
2.967519721902165
2.432176350569914
1.937532778797809
1.481013936422420
1.056647429973695
0.647800749055036
0.666075781866625
1.092556389319785
1.527826679513652
1.990464153900891
2.488163747835132
3.024436195844594
2.488163747835133
1.990464153900892
1.527826679513653
1.092556389319786
0.666075781866625
0.661309683545837
1.103405512255598
1.549592556431998
2.017170670348515
2.517099244279942
3.054025058732197
2.517099244279942
2.017170670348515
1.549592556431999
1.103405512255599
0.661309683545837
1.099592702617692
1.556021563836045
2.025866573419685
2.526651615154125
3.063817630114564
2.526651615154125
2.025866573419686
1.556021563836046
1.099592702617693
0.661309683545838
1.103405512255598
1.549592556431998
2.017170670348515
2.517099244279942
3.054025058732197
2.517099244279942
2.017170670348516
1.549592556431999
1.103405512255599
0.661309683545837
0.666075781866626
1.092556389319785
1.527826679513653
1.990464153900891
2.488163747835133
3.024436195844594
2.488163747835133
1.990464153900892
1.527826679513653
1.092556389319786
0.666075781866625
0.647800749055037
1.056647429973695
1.481013936422419
1.937532778797808
2.432176350569914
2.967519721902165
2.432176350569914
1.937532778797809
1.481013936422419
1.056647429973695
0.647800749055036
0.245286978213703
0.599040587978456
0.978580366274544
1.390194255881780
1.839888577630953
2.331069814987526
2.865343401874238
2.331069814987526
1.839888577630954
1.390194255881780
0.978580366274544
0.599040587978456
0.245286978213703
0.453398015110347
0.807151624875101
1.186691403171188
1.598305292778424
2.047999614527598
2.539180851884171
3.073454438770883
2.539180851884171
2.047999614527598
1.598305292778425
1.186691403171189
0.807151624875101
0.453398015110348
0.854801456099526
1.263648137018184
1.688014643466908
2.144533485842298
2.639177057614404
3.174520428946654
2.639177057614404
2.144533485842299
1.688014643466909
1.263648137018185
0.854801456099526
0.871282214749554
1.297762822202714
1.733033112396581
2.195670586783820
2.693370180718061
3.229642628727523
2.693370180718062
2.195670586783821
1.733033112396582
1.297762822202715
0.871282214749554
0.865708335210553
1.307804163920314
1.753991208096714
2.221569322013230
2.721497895944657
3.258423710396912
2.721497895944657
2.221569322013231
1.753991208096715
1.307804163920314
0.865708335210552
1.303245350778119
1.759674211996471
2.229519221580111
2.730304263314551
3.267470278274990
2.730304263314551
2.229519221580112
1.759674211996472
1.303245350778119
0.865708335210553
1.307804163920313
1.753991208096713
2.221569322013230
2.721497895944657
3.258423710396912
2.721497895944657
2.221569322013231
1.753991208096714
1.307804163920314
0.865708335210552
0.871282214749554
1.297762822202714
1.733033112396581
2.195670586783820
2.693370180718061
3.229642628727523
2.693370180718062
2.195670586783821
1.733033112396582
1.297762822202714
0.871282214749554
0.854801456099527
1.263648137018184
1.688014643466909
2.144533485842298
2.639177057614404
3.174520428946654
2.639177057614404
2.144533485842299
1.688014643466909
1.263648137018185
0.854801456099526
0.453398015110348
0.807151624875101
1.186691403171188
1.598305292778424
2.047999614527598
2.539180851884171
3.073454438770883
2.539180851884171
2.047999614527598
1.598305292778425
1.186691403171189
0.807151624875101
0.453398015110348
0.576200146664966
0.929953756429719
1.309493534725807
1.721107424333042
2.170801746082216
2.661982983438789
3.196256570325501
2.661982983438789
2.170801746082217
1.721107424333043
1.309493534725807
0.929953756429719
0.576200146664966
0.974911233603911
1.383757914522569
1.808124420971293
2.264643263346683
2.759286835118789
3.294630206451039
2.759286835118789
2.264643263346684
1.808124420971294
1.383757914522570
0.974911233603911
0.990584211035725
1.417064818488885
1.852335108682752
2.314972583069991
2.812672177004232
3.348944625013694
2.812672177004233
2.314972583069992
1.852335108682753
1.417064818488886
0.990584211035725
0.984738106010523
1.426833934720284
1.873020978896684
2.340599092813200
2.840527666744627
3.377453481196882
2.840527666744627
2.340599092813201
1.873020978896685
1.426833934720284
0.984738106010522
1.422161091534079
1.878589952752432
2.348434962336072
2.849220004070512
3.386386019030951
2.849220004070512
2.348434962336073
1.878589952752433
1.422161091534080
0.984738106010523
1.426833934720283
1.873020978896684
2.340599092813200
2.840527666744628
3.377453481196882
2.840527666744628
2.340599092813201
1.873020978896684
1.426833934720284
0.984738106010522
0.990584211035725
1.417064818488885
1.852335108682752
2.314972583069991
2.812672177004233
3.348944625013694
2.812672177004233
2.314972583069992
1.852335108682753
1.417064818488886
0.990584211035725
0.974911233603911
1.383757914522569
1.808124420971293
2.264643263346682
2.759286835118789
3.294630206451039
2.759286835118789
2.264643263346684
1.808124420971294
1.383757914522569
0.974911233603911
0.576200146664966
0.929953756429719
1.309493534725807
1.721107424333042
2.170801746082216
2.661982983438789
3.196256570325501
2.661982983438789
2.170801746082217
1.721107424333043
1.309493534725807
0.929953756429719
0.576200146664966
-0.001223340400491
0.123652535424681
0.312378209657582
0.574480779499751
0.886672100770275
1.243513354072416
1.643115153170467
2.086120485056734
2.573834854563574
3.107020675841035
2.573834854563574
2.086120485056735
1.643115153170467
1.243513354072417
0.886672100770275
0.574480779499752
0.312378209657582
0.123652535424682
-0.001223340400491
0.623825387260039
0.977578997024793
1.357118775320880
1.768732664928116
2.218426986677290
2.709608224033863
3.243881810920575
2.709608224033863
2.218426986677291
1.768732664928117
1.357118775320881
0.977578997024793
0.623825387260040
1.014963983298323
1.423810664216981
1.848177170665704
2.304696013041094
2.799339584813200
3.334682956145451
2.799339584813200
2.304696013041095
1.848177170665706
1.423810664216981
1.014963983298322
1.029890957225848
1.456371564679008
1.891641854872875
2.354279329260114
2.851978923194355
3.388251371203816
2.851978923194356
2.354279329260115
1.891641854872876
1.456371564679009
1.029890957225848
1.023930822156636
1.466026650866397
1.912213695042797
2.379791808959314
2.879720382890741
3.416646197342996
2.879720382890741
2.379791808959315
1.912213695042798
1.466026650866397
1.023930822156636
1.461331596306932
1.917760457525285
2.387605467108925
2.888390508843365
3.425556523803804
2.888390508843365
2.387605467108926
1.917760457525286
1.461331596306933
1.023930822156637
1.466026650866397
1.912213695042797
2.379791808959314
2.879720382890742
3.416646197342996
2.879720382890742
2.379791808959315
1.912213695042798
1.466026650866398
1.023930822156636
1.029890957225848
1.456371564679008
1.891641854872875
2.354279329260114
2.851978923194356
3.388251371203816
2.851978923194356
2.354279329260115
1.891641854872876
1.456371564679009
1.029890957225848
1.014963983298323
1.423810664216981
1.848177170665705
2.304696013041094
2.799339584813200
3.334682956145451
2.799339584813200
2.304696013041095
1.848177170665706
1.423810664216981
1.014963983298323
0.623825387260040
0.977578997024793
1.357118775320880
1.768732664928116
2.218426986677290
2.709608224033863
3.243881810920575
2.709608224033863
2.218426986677291
1.768732664928117
1.357118775320881
0.977578997024793
0.623825387260040
-0.001223340400491
0.123652535424682
0.312378209657583
0.574480779499751
0.886672100770275
1.243513354072416
1.643115153170467
2.086120485056734
2.573834854563574
3.107020675841035
2.573834854563574
2.086120485056735
1.643115153170467
1.243513354072416
0.886672100770275
0.574480779499752
0.312378209657583
0.123652535424682
-0.001223340400491
0.576200146664966
0.929953756429719
1.309493534725807
1.721107424333042
2.170801746082216
2.661982983438789
3.196256570325501
2.661982983438789
2.170801746082217
1.721107424333043
1.309493534725807
0.929953756429719
0.576200146664966
0.974911233603911
1.383757914522569
1.808124420971293
2.264643263346683
2.759286835118789
3.294630206451039
2.759286835118789
2.264643263346684
1.808124420971294
1.383757914522570
0.974911233603911
0.990584211035726
1.417064818488885
1.852335108682753
2.314972583069991
2.812672177004233
3.348944625013694
2.812672177004233
2.314972583069992
1.852335108682754
1.417064818488886
0.990584211035725
0.984738106010523
1.426833934720284
1.873020978896684
2.340599092813200
2.840527666744628
3.377453481196882
2.840527666744628
2.340599092813201
1.873020978896685
1.426833934720284
0.984738106010522
1.422161091534079
1.878589952752432
2.348434962336072
2.849220004070512
3.386386019030951
2.849220004070512
2.348434962336073
1.878589952752433
1.422161091534080
0.984738106010523
1.426833934720284
1.873020978896684
2.340599092813201
2.840527666744628
3.377453481196882
2.840527666744628
2.340599092813202
1.873020978896685
1.426833934720284
0.984738106010523
0.990584211035726
1.417064818488885
1.852335108682753
2.314972583069991
2.812672177004233
3.348944625013694
2.812672177004233
2.314972583069992
1.852335108682754
1.417064818488886
0.990584211035725
0.974911233603911
1.383757914522569
1.808124420971293
2.264643263346683
2.759286835118789
3.294630206451039
2.759286835118789
2.264643263346684
1.808124420971294
1.383757914522570
0.974911233603911
0.576200146664966
0.929953756429719
1.309493534725807
1.721107424333043
2.170801746082216
2.661982983438789
3.196256570325501
2.661982983438789
2.170801746082217
1.721107424333044
1.309493534725807
0.929953756429719
0.576200146664966
0.453398015110347
0.807151624875101
1.186691403171188
1.598305292778424
2.047999614527598
2.539180851884171
3.073454438770883
2.539180851884171
2.047999614527598
1.598305292778425
1.186691403171189
0.807151624875101
0.453398015110348
0.854801456099526
1.263648137018184
1.688014643466908
2.144533485842298
2.639177057614404
3.174520428946654
2.639177057614404
2.144533485842299
1.688014643466909
1.263648137018185
0.854801456099526
0.871282214749554
1.297762822202714
1.733033112396581
2.195670586783820
2.693370180718061
3.229642628727523
2.693370180718062
2.195670586783821
1.733033112396582
1.297762822202715
0.871282214749554
0.865708335210553
1.307804163920314
1.753991208096714
2.221569322013231
2.721497895944658
3.258423710396912
2.721497895944658
2.221569322013232
1.753991208096715
1.307804163920315
0.865708335210553
1.303245350778119
1.759674211996472
2.229519221580111
2.730304263314551
3.267470278274991
2.730304263314551
2.229519221580112
1.759674211996473
1.303245350778119
0.865708335210553
1.307804163920314
1.753991208096714
2.221569322013231
2.721497895944658
3.258423710396913
2.721497895944658
2.221569322013232
1.753991208096715
1.307804163920315
0.865708335210553
0.871282214749554
1.297762822202714
1.733033112396581
2.195670586783820
2.693370180718062
3.229642628727523
2.693370180718062
2.195670586783821
1.733033112396582
1.297762822202715
0.871282214749554
0.854801456099527
1.263648137018184
1.688014643466908
2.144533485842298
2.639177057614404
3.174520428946654
2.639177057614404
2.144533485842299
1.688014643466909
1.263648137018185
0.854801456099526
0.453398015110348
0.807151624875101
1.186691403171188
1.598305292778424
2.047999614527598
2.539180851884171
3.073454438770883
2.539180851884171
2.047999614527598
1.598305292778425
1.186691403171189
0.807151624875101
0.453398015110348
0.245286978213703
0.599040587978456
0.978580366274544
1.390194255881779
1.839888577630953
2.331069814987526
2.865343401874238
2.331069814987526
1.839888577630954
1.390194255881780
0.978580366274544
0.599040587978456
0.245286978213703
0.647800749055036
1.056647429973695
1.481013936422418
1.937532778797808
2.432176350569914
2.967519721902165
2.432176350569914
1.937532778797809
1.481013936422420
1.056647429973695
0.647800749055036
0.666075781866626
1.092556389319785
1.527826679513653
1.990464153900892
2.488163747835133
3.024436195844594
2.488163747835133
1.990464153900892
1.527826679513653
1.092556389319786
0.666075781866625
0.661309683545838
1.103405512255598
1.549592556431998
2.017170670348515
2.517099244279942
3.054025058732197
2.517099244279942
2.017170670348516
1.549592556431999
1.103405512255599
0.661309683545837
1.099592702617693
1.556021563836046
2.025866573419685
2.526651615154125
3.063817630114564
2.526651615154125
2.025866573419686
1.556021563836046
1.099592702617693
0.661309683545838
1.103405512255598
1.549592556431999
2.017170670348515
2.517099244279943
3.054025058732198
2.517099244279943
2.017170670348516
1.549592556431999
1.103405512255599
0.661309683545838
0.666075781866626
1.092556389319785
1.527826679513653
1.990464153900892
2.488163747835133
3.024436195844594
2.488163747835133
1.990464153900892
1.527826679513653
1.092556389319786
0.666075781866625
0.647800749055036
1.056647429973694
1.481013936422418
1.937532778797808
2.432176350569914
2.967519721902164
2.432176350569914
1.937532778797809
1.481013936422419
1.056647429973695
0.647800749055036
0.245286978213703
0.599040587978456
0.978580366274544
1.390194255881780
1.839888577630954
2.331069814987527
2.865343401874239
2.331069814987527
1.839888577630954
1.390194255881781
0.978580366274545
0.599040587978456
0.245286978213703
0.336938018136288
0.745784699054946
1.170151205503670
1.626670047879060
2.121313619651166
2.656656990983416
2.121313619651166
1.626670047879060
1.170151205503671
0.745784699054947
0.336938018136288
0.356323380800032
0.782803988253191
1.218074278447058
1.680711752834298
2.178411346768538
2.714683794778000
2.178411346768539
1.680711752834298
1.218074278447059
0.782803988253192
0.356323380800031
0.354249636529477
0.796345465239238
1.242532509415638
1.710110623332155
2.210039197263582
2.746965011715837
2.210039197263582
1.710110623332155
1.242532509415639
0.796345465239238
0.354249636529477
0.800105146501994
1.256534007720347
1.726379017303986
2.227164059038426
2.764330073998866
2.227164059038426
1.726379017303987
1.256534007720348
0.800105146501994
0.354249636529477
0.796345465239238
1.242532509415638
1.710110623332155
2.210039197263582
2.746965011715837
2.210039197263582
1.710110623332155
1.242532509415639
0.796345465239238
0.354249636529477
0.356323380800031
0.782803988253191
1.218074278447058
1.680711752834297
2.178411346768538
2.714683794778000
2.178411346768539
1.680711752834298
1.218074278447059
0.782803988253192
0.356323380800031
0.336938018136288
0.745784699054946
1.170151205503670
1.626670047879059
2.121313619651166
2.656656990983416
2.121313619651166
1.626670047879060
1.170151205503670
0.745784699054946
0.336938018136288
0.397006928976952
0.853435790195305
1.323280799778945
1.824065841513385
2.361231856473824
1.824065841513385
1.323280799778946
0.853435790195306
0.397006928976953
Kgrid: 21
-2.357022603955159
-2.121320343559643
-1.885618083164127
-1.649915822768611
-1.414213562373095
-1.178511301977579
-0.942809041582064
-0.707106781186548
-0.471404520791032
-0.235702260395516
0.000000000000000
0.235702260395516
0.471404520791031
0.707106781186547
0.942809041582063
1.178511301977579
1.414213562373095
1.649915822768611
1.885618083164126
2.121320343559643
2.357022603955159
All Davidson Eigenvalues at Last Iteration: 121
-0.055780815654406
-0.031212393531972
-0.029887024383195
-0.029887024383191
0.035060978952166
0.035128488972250
0.178426675631492
0.230124793374579
0.240787397827899
0.245035750088292
0.247889088154924
0.282924025582135
0.290168057155100
0.321421248919380
0.322126202170634
0.336383431886145
0.339389101654547
0.339823645730195
0.343055583502819
0.351188302184610
0.357943163850503
0.358096082688073
0.363952693925307
0.366850117922443
0.369142808767557
0.369254500745711
0.369264431006356
0.383954487941099
0.387408152820115
0.387718697010789
0.388146867716352
0.390316570521958
0.394320184074906
0.394423758077809
0.397198357106403
0.397198886077616
0.403804630351975
0.405027368212166
0.413443066157485
0.414959711797525
0.415846525188831
0.432795472987073
0.440568602796181
0.466467495165567
0.493670076222884
0.740256450141982
0.740331958481585
0.748113635090710
0.768064475966004
0.770360099228168
0.778462090912989
0.792025336900706
0.792540071712953
0.794985093081886
0.809816448603064
0.815270051424884
0.821817952851072
0.827784544765534
0.841178422335968
0.843660651195449
0.849496515814998
0.873802697371157
1.004856790232643
1.027314482214728
1.047866749516131
1.061281408664750
1.067165222961117
1.080159687653566
1.114079623383742
1.114910245911277
1.128970329326116
1.190804779069011
1.194605806752963
1.238451258193256
1.239584314134723
1.269115796104165
1.269450082952938
1.284307418692893
1.293885510783637
1.295021529299531
1.319487933543484
1.330341936010125
1.332786456504239
1.341499972273296
1.400112476010084
1.434297752558086
1.518683313092916
1.554523819168345
1.577584627481101
1.587187651434123
1.638449521632765
1.658045262198013
1.665157076111794
1.703894168003149
1.705365650666262
1.736137858098896
1.736279699882205
1.749897125305938
1.763090900321866
1.763931260967571
1.820435981531533
1.839295090092015
1.861110411342087
2.019076883783199
2.075639978667465
2.083731911680225
2.156506680184494
2.162877373216678
2.201917548532987
2.202523654810937
2.203940982133051
2.235721876380422
2.235827746197837
2.263741789982751
2.264382272992186
2.374065296433043
2.619555625064979
2.699105907621859
2.740468040994438
2.772647525999089
2.801453643493444
Davidson lowest eigenvalues at each iteration: 11
0.280089246232240
0.104566687131212
-0.035763120087559
-0.055780815654405
-0.055780815654405
-0.055780815654405
-0.055780815654405
-0.055780815654406
-0.055780815654405
-0.055780815654405
-0.055780815654405

                            End of Section: Vectors                            

--------------------------------------------------------------------------------

                                    Matrices                                    

--------------------------------------------------------------------------------

Occupied States: 81 x 2
         5        10
         6         7
         6         8
         6         9
         6        10
         6        11
         6        12
         6        13
         7         6
         7         7
         7         8
         7         9
         7        10
         7        11
         7        12
         7        13
         7        14
         8         6
         8         7
         8         8
         8         9
         8        10
         8        11
         8        12
         8        13
         8        14
         9         6
         9         7
         9         8
         9         9
         9        10
         9        11
         9        12
         9        13
         9        14
        10         5
        10         6
        10         7
        10         8
        10         9
        10        10
        10        11
        10        12
        10        13
        10        14
        10        15
        11         6
        11         7
        11         8
        11         9
        11        10
        11        11
        11        12
        11        13
        11        14
        12         6
        12         7
        12         8
        12         9
        12        10
        12        11
        12        12
        12        13
        12        14
        13         6
        13         7
        13         8
        13         9
        13        10
        13        11
        13        12
        13        13
        13        14
        14         7
        14         8
        14         9
        14        10
        14        11
        14        12
        14        13
        15        10
Virtual States: 319 x 2
         0         0
         0         1
         0         2
         0         3
         0         4
         0         5
         0         6
         0         7
         0         8
         0         9
         0        10
         0        11
         0        12
         0        13
         0        14
         0        15
         0        16
         0        17
         0        18
         0        19
         1         0
         1         1
         1         2
         1         3
         1         4
         1         5
         1         6
         1         7
         1         8
         1         9
         1        10
         1        11
         1        12
         1        13
         1        14
         1        15
         1        16
         1        17
         1        18
         1        19
         2         0
         2         1
         2         2
         2         3
         2         4
         2         5
         2         6
         2         7
         2         8
         2         9
         2        10
         2        11
         2        12
         2        13
         2        14
         2        15
         2        16
         2        17
         2        18
         2        19
         3         0
         3         1
         3         2
         3         3
         3         4
         3         5
         3         6
         3         7
         3         8
         3         9
         3        10
         3        11
         3        12
         3        13
         3        14
         3        15
         3        16
         3        17
         3        18
         3        19
         4         0
         4         1
         4         2
         4         3
         4         4
         4         5
         4         6
         4         7
         4         8
         4         9
         4        10
         4        11
         4        12
         4        13
         4        14
         4        15
         4        16
         4        17
         4        18
         4        19
         5         0
         5         1
         5         2
         5         3
         5         4
         5         5
         5         6
         5         7
         5         8
         5         9
         5        11
         5        12
         5        13
         5        14
         5        15
         5        16
         5        17
         5        18
         5        19
         6         0
         6         1
         6         2
         6         3
         6         4
         6         5
         6         6
         6        14
         6        15
         6        16
         6        17
         6        18
         6        19
         7         0
         7         1
         7         2
         7         3
         7         4
         7         5
         7        15
         7        16
         7        17
         7        18
         7        19
         8         0
         8         1
         8         2
         8         3
         8         4
         8         5
         8        15
         8        16
         8        17
         8        18
         8        19
         9         0
         9         1
         9         2
         9         3
         9         4
         9         5
         9        15
         9        16
         9        17
         9        18
         9        19
        10         0
        10         1
        10         2
        10         3
        10         4
        10        16
        10        17
        10        18
        10        19
        11         0
        11         1
        11         2
        11         3
        11         4
        11         5
        11        15
        11        16
        11        17
        11        18
        11        19
        12         0
        12         1
        12         2
        12         3
        12         4
        12         5
        12        15
        12        16
        12        17
        12        18
        12        19
        13         0
        13         1
        13         2
        13         3
        13         4
        13         5
        13        15
        13        16
        13        17
        13        18
        13        19
        14         0
        14         1
        14         2
        14         3
        14         4
        14         5
        14         6
        14        14
        14        15
        14        16
        14        17
        14        18
        14        19
        15         0
        15         1
        15         2
        15         3
        15         4
        15         5
        15         6
        15         7
        15         8
        15         9
        15        11
        15        12
        15        13
        15        14
        15        15
        15        16
        15        17
        15        18
        15        19
        16         0
        16         1
        16         2
        16         3
        16         4
        16         5
        16         6
        16         7
        16         8
        16         9
        16        10
        16        11
        16        12
        16        13
        16        14
        16        15
        16        16
        16        17
        16        18
        16        19
        17         0
        17         1
        17         2
        17         3
        17         4
        17         5
        17         6
        17         7
        17         8
        17         9
        17        10
        17        11
        17        12
        17        13
        17        14
        17        15
        17        16
        17        17
        17        18
        17        19
        18         0
        18         1
        18         2
        18         3
        18         4
        18         5
        18         6
        18         7
        18         8
        18         9
        18        10
        18        11
        18        12
        18        13
        18        14
        18        15
        18        16
        18        17
        18        18
        18        19
        19         0
        19         1
        19         2
        19         3
        19         4
        19         5
        19         6
        19         7
        19         8
        19         9
        19        10
        19        11
        19        12
        19        13
        19        14
        19        15
        19        16
        19        17
        19        18
        19        19
Excitations: 913 x 2
            0          249
            0          269
            0          289
            0          309
            0           10
            0           30
            0           50
            0           70
            0           90
            1          227
            1          246
            1          266
            1          286
            1          306
            1            7
            1           27
            1           47
            1           67
            1           87
            1          107
            2          228
            2          247
            2          267
            2          287
            2          307
            2            8
            2           28
            2           48
            2           68
            2           88
            2          108
            3          229
            3          248
            3          268
            3          288
            3          308
            3            9
            3           29
            3           49
            3           69
            3           89
            3          109
            4          249
            4          269
            4          289
            4          309
            4           10
            4           30
            4           50
            4           70
            4           90
            5          230
            5          250
            5          270
            5          290
            5          310
            5           11
            5           31
            5           51
            5           71
            5           91
            5          110
            6          231
            6          251
            6          271
            6          291
            6          311
            6           12
            6           32
            6           52
            6           72
            6           92
            6          111
            7          232
            7          252
            7          272
            7          292
            7          312
            7           13
            7           33
            7           53
            7           73
            7           93
            7          112
            8          213
            8          226
            8          245
            8          265
            8          285
            8          305
            8            6
            8           26
            8           46
            8           66
            8           86
            8          106
            8          125
            9          227
            9          246
            9          266
            9          286
            9          306
            9            7
            9           27
            9           47
            9           67
            9           87
            9          107
           10          228
           10          247
           10          267
           10          287
           10          307
           10            8
           10           28
           10           48
           10           68
           10           88
           10          108
           11          229
           11          248
           11          268
           11          288
           11          308
           11            9
           11           29
           11           49
           11           69
           11           89
           11          109
           12          249
           12          269
           12          289
           12          309
           12           10
           12           30
           12           50
           12           70
           12           90
           13          230
           13          250
           13          270
           13          290
           13          310
           13           11
           13           31
           13           51
           13           71
           13           91
           13          110
           14          231
           14          251
           14          271
           14          291
           14          311
           14           12
           14           32
           14           52
           14           72
           14           92
           14          111
           15          232
           15          252
           15          272
           15          292
           15          312
           15           13
           15           33
           15           53
           15           73
           15           93
           15          112
           16          214
           16          233
           16          253
           16          273
           16          293
           16          313
           16           14
           16           34
           16           54
           16           74
           16           94
           16          113
           16          126
           17          213
           17          226
           17          245
           17          265
           17          285
           17          305
           17            6
           17           26
           17           46
           17           66
           17           86
           17          106
           17          125
           18          227
           18          246
           18          266
           18          286
           18          306
           18            7
           18           27
           18           47
           18           67
           18           87
           18          107
           19          228
           19          247
           19          267
           19          287
           19          307
           19            8
           19           28
           19           48
           19           68
           19           88
           19          108
           20          229
           20          248
           20          268
           20          288
           20          308
           20            9
           20           29
           20           49
           20           69
           20           89
           20          109
           21          249
           21          269
           21          289
           21          309
           21           10
           21           30
           21           50
           21           70
           21           90
           22          230
           22          250
           22          270
           22          290
           22          310
           22           11
           22           31
           22           51
           22           71
           22           91
           22          110
           23          231
           23          251
           23          271
           23          291
           23          311
           23           12
           23           32
           23           52
           23           72
           23           92
           23          111
           24          232
           24          252
           24          272
           24          292
           24          312
           24           13
           24           33
           24           53
           24           73
           24           93
           24          112
           25          214
           25          233
           25          253
           25          273
           25          293
           25          313
           25           14
           25           34
           25           54
           25           74
           25           94
           25          113
           25          126
           26          213
           26          226
           26          245
           26          265
           26          285
           26          305
           26            6
           26           26
           26           46
           26           66
           26           86
           26          106
           26          125
           27          227
           27          246
           27          266
           27          286
           27          306
           27            7
           27           27
           27           47
           27           67
           27           87
           27          107
           28          228
           28          247
           28          267
           28          287
           28          307
           28            8
           28           28
           28           48
           28           68
           28           88
           28          108
           29          229
           29          248
           29          268
           29          288
           29          308
           29            9
           29           29
           29           49
           29           69
           29           89
           29          109
           30          249
           30          269
           30          289
           30          309
           30           10
           30           30
           30           50
           30           70
           30           90
           31          230
           31          250
           31          270
           31          290
           31          310
           31           11
           31           31
           31           51
           31           71
           31           91
           31          110
           32          231
           32          251
           32          271
           32          291
           32          311
           32           12
           32           32
           32           52
           32           72
           32           92
           32          111
           33          232
           33          252
           33          272
           33          292
           33          312
           33           13
           33           33
           33           53
           33           73
           33           93
           33          112
           34          214
           34          233
           34          253
           34          273
           34          293
           34          313
           34           14
           34           34
           34           54
           34           74
           34           94
           34          113
           34          126
           35          179
           35          190
           35          201
           35          212
           35          225
           35          244
           35          264
           35          284
           35          304
           35            5
           35           25
           35           45
           35           65
           35           85
           35          105
           35          124
           35          137
           35          148
           35          159
           36          213
           36          226
           36          245
           36          265
           36          285
           36          305
           36            6
           36           26
           36           46
           36           66
           36           86
           36          106
           36          125
           37          227
           37          246
           37          266
           37          286
           37          306
           37            7
           37           27
           37           47
           37           67
           37           87
           37          107
           38          228
           38          247
           38          267
           38          287
           38          307
           38            8
           38           28
           38           48
           38           68
           38           88
           38          108
           39          229
           39          248
           39          268
           39          288
           39          308
           39            9
           39           29
           39           49
           39           69
           39           89
           39          109
           40          249
           40          269
           40          289
           40          309
           40           10
           40           30
           40           50
           40           70
           40           90
           41          230
           41          250
           41          270
           41          290
           41          310
           41           11
           41           31
           41           51
           41           71
           41           91
           41          110
           42          231
           42          251
           42          271
           42          291
           42          311
           42           12
           42           32
           42           52
           42           72
           42           92
           42          111
           43          232
           43          252
           43          272
           43          292
           43          312
           43           13
           43           33
           43           53
           43           73
           43           93
           43          112
           44          214
           44          233
           44          253
           44          273
           44          293
           44          313
           44           14
           44           34
           44           54
           44           74
           44           94
           44          113
           44          126
           45          180
           45          191
           45          202
           45          215
           45          234
           45          254
           45          274
           45          294
           45          314
           45           15
           45           35
           45           55
           45           75
           45           95
           45          114
           45          127
           45          138
           45          149
           45          160
           46          213
           46          226
           46          245
           46          265
           46          285
           46          305
           46            6
           46           26
           46           46
           46           66
           46           86
           46          106
           46          125
           47          227
           47          246
           47          266
           47          286
           47          306
           47            7
           47           27
           47           47
           47           67
           47           87
           47          107
           48          228
           48          247
           48          267
           48          287
           48          307
           48            8
           48           28
           48           48
           48           68
           48           88
           48          108
           49          229
           49          248
           49          268
           49          288
           49          308
           49            9
           49           29
           49           49
           49           69
           49           89
           49          109
           50          249
           50          269
           50          289
           50          309
           50           10
           50           30
           50           50
           50           70
           50           90
           51          230
           51          250
           51          270
           51          290
           51          310
           51           11
           51           31
           51           51
           51           71
           51           91
           51          110
           52          231
           52          251
           52          271
           52          291
           52          311
           52           12
           52           32
           52           52
           52           72
           52           92
           52          111
           53          232
           53          252
           53          272
           53          292
           53          312
           53           13
           53           33
           53           53
           53           73
           53           93
           53          112
           54          214
           54          233
           54          253
           54          273
           54          293
           54          313
           54           14
           54           34
           54           54
           54           74
           54           94
           54          113
           54          126
           55          213
           55          226
           55          245
           55          265
           55          285
           55          305
           55            6
           55           26
           55           46
           55           66
           55           86
           55          106
           55          125
           56          227
           56          246
           56          266
           56          286
           56          306
           56            7
           56           27
           56           47
           56           67
           56           87
           56          107
           57          228
           57          247
           57          267
           57          287
           57          307
           57            8
           57           28
           57           48
           57           68
           57           88
           57          108
           58          229
           58          248
           58          268
           58          288
           58          308
           58            9
           58           29
           58           49
           58           69
           58           89
           58          109
           59          249
           59          269
           59          289
           59          309
           59           10
           59           30
           59           50
           59           70
           59           90
           60          230
           60          250
           60          270
           60          290
           60          310
           60           11
           60           31
           60           51
           60           71
           60           91
           60          110
           61          231
           61          251
           61          271
           61          291
           61          311
           61           12
           61           32
           61           52
           61           72
           61           92
           61          111
           62          232
           62          252
           62          272
           62          292
           62          312
           62           13
           62           33
           62           53
           62           73
           62           93
           62          112
           63          214
           63          233
           63          253
           63          273
           63          293
           63          313
           63           14
           63           34
           63           54
           63           74
           63           94
           63          113
           63          126
           64          213
           64          226
           64          245
           64          265
           64          285
           64          305
           64            6
           64           26
           64           46
           64           66
           64           86
           64          106
           64          125
           65          227
           65          246
           65          266
           65          286
           65          306
           65            7
           65           27
           65           47
           65           67
           65           87
           65          107
           66          228
           66          247
           66          267
           66          287
           66          307
           66            8
           66           28
           66           48
           66           68
           66           88
           66          108
           67          229
           67          248
           67          268
           67          288
           67          308
           67            9
           67           29
           67           49
           67           69
           67           89
           67          109
           68          249
           68          269
           68          289
           68          309
           68           10
           68           30
           68           50
           68           70
           68           90
           69          230
           69          250
           69          270
           69          290
           69          310
           69           11
           69           31
           69           51
           69           71
           69           91
           69          110
           70          231
           70          251
           70          271
           70          291
           70          311
           70           12
           70           32
           70           52
           70           72
           70           92
           70          111
           71          232
           71          252
           71          272
           71          292
           71          312
           71           13
           71           33
           71           53
           71           73
           71           93
           71          112
           72          214
           72          233
           72          253
           72          273
           72          293
           72          313
           72           14
           72           34
           72           54
           72           74
           72           94
           72          113
           72          126
           73          227
           73          246
           73          266
           73          286
           73          306
           73            7
           73           27
           73           47
           73           67
           73           87
           73          107
           74          228
           74          247
           74          267
           74          287
           74          307
           74            8
           74           28
           74           48
           74           68
           74           88
           74          108
           75          229
           75          248
           75          268
           75          288
           75          308
           75            9
           75           29
           75           49
           75           69
           75           89
           75          109
           76          249
           76          269
           76          289
           76          309
           76           10
           76           30
           76           50
           76           70
           76           90
           77          230
           77          250
           77          270
           77          290
           77          310
           77           11
           77           31
           77           51
           77           71
           77           91
           77          110
           78          231
           78          251
           78          271
           78          291
           78          311
           78           12
           78           32
           78           52
           78           72
           78           92
           78          111
           79          232
           79          252
           79          272
           79          292
           79          312
           79           13
           79           33
           79           53
           79           73
           79           93
           79          112
           80          249
           80          269
           80          289
           80          309
           80           10
           80           30
           80           50
           80           70
           80           90

                            End of Section: Matrices                            

--------------------------------------------------------------------------------

                              Calculation Details                              

--------------------------------------------------------------------------------

Davidson_Stopping_Criteria = Subspace Converged

                      End of Section: Calculation Details                      

################################################################################

                              End of Output File.                              

################################################################################
