################################################################################

            Output File for HFS, the Hartree-Fock Stability Program            
                              Author: Evan Curtin                              
             Institution: University of Illinois @ Urbana-Champaign             
                          email: ecurtin2@illinois.edu                          
                       Built on Oct 18 2016, at 18:15:44                       

################################################################################

                Computation Started : Tue Oct 18 19:07:32 2016
                
                Computation Finished: Tue Oct 18 19:08:34 2016
                
                     Total Elapsed Time = 61.8709 seconds.                     

--------------------------------------------------------------------------------

                                     Input                                     

--------------------------------------------------------------------------------

Nk = 20
ndim = 2
rs = 1.200000000000000

                             End of Section: Input                             

--------------------------------------------------------------------------------

                                     Output                                     

--------------------------------------------------------------------------------

deltaK = 0.248107642521596
kf = 1.178511301977579
kmax = 2.357022603955159
Nocc = 76
Nvir = 285
Nexc = 812
dav_its = 14
Dav_Final_Val = 0.049142183940101
full_diag_min = 0.049142183940100

                             End of Section: Output                             

--------------------------------------------------------------------------------

                                    Vectors                                    

--------------------------------------------------------------------------------

Occ Energies: 76
0.027201702562993
-0.075991624701005
-0.075991624701005
0.027201702562993
-0.144270456854980
-0.351888706511898
-0.449722330164901
-0.449722330164901
-0.351888706511898
-0.144270456854980
-0.144270456854980
-0.437059904325538
-0.623840732292467
-0.714867022825722
-0.714867022825722
-0.623840732292467
-0.437059904325538
-0.144270456854980
0.027201702562993
-0.351888706511898
-0.623840732292466
-0.800539216112481
-0.887771629517716
-0.887771629517716
-0.800539216112481
-0.623840732292466
-0.351888706511898
0.027201702562994
-0.075991624701005
-0.449722330164901
-0.714867022825722
-0.887771629517716
-0.973351928972907
-0.973351928972907
-0.887771629517716
-0.714867022825721
-0.449722330164901
-0.075991624701004
-0.075991624701005
-0.449722330164901
-0.714867022825722
-0.887771629517716
-0.973351928972907
-0.973351928972907
-0.887771629517716
-0.714867022825722
-0.449722330164901
-0.075991624701004
0.027201702562993
-0.351888706511898
-0.623840732292467
-0.800539216112481
-0.887771629517716
-0.887771629517716
-0.800539216112480
-0.623840732292466
-0.351888706511898
0.027201702562994
-0.144270456854980
-0.437059904325538
-0.623840732292467
-0.714867022825721
-0.714867022825721
-0.623840732292466
-0.437059904325538
-0.144270456854980
-0.144270456854980
-0.351888706511898
-0.449722330164901
-0.449722330164901
-0.351888706511898
-0.144270456854980
0.027201702562994
-0.075991624701004
-0.075991624701004
0.027201702562994
Vir Energies: 285
5.289550082145016
4.732762059514976
4.232055838435684
3.788211958664083
3.402701144234506
3.077120188825517
2.813564207217551
2.613997412468358
2.479852022443672
2.412401830845095
2.412401830845095
2.479852022443672
2.613997412468358
2.813564207217551
3.077120188825517
3.402701144234506
3.788211958664083
4.232055838435685
4.732762059514977
4.732762059514976
4.175853516454580
3.674780832439737
3.230311994826498
2.843905945008396
2.517163805176530
2.252255512308452
2.051305749696935
1.915990365285938
1.847865393179148
1.847865393179148
1.915990365285938
2.051305749696935
2.252255512308452
2.517163805176531
2.843905945008396
3.230311994826498
3.674780832439738
4.175853516454580
4.232055838435684
3.674780832439737
3.172590802797207
2.726204716402311
2.337023460480954
2.006620533240245
1.737328139803802
1.531718072353093
1.392332598326835
1.321841555562385
1.321841555562385
1.392332598326835
1.531718072353093
1.737328139803802
2.006620533240246
2.337023460480954
2.726204716402312
3.172590802797207
3.674780832439738
3.788211958664083
3.230311994826498
2.726204716402311
2.276485753255809
1.882378980958965
1.545285843665026
1.267521558339640
1.051998856913447
0.903189337851697
0.827284355677683
0.827284355677683
0.903189337851697
1.051998856913447
1.267521558339640
1.545285843665027
1.882378980958966
2.276485753255809
2.726204716402312
3.230311994826498
3.402701144234506
2.843905945008395
2.337023460480954
1.882378980958965
1.480792091383098
1.133129865486815
0.840865930517364
0.604905424792891
0.430469320551223
0.342739558491673
0.342739558491673
0.430469320551224
0.604905424792892
0.840865930517364
1.133129865486816
1.480792091383099
1.882378980958966
2.337023460480954
2.843905945008396
3.077120188825517
2.517163805176530
2.006620533240245
1.545285843665026
1.133129865486815
0.769725245016111
0.453695730897542
0.179379882567651
0.179379882567651
0.453695730897542
0.769725245016112
1.133129865486816
1.545285843665027
2.006620533240246
2.517163805176531
2.813564207217551
2.252255512308452
1.737328139803802
1.267521558339640
0.840865930517364
0.453695730897542
0.099418042080895
0.099418042080895
0.453695730897542
0.840865930517364
1.267521558339640
1.737328139803803
2.252255512308453
2.613997412468358
2.051305749696935
1.531718072353093
1.051998856913447
0.604905424792891
0.179379882567651
0.179379882567652
0.604905424792892
1.051998856913447
1.531718072353094
2.051305749696936
2.479852022443672
1.915990365285938
1.392332598326835
0.903189337851696
0.430469320551223
0.430469320551224
0.903189337851697
1.392332598326836
1.915990365285939
2.412401830845095
1.847865393179148
1.321841555562385
0.827284355677683
0.342739558491673
0.342739558491674
0.827284355677684
1.321841555562386
1.847865393179149
2.412401830845095
1.847865393179148
1.321841555562385
0.827284355677683
0.342739558491673
0.342739558491674
0.827284355677684
1.321841555562386
1.847865393179149
2.479852022443672
1.915990365285938
1.392332598326835
0.903189337851697
0.430469320551224
0.430469320551224
0.903189337851697
1.392332598326836
1.915990365285939
2.613997412468358
2.051305749696935
1.531718072353093
1.051998856913447
0.604905424792892
0.179379882567651
0.179379882567652
0.604905424792892
1.051998856913448
1.531718072353094
2.051305749696936
2.813564207217551
2.252255512308452
1.737328139803802
1.267521558339640
0.840865930517364
0.453695730897542
0.099418042080895
0.099418042080895
0.453695730897542
0.840865930517364
1.267521558339640
1.737328139803803
2.252255512308453
3.077120188825517
2.517163805176531
2.006620533240246
1.545285843665027
1.133129865486815
0.769725245016112
0.453695730897542
0.179379882567652
0.179379882567652
0.453695730897542
0.769725245016113
1.133129865486816
1.545285843665027
2.006620533240246
2.517163805176532
3.402701144234506
2.843905945008396
2.337023460480954
1.882378980958966
1.480792091383099
1.133129865486815
0.840865930517364
0.604905424792892
0.430469320551224
0.342739558491673
0.342739558491674
0.430469320551224
0.604905424792892
0.840865930517364
1.133129865486816
1.480792091383099
1.882378980958966
2.337023460480955
2.843905945008397
3.788211958664083
3.230311994826498
2.726204716402312
2.276485753255809
1.882378980958966
1.545285843665026
1.267521558339640
1.051998856913447
0.903189337851697
0.827284355677684
0.827284355677683
0.903189337851697
1.051998856913447
1.267521558339640
1.545285843665027
1.882378980958966
2.276485753255810
2.726204716402312
3.230311994826498
4.232055838435685
3.674780832439738
3.172590802797207
2.726204716402311
2.337023460480954
2.006620533240245
1.737328139803803
1.531718072353093
1.392332598326835
1.321841555562385
1.321841555562386
1.392332598326835
1.531718072353093
1.737328139803803
2.006620533240246
2.337023460480955
2.726204716402312
3.172590802797207
3.674780832439739
4.732762059514977
4.175853516454580
3.674780832439738
3.230311994826498
2.843905945008396
2.517163805176531
2.252255512308453
2.051305749696936
1.915990365285939
1.847865393179149
1.847865393179149
1.915990365285939
2.051305749696936
2.252255512308453
2.517163805176532
2.843905945008397
3.230311994826498
3.674780832439739
4.175853516454581
Excitation Energies: 812
0.403267617988231
0.875987635288704
1.365130895763842
1.888788662722946
2.452650319880679
1.888788662722945
1.365130895763842
0.875987635288703
0.403267617988230
0.418731183192678
0.903275980378688
1.397833180263390
1.923857017880154
2.488393455546100
1.923857017880153
1.397833180263390
0.903275980378688
0.418731183192678
0.418731183192678
0.903275980378688
1.397833180263390
1.923857017880154
2.488393455546100
1.923857017880153
1.397833180263390
0.903275980378688
0.418731183192678
0.403267617988231
0.875987635288704
1.365130895763842
1.888788662722946
2.452650319880679
1.888788662722945
1.365130895763842
0.875987635288703
0.403267617988230
0.323650339422632
0.749175881647872
1.196269313768427
1.675988529208073
2.195576206551916
2.758267869323338
2.195576206551915
1.675988529208073
1.196269313768427
0.749175881647871
0.323650339422631
0.782358027063122
1.255078044363595
1.744221304838733
2.267879071797838
2.831740728955570
2.267879071797837
1.744221304838733
1.255078044363595
0.782358027063122
0.792461888656574
1.277006685842584
1.771563885727286
2.297587723344050
2.862124161009996
2.297587723344049
1.771563885727286
1.277006685842584
0.792461888656574
0.792461888656574
1.277006685842584
1.771563885727286
2.297587723344050
2.862124161009996
2.297587723344049
1.771563885727286
1.277006685842584
0.792461888656574
0.782358027063122
1.255078044363595
1.744221304838733
2.267879071797838
2.831740728955570
2.267879071797837
1.744221304838733
1.255078044363595
0.782358027063122
0.323650339422632
0.749175881647872
1.196269313768427
1.675988529208073
2.195576206551916
2.758267869323338
2.195576206551915
1.675988529208073
1.196269313768427
0.749175881647872
0.323650339422631
0.243688498935874
0.597966187752522
0.985136387372344
1.411792015194620
1.881598596658782
2.396525969163433
2.957834664072531
2.396525969163432
1.881598596658782
1.411792015194619
0.985136387372344
0.597966187752521
0.243688498935875
0.616439786893190
1.041965329118430
1.489058761238985
1.968777976678632
2.488365654022474
3.051057316793896
2.488365654022473
1.968777976678631
1.489058761238985
1.041965329118429
0.616439786893189
1.054310052843690
1.527030070144163
2.016173330619302
2.539831097578406
3.103692754736139
2.539831097578405
2.016173330619302
1.527030070144163
1.054310052843690
1.057606581317395
1.542151378503405
2.036708578388107
2.562732416004871
3.127268853670817
2.562732416004870
2.036708578388107
1.542151378503405
1.057606581317395
1.057606581317396
1.542151378503405
2.036708578388108
2.562732416004871
3.127268853670818
2.562732416004870
2.036708578388107
1.542151378503405
1.057606581317395
1.054310052843690
1.527030070144163
2.016173330619302
2.539831097578406
3.103692754736139
2.539831097578405
2.016173330619302
1.527030070144163
1.054310052843690
0.616439786893190
1.041965329118430
1.489058761238985
1.968777976678632
2.488365654022474
3.051057316793897
2.488365654022473
1.968777976678631
1.489058761238985
1.041965329118430
0.616439786893190
0.243688498935874
0.597966187752522
0.985136387372344
1.411792015194619
1.881598596658782
2.396525969163433
2.957834664072531
2.396525969163432
1.881598596658782
1.411792015194619
0.985136387372344
0.597966187752521
0.243688498935875
0.152178180004658
0.426494028334548
0.742523542453119
1.105928162923822
1.518084141102033
1.979418830677252
2.489962102613538
3.049918486262523
2.489962102613537
1.979418830677251
1.518084141102033
1.105928162923822
0.742523542453118
0.426494028334548
0.152178180004658
0.451306748592793
0.805584437409440
1.192754637029262
1.619410264851538
2.089216846315701
2.604144218820351
3.165452913729449
2.604144218820351
2.089216846315700
1.619410264851538
1.192754637029262
0.805584437409440
0.451306748592793
0.803220614860118
1.228746157085358
1.675839589205914
2.155558804645560
2.675146481989402
3.237838144760825
2.675146481989401
2.155558804645559
1.675839589205913
1.228746157085358
0.803220614860118
1.231008536663705
1.703728553964178
2.192871814439316
2.716529581398420
3.280391238556153
2.716529581398419
2.192871814439316
1.703728553964177
1.231008536663704
1.230511188009390
1.715055985195400
2.209613185080102
2.735637022696865
3.300173460362812
2.735637022696864
2.209613185080102
1.715055985195399
1.230511188009389
1.230511188009390
1.715055985195400
2.209613185080102
2.735637022696865
3.300173460362812
2.735637022696864
2.209613185080102
1.715055985195399
1.230511188009389
1.231008536663704
1.703728553964178
2.192871814439316
2.716529581398420
3.280391238556153
2.716529581398419
2.192871814439316
1.703728553964177
1.231008536663704
0.803220614860119
1.228746157085359
1.675839589205914
2.155558804645560
2.675146481989403
3.237838144760825
2.675146481989402
2.155558804645559
1.675839589205913
1.228746157085358
0.803220614860118
0.451306748592793
0.805584437409440
1.192754637029262
1.619410264851538
2.089216846315701
2.604144218820351
3.165452913729449
2.604144218820351
2.089216846315700
1.619410264851538
1.192754637029262
0.805584437409440
0.451306748592793
0.152178180004658
0.426494028334548
0.742523542453119
1.105928162923822
1.518084141102033
1.979418830677252
2.489962102613538
3.049918486262523
2.489962102613537
1.979418830677252
1.518084141102033
1.105928162923822
0.742523542453118
0.426494028334548
0.152178180004658
0.255371507268656
0.529687355598546
0.845716869717117
1.209121490187820
1.621277468366031
2.082612157941250
2.593155429877536
3.153111813526522
2.593155429877535
2.082612157941250
1.621277468366031
1.209121490187820
0.845716869717116
0.529687355598547
0.255371507268656
0.549140372245795
0.903418061062443
1.290588260682265
1.717243888504541
2.187050469968703
2.701977842473354
3.263286537382452
2.701977842473353
2.187050469968703
1.717243888504540
1.290588260682265
0.903418061062442
0.549140372245796
0.894246905393373
1.319772447618614
1.766865879739169
2.246585095178815
2.766172772522657
3.328864435294080
2.766172772522657
2.246585095178815
1.766865879739169
1.319772447618613
0.894246905393373
1.318240950068940
1.790960967369413
2.280104227844551
2.803761994803655
3.367623651961388
2.803761994803654
2.280104227844551
1.790960967369413
1.318240950068939
1.316091487464580
1.800636284650591
2.295193484535293
2.821217322152056
3.385753759818003
2.821217322152055
2.295193484535292
1.800636284650590
1.316091487464580
1.316091487464581
1.800636284650591
2.295193484535293
2.821217322152056
3.385753759818003
2.821217322152055
2.295193484535292
1.800636284650591
1.316091487464580
1.318240950068940
1.790960967369413
2.280104227844551
2.803761994803655
3.367623651961388
2.803761994803654
2.280104227844551
1.790960967369413
1.318240950068939
0.894246905393374
1.319772447618614
1.766865879739169
2.246585095178815
2.766172772522657
3.328864435294080
2.766172772522657
2.246585095178815
1.766865879739168
1.319772447618613
0.894246905393373
0.549140372245795
0.903418061062443
1.290588260682265
1.717243888504540
2.187050469968703
2.701977842473354
3.263286537382452
2.701977842473353
2.187050469968703
1.717243888504540
1.290588260682265
0.903418061062442
0.549140372245795
0.255371507268656
0.529687355598546
0.845716869717117
1.209121490187820
1.621277468366031
2.082612157941250
2.593155429877536
3.153111813526521
2.593155429877535
2.082612157941250
1.621277468366030
1.209121490187820
0.845716869717116
0.529687355598546
0.255371507268656
0.255371507268656
0.529687355598546
0.845716869717117
1.209121490187820
1.621277468366031
2.082612157941250
2.593155429877536
3.153111813526522
2.593155429877535
2.082612157941250
1.621277468366030
1.209121490187820
0.845716869717116
0.529687355598546
0.255371507268656
0.549140372245795
0.903418061062443
1.290588260682265
1.717243888504541
2.187050469968703
2.701977842473354
3.263286537382452
2.701977842473353
2.187050469968703
1.717243888504540
1.290588260682265
0.903418061062442
0.549140372245795
0.894246905393373
1.319772447618614
1.766865879739169
2.246585095178815
2.766172772522657
3.328864435294080
2.766172772522657
2.246585095178815
1.766865879739169
1.319772447618613
0.894246905393373
1.318240950068940
1.790960967369413
2.280104227844552
2.803761994803656
3.367623651961389
2.803761994803655
2.280104227844551
1.790960967369413
1.318240950068940
1.316091487464580
1.800636284650590
2.295193484535292
2.821217322152056
3.385753759818002
2.821217322152055
2.295193484535292
1.800636284650590
1.316091487464580
1.316091487464580
1.800636284650590
2.295193484535292
2.821217322152056
3.385753759818002
2.821217322152055
2.295193484535292
1.800636284650590
1.316091487464580
1.318240950068940
1.790960967369413
2.280104227844551
2.803761994803656
3.367623651961388
2.803761994803655
2.280104227844551
1.790960967369413
1.318240950068940
0.894246905393374
1.319772447618614
1.766865879739169
2.246585095178815
2.766172772522658
3.328864435294080
2.766172772522657
2.246585095178815
1.766865879739168
1.319772447618613
0.894246905393373
0.549140372245795
0.903418061062443
1.290588260682265
1.717243888504540
2.187050469968703
2.701977842473354
3.263286537382452
2.701977842473353
2.187050469968703
1.717243888504540
1.290588260682265
0.903418061062442
0.549140372245795
0.255371507268656
0.529687355598546
0.845716869717117
1.209121490187820
1.621277468366031
2.082612157941250
2.593155429877536
3.153111813526521
2.593155429877535
2.082612157941250
1.621277468366030
1.209121490187820
0.845716869717116
0.529687355598546
0.255371507268656
0.152178180004658
0.426494028334548
0.742523542453119
1.105928162923822
1.518084141102033
1.979418830677252
2.489962102613538
3.049918486262523
2.489962102613537
1.979418830677252
1.518084141102033
1.105928162923822
0.742523542453118
0.426494028334549
0.152178180004658
0.451306748592793
0.805584437409440
1.192754637029263
1.619410264851538
2.089216846315701
2.604144218820351
3.165452913729449
2.604144218820351
2.089216846315700
1.619410264851538
1.192754637029262
0.805584437409440
0.451306748592793
0.803220614860118
1.228746157085359
1.675839589205914
2.155558804645560
2.675146481989402
3.237838144760825
2.675146481989402
2.155558804645560
1.675839589205914
1.228746157085358
0.803220614860118
1.231008536663704
1.703728553964178
2.192871814439316
2.716529581398420
3.280391238556153
2.716529581398419
2.192871814439316
1.703728553964177
1.231008536663704
1.230511188009389
1.715055985195399
2.209613185080102
2.735637022696865
3.300173460362811
2.735637022696864
2.209613185080101
1.715055985195399
1.230511188009389
1.230511188009390
1.715055985195399
2.209613185080102
2.735637022696865
3.300173460362811
2.735637022696864
2.209613185080101
1.715055985195399
1.230511188009389
1.231008536663704
1.703728553964177
2.192871814439316
2.716529581398420
3.280391238556153
2.716529581398419
2.192871814439315
1.703728553964177
1.231008536663704
0.803220614860119
1.228746157085359
1.675839589205914
2.155558804645560
2.675146481989403
3.237838144760825
2.675146481989402
2.155558804645559
1.675839589205913
1.228746157085358
0.803220614860118
0.451306748592793
0.805584437409440
1.192754637029262
1.619410264851538
2.089216846315701
2.604144218820351
3.165452913729449
2.604144218820351
2.089216846315700
1.619410264851537
1.192754637029262
0.805584437409440
0.451306748592793
0.152178180004658
0.426494028334548
0.742523542453119
1.105928162923822
1.518084141102033
1.979418830677252
2.489962102613538
3.049918486262523
2.489962102613537
1.979418830677252
1.518084141102033
1.105928162923822
0.742523542453118
0.426494028334548
0.152178180004658
0.243688498935874
0.597966187752522
0.985136387372344
1.411792015194620
1.881598596658782
2.396525969163433
2.957834664072531
2.396525969163432
1.881598596658782
1.411792015194619
0.985136387372344
0.597966187752521
0.243688498935875
0.616439786893190
1.041965329118430
1.489058761238986
1.968777976678632
2.488365654022474
3.051057316793896
2.488365654022473
1.968777976678631
1.489058761238985
1.041965329118430
0.616439786893189
1.054310052843690
1.527030070144163
2.016173330619302
2.539831097578406
3.103692754736139
2.539831097578405
2.016173330619302
1.527030070144163
1.054310052843690
1.057606581317395
1.542151378503405
2.036708578388107
2.562732416004871
3.127268853670817
2.562732416004870
2.036708578388106
1.542151378503405
1.057606581317394
1.057606581317395
1.542151378503405
2.036708578388107
2.562732416004871
3.127268853670817
2.562732416004870
2.036708578388107
1.542151378503405
1.057606581317394
1.054310052843690
1.527030070144163
2.016173330619302
2.539831097578406
3.103692754736139
2.539831097578405
2.016173330619301
1.527030070144163
1.054310052843690
0.616439786893190
1.041965329118430
1.489058761238985
1.968777976678632
2.488365654022474
3.051057316793897
2.488365654022473
1.968777976678631
1.489058761238985
1.041965329118430
0.616439786893189
0.243688498935874
0.597966187752522
0.985136387372344
1.411792015194619
1.881598596658782
2.396525969163433
2.957834664072531
2.396525969163432
1.881598596658782
1.411792015194619
0.985136387372344
0.597966187752521
0.243688498935875
0.323650339422632
0.749175881647872
1.196269313768427
1.675988529208073
2.195576206551916
2.758267869323338
2.195576206551915
1.675988529208073
1.196269313768427
0.749175881647871
0.323650339422631
0.782358027063122
1.255078044363595
1.744221304838733
2.267879071797838
2.831740728955570
2.267879071797837
1.744221304838733
1.255078044363595
0.782358027063122
0.792461888656574
1.277006685842584
1.771563885727286
2.297587723344050
2.862124161009996
2.297587723344049
1.771563885727286
1.277006685842584
0.792461888656574
0.792461888656574
1.277006685842584
1.771563885727286
2.297587723344050
2.862124161009996
2.297587723344049
1.771563885727286
1.277006685842584
0.792461888656574
0.782358027063122
1.255078044363595
1.744221304838733
2.267879071797837
2.831740728955570
2.267879071797836
1.744221304838733
1.255078044363595
0.782358027063122
0.323650339422632
0.749175881647872
1.196269313768427
1.675988529208073
2.195576206551916
2.758267869323338
2.195576206551915
1.675988529208073
1.196269313768427
0.749175881647871
0.323650339422631
0.403267617988230
0.875987635288703
1.365130895763842
1.888788662722946
2.452650319880679
1.888788662722945
1.365130895763842
0.875987635288703
0.403267617988230
0.418731183192678
0.903275980378688
1.397833180263390
1.923857017880153
2.488393455546100
1.923857017880152
1.397833180263389
0.903275980378688
0.418731183192677
0.418731183192678
0.903275980378688
1.397833180263390
1.923857017880153
2.488393455546099
1.923857017880152
1.397833180263389
0.903275980378687
0.418731183192677
0.403267617988230
0.875987635288703
1.365130895763842
1.888788662722946
2.452650319880679
1.888788662722945
1.365130895763841
0.875987635288703
0.403267617988230
Kgrid: 20
-2.357022603955159
-2.108914961433563
-1.860807318911967
-1.612699676390372
-1.364592033868776
-1.116484391347180
-0.868376748825585
-0.620269106303989
-0.372161463782393
-0.124053821260798
0.124053821260798
0.372161463782394
0.620269106303989
0.868376748825585
1.116484391347181
1.364592033868776
1.612699676390372
1.860807318911967
2.108914961433563
2.357022603955159
All Davidson Eigenvalues at Last Iteration: 197
0.049142183940100
0.095327354635116
0.100416929404007
0.100416929404010
0.110801433331349
0.128080168144852
0.143427741223462
0.154964609419325
0.157564745253452
0.159374980208913
0.161145461442627
0.187315013285634
0.187315013285671
0.187364694835709
0.187532945268046
0.206537980562116
0.222862469574047
0.232815123151894
0.234694639229311
0.242765625119684
0.242892024168944
0.248259878856254
0.250511549259221
0.258684116778998
0.261418743117193
0.272789531062503
0.281490684688688
0.282181719703448
0.283761377969591
0.296428128778901
0.300754946359047
0.312526303978526
0.332191759112984
0.332692872012758
0.357488969402869
0.359916285369050
0.366745448568233
0.369483664216784
0.369866383028419
0.370853109484306
0.375220562353327
0.376769125342091
0.382639247950631
0.393031009371082
0.397894493853298
0.406154797450365
0.407208237826670
0.412146832308156
0.412348650986926
0.415938256692383
0.416511288283756
0.426788562014524
0.428358746543576
0.437313348146860
0.442282264488190
0.442302312419332
0.454890504791016
0.456804290573661
0.462767213399487
0.462767591717779
0.467459599458697
0.469206347271026
0.470628307890213
0.477757583637859
0.480719806418356
0.487310492155313
0.489121773132354
0.493867369707407
0.497696671807581
0.509769447105858
0.511257346018453
0.518418379108099
0.521492504515677
0.532933521433789
0.534281181179584
0.560877997850585
0.565889574587752
0.567342489514752
0.573937427400839
0.589584278902033
0.596038686337174
0.608905455490683
0.613231838723087
0.619679364729503
0.626423287942707
0.632631174260813
0.641922734535663
0.645718542542206
0.659892295594594
0.682092946885377
0.686991226782740
0.704000866664584
0.706167535513005
0.716794068783422
0.733877656398837
0.738375797589858
0.745563341216018
0.755592574824184
0.774180772652544
0.776192142738217
0.784445947271868
0.789532558091974
0.799811812304784
0.814802720221633
0.815800474449519
0.819072966946171
0.831790652957535
0.834270319314376
0.835896163570343
0.858182436959951
0.862702703049180
0.869811383386847
0.875020051415129
0.882032227777624
0.889175294865831
0.890272739683651
0.908305253063129
0.919323180480922
0.920893350789245
0.922445443041678
0.942993572129355
0.945946084128141
0.946178034233327
0.957843528983230
0.971351681994539
0.981488373037994
1.000366217425025
1.011782783133520
1.034012889274483
1.043043442752988
1.063613917604837
1.072871639278766
1.085776369665161
1.093558876570057
1.096101465336023
1.125440315159229
1.151792818177923
1.153877425808525
1.173735287875994
1.179082821671601
1.186264167014854
1.193447616554712
1.203748002347346
1.212988177423540
1.220033333846834
1.245025501682222
1.255493693839035
1.258016206171469
1.270463464683429
1.285344383749971
1.295953560092529
1.324153821539776
1.331107376643792
1.340690265375161
1.352041962759785
1.371054881524875
1.374537182778651
1.376998316460316
1.411745704636495
1.412646296851135
1.429111526910318
1.433810720379173
1.440043979327459
1.440096322299038
1.481005348797939
1.597076172434889
1.618123889931119
1.641877335804085
1.668911504400546
1.699350133624945
1.725125449034064
1.747385784840804
1.757377186929701
1.787516240185749
1.814655386357231
1.835955085861799
1.857902491972260
1.863482713767425
1.895546567618348
1.899554093012998
1.937476133096672
1.937506875433093
1.965912583256198
1.965932661021489
2.090875521075767
2.180362510905751
2.185423495595681
2.271348221730019
2.279006612588816
2.323672086467020
2.359332588976814
2.413760618322995
2.462442374591439
2.501582487124893
2.530413368122407
2.750973767665214
2.849300370467864
Davidson lowest eigenvalues at each iteration: 14
0.294871908340865
0.159658914989418
0.095337833996802
0.095327354635117
0.095327354635116
0.066232262654110
0.050016806957050
0.049158605448504
0.049142456641222
0.049142186590076
0.049142184012257
0.049142183942801
0.049142183940121
0.049142183940101

                            End of Section: Vectors                            

--------------------------------------------------------------------------------

                                    Matrices                                    

--------------------------------------------------------------------------------

Occupied States: 76 x 2
         5         8
         5         9
         5        10
         5        11
         6         7
         6         8
         6         9
         6        10
         6        11
         6        12
         7         6
         7         7
         7         8
         7         9
         7        10
         7        11
         7        12
         7        13
         8         5
         8         6
         8         7
         8         8
         8         9
         8        10
         8        11
         8        12
         8        13
         8        14
         9         5
         9         6
         9         7
         9         8
         9         9
         9        10
         9        11
         9        12
         9        13
         9        14
        10         5
        10         6
        10         7
        10         8
        10         9
        10        10
        10        11
        10        12
        10        13
        10        14
        11         5
        11         6
        11         7
        11         8
        11         9
        11        10
        11        11
        11        12
        11        13
        11        14
        12         6
        12         7
        12         8
        12         9
        12        10
        12        11
        12        12
        12        13
        13         7
        13         8
        13         9
        13        10
        13        11
        13        12
        14         8
        14         9
        14        10
        14        11
Virtual States: 285 x 2
         0         0
         0         1
         0         2
         0         3
         0         4
         0         5
         0         6
         0         7
         0         8
         0         9
         0        10
         0        11
         0        12
         0        13
         0        14
         0        15
         0        16
         0        17
         0        18
         1         0
         1         1
         1         2
         1         3
         1         4
         1         5
         1         6
         1         7
         1         8
         1         9
         1        10
         1        11
         1        12
         1        13
         1        14
         1        15
         1        16
         1        17
         1        18
         2         0
         2         1
         2         2
         2         3
         2         4
         2         5
         2         6
         2         7
         2         8
         2         9
         2        10
         2        11
         2        12
         2        13
         2        14
         2        15
         2        16
         2        17
         2        18
         3         0
         3         1
         3         2
         3         3
         3         4
         3         5
         3         6
         3         7
         3         8
         3         9
         3        10
         3        11
         3        12
         3        13
         3        14
         3        15
         3        16
         3        17
         3        18
         4         0
         4         1
         4         2
         4         3
         4         4
         4         5
         4         6
         4         7
         4         8
         4         9
         4        10
         4        11
         4        12
         4        13
         4        14
         4        15
         4        16
         4        17
         4        18
         5         0
         5         1
         5         2
         5         3
         5         4
         5         5
         5         6
         5         7
         5        12
         5        13
         5        14
         5        15
         5        16
         5        17
         5        18
         6         0
         6         1
         6         2
         6         3
         6         4
         6         5
         6         6
         6        13
         6        14
         6        15
         6        16
         6        17
         6        18
         7         0
         7         1
         7         2
         7         3
         7         4
         7         5
         7        14
         7        15
         7        16
         7        17
         7        18
         8         0
         8         1
         8         2
         8         3
         8         4
         8        15
         8        16
         8        17
         8        18
         9         0
         9         1
         9         2
         9         3
         9         4
         9        15
         9        16
         9        17
         9        18
        10         0
        10         1
        10         2
        10         3
        10         4
        10        15
        10        16
        10        17
        10        18
        11         0
        11         1
        11         2
        11         3
        11         4
        11        15
        11        16
        11        17
        11        18
        12         0
        12         1
        12         2
        12         3
        12         4
        12         5
        12        14
        12        15
        12        16
        12        17
        12        18
        13         0
        13         1
        13         2
        13         3
        13         4
        13         5
        13         6
        13        13
        13        14
        13        15
        13        16
        13        17
        13        18
        14         0
        14         1
        14         2
        14         3
        14         4
        14         5
        14         6
        14         7
        14        12
        14        13
        14        14
        14        15
        14        16
        14        17
        14        18
        15         0
        15         1
        15         2
        15         3
        15         4
        15         5
        15         6
        15         7
        15         8
        15         9
        15        10
        15        11
        15        12
        15        13
        15        14
        15        15
        15        16
        15        17
        15        18
        16         0
        16         1
        16         2
        16         3
        16         4
        16         5
        16         6
        16         7
        16         8
        16         9
        16        10
        16        11
        16        12
        16        13
        16        14
        16        15
        16        16
        16        17
        16        18
        17         0
        17         1
        17         2
        17         3
        17         4
        17         5
        17         6
        17         7
        17         8
        17         9
        17        10
        17        11
        17        12
        17        13
        17        14
        17        15
        17        16
        17        17
        17        18
        18         0
        18         1
        18         2
        18         3
        18         4
        18         5
        18         6
        18         7
        18         8
        18         9
        18        10
        18        11
        18        12
        18        13
        18        14
        18        15
        18        16
        18        17
        18        18
Excitations: 812 x 2
            0          217
            0          236
            0          255
            0          274
            0            8
            0           27
            0           46
            0           65
            0           84
            1          218
            1          237
            1          256
            1          275
            1            9
            1           28
            1           47
            1           66
            1           85
            2          219
            2          238
            2          257
            2          276
            2           10
            2           29
            2           48
            2           67
            2           86
            3          220
            3          239
            3          258
            3          277
            3           11
            3           30
            3           49
            3           68
            3           87
            4          201
            4          216
            4          235
            4          254
            4          273
            4            7
            4           26
            4           45
            4           64
            4           83
            4          102
            5          217
            5          236
            5          255
            5          274
            5            8
            5           27
            5           46
            5           65
            5           84
            6          218
            6          237
            6          256
            6          275
            6            9
            6           28
            6           47
            6           66
            6           85
            7          219
            7          238
            7          257
            7          276
            7           10
            7           29
            7           48
            7           67
            7           86
            8          220
            8          239
            8          258
            8          277
            8           11
            8           30
            8           49
            8           68
            8           87
            9          202
            9          221
            9          240
            9          259
            9          278
            9           12
            9           31
            9           50
            9           69
            9           88
            9          103
           10          187
           10          200
           10          215
           10          234
           10          253
           10          272
           10            6
           10           25
           10           44
           10           63
           10           82
           10          101
           10          116
           11          201
           11          216
           11          235
           11          254
           11          273
           11            7
           11           26
           11           45
           11           64
           11           83
           11          102
           12          217
           12          236
           12          255
           12          274
           12            8
           12           27
           12           46
           12           65
           12           84
           13          218
           13          237
           13          256
           13          275
           13            9
           13           28
           13           47
           13           66
           13           85
           14          219
           14          238
           14          257
           14          276
           14           10
           14           29
           14           48
           14           67
           14           86
           15          220
           15          239
           15          258
           15          277
           15           11
           15           30
           15           49
           15           68
           15           87
           16          202
           16          221
           16          240
           16          259
           16          278
           16           12
           16           31
           16           50
           16           69
           16           88
           16          103
           17          188
           17          203
           17          222
           17          241
           17          260
           17          279
           17           13
           17           32
           17           51
           17           70
           17           89
           17          104
           17          117
           18          175
           18          186
           18          199
           18          214
           18          233
           18          252
           18          271
           18            5
           18           24
           18           43
           18           62
           18           81
           18          100
           18          115
           18          128
           19          187
           19          200
           19          215
           19          234
           19          253
           19          272
           19            6
           19           25
           19           44
           19           63
           19           82
           19          101
           19          116
           20          201
           20          216
           20          235
           20          254
           20          273
           20            7
           20           26
           20           45
           20           64
           20           83
           20          102
           21          217
           21          236
           21          255
           21          274
           21            8
           21           27
           21           46
           21           65
           21           84
           22          218
           22          237
           22          256
           22          275
           22            9
           22           28
           22           47
           22           66
           22           85
           23          219
           23          238
           23          257
           23          276
           23           10
           23           29
           23           48
           23           67
           23           86
           24          220
           24          239
           24          258
           24          277
           24           11
           24           30
           24           49
           24           68
           24           87
           25          202
           25          221
           25          240
           25          259
           25          278
           25           12
           25           31
           25           50
           25           69
           25           88
           25          103
           26          188
           26          203
           26          222
           26          241
           26          260
           26          279
           26           13
           26           32
           26           51
           26           70
           26           89
           26          104
           26          117
           27          176
           27          189
           27          204
           27          223
           27          242
           27          261
           27          280
           27           14
           27           33
           27           52
           27           71
           27           90
           27          105
           27          118
           27          129
           28          175
           28          186
           28          199
           28          214
           28          233
           28          252
           28          271
           28            5
           28           24
           28           43
           28           62
           28           81
           28          100
           28          115
           28          128
           29          187
           29          200
           29          215
           29          234
           29          253
           29          272
           29            6
           29           25
           29           44
           29           63
           29           82
           29          101
           29          116
           30          201
           30          216
           30          235
           30          254
           30          273
           30            7
           30           26
           30           45
           30           64
           30           83
           30          102
           31          217
           31          236
           31          255
           31          274
           31            8
           31           27
           31           46
           31           65
           31           84
           32          218
           32          237
           32          256
           32          275
           32            9
           32           28
           32           47
           32           66
           32           85
           33          219
           33          238
           33          257
           33          276
           33           10
           33           29
           33           48
           33           67
           33           86
           34          220
           34          239
           34          258
           34          277
           34           11
           34           30
           34           49
           34           68
           34           87
           35          202
           35          221
           35          240
           35          259
           35          278
           35           12
           35           31
           35           50
           35           69
           35           88
           35          103
           36          188
           36          203
           36          222
           36          241
           36          260
           36          279
           36           13
           36           32
           36           51
           36           70
           36           89
           36          104
           36          117
           37          176
           37          189
           37          204
           37          223
           37          242
           37          261
           37          280
           37           14
           37           33
           37           52
           37           71
           37           90
           37          105
           37          118
           37          129
           38          175
           38          186
           38          199
           38          214
           38          233
           38          252
           38          271
           38            5
           38           24
           38           43
           38           62
           38           81
           38          100
           38          115
           38          128
           39          187
           39          200
           39          215
           39          234
           39          253
           39          272
           39            6
           39           25
           39           44
           39           63
           39           82
           39          101
           39          116
           40          201
           40          216
           40          235
           40          254
           40          273
           40            7
           40           26
           40           45
           40           64
           40           83
           40          102
           41          217
           41          236
           41          255
           41          274
           41            8
           41           27
           41           46
           41           65
           41           84
           42          218
           42          237
           42          256
           42          275
           42            9
           42           28
           42           47
           42           66
           42           85
           43          219
           43          238
           43          257
           43          276
           43           10
           43           29
           43           48
           43           67
           43           86
           44          220
           44          239
           44          258
           44          277
           44           11
           44           30
           44           49
           44           68
           44           87
           45          202
           45          221
           45          240
           45          259
           45          278
           45           12
           45           31
           45           50
           45           69
           45           88
           45          103
           46          188
           46          203
           46          222
           46          241
           46          260
           46          279
           46           13
           46           32
           46           51
           46           70
           46           89
           46          104
           46          117
           47          176
           47          189
           47          204
           47          223
           47          242
           47          261
           47          280
           47           14
           47           33
           47           52
           47           71
           47           90
           47          105
           47          118
           47          129
           48          175
           48          186
           48          199
           48          214
           48          233
           48          252
           48          271
           48            5
           48           24
           48           43
           48           62
           48           81
           48          100
           48          115
           48          128
           49          187
           49          200
           49          215
           49          234
           49          253
           49          272
           49            6
           49           25
           49           44
           49           63
           49           82
           49          101
           49          116
           50          201
           50          216
           50          235
           50          254
           50          273
           50            7
           50           26
           50           45
           50           64
           50           83
           50          102
           51          217
           51          236
           51          255
           51          274
           51            8
           51           27
           51           46
           51           65
           51           84
           52          218
           52          237
           52          256
           52          275
           52            9
           52           28
           52           47
           52           66
           52           85
           53          219
           53          238
           53          257
           53          276
           53           10
           53           29
           53           48
           53           67
           53           86
           54          220
           54          239
           54          258
           54          277
           54           11
           54           30
           54           49
           54           68
           54           87
           55          202
           55          221
           55          240
           55          259
           55          278
           55           12
           55           31
           55           50
           55           69
           55           88
           55          103
           56          188
           56          203
           56          222
           56          241
           56          260
           56          279
           56           13
           56           32
           56           51
           56           70
           56           89
           56          104
           56          117
           57          176
           57          189
           57          204
           57          223
           57          242
           57          261
           57          280
           57           14
           57           33
           57           52
           57           71
           57           90
           57          105
           57          118
           57          129
           58          187
           58          200
           58          215
           58          234
           58          253
           58          272
           58            6
           58           25
           58           44
           58           63
           58           82
           58          101
           58          116
           59          201
           59          216
           59          235
           59          254
           59          273
           59            7
           59           26
           59           45
           59           64
           59           83
           59          102
           60          217
           60          236
           60          255
           60          274
           60            8
           60           27
           60           46
           60           65
           60           84
           61          218
           61          237
           61          256
           61          275
           61            9
           61           28
           61           47
           61           66
           61           85
           62          219
           62          238
           62          257
           62          276
           62           10
           62           29
           62           48
           62           67
           62           86
           63          220
           63          239
           63          258
           63          277
           63           11
           63           30
           63           49
           63           68
           63           87
           64          202
           64          221
           64          240
           64          259
           64          278
           64           12
           64           31
           64           50
           64           69
           64           88
           64          103
           65          188
           65          203
           65          222
           65          241
           65          260
           65          279
           65           13
           65           32
           65           51
           65           70
           65           89
           65          104
           65          117
           66          201
           66          216
           66          235
           66          254
           66          273
           66            7
           66           26
           66           45
           66           64
           66           83
           66          102
           67          217
           67          236
           67          255
           67          274
           67            8
           67           27
           67           46
           67           65
           67           84
           68          218
           68          237
           68          256
           68          275
           68            9
           68           28
           68           47
           68           66
           68           85
           69          219
           69          238
           69          257
           69          276
           69           10
           69           29
           69           48
           69           67
           69           86
           70          220
           70          239
           70          258
           70          277
           70           11
           70           30
           70           49
           70           68
           70           87
           71          202
           71          221
           71          240
           71          259
           71          278
           71           12
           71           31
           71           50
           71           69
           71           88
           71          103
           72          217
           72          236
           72          255
           72          274
           72            8
           72           27
           72           46
           72           65
           72           84
           73          218
           73          237
           73          256
           73          275
           73            9
           73           28
           73           47
           73           66
           73           85
           74          219
           74          238
           74          257
           74          276
           74           10
           74           29
           74           48
           74           67
           74           86
           75          220
           75          239
           75          258
           75          277
           75           11
           75           30
           75           49
           75           68
           75           87

                            End of Section: Matrices                            

--------------------------------------------------------------------------------

                              Calculation Details                              

--------------------------------------------------------------------------------

Davidson_Stopping_Criteria = All requested norms below tolerance

                      End of Section: Calculation Details                      

################################################################################

                              End of Output File.                              

################################################################################
