################################################################################

            Output File for HFS, the Hartree-Fock Stability Program            
                              Author: Evan Curtin                              
             Institution: University of Illinois @ Urbana-Champaign             
                          email: ecurtin2@illinois.edu                          
                       Built on Oct 18 2016, at 18:15:44                       

################################################################################

                Computation Started : Tue Oct 18 19:02:23 2016
                
                Computation Finished: Tue Oct 18 19:02:31 2016
                
                     Total Elapsed Time = 8.12173 seconds.                     

--------------------------------------------------------------------------------

                                     Input                                     

--------------------------------------------------------------------------------

Nk = 15
ndim = 2
rs = 1.200000000000000

                             End of Section: Input                             

--------------------------------------------------------------------------------

                                     Output                                     

--------------------------------------------------------------------------------

deltaK = 0.336717514850737
kf = 1.178511301977579
kmax = 2.357022603955159
Nocc = 37
Nvir = 159
Nexc = 303
dav_its = 13
Dav_Final_Val = 0.029702465656455
full_diag_min = 0.029702465656455

                             End of Section: Output                             

--------------------------------------------------------------------------------

                                    Vectors                                    

--------------------------------------------------------------------------------

Occ Energies: 37
-0.115034866884205
-0.214317485921489
-0.115034866884205
-0.276761970142527
-0.561256096839478
-0.652712128164350
-0.561256096839478
-0.276761970142527
-0.115034866884205
-0.561256096839478
-0.818970569831775
-0.903306675107902
-0.818970569831775
-0.561256096839478
-0.115034866884205
-0.214317485921489
-0.652712128164349
-0.903306675107902
-0.985685626935261
-0.903306675107902
-0.652712128164350
-0.214317485921489
-0.115034866884205
-0.561256096839478
-0.818970569831775
-0.903306675107902
-0.818970569831775
-0.561256096839478
-0.115034866884205
-0.276761970142527
-0.561256096839478
-0.652712128164350
-0.561256096839478
-0.276761970142527
-0.115034866884205
-0.214317485921489
-0.115034866884205
Vir Energies: 159
5.295426758926155
4.553305628816251
3.914468149635744
3.382659248478233
2.961906206846171
2.657572062813716
2.472947336770546
2.411000829800006
2.472947336770546
2.657572062813716
2.961906206846171
3.382659248478233
3.914468149635744
4.553305628816251
4.553305628816251
3.810767593833546
3.170650629649941
2.636651154111025
2.212829031072615
1.905067832659486
1.717548642112078
1.654452463746674
1.717548642112078
1.905067832659486
2.212829031072614
2.636651154111024
3.170650629649941
3.810767593833545
3.914468149635744
3.170650629649941
2.526571430470164
1.985635830190402
1.551689177111195
1.231662121376555
1.032851903989416
0.965204469765021
1.032851903989416
1.231662121376555
1.551689177111194
1.985635830190402
2.526571430470164
3.170650629649940
3.382659248478233
2.636651154111025
1.985635830190402
1.431976094934562
0.978317648497969
0.629432341607117
0.394582141560669
0.314289507886918
0.394582141560669
0.629432341607117
0.978317648497968
1.431976094934562
1.985635830190402
2.636651154111024
2.961906206846171
2.212829031072615
1.551689177111195
0.978317648497969
0.490552032264665
0.084571016103401
0.084571016103400
0.490552032264665
0.978317648497968
1.551689177111195
2.212829031072614
2.657572062813716
1.905067832659487
1.231662121376555
0.629432341607117
0.084571016103401
0.084571016103400
0.629432341607117
1.231662121376556
1.905067832659485
2.472947336770546
1.717548642112078
1.032851903989416
0.394582141560669
0.394582141560669
1.032851903989416
1.717548642112078
2.411000829800006
1.654452463746674
0.965204469765021
0.314289507886917
0.314289507886917
0.965204469765021
1.654452463746674
2.472947336770546
1.717548642112078
1.032851903989416
0.394582141560669
0.394582141560669
1.032851903989416
1.717548642112078
2.657572062813716
1.905067832659486
1.231662121376555
0.629432341607117
0.084571016103400
0.084571016103400
0.629432341607116
1.231662121376555
1.905067832659485
2.961906206846170
2.212829031072614
1.551689177111194
0.978317648497968
0.490552032264665
0.084571016103400
0.084571016103400
0.490552032264664
0.978317648497968
1.551689177111194
2.212829031072613
3.382659248478233
2.636651154111024
1.985635830190402
1.431976094934562
0.978317648497968
0.629432341607117
0.394582141560669
0.314289507886917
0.394582141560669
0.629432341607116
0.978317648497968
1.431976094934561
1.985635830190402
2.636651154111024
3.914468149635744
3.170650629649941
2.526571430470164
1.985635830190402
1.551689177111195
1.231662121376555
1.032851903989416
0.965204469765021
1.032851903989416
1.231662121376555
1.551689177111194
1.985635830190402
2.526571430470164
3.170650629649939
4.553305628816251
3.810767593833545
3.170650629649940
2.636651154111024
2.212829031072614
1.905067832659485
1.717548642112078
1.654452463746674
1.717548642112078
1.905067832659485
2.212829031072614
2.636651154111024
3.170650629649939
3.810767593833544
Excitation Energies: 303
0.509617008444873
1.147886770873620
1.832583508996282
2.587982203654751
1.832583508996283
1.147886770873620
0.509617008444874
0.528606993808406
1.179521955686510
1.868769949668162
2.625318315721495
1.868769949668163
1.179521955686510
0.528606993808406
0.509617008444873
1.147886770873620
1.832583508996282
2.587982203654751
1.832583508996283
1.147886770873620
0.509617008444874
0.361332986245927
0.906194311749644
1.508424091519082
2.181829802802012
2.934334032956243
2.181829802802013
1.508424091519082
0.906194311749644
0.361332986245927
0.955838238400146
1.594108000828893
2.278804738951555
3.034203433610024
2.278804738951556
1.594108000828893
0.955838238400147
0.967001636051266
1.617916597929371
2.307164591911023
3.063712957964356
2.307164591911024
1.617916597929370
0.967001636051267
0.955838238400146
1.594108000828893
2.278804738951555
3.034203433610024
2.278804738951556
1.594108000828893
0.955838238400147
0.361332986245927
0.906194311749644
1.508424091519082
2.181829802802012
2.934334032956243
2.181829802802013
1.508424091519082
0.906194311749644
0.361332986245928
0.199605882987605
0.605586899148869
1.093352515382173
1.666724043995399
2.327863897956819
3.076941073730375
2.327863897956820
1.666724043995399
1.093352515382173
0.605586899148870
0.199605882987605
0.645827112942878
1.190688438446594
1.792918218216033
2.466323929498963
3.218828159653194
2.466323929498964
1.792918218216033
1.190688438446595
0.645827112942878
1.213552711392443
1.851822473821191
2.536519211943852
3.291917906602321
2.536519211943853
1.851822473821191
1.213552711392444
1.217596182994819
1.868511144872923
2.557759138854575
3.314307504907908
2.557759138854576
1.868511144872923
1.217596182994819
1.213552711392443
1.851822473821190
2.536519211943852
3.291917906602321
2.536519211943853
1.851822473821190
1.213552711392444
0.645827112942878
1.190688438446594
1.792918218216033
2.466323929498963
3.218828159653194
2.466323929498964
1.792918218216033
1.190688438446595
0.645827112942878
0.199605882987605
0.605586899148869
1.093352515382173
1.666724043995399
2.327863897956818
3.076941073730376
2.327863897956819
1.666724043995399
1.093352515382173
0.605586899148870
0.199605882987605
0.298888502024889
0.704869518186154
1.192635134419457
1.766006663032683
2.427146516994103
3.176223692767659
2.427146516994104
1.766006663032683
1.192635134419457
0.704869518186154
0.298888502024889
0.737283144267750
1.282144469771466
1.884374249540905
2.557779960823835
3.310284190978066
2.557779960823836
1.884374249540905
1.282144469771467
0.737283144267750
1.297888816668571
1.936158579097318
2.620855317219980
3.376254011878448
2.620855317219981
1.936158579097318
1.297888816668571
1.299975134822178
1.950890096700282
2.640138090681935
3.396686456735267
2.640138090681936
1.950890096700282
1.299975134822179
1.297888816668570
1.936158579097318
2.620855317219980
3.376254011878448
2.620855317219981
1.936158579097318
1.297888816668571
0.737283144267750
1.282144469771466
1.884374249540905
2.557779960823835
3.310284190978066
2.557779960823836
1.884374249540905
1.282144469771467
0.737283144267750
0.298888502024889
0.704869518186153
1.192635134419457
1.766006663032683
2.427146516994102
3.176223692767659
2.427146516994103
1.766006663032683
1.192635134419457
0.704869518186154
0.298888502024889
0.199605882987605
0.605586899148869
1.093352515382173
1.666724043995399
2.327863897956818
3.076941073730375
2.327863897956819
1.666724043995399
1.093352515382173
0.605586899148870
0.199605882987605
0.645827112942878
1.190688438446594
1.792918218216033
2.466323929498963
3.218828159653194
2.466323929498964
1.792918218216033
1.190688438446595
0.645827112942878
1.213552711392444
1.851822473821191
2.536519211943852
3.291917906602321
2.536519211943853
1.851822473821191
1.213552711392444
1.217596182994819
1.868511144872923
2.557759138854576
3.314307504907908
2.557759138854577
1.868511144872923
1.217596182994820
1.213552711392443
1.851822473821191
2.536519211943852
3.291917906602321
2.536519211943853
1.851822473821191
1.213552711392444
0.645827112942878
1.190688438446594
1.792918218216033
2.466323929498963
3.218828159653194
2.466323929498964
1.792918218216033
1.190688438446595
0.645827112942878
0.199605882987605
0.605586899148869
1.093352515382173
1.666724043995399
2.327863897956818
3.076941073730376
2.327863897956819
1.666724043995399
1.093352515382173
0.605586899148870
0.199605882987605
0.361332986245927
0.906194311749644
1.508424091519082
2.181829802802012
2.934334032956243
2.181829802802013
1.508424091519082
0.906194311749644
0.361332986245928
0.955838238400147
1.594108000828894
2.278804738951556
3.034203433610024
2.278804738951556
1.594108000828894
0.955838238400147
0.967001636051267
1.617916597929371
2.307164591911024
3.063712957964356
2.307164591911024
1.617916597929371
0.967001636051267
0.955838238400146
1.594108000828894
2.278804738951556
3.034203433610024
2.278804738951556
1.594108000828894
0.955838238400147
0.361332986245927
0.906194311749644
1.508424091519083
2.181829802802013
2.934334032956243
2.181829802802014
1.508424091519082
0.906194311749644
0.361332986245928
0.509617008444874
1.147886770873621
1.832583508996283
2.587982203654751
1.832583508996283
1.147886770873621
0.509617008444874
0.528606993808406
1.179521955686510
1.868769949668163
2.625318315721495
1.868769949668164
1.179521955686510
0.528606993808407
0.509617008444874
1.147886770873621
1.832583508996283
2.587982203654751
1.832583508996283
1.147886770873621
0.509617008444874
Kgrid: 15
-2.357022603955159
-2.020305089104422
-1.683587574253685
-1.346870059402948
-1.010152544552211
-0.673435029701474
-0.336717514850737
0.000000000000000
0.336717514850737
0.673435029701474
1.010152544552211
1.346870059402947
1.683587574253685
2.020305089104421
2.357022603955159
All Davidson Eigenvalues at Last Iteration: 192
0.029702465656455
0.029702465656455
0.051976768017436
0.107064995478118
0.147169137004902
0.147169137040431
0.148354959863900
0.160857028001182
0.160857028001184
0.191996019196274
0.209685307147864
0.215479377558866
0.252239109214185
0.252239109394359
0.253030148115232
0.253030152362370
0.272149823438683
0.309837070591780
0.310010936596350
0.316964455737465
0.320407577753937
0.323292472309311
0.323498703198563
0.323939305589713
0.324078875264724
0.354061962606007
0.376335670365572
0.378686104434718
0.414025528151295
0.414800270702671
0.415853670871811
0.417543205728047
0.459166218554987
0.462512470008018
0.463993723899672
0.467064309375847
0.488518122988242
0.503488622428323
0.513843441775412
0.514898151867406
0.530232957662943
0.540299435735299
0.540505880332157
0.544028547998556
0.565396058753361
0.568109351517758
0.574299222196862
0.576420212621267
0.584387531697784
0.587226214105556
0.587571935591887
0.587580976363130
0.588572587299345
0.597184676454794
0.599073883790046
0.608035637178749
0.632056434161866
0.664649496594691
0.665209780387845
0.675359679091810
0.677373713672305
0.678163682746035
0.681879169404972
0.688824858218782
0.692612320073524
0.694535170603458
0.695888423149448
0.701459420875179
0.744409150883318
0.787603668862231
0.797175902330565
0.799670583612443
0.801435664145628
0.803850268877394
0.817226938972670
0.831362535122110
0.837501221294213
0.851610768224024
0.861871725390292
0.875430330322918
0.886931011019351
0.895528754358148
0.907809287790382
0.910329585408375
0.920504399580534
0.925335468445853
0.930113529324540
0.957571724481621
0.961677019317011
0.965325153998487
0.975635614028611
0.991579119384482
0.998553082278498
0.998945484672592
1.000877315244730
1.015601938253980
1.026720827847448
1.030473339306336
1.030580062567765
1.030997064990843
1.049017800675779
1.067381558643286
1.081632832714471
1.090009350045329
1.092321354495388
1.094104769048137
1.097880996359425
1.114820198254873
1.130718348409496
1.140781440883121
1.154704009931943
1.166301713388122
1.174333982568424
1.178505182284529
1.181616155976321
1.195936402745037
1.204162295393782
1.217601471021786
1.233597141164068
1.234949830917581
1.242819768219978
1.253225515451228
1.271860606111373
1.293538032536036
1.311922108975781
1.335394806857273
1.344308599186741
1.356086090960110
1.374161874537235
1.396390382057172
1.423715231676625
1.451076627736450
1.458578331143630
1.468338257738986
1.473263788840842
1.484428617881894
1.496815786981175
1.505502477918423
1.511978001168643
1.521751762924032
1.529443464678981
1.558813050404267
1.569389168640725
1.581636669401651
1.584706129376080
1.605426003392181
1.627932659184330
1.633087780195302
1.634465902469973
1.645196085868974
1.652585305277719
1.675550103065861
1.676109690648283
1.689574184377815
1.699940581584566
1.735377791621804
1.739489724317863
1.794516657980729
1.809767380357125
1.816022064286096
1.856261487144074
1.865291734731792
1.870970147688972
1.914985468477786
1.922129053478148
1.922709456784685
1.955441202722683
2.009214898347703
2.043651338302403
2.087220032596414
2.120951443393981
2.157160242206560
2.185554404661135
2.186260366757469
2.202167246477045
2.260890641046236
2.275355399227850
2.287933079481413
2.316428111598760
2.318455734681534
2.340281565539193
2.362946731281765
2.363690234138060
2.397278850694881
2.557998895263975
2.619724436346291
2.678747589140884
2.898080716722607
2.940738447502856
3.025929556091691
3.073766022774642
3.119778785435205
Davidson lowest eigenvalues at each iteration: 13
0.308338167404852
0.129004003899013
0.062053260459086
0.052098004003006
0.051974391332908
0.030537245199884
0.029711582389890
0.029702527941485
0.029702465845110
0.029702465660487
0.029702465657194
0.029702465656459
0.029702465656455

                            End of Section: Vectors                            

--------------------------------------------------------------------------------

                                    Matrices                                    

--------------------------------------------------------------------------------

Occupied States: 37 x 2
         4         6
         4         7
         4         8
         5         5
         5         6
         5         7
         5         8
         5         9
         6         4
         6         5
         6         6
         6         7
         6         8
         6         9
         6        10
         7         4
         7         5
         7         6
         7         7
         7         8
         7         9
         7        10
         8         4
         8         5
         8         6
         8         7
         8         8
         8         9
         8        10
         9         5
         9         6
         9         7
         9         8
         9         9
        10         6
        10         7
        10         8
Virtual States: 159 x 2
         0         0
         0         1
         0         2
         0         3
         0         4
         0         5
         0         6
         0         7
         0         8
         0         9
         0        10
         0        11
         0        12
         0        13
         1         0
         1         1
         1         2
         1         3
         1         4
         1         5
         1         6
         1         7
         1         8
         1         9
         1        10
         1        11
         1        12
         1        13
         2         0
         2         1
         2         2
         2         3
         2         4
         2         5
         2         6
         2         7
         2         8
         2         9
         2        10
         2        11
         2        12
         2        13
         3         0
         3         1
         3         2
         3         3
         3         4
         3         5
         3         6
         3         7
         3         8
         3         9
         3        10
         3        11
         3        12
         3        13
         4         0
         4         1
         4         2
         4         3
         4         4
         4         5
         4         9
         4        10
         4        11
         4        12
         4        13
         5         0
         5         1
         5         2
         5         3
         5         4
         5        10
         5        11
         5        12
         5        13
         6         0
         6         1
         6         2
         6         3
         6        11
         6        12
         6        13
         7         0
         7         1
         7         2
         7         3
         7        11
         7        12
         7        13
         8         0
         8         1
         8         2
         8         3
         8        11
         8        12
         8        13
         9         0
         9         1
         9         2
         9         3
         9         4
         9        10
         9        11
         9        12
         9        13
        10         0
        10         1
        10         2
        10         3
        10         4
        10         5
        10         9
        10        10
        10        11
        10        12
        10        13
        11         0
        11         1
        11         2
        11         3
        11         4
        11         5
        11         6
        11         7
        11         8
        11         9
        11        10
        11        11
        11        12
        11        13
        12         0
        12         1
        12         2
        12         3
        12         4
        12         5
        12         6
        12         7
        12         8
        12         9
        12        10
        12        11
        12        12
        12        13
        13         0
        13         1
        13         2
        13         3
        13         4
        13         5
        13         6
        13         7
        13         8
        13         9
        13        10
        13        11
        13        12
        13        13
Excitations: 303 x 2
            0          123
            0          137
            0          151
            0            6
            0           20
            0           34
            0           48
            1          124
            1          138
            1          152
            1            7
            1           21
            1           35
            1           49
            2          125
            2          139
            2          153
            2            8
            2           22
            2           36
            2           50
            3          111
            3          122
            3          136
            3          150
            3            5
            3           19
            3           33
            3           47
            3           61
            4          123
            4          137
            4          151
            4            6
            4           20
            4           34
            4           48
            5          124
            5          138
            5          152
            5            7
            5           21
            5           35
            5           49
            6          125
            6          139
            6          153
            6            8
            6           22
            6           36
            6           50
            7          112
            7          126
            7          140
            7          154
            7            9
            7           23
            7           37
            7           51
            7           62
            8          101
            8          110
            8          121
            8          135
            8          149
            8            4
            8           18
            8           32
            8           46
            8           60
            8           71
            9          111
            9          122
            9          136
            9          150
            9            5
            9           19
            9           33
            9           47
            9           61
           10          123
           10          137
           10          151
           10            6
           10           20
           10           34
           10           48
           11          124
           11          138
           11          152
           11            7
           11           21
           11           35
           11           49
           12          125
           12          139
           12          153
           12            8
           12           22
           12           36
           12           50
           13          112
           13          126
           13          140
           13          154
           13            9
           13           23
           13           37
           13           51
           13           62
           14          102
           14          113
           14          127
           14          141
           14          155
           14           10
           14           24
           14           38
           14           52
           14           63
           14           72
           15          101
           15          110
           15          121
           15          135
           15          149
           15            4
           15           18
           15           32
           15           46
           15           60
           15           71
           16          111
           16          122
           16          136
           16          150
           16            5
           16           19
           16           33
           16           47
           16           61
           17          123
           17          137
           17          151
           17            6
           17           20
           17           34
           17           48
           18          124
           18          138
           18          152
           18            7
           18           21
           18           35
           18           49
           19          125
           19          139
           19          153
           19            8
           19           22
           19           36
           19           50
           20          112
           20          126
           20          140
           20          154
           20            9
           20           23
           20           37
           20           51
           20           62
           21          102
           21          113
           21          127
           21          141
           21          155
           21           10
           21           24
           21           38
           21           52
           21           63
           21           72
           22          101
           22          110
           22          121
           22          135
           22          149
           22            4
           22           18
           22           32
           22           46
           22           60
           22           71
           23          111
           23          122
           23          136
           23          150
           23            5
           23           19
           23           33
           23           47
           23           61
           24          123
           24          137
           24          151
           24            6
           24           20
           24           34
           24           48
           25          124
           25          138
           25          152
           25            7
           25           21
           25           35
           25           49
           26          125
           26          139
           26          153
           26            8
           26           22
           26           36
           26           50
           27          112
           27          126
           27          140
           27          154
           27            9
           27           23
           27           37
           27           51
           27           62
           28          102
           28          113
           28          127
           28          141
           28          155
           28           10
           28           24
           28           38
           28           52
           28           63
           28           72
           29          111
           29          122
           29          136
           29          150
           29            5
           29           19
           29           33
           29           47
           29           61
           30          123
           30          137
           30          151
           30            6
           30           20
           30           34
           30           48
           31          124
           31          138
           31          152
           31            7
           31           21
           31           35
           31           49
           32          125
           32          139
           32          153
           32            8
           32           22
           32           36
           32           50
           33          112
           33          126
           33          140
           33          154
           33            9
           33           23
           33           37
           33           51
           33           62
           34          123
           34          137
           34          151
           34            6
           34           20
           34           34
           34           48
           35          124
           35          138
           35          152
           35            7
           35           21
           35           35
           35           49
           36          125
           36          139
           36          153
           36            8
           36           22
           36           36
           36           50

                            End of Section: Matrices                            

--------------------------------------------------------------------------------

                              Calculation Details                              

--------------------------------------------------------------------------------

Davidson_Stopping_Criteria = All requested norms below tolerance

                      End of Section: Calculation Details                      

################################################################################

                              End of Output File.                              

################################################################################
