################################################################################

            Output File for HFS, the Hartree-Fock Stability Program            
                              Author: Evan Curtin                              
             Institution: University of Illinois @ Urbana-Champaign             
                          email: ecurtin2@illinois.edu                          
                       Built on Oct 18 2016, at 18:15:44                       

################################################################################

                Computation Started : Tue Oct 18 19:08:36 2016
                
                Computation Finished: Tue Oct 18 19:12:06 2016
                
                     Total Elapsed Time = 209.515 seconds.                     

--------------------------------------------------------------------------------

                                     Input                                     

--------------------------------------------------------------------------------

Nk = 25
ndim = 2
rs = 1.200000000000000

                             End of Section: Input                             

--------------------------------------------------------------------------------

                                     Output                                     

--------------------------------------------------------------------------------

deltaK = 0.196418550329597
kf = 1.178511301977579
kmax = 2.357022603955159
Nocc = 113
Nvir = 463
Nexc = 1555
dav_its = 12
Dav_Final_Val = -0.052108181160032
full_diag_min = -0.052108181160030

                             End of Section: Output                             

--------------------------------------------------------------------------------

                                    Vectors                                    

--------------------------------------------------------------------------------

Occ Energies: 113
0.028752567652044
-0.044853287465502
-0.198977088591823
-0.289651378559325
-0.325637517103794
-0.289651378559326
-0.198977088591823
-0.044853287465502
-0.108666483869517
-0.334875243504187
-0.485062517350817
-0.572181691084694
-0.601307858100384
-0.572181691084694
-0.485062517350817
-0.334875243504187
-0.108666483869517
-0.044853287465502
-0.334875243504187
-0.546578606457213
-0.691648815934829
-0.776754646937218
-0.804881678687933
-0.776754646937218
-0.691648815934829
-0.546578606457213
-0.334875243504187
-0.044853287465502
-0.198977088591823
-0.485062517350817
-0.691648815934829
-0.834217973591810
-0.918191129538312
-0.945953542113705
-0.918191129538311
-0.834217973591810
-0.691648815934829
-0.485062517350817
-0.198977088591823
-0.289651378559326
-0.572181691084694
-0.776754646937218
-0.918191129538312
-1.001603414484048
-1.029194535028788
-1.001603414484048
-0.918191129538312
-0.776754646937218
-0.572181691084694
-0.289651378559326
0.028752567652044
-0.325637517103795
-0.601307858100384
-0.804881678687933
-0.945953542113706
-1.029194535028788
-1.056733790447536
-1.029194535028788
-0.945953542113705
-0.804881678687933
-0.601307858100384
-0.325637517103794
0.028752567652044
-0.289651378559326
-0.572181691084694
-0.776754646937218
-0.918191129538312
-1.001603414484048
-1.029194535028788
-1.001603414484048
-0.918191129538312
-0.776754646937218
-0.572181691084694
-0.289651378559326
-0.198977088591823
-0.485062517350817
-0.691648815934829
-0.834217973591810
-0.918191129538312
-0.945953542113706
-0.918191129538312
-0.834217973591811
-0.691648815934829
-0.485062517350817
-0.198977088591823
-0.044853287465502
-0.334875243504187
-0.546578606457213
-0.691648815934829
-0.776754646937218
-0.804881678687933
-0.776754646937218
-0.691648815934829
-0.546578606457213
-0.334875243504187
-0.044853287465502
-0.108666483869517
-0.334875243504187
-0.485062517350817
-0.572181691084694
-0.601307858100384
-0.572181691084694
-0.485062517350817
-0.334875243504187
-0.108666483869517
-0.044853287465502
-0.198977088591823
-0.289651378559326
-0.325637517103794
-0.289651378559326
-0.198977088591823
-0.044853287465502
0.028752567652044
Vir Energies: 463
5.291420370742841
4.845857780668004
4.435746423163302
4.061180714373978
3.722331969795873
3.420022094933518
3.155119381729811
2.929289056739694
2.743257235266369
2.597650604505319
2.493088062124860
2.430103713329601
2.409064978563476
2.430103713329601
2.493088062124860
2.597650604505319
2.743257235266369
2.929289056739694
3.155119381729811
3.420022094933518
3.722331969795873
4.061180714373978
4.435746423163302
4.845857780668004
4.845857780668004
4.400245365418797
3.989983316199794
3.615163237869565
3.275953712320335
2.973178129808276
2.707714649383607
2.481256461126354
2.294586660124245
2.148383103619973
2.043324734151187
1.980007455038590
1.958850587275547
1.980007455038590
2.043324734151187
2.148383103619973
2.294586660124245
2.481256461126354
2.707714649383606
2.973178129808276
3.275953712320335
3.615163237869566
3.989983316199794
4.400245365418797
4.435746423163302
3.989983316199794
3.579263968771603
3.203667996812870
2.863350002488079
2.559130061039934
2.291908309181821
2.063496085895620
1.874813618012372
1.726705027939069
1.620044437018968
1.555633356351607
1.534082670336927
1.555633356351607
1.620044437018968
1.726705027939069
1.874813618012372
2.063496085895620
2.291908309181821
2.559130061039934
2.863350002488079
3.203667996812870
3.579263968771603
3.989983316199794
4.061180714373978
3.615163237869566
3.203667996812870
2.826745598209421
2.484511419447609
2.177756058339833
1.907389101659071
1.675412086324178
1.482972943259243
1.331243257017195
1.221469432477586
1.154837383419389
1.132446127971258
1.154837383419389
1.221469432477586
1.331243257017195
1.482972943259244
1.675412086324178
1.907389101659071
2.177756058339833
2.484511419447609
2.826745598209421
3.203667996812870
3.615163237869566
3.722331969795873
3.275953712320335
2.863350002488079
2.484511419447609
2.139462126441353
1.828892449832259
1.553647136860887
1.315922351275945
1.117175139508986
0.959213146857282
0.843959794901477
0.772963098425773
0.748585679289539
0.772963098425773
0.843959794901477
0.959213146857282
1.117175139508986
1.315922351275945
1.553647136860887
1.828892449832259
2.139462126441353
2.484511419447609
2.863350002488079
3.275953712320335
3.420022094933518
2.973178129808276
2.559130061039934
2.177756058339833
1.828892449832259
1.512975964680352
1.230614322914937
0.983941570363623
0.774545225635642
0.605607993907040
0.481094308487023
0.400815945842040
0.367669489183950
0.400815945842040
0.481094308487023
0.605607993907040
0.774545225635642
0.983941570363623
1.230614322914937
1.512975964680352
1.828892449832259
2.177756058339833
2.559130061039934
2.973178129808276
3.155119381729811
2.707714649383607
2.291908309181821
1.907389101659070
1.553647136860887
1.230614322914937
0.938190946413915
0.677652898169021
0.448784665299202
0.255278196550103
0.116256748823355
0.022972428828893
0.022972428828893
0.116256748823355
0.255278196550103
0.448784665299202
0.677652898169022
0.938190946413915
1.230614322914937
1.553647136860887
1.907389101659070
2.291908309181821
2.707714649383607
2.929289056739694
2.481256461126354
2.063496085895620
1.675412086324178
1.315922351275945
0.983941570363623
0.677652898169021
0.395519573813640
0.131988798568888
0.131988798568888
0.395519573813640
0.677652898169022
0.983941570363623
1.315922351275945
1.675412086324177
2.063496085895620
2.481256461126354
2.743257235266369
2.294586660124245
1.874813618012372
1.482972943259243
1.117175139508986
0.774545225635642
0.448784665299202
0.131988798568888
0.131988798568888
0.448784665299202
0.774545225635642
1.117175139508986
1.482972943259243
1.874813618012372
2.294586660124245
2.597650604505319
2.148383103619973
1.726705027939068
1.331243257017194
0.959213146857282
0.605607993907040
0.255278196550103
0.255278196550103
0.605607993907040
0.959213146857282
1.331243257017194
1.726705027939068
2.148383103619973
2.493088062124861
2.043324734151187
1.620044437018968
1.221469432477586
0.843959794901477
0.481094308487023
0.116256748823355
0.116256748823355
0.481094308487023
0.843959794901477
1.221469432477586
1.620044437018968
2.043324734151187
2.430103713329601
1.980007455038590
1.555633356351607
1.154837383419389
0.772963098425772
0.400815945842040
0.022972428828893
0.022972428828893
0.400815945842040
0.772963098425773
1.154837383419389
1.555633356351607
1.980007455038590
2.409064978563476
1.958850587275547
1.534082670336926
1.132446127971258
0.748585679289539
0.367669489183950
0.367669489183950
0.748585679289539
1.132446127971258
1.534082670336926
1.958850587275547
2.430103713329601
1.980007455038590
1.555633356351607
1.154837383419389
0.772963098425773
0.400815945842040
0.022972428828893
0.022972428828893
0.400815945842040
0.772963098425773
1.154837383419389
1.555633356351607
1.980007455038590
2.493088062124861
2.043324734151187
1.620044437018968
1.221469432477586
0.843959794901477
0.481094308487023
0.116256748823355
0.116256748823355
0.481094308487023
0.843959794901477
1.221469432477586
1.620044437018968
2.043324734151187
2.597650604505319
2.148383103619973
1.726705027939068
1.331243257017194
0.959213146857282
0.605607993907040
0.255278196550103
0.255278196550103
0.605607993907040
0.959213146857282
1.331243257017194
1.726705027939068
2.148383103619973
2.743257235266369
2.294586660124245
1.874813618012372
1.482972943259243
1.117175139508986
0.774545225635642
0.448784665299202
0.131988798568887
0.131988798568887
0.448784665299202
0.774545225635642
1.117175139508986
1.482972943259243
1.874813618012372
2.294586660124245
2.929289056739694
2.481256461126354
2.063496085895620
1.675412086324178
1.315922351275945
0.983941570363623
0.677652898169021
0.395519573813640
0.131988798568887
0.131988798568888
0.395519573813640
0.677652898169022
0.983941570363623
1.315922351275945
1.675412086324178
2.063496085895620
2.481256461126354
3.155119381729811
2.707714649383607
2.291908309181821
1.907389101659070
1.553647136860887
1.230614322914937
0.938190946413915
0.677652898169022
0.448784665299202
0.255278196550103
0.116256748823355
0.022972428828893
0.022972428828893
0.116256748823355
0.255278196550103
0.448784665299202
0.677652898169022
0.938190946413915
1.230614322914937
1.553647136860887
1.907389101659070
2.291908309181821
2.707714649383607
3.420022094933518
2.973178129808276
2.559130061039934
2.177756058339833
1.828892449832259
1.512975964680352
1.230614322914937
0.983941570363623
0.774545225635643
0.605607993907040
0.481094308487023
0.400815945842040
0.367669489183950
0.400815945842040
0.481094308487023
0.605607993907040
0.774545225635643
0.983941570363623
1.230614322914937
1.512975964680352
1.828892449832259
2.177756058339833
2.559130061039934
2.973178129808276
3.722331969795873
3.275953712320335
2.863350002488079
2.484511419447609
2.139462126441353
1.828892449832259
1.553647136860887
1.315922351275945
1.117175139508986
0.959213146857282
0.843959794901478
0.772963098425773
0.748585679289539
0.772963098425773
0.843959794901478
0.959213146857282
1.117175139508986
1.315922351275945
1.553647136860887
1.828892449832259
2.139462126441353
2.484511419447609
2.863350002488079
3.275953712320335
4.061180714373978
3.615163237869566
3.203667996812870
2.826745598209421
2.484511419447609
2.177756058339833
1.907389101659070
1.675412086324178
1.482972943259243
1.331243257017194
1.221469432477586
1.154837383419389
1.132446127971258
1.154837383419389
1.221469432477586
1.331243257017194
1.482972943259244
1.675412086324178
1.907389101659070
2.177756058339833
2.484511419447609
2.826745598209421
3.203667996812870
3.615163237869566
4.435746423163302
3.989983316199794
3.579263968771604
3.203667996812870
2.863350002488079
2.559130061039934
2.291908309181821
2.063496085895620
1.874813618012372
1.726705027939068
1.620044437018968
1.555633356351607
1.534082670336926
1.555633356351607
1.620044437018968
1.726705027939068
1.874813618012372
2.063496085895620
2.291908309181821
2.559130061039934
2.863350002488079
3.203667996812870
3.579263968771604
3.989983316199794
4.845857780668005
4.400245365418798
3.989983316199794
3.615163237869566
3.275953712320335
2.973178129808276
2.707714649383607
2.481256461126354
2.294586660124245
2.148383103619973
2.043324734151187
1.980007455038589
1.958850587275547
1.980007455038589
2.043324734151187
2.148383103619973
2.294586660124245
2.481256461126354
2.707714649383607
2.973178129808276
3.275953712320335
3.615163237869566
3.989983316199794
4.400245365418798
Excitation Energies: 1555
0.338916921531906
0.719833111637495
1.103693560319214
1.505330102684882
1.930098019623502
2.380312410911432
1.930098019623502
1.505330102684883
1.103693560319214
0.719833111637495
0.338916921531906
0.300131484015605
0.650461281372542
1.004066434322784
1.376096544482696
1.771558315404570
2.193236391085475
2.642503891970820
2.193236391085475
1.771558315404570
1.376096544482696
1.004066434322784
0.650461281372541
0.300131484015605
0.315233837415178
0.680071397078846
1.042936883493300
1.420446521069409
1.819021525610791
2.242301822743010
2.692065150716683
2.242301822743010
1.819021525610791
1.420446521069409
1.042936883493300
0.680071397078846
0.315233837415178
0.312623807388218
0.690467324401366
1.062614476985098
1.444488761978714
1.845284734910932
2.269658833597915
2.719755091888926
2.269658833597915
1.845284734910932
1.444488761978714
1.062614476985098
0.690467324401365
0.312623807388218
0.693307006287744
1.074223196393333
1.458083645075052
1.859720187440720
2.284488104379341
2.734702495667270
2.284488104379341
1.859720187440721
1.458083645075052
1.074223196393333
0.693307006287744
0.312623807388218
0.690467324401366
1.062614476985098
1.444488761978714
1.845284734910932
2.269658833597915
2.719755091888926
2.269658833597915
1.845284734910933
1.444488761978714
1.062614476985098
0.690467324401365
0.312623807388218
0.315233837415178
0.680071397078846
1.042936883493300
1.420446521069409
1.819021525610791
2.242301822743010
2.692065150716683
2.242301822743010
1.819021525610791
1.420446521069409
1.042936883493300
0.680071397078846
0.315233837415178
0.300131484015605
0.650461281372542
1.004066434322784
1.376096544482696
1.771558315404570
2.193236391085475
2.642503891970821
2.193236391085475
1.771558315404570
1.376096544482696
1.004066434322784
0.650461281372542
0.300131484015605
0.240655282438404
0.557451149168719
0.883211709505159
1.225841623378503
1.591639427128760
1.983480101881888
2.403253143993762
2.851923719135886
2.403253143993762
1.983480101881889
1.591639427128760
1.225841623378503
0.883211709505159
0.557451149168719
0.240655282438404
0.590153440054290
0.940483237411227
1.294088390361469
1.666118500521381
2.061580271443256
2.483258347124161
2.932525848009506
2.483258347124161
2.061580271443256
1.666118500521382
1.294088390361469
0.940483237411227
0.590153440054290
0.601319266174172
0.966156825837840
1.329022312252294
1.706531949828403
2.105106954369785
2.528387251502004
2.978150579475677
2.528387251502004
2.105106954369785
1.706531949828403
1.329022312252294
0.966156825837840
0.601319266174172
0.595154119913587
0.972997636926734
1.345144789510467
1.727019074504083
2.127815047436301
2.552189146123284
3.002285404414295
2.552189146123284
2.127815047436301
1.727019074504083
1.345144789510467
0.972997636926734
0.595154119913587
0.968977347284334
1.349893537389923
1.733753986071642
2.135390528437310
2.560158445375931
3.010372836663860
2.560158445375931
2.135390528437311
1.733753986071642
1.349893537389923
0.968977347284334
0.595154119913587
0.972997636926734
1.345144789510467
1.727019074504083
2.127815047436301
2.552189146123284
3.002285404414295
2.552189146123284
2.127815047436301
1.727019074504083
1.345144789510467
0.972997636926734
0.595154119913587
0.601319266174172
0.966156825837840
1.329022312252294
1.706531949828403
2.105106954369785
2.528387251502004
2.978150579475677
2.528387251502004
2.105106954369785
1.706531949828403
1.329022312252294
0.966156825837840
0.601319266174172
0.590153440054290
0.940483237411227
1.294088390361469
1.666118500521382
2.061580271443256
2.483258347124160
2.932525848009506
2.483258347124161
2.061580271443256
1.666118500521382
1.294088390361469
0.940483237411227
0.590153440054290
0.240655282438405
0.557451149168720
0.883211709505160
1.225841623378503
1.591639427128761
1.983480101881889
2.403253143993762
2.851923719135886
2.403253143993762
1.983480101881889
1.591639427128761
1.225841623378503
0.883211709505159
0.557451149168719
0.240655282438405
0.176842086034389
0.440372861279142
0.722506185634523
1.028794857829125
1.360775638741447
1.720265373789680
2.108349373361122
2.526109748591856
2.974142344205196
2.526109748591856
2.108349373361122
1.720265373789680
1.360775638741447
1.028794857829125
0.722506185634523
0.440372861279142
0.176842086034390
0.466864042073074
0.783659908803389
1.109420469139830
1.452050383013173
1.817848186763430
2.209688861516559
2.629461903628432
3.078132478770556
2.629461903628432
2.209688861516559
1.817848186763430
1.452050383013173
1.109420469139829
0.783659908803389
0.466864042073075
0.801856803007316
1.152186600364253
1.505791753314495
1.877821863474407
2.273283634396281
2.694961710077187
3.144229210962532
2.694961710077187
2.273283634396281
1.877821863474407
1.505791753314495
1.152186600364252
0.801856803007316
0.807905564758184
1.172743124421852
1.535608610836307
1.913118248412415
2.311693252953797
2.734973550086016
3.184736878059689
2.734973550086016
2.311693252953797
1.913118248412415
1.535608610836307
1.172743124421852
0.807905564758185
0.799727075766111
1.177570592779258
1.549717745362991
1.931592030356607
2.332388003288825
2.756762101975808
3.206858360266819
2.756762101975808
2.332388003288825
1.931592030356607
1.549717745362991
1.177570592779258
0.799727075766111
1.172551167871884
1.553467357977472
1.937327806659191
2.338964349024860
2.763732265963480
3.213946657251410
2.763732265963480
2.338964349024860
1.937327806659191
1.553467357977472
1.172551167871883
0.799727075766111
1.177570592779258
1.549717745362991
1.931592030356607
2.332388003288825
2.756762101975808
3.206858360266819
2.756762101975808
2.332388003288825
1.931592030356607
1.549717745362991
1.177570592779258
0.799727075766111
0.807905564758184
1.172743124421852
1.535608610836307
1.913118248412415
2.311693252953797
2.734973550086016
3.184736878059689
2.734973550086016
2.311693252953797
1.913118248412415
1.535608610836306
1.172743124421852
0.807905564758184
0.801856803007316
1.152186600364252
1.505791753314495
1.877821863474407
2.273283634396281
2.694961710077186
3.144229210962532
2.694961710077186
2.273283634396281
1.877821863474407
1.505791753314495
1.152186600364252
0.801856803007315
0.466864042073075
0.783659908803389
1.109420469139830
1.452050383013173
1.817848186763430
2.209688861516559
2.629461903628432
3.078132478770556
2.629461903628432
2.209688861516559
1.817848186763430
1.452050383013173
1.109420469139829
0.783659908803389
0.466864042073075
0.176842086034389
0.440372861279142
0.722506185634524
1.028794857829125
1.360775638741447
1.720265373789680
2.108349373361122
2.526109748591856
2.974142344205196
2.526109748591856
2.108349373361122
1.720265373789680
1.360775638741447
1.028794857829125
0.722506185634524
0.440372861279142
0.176842086034390
0.330965887160711
0.594496662405463
0.876629986760845
1.182918658955446
1.514899439867768
1.874389174916001
2.262473174487443
2.680233549718177
3.128266145331517
2.680233549718177
2.262473174487443
1.874389174916001
1.514899439867768
1.182918658955446
0.876629986760844
0.594496662405463
0.330965887160711
0.617051315919704
0.933847182650019
1.259607742986459
1.602237656859803
1.968035460610060
2.359876135363189
2.779649177475061
3.228319752617185
2.779649177475061
2.359876135363189
1.968035460610060
1.602237656859803
1.259607742986459
0.933847182650019
0.617051315919704
0.946927012484932
1.297256809841869
1.650861962792111
2.022892072952024
2.418353843873898
2.840031919554803
3.289299420440148
2.840031919554803
2.418353843873898
2.022892072952024
1.650861962792111
1.297256809841869
0.946927012484932
0.950474722415165
1.315312282078834
1.678177768493288
2.055687406069396
2.454262410610779
2.877542707742998
3.327306035716671
2.877542707742998
2.454262410610779
2.055687406069397
1.678177768493288
1.315312282078833
0.950474722415166
0.941163558367204
1.319007075380352
1.691154227964085
2.073028512957701
2.473824485889919
2.898198584576901
3.348294842867912
2.898198584576901
2.473824485889919
2.073028512957701
1.691154227964084
1.319007075380351
0.941163558367205
1.313623031297656
1.694539221403244
2.078399670084963
2.480036212450631
2.904804129389252
3.355018520677182
2.904804129389252
2.480036212450632
2.078399670084963
1.694539221403244
1.313623031297655
0.941163558367204
1.319007075380352
1.691154227964084
2.073028512957700
2.473824485889918
2.898198584576900
3.348294842867912
2.898198584576901
2.473824485889919
2.073028512957700
1.691154227964084
1.319007075380351
0.941163558367204
0.950474722415166
1.315312282078834
1.678177768493288
2.055687406069396
2.454262410610778
2.877542707742998
3.327306035716671
2.877542707742998
2.454262410610779
2.055687406069397
1.678177768493288
1.315312282078833
0.950474722415166
0.946927012484932
1.297256809841869
1.650861962792111
2.022892072952023
2.418353843873897
2.840031919554802
3.289299420440148
2.840031919554802
2.418353843873898
2.022892072952024
1.650861962792111
1.297256809841869
0.946927012484932
0.617051315919705
0.933847182650019
1.259607742986460
1.602237656859803
1.968035460610061
2.359876135363189
2.779649177475062
3.228319752617186
2.779649177475062
2.359876135363189
1.968035460610061
1.602237656859803
1.259607742986459
0.933847182650019
0.617051315919705
0.330965887160710
0.594496662405463
0.876629986760844
1.182918658955446
1.514899439867768
1.874389174916001
2.262473174487443
2.680233549718177
3.128266145331517
2.680233549718177
2.262473174487443
1.874389174916001
1.514899439867768
1.182918658955445
0.876629986760844
0.594496662405463
0.330965887160711
0.421640177128213
0.685170952372966
0.967304276728347
1.273592948922948
1.605573729835271
1.965063464883503
2.353147464454946
2.770907839685680
3.218940435299020
2.770907839685679
2.353147464454946
1.965063464883504
1.605573729835271
1.273592948922948
0.967304276728347
0.685170952372966
0.421640177128213
0.704170489653582
1.020966356383897
1.346726916720337
1.689356830593681
2.055154634343937
2.446995309097066
2.866768351208939
3.315438926351063
2.866768351208939
2.446995309097066
2.055154634343937
1.689356830593680
1.346726916720337
1.020966356383896
0.704170489653582
1.032032843487321
1.382362640844258
1.735967793794500
2.107997903954412
2.503459674876286
2.925137750557191
3.374405251442537
2.925137750557191
2.503459674876287
2.107997903954413
1.735967793794500
1.382362640844258
1.032032843487321
1.034447878361667
1.399285438025335
1.762150924439790
2.139660562015898
2.538235566557280
2.961515863689499
3.411279191663172
2.961515863689499
2.538235566557280
2.139660562015898
1.762150924439789
1.399285438025335
1.034447878361668
1.024575843312940
1.402419360326088
1.774566512909820
2.156440797903437
2.557236770835654
2.981610869522637
3.431707127813648
2.981610869522637
2.557236770835654
2.156440797903437
1.774566512909820
1.402419360326087
1.024575843312940
1.396864024212739
1.777780214318327
2.161640663000046
2.563277205365714
2.988045122304335
3.438259513592264
2.988045122304335
2.563277205365715
2.161640663000046
1.777780214318327
1.396864024212738
1.024575843312940
1.402419360326088
1.774566512909820
2.156440797903437
2.557236770835654
2.981610869522637
3.431707127813648
2.981610869522637
2.557236770835654
2.156440797903437
1.774566512909820
1.402419360326087
1.024575843312940
1.034447878361667
1.399285438025335
1.762150924439789
2.139660562015897
2.538235566557280
2.961515863689499
3.411279191663172
2.961515863689499
2.538235566557280
2.139660562015898
1.762150924439789
1.399285438025335
1.034447878361667
1.032032843487321
1.382362640844258
1.735967793794500
2.107997903954412
2.503459674876286
2.925137750557191
3.374405251442537
2.925137750557191
2.503459674876287
2.107997903954413
1.735967793794500
1.382362640844258
1.032032843487321
0.704170489653582
1.020966356383896
1.346726916720337
1.689356830593680
2.055154634343937
2.446995309097066
2.866768351208939
3.315438926351063
2.866768351208939
2.446995309097066
2.055154634343937
1.689356830593680
1.346726916720336
1.020966356383896
0.704170489653582
0.421640177128213
0.685170952372966
0.967304276728347
1.273592948922948
1.605573729835271
1.965063464883503
2.353147464454946
2.770907839685679
3.218940435299020
2.770907839685679
2.353147464454946
1.965063464883503
1.605573729835271
1.273592948922948
0.967304276728347
0.685170952372966
0.421640177128213
-0.005780138823152
0.087504181171311
0.226525628898058
0.420032097647158
0.648900330516977
0.909438378761871
1.201861755262893
1.524894569208843
1.878636534007026
2.263155741529777
2.678962081731562
3.126366814077767
2.678962081731562
2.263155741529777
1.878636534007027
1.524894569208843
1.201861755262893
0.909438378761871
0.648900330516977
0.420032097647158
0.226525628898059
0.087504181171311
-0.005780138823152
0.457626315672682
0.721157090917434
1.003290415272816
1.309579087467417
1.641559868379740
2.001049603427972
2.389133602999415
2.806893978230149
3.254926573843488
2.806893978230148
2.389133602999415
2.001049603427973
1.641559868379740
1.309579087467417
1.003290415272816
0.721157090917435
0.457626315672682
0.733296656669272
1.050092523399587
1.375853083736027
1.718482997609371
2.084280801359628
2.476121476112756
2.895894518224629
3.344565093366753
2.895894518224629
2.476121476112756
2.084280801359628
1.718482997609371
1.375853083736027
1.050092523399587
0.733296656669272
1.060159875238036
1.410489672594973
1.764094825545215
2.136124935705127
2.531586706627001
2.953264782307906
3.402532283193252
2.953264782307906
2.531586706627002
2.136124935705128
1.764094825545215
1.410489672594973
1.060159875238036
1.062210290937061
1.427047850600729
1.789913337015183
2.167422974591291
2.565997979132674
2.989278276264893
3.439041604238566
2.989278276264893
2.565997979132674
2.167422974591292
1.789913337015183
1.427047850600728
1.062210290937061
1.052166963857680
1.430010480870828
1.802157633454560
2.184031918448176
2.584827891380395
3.009201990067377
3.459298248358389
3.009201990067377
2.584827891380395
2.184031918448176
1.802157633454560
1.430010480870827
1.052166963857680
1.424403279631486
1.805319469737075
2.189179918418794
2.590816460784462
3.015584377723082
3.465798769011012
3.015584377723083
2.590816460784462
2.189179918418794
1.805319469737074
1.424403279631485
1.052166963857680
1.430010480870828
1.802157633454561
2.184031918448177
2.584827891380395
3.009201990067377
3.459298248358389
3.009201990067377
2.584827891380395
2.184031918448177
1.802157633454561
1.430010480870828
1.052166963857681
1.062210290937061
1.427047850600729
1.789913337015183
2.167422974591291
2.565997979132673
2.989278276264892
3.439041604238565
2.989278276264892
2.565997979132674
2.167422974591291
1.789913337015183
1.427047850600728
1.062210290937061
1.060159875238036
1.410489672594973
1.764094825545215
2.136124935705127
2.531586706627001
2.953264782307906
3.402532283193252
2.953264782307906
2.531586706627002
2.136124935705128
1.764094825545215
1.410489672594973
1.060159875238036
0.733296656669272
1.050092523399587
1.375853083736027
1.718482997609371
2.084280801359628
2.476121476112756
2.895894518224629
3.344565093366753
2.895894518224629
2.476121476112756
2.084280801359628
1.718482997609371
1.375853083736027
1.050092523399587
0.733296656669272
0.457626315672682
0.721157090917434
1.003290415272816
1.309579087467417
1.641559868379740
2.001049603427972
2.389133602999415
2.806893978230148
3.254926573843488
2.806893978230148
2.389133602999415
2.001049603427972
1.641559868379740
1.309579087467417
1.003290415272816
0.721157090917434
0.457626315672682
-0.005780138823152
0.087504181171311
0.226525628898058
0.420032097647158
0.648900330516977
0.909438378761871
1.201861755262893
1.524894569208843
1.878636534007026
2.263155741529777
2.678962081731562
3.126366814077767
2.678962081731562
2.263155741529777
1.878636534007026
1.524894569208843
1.201861755262892
0.909438378761871
0.648900330516977
0.420032097647158
0.226525628898059
0.087504181171311
-0.005780138823152
0.421640177128213
0.685170952372966
0.967304276728348
1.273592948922949
1.605573729835271
1.965063464883504
2.353147464454946
2.770907839685680
3.218940435299020
2.770907839685679
2.353147464454946
1.965063464883504
1.605573729835271
1.273592948922949
0.967304276728347
0.685170952372966
0.421640177128214
0.704170489653582
1.020966356383897
1.346726916720337
1.689356830593681
2.055154634343937
2.446995309097066
2.866768351208939
3.315438926351063
2.866768351208939
2.446995309097066
2.055154634343937
1.689356830593680
1.346726916720337
1.020966356383896
0.704170489653582
1.032032843487321
1.382362640844258
1.735967793794500
2.107997903954412
2.503459674876286
2.925137750557191
3.374405251442537
2.925137750557191
2.503459674876287
2.107997903954413
1.735967793794500
1.382362640844258
1.032032843487321
1.034447878361667
1.399285438025335
1.762150924439789
2.139660562015897
2.538235566557280
2.961515863689498
3.411279191663172
2.961515863689498
2.538235566557280
2.139660562015897
1.762150924439789
1.399285438025334
1.034447878361667
1.024575843312940
1.402419360326088
1.774566512909820
2.156440797903437
2.557236770835654
2.981610869522637
3.431707127813648
2.981610869522637
2.557236770835654
2.156440797903437
1.774566512909820
1.402419360326087
1.024575843312940
1.396864024212739
1.777780214318327
2.161640663000046
2.563277205365714
2.988045122304335
3.438259513592264
2.988045122304335
2.563277205365715
2.161640663000046
1.777780214318327
1.396864024212738
1.024575843312941
1.402419360326088
1.774566512909821
2.156440797903437
2.557236770835655
2.981610869522637
3.431707127813649
2.981610869522638
2.557236770835655
2.156440797903437
1.774566512909820
1.402419360326088
1.024575843312941
1.034447878361667
1.399285438025335
1.762150924439789
2.139660562015897
2.538235566557280
2.961515863689499
3.411279191663172
2.961515863689499
2.538235566557280
2.139660562015898
1.762150924439789
1.399285438025335
1.034447878361667
1.032032843487321
1.382362640844258
1.735967793794500
2.107997903954413
2.503459674876287
2.925137750557191
3.374405251442537
2.925137750557192
2.503459674876287
2.107997903954413
1.735967793794500
1.382362640844258
1.032032843487321
0.704170489653582
1.020966356383897
1.346726916720337
1.689356830593681
2.055154634343938
2.446995309097066
2.866768351208939
3.315438926351063
2.866768351208939
2.446995309097066
2.055154634343938
1.689356830593681
1.346726916720337
1.020966356383897
0.704170489653582
0.421640177128213
0.685170952372966
0.967304276728347
1.273592948922948
1.605573729835271
1.965063464883503
2.353147464454946
2.770907839685679
3.218940435299020
2.770907839685679
2.353147464454946
1.965063464883503
1.605573729835271
1.273592948922948
0.967304276728347
0.685170952372966
0.421640177128213
0.330965887160711
0.594496662405463
0.876629986760845
1.182918658955446
1.514899439867768
1.874389174916001
2.262473174487443
2.680233549718177
3.128266145331517
2.680233549718177
2.262473174487443
1.874389174916001
1.514899439867768
1.182918658955446
0.876629986760844
0.594496662405463
0.330965887160711
0.617051315919705
0.933847182650019
1.259607742986460
1.602237656859804
1.968035460610060
2.359876135363189
2.779649177475062
3.228319752617186
2.779649177475062
2.359876135363189
1.968035460610060
1.602237656859803
1.259607742986459
0.933847182650019
0.617051315919705
0.946927012484932
1.297256809841869
1.650861962792111
2.022892072952024
2.418353843873898
2.840031919554803
3.289299420440148
2.840031919554803
2.418353843873898
2.022892072952024
1.650861962792111
1.297256809841869
0.946927012484932
0.950474722415165
1.315312282078834
1.678177768493288
2.055687406069396
2.454262410610779
2.877542707742998
3.327306035716671
2.877542707742998
2.454262410610779
2.055687406069397
1.678177768493288
1.315312282078833
0.950474722415166
0.941163558367204
1.319007075380352
1.691154227964085
2.073028512957701
2.473824485889919
2.898198584576901
3.348294842867912
2.898198584576901
2.473824485889919
2.073028512957701
1.691154227964084
1.319007075380351
0.941163558367205
1.313623031297656
1.694539221403245
2.078399670084964
2.480036212450632
2.904804129389252
3.355018520677182
2.904804129389253
2.480036212450632
2.078399670084964
1.694539221403244
1.313623031297655
0.941163558367204
1.319007075380352
1.691154227964085
2.073028512957701
2.473824485889919
2.898198584576901
3.348294842867912
2.898198584576901
2.473824485889919
2.073028512957701
1.691154227964084
1.319007075380352
0.941163558367205
0.950474722415166
1.315312282078834
1.678177768493288
2.055687406069397
2.454262410610779
2.877542707742998
3.327306035716671
2.877542707742998
2.454262410610779
2.055687406069397
1.678177768493288
1.315312282078833
0.950474722415166
0.946927012484932
1.297256809841869
1.650861962792111
2.022892072952023
2.418353843873897
2.840031919554802
3.289299420440148
2.840031919554802
2.418353843873898
2.022892072952024
1.650861962792111
1.297256809841869
0.946927012484932
0.617051315919705
0.933847182650019
1.259607742986460
1.602237656859803
1.968035460610061
2.359876135363189
2.779649177475062
3.228319752617186
2.779649177475062
2.359876135363189
1.968035460610061
1.602237656859803
1.259607742986459
0.933847182650019
0.617051315919705
0.330965887160711
0.594496662405463
0.876629986760845
1.182918658955446
1.514899439867768
1.874389174916001
2.262473174487443
2.680233549718177
3.128266145331517
2.680233549718177
2.262473174487443
1.874389174916001
1.514899439867768
1.182918658955446
0.876629986760845
0.594496662405463
0.330965887160711
0.176842086034390
0.440372861279142
0.722506185634524
1.028794857829125
1.360775638741448
1.720265373789680
2.108349373361122
2.526109748591856
2.974142344205196
2.526109748591856
2.108349373361122
1.720265373789680
1.360775638741448
1.028794857829125
0.722506185634524
0.440372861279142
0.176842086034390
0.466864042073075
0.783659908803390
1.109420469139830
1.452050383013173
1.817848186763431
2.209688861516559
2.629461903628432
3.078132478770556
2.629461903628432
2.209688861516559
1.817848186763431
1.452050383013173
1.109420469139830
0.783659908803389
0.466864042073075
0.801856803007316
1.152186600364253
1.505791753314495
1.877821863474407
2.273283634396281
2.694961710077187
3.144229210962532
2.694961710077187
2.273283634396281
1.877821863474407
1.505791753314495
1.152186600364252
0.801856803007316
0.807905564758184
1.172743124421852
1.535608610836307
1.913118248412415
2.311693252953797
2.734973550086016
3.184736878059689
2.734973550086016
2.311693252953797
1.913118248412415
1.535608610836306
1.172743124421852
0.807905564758184
0.799727075766111
1.177570592779258
1.549717745362991
1.931592030356607
2.332388003288825
2.756762101975808
3.206858360266819
2.756762101975808
2.332388003288825
1.931592030356607
1.549717745362991
1.177570592779258
0.799727075766111
1.172551167871884
1.553467357977472
1.937327806659191
2.338964349024860
2.763732265963480
3.213946657251410
2.763732265963480
2.338964349024860
1.937327806659191
1.553467357977472
1.172551167871883
0.799727075766111
1.177570592779259
1.549717745362991
1.931592030356607
2.332388003288825
2.756762101975808
3.206858360266819
2.756762101975808
2.332388003288825
1.931592030356607
1.549717745362991
1.177570592779258
0.799727075766111
0.807905564758184
1.172743124421852
1.535608610836307
1.913118248412415
2.311693252953797
2.734973550086016
3.184736878059689
2.734973550086016
2.311693252953797
1.913118248412415
1.535608610836306
1.172743124421852
0.807905564758184
0.801856803007316
1.152186600364253
1.505791753314495
1.877821863474407
2.273283634396281
2.694961710077186
3.144229210962532
2.694961710077187
2.273283634396281
1.877821863474407
1.505791753314495
1.152186600364252
0.801856803007316
0.466864042073075
0.783659908803390
1.109420469139830
1.452050383013173
1.817848186763431
2.209688861516559
2.629461903628432
3.078132478770556
2.629461903628432
2.209688861516559
1.817848186763431
1.452050383013173
1.109420469139829
0.783659908803389
0.466864042073075
0.176842086034389
0.440372861279142
0.722506185634524
1.028794857829125
1.360775638741447
1.720265373789680
2.108349373361122
2.526109748591856
2.974142344205196
2.526109748591856
2.108349373361122
1.720265373789680
1.360775638741447
1.028794857829125
0.722506185634524
0.440372861279142
0.176842086034390
0.240655282438405
0.557451149168720
0.883211709505160
1.225841623378504
1.591639427128761
1.983480101881889
2.403253143993762
2.851923719135886
2.403253143993762
1.983480101881889
1.591639427128761
1.225841623378503
0.883211709505160
0.557451149168719
0.240655282438405
0.590153440054290
0.940483237411227
1.294088390361469
1.666118500521382
2.061580271443256
2.483258347124161
2.932525848009506
2.483258347124161
2.061580271443256
1.666118500521382
1.294088390361469
0.940483237411227
0.590153440054290
0.601319266174172
0.966156825837840
1.329022312252295
1.706531949828403
2.105106954369785
2.528387251502004
2.978150579475677
2.528387251502004
2.105106954369786
1.706531949828403
1.329022312252294
0.966156825837840
0.601319266174173
0.595154119913587
0.972997636926734
1.345144789510467
1.727019074504083
2.127815047436301
2.552189146123284
3.002285404414295
2.552189146123284
2.127815047436301
1.727019074504083
1.345144789510467
0.972997636926734
0.595154119913587
0.968977347284335
1.349893537389923
1.733753986071642
2.135390528437310
2.560158445375931
3.010372836663861
2.560158445375931
2.135390528437311
1.733753986071642
1.349893537389923
0.968977347284334
0.595154119913587
0.972997636926734
1.345144789510467
1.727019074504083
2.127815047436301
2.552189146123284
3.002285404414295
2.552189146123284
2.127815047436301
1.727019074504083
1.345144789510467
0.972997636926734
0.595154119913587
0.601319266174172
0.966156825837840
1.329022312252294
1.706531949828403
2.105106954369785
2.528387251502004
2.978150579475677
2.528387251502004
2.105106954369785
1.706531949828403
1.329022312252294
0.966156825837840
0.601319266174172
0.590153440054290
0.940483237411227
1.294088390361469
1.666118500521381
2.061580271443255
2.483258347124160
2.932525848009506
2.483258347124160
2.061580271443256
1.666118500521381
1.294088390361469
0.940483237411227
0.590153440054290
0.240655282438405
0.557451149168720
0.883211709505160
1.225841623378503
1.591639427128761
1.983480101881889
2.403253143993762
2.851923719135886
2.403253143993762
1.983480101881889
1.591639427128761
1.225841623378503
0.883211709505159
0.557451149168720
0.240655282438405
0.300131484015605
0.650461281372542
1.004066434322784
1.376096544482696
1.771558315404570
2.193236391085476
2.642503891970821
2.193236391085476
1.771558315404571
1.376096544482697
1.004066434322784
0.650461281372542
0.300131484015605
0.315233837415178
0.680071397078846
1.042936883493301
1.420446521069409
1.819021525610791
2.242301822743010
2.692065150716683
2.242301822743010
1.819021525610791
1.420446521069409
1.042936883493300
0.680071397078846
0.315233837415178
0.312623807388219
0.690467324401366
1.062614476985098
1.444488761978715
1.845284734910933
2.269658833597915
2.719755091888926
2.269658833597915
1.845284734910933
1.444488761978715
1.062614476985098
0.690467324401366
0.312623807388219
0.693307006287745
1.074223196393334
1.458083645075052
1.859720187440721
2.284488104379341
2.734702495667271
2.284488104379341
1.859720187440721
1.458083645075052
1.074223196393333
0.693307006287744
0.312623807388218
0.690467324401366
1.062614476985098
1.444488761978715
1.845284734910933
2.269658833597915
2.719755091888926
2.269658833597915
1.845284734910933
1.444488761978715
1.062614476985098
0.690467324401366
0.312623807388219
0.315233837415178
0.680071397078846
1.042936883493300
1.420446521069409
1.819021525610791
2.242301822743010
2.692065150716683
2.242301822743010
1.819021525610791
1.420446521069409
1.042936883493300
0.680071397078846
0.315233837415178
0.300131484015605
0.650461281372542
1.004066434322784
1.376096544482696
1.771558315404570
2.193236391085475
2.642503891970821
2.193236391085476
1.771558315404571
1.376096544482697
1.004066434322784
0.650461281372542
0.300131484015605
0.338916921531906
0.719833111637495
1.103693560319214
1.505330102684882
1.930098019623502
2.380312410911432
1.930098019623502
1.505330102684883
1.103693560319214
0.719833111637495
0.338916921531906
Kgrid: 25
-2.357022603955159
-2.160604053625562
-1.964185503295965
-1.767766952966369
-1.571348402636772
-1.374929852307176
-1.178511301977579
-0.982092751647983
-0.785674201318386
-0.589255650988790
-0.392837100659193
-0.196418550329597
0.000000000000000
0.196418550329597
0.392837100659193
0.589255650988790
0.785674201318386
0.982092751647983
1.178511301977579
1.374929852307176
1.571348402636772
1.767766952966369
1.964185503295965
2.160604053625562
2.357022603955159
All Davidson Eigenvalues at Last Iteration: 180
-0.052108181160032
-0.034058857608061
-0.034058857608053
-0.032929104266088
0.025435585036427
0.025473453099447
0.047206443114578
0.074888054152765
0.088837388561660
0.102716788174669
0.102893850374873
0.120091246524091
0.128181910094437
0.142644953897635
0.169168568775523
0.170317483944748
0.171375866117860
0.176008480184179
0.207500321705631
0.209747136831477
0.213681365909097
0.215163982654419
0.216272153031802
0.222490187608192
0.225308388266161
0.242221242701837
0.243076711940471
0.243355638352301
0.246367686972010
0.252201976244688
0.264356926465563
0.265919239163242
0.271851177006859
0.276338519785895
0.279787983861169
0.286392472576706
0.286803606261312
0.288374925003029
0.288556922557434
0.298841046812530
0.299748598394596
0.311968098467449
0.315736277027572
0.317010554037110
0.317094354169418
0.317365907050789
0.320475711075832
0.323704096433543
0.324344413074381
0.326711463983032
0.326715948237059
0.328274025131906
0.338109314629396
0.339965039163205
0.342270006965322
0.342367437248174
0.344669646651837
0.345641999164151
0.346912023560367
0.347100996854528
0.350241016393308
0.350241172132050
0.351239914135938
0.355620021296187
0.355921047588946
0.356608400093985
0.356816319153383
0.358044729786082
0.366554116175447
0.368856589915010
0.369889787997838
0.378129635741031
0.385173877892929
0.391873936812899
0.419493279021797
0.438035781442291
0.455748841813683
0.463386854543843
0.479257730590272
0.486379352559670
0.506214206977210
0.518748813897588
0.527604782715157
0.533789980200515
0.560834220386985
0.567211769857959
0.582252211158896
0.603834443308211
0.623185065905612
0.646402773270713
0.649145726713997
0.656540769331111
0.659105159558760
0.664389809165404
0.666863622773431
0.670116256528053
0.687236223334653
0.696351505124209
0.700574014810240
0.705066923473754
0.706705984059329
0.717405502209391
0.723984163393030
0.729703215196737
0.732024997732396
0.735054599769865
0.739971016023122
0.749392120738056
0.802632238093815
0.825881457991429
0.878273777098916
0.892382721159966
0.893730174238643
0.916222868123227
0.934927762692138
0.946311093326037
0.971359497905162
0.979270495426620
0.986731152791803
1.003981241806028
1.009961458532778
1.026214105651063
1.035328218456441
1.049198039415287
1.070936110862897
1.077261851344600
1.087377073102322
1.099419030968128
1.102793467580270
1.109673981657255
1.119320911413300
1.123833828392302
1.142635571750538
1.167675972954666
1.199417348974221
1.262077598013614
1.278106227736405
1.298213537770099
1.345404513501096
1.357990304203486
1.361359930019753
1.410143584463388
1.415942834451934
1.419791447504994
1.443720279882413
1.451026353497205
1.456964390746263
1.464890103597364
1.482726326967691
1.484994367483658
1.504971454804461
1.521781296067207
1.579013876857010
1.630629273497348
1.684444799155645
1.743015786866359
1.782896148536525
1.810592178533611
1.821303098093150
1.831863322059591
1.851394110400125
1.859266911228214
1.884403425706884
1.886881472987461
1.931824592779996
1.943543095586372
2.033998659948590
2.166144961703147
2.168517015009471
2.234529710597228
2.238347435497058
2.275832395407142
2.278634185127221
2.309298965775832
2.310435107891502
2.391642900459496
2.621391388763820
2.688993313365752
2.728849719360846
2.760657202181883
Davidson lowest eigenvalues at each iteration: 12
0.249163917757397
0.114568910509915
-0.023214279527264
-0.052106391871600
-0.052108181160033
-0.052108181160032
-0.052108181160032
-0.052108181160033
-0.052108181160032
-0.052108181160032
-0.052108181160032
-0.052108181160032

                            End of Section: Vectors                            

--------------------------------------------------------------------------------

                                    Matrices                                    

--------------------------------------------------------------------------------

Occupied States: 113 x 2
         6        12
         7         9
         7        10
         7        11
         7        12
         7        13
         7        14
         7        15
         8         8
         8         9
         8        10
         8        11
         8        12
         8        13
         8        14
         8        15
         8        16
         9         7
         9         8
         9         9
         9        10
         9        11
         9        12
         9        13
         9        14
         9        15
         9        16
         9        17
        10         7
        10         8
        10         9
        10        10
        10        11
        10        12
        10        13
        10        14
        10        15
        10        16
        10        17
        11         7
        11         8
        11         9
        11        10
        11        11
        11        12
        11        13
        11        14
        11        15
        11        16
        11        17
        12         6
        12         7
        12         8
        12         9
        12        10
        12        11
        12        12
        12        13
        12        14
        12        15
        12        16
        12        17
        12        18
        13         7
        13         8
        13         9
        13        10
        13        11
        13        12
        13        13
        13        14
        13        15
        13        16
        13        17
        14         7
        14         8
        14         9
        14        10
        14        11
        14        12
        14        13
        14        14
        14        15
        14        16
        14        17
        15         7
        15         8
        15         9
        15        10
        15        11
        15        12
        15        13
        15        14
        15        15
        15        16
        15        17
        16         8
        16         9
        16        10
        16        11
        16        12
        16        13
        16        14
        16        15
        16        16
        17         9
        17        10
        17        11
        17        12
        17        13
        17        14
        17        15
        18        12
Virtual States: 463 x 2
         0         0
         0         1
         0         2
         0         3
         0         4
         0         5
         0         6
         0         7
         0         8
         0         9
         0        10
         0        11
         0        12
         0        13
         0        14
         0        15
         0        16
         0        17
         0        18
         0        19
         0        20
         0        21
         0        22
         0        23
         1         0
         1         1
         1         2
         1         3
         1         4
         1         5
         1         6
         1         7
         1         8
         1         9
         1        10
         1        11
         1        12
         1        13
         1        14
         1        15
         1        16
         1        17
         1        18
         1        19
         1        20
         1        21
         1        22
         1        23
         2         0
         2         1
         2         2
         2         3
         2         4
         2         5
         2         6
         2         7
         2         8
         2         9
         2        10
         2        11
         2        12
         2        13
         2        14
         2        15
         2        16
         2        17
         2        18
         2        19
         2        20
         2        21
         2        22
         2        23
         3         0
         3         1
         3         2
         3         3
         3         4
         3         5
         3         6
         3         7
         3         8
         3         9
         3        10
         3        11
         3        12
         3        13
         3        14
         3        15
         3        16
         3        17
         3        18
         3        19
         3        20
         3        21
         3        22
         3        23
         4         0
         4         1
         4         2
         4         3
         4         4
         4         5
         4         6
         4         7
         4         8
         4         9
         4        10
         4        11
         4        12
         4        13
         4        14
         4        15
         4        16
         4        17
         4        18
         4        19
         4        20
         4        21
         4        22
         4        23
         5         0
         5         1
         5         2
         5         3
         5         4
         5         5
         5         6
         5         7
         5         8
         5         9
         5        10
         5        11
         5        12
         5        13
         5        14
         5        15
         5        16
         5        17
         5        18
         5        19
         5        20
         5        21
         5        22
         5        23
         6         0
         6         1
         6         2
         6         3
         6         4
         6         5
         6         6
         6         7
         6         8
         6         9
         6        10
         6        11
         6        13
         6        14
         6        15
         6        16
         6        17
         6        18
         6        19
         6        20
         6        21
         6        22
         6        23
         7         0
         7         1
         7         2
         7         3
         7         4
         7         5
         7         6
         7         7
         7         8
         7        16
         7        17
         7        18
         7        19
         7        20
         7        21
         7        22
         7        23
         8         0
         8         1
         8         2
         8         3
         8         4
         8         5
         8         6
         8         7
         8        17
         8        18
         8        19
         8        20
         8        21
         8        22
         8        23
         9         0
         9         1
         9         2
         9         3
         9         4
         9         5
         9         6
         9        18
         9        19
         9        20
         9        21
         9        22
         9        23
        10         0
        10         1
        10         2
        10         3
        10         4
        10         5
        10         6
        10        18
        10        19
        10        20
        10        21
        10        22
        10        23
        11         0
        11         1
        11         2
        11         3
        11         4
        11         5
        11         6
        11        18
        11        19
        11        20
        11        21
        11        22
        11        23
        12         0
        12         1
        12         2
        12         3
        12         4
        12         5
        12        19
        12        20
        12        21
        12        22
        12        23
        13         0
        13         1
        13         2
        13         3
        13         4
        13         5
        13         6
        13        18
        13        19
        13        20
        13        21
        13        22
        13        23
        14         0
        14         1
        14         2
        14         3
        14         4
        14         5
        14         6
        14        18
        14        19
        14        20
        14        21
        14        22
        14        23
        15         0
        15         1
        15         2
        15         3
        15         4
        15         5
        15         6
        15        18
        15        19
        15        20
        15        21
        15        22
        15        23
        16         0
        16         1
        16         2
        16         3
        16         4
        16         5
        16         6
        16         7
        16        17
        16        18
        16        19
        16        20
        16        21
        16        22
        16        23
        17         0
        17         1
        17         2
        17         3
        17         4
        17         5
        17         6
        17         7
        17         8
        17        16
        17        17
        17        18
        17        19
        17        20
        17        21
        17        22
        17        23
        18         0
        18         1
        18         2
        18         3
        18         4
        18         5
        18         6
        18         7
        18         8
        18         9
        18        10
        18        11
        18        13
        18        14
        18        15
        18        16
        18        17
        18        18
        18        19
        18        20
        18        21
        18        22
        18        23
        19         0
        19         1
        19         2
        19         3
        19         4
        19         5
        19         6
        19         7
        19         8
        19         9
        19        10
        19        11
        19        12
        19        13
        19        14
        19        15
        19        16
        19        17
        19        18
        19        19
        19        20
        19        21
        19        22
        19        23
        20         0
        20         1
        20         2
        20         3
        20         4
        20         5
        20         6
        20         7
        20         8
        20         9
        20        10
        20        11
        20        12
        20        13
        20        14
        20        15
        20        16
        20        17
        20        18
        20        19
        20        20
        20        21
        20        22
        20        23
        21         0
        21         1
        21         2
        21         3
        21         4
        21         5
        21         6
        21         7
        21         8
        21         9
        21        10
        21        11
        21        12
        21        13
        21        14
        21        15
        21        16
        21        17
        21        18
        21        19
        21        20
        21        21
        21        22
        21        23
        22         0
        22         1
        22         2
        22         3
        22         4
        22         5
        22         6
        22         7
        22         8
        22         9
        22        10
        22        11
        22        12
        22        13
        22        14
        22        15
        22        16
        22        17
        22        18
        22        19
        22        20
        22        21
        22        22
        22        23
        23         0
        23         1
        23         2
        23         3
        23         4
        23         5
        23         6
        23         7
        23         8
        23         9
        23        10
        23        11
        23        12
        23        13
        23        14
        23        15
        23        16
        23        17
        23        18
        23        19
        23        20
        23        21
        23        22
        23        23
Excitations: 1555 x 2
            0          355
            0          379
            0          403
            0          427
            0          451
            0           12
            0           36
            0           60
            0           84
            0          108
            0          132
            1          329
            1          352
            1          376
            1          400
            1          424
            1          448
            1            9
            1           33
            1           57
            1           81
            1          105
            1          129
            1          153
            2          330
            2          353
            2          377
            2          401
            2          425
            2          449
            2           10
            2           34
            2           58
            2           82
            2          106
            2          130
            2          154
            3          331
            3          354
            3          378
            3          402
            3          426
            3          450
            3           11
            3           35
            3           59
            3           83
            3          107
            3          131
            3          155
            4          355
            4          379
            4          403
            4          427
            4          451
            4           12
            4           36
            4           60
            4           84
            4          108
            4          132
            5          332
            5          356
            5          380
            5          404
            5          428
            5          452
            5           13
            5           37
            5           61
            5           85
            5          109
            5          133
            5          156
            6          333
            6          357
            6          381
            6          405
            6          429
            6          453
            6           14
            6           38
            6           62
            6           86
            6          110
            6          134
            6          157
            7          334
            7          358
            7          382
            7          406
            7          430
            7          454
            7           15
            7           39
            7           63
            7           87
            7          111
            7          135
            7          158
            8          311
            8          328
            8          351
            8          375
            8          399
            8          423
            8          447
            8            8
            8           32
            8           56
            8           80
            8          104
            8          128
            8          152
            8          175
            9          329
            9          352
            9          376
            9          400
            9          424
            9          448
            9            9
            9           33
            9           57
            9           81
            9          105
            9          129
            9          153
           10          330
           10          353
           10          377
           10          401
           10          425
           10          449
           10           10
           10           34
           10           58
           10           82
           10          106
           10          130
           10          154
           11          331
           11          354
           11          378
           11          402
           11          426
           11          450
           11           11
           11           35
           11           59
           11           83
           11          107
           11          131
           11          155
           12          355
           12          379
           12          403
           12          427
           12          451
           12           12
           12           36
           12           60
           12           84
           12          108
           12          132
           13          332
           13          356
           13          380
           13          404
           13          428
           13          452
           13           13
           13           37
           13           61
           13           85
           13          109
           13          133
           13          156
           14          333
           14          357
           14          381
           14          405
           14          429
           14          453
           14           14
           14           38
           14           62
           14           86
           14          110
           14          134
           14          157
           15          334
           15          358
           15          382
           15          406
           15          430
           15          454
           15           15
           15           39
           15           63
           15           87
           15          111
           15          135
           15          158
           16          312
           16          335
           16          359
           16          383
           16          407
           16          431
           16          455
           16           16
           16           40
           16           64
           16           88
           16          112
           16          136
           16          159
           16          176
           17          295
           17          310
           17          327
           17          350
           17          374
           17          398
           17          422
           17          446
           17            7
           17           31
           17           55
           17           79
           17          103
           17          127
           17          151
           17          174
           17          191
           18          311
           18          328
           18          351
           18          375
           18          399
           18          423
           18          447
           18            8
           18           32
           18           56
           18           80
           18          104
           18          128
           18          152
           18          175
           19          329
           19          352
           19          376
           19          400
           19          424
           19          448
           19            9
           19           33
           19           57
           19           81
           19          105
           19          129
           19          153
           20          330
           20          353
           20          377
           20          401
           20          425
           20          449
           20           10
           20           34
           20           58
           20           82
           20          106
           20          130
           20          154
           21          331
           21          354
           21          378
           21          402
           21          426
           21          450
           21           11
           21           35
           21           59
           21           83
           21          107
           21          131
           21          155
           22          355
           22          379
           22          403
           22          427
           22          451
           22           12
           22           36
           22           60
           22           84
           22          108
           22          132
           23          332
           23          356
           23          380
           23          404
           23          428
           23          452
           23           13
           23           37
           23           61
           23           85
           23          109
           23          133
           23          156
           24          333
           24          357
           24          381
           24          405
           24          429
           24          453
           24           14
           24           38
           24           62
           24           86
           24          110
           24          134
           24          157
           25          334
           25          358
           25          382
           25          406
           25          430
           25          454
           25           15
           25           39
           25           63
           25           87
           25          111
           25          135
           25          158
           26          312
           26          335
           26          359
           26          383
           26          407
           26          431
           26          455
           26           16
           26           40
           26           64
           26           88
           26          112
           26          136
           26          159
           26          176
           27          296
           27          313
           27          336
           27          360
           27          384
           27          408
           27          432
           27          456
           27           17
           27           41
           27           65
           27           89
           27          113
           27          137
           27          160
           27          177
           27          192
           28          295
           28          310
           28          327
           28          350
           28          374
           28          398
           28          422
           28          446
           28            7
           28           31
           28           55
           28           79
           28          103
           28          127
           28          151
           28          174
           28          191
           29          311
           29          328
           29          351
           29          375
           29          399
           29          423
           29          447
           29            8
           29           32
           29           56
           29           80
           29          104
           29          128
           29          152
           29          175
           30          329
           30          352
           30          376
           30          400
           30          424
           30          448
           30            9
           30           33
           30           57
           30           81
           30          105
           30          129
           30          153
           31          330
           31          353
           31          377
           31          401
           31          425
           31          449
           31           10
           31           34
           31           58
           31           82
           31          106
           31          130
           31          154
           32          331
           32          354
           32          378
           32          402
           32          426
           32          450
           32           11
           32           35
           32           59
           32           83
           32          107
           32          131
           32          155
           33          355
           33          379
           33          403
           33          427
           33          451
           33           12
           33           36
           33           60
           33           84
           33          108
           33          132
           34          332
           34          356
           34          380
           34          404
           34          428
           34          452
           34           13
           34           37
           34           61
           34           85
           34          109
           34          133
           34          156
           35          333
           35          357
           35          381
           35          405
           35          429
           35          453
           35           14
           35           38
           35           62
           35           86
           35          110
           35          134
           35          157
           36          334
           36          358
           36          382
           36          406
           36          430
           36          454
           36           15
           36           39
           36           63
           36           87
           36          111
           36          135
           36          158
           37          312
           37          335
           37          359
           37          383
           37          407
           37          431
           37          455
           37           16
           37           40
           37           64
           37           88
           37          112
           37          136
           37          159
           37          176
           38          296
           38          313
           38          336
           38          360
           38          384
           38          408
           38          432
           38          456
           38           17
           38           41
           38           65
           38           89
           38          113
           38          137
           38          160
           38          177
           38          192
           39          295
           39          310
           39          327
           39          350
           39          374
           39          398
           39          422
           39          446
           39            7
           39           31
           39           55
           39           79
           39          103
           39          127
           39          151
           39          174
           39          191
           40          311
           40          328
           40          351
           40          375
           40          399
           40          423
           40          447
           40            8
           40           32
           40           56
           40           80
           40          104
           40          128
           40          152
           40          175
           41          329
           41          352
           41          376
           41          400
           41          424
           41          448
           41            9
           41           33
           41           57
           41           81
           41          105
           41          129
           41          153
           42          330
           42          353
           42          377
           42          401
           42          425
           42          449
           42           10
           42           34
           42           58
           42           82
           42          106
           42          130
           42          154
           43          331
           43          354
           43          378
           43          402
           43          426
           43          450
           43           11
           43           35
           43           59
           43           83
           43          107
           43          131
           43          155
           44          355
           44          379
           44          403
           44          427
           44          451
           44           12
           44           36
           44           60
           44           84
           44          108
           44          132
           45          332
           45          356
           45          380
           45          404
           45          428
           45          452
           45           13
           45           37
           45           61
           45           85
           45          109
           45          133
           45          156
           46          333
           46          357
           46          381
           46          405
           46          429
           46          453
           46           14
           46           38
           46           62
           46           86
           46          110
           46          134
           46          157
           47          334
           47          358
           47          382
           47          406
           47          430
           47          454
           47           15
           47           39
           47           63
           47           87
           47          111
           47          135
           47          158
           48          312
           48          335
           48          359
           48          383
           48          407
           48          431
           48          455
           48           16
           48           40
           48           64
           48           88
           48          112
           48          136
           48          159
           48          176
           49          296
           49          313
           49          336
           49          360
           49          384
           49          408
           49          432
           49          456
           49           17
           49           41
           49           65
           49           89
           49          113
           49          137
           49          160
           49          177
           49          192
           50          255
           50          268
           50          281
           50          294
           50          309
           50          326
           50          349
           50          373
           50          397
           50          421
           50          445
           50            6
           50           30
           50           54
           50           78
           50          102
           50          126
           50          150
           50          173
           50          190
           50          205
           50          218
           50          231
           51          295
           51          310
           51          327
           51          350
           51          374
           51          398
           51          422
           51          446
           51            7
           51           31
           51           55
           51           79
           51          103
           51          127
           51          151
           51          174
           51          191
           52          311
           52          328
           52          351
           52          375
           52          399
           52          423
           52          447
           52            8
           52           32
           52           56
           52           80
           52          104
           52          128
           52          152
           52          175
           53          329
           53          352
           53          376
           53          400
           53          424
           53          448
           53            9
           53           33
           53           57
           53           81
           53          105
           53          129
           53          153
           54          330
           54          353
           54          377
           54          401
           54          425
           54          449
           54           10
           54           34
           54           58
           54           82
           54          106
           54          130
           54          154
           55          331
           55          354
           55          378
           55          402
           55          426
           55          450
           55           11
           55           35
           55           59
           55           83
           55          107
           55          131
           55          155
           56          355
           56          379
           56          403
           56          427
           56          451
           56           12
           56           36
           56           60
           56           84
           56          108
           56          132
           57          332
           57          356
           57          380
           57          404
           57          428
           57          452
           57           13
           57           37
           57           61
           57           85
           57          109
           57          133
           57          156
           58          333
           58          357
           58          381
           58          405
           58          429
           58          453
           58           14
           58           38
           58           62
           58           86
           58          110
           58          134
           58          157
           59          334
           59          358
           59          382
           59          406
           59          430
           59          454
           59           15
           59           39
           59           63
           59           87
           59          111
           59          135
           59          158
           60          312
           60          335
           60          359
           60          383
           60          407
           60          431
           60          455
           60           16
           60           40
           60           64
           60           88
           60          112
           60          136
           60          159
           60          176
           61          296
           61          313
           61          336
           61          360
           61          384
           61          408
           61          432
           61          456
           61           17
           61           41
           61           65
           61           89
           61          113
           61          137
           61          160
           61          177
           61          192
           62          256
           62          269
           62          282
           62          297
           62          314
           62          337
           62          361
           62          385
           62          409
           62          433
           62          457
           62           18
           62           42
           62           66
           62           90
           62          114
           62          138
           62          161
           62          178
           62          193
           62          206
           62          219
           62          232
           63          295
           63          310
           63          327
           63          350
           63          374
           63          398
           63          422
           63          446
           63            7
           63           31
           63           55
           63           79
           63          103
           63          127
           63          151
           63          174
           63          191
           64          311
           64          328
           64          351
           64          375
           64          399
           64          423
           64          447
           64            8
           64           32
           64           56
           64           80
           64          104
           64          128
           64          152
           64          175
           65          329
           65          352
           65          376
           65          400
           65          424
           65          448
           65            9
           65           33
           65           57
           65           81
           65          105
           65          129
           65          153
           66          330
           66          353
           66          377
           66          401
           66          425
           66          449
           66           10
           66           34
           66           58
           66           82
           66          106
           66          130
           66          154
           67          331
           67          354
           67          378
           67          402
           67          426
           67          450
           67           11
           67           35
           67           59
           67           83
           67          107
           67          131
           67          155
           68          355
           68          379
           68          403
           68          427
           68          451
           68           12
           68           36
           68           60
           68           84
           68          108
           68          132
           69          332
           69          356
           69          380
           69          404
           69          428
           69          452
           69           13
           69           37
           69           61
           69           85
           69          109
           69          133
           69          156
           70          333
           70          357
           70          381
           70          405
           70          429
           70          453
           70           14
           70           38
           70           62
           70           86
           70          110
           70          134
           70          157
           71          334
           71          358
           71          382
           71          406
           71          430
           71          454
           71           15
           71           39
           71           63
           71           87
           71          111
           71          135
           71          158
           72          312
           72          335
           72          359
           72          383
           72          407
           72          431
           72          455
           72           16
           72           40
           72           64
           72           88
           72          112
           72          136
           72          159
           72          176
           73          296
           73          313
           73          336
           73          360
           73          384
           73          408
           73          432
           73          456
           73           17
           73           41
           73           65
           73           89
           73          113
           73          137
           73          160
           73          177
           73          192
           74          295
           74          310
           74          327
           74          350
           74          374
           74          398
           74          422
           74          446
           74            7
           74           31
           74           55
           74           79
           74          103
           74          127
           74          151
           74          174
           74          191
           75          311
           75          328
           75          351
           75          375
           75          399
           75          423
           75          447
           75            8
           75           32
           75           56
           75           80
           75          104
           75          128
           75          152
           75          175
           76          329
           76          352
           76          376
           76          400
           76          424
           76          448
           76            9
           76           33
           76           57
           76           81
           76          105
           76          129
           76          153
           77          330
           77          353
           77          377
           77          401
           77          425
           77          449
           77           10
           77           34
           77           58
           77           82
           77          106
           77          130
           77          154
           78          331
           78          354
           78          378
           78          402
           78          426
           78          450
           78           11
           78           35
           78           59
           78           83
           78          107
           78          131
           78          155
           79          355
           79          379
           79          403
           79          427
           79          451
           79           12
           79           36
           79           60
           79           84
           79          108
           79          132
           80          332
           80          356
           80          380
           80          404
           80          428
           80          452
           80           13
           80           37
           80           61
           80           85
           80          109
           80          133
           80          156
           81          333
           81          357
           81          381
           81          405
           81          429
           81          453
           81           14
           81           38
           81           62
           81           86
           81          110
           81          134
           81          157
           82          334
           82          358
           82          382
           82          406
           82          430
           82          454
           82           15
           82           39
           82           63
           82           87
           82          111
           82          135
           82          158
           83          312
           83          335
           83          359
           83          383
           83          407
           83          431
           83          455
           83           16
           83           40
           83           64
           83           88
           83          112
           83          136
           83          159
           83          176
           84          296
           84          313
           84          336
           84          360
           84          384
           84          408
           84          432
           84          456
           84           17
           84           41
           84           65
           84           89
           84          113
           84          137
           84          160
           84          177
           84          192
           85          295
           85          310
           85          327
           85          350
           85          374
           85          398
           85          422
           85          446
           85            7
           85           31
           85           55
           85           79
           85          103
           85          127
           85          151
           85          174
           85          191
           86          311
           86          328
           86          351
           86          375
           86          399
           86          423
           86          447
           86            8
           86           32
           86           56
           86           80
           86          104
           86          128
           86          152
           86          175
           87          329
           87          352
           87          376
           87          400
           87          424
           87          448
           87            9
           87           33
           87           57
           87           81
           87          105
           87          129
           87          153
           88          330
           88          353
           88          377
           88          401
           88          425
           88          449
           88           10
           88           34
           88           58
           88           82
           88          106
           88          130
           88          154
           89          331
           89          354
           89          378
           89          402
           89          426
           89          450
           89           11
           89           35
           89           59
           89           83
           89          107
           89          131
           89          155
           90          355
           90          379
           90          403
           90          427
           90          451
           90           12
           90           36
           90           60
           90           84
           90          108
           90          132
           91          332
           91          356
           91          380
           91          404
           91          428
           91          452
           91           13
           91           37
           91           61
           91           85
           91          109
           91          133
           91          156
           92          333
           92          357
           92          381
           92          405
           92          429
           92          453
           92           14
           92           38
           92           62
           92           86
           92          110
           92          134
           92          157
           93          334
           93          358
           93          382
           93          406
           93          430
           93          454
           93           15
           93           39
           93           63
           93           87
           93          111
           93          135
           93          158
           94          312
           94          335
           94          359
           94          383
           94          407
           94          431
           94          455
           94           16
           94           40
           94           64
           94           88
           94          112
           94          136
           94          159
           94          176
           95          296
           95          313
           95          336
           95          360
           95          384
           95          408
           95          432
           95          456
           95           17
           95           41
           95           65
           95           89
           95          113
           95          137
           95          160
           95          177
           95          192
           96          311
           96          328
           96          351
           96          375
           96          399
           96          423
           96          447
           96            8
           96           32
           96           56
           96           80
           96          104
           96          128
           96          152
           96          175
           97          329
           97          352
           97          376
           97          400
           97          424
           97          448
           97            9
           97           33
           97           57
           97           81
           97          105
           97          129
           97          153
           98          330
           98          353
           98          377
           98          401
           98          425
           98          449
           98           10
           98           34
           98           58
           98           82
           98          106
           98          130
           98          154
           99          331
           99          354
           99          378
           99          402
           99          426
           99          450
           99           11
           99           35
           99           59
           99           83
           99          107
           99          131
           99          155
          100          355
          100          379
          100          403
          100          427
          100          451
          100           12
          100           36
          100           60
          100           84
          100          108
          100          132
          101          332
          101          356
          101          380
          101          404
          101          428
          101          452
          101           13
          101           37
          101           61
          101           85
          101          109
          101          133
          101          156
          102          333
          102          357
          102          381
          102          405
          102          429
          102          453
          102           14
          102           38
          102           62
          102           86
          102          110
          102          134
          102          157
          103          334
          103          358
          103          382
          103          406
          103          430
          103          454
          103           15
          103           39
          103           63
          103           87
          103          111
          103          135
          103          158
          104          312
          104          335
          104          359
          104          383
          104          407
          104          431
          104          455
          104           16
          104           40
          104           64
          104           88
          104          112
          104          136
          104          159
          104          176
          105          329
          105          352
          105          376
          105          400
          105          424
          105          448
          105            9
          105           33
          105           57
          105           81
          105          105
          105          129
          105          153
          106          330
          106          353
          106          377
          106          401
          106          425
          106          449
          106           10
          106           34
          106           58
          106           82
          106          106
          106          130
          106          154
          107          331
          107          354
          107          378
          107          402
          107          426
          107          450
          107           11
          107           35
          107           59
          107           83
          107          107
          107          131
          107          155
          108          355
          108          379
          108          403
          108          427
          108          451
          108           12
          108           36
          108           60
          108           84
          108          108
          108          132
          109          332
          109          356
          109          380
          109          404
          109          428
          109          452
          109           13
          109           37
          109           61
          109           85
          109          109
          109          133
          109          156
          110          333
          110          357
          110          381
          110          405
          110          429
          110          453
          110           14
          110           38
          110           62
          110           86
          110          110
          110          134
          110          157
          111          334
          111          358
          111          382
          111          406
          111          430
          111          454
          111           15
          111           39
          111           63
          111           87
          111          111
          111          135
          111          158
          112          355
          112          379
          112          403
          112          427
          112          451
          112           12
          112           36
          112           60
          112           84
          112          108
          112          132

                            End of Section: Matrices                            

--------------------------------------------------------------------------------

                              Calculation Details                              

--------------------------------------------------------------------------------

Davidson_Stopping_Criteria = All requested norms below tolerance

                      End of Section: Calculation Details                      

################################################################################

                              End of Output File.                              

################################################################################
