################################################################################

            Output File for HFS, the Hartree-Fock Stability Program            
                              Author: Evan Curtin                              
             Institution: University of Illinois @ Urbana-Champaign             
                          email: ecurtin2@illinois.edu                          
                       Built on Oct 18 2016, at 18:15:44                       

################################################################################

                Computation Started : Tue Oct 18 19:02:22 2016
                
                Computation Finished: Tue Oct 18 19:02:23 2016
                
                     Total Elapsed Time = 0.687886 seconds.                     

--------------------------------------------------------------------------------

                                     Input                                     

--------------------------------------------------------------------------------

Nk = 10
ndim = 2
rs = 1.200000000000000

                             End of Section: Input                             

--------------------------------------------------------------------------------

                                     Output                                     

--------------------------------------------------------------------------------

deltaK = 0.523782800878924
kf = 1.178511301977579
kmax = 2.357022603955159
Nocc = 16
Nvir = 65
Nexc = 80
dav_its = 14
Dav_Final_Val = 0.077257191467644
full_diag_min = 0.077257191467644

                             End of Section: Output                             

--------------------------------------------------------------------------------

                                    Vectors                                    

--------------------------------------------------------------------------------

Occ Energies: 16
0.033538685520330
-0.349190536000032
-0.349190536000032
0.033538685520330
-0.349190536000032
-0.757636914297743
-0.757636914297743
-0.349190536000032
-0.349190536000032
-0.757636914297743
-0.757636914297742
-0.349190536000032
0.033538685520330
-0.349190536000032
-0.349190536000032
0.033538685520330
Vir Energies: 65
5.286254284083078
4.178046063961805
3.324840477724786
2.741911382859415
2.447168266615537
2.447168266615538
2.741911382859415
3.324840477724786
4.178046063961805
4.178046063961805
3.066974438013543
2.204870987538741
1.610087368834310
1.307941342458165
1.307941342458165
1.610087368834310
2.204870987538741
3.066974438013544
3.324840477724786
2.204870987538741
1.309720330456714
0.658237707758447
0.327226528255956
0.327226528255956
0.658237707758447
1.309720330456714
2.204870987538742
2.741911382859415
1.610087368834310
0.658237707758447
0.658237707758447
1.610087368834311
2.447168266615537
1.307941342458165
0.327226528255956
0.327226528255956
1.307941342458166
2.447168266615538
1.307941342458165
0.327226528255956
0.327226528255957
1.307941342458166
2.741911382859416
1.610087368834310
0.658237707758447
0.658237707758447
1.610087368834311
3.324840477724786
2.204870987538741
1.309720330456714
0.658237707758447
0.327226528255956
0.327226528255957
0.658237707758447
1.309720330456714
2.204870987538742
4.178046063961805
3.066974438013544
2.204870987538742
1.610087368834311
1.307941342458166
1.307941342458166
1.610087368834311
2.204870987538742
3.066974438013545
Excitation Energies: 80
0.624699022238118
1.576548683313981
2.708372697339085
1.576548683313980
0.624699022238117
0.676417064255989
1.657131878458199
2.796358802615569
1.657131878458198
0.676417064255988
0.676417064255989
1.657131878458198
2.796358802615570
1.657131878458197
0.676417064255988
0.624699022238118
1.576548683313981
2.708372697339086
1.576548683313981
0.624699022238117
1.007428243758480
1.959277904834343
3.091101918859447
1.959277904834342
1.007428243758479
1.084863442553699
2.065578256755909
3.204805180913280
2.065578256755908
1.084863442553699
1.084863442553699
2.065578256755909
3.204805180913280
2.065578256755908
1.084863442553699
1.007428243758480
1.959277904834343
3.091101918859448
1.959277904834342
1.007428243758479
1.007428243758480
1.959277904834343
3.091101918859447
1.959277904834342
1.007428243758479
1.084863442553699
2.065578256755909
3.204805180913280
2.065578256755908
1.084863442553698
1.084863442553699
2.065578256755909
3.204805180913280
2.065578256755908
1.084863442553698
1.007428243758480
1.959277904834343
3.091101918859447
1.959277904834342
1.007428243758479
0.624699022238118
1.576548683313981
2.708372697339085
1.576548683313980
0.624699022238117
0.676417064255989
1.657131878458199
2.796358802615569
1.657131878458198
0.676417064255988
0.676417064255989
1.657131878458199
2.796358802615570
1.657131878458198
0.676417064255988
0.624699022238118
1.576548683313981
2.708372697339086
1.576548683313981
0.624699022238117
Kgrid: 10
-2.357022603955159
-1.833239803076234
-1.309457002197310
-0.785674201318386
-0.261891400439462
0.261891400439462
0.785674201318386
1.309457002197310
1.833239803076235
2.357022603955159
All Davidson Eigenvalues at Last Iteration: 135
0.077257191467644
0.077257191467646
0.393303457137911
0.393303457137912
0.548696844993141
0.548696845005121
0.565014347004168
0.565014359208751
0.591159651628059
0.591159651628061
0.633414139037721
0.633415703533196
0.642442827136993
0.642442827136994
0.642883418816583
0.642883548834495
0.681740708076357
0.681740708799327
0.689845632292195
0.689845632292619
0.702359727367844
0.702360028071259
0.719224851205200
0.719224853716390
0.720036150531163
0.720036158163917
0.751368398488249
0.751368398495161
0.759057881630845
0.759057970563018
0.773425649687082
0.773441270509396
0.773479834567623
0.773503822669144
0.788320191789779
0.788320198514164
0.930431502626353
0.930431502626353
0.982903199148047
0.983020496417213
1.007053622629457
1.007770666886878
1.012705267932170
1.023174100623657
1.043104856592051
1.053264815232934
1.053499118769917
1.111236050522247
1.111388319161328
1.111388319161330
1.111829959510379
1.114928805527069
1.114928805527071
1.126790130208288
1.128150200348041
1.178991586266775
1.179280220659797
1.179289101848690
1.179602818098828
1.230505671603942
1.230505674182816
1.483318537678125
1.483318537678126
1.548346270450508
1.548346270450509
1.551054161385109
1.551054169323472
1.565556873219805
1.566232560027674
1.600201905843728
1.610876273831765
1.611966741977895
1.679217850228360
1.679219028369868
1.688771462504991
1.688771462504991
1.690375032841749
1.690375032841749
1.691932166009154
1.691933393218748
1.750049646556492
1.751422319586252
1.752196190038749
1.752784172514631
1.784381252014580
1.784645320866249
1.851379105661006
1.851379105880635
1.909023701221823
1.910799941444081
1.930134851653914
1.930134854231867
1.971246282190938
1.971260603089598
1.976020857601768
1.981460825490665
1.985412877429093
1.985428503773409
2.083174233788162
2.083174234584282
2.083379965432767
2.083491562894812
2.087620463156612
2.087620464052192
2.157768250308459
2.158184330519589
2.158247814954489
2.158500955156982
2.158649728687188
2.158842234917247
2.182092090300020
2.199242938938646
2.598756358570673
2.599590554096058
2.708697972376864
2.714093911564580
2.730872848879771
2.825691646478675
2.890812472463050
3.005991587106603
3.005991639232591
3.065821897849297
3.065821912155991
3.073041898140303
3.112522678935715
3.114423844651930
3.119127053555974
3.123041291264733
3.223734355262895
3.223735235185575
3.226453761588228
3.226454704611747
3.297831753683111
3.297905719802561
3.297979529581819
Davidson lowest eigenvalues at each iteration: 14
0.424303618256468
0.128451469472310
0.077596807475388
0.077257217404835
0.077257191467645
0.077257191467645
0.077257191467643
0.077257191467643
0.077257191467644
0.077257191467644
0.077257191467644
0.077257191467641
0.077257191467644
0.077257191467644

                            End of Section: Vectors                            

--------------------------------------------------------------------------------

                                    Matrices                                    

--------------------------------------------------------------------------------

Occupied States: 16 x 2
        3        3
        3        4
        3        5
        3        6
        4        3
        4        4
        4        5
        4        6
        5        3
        5        4
        5        5
        5        6
        6        3
        6        4
        6        5
        6        6
Virtual States: 65 x 2
        0        0
        0        1
        0        2
        0        3
        0        4
        0        5
        0        6
        0        7
        0        8
        1        0
        1        1
        1        2
        1        3
        1        4
        1        5
        1        6
        1        7
        1        8
        2        0
        2        1
        2        2
        2        3
        2        4
        2        5
        2        6
        2        7
        2        8
        3        0
        3        1
        3        2
        3        7
        3        8
        4        0
        4        1
        4        2
        4        7
        4        8
        5        0
        5        1
        5        2
        5        7
        5        8
        6        0
        6        1
        6        2
        6        7
        6        8
        7        0
        7        1
        7        2
        7        3
        7        4
        7        5
        7        6
        7        7
        7        8
        8        0
        8        1
        8        2
        8        3
        8        4
        8        5
        8        6
        8        7
        8        8
Excitations: 80 x 2
         0        50
         0        59
         0         3
         0        12
         0        21
         1        51
         1        60
         1         4
         1        13
         1        22
         2        52
         2        61
         2         5
         2        14
         2        23
         3        53
         3        62
         3         6
         3        15
         3        24
         4        50
         4        59
         4         3
         4        12
         4        21
         5        51
         5        60
         5         4
         5        13
         5        22
         6        52
         6        61
         6         5
         6        14
         6        23
         7        53
         7        62
         7         6
         7        15
         7        24
         8        50
         8        59
         8         3
         8        12
         8        21
         9        51
         9        60
         9         4
         9        13
         9        22
        10        52
        10        61
        10         5
        10        14
        10        23
        11        53
        11        62
        11         6
        11        15
        11        24
        12        50
        12        59
        12         3
        12        12
        12        21
        13        51
        13        60
        13         4
        13        13
        13        22
        14        52
        14        61
        14         5
        14        14
        14        23
        15        53
        15        62
        15         6
        15        15
        15        24

                            End of Section: Matrices                            

--------------------------------------------------------------------------------

                              Calculation Details                              

--------------------------------------------------------------------------------

Davidson_Stopping_Criteria = All requested norms below tolerance

                      End of Section: Calculation Details                      

################################################################################

                              End of Output File.                              

################################################################################
