################################################################################

            Output File for HFS, the Hartree-Fock Stability Program            
                              Author: Evan Curtin                              
             Institution: University of Illinois @ Urbana-Champaign             
                          email: ecurtin2@illinois.edu                          
                       Built on Nov  2 2016, at 17:06:03                       

################################################################################

                Computation Started : Thu Nov  3 11:28:57 2016
                
                Computation Finished: Thu Nov  3 11:28:57 2016
                
                     Total Elapsed Time = 0.338263 seconds.                     

--------------------------------------------------------------------------------

                                     Input                                     

--------------------------------------------------------------------------------

Nk = 13
ndim = 2
rs = 1.200000047683716
mycase = cRHF2cUHF

                             End of Section: Input                             

--------------------------------------------------------------------------------

                                     Output                                     

--------------------------------------------------------------------------------

deltaK = 0.392837281467792
kf = 1.178511255147749
kmax = 2.357023688806754
Nocc = 25
Nvir = 119
Nexc = 175
ground_state_degeneracy = 8
dav_its = 7
num_guess_evecs = 1
Dav_blocksize = 1
Dav_Num_evals = 1
Mv_time = 0.001072762000000
cond_number = 7.239989114965442
Dav_nconv = 1
Davidson Tolerance = 1.00e-06
Dav_maxits = 50
Dav_maxsubsize = 1000
Dav_final_val = -0.094729667220992
Dav_time = 0.085304603000000
full_diag_min = -0.094729667220992
full_diag_time = 0.249062325000000

                             End of Section: Output                             

--------------------------------------------------------------------------------

                                    Vectors                                    

--------------------------------------------------------------------------------

Occ Energies: 25
-0.022906532441242
-0.368951106215088
-0.477161450168799
-0.368951106215088
-0.022906532441242
-0.368951106215088
-0.743195947739721
-0.858999131744874
-0.743195947739721
-0.368951106215088
-0.477161450168799
-0.858999131744874
-0.977245754070245
-0.858999131744874
-0.477161450168799
-0.368951106215088
-0.743195947739721
-0.858999131744874
-0.743195947739721
-0.368951106215089
-0.022906532441242
-0.368951106215088
-0.477161450168800
-0.368951106215088
-0.022906532441242
Vir Energies: 119
5.293444731431870
4.438491874047386
3.726122276780468
3.158390943034168
2.748303288356719
2.500054224097904
2.416908018696932
2.500054224097904
2.748303288356718
3.158390943034168
3.726122276780467
4.438491874047386
4.438491874047386
3.582656621719957
2.867570429350641
2.295363395536278
1.880466815588824
1.628649067619142
1.544227168736668
1.628649067619142
1.880466815588824
2.295363395536277
2.867570429350640
3.582656621719957
3.726122276780468
2.867570429350641
2.143745528269868
1.555909996477969
1.122930866140703
0.858126089177898
0.769319668209885
0.858126089177898
1.122930866140703
1.555909996477969
2.143745528269867
2.867570429350641
3.158390943034168
2.295363395536278
1.555909996477969
0.932990678037499
0.445899942108739
0.150063997526310
0.052634898739188
0.150063997526310
0.445899942108738
0.932990678037498
1.555909996477968
2.295363395536278
2.748303288356718
1.880466815588824
1.122930866140703
0.445899942108739
0.445899942108739
1.122930866140702
1.880466815588824
2.500054224097904
1.628649067619143
0.858126089177899
0.150063997526310
0.150063997526310
0.858126089177898
1.628649067619143
2.416908018696932
1.544227168736668
0.769319668209885
0.052634898739188
0.052634898739188
0.769319668209884
1.544227168736668
2.500054224097904
1.628649067619142
0.858126089177899
0.150063997526310
0.150063997526309
0.858126089177897
1.628649067619143
2.748303288356718
1.880466815588824
1.122930866140703
0.445899942108738
0.445899942108738
1.122930866140702
1.880466815588824
3.158390943034168
2.295363395536277
1.555909996477969
0.932990678037498
0.445899942108738
0.150063997526310
0.052634898739187
0.150063997526310
0.445899942108738
0.932990678037498
1.555909996477968
2.295363395536277
3.726122276780467
2.867570429350640
2.143745528269867
1.555909996477968
1.122930866140702
0.858126089177898
0.769319668209884
0.858126089177898
1.122930866140702
1.555909996477968
2.143745528269867
2.867570429350640
4.438491874047386
3.582656621719957
2.867570429350641
2.295363395536278
1.880466815588824
1.628649067619143
1.544227168736668
1.628649067619143
1.880466815588824
2.295363395536277
2.867570429350640
3.582656621719957
Excitation Energies: 175
0.468806474549980
0.468806474549980
0.468806474549980
0.468806474549980
0.468806474549980
0.468806474549980
0.468806474549980
0.468806474549980
0.519015103741398
0.519015103741398
0.519015103741398
0.519015103741398
0.519015103741398
0.519015103741398
0.519015103741398
0.519015103741398
0.529796348907987
0.529796348907987
0.529796348907987
0.529796348907988
0.814851048323826
0.814851048323826
0.814851048323827
0.814851048323827
0.814851048323827
0.814851048323827
0.814851048323827
0.814851048323827
0.893259945266030
0.893259945266030
0.893259945266030
0.893259945266030
0.893259945266030
0.893259945266030
0.893259945266030
0.893259945266031
0.911634030484062
0.911634030484062
0.911634030484062
0.911634030484062
0.923061392277538
0.923061392277538
0.923061392277538
0.923061392277538
1.009063129271184
1.009063129271184
1.009063129271184
1.009063129271184
1.029880652809433
1.029880652809433
1.145837398581944
1.145837398581944
1.145837398581944
1.145837398581944
1.145837398581945
1.145837398581945
1.145837398581945
1.145837398581945
1.227077195392986
1.227077195392986
1.227077195392986
1.227077195392986
1.227077195392987
1.227077195392987
1.227077195392987
1.227077195392987
1.246481118378683
1.246481118378683
1.246481118378684
1.246481118378684
1.491881972355790
1.491881972355790
1.491881972355791
1.491881972355791
1.491881972355791
1.491881972355791
1.491881972355791
1.491881972355791
1.600092316309502
1.600092316309502
1.600092316309502
1.600092316309502
1.601322036917618
1.601322036917618
1.601322036917618
1.601322036917618
1.601322036917619
1.601322036917619
1.601322036917619
1.601322036917619
1.628318799954758
1.628318799954758
1.628318799954759
1.628318799954759
1.717125220922772
1.717125220922772
1.717125220922773
1.717125220922773
1.746565422280129
1.746565422280129
1.903373348030066
1.903373348030066
1.903373348030066
1.903373348030066
1.903373348030066
1.903373348030066
1.903373348030066
1.903373348030066
1.997600173834231
1.997600173834231
1.997600173834231
1.997600173834231
1.997600173834231
1.997600173834231
1.997600173834231
1.997600173834231
2.021388618905467
2.021388618905467
2.021388618905468
2.021388618905468
2.249417921803913
2.249417921803913
2.249417921803913
2.249417921803913
2.249417921803913
2.249417921803913
2.249417921803913
2.249417921803913
2.357628265757624
2.357628265757624
2.357628265757624
2.357628265757624
2.371845015358863
2.371845015358863
2.371845015358863
2.371845015358863
2.371845015358863
2.371845015358863
2.371845015358863
2.371845015358863
2.403226300481542
2.403226300481542
2.403226300481542
2.403226300481542
2.487648199364016
2.487648199364016
2.487648199364016
2.487648199364017
2.521472922806913
2.521472922806913
2.771209820797960
2.771209820797960
2.771209820797961
2.771209820797961
2.869005330312993
2.869005330312993
2.869005330312993
2.869005330312993
2.894069468865732
2.894069468865732
3.117254394571806
3.117254394571807
3.117254394571807
3.117254394571807
3.225464738525517
3.225464738525518
3.243250171837625
3.243250171837625
3.243250171837625
3.243250171837625
3.275907150441807
3.275907150441807
3.359053355842778
3.359053355842779
3.394153772767178
Kgrid: 13
-2.357023688806754
-1.964186407338962
-1.571349125871170
-1.178511844403377
-0.785674562935585
-0.392837281467793
0.000000000000000
0.392837281467792
0.785674562935585
1.178511844403377
1.571349125871169
1.964186407338962
2.357023688806754
DavVals: 1
-0.094729667220992

                            End of Section: Vectors                            

--------------------------------------------------------------------------------

                                    Matrices                                    

--------------------------------------------------------------------------------

Occupied States: 25 x 2
        4        4
        4        5
        4        6
        4        7
        4        8
        5        4
        5        5
        5        6
        5        7
        5        8
        6        4
        6        5
        6        6
        6        7
        6        8
        7        4
        7        5
        7        6
        7        7
        7        8
        8        4
        8        5
        8        6
        8        7
        8        8
Virtual States: 119 x 2
         0         0
         0         1
         0         2
         0         3
         0         4
         0         5
         0         6
         0         7
         0         8
         0         9
         0        10
         0        11
         1         0
         1         1
         1         2
         1         3
         1         4
         1         5
         1         6
         1         7
         1         8
         1         9
         1        10
         1        11
         2         0
         2         1
         2         2
         2         3
         2         4
         2         5
         2         6
         2         7
         2         8
         2         9
         2        10
         2        11
         3         0
         3         1
         3         2
         3         3
         3         4
         3         5
         3         6
         3         7
         3         8
         3         9
         3        10
         3        11
         4         0
         4         1
         4         2
         4         3
         4         9
         4        10
         4        11
         5         0
         5         1
         5         2
         5         3
         5         9
         5        10
         5        11
         6         0
         6         1
         6         2
         6         3
         6         9
         6        10
         6        11
         7         0
         7         1
         7         2
         7         3
         7         9
         7        10
         7        11
         8         0
         8         1
         8         2
         8         3
         8         9
         8        10
         8        11
         9         0
         9         1
         9         2
         9         3
         9         4
         9         5
         9         6
         9         7
         9         8
         9         9
         9        10
         9        11
        10         0
        10         1
        10         2
        10         3
        10         4
        10         5
        10         6
        10         7
        10         8
        10         9
        10        10
        10        11
        11         0
        11         1
        11         2
        11         3
        11         4
        11         5
        11         6
        11         7
        11         8
        11         9
        11        10
        11        11
Excitations: 175 x 2
            0           87
            4           91
            0           40
            4           44
           20           87
           24           91
           24           44
           20           40
            3           90
            1           88
            3           43
            1           41
           23           90
           21           88
           23           43
           21           41
            2           89
           22           89
            2           42
           22           42
            5           87
            9           91
            5           40
            9           44
           19           91
           15           87
           15           40
           19           44
            8           90
            6           88
           18           90
            8           43
            6           41
           16           88
           18           43
           16           41
            7           89
           17           89
            7           42
           17           42
           14           44
           10           87
           14           91
           10           40
           13           90
           11           88
           11           41
           13           43
           12           89
           12           42
            0           99
            4          103
           20           99
           24          103
            0           28
            4           32
           24           32
           20           28
            3          102
            1          100
           23          102
           21          100
            3           31
            1           29
           23           31
           21           29
            2          101
           22          101
            2           30
           22           30
            5           99
            9          103
           19          103
           15           99
            5           28
            9           32
           19           32
           15           28
           10           99
           14          103
           14           32
           10           28
            6          100
            8          102
           16          100
           18          102
            6           29
            8           31
           18           31
           16           29
            7          101
           17          101
           17           30
            7           30
           13          102
           11          100
           11           29
           13           31
           12          101
           12           30
            0           16
            0          111
           20           16
           20          111
            4           20
            4          115
           24           20
           24          115
            1           17
            3           19
           21           17
            3          114
            1          112
           23           19
           23          114
           21          112
            2           18
            2          113
           22          113
           22           18
            5           16
            9           20
            5          111
            9          115
           15          111
           15           16
           19           20
           19          115
           14          115
           10           16
           14           20
           10          111
            8          114
           16          112
            6          112
           18           19
           16           17
           18          114
            8           19
            6           17
           17           18
           17          113
            7           18
            7          113
           11          112
           11           17
           13           19
           13          114
           12           18
           12          113
            4            8
           24            8
            0            4
           20            4
           23            7
            3            7
            1            5
           21            5
            2            6
           22            6
            9            8
           19            8
           15            4
            5            4
           14            8
           10            4
           16            5
            8            7
            6            5
           18            7
           17            6
            7            6
           11            5
           13            7
           12            6

                            End of Section: Matrices                            

################################################################################

                              End of Output File.                              

################################################################################
