################################################################################

            Output File for HFS, the Hartree-Fock Stability Program            
                              Author: Evan Curtin                              
             Institution: University of Illinois @ Urbana-Champaign             
                          email: ecurtin2@illinois.edu                          
                       Built on Oct 18 2016, at 18:15:44                       

################################################################################

                Computation Started : Tue Oct 18 19:02:23 2016
                
                Computation Finished: Tue Oct 18 19:02:27 2016
                
                     Total Elapsed Time = 4.06905 seconds.                     

--------------------------------------------------------------------------------

                                     Input                                     

--------------------------------------------------------------------------------

Nk = 14
ndim = 2
rs = 1.200000000000000

                             End of Section: Input                             

--------------------------------------------------------------------------------

                                     Output                                     

--------------------------------------------------------------------------------

deltaK = 0.362618862146947
kf = 1.178511301977579
kmax = 2.357022603955159
Nocc = 32
Nvir = 137
Nexc = 240
dav_its = 10
Dav_Final_Val = 0.042968962564147
full_diag_min = 0.042968962564147

                             End of Section: Output                             

--------------------------------------------------------------------------------

                                    Vectors                                    

--------------------------------------------------------------------------------

Occ Energies: 32
-0.115628708609726
-0.315949691559817
-0.315949691559817
-0.115628708609726
-0.115628708609726
-0.531097458158211
-0.728144868969535
-0.728144868969535
-0.531097458158211
-0.115628708609727
-0.315949691559817
-0.728144868969535
-0.921858975914600
-0.921858975914600
-0.728144868969535
-0.315949691559818
-0.315949691559817
-0.728144868969535
-0.921858975914600
-0.921858975914601
-0.728144868969535
-0.315949691559818
-0.115628708609726
-0.531097458158211
-0.728144868969535
-0.728144868969535
-0.531097458158211
-0.115628708609726
-0.115628708609726
-0.315949691559817
-0.315949691559818
-0.115628708609726
Vir Energies: 137
5.291024509587295
4.496525247840816
3.822823652611283
3.272968186103717
2.853697690689458
2.571049696672761
2.428605863335050
2.428605863335050
2.571049696672761
2.853697690689458
3.272968186103717
3.822823652611283
4.496525247840815
4.496525247840816
3.701430728981121
3.025897722820402
2.472938916769436
2.049714852748977
1.763333645199704
1.618652738174170
1.618652738174169
1.763333645199704
2.049714852748977
2.472938916769435
3.025897722820402
3.701430728981121
3.822823652611283
3.025897722820402
2.344611213708584
1.781456181214518
1.344233893255832
1.043753362337394
0.890816093167708
0.890816093167708
1.043753362337394
1.344233893255832
1.781456181214518
2.344611213708584
3.025897722820401
3.272968186103717
2.472938916769436
1.781456181214518
1.198556248704620
0.728864783894856
0.386119176961476
0.213341473926285
0.213341473926284
0.386119176961476
0.728864783894856
1.198556248704620
1.781456181214518
2.472938916769435
2.853697690689458
2.049714852748977
1.344233893255832
0.728864783894856
0.195079158187238
0.195079158187238
0.728864783894855
1.344233893255832
2.049714852748977
2.571049696672761
1.763333645199704
1.043753362337394
0.386119176961476
0.386119176961476
1.043753362337394
1.763333645199703
2.428605863335050
1.618652738174170
0.890816093167708
0.213341473926284
0.213341473926284
0.890816093167708
1.618652738174168
2.428605863335050
1.618652738174169
0.890816093167708
0.213341473926284
0.213341473926284
0.890816093167708
1.618652738174168
2.571049696672761
1.763333645199704
1.043753362337394
0.386119176961476
0.386119176961476
1.043753362337394
1.763333645199703
2.853697690689457
2.049714852748977
1.344233893255832
0.728864783894856
0.195079158187238
0.195079158187238
0.728864783894855
1.344233893255832
2.049714852748977
3.272968186103717
2.472938916769435
1.781456181214518
1.198556248704620
0.728864783894856
0.386119176961476
0.213341473926284
0.213341473926284
0.386119176961476
0.728864783894855
1.198556248704620
1.781456181214518
2.472938916769434
3.822823652611283
3.025897722820403
2.344611213708584
1.781456181214518
1.344233893255832
1.043753362337394
0.890816093167708
0.890816093167708
1.043753362337394
1.344233893255832
1.781456181214518
2.344611213708584
3.025897722820402
4.496525247840815
3.701430728981121
3.025897722820401
2.472938916769435
2.049714852748977
1.763333645199703
1.618652738174168
1.618652738174168
1.763333645199703
2.049714852748977
2.472938916769434
3.025897722820401
3.701430728981120
Excitation Energies: 240
0.501747885571202
1.159382070947121
1.878962353809430
2.686678405282487
1.878962353809430
1.159382070947121
0.501747885571203
0.529291165486102
1.206765784727525
1.934602429733986
2.744555554894867
1.934602429733987
1.206765784727525
0.529291165486102
0.529291165486101
1.206765784727525
1.934602429733985
2.744555554894867
1.934602429733987
1.206765784727525
0.529291165486102
0.501747885571203
1.159382070947121
1.878962353809430
2.686678405282488
1.878962353809431
1.159382070947121
0.501747885571203
0.310707866796964
0.844493492504582
1.459862601865559
2.165343561358703
2.969326399299185
2.165343561358704
1.459862601865559
0.844493492504582
0.310707866796964
0.917216635119687
1.574850820495605
2.294431103357914
3.102147154830972
2.294431103357915
1.574850820495605
0.917216635119687
0.941486342895819
1.618960962137243
2.346797607143703
3.156750732304585
2.346797607143705
1.618960962137243
0.941486342895820
0.941486342895819
1.618960962137243
2.346797607143703
3.156750732304585
2.346797607143704
1.618960962137243
0.941486342895819
0.917216635119687
1.574850820495605
2.294431103357914
3.102147154830972
2.294431103357915
1.574850820495605
0.917216635119687
0.310707866796964
0.844493492504582
1.459862601865559
2.165343561358703
2.969326399299184
2.165343561358704
1.459862601865559
0.844493492504582
0.310707866796964
0.511028849747055
1.044814475454673
1.660183584815650
2.365664544308794
3.169647382249275
2.365664544308795
1.660183584815650
1.044814475454673
0.511028849747055
1.114264045931011
1.771898231306930
2.491478514169239
3.299194565642297
2.491478514169239
1.771898231306930
1.114264045931012
1.135200449840884
1.812675069082308
2.540511714088769
3.350464839249650
2.540511714088770
1.812675069082308
1.135200449840885
1.135200449840884
1.812675069082308
2.540511714088769
3.350464839249650
2.540511714088769
1.812675069082308
1.135200449840885
1.114264045931011
1.771898231306929
2.491478514169239
3.299194565642297
2.491478514169239
1.771898231306929
1.114264045931011
0.511028849747055
1.044814475454673
1.660183584815650
2.365664544308794
3.169647382249275
2.365664544308795
1.660183584815650
1.044814475454673
0.511028849747055
0.511028849747055
1.044814475454673
1.660183584815650
2.365664544308794
3.169647382249275
2.365664544308795
1.660183584815650
1.044814475454673
0.511028849747055
1.114264045931011
1.771898231306930
2.491478514169239
3.299194565642297
2.491478514169239
1.771898231306930
1.114264045931012
1.135200449840885
1.812675069082308
2.540511714088769
3.350464839249650
2.540511714088770
1.812675069082308
1.135200449840885
1.135200449840885
1.812675069082308
2.540511714088769
3.350464839249650
2.540511714088770
1.812675069082308
1.135200449840885
1.114264045931011
1.771898231306929
2.491478514169239
3.299194565642297
2.491478514169239
1.771898231306929
1.114264045931011
0.511028849747055
1.044814475454673
1.660183584815650
2.365664544308794
3.169647382249275
2.365664544308795
1.660183584815650
1.044814475454673
0.511028849747055
0.310707866796964
0.844493492504582
1.459862601865559
2.165343561358703
2.969326399299185
2.165343561358704
1.459862601865559
0.844493492504582
0.310707866796964
0.917216635119687
1.574850820495605
2.294431103357914
3.102147154830972
2.294431103357915
1.574850820495605
0.917216635119687
0.941486342895819
1.618960962137243
2.346797607143704
3.156750732304585
2.346797607143705
1.618960962137243
0.941486342895820
0.941486342895819
1.618960962137243
2.346797607143703
3.156750732304585
2.346797607143705
1.618960962137243
0.941486342895820
0.917216635119687
1.574850820495605
2.294431103357914
3.102147154830972
2.294431103357915
1.574850820495605
0.917216635119687
0.310707866796964
0.844493492504582
1.459862601865558
2.165343561358703
2.969326399299184
2.165343561358704
1.459862601865558
0.844493492504582
0.310707866796964
0.501747885571202
1.159382070947121
1.878962353809430
2.686678405282488
1.878962353809431
1.159382070947121
0.501747885571203
0.529291165486101
1.206765784727525
1.934602429733986
2.744555554894867
1.934602429733987
1.206765784727525
0.529291165486102
0.529291165486102
1.206765784727525
1.934602429733986
2.744555554894867
1.934602429733987
1.206765784727525
0.529291165486102
0.501747885571203
1.159382070947121
1.878962353809430
2.686678405282488
1.878962353809431
1.159382070947121
0.501747885571203
Kgrid: 14
-2.357022603955159
-1.994403741808211
-1.631784879661264
-1.269166017514316
-0.906547155367369
-0.543928293220421
-0.181309431073474
0.181309431073474
0.543928293220421
0.906547155367369
1.269166017514316
1.631784879661264
1.994403741808211
2.357022603955159
All Davidson Eigenvalues at Last Iteration: 162
0.042968962564147
0.042968962564147
0.125232815309780
0.125232815309780
0.202015180686430
0.264367435824047
0.264367436495042
0.307492169347355
0.312064056173463
0.324587020756582
0.338395304922452
0.340608400216218
0.367836471557302
0.367836475761076
0.369008686131004
0.369008883198867
0.401945329496552
0.402033658790387
0.418934001782528
0.439414426519399
0.455173423268110
0.470456779948270
0.514120510143715
0.515203055177403
0.524713675925123
0.536767358580412
0.539471076831906
0.543964642178045
0.544566645131273
0.549247737971763
0.556943264674862
0.559302572951167
0.566016673811750
0.566092800596858
0.577251243354162
0.586953272660656
0.587646241424846
0.590511629958065
0.597386509839577
0.600522756548177
0.600525019873416
0.610952173573308
0.622948578336439
0.636637960248826
0.641460085537744
0.689717923338101
0.707128908790960
0.745941452565282
0.746765146955189
0.772692518660099
0.798633884040288
0.821364677828979
0.853762400742330
0.860354819477379
0.866251964544410
0.884009772102323
0.896292404016962
0.900678142131362
0.930546688608975
0.943068325679131
0.945862561740323
0.981170912829797
0.983597798662658
0.988467011055602
1.006032888512060
1.010754917965208
1.011580585239303
1.012761164018796
1.013619876566371
1.018941984774828
1.022574910188896
1.040525757211789
1.044164920321733
1.053142678382090
1.067703316426647
1.098819909884043
1.131338346940145
1.134994354952150
1.137558607405307
1.164884985322864
1.167565668285427
1.180454362267101
1.184840089101342
1.206815498351695
1.217749471994654
1.232945575968556
1.235724782012730
1.246203305251222
1.271425172274341
1.275753746466020
1.276441402081307
1.284362897429672
1.313814723951876
1.328644775169376
1.331576452402022
1.340113385090329
1.358180038728941
1.394481028426444
1.425636604918020
1.440337841066183
1.452284424798141
1.462568114647512
1.494584444399898
1.503485345967605
1.509001896119943
1.523738520970501
1.535735364890239
1.546562727462033
1.555187492120212
1.558580859324290
1.566811929963898
1.589828668018283
1.606792740510979
1.627239039033913
1.631781905619061
1.649320472516615
1.651752879443075
1.684432795631024
1.688568544281759
1.699147444122321
1.709350088777159
1.730000286243835
1.745657433914705
1.762981673631138
1.785901906837872
1.820089140992847
1.847162459054952
1.874122922479396
1.887845320340029
1.896642131864898
1.899109412017844
1.925203690783034
1.957585213696281
1.959627066315043
2.001209996267442
2.002912401401288
2.003553827123361
2.057156321970547
2.065156623932014
2.095537112236320
2.138752702941648
2.177982296187871
2.227450114429867
2.239069314355857
2.268511418944524
2.274019005027611
2.335319511943382
2.351969166848063
2.356827829257788
2.385849285738023
2.391504884409362
2.411590933615363
2.413253423728488
2.646127295564680
2.683808568881492
2.703222665158589
2.768186094559963
2.813243342148286
2.952509529486782
3.092462356427605
3.164098582452921
3.222050565997911
Davidson lowest eigenvalues at each iteration: 10
0.283244002178082
0.121494580128591
0.045045259278840
0.042978438894856
0.042968982678986
0.042968962590032
0.042968962564167
0.042968962564147
0.042968962564147
0.042968962564147

                            End of Section: Vectors                            

--------------------------------------------------------------------------------

                                    Matrices                                    

--------------------------------------------------------------------------------

Occupied States: 32 x 2
        4        5
        4        6
        4        7
        4        8
        5        4
        5        5
        5        6
        5        7
        5        8
        5        9
        6        4
        6        5
        6        6
        6        7
        6        8
        6        9
        7        4
        7        5
        7        6
        7        7
        7        8
        7        9
        8        4
        8        5
        8        6
        8        7
        8        8
        8        9
        9        5
        9        6
        9        7
        9        8
Virtual States: 137 x 2
         0         0
         0         1
         0         2
         0         3
         0         4
         0         5
         0         6
         0         7
         0         8
         0         9
         0        10
         0        11
         0        12
         1         0
         1         1
         1         2
         1         3
         1         4
         1         5
         1         6
         1         7
         1         8
         1         9
         1        10
         1        11
         1        12
         2         0
         2         1
         2         2
         2         3
         2         4
         2         5
         2         6
         2         7
         2         8
         2         9
         2        10
         2        11
         2        12
         3         0
         3         1
         3         2
         3         3
         3         4
         3         5
         3         6
         3         7
         3         8
         3         9
         3        10
         3        11
         3        12
         4         0
         4         1
         4         2
         4         3
         4         4
         4         9
         4        10
         4        11
         4        12
         5         0
         5         1
         5         2
         5         3
         5        10
         5        11
         5        12
         6         0
         6         1
         6         2
         6         3
         6        10
         6        11
         6        12
         7         0
         7         1
         7         2
         7         3
         7        10
         7        11
         7        12
         8         0
         8         1
         8         2
         8         3
         8        10
         8        11
         8        12
         9         0
         9         1
         9         2
         9         3
         9         4
         9         9
         9        10
         9        11
         9        12
        10         0
        10         1
        10         2
        10         3
        10         4
        10         5
        10         6
        10         7
        10         8
        10         9
        10        10
        10        11
        10        12
        11         0
        11         1
        11         2
        11         3
        11         4
        11         5
        11         6
        11         7
        11         8
        11         9
        11        10
        11        11
        11        12
        12         0
        12         1
        12         2
        12         3
        12         4
        12         5
        12         6
        12         7
        12         8
        12         9
        12        10
        12        11
        12        12
Excitations: 240 x 2
            0          103
            0          116
            0          129
            0            5
            0           18
            0           31
            0           44
            1          104
            1          117
            1          130
            1            6
            1           19
            1           32
            1           45
            2          105
            2          118
            2          131
            2            7
            2           20
            2           33
            2           46
            3          106
            3          119
            3          132
            3            8
            3           21
            3           34
            3           47
            4           93
            4          102
            4          115
            4          128
            4            4
            4           17
            4           30
            4           43
            4           56
            5          103
            5          116
            5          129
            5            5
            5           18
            5           31
            5           44
            6          104
            6          117
            6          130
            6            6
            6           19
            6           32
            6           45
            7          105
            7          118
            7          131
            7            7
            7           20
            7           33
            7           46
            8          106
            8          119
            8          132
            8            8
            8           21
            8           34
            8           47
            9           94
            9          107
            9          120
            9          133
            9            9
            9           22
            9           35
            9           48
            9           57
           10           93
           10          102
           10          115
           10          128
           10            4
           10           17
           10           30
           10           43
           10           56
           11          103
           11          116
           11          129
           11            5
           11           18
           11           31
           11           44
           12          104
           12          117
           12          130
           12            6
           12           19
           12           32
           12           45
           13          105
           13          118
           13          131
           13            7
           13           20
           13           33
           13           46
           14          106
           14          119
           14          132
           14            8
           14           21
           14           34
           14           47
           15           94
           15          107
           15          120
           15          133
           15            9
           15           22
           15           35
           15           48
           15           57
           16           93
           16          102
           16          115
           16          128
           16            4
           16           17
           16           30
           16           43
           16           56
           17          103
           17          116
           17          129
           17            5
           17           18
           17           31
           17           44
           18          104
           18          117
           18          130
           18            6
           18           19
           18           32
           18           45
           19          105
           19          118
           19          131
           19            7
           19           20
           19           33
           19           46
           20          106
           20          119
           20          132
           20            8
           20           21
           20           34
           20           47
           21           94
           21          107
           21          120
           21          133
           21            9
           21           22
           21           35
           21           48
           21           57
           22           93
           22          102
           22          115
           22          128
           22            4
           22           17
           22           30
           22           43
           22           56
           23          103
           23          116
           23          129
           23            5
           23           18
           23           31
           23           44
           24          104
           24          117
           24          130
           24            6
           24           19
           24           32
           24           45
           25          105
           25          118
           25          131
           25            7
           25           20
           25           33
           25           46
           26          106
           26          119
           26          132
           26            8
           26           21
           26           34
           26           47
           27           94
           27          107
           27          120
           27          133
           27            9
           27           22
           27           35
           27           48
           27           57
           28          103
           28          116
           28          129
           28            5
           28           18
           28           31
           28           44
           29          104
           29          117
           29          130
           29            6
           29           19
           29           32
           29           45
           30          105
           30          118
           30          131
           30            7
           30           20
           30           33
           30           46
           31          106
           31          119
           31          132
           31            8
           31           21
           31           34
           31           47

                            End of Section: Matrices                            

--------------------------------------------------------------------------------

                              Calculation Details                              

--------------------------------------------------------------------------------

Davidson_Stopping_Criteria = All requested norms below tolerance

                      End of Section: Calculation Details                      

################################################################################

                              End of Output File.                              

################################################################################
