################################################################################

            Output File for HFS, the Hartree-Fock Stability Program            
                              Author: Evan Curtin                              
             Institution: University of Illinois @ Urbana-Champaign             
                          email: ecurtin2@illinois.edu                          
                       Built on Nov  2 2016, at 17:06:03                       

################################################################################

                Computation Started : Thu Nov  3 11:29:14 2016
                
                Computation Finished: Thu Nov  3 11:29:28 2016
                
                     Total Elapsed Time = 14.4185 seconds.                     

--------------------------------------------------------------------------------

                                     Input                                     

--------------------------------------------------------------------------------

Nk = 19
ndim = 2
rs = 1.200000047683716

                             End of Section: Input                             

--------------------------------------------------------------------------------

                                     Output                                     

--------------------------------------------------------------------------------

deltaK = 0.261891520978528
kf = 1.178511255147749
kmax = 2.357023688806754
Nocc = 69
Nvir = 255
Nexc = 689
ground_state_degeneracy = 8
dav_its = 8
num_guess_evecs = 1
Dav_blocksize = 1
Dav_Num_evals = 1
Mv_time = 0.011970947000000
cond_number = 16.216833832282706
Dav_nconv = 1
Davidson Tolerance = 1.00e-06
Dav_maxits = 50
Dav_maxsubsize = 1000
Dav_final_val = -0.050482493300970
Dav_time = 1.125680708000000
full_diag_min = -0.050482493300969
full_diag_time = 13.275322204000000

                             End of Section: Output                             

--------------------------------------------------------------------------------

                                    Vectors                                    

--------------------------------------------------------------------------------

Occ Energies: 69
0.024247291019944
-0.131524856432029
-0.179816978314801
-0.131524856432029
0.024247291019944
-0.076793455792444
-0.346158070259908
-0.498018142717706
-0.546874934902681
-0.498018142717706
-0.346158070259908
-0.076793455792443
0.024247291019944
-0.346158070259908
-0.597885072168649
-0.744206363246923
-0.792246182076671
-0.744206363246923
-0.597885072168649
-0.346158070259907
0.024247291019944
-0.131524856432029
-0.498018142717706
-0.744206363246923
-0.888116685784231
-0.935555649062877
-0.888116685784231
-0.744206363246923
-0.498018142717706
-0.131524856432029
-0.179816978314801
-0.546874934902681
-0.792246182076671
-0.935555649062877
-0.982810801769556
-0.935555649062878
-0.792246182076671
-0.546874934902680
-0.179816978314801
-0.131524856432029
-0.498018142717706
-0.744206363246923
-0.888116685784232
-0.935555649062878
-0.888116685784232
-0.744206363246923
-0.498018142717706
-0.131524856432028
0.024247291019944
-0.346158070259907
-0.597885072168648
-0.744206363246923
-0.792246182076671
-0.744206363246923
-0.597885072168648
-0.346158070259907
0.024247291019944
-0.076793455792443
-0.346158070259907
-0.498018142717706
-0.546874934902680
-0.498018142717706
-0.346158070259907
-0.076793455792442
0.024247291019944
-0.131524856432029
-0.179816978314801
-0.131524856432029
0.024247291019944
Vir Energies: 255
5.288582507155754
4.702688692419030
4.179677185945057
3.719869326556953
3.325127384092849
2.997483608298626
2.740291227405143
2.555061842899252
2.443236090905951
2.405838415164404
2.443236090905951
2.555061842899252
2.740291227405143
2.997483608298626
3.325127384092849
3.719869326556953
4.179677185945057
4.702688692419030
4.702688692419030
4.116637539079026
3.593146855273949
3.132521564186494
2.736618517021156
2.407512174134399
2.148763735869337
1.962130063023914
1.849335502752755
1.811595369536588
1.849335502752755
1.962130063023914
2.148763735869338
2.407512174134399
2.736618517021156
3.132521564186494
3.593146855273949
4.116637539079026
4.179677185945057
3.593146855273949
3.068189157252421
2.605034392338273
2.205473967223926
1.871640842959527
1.607686212740979
1.416244980005652
1.300150606615454
1.261262739302782
1.300150606615454
1.416244980005652
1.607686212740979
1.871640842959527
2.205473967223927
2.605034392338274
3.068189157252421
3.593146855273949
3.719869326556953
3.132521564186494
2.605034392338273
2.137423014989729
1.731186201024937
1.388240807106637
1.113337289008103
0.911100539587891
0.787893729969012
0.746698515357348
0.787893729969012
0.911100539587891
1.113337289008103
1.388240807106637
1.731186201024937
2.137423014989729
2.605034392338273
3.132521564186494
3.325127384092848
2.736618517021155
2.205473967223926
1.731186201024937
1.314387607914672
0.955910768860911
0.658747610032290
0.428403156736513
0.290856007663464
0.245982540900593
0.290856007663464
0.428403156736513
0.658747610032290
0.955910768860911
1.314387607914672
1.731186201024938
2.205473967223926
2.736618517021155
2.997483608298625
2.407512174134399
1.871640842959527
1.388240807106637
0.955910768860911
0.571955061097300
0.233206034260453
0.233206034260454
0.571955061097300
0.955910768860911
1.388240807106638
1.871640842959527
2.407512174134399
2.740291227405143
2.148763735869337
1.607686212740979
1.113337289008103
0.658747610032290
0.233206034260453
0.233206034260453
0.658747610032290
1.113337289008103
1.607686212740979
2.148763735869337
2.555061842899252
1.962130063023914
1.416244980005652
0.911100539587891
0.428403156736512
0.428403156736513
0.911100539587891
1.416244980005652
1.962130063023914
2.443236090905951
1.849335502752755
1.300150606615454
0.787893729969012
0.290856007663464
0.290856007663465
0.787893729969012
1.300150606615454
1.849335502752755
2.405838415164404
1.811595369536588
1.261262739302783
0.746698515357348
0.245982540900593
0.245982540900593
0.746698515357348
1.261262739302782
1.811595369536588
2.443236090905951
1.849335502752755
1.300150606615454
0.787893729969011
0.290856007663464
0.290856007663465
0.787893729969012
1.300150606615454
1.849335502752755
2.555061842899252
1.962130063023914
1.416244980005652
0.911100539587891
0.428403156736512
0.428403156736513
0.911100539587891
1.416244980005652
1.962130063023914
2.740291227405143
2.148763735869338
1.607686212740980
1.113337289008103
0.658747610032290
0.233206034260454
0.233206034260454
0.658747610032291
1.113337289008103
1.607686212740979
2.148763735869338
2.997483608298626
2.407512174134399
1.871640842959527
1.388240807106637
0.955910768860911
0.571955061097300
0.233206034260454
0.233206034260454
0.571955061097301
0.955910768860911
1.388240807106638
1.871640842959527
2.407512174134399
3.325127384092849
2.736618517021156
2.205473967223927
1.731186201024937
1.314387607914672
0.955910768860911
0.658747610032290
0.428403156736513
0.290856007663465
0.245982540900593
0.290856007663465
0.428403156736513
0.658747610032291
0.955910768860911
1.314387607914673
1.731186201024938
2.205473967223927
2.736618517021156
3.719869326556953
3.132521564186494
2.605034392338274
2.137423014989729
1.731186201024938
1.388240807106638
1.113337289008103
0.911100539587891
0.787893729969012
0.746698515357348
0.787893729969012
0.911100539587891
1.113337289008103
1.388240807106638
1.731186201024938
2.137423014989730
2.605034392338274
3.132521564186494
4.179677185945057
3.593146855273949
3.068189157252421
2.605034392338274
2.205473967223926
1.871640842959527
1.607686212740979
1.416244980005652
1.300150606615454
1.261262739302782
1.300150606615454
1.416244980005652
1.607686212740979
1.871640842959527
2.205473967223927
2.605034392338274
3.068189157252421
3.593146855273949
4.702688692419030
4.116637539079026
3.593146855273949
3.132521564186494
2.736618517021156
2.407512174134399
2.148763735869337
1.962130063023914
1.849335502752755
1.811595369536588
1.849335502752755
1.962130063023914
2.148763735869338
2.407512174134399
2.736618517021156
3.132521564186494
3.593146855273949
4.116637539079026
Excitation Energies: 689
0.208958743240509
0.208958743240509
0.208958743240509
0.208958743240509
0.208958743240510
0.208958743240510
0.208958743240510
0.208958743240510
0.309999490052896
0.309999490052896
0.309999490052896
0.309999490052897
0.309999490052897
0.309999490052897
0.309999490052898
0.309999490052898
0.364730890692482
0.364730890692482
0.364730890692482
0.364730890692482
0.364730890692483
0.364730890692483
0.364730890692483
0.364730890692483
0.404155865716568
0.404155865716568
0.404155865716568
0.404155865716568
0.404155865716568
0.404155865716569
0.404155865716569
0.404155865716569
0.413023012575254
0.413023012575254
0.413023012575255
0.413023012575255
0.422380864095493
0.422380864095493
0.422380864095493
0.422380864095493
0.422380864095493
0.422380864095493
0.422380864095494
0.422380864095494
0.425799519215393
0.425799519215394
0.425799519215394
0.425799519215394
0.547707770077356
0.547707770077356
0.547707770077356
0.547707770077356
0.547707770077356
0.547707770077356
0.547707770077356
0.547707770077357
0.579364104520360
0.579364104520361
0.579364104520361
0.579364104520361
0.579364104520361
0.579364104520361
0.579364104520361
0.579364104520361
0.703479917529329
0.703479917529329
0.703479917529329
0.703479917529329
0.703479917529329
0.703479917529329
0.703479917529329
0.703479917529329
0.731224176978159
0.731224176978160
0.731224176978160
0.731224176978160
0.731224176978160
0.731224176978160
0.731224176978160
0.731224176978160
0.735541065824733
0.735541065824733
0.735541065824733
0.735541065824733
0.735541065824734
0.735541065824734
0.735541065824734
0.735541065824734
0.751772039412101
0.751772039412101
0.751772039412101
0.751772039412101
0.774561226996419
0.774561226996419
0.774561226996419
0.774561226996420
0.774561226996420
0.774561226996420
0.774561226996420
0.774561226996420
0.780080969163134
0.780080969163134
0.780080969163134
0.780080969163135
0.788874150381170
0.788874150381170
0.788874150381170
0.788874150381170
0.788874150381170
0.788874150381171
0.788874150381171
0.788874150381171
0.792857475803273
0.792857475803273
0.792857475803273
0.792857475803274
0.886853248567946
0.886853248567946
0.886853248567946
0.886853248567947
0.886853248567947
0.886853248567947
0.886853248567947
0.886853248567947
0.919418586401040
0.919418586401040
0.919418586401040
0.919418586401041
0.919418586401041
0.919418586401041
0.919418586401041
0.919418586401041
0.926515493672148
0.926515493672149
0.926515493672149
0.926515493672149
0.931663477840966
0.931663477840967
0.931663477840967
0.931663477840967
0.931663477840967
0.931663477840967
0.931663477840967
0.931663477840967
1.004905680292197
1.004905680292197
1.004905680292197
1.004905680292198
1.004905680292198
1.004905680292198
1.004905680292198
1.004905680292198
1.026288228905161
1.026288228905161
1.026288228905161
1.026288228905161
1.026288228905161
1.026288228905161
1.026288228905161
1.026288228905162
1.035062370910387
1.035062370910387
1.035062370910388
1.035062370910388
1.035062370910388
1.035062370910388
1.035062370910388
1.035062370910388
1.038228722977263
1.038228722977264
1.038228722977264
1.038228722977264
1.087435625292940
1.087435625292940
1.087435625292940
1.087435625292940
1.087435625292940
1.087435625292940
1.087435625292940
1.087435625292940
1.135727747175712
1.135727747175712
1.135727747175712
1.135727747175712
1.156765752749996
1.156765752749996
1.156765752749996
1.156765752749996
1.156765752749996
1.156765752749997
1.156765752749997
1.156765752749997
1.172609519983436
1.172609519983436
1.172609519983436
1.172609519983436
1.172609519983436
1.172609519983436
1.172609519983436
1.172609519983436
1.178972693447696
1.178972693447696
1.178972693447696
1.178972693447696
1.178972693447696
1.178972693447696
1.178972693447696
1.178972693447697
1.181538189963470
1.181538189963470
1.181538189963470
1.181538189963470
1.190130744800545
1.190130744800545
1.190130744800546
1.190130744800546
1.190130744800546
1.190130744800546
1.190130744800547
1.190130744800547
1.205622544934970
1.205622544934971
1.205622544934971
1.205622544934971
1.220649338813184
1.220649338813184
1.220649338813184
1.220649338813184
1.226411656726342
1.226411656726342
1.226411656726342
1.226411656726342
1.228793342670149
1.228793342670149
1.257258609847797
1.257258609847798
1.257258609847798
1.257258609847798
1.257258609847798
1.257258609847798
1.257258609847799
1.257258609847799
1.285911872686717
1.285911872686717
1.285911872686718
1.285911872686718
1.285911872686718
1.285911872686718
1.285911872686718
1.285911872686718
1.293573450260028
1.293573450260028
1.293573450260028
1.293573450260029
1.363993516086693
1.363993516086693
1.363993516086693
1.363993516086693
1.363993516086693
1.363993516086693
1.363993516086693
1.363993516086694
1.391997688985708
1.391997688985708
1.391997688985708
1.391997688985708
1.391997688985708
1.391997688985708
1.391997688985708
1.391997688985708
1.431675463047482
1.431675463047482
1.431675463047482
1.431675463047482
1.431675463047482
1.431675463047482
1.431675463047482
1.431675463047482
1.441079717617583
1.441079717617583
1.441079717617583
1.441079717617583
1.459495359268010
1.459495359268010
1.459495359268010
1.459495359268010
1.459495359268010
1.459495359268010
1.459495359268010
1.459495359268010
1.508985611756539
1.508985611756539
1.508985611756539
1.508985611756539
1.508985611756540
1.508985611756540
1.508985611756540
1.508985611756540
1.519765663538666
1.519765663538666
1.519765663538666
1.519765663538666
1.519765663538666
1.519765663538666
1.519765663538666
1.519765663538667
1.532100093215935
1.532100093215935
1.532100093215935
1.532100093215935
1.532100093215935
1.532100093215935
1.532100093215935
1.532100093215935
1.538944697434018
1.538944697434019
1.538944697434019
1.538944697434019
1.568057785421438
1.568057785421438
1.568057785421438
1.568057785421439
1.611355431725809
1.611355431725809
1.611355431725809
1.611355431725809
1.611355431725809
1.611355431725809
1.611355431725809
1.611355431725809
1.655306902834814
1.655306902834814
1.655306902834814
1.655306902834814
1.655306902834814
1.655306902834814
1.655306902834815
1.655306902834815
1.660212223910783
1.660212223910783
1.660212223910784
1.660212223910784
1.676010415753243
1.676010415753243
1.676010415753243
1.676010415753243
1.676010415753243
1.676010415753243
1.676010415753244
1.676010415753244
1.682254164420225
1.682254164420225
1.682254164420226
1.682254164420226
1.684479668533422
1.684479668533422
1.684479668533422
1.684479668533422
1.684479668533423
1.684479668533423
1.684479668533423
1.684479668533423
1.703346721664561
1.703346721664562
1.703346721664562
1.703346721664562
1.723449379031889
1.723449379031889
1.723449379031889
1.723449379031890
1.729509317126904
1.729509317126904
1.762403050265559
1.762403050265559
1.762403050265559
1.762403050265559
1.762403050265560
1.762403050265560
1.762403050265560
1.762403050265560
1.798168749333159
1.798168749333159
1.798168749333159
1.798168749333159
1.798168749333160
1.798168749333160
1.798168749333160
1.798168749333160
1.808137674205462
1.808137674205462
1.808137674205463
1.808137674205463
1.847393551939582
1.847393551939582
1.847393551939582
1.847393551939582
1.847393551939583
1.847393551939583
1.847393551939583
1.847393551939583
1.937882772003970
1.937882772003970
1.937882772003970
1.937882772003970
1.937882772003970
1.937882772003970
1.937882772003970
1.937882772003970
1.953844283000886
1.953844283000886
1.953844283000886
1.953844283000886
1.953844283000886
1.953844283000886
1.953844283000886
1.953844283000886
1.980860359184784
1.980860359184784
1.980860359184784
1.980860359184784
1.980860359184784
1.980860359184784
1.980860359184784
1.980860359184784
1.991412347851388
1.991412347851388
1.991412347851389
1.991412347851389
2.003165699391555
2.003165699391555
2.003165699391555
2.003165699391555
2.003165699391555
2.003165699391555
2.003165699391555
2.003165699391555
2.014130052174300
2.014130052174300
2.014130052174300
2.014130052174300
2.014130052174301
2.014130052174301
2.014130052174301
2.014130052174301
2.044356969862377
2.044356969862377
2.044356969862377
2.044356969862377
2.044356969862377
2.044356969862377
2.044356969862377
2.044356969862377
2.051457821274327
2.051457821274327
2.051457821274328
2.051457821274328
2.053508921379453
2.053508921379453
2.053508921379454
2.053508921379454
2.105704355458685
2.105704355458685
2.105704355458685
2.105704355458685
2.105704355458685
2.105704355458685
2.105704355458685
2.105704355458685
2.154561147643660
2.154561147643660
2.154561147643660
2.154561147643660
2.160451343252575
2.160451343252575
2.160451343252575
2.160451343252575
2.160451343252575
2.160451343252575
2.160451343252575
2.160451343252575
2.188267292399685
2.188267292399685
2.188267292399685
2.188267292399685
2.188267292399685
2.188267292399685
2.188267292399685
2.188267292399685
2.196818388365660
2.196818388365660
2.196818388365660
2.196818388365660
2.208491162082323
2.208491162082323
2.208491162082323
2.208491162082323
2.225557191661780
2.225557191661780
2.225557191661780
2.225557191661780
2.225557191661781
2.225557191661781
2.225557191661781
2.225557191661781
2.235706255678331
2.235706255678331
2.235706255678331
2.235706255678331
2.244073541072338
2.244073541072338
2.308288133283821
2.308288133283821
2.308288133283821
2.308288133283821
2.308288133283822
2.308288133283822
2.308288133283822
2.308288133283822
2.347353645470461
2.347353645470461
2.347353645470461
2.347353645470461
2.347353645470462
2.347353645470462
2.347353645470462
2.347353645470462
2.358470304439268
2.358470304439268
2.358470304439268
2.358470304439268
2.383264883114455
2.383264883114455
2.383264883114455
2.383264883114455
2.383264883114455
2.383264883114455
2.383264883114456
2.383264883114456
2.494921806129244
2.494921806129244
2.494921806129244
2.494921806129244
2.494921806129244
2.494921806129244
2.494921806129245
2.494921806129245
2.530814551879307
2.530814551879307
2.530814551879308
2.530814551879308
2.539037030566428
2.539037030566428
2.539037030566428
2.539037030566428
2.539037030566428
2.539037030566428
2.539037030566428
2.539037030566428
2.560015135192563
2.560015135192563
2.560015135192563
2.560015135192563
2.560015135192563
2.560015135192563
2.560015135192563
2.560015135192563
2.574760947337979
2.574760947337979
2.574760947337979
2.574760947337980
2.585655393479205
2.585655393479205
2.587329152449200
2.587329152449200
2.587329152449200
2.587329152449200
2.593541865999678
2.593541865999678
2.593541865999678
2.593541865999678
2.593541865999678
2.593541865999678
2.593541865999678
2.593541865999678
2.603841551613258
2.603841551613258
2.603841551613259
2.603841551613259
2.646781878587043
2.646781878587043
2.646781878587043
2.646781878587043
2.646781878587043
2.646781878587043
2.646781878587043
2.646781878587043
2.695638670772018
2.695638670772018
2.695638670772018
2.695638670772018
2.706336426270838
2.706336426270838
2.706336426270838
2.706336426270838
2.706336426270838
2.706336426270838
2.706336426270838
2.706336426270838
2.737452188536986
2.737452188536986
2.737452188536986
2.737452188536986
2.737452188536987
2.737452188536987
2.737452188536987
2.737452188536987
2.747151018599465
2.747151018599465
2.747151018599465
2.747151018599465
2.754376245100585
2.754376245100585
2.754376245100585
2.754376245100585
2.784891151815633
2.784891151815633
2.784891151815633
2.784891151815633
2.794406171306143
2.794406171306143
2.817084683197586
2.817084683197586
2.817084683197586
2.817084683197587
2.901219913159159
2.901219913159159
2.901219913159160
2.901219913159160
2.941254233623656
2.941254233623656
2.941254233623657
2.941254233623657
2.952713350067084
2.952713350067085
2.973236317278681
2.973236317278682
2.973236317278682
2.973236317278682
3.086449297665050
3.086449297665050
3.086449297665050
3.086449297665050
3.129008464730654
3.129008464730654
3.129008464730655
3.129008464730655
3.152946915067901
3.152946915067901
3.152946915067901
3.152946915067901
3.177300586613426
3.177300586613427
3.187442454152873
3.187442454152873
3.187442454152873
3.187442454152873
3.198084597241075
3.198084597241075
3.238309370122849
3.238309370122849
3.238309370122849
3.238309370122849
3.287166162307823
3.287166162307824
3.299268206146175
3.299268206146175
3.299268206146175
3.299268206146175
3.331352776690182
3.331352776690182
3.331352776690182
3.331352776690182
3.341394064227281
3.341394064227282
3.347308024975923
3.347308024975923
3.378791739968828
3.378791739968828
3.388649216933960
Kgrid: 19
-2.357023688806754
-2.095132167828226
-1.833240646849698
-1.571349125871169
-1.309457604892641
-1.047566083914113
-0.785674562935585
-0.523783041957056
-0.261891520978528
0.000000000000000
0.261891520978528
0.523783041957056
0.785674562935585
1.047566083914113
1.309457604892641
1.571349125871170
1.833240646849698
2.095132167828226
2.357023688806754
DavVals: 1
-0.050482493300970

                            End of Section: Vectors                            

--------------------------------------------------------------------------------

                                    Matrices                                    

--------------------------------------------------------------------------------

Occupied States: 69 x 2
         5         7
         5         8
         5         9
         5        10
         5        11
         6         6
         6         7
         6         8
         6         9
         6        10
         6        11
         6        12
         7         5
         7         6
         7         7
         7         8
         7         9
         7        10
         7        11
         7        12
         7        13
         8         5
         8         6
         8         7
         8         8
         8         9
         8        10
         8        11
         8        12
         8        13
         9         5
         9         6
         9         7
         9         8
         9         9
         9        10
         9        11
         9        12
         9        13
        10         5
        10         6
        10         7
        10         8
        10         9
        10        10
        10        11
        10        12
        10        13
        11         5
        11         6
        11         7
        11         8
        11         9
        11        10
        11        11
        11        12
        11        13
        12         6
        12         7
        12         8
        12         9
        12        10
        12        11
        12        12
        13         7
        13         8
        13         9
        13        10
        13        11
Virtual States: 255 x 2
         0         0
         0         1
         0         2
         0         3
         0         4
         0         5
         0         6
         0         7
         0         8
         0         9
         0        10
         0        11
         0        12
         0        13
         0        14
         0        15
         0        16
         0        17
         1         0
         1         1
         1         2
         1         3
         1         4
         1         5
         1         6
         1         7
         1         8
         1         9
         1        10
         1        11
         1        12
         1        13
         1        14
         1        15
         1        16
         1        17
         2         0
         2         1
         2         2
         2         3
         2         4
         2         5
         2         6
         2         7
         2         8
         2         9
         2        10
         2        11
         2        12
         2        13
         2        14
         2        15
         2        16
         2        17
         3         0
         3         1
         3         2
         3         3
         3         4
         3         5
         3         6
         3         7
         3         8
         3         9
         3        10
         3        11
         3        12
         3        13
         3        14
         3        15
         3        16
         3        17
         4         0
         4         1
         4         2
         4         3
         4         4
         4         5
         4         6
         4         7
         4         8
         4         9
         4        10
         4        11
         4        12
         4        13
         4        14
         4        15
         4        16
         4        17
         5         0
         5         1
         5         2
         5         3
         5         4
         5         5
         5         6
         5        12
         5        13
         5        14
         5        15
         5        16
         5        17
         6         0
         6         1
         6         2
         6         3
         6         4
         6         5
         6        13
         6        14
         6        15
         6        16
         6        17
         7         0
         7         1
         7         2
         7         3
         7         4
         7        14
         7        15
         7        16
         7        17
         8         0
         8         1
         8         2
         8         3
         8         4
         8        14
         8        15
         8        16
         8        17
         9         0
         9         1
         9         2
         9         3
         9         4
         9        14
         9        15
         9        16
         9        17
        10         0
        10         1
        10         2
        10         3
        10         4
        10        14
        10        15
        10        16
        10        17
        11         0
        11         1
        11         2
        11         3
        11         4
        11        14
        11        15
        11        16
        11        17
        12         0
        12         1
        12         2
        12         3
        12         4
        12         5
        12        13
        12        14
        12        15
        12        16
        12        17
        13         0
        13         1
        13         2
        13         3
        13         4
        13         5
        13         6
        13        12
        13        13
        13        14
        13        15
        13        16
        13        17
        14         0
        14         1
        14         2
        14         3
        14         4
        14         5
        14         6
        14         7
        14         8
        14         9
        14        10
        14        11
        14        12
        14        13
        14        14
        14        15
        14        16
        14        17
        15         0
        15         1
        15         2
        15         3
        15         4
        15         5
        15         6
        15         7
        15         8
        15         9
        15        10
        15        11
        15        12
        15        13
        15        14
        15        15
        15        16
        15        17
        16         0
        16         1
        16         2
        16         3
        16         4
        16         5
        16         6
        16         7
        16         8
        16         9
        16        10
        16        11
        16        12
        16        13
        16        14
        16        15
        16        16
        16        17
        17         0
        17         1
        17         2
        17         3
        17         4
        17         5
        17         6
        17         7
        17         8
        17         9
        17        10
        17        11
        17        12
        17        13
        17        14
        17        15
        17        16
        17        17
Excitations: 689 x 2
           48          108
           56          109
           20          109
           12          108
           56          165
           48          164
           20          165
           12          164
           57           96
           57          176
           63           97
           63          177
            5           96
           11           97
            5          176
           11          177
           47          109
           21          108
           29          109
           39          108
           47          165
           29          165
           21          164
           39          164
           64           79
           68           83
           64          190
           68          194
            4           83
            0           79
            4          194
            0          190
           38          109
           30          108
           38          165
           30          164
           65           80
           67           82
            3           82
            1           80
           65          191
           67          193
            3          193
            1          191
           66           81
            2           81
           66          192
            2          192
           48           95
           56           98
           20           98
           48          175
           12           95
           56          178
           20          178
           12          175
           49           96
           49          176
           13           96
           19           97
           55           97
           13          176
           55          177
           19          177
           47           98
           21           95
           29           98
           39           95
           47          178
           21          175
           29          178
           39          175
           40           96
           22           96
           40          176
           28           97
           46           97
           28          177
           46          177
           22          176
           63           84
           57           78
           57          189
           63          195
           11           84
            5           78
           11          195
            5          189
           38           98
           30           95
           38          178
           30          175
           62           83
           58           79
           62          194
           58          190
           10           83
            6           79
           10          194
            6          190
           31           96
           37           97
           37          177
           31          176
           59           80
           61           82
           61          193
           59          191
            7           80
            9           82
            7          191
            9          193
           60           81
           60          192
            8           81
            8          192
           68           65
           64           61
            4           65
            0           61
           64          208
           68          212
            4          212
            0          208
           67           64
           65           62
            3           64
            1           62
           65          209
           67          211
            3          211
            1          209
           66           63
            2           63
           66          210
            2          210
           48           77
           56           85
           48          188
           20           85
           12           77
           56          196
           20          196
           12          188
           55           84
           19           84
           49           78
           49          189
           13           78
           55          195
           19          195
           13          189
           54          194
           18           83
           50          190
           50           79
           54           83
           14           79
           14          190
           18          194
           51           80
           15           80
           51          191
           15          191
           53           82
           17           82
           17          193
           53          193
           16           81
           52           81
           16          192
           52          192
           21           77
           29           85
           47           85
           47          196
           39           77
           21          188
           29          196
           39          188
           30           77
           38           85
           30          188
           38          196
           28           84
           40           78
           46           84
           40          189
           22           78
           22          189
           46          195
           28          195
           45           83
           45          194
           27           83
           41           79
           41          190
           23           79
           27          194
           23          190
           26           82
           24           80
           42           80
           24          191
           44           82
           42          191
           26          193
           44          193
           43           81
           25           81
           25          192
           43          192
           63           66
           57           60
           63          213
           57          207
           11           66
            5           60
           11          213
            5          207
           37           84
           31           78
           37          195
           31          189
           32           79
           32          190
           36          194
           36           83
           33           80
           35           82
           33          191
           35          193
           34           81
           34          192
           62           65
           58           61
           62          212
           58          208
           10           65
            6           61
           10          212
            6          208
           61           64
           59           62
           61          211
           59          209
            9           64
            7           62
            7          209
            9          211
           60           63
            8           63
           60          210
            8          210
           48           59
           56           67
           56          214
           20           67
           12           59
           48          206
           20          214
           12          206
           64           43
           68          230
           64          226
           68           47
            0           43
            4          230
            4           47
            0          226
           67          229
           67           46
           65           44
           65          227
            1          227
            3           46
            3          229
            1           44
           66           45
           66          228
            2           45
            2          228
           49           60
           13           60
           19           66
           55           66
           49          207
           19          213
           55          213
           13          207
           54           65
           18           65
           50           61
           14           61
           54          212
           14          208
           50          208
           18          212
           47           67
           21           59
           47          214
           29          214
           39           59
           29           67
           21          206
           39          206
           17           64
           51           62
           53           64
           15           62
           53          211
           51          209
           15          209
           17          211
           16           63
           16          210
           52           63
           52          210
           38           67
           30           59
           38          214
           30          206
           28           66
           40           60
           46           66
           22           60
           28          213
           40          207
           46          213
           22          207
           45           65
           41           61
           27           65
           23           61
           45          212
           41          208
           27          212
           23          208
           37           66
           31           60
           37          213
           31          207
           26           64
           24           62
           44           64
           42           62
           26          211
           24          209
           42          209
           44          211
           25           63
           43           63
           25          210
           43          210
           63           48
           63          231
           57           42
           57          225
           11           48
           11          231
            5           42
            5          225
           36           65
           32           61
           36          212
           32          208
           35           64
           33           62
           33          209
           35          211
           34           63
           34          210
           58          226
           62          230
           62           47
           58           43
           10          230
            6          226
           10           47
            6           43
           61          229
           59           44
           61           46
           59          227
            7           44
            7          227
            9           46
            9          229
           60           45
           60          228
            8          228
            8           45
           56           49
           48           41
           48          224
           56          232
           20          232
           20           49
           12          224
           12           41
           64          244
           68          248
           64           25
            4           29
            4          248
            0          244
           68           29
            0           25
           49           42
           49          225
           19          231
           13          225
           13           42
           55          231
           55           48
           19           48
           65           26
           67          247
           67           28
           65          245
            3          247
            1          245
            3           28
            1           26
           66           27
           66          246
            2           27
            2          246
           21           41
           47          232
           21          224
           47           49
           39           41
           39          224
           29           49
           29          232
           54           47
           50           43
           50          226
           54          230
           18          230
           14          226
           18           47
           14           43
           17           46
           51           44
           53          229
           51          227
           17          229
           15           44
           15          227
           53           46
           38           49
           38          232
           30           41
           30          224
           16          228
           16           45
           52           45
           52          228
           46          231
           46           48
           40           42
           28           48
           28          231
           40          225
           22           42
           22          225
           37           48
           37          231
           31           42
           31          225
           41          226
           41           43
           45           47
           45          230
           23           43
           23          226
           27           47
           27          230
           26           46
           26          229
           24           44
           24          227
           42           44
           44          229
           42          227
           44           46
           43          228
           25           45
           43           45
           25          228
           32           43
           36          230
           36           47
           32          226
           57          243
           57           24
           63          249
           63           30
            5           24
           11          249
           11           30
            5          243
           33          227
           33           44
           35           46
           35          229
           34          228
           34           45
           62          248
           62           29
           58          244
           58           25
           10           29
            6          244
           10          248
            6           25
           59           26
           59          245
           61           28
           61          247
            7           26
            9          247
            7          245
            9           28
           60          246
           60           27
            8           27
            8          246
           20          250
           48           23
           56          250
           20           31
           48          242
           56           31
           12          242
           12           23
           19          249
           55          249
           49          243
           19           30
           49           24
           55           30
           13           24
           13          243
           68           11
           64            7
            4           11
            0            7
           29          250
           21           23
           47          250
           21          242
           29           31
           47           31
           39          242
           39           23
           54           29
           14          244
           14           25
           18          248
           50           25
           50          244
           54          248
           18           29
           67           10
            3           10
           65            8
            1            8
           66            9
            2            9
           38           31
           38          250
           30           23
           30          242
           17          247
           15           26
           17           28
           15          245
           53           28
           53          247
           51           26
           51          245
           16          246
           16           27
           52           27
           52          246
           28          249
           28           30
           22          243
           40          243
           46           30
           40           24
           22           24
           46          249
           37           30
           37          249
           31          243
           31           24
           45           29
           27           29
           23           25
           45          248
           41          244
           23          244
           27          248
           41           25
           24          245
           24           26
           26          247
           26           28
           44          247
           42          245
           42           26
           44           28
           25          246
           25           27
           43           27
           43          246
           36          248
           32          244
           36           29
           32           25
           33           26
           33          245
           35           28
           35          247
           34          246
           34           27
           57            6
           63           12
           11           12
            5            6
           58            7
           62           11
           10           11
            6            7
           59            8
           61           10
            9           10
            7            8
           60            9
            8            9
           56           13
           48            5
           20           13
           12            5
           19           12
           49            6
           55           12
           13            6
           29           13
           47           13
           21            5
           39            5
           14            7
           18           11
           54           11
           50            7
           38           13
           30            5
           51            8
           15            8
           53           10
           17           10
           16            9
           52            9
           46           12
           40            6
           28           12
           22            6
           37           12
           31            6
           27           11
           45           11
           23            7
           41            7
           26           10
           24            8
           42            8
           44           10
           25            9
           43            9
           32            7
           36           11
           35           10
           33            8
           34            9

                            End of Section: Matrices                            

################################################################################

                              End of Output File.                              

################################################################################
