################################################################################

            Output File for HFS, the Hartree-Fock Stability Program            
                              Author: Evan Curtin                              
             Institution: University of Illinois @ Urbana-Champaign             
                          email: ecurtin2@illinois.edu                          
                       Built on Oct 18 2016, at 18:15:44                       

################################################################################

                Computation Started : Tue Oct 18 19:02:26 2016
                
                Computation Finished: Tue Oct 18 19:02:42 2016
                
                     Total Elapsed Time = 16.2965 seconds.                     

--------------------------------------------------------------------------------

                                     Input                                     

--------------------------------------------------------------------------------

Nk = 17
ndim = 2
rs = 1.200000000000000

                             End of Section: Input                             

--------------------------------------------------------------------------------

                                     Output                                     

--------------------------------------------------------------------------------

deltaK = 0.294627825494395
kf = 1.178511301977579
kmax = 2.357022603955159
Nocc = 49
Nvir = 207
Nexc = 455
dav_its = 12
Dav_Final_Val = -0.073880346213069
full_diag_min = -0.073880346213071

                             End of Section: Output                             

--------------------------------------------------------------------------------

                                    Vectors                                    

--------------------------------------------------------------------------------

Occ Energies: 49
0.062642965159017
-0.133788133574087
-0.343700942419931
-0.419068955606727
-0.343700942419931
-0.133788133574087
-0.133788133574087
-0.486016211766317
-0.685880675089983
-0.751126758933101
-0.685880675089983
-0.486016211766317
-0.133788133574088
-0.343700942419931
-0.685880675089983
-0.879358229310545
-0.942660533470033
-0.879358229310545
-0.685880675089983
-0.343700942419931
0.062642965159017
-0.419068955606727
-0.751126758933101
-0.942660533470033
-1.005453204158361
-0.942660533470033
-0.751126758933101
-0.419068955606728
0.062642965159017
-0.343700942419931
-0.685880675089983
-0.879358229310545
-0.942660533470033
-0.879358229310545
-0.685880675089983
-0.343700942419931
-0.133788133574087
-0.486016211766317
-0.685880675089984
-0.751126758933102
-0.685880675089983
-0.486016211766317
-0.133788133574087
-0.133788133574087
-0.343700942419931
-0.419068955606728
-0.343700942419931
-0.133788133574087
0.062642965159017
Vir Energies: 207
5.294197683183312
4.638667095718470
4.063246025137183
3.568401513278530
3.156874740245080
2.832932183616129
2.599054780365620
2.457438293848360
2.409972703590899
2.457438293848360
2.599054780365620
2.832932183616129
3.156874740245080
3.568401513278530
4.063246025137183
4.638667095718470
4.638667095718470
3.982889709879136
3.406715383298393
2.910588675344381
2.497267596019387
2.171152238419728
1.935077064473095
1.791671594590352
1.743475093197694
1.791671594590352
1.935077064473095
2.171152238419728
2.497267596019388
2.910588675344381
3.406715383298393
3.982889709879136
4.063246025137183
3.406715383298393
2.828212152890651
2.328040113959926
1.908891086813868
1.575674348481475
1.332094911117585
1.182026606796410
1.130713286136310
1.182026606796410
1.332094911117585
1.575674348481475
1.908891086813868
2.328040113959926
2.828212152890650
3.406715383298393
3.568401513278530
2.910588675344382
2.328040113959926
1.820597272591706
1.390383211000546
1.042682252958244
0.782842049265710
0.615704064052982
0.549880480024606
0.615704064052982
0.782842049265710
1.042682252958244
1.390383211000546
1.820597272591705
2.328040113959926
2.910588675344382
3.156874740245080
2.497267596019388
1.908891086813868
1.390383211000546
0.941864244403874
0.565814690569848
0.268381010803651
0.071112488558738
0.071112488558738
0.268381010803651
0.565814690569848
0.941864244403874
1.390383211000546
1.908891086813868
2.497267596019388
2.832932183616129
2.171152238419729
1.575674348481475
1.042682252958244
0.565814690569848
0.137363233434998
0.137363233434998
0.565814690569848
1.042682252958244
1.575674348481475
2.171152238419728
2.599054780365620
1.935077064473095
1.332094911117585
0.782842049265710
0.268381010803651
0.268381010803651
0.782842049265710
1.332094911117585
1.935077064473095
2.457438293848360
1.791671594590352
1.182026606796410
0.615704064052982
0.071112488558738
0.071112488558739
0.615704064052982
1.182026606796410
1.791671594590352
2.409972703590899
1.743475093197694
1.130713286136310
0.549880480024606
0.549880480024606
1.130713286136310
1.743475093197694
2.457438293848360
1.791671594590352
1.182026606796410
0.615704064052982
0.071112488558738
0.071112488558738
0.615704064052982
1.182026606796410
1.791671594590352
2.599054780365620
1.935077064473095
1.332094911117585
0.782842049265710
0.268381010803651
0.268381010803651
0.782842049265710
1.332094911117585
1.935077064473095
2.832932183616129
2.171152238419728
1.575674348481475
1.042682252958244
0.565814690569848
0.137363233434998
0.137363233434998
0.565814690569848
1.042682252958244
1.575674348481475
2.171152238419728
3.156874740245080
2.497267596019387
1.908891086813868
1.390383211000546
0.941864244403874
0.565814690569848
0.268381010803651
0.071112488558738
0.071112488558738
0.268381010803651
0.565814690569848
0.941864244403874
1.390383211000546
1.908891086813868
2.497267596019388
3.568401513278530
2.910588675344381
2.328040113959926
1.820597272591705
1.390383211000546
1.042682252958244
0.782842049265710
0.615704064052982
0.549880480024606
0.615704064052982
0.782842049265710
1.042682252958244
1.390383211000546
1.820597272591705
2.328040113959926
2.910588675344381
4.063246025137183
3.406715383298393
2.828212152890650
2.328040113959926
1.908891086813868
1.575674348481475
1.332094911117585
1.182026606796411
1.130713286136310
1.182026606796411
1.332094911117585
1.575674348481475
1.908891086813868
2.328040113959926
2.828212152890650
3.406715383298393
4.638667095718470
3.982889709879136
3.406715383298393
2.910588675344381
2.497267596019387
2.171152238419728
1.935077064473095
1.791671594590352
1.743475093197694
1.791671594590353
1.935077064473095
2.171152238419728
2.497267596019388
2.910588675344381
3.406715383298393
3.982889709879136
Excitation Energies: 455
0.487237514865589
1.068070320977293
1.680832128038678
2.347329738431883
1.680832128038678
1.068070320977293
0.487237514865589
0.402169144377739
0.916630182839797
1.465883044691672
2.068865198047182
2.732842913939707
2.068865198047182
1.465883044691672
0.916630182839797
0.402169144377739
0.414813430978669
0.959405006472912
1.525727549216342
2.135372537010283
2.801139236268291
2.135372537010283
1.525727549216341
0.959405006472912
0.414813430978669
0.968949435631334
1.549782241743038
2.162544048804422
2.829041659197626
2.162544048804421
1.549782241743038
0.968949435631334
0.414813430978669
0.959405006472912
1.525727549216342
2.135372537010283
2.801139236268290
2.135372537010283
1.525727549216341
0.959405006472912
0.414813430978669
0.402169144377739
0.916630182839798
1.465883044691672
2.068865198047182
2.732842913939707
2.068865198047182
1.465883044691672
0.916630182839798
0.402169144377739
0.271151367009085
0.699602824143936
1.176470386532332
1.709462482055562
2.304940371993816
2.966720317190216
2.304940371993816
1.709462482055562
1.176470386532332
0.699602824143936
0.271151367009085
0.754397222569968
1.268858261032027
1.818111122883902
2.421093276239412
3.085070992131937
2.421093276239412
1.818111122883902
1.268858261032027
0.754397222569968
0.756993163648721
1.301584739142965
1.867907281886394
2.477552269680336
3.143318968938343
2.477552269680336
1.867907281886394
1.301584739142965
0.756993163648722
1.301007238957707
1.881840045069411
2.494601852130796
3.161099462524001
2.494601852130796
1.881840045069411
1.301007238957707
0.756993163648721
1.301584739142965
1.867907281886394
2.477552269680336
3.143318968938343
2.477552269680336
1.867907281886394
1.301584739142965
0.756993163648722
0.754397222569968
1.268858261032027
1.818111122883902
2.421093276239412
3.085070992131937
2.421093276239412
1.818111122883902
1.268858261032027
0.754397222569968
0.271151367009085
0.699602824143936
1.176470386532332
1.709462482055563
2.304940371993816
2.966720317190217
2.304940371993816
1.709462482055563
1.176470386532332
0.699602824143936
0.271151367009085
0.481064175854928
0.909515632989779
1.386383195378175
1.919375290901406
2.514853180839659
3.176633126036060
2.514853180839659
1.919375290901406
1.386383195378175
0.909515632989779
0.481064175854928
0.954261685893634
1.468722724355693
2.017975586207568
2.620957739563078
3.284935455455603
2.620957739563078
2.017975586207568
1.468722724355693
0.954261685893634
0.950470717869283
1.495062293363527
2.061384836106956
2.671029823900898
3.336796523158905
2.671029823900898
2.061384836106956
1.495062293363527
0.950470717869284
1.492541013494639
2.073373819606343
2.686135626667728
3.352633237060932
2.686135626667727
2.073373819606343
1.492541013494639
0.950470717869283
1.495062293363527
2.061384836106956
2.671029823900898
3.336796523158905
2.671029823900898
2.061384836106956
1.495062293363527
0.950470717869284
0.954261685893634
1.468722724355693
2.017975586207568
2.620957739563078
3.284935455455603
2.620957739563078
2.017975586207568
1.468722724355693
0.954261685893634
0.481064175854928
0.909515632989779
1.386383195378175
1.919375290901406
2.514853180839659
3.176633126036060
2.514853180839659
1.919375290901406
1.386383195378175
0.909515632989779
0.481064175854928
0.008469523399722
0.205738045644635
0.503171725410832
0.879221279244857
1.327740245841529
1.846248121654851
2.434624630860371
3.094231775086063
2.434624630860371
1.846248121654851
1.327740245841530
0.879221279244857
0.503171725410832
0.205738045644635
0.008469523399722
0.556432189041725
0.984883646176576
1.461751208564972
1.994743304088203
2.590221194026455
3.252001139222856
2.590221194026455
1.994743304088203
1.461751208564972
0.984883646176576
0.556432189041725
1.019507769736753
1.533968808198811
2.083221670050686
2.686203823406196
3.350181539298721
2.686203823406196
2.083221670050686
1.533968808198811
1.019507769736753
1.013773022028771
1.558364597523015
2.124687140266444
2.734332128060385
3.400098827318393
2.734332128060385
2.124687140266444
1.558364597523015
1.013773022028771
1.555333684182967
2.136166490294671
2.748928297356056
3.415425907749260
2.748928297356055
2.136166490294671
1.555333684182967
1.013773022028771
1.558364597523015
2.124687140266444
2.734332128060386
3.400098827318393
2.734332128060386
2.124687140266444
1.558364597523015
1.013773022028772
1.019507769736753
1.533968808198811
2.083221670050686
2.686203823406196
3.350181539298721
2.686203823406196
2.083221670050686
1.533968808198811
1.019507769736753
0.556432189041725
0.984883646176576
1.461751208564972
1.994743304088203
2.590221194026456
3.252001139222857
2.590221194026456
1.994743304088203
1.461751208564972
0.984883646176576
0.556432189041725
0.008469523399722
0.205738045644634
0.503171725410832
0.879221279244857
1.327740245841529
1.846248121654851
2.434624630860371
3.094231775086063
2.434624630860371
1.846248121654851
1.327740245841529
0.879221279244857
0.503171725410832
0.205738045644634
0.008469523399722
0.481064175854928
0.909515632989779
1.386383195378175
1.919375290901406
2.514853180839659
3.176633126036060
2.514853180839659
1.919375290901406
1.386383195378175
0.909515632989779
0.481064175854928
0.954261685893634
1.468722724355693
2.017975586207568
2.620957739563078
3.284935455455603
2.620957739563078
2.017975586207568
1.468722724355693
0.954261685893634
0.950470717869283
1.495062293363527
2.061384836106956
2.671029823900898
3.336796523158905
2.671029823900898
2.061384836106956
1.495062293363527
0.950470717869283
1.492541013494639
2.073373819606343
2.686135626667728
3.352633237060932
2.686135626667727
2.073373819606343
1.492541013494639
0.950470717869283
1.495062293363527
2.061384836106956
2.671029823900898
3.336796523158905
2.671029823900898
2.061384836106956
1.495062293363527
0.950470717869284
0.954261685893634
1.468722724355693
2.017975586207568
2.620957739563078
3.284935455455603
2.620957739563078
2.017975586207568
1.468722724355693
0.954261685893634
0.481064175854928
0.909515632989779
1.386383195378175
1.919375290901406
2.514853180839659
3.176633126036060
2.514853180839659
1.919375290901406
1.386383195378175
0.909515632989779
0.481064175854928
0.271151367009085
0.699602824143936
1.176470386532332
1.709462482055562
2.304940371993816
2.966720317190216
2.304940371993816
1.709462482055562
1.176470386532332
0.699602824143936
0.271151367009085
0.754397222569968
1.268858261032027
1.818111122883902
2.421093276239412
3.085070992131937
2.421093276239412
1.818111122883902
1.268858261032027
0.754397222569968
0.756993163648722
1.301584739142965
1.867907281886394
2.477552269680336
3.143318968938344
2.477552269680336
1.867907281886394
1.301584739142965
0.756993163648722
1.301007238957708
1.881840045069412
2.494601852130796
3.161099462524001
2.494601852130796
1.881840045069412
1.301007238957708
0.756993163648722
1.301584739142965
1.867907281886394
2.477552269680336
3.143318968938343
2.477552269680336
1.867907281886394
1.301584739142965
0.756993163648722
0.754397222569968
1.268858261032027
1.818111122883902
2.421093276239412
3.085070992131937
2.421093276239412
1.818111122883902
1.268858261032027
0.754397222569968
0.271151367009085
0.699602824143936
1.176470386532332
1.709462482055562
2.304940371993816
2.966720317190216
2.304940371993816
1.709462482055562
1.176470386532332
0.699602824143936
0.271151367009085
0.402169144377739
0.916630182839797
1.465883044691672
2.068865198047182
2.732842913939707
2.068865198047182
1.465883044691672
0.916630182839797
0.402169144377739
0.414813430978669
0.959405006472913
1.525727549216342
2.135372537010283
2.801139236268291
2.135372537010283
1.525727549216342
0.959405006472913
0.414813430978669
0.968949435631334
1.549782241743038
2.162544048804422
2.829041659197627
2.162544048804422
1.549782241743038
0.968949435631334
0.414813430978669
0.959405006472913
1.525727549216342
2.135372537010284
2.801139236268291
2.135372537010283
1.525727549216341
0.959405006472913
0.414813430978669
0.402169144377739
0.916630182839798
1.465883044691672
2.068865198047182
2.732842913939707
2.068865198047182
1.465883044691672
0.916630182839798
0.402169144377739
0.487237514865589
1.068070320977293
1.680832128038678
2.347329738431883
1.680832128038678
1.068070320977293
0.487237514865589
Kgrid: 17
-2.357022603955159
-2.062394778460764
-1.767766952966369
-1.473139127471974
-1.178511301977579
-0.883883476483184
-0.589255650988790
-0.294627825494395
0.000000000000000
0.294627825494395
0.589255650988790
0.883883476483184
1.178511301977579
1.473139127471974
1.767766952966369
2.062394778460764
2.357022603955159
All Davidson Eigenvalues at Last Iteration: 157
-0.073880346213069
-0.029954687457380
0.044457450533664
0.044457450533665
0.056231970406364
0.056432831553916
0.113292301416847
0.116801807748367
0.116801808188373
0.186699300648023
0.203626681524957
0.227157940000920
0.228232749239745
0.228588379017371
0.250145176692434
0.262740623903181
0.271389642545155
0.277725556292621
0.300837245212949
0.317520926860140
0.318354658348753
0.320510495250421
0.322040602098152
0.332182745220275
0.334374430640153
0.339594835309028
0.343063224485633
0.343218531235832
0.356156457282333
0.387297619970959
0.397428830075208
0.398228786306844
0.415251242168413
0.418553703839166
0.419218628653046
0.420593271185722
0.435878711916525
0.438374218620878
0.438928298692304
0.441241521223553
0.448406763740413
0.452197010766648
0.452423617366130
0.457841736957627
0.461078922339736
0.461090595960857
0.470527769610138
0.472727769898297
0.473079762413234
0.474844626783207
0.479046876374720
0.484858882626611
0.486758667584468
0.503674260633267
0.505690233150636
0.509218942502262
0.534536272237781
0.587612944640629
0.589496956073592
0.634191980722311
0.637304073473393
0.649349837742559
0.675442053905277
0.700840711864076
0.704714250882959
0.720250868448713
0.743025108912229
0.744931792844130
0.768703882144185
0.829884696222857
0.851650233424795
0.868896722516838
0.870473795498348
0.887244519212875
0.892206618344827
0.912879356582616
0.915608453851075
0.928623350686539
0.938001300618945
0.944534204435582
0.944992967186531
0.961802631522546
0.965268573442971
0.978362640459120
0.998218679157993
0.998777501966625
1.013353910704655
1.023534631206003
1.024170469506521
1.054932395362881
1.061104926151252
1.078833866014028
1.087648962740818
1.091617649177864
1.118447773235198
1.128906445901628
1.152921224555378
1.165912384817298
1.186955827345469
1.194556105170687
1.222373847971637
1.235447798045531
1.257189354095533
1.288138706109735
1.303364067996650
1.335886935764321
1.346198469069719
1.362313797778930
1.366701556326236
1.411503369726237
1.425885064907339
1.457185847261655
1.467386559694600
1.473696591297964
1.506877617903249
1.521911592659637
1.524056752459471
1.552965058029179
1.562019837632069
1.562069286817793
1.584119085136598
1.597616889435519
1.598709951779420
1.660177875694847
1.689222043459767
1.701368525522041
1.708110786053502
1.711682828882997
1.721196773587146
1.734551986667275
1.778637039477374
1.858370506895557
1.934506061227621
1.963758734077045
1.995372795079404
2.001300533004102
2.007759492286989
2.069080421090589
2.070556037163349
2.129454275121543
2.133472912264940
2.162549772819413
2.170858086523745
2.170859668305568
2.209413503641661
2.210379814026751
2.279981589742733
2.309601661227933
2.322919978739406
2.349642194568258
2.364585000903880
2.685566253189549
2.734592527127842
2.799195408815934
2.836427772222338
2.876622692520963
2.970441038131622
Davidson lowest eigenvalues at each iteration: 12
0.271151367009087
0.146793609144048
-0.073880346213070
-0.073880346213070
-0.073880346213069
-0.073880346213070
-0.073880346213070
-0.073880346213070
-0.073880346213070
-0.073880346213069
-0.073880346213070
-0.073880346213069

                            End of Section: Vectors                            

--------------------------------------------------------------------------------

                                    Matrices                                    

--------------------------------------------------------------------------------

Occupied States: 49 x 2
         4         8
         5         6
         5         7
         5         8
         5         9
         5        10
         6         5
         6         6
         6         7
         6         8
         6         9
         6        10
         6        11
         7         5
         7         6
         7         7
         7         8
         7         9
         7        10
         7        11
         8         4
         8         5
         8         6
         8         7
         8         8
         8         9
         8        10
         8        11
         8        12
         9         5
         9         6
         9         7
         9         8
         9         9
         9        10
         9        11
        10         5
        10         6
        10         7
        10         8
        10         9
        10        10
        10        11
        11         6
        11         7
        11         8
        11         9
        11        10
        12         8
Virtual States: 207 x 2
         0         0
         0         1
         0         2
         0         3
         0         4
         0         5
         0         6
         0         7
         0         8
         0         9
         0        10
         0        11
         0        12
         0        13
         0        14
         0        15
         1         0
         1         1
         1         2
         1         3
         1         4
         1         5
         1         6
         1         7
         1         8
         1         9
         1        10
         1        11
         1        12
         1        13
         1        14
         1        15
         2         0
         2         1
         2         2
         2         3
         2         4
         2         5
         2         6
         2         7
         2         8
         2         9
         2        10
         2        11
         2        12
         2        13
         2        14
         2        15
         3         0
         3         1
         3         2
         3         3
         3         4
         3         5
         3         6
         3         7
         3         8
         3         9
         3        10
         3        11
         3        12
         3        13
         3        14
         3        15
         4         0
         4         1
         4         2
         4         3
         4         4
         4         5
         4         6
         4         7
         4         9
         4        10
         4        11
         4        12
         4        13
         4        14
         4        15
         5         0
         5         1
         5         2
         5         3
         5         4
         5         5
         5        11
         5        12
         5        13
         5        14
         5        15
         6         0
         6         1
         6         2
         6         3
         6         4
         6        12
         6        13
         6        14
         6        15
         7         0
         7         1
         7         2
         7         3
         7         4
         7        12
         7        13
         7        14
         7        15
         8         0
         8         1
         8         2
         8         3
         8        13
         8        14
         8        15
         9         0
         9         1
         9         2
         9         3
         9         4
         9        12
         9        13
         9        14
         9        15
        10         0
        10         1
        10         2
        10         3
        10         4
        10        12
        10        13
        10        14
        10        15
        11         0
        11         1
        11         2
        11         3
        11         4
        11         5
        11        11
        11        12
        11        13
        11        14
        11        15
        12         0
        12         1
        12         2
        12         3
        12         4
        12         5
        12         6
        12         7
        12         9
        12        10
        12        11
        12        12
        12        13
        12        14
        12        15
        13         0
        13         1
        13         2
        13         3
        13         4
        13         5
        13         6
        13         7
        13         8
        13         9
        13        10
        13        11
        13        12
        13        13
        13        14
        13        15
        14         0
        14         1
        14         2
        14         3
        14         4
        14         5
        14         6
        14         7
        14         8
        14         9
        14        10
        14        11
        14        12
        14        13
        14        14
        14        15
        15         0
        15         1
        15         2
        15         3
        15         4
        15         5
        15         6
        15         7
        15         8
        15         9
        15        10
        15        11
        15        12
        15        13
        15        14
        15        15
Excitations: 455 x 2
            0          167
            0          183
            0          199
            0            8
            0           24
            0           40
            0           56
            1          150
            1          165
            1          181
            1          197
            1            6
            1           22
            1           38
            1           54
            1           70
            2          151
            2          166
            2          182
            2          198
            2            7
            2           23
            2           39
            2           55
            2           71
            3          167
            3          183
            3          199
            3            8
            3           24
            3           40
            3           56
            4          152
            4          168
            4          184
            4          200
            4            9
            4           25
            4           41
            4           57
            4           72
            5          153
            5          169
            5          185
            5          201
            5           10
            5           26
            5           42
            5           58
            5           73
            6          138
            6          149
            6          164
            6          180
            6          196
            6            5
            6           21
            6           37
            6           53
            6           69
            6           84
            7          150
            7          165
            7          181
            7          197
            7            6
            7           22
            7           38
            7           54
            7           70
            8          151
            8          166
            8          182
            8          198
            8            7
            8           23
            8           39
            8           55
            8           71
            9          167
            9          183
            9          199
            9            8
            9           24
            9           40
            9           56
           10          152
           10          168
           10          184
           10          200
           10            9
           10           25
           10           41
           10           57
           10           72
           11          153
           11          169
           11          185
           11          201
           11           10
           11           26
           11           42
           11           58
           11           73
           12          139
           12          154
           12          170
           12          186
           12          202
           12           11
           12           27
           12           43
           12           59
           12           74
           12           85
           13          138
           13          149
           13          164
           13          180
           13          196
           13            5
           13           21
           13           37
           13           53
           13           69
           13           84
           14          150
           14          165
           14          181
           14          197
           14            6
           14           22
           14           38
           14           54
           14           70
           15          151
           15          166
           15          182
           15          198
           15            7
           15           23
           15           39
           15           55
           15           71
           16          167
           16          183
           16          199
           16            8
           16           24
           16           40
           16           56
           17          152
           17          168
           17          184
           17          200
           17            9
           17           25
           17           41
           17           57
           17           72
           18          153
           18          169
           18          185
           18          201
           18           10
           18           26
           18           42
           18           58
           18           73
           19          139
           19          154
           19          170
           19          186
           19          202
           19           11
           19           27
           19           43
           19           59
           19           74
           19           85
           20          119
           20          128
           20          137
           20          148
           20          163
           20          179
           20          195
           20            4
           20           20
           20           36
           20           52
           20           68
           20           83
           20           94
           20          103
           21          138
           21          149
           21          164
           21          180
           21          196
           21            5
           21           21
           21           37
           21           53
           21           69
           21           84
           22          150
           22          165
           22          181
           22          197
           22            6
           22           22
           22           38
           22           54
           22           70
           23          151
           23          166
           23          182
           23          198
           23            7
           23           23
           23           39
           23           55
           23           71
           24          167
           24          183
           24          199
           24            8
           24           24
           24           40
           24           56
           25          152
           25          168
           25          184
           25          200
           25            9
           25           25
           25           41
           25           57
           25           72
           26          153
           26          169
           26          185
           26          201
           26           10
           26           26
           26           42
           26           58
           26           73
           27          139
           27          154
           27          170
           27          186
           27          202
           27           11
           27           27
           27           43
           27           59
           27           74
           27           85
           28          120
           28          129
           28          140
           28          155
           28          171
           28          187
           28          203
           28           12
           28           28
           28           44
           28           60
           28           75
           28           86
           28           95
           28          104
           29          138
           29          149
           29          164
           29          180
           29          196
           29            5
           29           21
           29           37
           29           53
           29           69
           29           84
           30          150
           30          165
           30          181
           30          197
           30            6
           30           22
           30           38
           30           54
           30           70
           31          151
           31          166
           31          182
           31          198
           31            7
           31           23
           31           39
           31           55
           31           71
           32          167
           32          183
           32          199
           32            8
           32           24
           32           40
           32           56
           33          152
           33          168
           33          184
           33          200
           33            9
           33           25
           33           41
           33           57
           33           72
           34          153
           34          169
           34          185
           34          201
           34           10
           34           26
           34           42
           34           58
           34           73
           35          139
           35          154
           35          170
           35          186
           35          202
           35           11
           35           27
           35           43
           35           59
           35           74
           35           85
           36          138
           36          149
           36          164
           36          180
           36          196
           36            5
           36           21
           36           37
           36           53
           36           69
           36           84
           37          150
           37          165
           37          181
           37          197
           37            6
           37           22
           37           38
           37           54
           37           70
           38          151
           38          166
           38          182
           38          198
           38            7
           38           23
           38           39
           38           55
           38           71
           39          167
           39          183
           39          199
           39            8
           39           24
           39           40
           39           56
           40          152
           40          168
           40          184
           40          200
           40            9
           40           25
           40           41
           40           57
           40           72
           41          153
           41          169
           41          185
           41          201
           41           10
           41           26
           41           42
           41           58
           41           73
           42          139
           42          154
           42          170
           42          186
           42          202
           42           11
           42           27
           42           43
           42           59
           42           74
           42           85
           43          150
           43          165
           43          181
           43          197
           43            6
           43           22
           43           38
           43           54
           43           70
           44          151
           44          166
           44          182
           44          198
           44            7
           44           23
           44           39
           44           55
           44           71
           45          167
           45          183
           45          199
           45            8
           45           24
           45           40
           45           56
           46          152
           46          168
           46          184
           46          200
           46            9
           46           25
           46           41
           46           57
           46           72
           47          153
           47          169
           47          185
           47          201
           47           10
           47           26
           47           42
           47           58
           47           73
           48          167
           48          183
           48          199
           48            8
           48           24
           48           40
           48           56

                            End of Section: Matrices                            

--------------------------------------------------------------------------------

                              Calculation Details                              

--------------------------------------------------------------------------------

Davidson_Stopping_Criteria = All requested norms below tolerance

                      End of Section: Calculation Details                      

################################################################################

                              End of Output File.                              

################################################################################
