################################################################################

            Output File for HFS, the Hartree-Fock Stability Program            
                              Author: Evan Curtin                              
             Institution: University of Illinois @ Urbana-Champaign             
                          email: ecurtin2@illinois.edu                          
                       Built on Nov  2 2016, at 17:06:03                       

################################################################################

                Computation Started : Thu Nov  3 11:35:50 2016
                
                Computation Finished: Thu Nov  3 11:37:49 2016
                
                     Total Elapsed Time = 118.323 seconds.                     

--------------------------------------------------------------------------------

                                     Input                                     

--------------------------------------------------------------------------------

Nk = 24
ndim = 2
rs = 1.200000047683716

                             End of Section: Input                             

--------------------------------------------------------------------------------

                                     Output                                     

--------------------------------------------------------------------------------

deltaK = 0.204958581635370
kf = 1.178511255147749
kmax = 2.357023688806754
Nocc = 112
Nvir = 417
Nexc = 1440
ground_state_degeneracy = 8
dav_its = 8
num_guess_evecs = 1
Dav_blocksize = 1
Dav_Num_evals = 1
Mv_time = 0.036919428000000
cond_number = 34.223350537924453
Dav_nconv = 1
Davidson Tolerance = 1.00e-06
Dav_maxits = 50
Dav_maxsubsize = 1000
Dav_final_val = 0.029154537562009
Dav_time = 4.242163270000000
full_diag_min = 0.029154537562005
full_diag_time = 114.035200289000002

                             End of Section: Output                             

--------------------------------------------------------------------------------

                                    Vectors                                    

--------------------------------------------------------------------------------

Occ Energies: 112
-0.001694415365589
-0.074722015436353
-0.074722015436353
-0.001694415365589
-0.000484995952322
-0.198880856852388
-0.334894023630651
-0.401838516129806
-0.401838516129806
-0.334894023630651
-0.198880856852388
-0.000484995952322
-0.000484995952322
-0.271353576397757
-0.462179237838039
-0.586329840908067
-0.647993816933468
-0.647993816933468
-0.586329840908067
-0.462179237838040
-0.271353576397757
-0.000484995952322
-0.198880856852388
-0.462179237838039
-0.647268745909684
-0.767610608896508
-0.827165489497264
-0.827165489497264
-0.767610608896508
-0.647268745909684
-0.462179237838040
-0.198880856852388
-0.001694415365589
-0.334894023630651
-0.586329840908067
-0.767610608896508
-0.885974657958398
-0.944564411687968
-0.944564411687968
-0.885974657958398
-0.767610608896508
-0.586329840908067
-0.334894023630651
-0.001694415365589
-0.074722015436353
-0.401838516129806
-0.647993816933468
-0.827165489497264
-0.944564411687968
-1.002732059187313
-1.002732059187313
-0.944564411687968
-0.827165489497264
-0.647993816933468
-0.401838516129806
-0.074722015436353
-0.074722015436353
-0.401838516129806
-0.647993816933468
-0.827165489497264
-0.944564411687968
-1.002732059187313
-1.002732059187313
-0.944564411687968
-0.827165489497264
-0.647993816933468
-0.401838516129806
-0.074722015436353
-0.001694415365589
-0.334894023630651
-0.586329840908067
-0.767610608896507
-0.885974657958398
-0.944564411687968
-0.944564411687968
-0.885974657958398
-0.767610608896507
-0.586329840908067
-0.334894023630651
-0.001694415365589
-0.198880856852388
-0.462179237838039
-0.647268745909684
-0.767610608896507
-0.827165489497264
-0.827165489497264
-0.767610608896507
-0.647268745909684
-0.462179237838039
-0.198880856852388
-0.000484995952323
-0.271353576397757
-0.462179237838039
-0.586329840908067
-0.647993816933468
-0.647993816933467
-0.586329840908067
-0.462179237838039
-0.271353576397757
-0.000484995952323
-0.000484995952322
-0.198880856852388
-0.334894023630650
-0.401838516129806
-0.401838516129806
-0.334894023630650
-0.198880856852388
-0.000484995952323
-0.001694415365589
-0.074722015436353
-0.074722015436353
-0.001694415365589
Vir Energies: 417
5.288486726989635
4.824525220917743
4.398859963175015
4.011918745945323
3.664220544580647
3.356362852742466
3.089548341903145
2.865198701122102
2.684374644795061
2.547830972480079
2.456298257349523
2.410366064440394
2.410366064440394
2.456298257349523
2.547830972480079
2.684374644795061
2.865198701122102
3.089548341903145
3.356362852742466
3.664220544580647
4.011918745945323
4.398859963175014
4.824525220917744
4.824525220917743
4.360505670806869
3.934664645963225
3.547425918215089
3.199304353291848
2.890898032138776
2.623422449962738
2.398340679507524
2.216773592457955
2.079546905114841
1.987481400058409
1.941255214421929
1.941255214421929
1.987481400058409
2.079546905114841
2.216773592457954
2.398340679507524
2.623422449962738
2.890898032138775
3.199304353291848
3.547425918215089
3.934664645963224
4.360505670806870
4.398859963175016
3.934664645963225
3.508290323897450
3.120145082179145
2.770725414380280
2.460623254033639
2.191084335175011
1.963690409021878
1.779742179974278
1.640288596117067
1.546457652268646
1.499248109399004
1.499248109399004
1.546457652268646
1.640288596117067
1.779742179974277
1.963690409021877
2.191084335175011
2.460623254033639
2.770725414380280
3.120145082179145
3.508290323897449
3.934664645963225
4.011918745945323
3.547425918215089
3.120145082179145
2.730444847499086
2.378767992081906
2.065664263515399
1.792405587076793
1.560748073032118
1.372271913163730
1.228409584832863
1.130941910022848
1.081672476176908
1.081672476176908
1.130941910022848
1.228409584832863
1.372271913163730
1.560748073032119
1.792405587076793
2.065664263515399
2.378767992081906
2.730444847499086
3.120145082179145
3.547425918215090
3.664220544580648
3.199304353291849
2.770725414380281
2.378767992081906
2.023744953520678
1.706061498874822
1.426936784556288
1.188296963462232
0.992073526316368
0.840069379408756
0.735237418409388
0.681798639841168
0.681798639841169
0.735237418409388
0.840069379408756
0.992073526316368
1.188296963462232
1.426936784556288
1.706061498874822
2.023744953520679
2.378767992081906
2.770725414380280
3.199304353291850
3.356362852742466
2.890898032138776
2.460623254033639
2.065664263515399
1.706061498874822
1.381847284220102
1.093867334471274
0.843934047330226
0.634618285964743
0.467192957495757
0.343178942910433
0.280979931865743
0.280979931865743
0.343178942910433
0.467192957495757
0.634618285964743
0.843934047330226
1.093867334471274
1.381847284220102
1.706061498874822
2.065664263515399
2.460623254033639
2.890898032138776
3.089548341903145
2.623422449962738
2.191084335175011
1.792405587076793
1.426936784556288
1.093867334471274
0.792699981034466
0.523175684674659
0.288042372522110
0.098035683236110
0.098035683236110
0.288042372522109
0.523175684674658
0.792699981034466
1.093867334471273
1.426936784556288
1.792405587076793
2.191084335175010
2.623422449962739
2.865198701122102
2.398340679507524
1.963690409021877
1.560748073032118
1.188296963462232
0.843934047330226
0.523175684674658
0.219255567158171
0.219255567158171
0.523175684674659
0.843934047330226
1.188296963462232
1.560748073032118
1.963690409021877
2.398340679507524
2.684374644795061
2.216773592457955
1.779742179974278
1.372271913163730
0.992073526316368
0.634618285964743
0.288042372522110
0.288042372522110
0.634618285964743
0.992073526316368
1.372271913163730
1.779742179974277
2.216773592457955
2.547830972480079
2.079546905114841
1.640288596117067
1.228409584832863
0.840069379408756
0.467192957495757
0.098035683236110
0.098035683236110
0.467192957495757
0.840069379408756
1.228409584832863
1.640288596117066
2.079546905114841
2.456298257349523
1.987481400058409
1.546457652268646
1.130941910022848
0.735237418409388
0.343178942910433
0.343178942910432
0.735237418409388
1.130941910022848
1.546457652268645
1.987481400058410
2.410366064440393
1.941255214421929
1.499248109399003
1.081672476176909
0.681798639841169
0.280979931865743
0.280979931865742
0.681798639841169
1.081672476176908
1.499248109399003
1.941255214421929
2.410366064440394
1.941255214421929
1.499248109399004
1.081672476176908
0.681798639841169
0.280979931865743
0.280979931865742
0.681798639841169
1.081672476176908
1.499248109399003
1.941255214421930
2.456298257349523
1.987481400058409
1.546457652268646
1.130941910022848
0.735237418409388
0.343178942910433
0.343178942910432
0.735237418409388
1.130941910022848
1.546457652268645
1.987481400058410
2.547830972480079
2.079546905114841
1.640288596117067
1.228409584832863
0.840069379408756
0.467192957495757
0.098035683236110
0.098035683236110
0.467192957495757
0.840069379408756
1.228409584832863
1.640288596117066
2.079546905114842
2.684374644795061
2.216773592457954
1.779742179974277
1.372271913163730
0.992073526316368
0.634618285964743
0.288042372522109
0.288042372522109
0.634618285964742
0.992073526316368
1.372271913163730
1.779742179974277
2.216773592457955
2.865198701122102
2.398340679507524
1.963690409021877
1.560748073032118
1.188296963462232
0.843934047330226
0.523175684674659
0.219255567158171
0.219255567158171
0.523175684674659
0.843934047330226
1.188296963462232
1.560748073032119
1.963690409021877
2.398340679507525
3.089548341903145
2.623422449962738
2.191084335175011
1.792405587076793
1.426936784556288
1.093867334471274
0.792699981034466
0.523175684674659
0.288042372522110
0.098035683236110
0.098035683236110
0.288042372522110
0.523175684674659
0.792699981034466
1.093867334471273
1.426936784556288
1.792405587076793
2.191084335175010
2.623422449962739
3.356362852742466
2.890898032138775
2.460623254033639
2.065664263515399
1.706061498874822
1.381847284220102
1.093867334471273
0.843934047330226
0.634618285964743
0.467192957495757
0.343178942910432
0.280979931865742
0.280979931865742
0.343178942910432
0.467192957495757
0.634618285964742
0.843934047330226
1.093867334471274
1.381847284220101
1.706061498874822
2.065664263515399
2.460623254033639
2.890898032138776
3.664220544580647
3.199304353291848
2.770725414380280
2.378767992081906
2.023744953520678
1.706061498874822
1.426936784556288
1.188296963462232
0.992073526316368
0.840069379408756
0.735237418409388
0.681798639841169
0.681798639841169
0.735237418409388
0.840069379408756
0.992073526316368
1.188296963462232
1.426936784556288
1.706061498874822
2.023744953520678
2.378767992081906
2.770725414380280
3.199304353291849
4.011918745945323
3.547425918215089
3.120145082179145
2.730444847499086
2.378767992081906
2.065664263515399
1.792405587076793
1.560748073032119
1.372271913163730
1.228409584832863
1.130941910022848
1.081672476176908
1.081672476176908
1.130941910022848
1.228409584832863
1.372271913163730
1.560748073032118
1.792405587076793
2.065664263515399
2.378767992081906
2.730444847499086
3.120145082179145
3.547425918215090
4.398859963175014
3.934664645963224
3.508290323897449
3.120145082179145
2.770725414380280
2.460623254033639
2.191084335175010
1.963690409021877
1.779742179974277
1.640288596117066
1.546457652268645
1.499248109399003
1.499248109399003
1.546457652268645
1.640288596117066
1.779742179974277
1.963690409021877
2.191084335175010
2.460623254033638
2.770725414380280
3.120145082179145
3.508290323897449
3.934664645963225
4.824525220917744
4.360505670806870
3.934664645963225
3.547425918215090
3.199304353291849
2.890898032138776
2.623422449962739
2.398340679507525
2.216773592457955
2.079546905114841
1.987481400058410
1.941255214421930
1.941255214421930
1.987481400058410
2.079546905114842
2.216773592457955
2.398340679507525
2.623422449962739
2.890898032138776
3.199304353291849
3.547425918215090
3.934664645963225
4.360505670806871
Excitation Energies: 1440
0.099730098601699
0.099730098601699
0.099730098601699
0.099730098601699
0.099730098601699
0.099730098601699
0.099730098601699
0.099730098601699
0.172757698672462
0.172757698672463
0.172757698672463
0.172757698672463
0.172757698672463
0.172757698672463
0.172757698672463
0.172757698672463
0.219740563110493
0.219740563110493
0.219740563110493
0.219740563110494
0.219740563110494
0.219740563110494
0.219740563110494
0.219740563110494
0.288527368474432
0.288527368474432
0.288527368474432
0.288527368474432
0.288527368474432
0.288527368474432
0.288527368474432
0.288527368474432
0.289736787887698
0.289736787887699
0.289736787887699
0.289736787887699
0.289736787887699
0.289736787887699
0.289736787887699
0.289736787887699
0.296916540088498
0.296916540088498
0.296916540088498
0.296916540088498
0.296916540088498
0.296916540088498
0.296916540088498
0.296916540088498
0.344873358276021
0.344873358276021
0.344873358276022
0.344873358276022
0.344873358276022
0.344873358276022
0.344873358276022
0.344873358276022
0.355701947302095
0.355701947302095
0.355701947302095
0.355701947302095
0.355701947302095
0.355701947302095
0.355701947302096
0.355701947302096
0.362764387958462
0.362764387958462
0.362764387958462
0.362764387958462
0.362764387958463
0.362764387958463
0.362764387958463
0.362764387958463
0.418136424010559
0.418136424010559
0.418136424010559
0.418136424010559
0.418136424010560
0.418136424010560
0.418136424010560
0.418136424010560
0.523660680626981
0.523660680626981
0.523660680626981
0.523660680626981
0.523660680626981
0.523660680626981
0.523660680626981
0.523660680626981
0.524870100040248
0.524870100040248
0.524870100040248
0.524870100040248
0.524870100040248
0.524870100040248
0.524870100040248
0.524870100040248
0.554149590788822
0.554149590788822
0.554149590788822
0.554149590788822
0.554149590788822
0.554149590788822
0.554149590788822
0.554149590788822
0.559395948919866
0.559395948919866
0.559395948919866
0.559395948919867
0.559395948919867
0.559395948919867
0.559395948919867
0.559395948919867
0.560214921074149
0.560214921074149
0.560214921074149
0.560214921074149
0.560214921074149
0.560214921074149
0.560214921074149
0.560214921074150
0.597897700111011
0.597897700111012
0.597897700111012
0.597897700111012
0.597897700111012
0.597897700111012
0.597897700111012
0.597897700111012
0.621094083287977
0.621094083287977
0.621094083287977
0.621094083287977
0.621094083287977
0.621094083287978
0.621094083287978
0.621094083287978
0.635103281917065
0.635103281917065
0.635103281917065
0.635103281917065
0.635103281917065
0.635103281917065
0.635103281917065
0.635103281917066
0.666073814348145
0.666073814348145
0.666073814348145
0.666073814348145
0.666073814348145
0.666073814348145
0.666073814348145
0.666073814348145
0.678072966541083
0.678072966541083
0.678072966541083
0.678072966541083
0.678072966541083
0.678072966541083
0.678072966541084
0.678072966541084
0.682818447995548
0.682818447995548
0.682818447995548
0.682818447995548
0.682818447995549
0.682818447995549
0.682818447995549
0.682818447995549
0.722056541527047
0.722056541527047
0.722056541527047
0.722056541527047
0.722056541527047
0.722056541527047
0.722056541527047
0.722056541527047
0.736931833774977
0.736931833774977
0.736931833774977
0.736931833774977
0.736931833774977
0.736931833774977
0.736931833774977
0.736931833774977
0.745304429145793
0.745304429145794
0.745304429145794
0.745304429145794
0.745304429145794
0.745304429145794
0.745304429145794
0.745304429145794
0.750221610360149
0.750221610360149
0.750221610360149
0.750221610360149
0.750221610360149
0.750221610360149
0.750221610360149
0.750221610360149
0.756520655277521
0.756520655277521
0.756520655277521
0.756520655277521
0.756520655277521
0.756520655277521
0.756520655277522
0.756520655277522
0.794394396400055
0.794394396400055
0.794394396400055
0.794394396400055
0.794394396400055
0.794394396400055
0.794394396400055
0.794394396400055
0.844419043282548
0.844419043282548
0.844419043282548
0.844419043282548
0.844419043282549
0.844419043282549
0.844419043282549
0.844419043282549
0.858069708305309
0.858069708305309
0.858069708305309
0.858069708305309
0.858069708305309
0.858069708305309
0.858069708305310
0.858069708305310
0.865646292132617
0.865646292132617
0.865646292132617
0.865646292132617
0.865646292132617
0.865646292132618
0.865646292132618
0.865646292132618
0.867421996470819
0.867421996470819
0.867421996470819
0.867421996470819
0.867421996470819
0.867421996470819
0.867421996470819
0.867421996470819
0.874372213430176
0.874372213430177
0.874372213430177
0.874372213430177
0.874372213430177
0.874372213430177
0.874372213430177
0.874372213430177
0.905971862362499
0.905971862362499
0.905971862362500
0.905971862362500
0.905971862362500
0.905971862362500
0.905971862362500
0.905971862362500
0.925014200804464
0.925014200804465
0.925014200804465
0.925014200804465
0.925014200804465
0.925014200804465
0.925014200804465
0.925014200804465
0.925201172733374
0.925201172733374
0.925201172733374
0.925201172733374
0.925201172733374
0.925201172733374
0.925201172733374
0.925201172733374
0.928973748799210
0.928973748799210
0.928973748799210
0.928973748799210
0.928973748799210
0.928973748799210
0.928973748799211
0.928973748799211
0.929372195333796
0.929372195333796
0.929372195333796
0.929372195333796
0.929372195333796
0.929372195333796
0.929372195333796
0.929372195333797
0.929508783818499
0.929508783818499
0.929508783818500
0.929508783818500
0.929508783818500
0.929508783818500
0.929508783818500
0.929508783818500
0.936036189455577
0.936036189455577
0.936036189455577
0.936036189455578
0.936036189455578
0.936036189455578
0.936036189455578
0.936036189455578
0.992558522268690
0.992558522268690
0.992558522268690
0.992558522268690
0.992558522268691
0.992558522268691
0.992558522268691
0.992558522268691
1.038950236261143
1.038950236261143
1.038950236261144
1.038950236261144
1.038950236261144
1.038950236261144
1.038950236261144
1.038950236261144
1.042814904182614
1.042814904182614
1.042814904182614
1.042814904182614
1.042814904182614
1.042814904182614
1.042814904182614
1.042814904182614
1.070131442040038
1.070131442040038
1.070131442040038
1.070131442040038
1.070131442040039
1.070131442040039
1.070131442040039
1.070131442040039
1.083637155970974
1.083637155970974
1.083637155970974
1.083637155970974
1.083637155970975
1.083637155970975
1.083637155970975
1.083637155970975
1.095561749836863
1.095561749836863
1.095561749836863
1.095561749836863
1.095561749836863
1.095561749836863
1.095561749836863
1.095561749836863
1.096797523802782
1.096797523802782
1.096797523802782
1.096797523802782
1.096797523802782
1.096797523802782
1.096797523802783
1.096797523802783
1.108145421363006
1.108145421363006
1.108145421363006
1.108145421363006
1.108145421363007
1.108145421363007
1.108145421363007
1.108145421363007
1.110789551806940
1.110789551806940
1.110789551806940
1.110789551806940
1.110789551806940
1.110789551806940
1.110789551806941
1.110789551806941
1.114461703405440
1.114461703405440
1.114461703405440
1.114461703405440
1.114461703405441
1.114461703405441
1.114461703405441
1.114461703405441
1.132636325388437
1.132636325388437
1.132636325388437
1.132636325388437
1.132636325388437
1.132636325388437
1.132636325388437
1.132636325388437
1.156394491613261
1.156394491613261
1.156394491613261
1.156394491613261
1.156394491613261
1.156394491613261
1.156394491613261
1.156394491613261
1.168589349907626
1.168589349907627
1.168589349907627
1.168589349907627
1.168589349907627
1.168589349907627
1.168589349907627
1.168589349907627
1.178828070960877
1.178828070960877
1.178828070960877
1.178828070960877
1.178828070960877
1.178828070960877
1.178828070960877
1.178828070960877
1.188781959414554
1.188781959414554
1.188781959414554
1.188781959414554
1.188781959414554
1.188781959414554
1.188781959414554
1.188781959414554
1.220948126872810
1.220948126872810
1.220948126872810
1.220948126872810
1.220948126872810
1.220948126872810
1.220948126872810
1.220948126872810
1.225544343553710
1.225544343553710
1.225544343553711
1.225544343553711
1.225544343553711
1.225544343553711
1.225544343553711
1.225544343553711
1.229153600868830
1.229153600868830
1.229153600868830
1.229153600868830
1.229153600868831
1.229153600868831
1.229153600868831
1.229153600868831
1.234803566392264
1.234803566392264
1.234803566392264
1.234803566392264
1.234803566392265
1.234803566392265
1.234803566392265
1.234803566392265
1.245772563460032
1.245772563460032
1.245772563460032
1.245772563460033
1.245772563460033
1.245772563460033
1.245772563460033
1.245772563460033
1.263427102714125
1.263427102714125
1.263427102714125
1.263427102714125
1.263427102714125
1.263427102714125
1.263427102714125
1.263427102714125
1.282612102898210
1.282612102898210
1.282612102898210
1.282612102898211
1.282612102898211
1.282612102898211
1.282612102898211
1.282612102898211
1.283711991053055
1.283711991053055
1.283711991053055
1.283711991053055
1.283711991053056
1.283711991053056
1.283711991053056
1.283711991053056
1.287743354598400
1.287743354598401
1.287743354598401
1.287743354598401
1.287743354598401
1.287743354598401
1.287743354598401
1.287743354598401
1.294358446993021
1.294358446993021
1.294358446993021
1.294358446993021
1.294358446993021
1.294358446993021
1.294358446993021
1.294358446993021
1.302248617246795
1.302248617246795
1.302248617246795
1.302248617246795
1.302248617246795
1.302248617246795
1.302248617246795
1.302248617246795
1.321567259317455
1.321567259317455
1.321567259317455
1.321567259317455
1.321567259317455
1.321567259317455
1.321567259317455
1.321567259317455
1.329792456774636
1.329792456774636
1.329792456774636
1.329792456774636
1.329792456774636
1.329792456774637
1.329792456774637
1.329792456774637
1.372756909116052
1.372756909116052
1.372756909116052
1.372756909116053
1.372756909116053
1.372756909116053
1.372756909116053
1.372756909116053
1.387177820314620
1.387177820314620
1.387177820314620
1.387177820314620
1.387177820314620
1.387177820314620
1.387177820314620
1.387177820314620
1.427290441685250
1.427290441685250
1.427290441685251
1.427290441685251
1.427290441685251
1.427290441685251
1.427290441685251
1.427290441685251
1.428631199921877
1.428631199921877
1.428631199921877
1.428631199921877
1.428631199921877
1.428631199921877
1.428631199921877
1.428631199921878
1.454252764154407
1.454252764154407
1.454252764154407
1.454252764154407
1.454252764154407
1.454252764154408
1.454252764154408
1.454252764154408
1.465835933653498
1.465835933653498
1.465835933653498
1.465835933653498
1.465835933653499
1.465835933653499
1.465835933653499
1.465835933653499
1.483510992306714
1.483510992306714
1.483510992306714
1.483510992306714
1.483510992306715
1.483510992306715
1.483510992306715
1.483510992306715
1.487338125318439
1.487338125318439
1.487338125318439
1.487338125318439
1.487338125318439
1.487338125318439
1.487338125318440
1.487338125318440
1.501658799992641
1.501658799992641
1.501658799992641
1.501658799992641
1.501658799992641
1.501658799992641
1.501658799992641
1.501658799992641
1.502848027305895
1.502848027305895
1.502848027305895
1.502848027305895
1.502848027305896
1.502848027305896
1.502848027305896
1.502848027305896
1.508964129338432
1.508964129338433
1.508964129338433
1.508964129338433
1.508964129338433
1.508964129338433
1.508964129338433
1.508964129338433
1.523190987092882
1.523190987092882
1.523190987092882
1.523190987092882
1.523190987092883
1.523190987092883
1.523190987092883
1.523190987092883
1.548152067634234
1.548152067634234
1.548152067634234
1.548152067634234
1.548152067634235
1.548152067634235
1.548152067634235
1.548152067634235
1.561233068984440
1.561233068984440
1.561233068984441
1.561233068984441
1.561233068984441
1.561233068984441
1.561233068984441
1.561233068984441
1.573970124835355
1.573970124835355
1.573970124835356
1.573970124835356
1.573970124835356
1.573970124835356
1.573970124835356
1.573970124835356
1.578403367224435
1.578403367224435
1.578403367224435
1.578403367224435
1.578403367224436
1.578403367224436
1.578403367224436
1.578403367224436
1.590135479592037
1.590135479592037
1.590135479592038
1.590135479592038
1.590135479592038
1.590135479592038
1.590135479592038
1.590135479592038
1.607679988305263
1.607679988305263
1.607679988305263
1.607679988305263
1.607679988305263
1.607679988305263
1.607679988305263
1.607679988305263
1.621212076367786
1.621212076367786
1.621212076367786
1.621212076367786
1.621212076367786
1.621212076367786
1.621212076367786
1.621212076367786
1.626363051529137
1.626363051529137
1.626363051529137
1.626363051529137
1.626363051529137
1.626363051529137
1.626363051529137
1.626363051529137
1.640067343249835
1.640067343249836
1.640067343249836
1.640067343249836
1.640067343249836
1.640067343249836
1.640067343249836
1.640067343249836
1.643625489561487
1.643625489561487
1.643625489561487
1.643625489561487
1.643625489561487
1.643625489561487
1.643625489561487
1.643625489561487
1.667234868906020
1.667234868906020
1.667234868906020
1.667234868906020
1.667234868906020
1.667234868906020
1.667234868906020
1.667234868906020
1.679801830097356
1.679801830097356
1.679801830097356
1.679801830097356
1.679801830097356
1.679801830097356
1.679801830097356
1.679801830097356
1.684530699028481
1.684530699028482
1.684530699028482
1.684530699028482
1.684530699028482
1.684530699028482
1.684530699028482
1.684530699028482
1.690588822670902
1.690588822670902
1.690588822670902
1.690588822670902
1.690588822670902
1.690588822670902
1.690588822670902
1.690588822670902
1.717271750930915
1.717271750930915
1.717271750930915
1.717271750930915
1.717271750930915
1.717271750930915
1.717271750930915
1.717271750930915
1.729666293110376
1.729666293110376
1.729666293110376
1.729666293110376
1.729666293110376
1.729666293110376
1.729666293110376
1.729666293110376
1.759628929884506
1.759628929884506
1.759628929884506
1.759628929884507
1.759628929884507
1.759628929884507
1.759628929884507
1.759628929884507
1.780227175926599
1.780227175926599
1.780227175926600
1.780227175926600
1.780227175926600
1.780227175926600
1.780227175926600
1.780227175926600
1.794100002442382
1.794100002442382
1.794100002442382
1.794100002442382
1.794100002442382
1.794100002442382
1.794100002442382
1.794100002442382
1.834451151001769
1.834451151001769
1.834451151001769
1.834451151001769
1.834451151001769
1.834451151001769
1.834451151001770
1.834451151001770
1.839169452969454
1.839169452969454
1.839169452969454
1.839169452969454
1.839169452969454
1.839169452969455
1.839169452969455
1.839169452969455
1.867127602513146
1.867127602513146
1.867127602513146
1.867127602513146
1.867127602513146
1.867127602513146
1.867127602513146
1.867127602513146
1.875678330742546
1.875678330742546
1.875678330742546
1.875678330742546
1.875678330742546
1.875678330742546
1.875678330742547
1.875678330742547
1.881351675899295
1.881351675899295
1.881351675899296
1.881351675899296
1.881351675899296
1.881351675899296
1.881351675899297
1.881351675899297
1.895642096662769
1.895642096662769
1.895642096662769
1.895642096662769
1.895642096662769
1.895642096662769
1.895642096662770
1.895642096662770
1.898552518919355
1.898552518919355
1.898552518919355
1.898552518919355
1.898552518919356
1.898552518919356
1.898552518919356
1.898552518919356
1.901086625528809
1.901086625528809
1.901086625528809
1.901086625528809
1.901086625528809
1.901086625528809
1.901086625528810
1.901086625528810
1.908837965674172
1.908837965674172
1.908837965674172
1.908837965674172
1.908837965674173
1.908837965674173
1.908837965674173
1.908837965674173
1.958601754071797
1.958601754071797
1.958601754071797
1.958601754071797
1.958601754071797
1.958601754071797
1.958601754071797
1.958601754071797
1.962586589161924
1.962586589161925
1.962586589161925
1.962586589161925
1.962586589161925
1.962586589161925
1.962586589161925
1.962586589161925
1.964175404974199
1.964175404974199
1.964175404974200
1.964175404974200
1.964175404974200
1.964175404974200
1.964175404974200
1.964175404974200
1.989175815423998
1.989175815423998
1.989175815423998
1.989175815423998
1.989175815423999
1.989175815423999
1.989175815423999
1.989175815423999
1.996020193729370
1.996020193729370
1.996020193729370
1.996020193729370
1.996020193729370
1.996020193729370
1.996020193729370
1.996020193729370
2.015977229858282
2.015977229858282
2.015977229858282
2.015977229858282
2.015977229858283
2.015977229858283
2.015977229858283
2.015977229858283
2.016916567981246
2.016916567981246
2.016916567981246
2.016916567981246
2.016916567981246
2.016916567981246
2.016916567981246
2.016916567981246
2.020265730097198
2.020265730097198
2.020265730097198
2.020265730097198
2.020265730097198
2.020265730097198
2.020265730097198
2.020265730097198
2.026236887864876
2.026236887864876
2.026236887864877
2.026236887864877
2.026236887864877
2.026236887864877
2.026236887864877
2.026236887864877
2.051095756372034
2.051095756372034
2.051095756372034
2.051095756372034
2.051095756372034
2.051095756372034
2.051095756372034
2.051095756372035
2.055575074330127
2.055575074330127
2.055575074330127
2.055575074330127
2.055575074330127
2.055575074330127
2.055575074330127
2.055575074330127
2.075506321710816
2.075506321710816
2.075506321710816
2.075506321710816
2.075506321710816
2.075506321710816
2.075506321710816
2.075506321710816
2.084404535364222
2.084404535364222
2.084404535364222
2.084404535364222
2.084404535364222
2.084404535364222
2.084404535364222
2.084404535364222
2.102467833955106
2.102467833955106
2.102467833955106
2.102467833955106
2.102467833955106
2.102467833955106
2.102467833955106
2.102467833955106
2.132787493176712
2.132787493176712
2.132787493176712
2.132787493176712
2.132787493176712
2.132787493176712
2.132787493176713
2.132787493176713
2.147241926332470
2.147241926332470
2.147241926332471
2.147241926332471
2.147241926332471
2.147241926332471
2.147241926332471
2.147241926332471
2.162571265874265
2.162571265874265
2.162571265874265
2.162571265874266
2.162571265874266
2.162571265874266
2.162571265874266
2.162571265874266
2.192778750540600
2.192778750540600
2.192778750540600
2.192778750540600
2.192778750540600
2.192778750540600
2.192778750540600
2.192778750540600
2.217258588410277
2.217258588410277
2.217258588410277
2.217258588410277
2.217258588410278
2.217258588410278
2.217258588410278
2.217258588410278
2.241921417812316
2.241921417812316
2.241921417812317
2.241921417812317
2.241921417812317
2.241921417812317
2.241921417812317
2.241921417812317
2.265806350611363
2.265806350611363
2.265806350611363
2.265806350611363
2.265806350611364
2.265806350611364
2.265806350611364
2.265806350611364
2.278427761967228
2.278427761967229
2.278427761967229
2.278427761967229
2.278427761967230
2.278427761967230
2.278427761967230
2.278427761967230
2.287557342026750
2.287557342026750
2.287557342026750
2.287557342026751
2.287557342026751
2.287557342026751
2.287557342026751
2.287557342026751
2.298584432652528
2.298584432652528
2.298584432652528
2.298584432652528
2.298584432652528
2.298584432652528
2.298584432652528
2.298584432652529
2.314068261165152
2.314068261165152
2.314068261165153
2.314068261165153
2.314068261165153
2.314068261165153
2.314068261165153
2.314068261165153
2.322375423689059
2.322375423689059
2.322375423689060
2.322375423689060
2.322375423689060
2.322375423689060
2.322375423689061
2.322375423689061
2.326413598896267
2.326413598896267
2.326413598896267
2.326413598896267
2.326413598896267
2.326413598896268
2.326413598896268
2.326413598896268
2.343093730551734
2.343093730551734
2.343093730551735
2.343093730551735
2.343093730551735
2.343093730551735
2.343093730551736
2.343093730551736
2.365528925151683
2.365528925151683
2.365528925151684
2.365528925151684
2.365528925151684
2.365528925151684
2.365528925151684
2.365528925151684
2.366072020882344
2.366072020882344
2.366072020882345
2.366072020882345
2.366072020882345
2.366072020882345
2.366072020882345
2.366072020882345
2.398825675459846
2.398825675459846
2.398825675459846
2.398825675459847
2.398825675459847
2.398825675459847
2.398825675459847
2.398825675459848
2.407899205013574
2.407899205013574
2.407899205013574
2.407899205013574
2.407899205013574
2.407899205013574
2.407899205013575
2.407899205013575
2.427735996907745
2.427735996907745
2.427735996907745
2.427735996907745
2.427735996907745
2.427735996907745
2.427735996907746
2.427735996907746
2.432432310227043
2.432432310227043
2.432432310227043
2.432432310227043
2.432432310227044
2.432432310227044
2.432432310227044
2.432432310227044
2.443812521086971
2.443812521086971
2.443812521086971
2.443812521086971
2.443812521086972
2.443812521086972
2.443812521086972
2.443812521086972
2.457992672715112
2.457992672715112
2.457992672715112
2.457992672715112
2.467454085614330
2.467454085614330
2.467454085614331
2.467454085614331
2.467454085614331
2.467454085614331
2.467454085614331
2.467454085614331
2.485088079876746
2.485088079876746
2.485088079876746
2.485088079876747
2.488127168855711
2.488127168855711
2.488127168855711
2.488127168855712
2.488127168855712
2.488127168855712
2.488127168855712
2.488127168855713
2.491022063956613
2.491022063956613
2.491022063956613
2.491022063956613
2.491022063956614
2.491022063956614
2.491022063956614
2.491022063956614
2.501980168586316
2.501980168586316
2.501980168586316
2.501980168586316
2.501980168586317
2.501980168586317
2.501980168586317
2.501980168586317
2.541726142952880
2.541726142952880
2.541726142952880
2.541726142952880
2.541726142952881
2.541726142952881
2.541726142952881
2.541726142952881
2.573811240966476
2.573811240966476
2.573811240966476
2.573811240966476
2.573811240966477
2.573811240966477
2.573811240966477
2.573811240966477
2.589249031355396
2.589249031355396
2.589249031355397
2.589249031355397
2.589249031355397
2.589249031355397
2.589249031355398
2.589249031355398
2.597221536359912
2.597221536359912
2.597221536359912
2.597221536359912
2.597221536359913
2.597221536359913
2.597221536359913
2.597221536359913
2.625116865328327
2.625116865328327
2.625116865328327
2.625116865328327
2.625116865328328
2.625116865328328
2.625116865328328
2.625116865328328
2.678952830295994
2.678952830295994
2.678952830295994
2.678952830295994
2.678952830295994
2.678952830295994
2.678952830295995
2.678952830295995
2.684859640747383
2.684859640747383
2.684859640747383
2.684859640747384
2.698144465399091
2.698144465399091
2.698144465399091
2.698144465399091
2.698144465399092
2.698144465399092
2.698144465399092
2.698144465399092
2.726815651024524
2.726815651024524
2.726815651024524
2.726815651024524
2.726815651024525
2.726815651024525
2.726815651024525
2.726815651024526
2.733234703138174
2.733234703138174
2.733234703138175
2.733234703138175
2.733234703138175
2.733234703138175
2.733234703138176
2.733234703138176
2.746711829332467
2.746711829332467
2.746711829332467
2.746711829332467
2.755092008954916
2.755092008954916
2.755092008954917
2.755092008954917
2.755092008954917
2.755092008954917
2.755092008954918
2.755092008954918
2.768420703919193
2.768420703919193
2.768420703919193
2.768420703919193
2.768420703919194
2.768420703919194
2.768420703919194
2.768420703919194
2.791192280980173
2.791192280980173
2.791192280980174
2.791192280980174
2.800179195637329
2.800179195637330
2.800179195637330
2.800179195637330
2.800179195637330
2.800179195637331
2.800179195637331
2.800179195637331
2.803103433366021
2.803103433366021
2.803103433366022
2.803103433366022
2.803103433366022
2.803103433366022
2.803103433366023
2.803103433366023
2.812204580570199
2.812204580570199
2.812204580570200
2.812204580570200
2.847157514011348
2.847157514011348
2.847157514011348
2.847157514011348
2.847157514011349
2.847157514011349
2.847157514011349
2.847157514011349
2.864767409391422
2.864767409391422
2.864767409391423
2.864767409391423
2.864767409391423
2.864767409391423
2.864767409391423
2.864767409391423
2.865683697074424
2.865683697074424
2.865683697074425
2.865683697074425
2.873456058016807
2.873456058016807
2.873456058016807
2.873456058016807
2.873456058016808
2.873456058016808
2.873456058016808
2.873456058016808
2.885819626109897
2.885819626109897
2.885819626109897
2.885819626109897
2.885819626109898
2.885819626109898
2.885819626109898
2.885819626109898
2.906712394612105
2.906712394612105
2.906712394612105
2.906712394612105
2.906712394612105
2.906712394612105
2.906712394612106
2.906712394612106
2.932045811746377
2.932045811746377
2.932045811746377
2.932045811746377
2.932045811746378
2.932045811746378
2.932045811746378
2.932045811746378
2.943987273609242
2.943987273609242
2.943987273609242
2.943987273609242
2.943987273609243
2.943987273609243
2.943987273609243
2.943987273609243
2.955728221192818
2.955728221192818
2.955728221192818
2.955728221192818
3.010010210318118
3.010010210318118
3.010010210318118
3.010010210318118
3.042628098257590
3.042628098257590
3.042628098257590
3.042628098257590
3.058359881373861
3.058359881373861
3.058359881373862
3.058359881373862
3.064079557974490
3.064079557974490
3.064079557974490
3.064079557974491
3.091242757268734
3.091242757268734
3.091242757268734
3.091242757268734
3.146553882633100
3.146553882633101
3.146553882633101
3.146553882633101
3.164270357339498
3.164270357339498
3.164270357339498
3.164270357339498
3.195099718389763
3.195099718389763
3.195099718389763
3.195099718389763
3.200092724752753
3.200092724752753
3.200092724752753
3.200092724752753
3.223908866246030
3.223908866246030
3.223908866246031
3.223908866246031
3.237531553937658
3.237531553937658
3.237531553937658
3.237531553937658
3.267037217251908
3.267037217251908
3.267037217251908
3.267037217251908
3.270704485703128
3.270704485703128
3.270704485703129
3.270704485703129
3.315441581376586
3.315441581376586
3.315441581376587
3.315441581376587
3.332368461728529
3.332368461728529
3.332368461728529
3.332368461728529
3.342272915307921
3.342272915307921
3.342272915307921
3.342272915307921
3.354930476128362
3.354930476128362
3.354930476128362
3.354930476128362
3.374996461977343
3.374996461977343
3.374996461977343
3.374996461977343
3.400862669037491
3.400862669037491
3.400862669037491
3.400862669037491
3.413098123627707
3.413098123627707
3.413098123627707
3.413098123627707
Kgrid: 24
-2.357023688806754
-2.152065107171384
-1.947106525536014
-1.742147943900644
-1.537189362265274
-1.332230780629905
-1.127272198994535
-0.922313617359165
-0.717355035723795
-0.512396454088425
-0.307437872453055
-0.102479290817685
0.102479290817685
0.307437872453055
0.512396454088425
0.717355035723795
0.922313617359165
1.127272198994535
1.332230780629904
1.537189362265274
1.742147943900644
1.947106525536014
2.152065107171385
2.357023688806754
DavVals: 1
0.029154537562009

                            End of Section: Vectors                            

--------------------------------------------------------------------------------

                                    Matrices                                    

--------------------------------------------------------------------------------

Occupied States: 112 x 2
         6        10
         6        11
         6        12
         6        13
         7         8
         7         9
         7        10
         7        11
         7        12
         7        13
         7        14
         7        15
         8         7
         8         8
         8         9
         8        10
         8        11
         8        12
         8        13
         8        14
         8        15
         8        16
         9         7
         9         8
         9         9
         9        10
         9        11
         9        12
         9        13
         9        14
         9        15
         9        16
        10         6
        10         7
        10         8
        10         9
        10        10
        10        11
        10        12
        10        13
        10        14
        10        15
        10        16
        10        17
        11         6
        11         7
        11         8
        11         9
        11        10
        11        11
        11        12
        11        13
        11        14
        11        15
        11        16
        11        17
        12         6
        12         7
        12         8
        12         9
        12        10
        12        11
        12        12
        12        13
        12        14
        12        15
        12        16
        12        17
        13         6
        13         7
        13         8
        13         9
        13        10
        13        11
        13        12
        13        13
        13        14
        13        15
        13        16
        13        17
        14         7
        14         8
        14         9
        14        10
        14        11
        14        12
        14        13
        14        14
        14        15
        14        16
        15         7
        15         8
        15         9
        15        10
        15        11
        15        12
        15        13
        15        14
        15        15
        15        16
        16         8
        16         9
        16        10
        16        11
        16        12
        16        13
        16        14
        16        15
        17        10
        17        11
        17        12
        17        13
Virtual States: 417 x 2
         0         0
         0         1
         0         2
         0         3
         0         4
         0         5
         0         6
         0         7
         0         8
         0         9
         0        10
         0        11
         0        12
         0        13
         0        14
         0        15
         0        16
         0        17
         0        18
         0        19
         0        20
         0        21
         0        22
         1         0
         1         1
         1         2
         1         3
         1         4
         1         5
         1         6
         1         7
         1         8
         1         9
         1        10
         1        11
         1        12
         1        13
         1        14
         1        15
         1        16
         1        17
         1        18
         1        19
         1        20
         1        21
         1        22
         2         0
         2         1
         2         2
         2         3
         2         4
         2         5
         2         6
         2         7
         2         8
         2         9
         2        10
         2        11
         2        12
         2        13
         2        14
         2        15
         2        16
         2        17
         2        18
         2        19
         2        20
         2        21
         2        22
         3         0
         3         1
         3         2
         3         3
         3         4
         3         5
         3         6
         3         7
         3         8
         3         9
         3        10
         3        11
         3        12
         3        13
         3        14
         3        15
         3        16
         3        17
         3        18
         3        19
         3        20
         3        21
         3        22
         4         0
         4         1
         4         2
         4         3
         4         4
         4         5
         4         6
         4         7
         4         8
         4         9
         4        10
         4        11
         4        12
         4        13
         4        14
         4        15
         4        16
         4        17
         4        18
         4        19
         4        20
         4        21
         4        22
         5         0
         5         1
         5         2
         5         3
         5         4
         5         5
         5         6
         5         7
         5         8
         5         9
         5        10
         5        11
         5        12
         5        13
         5        14
         5        15
         5        16
         5        17
         5        18
         5        19
         5        20
         5        21
         5        22
         6         0
         6         1
         6         2
         6         3
         6         4
         6         5
         6         6
         6         7
         6         8
         6         9
         6        14
         6        15
         6        16
         6        17
         6        18
         6        19
         6        20
         6        21
         6        22
         7         0
         7         1
         7         2
         7         3
         7         4
         7         5
         7         6
         7         7
         7        16
         7        17
         7        18
         7        19
         7        20
         7        21
         7        22
         8         0
         8         1
         8         2
         8         3
         8         4
         8         5
         8         6
         8        17
         8        18
         8        19
         8        20
         8        21
         8        22
         9         0
         9         1
         9         2
         9         3
         9         4
         9         5
         9         6
         9        17
         9        18
         9        19
         9        20
         9        21
         9        22
        10         0
        10         1
        10         2
        10         3
        10         4
        10         5
        10        18
        10        19
        10        20
        10        21
        10        22
        11         0
        11         1
        11         2
        11         3
        11         4
        11         5
        11        18
        11        19
        11        20
        11        21
        11        22
        12         0
        12         1
        12         2
        12         3
        12         4
        12         5
        12        18
        12        19
        12        20
        12        21
        12        22
        13         0
        13         1
        13         2
        13         3
        13         4
        13         5
        13        18
        13        19
        13        20
        13        21
        13        22
        14         0
        14         1
        14         2
        14         3
        14         4
        14         5
        14         6
        14        17
        14        18
        14        19
        14        20
        14        21
        14        22
        15         0
        15         1
        15         2
        15         3
        15         4
        15         5
        15         6
        15        17
        15        18
        15        19
        15        20
        15        21
        15        22
        16         0
        16         1
        16         2
        16         3
        16         4
        16         5
        16         6
        16         7
        16        16
        16        17
        16        18
        16        19
        16        20
        16        21
        16        22
        17         0
        17         1
        17         2
        17         3
        17         4
        17         5
        17         6
        17         7
        17         8
        17         9
        17        14
        17        15
        17        16
        17        17
        17        18
        17        19
        17        20
        17        21
        17        22
        18         0
        18         1
        18         2
        18         3
        18         4
        18         5
        18         6
        18         7
        18         8
        18         9
        18        10
        18        11
        18        12
        18        13
        18        14
        18        15
        18        16
        18        17
        18        18
        18        19
        18        20
        18        21
        18        22
        19         0
        19         1
        19         2
        19         3
        19         4
        19         5
        19         6
        19         7
        19         8
        19         9
        19        10
        19        11
        19        12
        19        13
        19        14
        19        15
        19        16
        19        17
        19        18
        19        19
        19        20
        19        21
        19        22
        20         0
        20         1
        20         2
        20         3
        20         4
        20         5
        20         6
        20         7
        20         8
        20         9
        20        10
        20        11
        20        12
        20        13
        20        14
        20        15
        20        16
        20        17
        20        18
        20        19
        20        20
        20        21
        20        22
        21         0
        21         1
        21         2
        21         3
        21         4
        21         5
        21         6
        21         7
        21         8
        21         9
        21        10
        21        11
        21        12
        21        13
        21        14
        21        15
        21        16
        21        17
        21        18
        21        19
        21        20
        21        21
        21        22
        22         0
        22         1
        22         2
        22         3
        22         4
        22         5
        22         6
        22         7
        22         8
        22         9
        22        10
        22        11
        22        12
        22        13
        22        14
        22        15
        22        16
        22        17
        22        18
        22        19
        22        20
        22        21
        22        22
Excitations: 1440 x 2
           32          248
           79          192
           68          248
           79          249
           43          192
           32          191
           43          249
           68          191
           44          248
           55          192
           67          192
           55          249
           44          191
           56          248
           67          249
           56          191
           12          275
           21          276
           12          164
           21          165
           90          275
           99          276
           99          165
           90          164
           11          149
          107          149
            4          291
           11          294
            4          146
          107          294
          100          291
          100          146
           32          261
           79          262
           68          261
           43          262
           79          179
           32          178
           68          178
           43          179
          106          148
          106          293
            5          147
            5          292
          101          147
           10          148
          101          292
           10          293
          108          312
          111          315
            0          312
            3          315
          108          125
          111          128
            0          125
            3          128
          110          314
          109          313
            1          313
            2          314
          110          127
          109          126
            1          126
            2          127
           44          261
           55          262
           56          261
           67          262
           44          178
           55          179
           67          179
           56          178
           22          275
           31          276
           80          275
           89          276
           31          165
           22          164
           89          165
           80          164
           12          290
           12          145
           21          150
           21          295
           99          150
           99          295
           90          290
           90          145
           32          163
           79          166
           68          163
           79          277
           43          166
           32          274
           68          274
           43          277
           42          276
           33          275
           78          165
           78          276
           69          275
           42          165
           69          164
           33          164
           98          149
           20          149
           13          291
           13          146
           98          294
           20          294
           91          291
           91          146
           97          148
           97          293
           92          147
           92          292
           14          292
           14          147
           19          148
           19          293
           44          163
           55          166
           55          277
           67          166
           44          274
           67          277
           56          163
           56          274
           54          276
           54          165
           45          275
           57          275
           66          276
           66          165
           57          164
           45          164
           11          317
          107          317
            4          310
           11          130
          100          310
          107          130
            4          123
          100          123
          106          316
          106          129
          101          311
            5          311
           10          316
            5          124
           10          129
          101          124
          105          315
          102          312
            6          312
          105          128
          102          125
            9          315
            6          125
            9          128
          104          314
          103          313
          103          126
          104          127
            8          314
            7          313
            7          126
            8          127
           89          150
           31          150
           22          145
           89          295
           22          290
           31          295
           80          145
           80          290
          108          102
          108          335
            0          102
          111          338
          111          105
            3          338
            3          105
            0          335
           87          148
           87          293
           82          292
           82          147
           29          148
           24          292
           24          147
           29          293
           88          149
           23          291
           30          149
           81          146
           23          146
           81          291
           88          294
           30          294
          109          103
            1          103
          109          336
          110          104
            1          336
          110          337
            2          104
            2          337
           32          144
           79          151
           68          144
           79          296
           43          151
           43          296
           32          289
           68          289
           12          309
           21          318
           12          122
           21          131
           99          318
           90          309
           90          122
           99          131
           78          150
           42          150
           42          295
           78          295
           33          145
           33          290
           69          145
           69          290
           76          148
           76          293
           71          147
           71          292
           40          148
           35          292
           35          147
           40          293
           44          144
           55          151
           55          296
           67          151
           56          144
           67          296
           44          289
           56          289
           77          149
           77          294
           41          149
           41          294
           70          291
           70          146
           34          291
           34          146
           98          317
           20          317
           13          310
           98          130
           20          130
           13          123
           91          310
           91          123
           54          150
           54          295
           66          150
           66          295
           57          145
           57          290
           45          145
           45          290
           64          148
           64          293
           59          292
           59          147
           47          147
           52          148
           47          292
           52          293
           95          314
           94          313
           17          314
           16          313
           95          127
           94          126
           16          126
           17          127
           92          311
           14          311
           97          316
           97          129
           19          316
           92          124
           14          124
           19          129
           96          315
           93          312
           15          312
           93          125
           18          315
           96          128
           15          125
           18          128
           65          149
           65          294
           53          149
           46          291
           58          291
           53          294
           58          146
           46          146
           11          107
          107          107
           11          340
          107          340
            4          333
            4          100
          100          333
          100          100
          106          339
          106          106
          101          334
          101          101
           10          106
           10          339
            5          101
            5          334
           31          318
           22          309
           89          318
           31          131
           89          131
           80          309
           80          122
           22          122
          102          102
          105          105
          105          338
          102          335
            6          102
            6          335
            9          338
            9          105
          103          103
          103          336
          104          337
          104          104
            7          103
            7          336
            8          337
            8          104
           68          308
           79          319
           32          308
           43          319
           79          132
           68          121
           32          121
           43          132
           88          317
           23          310
           30          317
           88          130
           23          123
           81          310
           30          130
           81          123
           85          314
           84          313
           26          313
           27          314
           84          126
           85          127
           26          126
           27          127
           83          312
           86          315
           83          125
           28          315
           25          312
           86          128
           25          125
           28          128
           24          311
           87          316
           87          129
           82          311
           82          124
           29          316
           29          129
           24          124
          111           82
          111          361
          108           79
          108          358
            3           82
            0           79
            3          361
            0          358
          109           80
          110           81
          109          359
          110          360
            1           80
            1          359
            2           81
            2          360
           44          308
           55          319
           56          308
           67          319
           44          121
           55          132
           67          132
           56          121
           78          318
           42          318
           33          309
           78          131
           42          131
           69          309
           69          122
           33          122
           21          108
           21          341
           12           99
           12          332
           99          341
           99          108
           90          332
           90           99
           77          317
           41          317
           41          130
           70          310
           77          130
           34          123
           70          123
           34          310
           38          314
           37          313
           73          313
           74          314
           37          126
           73          126
           38          127
           74          127
           36          312
           39          315
           72          312
           75          315
           72          125
           36          125
           75          128
           39          128
           76          316
           71          311
           76          129
           35          311
           40          129
           35          124
           40          316
           71          124
           54          131
           54          318
           66          318
           45          122
           45          309
           57          309
           57          122
           66          131
           13          333
           13          100
           98          340
           98          107
           20          340
           20          107
           91          333
           91          100
           65          317
           53          317
           65          130
           46          310
           58          310
           53          130
           58          123
           46          123
           61          313
           49          313
           50          314
           62          314
           62          127
           61          126
           49          126
           50          127
           63          315
           60          312
           51          315
           48          312
           63          128
           60          125
           51          128
           48          125
           59          311
           64          129
           64          316
           47          311
           47          124
           52          129
           59          124
           52          316
           92          101
           14          334
           92          334
           14          101
           97          339
           97          106
           19          106
           19          339
           96          105
           96          338
           93          102
           93          335
           15          335
           18          338
           18          105
           15          102
           94          103
           94          336
           95          104
           95          337
           16          103
           16          336
           17          104
           17          337
          100          356
            4          356
            4           77
           11           84
          107           84
          107          363
           11          363
          100           77
           89          341
           22           99
           89          108
           31          108
           31          341
           22          332
           80           99
           80          332
          106          362
          106           83
           10           83
           10          362
          101           78
            5          357
            5           78
          101          357
           79          109
           68           98
           32          331
           32           98
           43          109
           79          342
           68          331
           43          342
           88          107
           23          333
           88          340
           23          100
           30          107
           30          340
           81          333
           81          100
          102          358
          105          361
          105           82
          102           79
            6           79
            6          358
            9           82
            9          361
          103           80
          104          360
          103          359
          104           81
            8          360
            7          359
            8           81
            7           80
           87          106
           87          339
           82          334
           82          101
           24          101
           24          334
           29          106
           29          339
           55          109
           44          331
           44           98
           67          109
           56           98
           56          331
           67          342
           55          342
           83          102
           83          335
           86          105
           86          338
           28          338
           25          335
           25          102
           28          105
           84          103
           85          104
           26          103
           84          336
           26          336
           85          337
           27          104
           27          337
           78          108
           78          341
           42          108
           42          341
           69           99
           33           99
           33          332
           69          332
          108          381
            0          381
          111          384
            3          384
          111           59
          108           56
            0           56
            3           59
           12           76
           21          364
           12          355
           99          364
           21           85
           90           76
           99           85
           90          355
          109          382
          110          383
            1          382
            2          383
            2           58
          110           58
            1           57
          109           57
           77          107
           41          340
           41          107
           77          340
           34          333
           34          100
           70          100
           70          333
           54          108
           54          341
           66          108
           66          341
           57           99
           45          332
           57          332
           45           99
           76          106
           76          339
           71          334
           71          101
           40          106
           35          101
           35          334
           40          339
           72          102
           39          105
           75          338
           36          102
           72          335
           39          338
           75          105
           36          335
           37          103
           37          336
           73          103
           38          104
           74          337
           38          337
           73          336
           74          104
           65          107
           65          340
           53          107
           53          340
           46          333
           58          333
           58          100
           46          100
           13           77
           13          356
           91          356
           98           84
           98          363
           20           84
           20          363
           91           77
           59          101
           64          106
           59          334
           64          339
           47          334
           47          101
           52          339
           52          106
           63          338
           63          105
           60          102
           60          335
           48          102
           48          335
           51          105
           51          338
           61          103
           49          103
           61          336
           50          337
           49          336
           62          337
           62          104
           50          104
           14           78
           14          357
           97           83
           92           78
           92          357
           97          362
           19          362
           19           83
           96           82
           93           79
           96          361
           93          358
           15           79
           18          361
           18           82
           15          358
           95           81
           95          360
           94           80
           94          359
           17          360
           16          359
           17           81
           16           80
           22           76
           89          364
           31          364
           22          355
           89           85
           31           85
           80          355
           80           76
           11          386
          107          386
            4          379
          107           61
           11           61
          100          379
            4           54
          100           54
           79           86
           79          365
           32           75
           32          354
           43          365
           43           86
           68          354
           68           75
           23          356
           23           77
           81          356
           88           84
           88          363
           81           77
           30          363
           30           84
          106          385
           10          385
          106           60
          101          380
            5          380
            5           55
           10           60
          101           55
           55          365
           55           86
           67           86
           67          365
           44          354
           44           75
           56          354
           56           75
           87          362
           87           83
           24           78
           82          357
           82           78
           24          357
           29           83
           29          362
          102          381
          105          384
            6          381
            9          384
          105           59
          102           56
            6           56
            9           59
           78          364
           78           85
           42          364
           42           85
           33           76
           69           76
           33          355
           69          355
           83           79
           86           82
           86          361
           83          358
           25          358
           28          361
           28           82
           25           79
          103          382
          104          383
          103           57
          104           58
            8          383
            7          382
            8           58
            7           57
           85           81
           85          360
           84          359
           84           80
           26          359
           26           80
           27           81
           27          360
           70          356
           77           84
           77          363
           70           77
           41           84
           34           77
           41          363
           34          356
           54          364
           66          364
           54           85
           45           76
           57           76
           45          355
           66           85
           57          355
           12          378
           21          387
           21           62
           99          387
           90          378
           12           53
           99           62
           90           53
          108           33
            3           36
          111           36
            0           33
          108          404
            0          404
          111          407
            3          407
           71          357
           76          362
           71           78
           76           83
           35          357
           35           78
           40           83
           40          362
            2           35
          109           34
            1           34
          110           35
          109          405
            2          406
          110          406
            1          405
           72          358
           72           79
           39          361
           39           82
           36          358
           36           79
           75          361
           75           82
           46          356
           65           84
           65          363
           58          356
           46           77
           53          363
           53           84
           58           77
           37           80
           37          359
           74          360
           74           81
           73           80
           73          359
           38          360
           38           81
           98          386
           20          386
           13          379
           98           61
           13           54
           20           61
           91          379
           91           54
           59           78
           59          357
           64           83
           64          362
           47          357
           52          362
           52           83
           47           78
           48          358
           63           82
           51          361
           51           82
           60           79
           60          358
           48           79
           63          361
           50           81
           61          359
           49          359
           62          360
           62           81
           61           80
           50          360
           49           80
           19          385
           97          385
           14          380
           92          380
           14           55
           97           60
           92           55
           19           60
           93          381
           96          384
           15          381
           18          384
           93           56
           96           59
           18           59
           15           56
           94          382
           95          383
           95           58
           17          383
           16          382
           17           58
           16           57
           94           57
           89          387
           31          387
           22          378
           31           62
           89           62
           80          378
           80           53
           22           53
           32          377
           79          388
           79           63
           68           52
           43           63
           32           52
           68          377
           43          388
          107           38
           11           38
          100           31
            4           31
          107          409
           11          409
          100          402
            4          402
           30          386
           88          386
           30           61
           23          379
           81          379
           88           61
           23           54
           81           54
           67          388
           55          388
           56          377
           44          377
           44           52
           55           63
           67           63
           56           52
          106           37
          101           32
           10           37
            5           32
            5          403
          106          408
          101          403
           10          408
           87          385
           24          380
           82          380
           87           60
           24           55
           29          385
           82           55
           29           60
           78          387
           42          387
           78           62
           69          378
           33          378
           42           62
           33           53
           69           53
           86          384
           83          381
           25          381
           86           59
           28          384
           83           56
           28           59
           25           56
          105           36
          102           33
          102          404
          105          407
            6           33
            9           36
            6          404
            9          407
           85          383
           84          382
           27          383
           84           57
           26          382
           26           57
           27           58
           85           58
          104           35
          103           34
          104          406
            7           34
            8           35
          103          405
            7          405
            8          406
           54          387
           66          387
           66           62
           57          378
           54           62
           45          378
           57           53
           45           53
           77          386
           41          386
           77           61
           70          379
           34          379
           41           61
           34           54
           70           54
           12           30
           21           39
           99           39
           12          401
           90           30
           21          410
           99          410
           90          401
           76          385
           71          380
           35          380
           40          385
           71           55
           76           60
           40           60
           35           55
           65          386
           65           61
           58          379
           53          386
           46          379
           53           61
           58           54
           46           54
           39          384
           36          381
           75          384
           72          381
           75           59
           72           56
           39           59
           36           56
           37          382
           38          383
           74          383
           73          382
           38           58
           37           57
           73           57
           74           58
            3           13
            0           10
          108           10
          111           13
           59          380
           64          385
           52          385
           59           55
           64           60
           47           55
           47          380
           52           60
          110           12
            1           11
          109           11
            2           12
           98           38
           13           31
           20           38
           91           31
           20          409
           13          402
           98          409
           91          402
           63          384
           51          384
           48          381
           60          381
           60           56
           51           59
           48           56
           63           59
           49          382
           61          382
           50          383
           62          383
           61           57
           50           58
           49           57
           62           58
           14           32
           97           37
           19           37
           92           32
           14          403
           92          403
           97          408
           19          408
           96           36
           18           36
           93           33
           15           33
           96          407
           93          404
           15          404
           18          407
           94           34
           95           35
           16           34
           94          405
           17           35
           95          406
           16          405
           17          406
           31           39
           22           30
           89           39
           80           30
           31          410
           89          410
           22          401
           80          401
           32           29
           68           29
           79           40
           43           40
           32          400
           43          411
           68          400
           79          411
           30           38
           88           38
           23           31
           81           31
           30          409
           88          409
           23          402
           81          402
            4            8
          107           15
           11           15
          100            8
           44           29
           56           29
           67           40
           55           40
           56          400
           44          400
           55          411
           67          411
           87           37
           29           37
           24           32
           82           32
           87          408
           24          403
           82          403
           29          408
           42           39
           78           39
           69           30
           33           30
           42          410
           78          410
           69          401
           33          401
          106           14
            5            9
          101            9
           10           14
           86           36
           83           33
           28           36
           25           33
           86          407
           83          404
           28          407
           25          404
           27           35
           84           34
           85           35
           26           34
           27          406
           84          405
           85          406
           26          405
          102           10
          105           13
            9           13
            6           10
           54           39
           66           39
           54          410
           45           30
           57           30
           66          410
           45          401
           57          401
           41           38
           77           38
           70           31
           34           31
           41          409
           77          409
           34          402
           70          402
          103           11
          104           12
            7           11
            8           12
           71           32
           76           37
           35           32
           40           37
           71          403
           35          403
           76          408
           40          408
           65           38
           53           38
           65          409
           58           31
           46           31
           53          409
           46          402
           58          402
           12            7
           21           16
           99           16
           90            7
           75           36
           72           33
           39           36
           36           33
           75          407
           36          404
           39          407
           72          404
           38           35
           74           35
           73           34
           37           34
           37          405
           74          406
           73          405
           38          406
           59           32
           64           37
           47           32
           52           37
           47          403
           59          403
           64          408
           52          408
           63           36
           51           36
           60           33
           48           33
           63          407
           51          407
           48          404
           60          404
           61           34
           49           34
           50           35
           62           35
           62          406
           61          405
           49          405
           50          406
           98           15
           20           15
           13            8
           91            8
           19           14
           92            9
           97           14
           14            9
           93           10
           96           13
           15           10
           18           13
           94           11
           95           12
           17           12
           16           11
           89           16
           22            7
           31           16
           80            7
           79           17
           32            6
           43           17
           68            6
           88           15
           30           15
           81            8
           23            8
           44            6
           67           17
           56            6
           55           17
           87           14
           29           14
           82            9
           24            9
           42           16
           78           16
           69            7
           33            7
           86           13
           83           10
           25           10
           28           13
           84           11
           85           12
           26           11
           27           12
           57            7
           45            7
           54           16
           66           16
           77           15
           41           15
           34            8
           70            8
           76           14
           71            9
           40           14
           35            9
           65           15
           53           15
           58            8
           46            8
           75           13
           36           10
           72           10
           39           13
           37           11
           73           11
           38           12
           74           12
           64           14
           59            9
           47            9
           52           14
           63           13
           48           10
           51           13
           60           10
           50           12
           61           11
           49           11
           62           12

                            End of Section: Matrices                            

################################################################################

                              End of Output File.                              

################################################################################
