################################################################################

            Output File for HFS, the Hartree-Fock Stability Program            
                              Author: Evan Curtin                              
             Institution: University of Illinois @ Urbana-Champaign             
                          email: ecurtin2@illinois.edu                          
                       Built on Nov  2 2016, at 17:06:03                       

################################################################################

                Computation Started : Thu Nov  3 11:29:03 2016
                
                Computation Finished: Thu Nov  3 11:29:06 2016
                
                     Total Elapsed Time = 3.59678 seconds.                     

--------------------------------------------------------------------------------

                                     Input                                     

--------------------------------------------------------------------------------

Nk = 17
ndim = 2
rs = 1.200000047683716

                             End of Section: Input                             

--------------------------------------------------------------------------------

                                     Output                                     

--------------------------------------------------------------------------------

deltaK = 0.294627961100844
kf = 1.178511255147749
kmax = 2.357023688806754
Nocc = 45
Nvir = 211
Nexc = 425
ground_state_degeneracy = 8
dav_its = 8
num_guess_evecs = 1
Dav_blocksize = 1
Dav_Num_evals = 1
Mv_time = 0.004836632000000
cond_number = 12.811179258885806
Dav_nconv = 1
Davidson Tolerance = 1.00e-06
Dav_maxits = 50
Dav_maxsubsize = 1000
Dav_final_val = -0.066885952537007
Dav_time = 0.455737256000000
full_diag_min = -0.066885952537012
full_diag_time = 3.132316827000000

                             End of Section: Output                             

--------------------------------------------------------------------------------

                                    Vectors                                    

--------------------------------------------------------------------------------

Occ Energies: 45
-0.142879628885326
-0.347058638715770
-0.410228756265342
-0.347058638715770
-0.142879628885326
-0.142879628885326
-0.506480566403816
-0.709848530914274
-0.774981876554603
-0.709848530914274
-0.506480566403815
-0.142879628885326
-0.347058638715770
-0.709848530914274
-0.911567451154703
-0.976967734383895
-0.911567451154703
-0.709848530914274
-0.347058638715770
-0.410228756265342
-0.774981876554603
-0.976967734383895
-1.042447979570707
-0.976967734383895
-0.774981876554603
-0.410228756265342
-0.347058638715771
-0.709848530914274
-0.911567451154704
-0.976967734383895
-0.911567451154704
-0.709848530914274
-0.347058638715770
-0.142879628885326
-0.506480566403816
-0.709848530914274
-0.774981876554603
-0.709848530914274
-0.506480566403815
-0.142879628885326
-0.142879628885326
-0.347058638715770
-0.410228756265342
-0.347058638715771
-0.142879628885326
Vir Energies: 211
5.294395406271044
4.639716880033599
4.064741873101058
3.570016561549084
3.158542651698782
2.835491043750650
2.602753004371103
2.462198137468029
2.415182951472129
2.462198137468029
2.602753004371103
2.835491043750650
3.158542651698782
3.570016561549084
4.064741873101057
4.639716880033599
4.639716880033599
3.984774904468107
3.408996353793019
2.912905580464478
2.499543818137901
2.174407511446221
1.939740373959308
1.797834404794246
1.750338142887814
1.797834404794246
1.939740373959308
2.174407511446221
2.499543818137901
2.912905580464478
3.408996353793019
3.984774904468107
4.064741873101058
3.408996353793019
2.830743191908258
2.330365027509456
1.910898516333322
1.578752551878219
1.337438997848173
1.190900086915882
1.141779884819946
1.190900086915882
1.337438997848173
1.578752551878219
1.910898516333322
2.330365027509456
2.830743191908257
3.408996353793019
3.570016561549084
2.912905580464478
2.330365027509456
1.822251246614873
1.391023732755915
1.043996020658216
0.787598449110203
0.630960632310045
0.578530517480038
0.630960632310045
0.787598449110203
1.043996020658216
1.391023732755916
1.822251246614873
2.330365027509455
2.912905580464478
3.158542651698781
2.499543818137901
1.910898516333321
1.391023732755915
0.940031520751234
0.562450159014939
0.266594370061958
0.089378983327590
0.031549634240401
0.089378983327590
0.266594370061958
0.562450159014939
0.940031520751235
1.391023732755915
1.910898516333321
2.499543818137901
2.835491043750650
2.174407511446221
1.578752551878219
1.043996020658216
0.562450159014939
0.127012069698521
0.127012069698521
0.562450159014940
1.043996020658216
1.578752551878218
2.174407511446221
2.602753004371103
1.939740373959308
1.337438997848174
0.787598449110203
0.266594370061958
0.266594370061958
0.787598449110203
1.337438997848173
1.939740373959308
2.462198137468029
1.797834404794246
1.190900086915882
0.630960632310045
0.089378983327590
0.089378983327590
0.630960632310045
1.190900086915881
1.797834404794246
2.415182951472129
1.750338142887814
1.141779884819946
0.578530517480038
0.031549634240401
0.031549634240401
0.578530517480038
1.141779884819945
1.750338142887814
2.462198137468029
1.797834404794246
1.190900086915882
0.630960632310045
0.089378983327590
0.089378983327590
0.630960632310045
1.190900086915881
1.797834404794246
2.602753004371103
1.939740373959308
1.337438997848173
0.787598449110203
0.266594370061958
0.266594370061959
0.787598449110203
1.337438997848173
1.939740373959308
2.835491043750650
2.174407511446221
1.578752551878219
1.043996020658216
0.562450159014939
0.127012069698521
0.127012069698521
0.562450159014940
1.043996020658216
1.578752551878219
2.174407511446221
3.158542651698782
2.499543818137901
1.910898516333322
1.391023732755916
0.940031520751235
0.562450159014940
0.266594370061958
0.089378983327590
0.031549634240401
0.089378983327590
0.266594370061958
0.562450159014940
0.940031520751235
1.391023732755916
1.910898516333321
2.499543818137901
3.570016561549084
2.912905580464478
2.330365027509456
1.822251246614873
1.391023732755916
1.043996020658216
0.787598449110203
0.630960632310045
0.578530517480038
0.630960632310045
0.787598449110203
1.043996020658216
1.391023732755916
1.822251246614873
2.330365027509455
2.912905580464478
4.064741873101056
3.408996353793019
2.830743191908257
2.330365027509455
1.910898516333321
1.578752551878219
1.337438997848173
1.190900086915881
1.141779884819945
1.190900086915881
1.337438997848173
1.578752551878219
1.910898516333322
2.330365027509455
2.830743191908257
3.408996353793019
4.639716880033599
3.984774904468107
3.408996353793019
2.912905580464478
2.499543818137901
2.174407511446222
1.939740373959308
1.797834404794246
1.750338142887814
1.797834404794246
1.939740373959308
2.174407511446222
2.499543818137901
2.912905580464478
3.408996353793019
3.984774904468107
Excitation Energies: 425
0.269891698583847
0.269891698583847
0.269891698583847
0.269891698583847
0.269891698583847
0.269891698583847
0.269891698583847
0.269891698583847
0.409473998947284
0.409473998947284
0.409473998947284
0.409473998947284
0.409473998947284
0.409473998947284
0.409473998947284
0.409473998947284
0.436437622043360
0.436437622043360
0.436437622043361
0.436437622043361
0.436437622043361
0.436437622043361
0.436437622043361
0.436437622043361
0.441778390505743
0.441778390505743
0.441778390505743
0.441778390505743
0.474070708414291
0.474070708414291
0.474070708414291
0.474070708414291
0.474070708414291
0.474070708414291
0.474070708414291
0.474070708414292
0.537240825963863
0.537240825963863
0.537240825963863
0.537240825963863
0.705329787900265
0.705329787900265
0.705329787900265
0.705329787900265
0.705329787900265
0.705329787900265
0.705329787900265
0.705329787900265
0.773074936465774
0.773074936465774
0.773074936465774
0.773074936465774
0.773074936465774
0.773074936465774
0.773074936465774
0.773074936465774
0.799227514241864
0.799227514241864
0.799227514241864
0.799227514241864
0.799227514241864
0.799227514241864
0.799227514241865
0.799227514241865
0.806531510795004
0.806531510795004
0.806531510795004
0.806531510795004
0.909508797730710
0.909508797730710
0.909508797730710
0.909508797730710
0.909508797730710
0.909508797730710
0.909508797730710
0.909508797730710
0.930478077995529
0.930478077995529
0.930478077995529
0.930478077995529
0.930478077995529
0.930478077995529
0.930478077995529
0.930478077995529
0.972678915280281
0.972678915280281
0.972678915280281
0.972678915280281
0.976442900976233
0.976442900976233
0.976442900976233
0.976442900976233
0.976442900976233
0.976442900976233
0.976442900976233
0.976442900976233
0.978019271025815
0.978019271025815
0.978019271025815
0.978019271025816
0.978019271025816
0.978019271025816
0.978019271025816
0.978019271025816
0.988759273745380
0.988759273745380
0.988759273745380
0.988759273745380
1.000946434482293
1.000946434482294
1.000946434482294
1.000946434482294
1.000946434482294
1.000946434482294
1.000946434482294
1.000946434482294
1.008517368624295
1.008517368624295
1.008517368624296
1.008517368624296
1.041576246616561
1.041576246616561
1.041576246616561
1.041576246616561
1.066346717711485
1.066346717711485
1.066346717711485
1.066346717711485
1.073997613811108
1.073997613811108
1.186875649543542
1.186875649543542
1.186875649543542
1.186875649543542
1.186875649543542
1.186875649543542
1.186875649543542
1.186875649543542
1.294079015514019
1.294079015514019
1.294079015514019
1.294079015514019
1.294079015514019
1.294079015514019
1.294079015514019
1.294079015514019
1.340809163224319
1.340809163224319
1.340809163224319
1.340809163224319
1.340809163224319
1.340809163224319
1.340809163224320
1.340809163224320
1.353512394034641
1.353512394034641
1.353512394034641
1.353512394034641
1.391054659373987
1.391054659373987
1.391054659373987
1.391054659373987
1.391054659373987
1.391054659373987
1.391054659373987
1.391054659373987
1.454224776923558
1.454224776923558
1.454224776923558
1.454224776923558
1.480318626733498
1.480318626733498
1.480318626733498
1.480318626733498
1.480318626733499
1.480318626733499
1.480318626733499
1.480318626733499
1.497446980024478
1.497446980024478
1.497446980024478
1.497446980024478
1.497446980024478
1.497446980024478
1.497446980024478
1.497446980024478
1.537958725631652
1.537958725631652
1.537958725631652
1.537958725631652
1.537958725631652
1.537958725631652
1.537958725631652
1.537958725631652
1.542528083464748
1.542528083464748
1.542528083464748
1.542528083464748
1.542528083464749
1.542528083464749
1.542528083464749
1.542528083464749
1.552008641085287
1.552008641085287
1.552008641085288
1.552008641085288
1.555498251863932
1.555498251863933
1.555498251863933
1.555498251863933
1.562580325664806
1.562580325664806
1.562580325664806
1.562580325664807
1.607928366693939
1.607928366693939
1.607928366693940
1.607928366693940
1.620978497050745
1.620978497050745
1.721632180763545
1.721632180763545
1.721632180763545
1.721632180763545
1.721632180763545
1.721632180763545
1.721632180763545
1.721632180763545
1.843919564251988
1.843919564251988
1.843919564251988
1.843919564251988
1.843919564251989
1.843919564251989
1.843919564251989
1.843919564251989
1.900748617830155
1.900748617830155
1.900748617830156
1.900748617830156
1.900748617830156
1.900748617830156
1.900748617830156
1.900748617830156
1.916761761374548
1.916761761374548
1.916761761374549
1.916761761374549
1.925811190593989
1.925811190593989
1.925811190593989
1.925811190593989
1.925811190593990
1.925811190593990
1.925811190593990
1.925811190593990
1.988981308143560
1.988981308143561
1.988981308143561
1.988981308143561
2.047287528762447
2.047287528762447
2.047287528762447
2.047287528762447
2.047287528762447
2.047287528762447
2.047287528762448
2.047287528762448
2.082620002844634
2.082620002844634
2.082620002844634
2.082620002844634
2.082620002844634
2.082620002844634
2.082620002844634
2.082620002844634
2.102467538070584
2.102467538070584
2.102467538070585
2.102467538070585
2.102467538070585
2.102467538070585
2.102467538070585
2.102467538070585
2.112420874402776
2.112420874402776
2.112420874402776
2.112420874402776
2.118747619203840
2.118747619203840
2.118747619203841
2.118747619203841
2.144893043510016
2.144893043510016
2.144893043510016
2.144893043510016
2.144893043510016
2.144893043510016
2.144893043510016
2.144893043510017
2.160566899153155
2.160566899153155
2.160566899153156
2.160566899153156
2.167867821299776
2.167867821299776
2.167867821299776
2.167867821299776
2.184227864390652
2.184227864390653
2.317287140331547
2.317287140331547
2.317287140331547
2.317287140331547
2.317287140331548
2.317287140331548
2.317287140331548
2.317287140331548
2.446220940363124
2.446220940363124
2.446220940363124
2.446220940363124
2.446220940363124
2.446220940363124
2.446220940363124
2.446220940363124
2.507682935708520
2.507682935708520
2.507682935708520
2.507682935708520
2.507682935708520
2.507682935708520
2.507682935708520
2.507682935708520
2.521466150161992
2.521466150161992
2.521466150161992
2.521466150161992
2.521466150161992
2.521466150161992
2.521466150161992
2.521466150161992
2.525320019442416
2.525320019442416
2.525320019442416
2.525320019442417
2.584636267711563
2.584636267711563
2.584636267711564
2.584636267711564
2.649588904873582
2.649588904873582
2.649588904873582
2.649588904873582
2.649588904873582
2.649588904873582
2.649588904873583
2.649588904873583
2.709401855948949
2.709401855948949
2.709401855948949
2.709401855948949
2.709401855948949
2.709401855948949
2.709401855948949
2.709401855948949
2.714722250513911
2.714722250513911
2.714722250513911
2.714722250513911
2.727305877271708
2.727305877271708
2.727305877271708
2.727305877271708
2.745632633256429
2.745632633256429
2.745632633256429
2.745632633256429
2.774802139178140
2.774802139178140
2.774802139178140
2.774802139178140
2.792786122458520
2.792786122458521
2.809256776183800
2.809256776183800
2.809256776183800
2.809256776183800
2.825411707737470
2.825411707737470
2.978370672635976
2.978370672635976
2.978370672635976
2.978370672635976
3.109233570774919
3.109233570774919
3.109233570774919
3.109233570774919
3.172046668382303
3.172046668382303
3.172046668382304
3.172046668382304
3.182549682466421
3.182549682466421
3.182549682466421
3.182549682466421
3.190164828026732
3.190164828026732
3.245719800015992
3.245719800015992
3.312601535285378
3.312601535285378
3.312601535285378
3.312601535285378
3.373765588622732
3.373765588622732
3.373765588622733
3.373765588622733
3.377734880925706
3.377734880925706
3.392150685856024
3.392150685856024
3.439165871851924
3.439165871851924
3.457630931042836
Kgrid: 17
-2.357023688806754
-2.062395727705910
-1.767767766605066
-1.473139805504221
-1.178511844403377
-0.883883883302533
-0.589255922201688
-0.294627961100844
0.000000000000000
0.294627961100844
0.589255922201688
0.883883883302533
1.178511844403377
1.473139805504221
1.767767766605065
2.062395727705910
2.357023688806754
DavVals: 1
-0.066885952537007

                            End of Section: Vectors                            

--------------------------------------------------------------------------------

                                    Matrices                                    

--------------------------------------------------------------------------------

Occupied States: 45 x 2
         5         6
         5         7
         5         8
         5         9
         5        10
         6         5
         6         6
         6         7
         6         8
         6         9
         6        10
         6        11
         7         5
         7         6
         7         7
         7         8
         7         9
         7        10
         7        11
         8         5
         8         6
         8         7
         8         8
         8         9
         8        10
         8        11
         9         5
         9         6
         9         7
         9         8
         9         9
         9        10
         9        11
        10         5
        10         6
        10         7
        10         8
        10         9
        10        10
        10        11
        11         6
        11         7
        11         8
        11         9
        11        10
Virtual States: 211 x 2
         0         0
         0         1
         0         2
         0         3
         0         4
         0         5
         0         6
         0         7
         0         8
         0         9
         0        10
         0        11
         0        12
         0        13
         0        14
         0        15
         1         0
         1         1
         1         2
         1         3
         1         4
         1         5
         1         6
         1         7
         1         8
         1         9
         1        10
         1        11
         1        12
         1        13
         1        14
         1        15
         2         0
         2         1
         2         2
         2         3
         2         4
         2         5
         2         6
         2         7
         2         8
         2         9
         2        10
         2        11
         2        12
         2        13
         2        14
         2        15
         3         0
         3         1
         3         2
         3         3
         3         4
         3         5
         3         6
         3         7
         3         8
         3         9
         3        10
         3        11
         3        12
         3        13
         3        14
         3        15
         4         0
         4         1
         4         2
         4         3
         4         4
         4         5
         4         6
         4         7
         4         8
         4         9
         4        10
         4        11
         4        12
         4        13
         4        14
         4        15
         5         0
         5         1
         5         2
         5         3
         5         4
         5         5
         5        11
         5        12
         5        13
         5        14
         5        15
         6         0
         6         1
         6         2
         6         3
         6         4
         6        12
         6        13
         6        14
         6        15
         7         0
         7         1
         7         2
         7         3
         7         4
         7        12
         7        13
         7        14
         7        15
         8         0
         8         1
         8         2
         8         3
         8         4
         8        12
         8        13
         8        14
         8        15
         9         0
         9         1
         9         2
         9         3
         9         4
         9        12
         9        13
         9        14
         9        15
        10         0
        10         1
        10         2
        10         3
        10         4
        10        12
        10        13
        10        14
        10        15
        11         0
        11         1
        11         2
        11         3
        11         4
        11         5
        11        11
        11        12
        11        13
        11        14
        11        15
        12         0
        12         1
        12         2
        12         3
        12         4
        12         5
        12         6
        12         7
        12         8
        12         9
        12        10
        12        11
        12        12
        12        13
        12        14
        12        15
        13         0
        13         1
        13         2
        13         3
        13         4
        13         5
        13         6
        13         7
        13         8
        13         9
        13        10
        13        11
        13        12
        13        13
        13        14
        13        15
        14         0
        14         1
        14         2
        14         3
        14         4
        14         5
        14         6
        14         7
        14         8
        14         9
        14        10
        14        11
        14        12
        14        13
        14        14
        14        15
        15         0
        15         1
        15         2
        15         3
        15         4
        15         5
        15         6
        15         7
        15         8
        15         9
        15        10
        15        11
        15        12
        15        13
        15        14
        15        15
Excitations: 425 x 2
           39          142
           11          142
            5          141
           33          141
            5           85
           33           85
           39           86
           11           86
            4           74
            4          157
            0           70
           44           74
            0          153
           44          157
           40          153
           40           70
            1           71
           41           71
            3           73
           41          154
            1          154
           43           73
            3          156
           43          156
            2          155
           42          155
           42           72
            2           72
           32          142
           18          142
           12          141
           26          141
           18           86
           12           85
           32           86
           26           85
           25          142
           19          141
           19           85
           25           86
            5           69
           33           69
           39           75
           11           75
           11          158
           33          152
            5          152
           39          158
           38           74
           10           74
           38          157
           10          157
           34           70
            6          153
           34          153
            6           70
           35           71
           37           73
            7           71
           35          154
           37          156
            9           73
            9          156
            7          154
           36          155
           36           72
            8          155
            8           72
           12           69
           18           75
           26           69
           32           75
           18          158
           12          152
           32          158
           26          152
            0           54
            4           58
           40           54
            4          173
           44           58
           44          173
            0          169
           40          169
           19           69
           25           75
           19          152
           25          158
           31           74
           17           74
           27          153
           27           70
           31          157
           17          157
           13           70
           13          153
           41           55
            1           55
            3           57
           43           57
           41          170
            3          172
            1          170
           43          172
            2           56
           42           56
            2          171
           42          171
           14           71
           28           71
           14          154
           30          156
           30           73
           16           73
           28          154
           16          156
           29          155
           29           72
           15          155
           15           72
           24           74
           20           70
           20          153
           24          157
           21          154
           23           73
           23          156
           21           71
           22          155
           22           72
            5           53
           39           59
           39          174
            5          168
           33          168
           33           53
           11          174
           11           59
           10           58
           38           58
           10          173
            6           54
           38          173
            6          169
           34          169
           34           54
           35           55
           37           57
            7           55
            9           57
           37          172
           35          170
            7          170
            9          172
           36           56
           36          171
            8           56
            8          171
           12           53
           26           53
           26          168
           18           59
           32          174
           32           59
           18          174
           12          168
           19           53
           25          174
           25           59
           19          168
           40          185
            4          189
           44          189
            0          185
            4           42
            0           38
           40           38
           44           42
           17           58
           27          169
           27           54
           13           54
           17          173
           31          173
           31           58
           13          169
           43          188
            1          186
            3          188
           41          186
            3           41
            1           39
           41           39
           43           41
           28           55
           14           55
           30           57
           16           57
           14          170
           16          172
           28          170
           30          172
            2          187
           42          187
           42           40
            2           40
           29           56
           29          171
           15           56
           15          171
           24          173
           24           58
           20           54
           20          169
           21           55
           23           57
           23          172
           21          170
           22           56
           22          171
           39          190
           11          190
            5          184
           33          184
            5           37
           33           37
           11           43
           39           43
           10          189
           38          189
            6          185
           34          185
           34           38
            6           38
           10           42
           38           42
           37          188
           35          186
            9          188
            7          186
           35           39
           37           41
            7           39
            9           41
           36          187
            8          187
           36           40
            8           40
           12          184
           32          190
           18          190
           26          184
           18           43
           32           43
           26           37
           12           37
           19          184
           25          190
           25           43
           19           37
           13          185
           31          189
           17          189
           27          185
           27           38
           31           42
           13           38
           17           42
            0          201
           44           26
            4           26
            0           22
            4          205
           40           22
           44          205
           40          201
           14          186
           16          188
           30          188
           28          186
           28           39
           16           41
           30           41
           14           39
           24          189
           20          185
           20           38
           24           42
           29          187
           15          187
           15           40
           29           40
           43           25
            3           25
            1           23
           41          202
           41           23
            1          202
            3          204
           43          204
            2           24
           42           24
            2          203
           42          203
           21          186
           23          188
           21           39
           23           41
           22          187
           22           40
            5           21
           11           27
           33           21
           39           27
           33          200
           11          206
           39          206
            5          200
           10           26
           38           26
            6          201
           10          205
           34           22
            6           22
           38          205
           34          201
           37           25
           35           23
            9           25
            7           23
           35          202
           37          204
            9          204
            7          202
           26           21
           18           27
           32           27
           12           21
           12          200
           26          200
           32          206
           18          206
            8           24
           36          203
           36           24
            8          203
           25           27
           19           21
           25          206
           19          200
           31           26
           27           22
           31          205
           17           26
           13           22
           27          201
           17          205
           13          201
           14           23
           16           25
           28           23
           28          202
           30           25
           30          204
           16          204
           14          202
           20           22
           24           26
           20          201
           24          205
           29           24
           29          203
           15          203
           15           24
            0            6
           40            6
           44           10
            4           10
           23          204
           23           25
           21           23
           21          202
           22           24
           22          203
            3            9
           43            9
            1            7
           41            7
           42            8
            2            8
           33            5
           11           11
            5            5
           39           11
           10           10
           38           10
            6            6
           34            6
           35            7
           37            9
            9            9
            7            7
           12            5
           26            5
           32           11
           18           11
            8            8
           36            8
           19            5
           25           11
           31           10
           17           10
           27            6
           13            6
           14            7
           16            9
           28            7
           30            9
           24           10
           20            6
           15            8
           29            8
           23            9
           21            7
           22            8

                            End of Section: Matrices                            

################################################################################

                              End of Output File.                              

################################################################################
